randread-128k-256k: (g=0): rw=randread, bs=128K-256K/128K-256K/128K-256K, ioengine=libaio, iodepth=10
seqread: (g=0): rw=read, bs=1M-1M/1M-1M/1M-1M, ioengine=libaio, iodepth=10
seqwrite: (g=0): rw=write, bs=1M-1M/1M-1M/1M-1M, ioengine=libaio, iodepth=10
fio-2.2.8
Starting 3 processes

randread-128k-256k: (groupid=0, jobs=1): err= 0: pid=23335: Tue Jun  7 16:21:24 2016
  read : io=30869MB, bw=526811KB/s, iops=4115, runt= 60003msec
    slat (usec): min=4, max=329, avg= 5.78, stdev= 1.18
    clat (usec): min=325, max=40221, avg=2423.17, stdev=521.11
     lat (usec): min=334, max=40230, avg=2429.02, stdev=521.13
    clat percentiles (usec):
     |  1.00th=[ 2320],  5.00th=[ 2320], 10.00th=[ 2320], 20.00th=[ 2320],
     | 30.00th=[ 2320], 40.00th=[ 2320], 50.00th=[ 2320], 60.00th=[ 2320],
     | 70.00th=[ 2320], 80.00th=[ 2320], 90.00th=[ 2320], 95.00th=[ 2320],
     | 99.00th=[ 4256], 99.50th=[ 4256], 99.90th=[ 7520], 99.95th=[ 8768],
     | 99.99th=[13888]
    bw (KB  /s): min=498432, max=549632, per=98.10%, avg=526832.28, stdev=5555.10
    lat (usec) : 500=0.01%, 750=0.01%, 1000=0.01%
    lat (msec) : 2=0.01%, 4=95.15%, 10=4.82%, 20=0.01%, 50=0.01%
  cpu          : usr=0.69%, sys=2.81%, ctx=246996, majf=0, minf=332
  IO depths    : 1=0.1%, 2=0.1%, 4=0.1%, 8=100.0%, 16=0.0%, 32=0.0%, >=64=0.0%
     submit    : 0=0.0%, 4=100.0%, 8=0.0%, 16=0.0%, 32=0.0%, 64=0.0%, >=64=0.0%
     complete  : 0=0.0%, 4=100.0%, 8=0.0%, 16=0.1%, 32=0.0%, 64=0.0%, >=64=0.0%
     issued    : total=r=246955/w=0/d=0, short=r=0/w=0/d=0, drop=r=0/w=0/d=0
     latency   : target=0, window=0, percentile=100.00%, depth=10
seqread: (groupid=0, jobs=1): err= 0: pid=23336: Tue Jun  7 16:21:24 2016
  read : io=616448KB, bw=10273KB/s, iops=10, runt= 60007msec
    slat (usec): min=16, max=287, avg=31.30, stdev=18.78
    clat (msec): min=1, max=21, avg= 4.20, stdev= 1.38
     lat (msec): min=1, max=21, avg= 4.23, stdev= 1.39
    clat percentiles (usec):
     |  1.00th=[ 3920],  5.00th=[ 3952], 10.00th=[ 3952], 20.00th=[ 3984],
     | 30.00th=[ 4016], 40.00th=[ 4016], 50.00th=[ 4048], 60.00th=[ 4080],
     | 70.00th=[ 4080], 80.00th=[ 4128], 90.00th=[ 4128], 95.00th=[ 4128],
     | 99.00th=[10944], 99.50th=[16192], 99.90th=[21376], 99.95th=[21376],
     | 99.99th=[21376]
    bw (KB  /s): min=10240, max=12190, per=1.91%, avg=10262.12, stdev=183.97
    lat (msec) : 2=0.17%, 4=27.57%, 10=71.10%, 20=1.00%, 50=0.17%
  cpu          : usr=0.03%, sys=0.03%, ctx=1197, majf=0, minf=528
  IO depths    : 1=98.5%, 2=0.3%, 4=0.7%, 8=0.5%, 16=0.0%, 32=0.0%, >=64=0.0%
     submit    : 0=0.0%, 4=100.0%, 8=0.0%, 16=0.0%, 32=0.0%, 64=0.0%, >=64=0.0%
     complete  : 0=0.0%, 4=100.0%, 8=0.0%, 16=0.0%, 32=0.0%, 64=0.0%, >=64=0.0%
     issued    : total=r=602/w=0/d=0, short=r=0/w=0/d=0, drop=r=0/w=0/d=0
     latency   : target=0, window=0, percentile=100.00%, depth=10
seqwrite: (groupid=0, jobs=1): err= 0: pid=23337: Tue Jun  7 16:21:24 2016
  write: io=616448KB, bw=10273KB/s, iops=10, runt= 60007msec
    slat (usec): min=24, max=81, avg=45.06, stdev= 8.41
    clat (msec): min=1, max=40, avg= 5.34, stdev= 3.47
     lat (msec): min=2, max=40, avg= 5.39, stdev= 3.47
    clat percentiles (usec):
     |  1.00th=[ 4448],  5.00th=[ 4512], 10.00th=[ 4576], 20.00th=[ 4640],
     | 30.00th=[ 4768], 40.00th=[ 4832], 50.00th=[ 4896], 60.00th=[ 5024],
     | 70.00th=[ 5088], 80.00th=[ 5152], 90.00th=[ 5216], 95.00th=[ 5280],
     | 99.00th=[28544], 99.50th=[34048], 99.90th=[40192], 99.95th=[40192],
     | 99.99th=[40192]
    bw (KB  /s): min=10240, max=12178, per=99.90%, avg=10261.86, stdev=182.85
    lat (msec) : 2=0.17%, 10=98.17%, 50=1.66%
  cpu          : usr=0.05%, sys=0.03%, ctx=1196, majf=0, minf=11
  IO depths    : 1=98.5%, 2=0.3%, 4=0.7%, 8=0.5%, 16=0.0%, 32=0.0%, >=64=0.0%
     submit    : 0=0.0%, 4=100.0%, 8=0.0%, 16=0.0%, 32=0.0%, 64=0.0%, >=64=0.0%
     complete  : 0=0.0%, 4=100.0%, 8=0.0%, 16=0.0%, 32=0.0%, 64=0.0%, >=64=0.0%
     issued    : total=r=0/w=602/d=0, short=r=0/w=0/d=0, drop=r=0/w=0/d=0
     latency   : target=0, window=0, percentile=100.00%, depth=10

Run status group 0 (all jobs):
   READ: io=31471MB, aggrb=537048KB/s, minb=10272KB/s, maxb=526810KB/s, mint=60003msec, maxt=60007msec
  WRITE: io=616448KB, aggrb=10272KB/s, minb=10272KB/s, maxb=10272KB/s, mint=60007msec, maxt=60007msec

Disk stats (read/write):
  sda: ios=247164/612, merge=0/2, ticks=599471/3380, in_queue=602866, util=99.87%
