randread-1k-4k: (g=0): rw=randread, bs=1K-4K/1K-4K/1K-4K, ioengine=libaio, iodepth=10
seqread: (g=0): rw=read, bs=1M-1M/1M-1M/1M-1M, ioengine=libaio, iodepth=10
seqwrite: (g=0): rw=write, bs=1M-1M/1M-1M/1M-1M, ioengine=libaio, iodepth=10
fio-2.2.8
Starting 3 processes

randread-1k-4k: (groupid=0, jobs=1): err= 0: pid=6242: Tue Jun  7 16:41:32 2016
  read : io=2014.8MB, bw=34385KB/s, iops=20824, runt= 60001msec
    slat (usec): min=1, max=226, avg= 2.82, stdev= 0.86
    clat (usec): min=12, max=47767, avg=476.90, stdev=1634.41
     lat (usec): min=17, max=47770, avg=479.78, stdev=1634.44
    clat percentiles (usec):
     |  1.00th=[   88],  5.00th=[   95], 10.00th=[  101], 20.00th=[  109],
     | 30.00th=[  118], 40.00th=[  129], 50.00th=[  143], 60.00th=[  159],
     | 70.00th=[  179], 80.00th=[  215], 90.00th=[ 1880], 95.00th=[ 2064],
     | 99.00th=[ 5088], 99.50th=[ 9792], 99.90th=[21888], 99.95th=[30592],
     | 99.99th=[38144]
    bw (KB  /s): min=27169, max=42159, per=17.37%, avg=34436.64, stdev=3439.10
    lat (usec) : 20=0.01%, 50=0.02%, 100=8.74%, 250=75.40%, 500=4.66%
    lat (usec) : 750=1.02%, 1000=0.11%
    lat (msec) : 2=1.80%, 4=6.96%, 10=0.78%, 20=0.34%, 50=0.15%
  cpu          : usr=2.95%, sys=6.63%, ctx=793707, majf=0, minf=22
  IO depths    : 1=0.1%, 2=0.1%, 4=0.1%, 8=100.0%, 16=0.0%, 32=0.0%, >=64=0.0%
     submit    : 0=0.0%, 4=100.0%, 8=0.0%, 16=0.0%, 32=0.0%, 64=0.0%, >=64=0.0%
     complete  : 0=0.0%, 4=100.0%, 8=0.0%, 16=0.1%, 32=0.0%, 64=0.0%, >=64=0.0%
     issued    : total=r=1249489/w=0/d=0, short=r=0/w=0/d=0, drop=r=0/w=0/d=0
     latency   : target=0, window=0, percentile=100.00%, depth=10
seqread: (groupid=0, jobs=1): err= 0: pid=6243: Tue Jun  7 16:41:32 2016
  read : io=9610.0MB, bw=163901KB/s, iops=160, runt= 60040msec
    slat (usec): min=13, max=274, avg=22.75, stdev= 8.81
    clat (msec): min=1, max=46, avg= 6.32, stdev= 6.33
     lat (msec): min=1, max=46, avg= 6.34, stdev= 6.33
    clat percentiles (usec):
     |  1.00th=[ 1960],  5.00th=[ 1992], 10.00th=[ 2008], 20.00th=[ 2040],
     | 30.00th=[ 2064], 40.00th=[ 2064], 50.00th=[ 2128], 60.00th=[ 3856],
     | 70.00th=[ 7520], 80.00th=[12992], 90.00th=[18560], 95.00th=[18560],
     | 99.00th=[21632], 99.50th=[24192], 99.90th=[38144], 99.95th=[40704],
     | 99.99th=[46848]
    bw (KB  /s): min=150588, max=175315, per=82.70%, avg=163956.61, stdev=4565.18
    lat (msec) : 2=7.03%, 4=54.62%, 10=14.54%, 20=20.82%, 50=2.99%
  cpu          : usr=0.06%, sys=0.42%, ctx=15961, majf=0, minf=528
  IO depths    : 1=66.1%, 2=6.4%, 4=12.7%, 8=14.8%, 16=0.0%, 32=0.0%, >=64=0.0%
     submit    : 0=0.0%, 4=100.0%, 8=0.0%, 16=0.0%, 32=0.0%, 64=0.0%, >=64=0.0%
     complete  : 0=0.0%, 4=100.0%, 8=0.0%, 16=0.0%, 32=0.0%, 64=0.0%, >=64=0.0%
     issued    : total=r=9610/w=0/d=0, short=r=0/w=0/d=0, drop=r=0/w=0/d=0
     latency   : target=0, window=0, percentile=100.00%, depth=10
seqwrite: (groupid=0, jobs=1): err= 0: pid=6244: Tue Jun  7 16:41:32 2016
  write: io=9603.0MB, bw=163880KB/s, iops=160, runt= 60004msec
    slat (usec): min=22, max=154, avg=37.37, stdev= 9.21
    clat (msec): min=1, max=41, avg= 8.94, stdev= 9.62
     lat (msec): min=1, max=41, avg= 8.97, stdev= 9.62
    clat percentiles (usec):
     |  1.00th=[ 1960],  5.00th=[ 1976], 10.00th=[ 1976], 20.00th=[ 1992],
     | 30.00th=[ 2040], 40.00th=[ 2288], 50.00th=[ 2480], 60.00th=[ 5472],
     | 70.00th=[12736], 80.00th=[19584], 90.00th=[22656], 95.00th=[29056],
     | 99.00th=[36096], 99.50th=[36608], 99.90th=[39680], 99.95th=[40704],
     | 99.99th=[41728]
    bw (KB  /s): min=149504, max=175077, per=100.00%, avg=164012.38, stdev=4617.49
    lat (msec) : 2=22.21%, 4=35.35%, 10=10.34%, 20=15.21%, 50=16.88%
  cpu          : usr=0.29%, sys=0.43%, ctx=15762, majf=0, minf=11
  IO depths    : 1=64.3%, 2=6.0%, 4=12.0%, 8=17.8%, 16=0.0%, 32=0.0%, >=64=0.0%
     submit    : 0=0.0%, 4=100.0%, 8=0.0%, 16=0.0%, 32=0.0%, 64=0.0%, >=64=0.0%
     complete  : 0=0.0%, 4=100.0%, 8=0.0%, 16=0.0%, 32=0.0%, 64=0.0%, >=64=0.0%
     issued    : total=r=0/w=9603/d=0, short=r=0/w=0/d=0, drop=r=0/w=0/d=0
     latency   : target=0, window=0, percentile=100.00%, depth=10

Run status group 0 (all jobs):
   READ: io=11625MB, aggrb=198264KB/s, minb=34385KB/s, maxb=163901KB/s, mint=60001msec, maxt=60040msec
  WRITE: io=9603.0MB, aggrb=163880KB/s, minb=163880KB/s, maxb=163880KB/s, mint=60004msec, maxt=60004msec

Disk stats (read/write):
  sda: ios=1258356/9601, merge=0/1, ticks=654288/85868, in_queue=740993, util=99.93%
