randread-512k-1m: (g=0): rw=randread, bs=512K-1M/512K-1M/512K-1M, ioengine=libaio, iodepth=10
seqread: (g=0): rw=read, bs=1M-1M/1M-1M/1M-1M, ioengine=libaio, iodepth=10
seqwrite: (g=0): rw=write, bs=1M-1M/1M-1M/1M-1M, ioengine=libaio, iodepth=10
fio-2.2.8
Starting 3 processes

randread-512k-1m: (groupid=0, jobs=1): err= 0: pid=21909: Tue Jun  7 16:34:29 2016
  read : io=22214MB, bw=379024KB/s, iops=740, runt= 60015msec
    slat (usec): min=7, max=385, avg=11.34, stdev= 3.82
    clat (msec): min=1, max=53, avg=13.49, stdev= 7.43
     lat (msec): min=1, max=53, avg=13.51, stdev= 7.43
    clat percentiles (usec):
     |  1.00th=[ 9280],  5.00th=[ 9280], 10.00th=[ 9280], 20.00th=[ 9280],
     | 30.00th=[ 9280], 40.00th=[ 9280], 50.00th=[ 9280], 60.00th=[11072],
     | 70.00th=[11200], 80.00th=[15040], 90.00th=[28800], 95.00th=[29568],
     | 99.00th=[34048], 99.50th=[36096], 99.90th=[47872], 99.95th=[49408],
     | 99.99th=[50944]
    bw (KB  /s): min=351939, max=403456, per=82.22%, avg=379007.49, stdev=10305.29
    lat (msec) : 2=0.01%, 4=0.02%, 10=53.72%, 20=30.60%, 50=15.61%
    lat (msec) : 100=0.05%
  cpu          : usr=0.20%, sys=0.87%, ctx=44450, majf=0, minf=271
  IO depths    : 1=0.1%, 2=0.1%, 4=0.1%, 8=99.9%, 16=0.0%, 32=0.0%, >=64=0.0%
     submit    : 0=0.0%, 4=100.0%, 8=0.0%, 16=0.0%, 32=0.0%, 64=0.0%, >=64=0.0%
     complete  : 0=0.0%, 4=100.0%, 8=0.0%, 16=0.1%, 32=0.0%, 64=0.0%, >=64=0.0%
     issued    : total=r=44428/w=0/d=0, short=r=0/w=0/d=0, drop=r=0/w=0/d=0
     latency   : target=0, window=0, percentile=100.00%, depth=10
seqread: (groupid=0, jobs=1): err= 0: pid=21910: Tue Jun  7 16:34:29 2016
  read : io=4802.0MB, bw=81931KB/s, iops=80, runt= 60017msec
    slat (usec): min=13, max=502, avg=20.03, stdev=11.17
    clat (msec): min=2, max=52, avg=21.22, stdev= 7.96
     lat (msec): min=2, max=52, avg=21.24, stdev= 7.96
    clat percentiles (usec):
     |  1.00th=[10176],  5.00th=[10560], 10.00th=[10944], 20.00th=[12864],
     | 30.00th=[15808], 40.00th=[18048], 50.00th=[20608], 60.00th=[23424],
     | 70.00th=[25728], 80.00th=[27776], 90.00th=[29824], 95.00th=[34560],
     | 99.00th=[44800], 99.50th=[46848], 99.90th=[50944], 99.95th=[50944],
     | 99.99th=[52480]
    bw (KB  /s): min=64000, max=100392, per=17.85%, avg=82275.07, stdev=8307.85
    lat (msec) : 4=0.02%, 10=0.06%, 20=47.54%, 50=52.25%, 100=0.12%
  cpu          : usr=0.02%, sys=0.17%, ctx=5910, majf=0, minf=527
  IO depths    : 1=23.2%, 2=14.8%, 4=29.7%, 8=32.3%, 16=0.0%, 32=0.0%, >=64=0.0%
     submit    : 0=0.0%, 4=100.0%, 8=0.0%, 16=0.0%, 32=0.0%, 64=0.0%, >=64=0.0%
     complete  : 0=0.0%, 4=100.0%, 8=0.0%, 16=0.0%, 32=0.0%, 64=0.0%, >=64=0.0%
     issued    : total=r=4802/w=0/d=0, short=r=0/w=0/d=0, drop=r=0/w=0/d=0
     latency   : target=0, window=0, percentile=100.00%, depth=10
seqwrite: (groupid=0, jobs=1): err= 0: pid=21911: Tue Jun  7 16:34:29 2016
  write: io=4809.0MB, bw=82050KB/s, iops=80, runt= 60017msec
    slat (usec): min=22, max=75, avg=40.21, stdev= 8.65
    clat (msec): min=2, max=53, avg=21.53, stdev= 7.67
     lat (msec): min=2, max=53, avg=21.57, stdev= 7.67
    clat percentiles (usec):
     |  1.00th=[10432],  5.00th=[10432], 10.00th=[10944], 20.00th=[12864],
     | 30.00th=[16192], 40.00th=[18560], 50.00th=[21888], 60.00th=[24704],
     | 70.00th=[26752], 80.00th=[28800], 90.00th=[29824], 95.00th=[31872],
     | 99.00th=[42752], 99.50th=[46336], 99.90th=[47872], 99.95th=[49408],
     | 99.99th=[52992]
    bw (KB  /s): min=66519, max=97618, per=100.00%, avg=82311.48, stdev=8182.93
    lat (msec) : 4=0.02%, 20=42.61%, 50=57.33%, 100=0.04%
  cpu          : usr=0.17%, sys=0.18%, ctx=5867, majf=0, minf=11
  IO depths    : 1=22.1%, 2=14.6%, 4=29.2%, 8=34.1%, 16=0.0%, 32=0.0%, >=64=0.0%
     submit    : 0=0.0%, 4=100.0%, 8=0.0%, 16=0.0%, 32=0.0%, 64=0.0%, >=64=0.0%
     complete  : 0=0.0%, 4=100.0%, 8=0.0%, 16=0.0%, 32=0.0%, 64=0.0%, >=64=0.0%
     issued    : total=r=0/w=4809/d=0, short=r=0/w=0/d=0, drop=r=0/w=0/d=0
     latency   : target=0, window=0, percentile=100.00%, depth=10

Run status group 0 (all jobs):
   READ: io=27016MB, aggrb=460942KB/s, minb=81930KB/s, maxb=379024KB/s, mint=60015msec, maxt=60017msec
  WRITE: io=4809.0MB, aggrb=82050KB/s, minb=82050KB/s, maxb=82050KB/s, mint=60017msec, maxt=60017msec

Disk stats (read/write):
  sda: ios=49168/5232, merge=0/1, ticks=700065/112830, in_queue=812939, util=99.87%
