randread-32k-64k: (g=0): rw=randread, bs=32K-64K/32K-64K/32K-64K, ioengine=libaio, iodepth=10
seqread: (g=0): rw=read, bs=1M-1M/1M-1M/1M-1M, ioengine=libaio, iodepth=10
seqwrite: (g=0): rw=write, bs=1M-1M/1M-1M/1M-1M, ioengine=libaio, iodepth=10
fio-2.2.8
Starting 3 processes

randread-32k-64k: (groupid=0, jobs=1): err= 0: pid=20908: Tue Jun  7 16:20:24 2016
  read : io=487008KB, bw=8114.8KB/s, iops=253, runt= 60015msec
    slat (usec): min=2, max=41, avg= 3.67, stdev= 1.21
    clat (msec): min=1, max=84, avg=39.43, stdev= 2.57
     lat (msec): min=1, max=84, avg=39.43, stdev= 2.56
    clat percentiles (usec):
     |  1.00th=[36608],  5.00th=[38656], 10.00th=[38656], 20.00th=[38656],
     | 30.00th=[38656], 40.00th=[38656], 50.00th=[38656], 60.00th=[38656],
     | 70.00th=[38656], 80.00th=[40704], 90.00th=[41728], 95.00th=[42752],
     | 99.00th=[46336], 99.50th=[48896], 99.90th=[64768], 99.95th=[74240],
     | 99.99th=[80384]
    bw (KB  /s): min= 7600, max= 8497, per=3.02%, avg=8118.74, stdev=138.65
    lat (msec) : 2=0.02%, 4=0.05%, 20=0.08%, 50=99.46%, 100=0.39%
  cpu          : usr=0.07%, sys=0.11%, ctx=15223, majf=0, minf=91
  IO depths    : 1=0.1%, 2=0.1%, 4=0.1%, 8=100.0%, 16=0.0%, 32=0.0%, >=64=0.0%
     submit    : 0=0.0%, 4=100.0%, 8=0.0%, 16=0.0%, 32=0.0%, 64=0.0%, >=64=0.0%
     complete  : 0=0.0%, 4=100.0%, 8=0.0%, 16=0.1%, 32=0.0%, 64=0.0%, >=64=0.0%
     issued    : total=r=15219/w=0/d=0, short=r=0/w=0/d=0, drop=r=0/w=0/d=0
     latency   : target=0, window=0, percentile=100.00%, depth=10
seqread: (groupid=0, jobs=1): err= 0: pid=20909: Tue Jun  7 16:20:24 2016
  read : io=15270MB, bw=260486KB/s, iops=254, runt= 60028msec
    slat (usec): min=13, max=381, avg=19.71, stdev= 6.65
    clat (msec): min=4, max=71, avg=39.29, stdev= 2.04
     lat (msec): min=4, max=71, avg=39.31, stdev= 2.04
    clat percentiles (usec):
     |  1.00th=[38144],  5.00th=[38656], 10.00th=[38656], 20.00th=[38656],
     | 30.00th=[38656], 40.00th=[38656], 50.00th=[38656], 60.00th=[38656],
     | 70.00th=[38656], 80.00th=[40192], 90.00th=[41728], 95.00th=[42752],
     | 99.00th=[45312], 99.50th=[46336], 99.90th=[57088], 99.95th=[57600],
     | 99.99th=[57600]
    bw (KB  /s): min=245269, max=265708, per=96.99%, avg=260525.11, stdev=3213.79
    lat (msec) : 10=0.03%, 20=0.07%, 50=99.60%, 100=0.31%
  cpu          : usr=0.05%, sys=0.54%, ctx=15281, majf=0, minf=526
  IO depths    : 1=0.1%, 2=0.1%, 4=0.1%, 8=99.9%, 16=0.0%, 32=0.0%, >=64=0.0%
     submit    : 0=0.0%, 4=100.0%, 8=0.0%, 16=0.0%, 32=0.0%, 64=0.0%, >=64=0.0%
     complete  : 0=0.0%, 4=100.0%, 8=0.0%, 16=0.1%, 32=0.0%, 64=0.0%, >=64=0.0%
     issued    : total=r=15270/w=0/d=0, short=r=0/w=0/d=0, drop=r=0/w=0/d=0
     latency   : target=0, window=0, percentile=100.00%, depth=10
seqwrite: (groupid=0, jobs=1): err= 0: pid=20910: Tue Jun  7 16:20:24 2016
  write: io=15253MB, bw=260140KB/s, iops=254, runt= 60041msec
    slat (usec): min=21, max=77, avg=36.70, stdev= 6.78
    clat (msec): min=20, max=74, avg=39.32, stdev= 2.10
     lat (msec): min=20, max=74, avg=39.35, stdev= 2.10
    clat percentiles (usec):
     |  1.00th=[36608],  5.00th=[38656], 10.00th=[38656], 20.00th=[38656],
     | 30.00th=[38656], 40.00th=[38656], 50.00th=[38656], 60.00th=[38656],
     | 70.00th=[38656], 80.00th=[40192], 90.00th=[41728], 95.00th=[42752],
     | 99.00th=[46336], 99.50th=[47360], 99.90th=[63744], 99.95th=[66048],
     | 99.99th=[73216]
    bw (KB  /s): min=243326, max=265179, per=100.00%, avg=260231.79, stdev=3465.99
    lat (msec) : 50=99.68%, 100=0.32%
  cpu          : usr=0.51%, sys=0.51%, ctx=15266, majf=0, minf=10
  IO depths    : 1=0.1%, 2=0.1%, 4=0.1%, 8=99.9%, 16=0.0%, 32=0.0%, >=64=0.0%
     submit    : 0=0.0%, 4=100.0%, 8=0.0%, 16=0.0%, 32=0.0%, 64=0.0%, >=64=0.0%
     complete  : 0=0.0%, 4=100.0%, 8=0.0%, 16=0.1%, 32=0.0%, 64=0.0%, >=64=0.0%
     issued    : total=r=0/w=15253/d=0, short=r=0/w=0/d=0, drop=r=0/w=0/d=0
     latency   : target=0, window=0, percentile=100.00%, depth=10

Run status group 0 (all jobs):
   READ: io=15746MB, aggrb=268599KB/s, minb=8114KB/s, maxb=260486KB/s, mint=60015msec, maxt=60028msec
  WRITE: io=15253MB, aggrb=260140KB/s, minb=260140KB/s, maxb=260140KB/s, mint=60041msec, maxt=60041msec

Disk stats (read/write):
  sda: ios=30443/16745, merge=0/7, ticks=1197544/657836, in_queue=1855816, util=99.87%
