randread-512k-1m: (g=0): rw=randread, bs=512K-1M/512K-1M/512K-1M, ioengine=libaio, iodepth=10
seqread: (g=0): rw=read, bs=1M-1M/1M-1M/1M-1M, ioengine=libaio, iodepth=10
seqwrite: (g=0): rw=write, bs=1M-1M/1M-1M/1M-1M, ioengine=libaio, iodepth=10
fio-2.2.8
Starting 3 processes

randread-512k-1m: (groupid=0, jobs=1): err= 0: pid=28045: Tue Jun  7 16:23:25 2016
  read : io=31143MB, bw=531410KB/s, iops=1037, runt= 60010msec
    slat (usec): min=7, max=228, avg=11.00, stdev= 3.27
    clat (msec): min=1, max=47, avg= 9.62, stdev= 1.17
     lat (msec): min=1, max=47, avg= 9.63, stdev= 1.17
    clat percentiles (usec):
     |  1.00th=[ 9280],  5.00th=[ 9280], 10.00th=[ 9280], 20.00th=[ 9280],
     | 30.00th=[ 9280], 40.00th=[ 9280], 50.00th=[ 9280], 60.00th=[ 9280],
     | 70.00th=[ 9280], 80.00th=[ 9280], 90.00th=[11072], 95.00th=[12992],
     | 99.00th=[12992], 99.50th=[15168], 99.90th=[17280], 99.95th=[19328],
     | 99.99th=[36096]
    bw (KB  /s): min=505856, max=555008, per=98.21%, avg=531981.36, stdev=5000.70
    lat (msec) : 2=0.02%, 4=0.02%, 10=85.61%, 20=14.31%, 50=0.04%
  cpu          : usr=0.22%, sys=1.24%, ctx=62321, majf=0, minf=270
  IO depths    : 1=0.1%, 2=0.1%, 4=0.1%, 8=99.9%, 16=0.0%, 32=0.0%, >=64=0.0%
     submit    : 0=0.0%, 4=100.0%, 8=0.0%, 16=0.0%, 32=0.0%, 64=0.0%, >=64=0.0%
     complete  : 0=0.0%, 4=100.0%, 8=0.0%, 16=0.1%, 32=0.0%, 64=0.0%, >=64=0.0%
     issued    : total=r=62285/w=0/d=0, short=r=0/w=0/d=0, drop=r=0/w=0/d=0
     latency   : target=0, window=0, percentile=100.00%, depth=10
seqread: (groupid=0, jobs=1): err= 0: pid=28046: Tue Jun  7 16:23:25 2016
  read : io=616448KB, bw=10272KB/s, iops=10, runt= 60013msec
    slat (usec): min=16, max=263, avg=28.13, stdev=17.47
    clat (msec): min=1, max=28, avg=10.71, stdev= 1.37
     lat (msec): min=1, max=28, avg=10.74, stdev= 1.38
    clat percentiles (usec):
     |  1.00th=[10176],  5.00th=[10176], 10.00th=[10304], 20.00th=[10304],
     | 30.00th=[10432], 40.00th=[10560], 50.00th=[10560], 60.00th=[10688],
     | 70.00th=[10816], 80.00th=[10944], 90.00th=[10944], 95.00th=[11072],
     | 99.00th=[12736], 99.50th=[21376], 99.90th=[28544], 99.95th=[28544],
     | 99.99th=[28544]
    bw (KB  /s): min=10219, max=12011, per=1.89%, avg=10262.81, stdev=171.05
    lat (msec) : 2=0.17%, 10=0.33%, 20=98.84%, 50=0.66%
  cpu          : usr=0.01%, sys=0.02%, ctx=1196, majf=0, minf=529
  IO depths    : 1=98.5%, 2=0.3%, 4=0.7%, 8=0.5%, 16=0.0%, 32=0.0%, >=64=0.0%
     submit    : 0=0.0%, 4=100.0%, 8=0.0%, 16=0.0%, 32=0.0%, 64=0.0%, >=64=0.0%
     complete  : 0=0.0%, 4=100.0%, 8=0.0%, 16=0.0%, 32=0.0%, 64=0.0%, >=64=0.0%
     issued    : total=r=602/w=0/d=0, short=r=0/w=0/d=0, drop=r=0/w=0/d=0
     latency   : target=0, window=0, percentile=100.00%, depth=10
seqwrite: (groupid=0, jobs=1): err= 0: pid=28047: Tue Jun  7 16:23:25 2016
  write: io=616448KB, bw=10272KB/s, iops=10, runt= 60015msec
    slat (usec): min=24, max=79, avg=46.14, stdev= 8.95
    clat (msec): min=1, max=46, avg=12.95, stdev= 3.33
     lat (msec): min=2, max=46, avg=13.00, stdev= 3.33
    clat percentiles (usec):
     |  1.00th=[12096],  5.00th=[12096], 10.00th=[12224], 20.00th=[12352],
     | 30.00th=[12352], 40.00th=[12480], 50.00th=[12608], 60.00th=[12608],
     | 70.00th=[12736], 80.00th=[12864], 90.00th=[12992], 95.00th=[12992],
     | 99.00th=[35072], 99.50th=[40704], 99.90th=[46336], 99.95th=[46336],
     | 99.99th=[46336]
    bw (KB  /s): min=10219, max=12011, per=99.93%, avg=10263.79, stdev=170.21
    lat (msec) : 2=0.17%, 20=98.17%, 50=1.66%
  cpu          : usr=0.03%, sys=0.03%, ctx=1196, majf=0, minf=10
  IO depths    : 1=98.5%, 2=0.3%, 4=0.7%, 8=0.5%, 16=0.0%, 32=0.0%, >=64=0.0%
     submit    : 0=0.0%, 4=100.0%, 8=0.0%, 16=0.0%, 32=0.0%, 64=0.0%, >=64=0.0%
     complete  : 0=0.0%, 4=100.0%, 8=0.0%, 16=0.0%, 32=0.0%, 64=0.0%, >=64=0.0%
     issued    : total=r=0/w=602/d=0, short=r=0/w=0/d=0, drop=r=0/w=0/d=0
     latency   : target=0, window=0, percentile=100.00%, depth=10

Run status group 0 (all jobs):
   READ: io=31745MB, aggrb=541655KB/s, minb=10271KB/s, maxb=531410KB/s, mint=60010msec, maxt=60013msec
  WRITE: io=616448KB, aggrb=10271KB/s, minb=10271KB/s, maxb=10271KB/s, mint=60015msec, maxt=60015msec

Disk stats (read/write):
  sda: ios=62803/909, merge=0/2, ticks=604407/11746, in_queue=616228, util=99.87%
