randread-8k-16k: (g=0): rw=randread, bs=8K-16K/8K-16K/8K-16K, ioengine=libaio, iodepth=10
seqread: (g=0): rw=read, bs=1M-1M/1M-1M/1M-1M, ioengine=libaio, iodepth=10
seqwrite: (g=0): rw=write, bs=1M-1M/1M-1M/1M-1M, ioengine=libaio, iodepth=10
fio-2.2.8
Starting 3 processes

randread-8k-16k: (groupid=0, jobs=1): err= 0: pid=13366: Tue Jun  7 16:44:33 2016
  read : io=10218MB, bw=174387KB/s, iops=21797, runt= 60001msec
    slat (usec): min=1, max=241, avg= 2.78, stdev= 0.68
    clat (usec): min=28, max=36249, avg=455.49, stdev=887.72
     lat (usec): min=40, max=36252, avg=458.33, stdev=887.74
    clat percentiles (usec):
     |  1.00th=[  135],  5.00th=[  151], 10.00th=[  157], 20.00th=[  167],
     | 30.00th=[  175], 40.00th=[  185], 50.00th=[  195], 60.00th=[  209],
     | 70.00th=[  229], 80.00th=[  270], 90.00th=[ 1976], 95.00th=[ 2128],
     | 99.00th=[ 2800], 99.50th=[ 4960], 99.90th=[ 8160], 99.95th=[15808],
     | 99.99th=[20608]
    bw (KB  /s): min=137728, max=227816, per=58.67%, avg=174417.23, stdev=15765.81
    lat (usec) : 50=0.01%, 100=0.01%, 250=76.59%, 500=10.41%, 750=2.10%
    lat (usec) : 1000=0.27%
    lat (msec) : 2=0.91%, 4=8.98%, 10=0.65%, 20=0.06%, 50=0.02%
  cpu          : usr=3.94%, sys=7.25%, ctx=1307216, majf=0, minf=50
  IO depths    : 1=0.1%, 2=0.1%, 4=0.1%, 8=100.0%, 16=0.0%, 32=0.0%, >=64=0.0%
     submit    : 0=0.0%, 4=100.0%, 8=0.0%, 16=0.0%, 32=0.0%, 64=0.0%, >=64=0.0%
     complete  : 0=0.0%, 4=100.0%, 8=0.0%, 16=0.1%, 32=0.0%, 64=0.0%, >=64=0.0%
     issued    : total=r=1307861/w=0/d=0, short=r=0/w=0/d=0, drop=r=0/w=0/d=0
     latency   : target=0, window=0, percentile=100.00%, depth=10
seqread: (groupid=0, jobs=1): err= 0: pid=13367: Tue Jun  7 16:44:33 2016
  read : io=7204.0MB, bw=122930KB/s, iops=120, runt= 60009msec
    slat (usec): min=14, max=337, avg=26.49, stdev= 8.83
    clat (msec): min=1, max=29, avg= 2.95, stdev= 2.94
     lat (msec): min=1, max=29, avg= 2.97, stdev= 2.94
    clat percentiles (usec):
     |  1.00th=[ 1992],  5.00th=[ 2008], 10.00th=[ 2024], 20.00th=[ 2024],
     | 30.00th=[ 2040], 40.00th=[ 2064], 50.00th=[ 2064], 60.00th=[ 2064],
     | 70.00th=[ 2096], 80.00th=[ 2128], 90.00th=[ 4192], 95.00th=[ 7712],
     | 99.00th=[18560], 99.50th=[20352], 99.90th=[20608], 99.95th=[21376],
     | 99.99th=[29312]
    bw (KB  /s): min=110648, max=135168, per=41.37%, avg=123000.63, stdev=2859.49
    lat (msec) : 2=1.32%, 4=87.73%, 10=6.98%, 20=3.39%, 50=0.58%
  cpu          : usr=0.06%, sys=0.36%, ctx=13979, majf=0, minf=528
  IO depths    : 1=93.9%, 2=1.2%, 4=2.5%, 8=2.3%, 16=0.0%, 32=0.0%, >=64=0.0%
     submit    : 0=0.0%, 4=100.0%, 8=0.0%, 16=0.0%, 32=0.0%, 64=0.0%, >=64=0.0%
     complete  : 0=0.0%, 4=100.0%, 8=0.0%, 16=0.0%, 32=0.0%, 64=0.0%, >=64=0.0%
     issued    : total=r=7204/w=0/d=0, short=r=0/w=0/d=0, drop=r=0/w=0/d=0
     latency   : target=0, window=0, percentile=100.00%, depth=10
seqwrite: (groupid=0, jobs=1): err= 0: pid=13368: Tue Jun  7 16:44:33 2016
  write: io=7203.0MB, bw=122929KB/s, iops=120, runt= 60001msec
    slat (usec): min=22, max=95, avg=39.30, stdev= 8.58
    clat (msec): min=1, max=37, avg= 3.17, stdev= 3.93
     lat (msec): min=1, max=37, avg= 3.21, stdev= 3.93
    clat percentiles (usec):
     |  1.00th=[ 1992],  5.00th=[ 2008], 10.00th=[ 2008], 20.00th=[ 2024],
     | 30.00th=[ 2024], 40.00th=[ 2040], 50.00th=[ 2040], 60.00th=[ 2064],
     | 70.00th=[ 2096], 80.00th=[ 2192], 90.00th=[ 3888], 95.00th=[10048],
     | 99.00th=[20352], 99.50th=[27520], 99.90th=[35072], 99.95th=[36096],
     | 99.99th=[37120]
    bw (KB  /s): min=113328, max=132854, per=100.00%, avg=123025.00, stdev=1819.80
    lat (msec) : 2=3.07%, 4=87.26%, 10=4.66%, 20=3.93%, 50=1.08%
  cpu          : usr=0.21%, sys=0.36%, ctx=13956, majf=0, minf=10
  IO depths    : 1=93.6%, 2=1.2%, 4=2.5%, 8=2.6%, 16=0.0%, 32=0.0%, >=64=0.0%
     submit    : 0=0.0%, 4=100.0%, 8=0.0%, 16=0.0%, 32=0.0%, 64=0.0%, >=64=0.0%
     complete  : 0=0.0%, 4=100.0%, 8=0.0%, 16=0.0%, 32=0.0%, 64=0.0%, >=64=0.0%
     issued    : total=r=0/w=7203/d=0, short=r=0/w=0/d=0, drop=r=0/w=0/d=0
     latency   : target=0, window=0, percentile=100.00%, depth=10

Run status group 0 (all jobs):
   READ: io=17422MB, aggrb=297293KB/s, minb=122929KB/s, maxb=174386KB/s, mint=60001msec, maxt=60009msec
  WRITE: io=7203.0MB, aggrb=122929KB/s, minb=122929KB/s, maxb=122929KB/s, mint=60001msec, maxt=60001msec

Disk stats (read/write):
  sda: ios=1313268/7964, merge=0/1, ticks=613684/25124, in_queue=638867, util=99.87%
