randread-512k-1m: (g=0): rw=randread, bs=512K-1M/512K-1M/512K-1M, ioengine=libaio, iodepth=10
seqread: (g=0): rw=read, bs=1M-1M/1M-1M/1M-1M, ioengine=libaio, iodepth=10
seqwrite: (g=0): rw=write, bs=1M-1M/1M-1M/1M-1M, ioengine=libaio, iodepth=10
fio-2.2.8
Starting 3 processes

randread-512k-1m: (groupid=0, jobs=1): err= 0: pid=11982: Tue Jun  7 16:57:38 2016
  read : io=12152MB, bw=207308KB/s, iops=404, runt= 60025msec
    slat (usec): min=7, max=330, avg=11.55, stdev= 5.20
    clat (msec): min=2, max=71, avg=24.68, stdev=11.62
     lat (msec): min=2, max=71, avg=24.69, stdev=11.62
    clat percentiles (usec):
     |  1.00th=[ 9280],  5.00th=[ 9280], 10.00th=[ 9280], 20.00th=[11200],
     | 30.00th=[11200], 40.00th=[24192], 50.00th=[25728], 60.00th=[27776],
     | 70.00th=[27776], 80.00th=[39680], 90.00th=[41728], 95.00th=[43264],
     | 99.00th=[45824], 99.50th=[47360], 99.90th=[49920], 99.95th=[52480],
     | 99.99th=[70144]
    bw (KB  /s): min=177711, max=227328, per=55.91%, avg=207438.45, stdev=10123.83
    lat (msec) : 4=0.01%, 10=10.40%, 20=22.98%, 50=66.52%, 100=0.09%
  cpu          : usr=0.09%, sys=0.50%, ctx=24320, majf=0, minf=269
  IO depths    : 1=0.1%, 2=0.1%, 4=0.1%, 8=99.9%, 16=0.0%, 32=0.0%, >=64=0.0%
     submit    : 0=0.0%, 4=100.0%, 8=0.0%, 16=0.0%, 32=0.0%, 64=0.0%, >=64=0.0%
     complete  : 0=0.0%, 4=100.0%, 8=0.0%, 16=0.1%, 32=0.0%, 64=0.0%, >=64=0.0%
     issued    : total=r=24304/w=0/d=0, short=r=0/w=0/d=0, drop=r=0/w=0/d=0
     latency   : target=0, window=0, percentile=100.00%, depth=10
seqread: (groupid=0, jobs=1): err= 0: pid=11983: Tue Jun  7 16:57:38 2016
  read : io=9601.0MB, bw=163751KB/s, iops=159, runt= 60039msec
    slat (usec): min=13, max=326, avg=19.52, stdev= 8.60
    clat (msec): min=1, max=56, avg=25.12, stdev= 8.29
     lat (msec): min=1, max=56, avg=25.13, stdev= 8.29
    clat percentiles (usec):
     |  1.00th=[10560],  5.00th=[12096], 10.00th=[14016], 20.00th=[17792],
     | 30.00th=[21376], 40.00th=[24448], 50.00th=[27520], 60.00th=[27776],
     | 70.00th=[27776], 80.00th=[27776], 90.00th=[33024], 95.00th=[43264],
     | 99.00th=[47872], 99.50th=[49920], 99.90th=[51456], 99.95th=[54016],
     | 99.99th=[56576]
    bw (KB  /s): min=145149, max=181184, per=44.22%, avg=164052.97, stdev=9033.87
    lat (msec) : 2=0.01%, 10=0.02%, 20=26.65%, 50=72.82%, 100=0.50%
  cpu          : usr=0.04%, sys=0.32%, ctx=10682, majf=0, minf=528
  IO depths    : 1=11.2%, 2=11.2%, 4=22.4%, 8=55.1%, 16=0.0%, 32=0.0%, >=64=0.0%
     submit    : 0=0.0%, 4=100.0%, 8=0.0%, 16=0.0%, 32=0.0%, 64=0.0%, >=64=0.0%
     complete  : 0=0.0%, 4=100.0%, 8=0.1%, 16=0.0%, 32=0.0%, 64=0.0%, >=64=0.0%
     issued    : total=r=9601/w=0/d=0, short=r=0/w=0/d=0, drop=r=0/w=0/d=0
     latency   : target=0, window=0, percentile=100.00%, depth=10
seqwrite: (groupid=0, jobs=1): err= 0: pid=11984: Tue Jun  7 16:57:38 2016
  write: io=9613.0MB, bw=163996KB/s, iops=160, runt= 60024msec
    slat (usec): min=22, max=80, avg=37.30, stdev= 7.62
    clat (msec): min=4, max=65, avg=32.22, stdev= 8.00
     lat (msec): min=4, max=65, avg=32.26, stdev= 8.00
    clat percentiles (usec):
     |  1.00th=[10432],  5.00th=[12352], 10.00th=[23936], 20.00th=[28800],
     | 30.00th=[30592], 40.00th=[30592], 50.00th=[31616], 60.00th=[33536],
     | 70.00th=[35584], 80.00th=[38656], 90.00th=[42240], 95.00th=[44800],
     | 99.00th=[47360], 99.50th=[48384], 99.90th=[51456], 99.95th=[57088],
     | 99.99th=[65280]
    bw (KB  /s): min=146572, max=181908, per=100.00%, avg=164039.87, stdev=12179.76
    lat (msec) : 10=0.02%, 20=7.95%, 50=91.79%, 100=0.24%
  cpu          : usr=0.31%, sys=0.34%, ctx=10692, majf=0, minf=11
  IO depths    : 1=11.2%, 2=11.2%, 4=22.3%, 8=55.3%, 16=0.0%, 32=0.0%, >=64=0.0%
     submit    : 0=0.0%, 4=100.0%, 8=0.0%, 16=0.0%, 32=0.0%, 64=0.0%, >=64=0.0%
     complete  : 0=0.0%, 4=100.0%, 8=0.0%, 16=0.1%, 32=0.0%, 64=0.0%, >=64=0.0%
     issued    : total=r=0/w=9613/d=0, short=r=0/w=0/d=0, drop=r=0/w=0/d=0
     latency   : target=0, window=0, percentile=100.00%, depth=10

Run status group 0 (all jobs):
   READ: io=21753MB, aggrb=371010KB/s, minb=163750KB/s, maxb=207307KB/s, mint=60025msec, maxt=60039msec
  WRITE: io=9613.0MB, aggrb=163996KB/s, minb=163996KB/s, maxb=163996KB/s, mint=60024msec, maxt=60024msec

Disk stats (read/write):
  sda: ios=33860/10560, merge=0/2, ticks=839254/339978, in_queue=1179398, util=99.88%
