randread-1k-4k: (g=0): rw=randread, bs=1K-4K/1K-4K/1K-4K, ioengine=libaio, iodepth=10
seqread: (g=0): rw=read, bs=1M-1M/1M-1M/1M-1M, ioengine=libaio, iodepth=10
seqwrite: (g=0): rw=write, bs=1M-1M/1M-1M/1M-1M, ioengine=libaio, iodepth=10
fio-2.2.8
Starting 3 processes

randread-1k-4k: (groupid=0, jobs=1): err= 0: pid=12386: Tue Jun  7 16:30:27 2016
  read : io=4066.2MB, bw=69395KB/s, iops=44450, runt= 60001msec
    slat (usec): min=1, max=204, avg= 2.79, stdev= 0.81
    clat (usec): min=14, max=36261, avg=221.72, stdev=424.82
     lat (usec): min=17, max=36263, avg=224.57, stdev=424.83
    clat percentiles (usec):
     |  1.00th=[   87],  5.00th=[   94], 10.00th=[   98], 20.00th=[  105],
     | 30.00th=[  113], 40.00th=[  122], 50.00th=[  133], 60.00th=[  147],
     | 70.00th=[  161], 80.00th=[  183], 90.00th=[  223], 95.00th=[  330],
     | 99.00th=[ 2096], 99.50th=[ 2160], 99.90th=[ 4896], 99.95th=[ 5344],
     | 99.99th=[ 7264]
    bw (KB  /s): min=61084, max=80740, per=45.86%, avg=69405.30, stdev=4487.14
    lat (usec) : 20=0.01%, 50=0.01%, 100=11.51%, 250=81.16%, 500=3.24%
    lat (usec) : 750=0.31%, 1000=0.01%
    lat (msec) : 2=0.75%, 4=2.84%, 10=0.15%, 20=0.01%, 50=0.01%
  cpu          : usr=5.93%, sys=14.43%, ctx=1712600, majf=0, minf=20
  IO depths    : 1=0.1%, 2=0.1%, 4=0.1%, 8=100.0%, 16=0.0%, 32=0.0%, >=64=0.0%
     submit    : 0=0.0%, 4=100.0%, 8=0.0%, 16=0.0%, 32=0.0%, 64=0.0%, >=64=0.0%
     complete  : 0=0.0%, 4=100.0%, 8=0.0%, 16=0.1%, 32=0.0%, 64=0.0%, >=64=0.0%
     issued    : total=r=2667048/w=0/d=0, short=r=0/w=0/d=0, drop=r=0/w=0/d=0
     latency   : target=0, window=0, percentile=100.00%, depth=10
seqread: (groupid=0, jobs=1): err= 0: pid=12387: Tue Jun  7 16:30:27 2016
  read : io=4802.0MB, bw=81949KB/s, iops=80, runt= 60004msec
    slat (usec): min=14, max=289, avg=26.30, stdev=11.25
    clat (usec): min=1934, max=19384, avg=2108.84, stdev=857.24
     lat (usec): min=1954, max=19568, avg=2135.27, stdev=859.36
    clat percentiles (usec):
     |  1.00th=[ 1944],  5.00th=[ 1976], 10.00th=[ 1976], 20.00th=[ 2008],
     | 30.00th=[ 2024], 40.00th=[ 2024], 50.00th=[ 2040], 60.00th=[ 2064],
     | 70.00th=[ 2064], 80.00th=[ 2096], 90.00th=[ 2128], 95.00th=[ 2160],
     | 99.00th=[ 2256], 99.50th=[ 7200], 99.90th=[16768], 99.95th=[18560],
     | 99.99th=[19328]
    bw (KB  /s): min=81920, max=85333, per=54.17%, avg=81986.89, stdev=313.23
    lat (msec) : 2=18.64%, 4=80.74%, 10=0.23%, 20=0.40%
  cpu          : usr=0.02%, sys=0.26%, ctx=9581, majf=0, minf=527
  IO depths    : 1=99.4%, 2=0.1%, 4=0.2%, 8=0.2%, 16=0.0%, 32=0.0%, >=64=0.0%
     submit    : 0=0.0%, 4=100.0%, 8=0.0%, 16=0.0%, 32=0.0%, 64=0.0%, >=64=0.0%
     complete  : 0=0.0%, 4=100.0%, 8=0.0%, 16=0.0%, 32=0.0%, 64=0.0%, >=64=0.0%
     issued    : total=r=4802/w=0/d=0, short=r=0/w=0/d=0, drop=r=0/w=0/d=0
     latency   : target=0, window=0, percentile=100.00%, depth=10
seqwrite: (groupid=0, jobs=1): err= 0: pid=12388: Tue Jun  7 16:30:27 2016
  write: io=4802.0MB, bw=81947KB/s, iops=80, runt= 60005msec
    slat (usec): min=23, max=91, avg=40.30, stdev=11.17
    clat (msec): min=1, max=37, avg= 2.10, stdev= 1.47
     lat (msec): min=1, max=37, avg= 2.14, stdev= 1.48
    clat percentiles (usec):
     |  1.00th=[ 1960],  5.00th=[ 1960], 10.00th=[ 1976], 20.00th=[ 1976],
     | 30.00th=[ 1976], 40.00th=[ 1976], 50.00th=[ 1992], 60.00th=[ 1992],
     | 70.00th=[ 2008], 80.00th=[ 2008], 90.00th=[ 2040], 95.00th=[ 2064],
     | 99.00th=[ 2128], 99.50th=[10176], 99.90th=[29568], 99.95th=[33536],
     | 99.99th=[37120]
    bw (KB  /s): min=81920, max=85333, per=100.00%, avg=81991.64, stdev=312.78
    lat (msec) : 2=69.45%, 4=29.90%, 10=0.12%, 20=0.29%, 50=0.23%
  cpu          : usr=0.15%, sys=0.25%, ctx=9582, majf=0, minf=10
  IO depths    : 1=99.4%, 2=0.1%, 4=0.2%, 8=0.2%, 16=0.0%, 32=0.0%, >=64=0.0%
     submit    : 0=0.0%, 4=100.0%, 8=0.0%, 16=0.0%, 32=0.0%, 64=0.0%, >=64=0.0%
     complete  : 0=0.0%, 4=100.0%, 8=0.0%, 16=0.0%, 32=0.0%, 64=0.0%, >=64=0.0%
     issued    : total=r=0/w=4802/d=0, short=r=0/w=0/d=0, drop=r=0/w=0/d=0
     latency   : target=0, window=0, percentile=100.00%, depth=10

Run status group 0 (all jobs):
   READ: io=8868.2MB, aggrb=151340KB/s, minb=69394KB/s, maxb=81948KB/s, mint=60001msec, maxt=60004msec
  WRITE: io=4802.0MB, aggrb=81947KB/s, minb=81947KB/s, maxb=81947KB/s, mint=60005msec, maxt=60005msec

Disk stats (read/write):
  sda: ios=2668550/4810, merge=0/3, ticks=598251/10230, in_queue=610605, util=100.00%
