randread-1k-4k: (g=0): rw=randread, bs=1K-4K/1K-4K/1K-4K, ioengine=libaio, iodepth=10
seqread: (g=0): rw=read, bs=1M-1M/1M-1M/1M-1M, ioengine=libaio, iodepth=10
seqwrite: (g=0): rw=write, bs=1M-1M/1M-1M/1M-1M, ioengine=libaio, iodepth=10
fio-2.2.8
Starting 3 processes

randread-1k-4k: (groupid=0, jobs=1): err= 0: pid=1910: Tue Jun  7 16:12:20 2016
  read : io=26568KB, bw=453102B/s, iops=252, runt= 60043msec
    slat (usec): min=1, max=29, avg= 3.41, stdev= 1.65
    clat (msec): min=1, max=88, avg=39.53, stdev= 4.13
     lat (msec): min=1, max=88, avg=39.53, stdev= 4.13
    clat percentiles (usec):
     |  1.00th=[36096],  5.00th=[37632], 10.00th=[38144], 20.00th=[38144],
     | 30.00th=[38144], 40.00th=[38144], 50.00th=[38144], 60.00th=[38144],
     | 70.00th=[38144], 80.00th=[40192], 90.00th=[43264], 95.00th=[47360],
     | 99.00th=[57088], 99.50th=[60672], 99.90th=[68096], 99.95th=[76288],
     | 99.99th=[78336]
    bw (KB  /s): min=  393, max=  492, per=0.17%, avg=442.63, stdev=19.77
    lat (msec) : 2=0.04%, 4=0.03%, 10=0.01%, 20=0.05%, 50=96.56%
    lat (msec) : 100=3.32%
  cpu          : usr=0.05%, sys=0.11%, ctx=10714, majf=0, minf=20
  IO depths    : 1=0.1%, 2=0.1%, 4=0.1%, 8=100.0%, 16=0.0%, 32=0.0%, >=64=0.0%
     submit    : 0=0.0%, 4=100.0%, 8=0.0%, 16=0.0%, 32=0.0%, 64=0.0%, >=64=0.0%
     complete  : 0=0.0%, 4=100.0%, 8=0.0%, 16=0.1%, 32=0.0%, 64=0.0%, >=64=0.0%
     issued    : total=r=15187/w=0/d=0, short=r=0/w=0/d=0, drop=r=0/w=0/d=0
     latency   : target=0, window=0, percentile=100.00%, depth=10
seqread: (groupid=0, jobs=1): err= 0: pid=1911: Tue Jun  7 16:12:20 2016
  read : io=15243MB, bw=259987KB/s, iops=253, runt= 60037msec
    slat (usec): min=13, max=366, avg=20.07, stdev= 6.00
    clat (msec): min=3, max=90, avg=39.36, stdev= 3.86
     lat (msec): min=4, max=90, avg=39.38, stdev= 3.86
    clat percentiles (usec):
     |  1.00th=[36096],  5.00th=[38144], 10.00th=[38144], 20.00th=[38144],
     | 30.00th=[38144], 40.00th=[38144], 50.00th=[38144], 60.00th=[38144],
     | 70.00th=[38144], 80.00th=[40192], 90.00th=[42752], 95.00th=[47360],
     | 99.00th=[56064], 99.50th=[59136], 99.90th=[66048], 99.95th=[69120],
     | 99.99th=[82432]
    bw (KB  /s): min=247808, max=270336, per=99.92%, avg=260202.18, stdev=4901.75
    lat (msec) : 4=0.01%, 10=0.02%, 20=0.04%, 50=97.04%, 100=2.89%
  cpu          : usr=0.04%, sys=0.56%, ctx=15259, majf=0, minf=526
  IO depths    : 1=0.1%, 2=0.1%, 4=0.1%, 8=99.9%, 16=0.0%, 32=0.0%, >=64=0.0%
     submit    : 0=0.0%, 4=100.0%, 8=0.0%, 16=0.0%, 32=0.0%, 64=0.0%, >=64=0.0%
     complete  : 0=0.0%, 4=100.0%, 8=0.0%, 16=0.1%, 32=0.0%, 64=0.0%, >=64=0.0%
     issued    : total=r=15243/w=0/d=0, short=r=0/w=0/d=0, drop=r=0/w=0/d=0
     latency   : target=0, window=0, percentile=100.00%, depth=10
seqwrite: (groupid=0, jobs=1): err= 0: pid=1912: Tue Jun  7 16:12:20 2016
  write: io=15201MB, bw=259258KB/s, iops=253, runt= 60040msec
    slat (usec): min=21, max=82, avg=37.73, stdev= 6.84
    clat (msec): min=20, max=83, avg=39.45, stdev= 3.91
     lat (msec): min=20, max=83, avg=39.49, stdev= 3.91
    clat percentiles (usec):
     |  1.00th=[36096],  5.00th=[38144], 10.00th=[38144], 20.00th=[38144],
     | 30.00th=[38144], 40.00th=[38144], 50.00th=[38144], 60.00th=[38144],
     | 70.00th=[38144], 80.00th=[40192], 90.00th=[42752], 95.00th=[47360],
     | 99.00th=[57088], 99.50th=[60672], 99.90th=[67072], 99.95th=[71168],
     | 99.99th=[77312]
    bw (KB  /s): min=241889, max=270336, per=100.00%, avg=259455.61, stdev=4746.39
    lat (msec) : 50=96.79%, 100=3.21%
  cpu          : usr=0.52%, sys=0.54%, ctx=15218, majf=0, minf=10
  IO depths    : 1=0.1%, 2=0.1%, 4=0.1%, 8=99.9%, 16=0.0%, 32=0.0%, >=64=0.0%
     submit    : 0=0.0%, 4=100.0%, 8=0.0%, 16=0.0%, 32=0.0%, 64=0.0%, >=64=0.0%
     complete  : 0=0.0%, 4=100.0%, 8=0.0%, 16=0.1%, 32=0.0%, 64=0.0%, >=64=0.0%
     issued    : total=r=0/w=15201/d=0, short=r=0/w=0/d=0, drop=r=0/w=0/d=0
     latency   : target=0, window=0, percentile=100.00%, depth=10

Run status group 0 (all jobs):
   READ: io=15269MB, aggrb=260403KB/s, minb=442KB/s, maxb=259986KB/s, mint=60037msec, maxt=60043msec
  WRITE: io=15201MB, aggrb=259257KB/s, minb=259257KB/s, maxb=259257KB/s, mint=60040msec, maxt=60040msec

Disk stats (read/write):
  sda: ios=30376/16695, merge=0/2, ticks=1197193/657157, in_queue=1854960, util=99.88%
