randread-128k-256k: (g=0): rw=randread, bs=128K-256K/128K-256K/128K-256K, ioengine=libaio, iodepth=10
seqread: (g=0): rw=read, bs=1M-1M/1M-1M/1M-1M, ioengine=libaio, iodepth=10
seqwrite: (g=0): rw=write, bs=1M-1M/1M-1M/1M-1M, ioengine=libaio, iodepth=10
fio-2.2.8
Starting 3 processes

randread-128k-256k: (groupid=0, jobs=1): err= 0: pid=2473: Tue Jun  7 16:53:37 2016
  read : io=11705MB, bw=199689KB/s, iops=1560, runt= 60025msec
    slat (usec): min=3, max=270, avg= 4.73, stdev= 1.55
    clat (usec): min=353, max=45628, avg=6404.30, stdev=6573.91
     lat (usec): min=361, max=45632, avg=6409.10, stdev=6573.99
    clat percentiles (usec):
     |  1.00th=[ 2320],  5.00th=[ 2320], 10.00th=[ 2320], 20.00th=[ 2320],
     | 30.00th=[ 2320], 40.00th=[ 2352], 50.00th=[ 4192], 60.00th=[ 4320],
     | 70.00th=[ 6112], 80.00th=[ 6176], 90.00th=[17792], 95.00th=[21888],
     | 99.00th=[29056], 99.50th=[40192], 99.90th=[42752], 99.95th=[43776],
     | 99.99th=[45824]
    bw (KB  /s): min=160256, max=226048, per=55.02%, avg=200034.91, stdev=12406.37
    lat (usec) : 500=0.01%, 750=0.01%, 1000=0.01%
    lat (msec) : 2=0.01%, 4=40.18%, 10=44.75%, 20=5.52%, 50=9.54%
  cpu          : usr=0.35%, sys=0.82%, ctx=93665, majf=0, minf=74
  IO depths    : 1=0.1%, 2=0.1%, 4=0.1%, 8=100.0%, 16=0.0%, 32=0.0%, >=64=0.0%
     submit    : 0=0.0%, 4=100.0%, 8=0.0%, 16=0.0%, 32=0.0%, 64=0.0%, >=64=0.0%
     complete  : 0=0.0%, 4=100.0%, 8=0.0%, 16=0.1%, 32=0.0%, 64=0.0%, >=64=0.0%
     issued    : total=r=93643/w=0/d=0, short=r=0/w=0/d=0, drop=r=0/w=0/d=0
     latency   : target=0, window=0, percentile=100.00%, depth=10
seqread: (groupid=0, jobs=1): err= 0: pid=2474: Tue Jun  7 16:53:37 2016
  read : io=9608.0MB, bw=163897KB/s, iops=160, runt= 60029msec
    slat (usec): min=13, max=358, avg=19.87, stdev= 6.99
    clat (msec): min=3, max=45, avg=12.65, stdev= 7.76
     lat (msec): min=3, max=45, avg=12.67, stdev= 7.76
    clat percentiles (usec):
     |  1.00th=[ 3952],  5.00th=[ 4048], 10.00th=[ 4128], 20.00th=[ 5984],
     | 30.00th=[ 6048], 40.00th=[ 7776], 50.00th=[11328], 60.00th=[13760],
     | 70.00th=[17024], 80.00th=[20608], 90.00th=[20864], 95.00th=[22656],
     | 99.00th=[40192], 99.50th=[40192], 99.90th=[43776], 99.95th=[44800],
     | 99.99th=[45824]
    bw (KB  /s): min=150349, max=181908, per=45.13%, avg=164062.86, stdev=6528.16
    lat (msec) : 4=2.96%, 10=45.72%, 20=28.34%, 50=22.98%
  cpu          : usr=0.05%, sys=0.35%, ctx=13414, majf=0, minf=529
  IO depths    : 1=39.6%, 2=10.5%, 4=20.9%, 8=29.0%, 16=0.0%, 32=0.0%, >=64=0.0%
     submit    : 0=0.0%, 4=100.0%, 8=0.0%, 16=0.0%, 32=0.0%, 64=0.0%, >=64=0.0%
     complete  : 0=0.0%, 4=100.0%, 8=0.0%, 16=0.0%, 32=0.0%, 64=0.0%, >=64=0.0%
     issued    : total=r=9608/w=0/d=0, short=r=0/w=0/d=0, drop=r=0/w=0/d=0
     latency   : target=0, window=0, percentile=100.00%, depth=10
seqwrite: (groupid=0, jobs=1): err= 0: pid=2475: Tue Jun  7 16:53:37 2016
  write: io=9606.0MB, bw=163877KB/s, iops=160, runt= 60024msec
    slat (usec): min=21, max=112, avg=36.66, stdev= 7.35
    clat (msec): min=3, max=50, avg=16.46, stdev=10.16
     lat (msec): min=3, max=50, avg=16.49, stdev=10.17
    clat percentiles (usec):
     |  1.00th=[ 4080],  5.00th=[ 4256], 10.00th=[ 5728], 20.00th=[ 5984],
     | 30.00th=[ 6112], 40.00th=[10048], 50.00th=[15808], 60.00th=[21120],
     | 70.00th=[23680], 80.00th=[25216], 90.00th=[29312], 95.00th=[35584],
     | 99.00th=[40704], 99.50th=[42752], 99.90th=[45312], 99.95th=[50432],
     | 99.99th=[50944]
    bw (KB  /s): min=145117, max=183220, per=100.00%, avg=164045.50, stdev=7592.20
    lat (msec) : 4=0.01%, 10=39.79%, 20=19.21%, 50=40.91%, 100=0.08%
  cpu          : usr=0.33%, sys=0.34%, ctx=13259, majf=0, minf=11
  IO depths    : 1=38.1%, 2=10.1%, 4=20.2%, 8=31.6%, 16=0.0%, 32=0.0%, >=64=0.0%
     submit    : 0=0.0%, 4=100.0%, 8=0.0%, 16=0.0%, 32=0.0%, 64=0.0%, >=64=0.0%
     complete  : 0=0.0%, 4=100.0%, 8=0.0%, 16=0.1%, 32=0.0%, 64=0.0%, >=64=0.0%
     issued    : total=r=0/w=9606/d=0, short=r=0/w=0/d=0, drop=r=0/w=0/d=0
     latency   : target=0, window=0, percentile=100.00%, depth=10

Run status group 0 (all jobs):
   READ: io=21313MB, aggrb=363572KB/s, minb=163897KB/s, maxb=199688KB/s, mint=60025msec, maxt=60029msec
  WRITE: io=9606.0MB, aggrb=163876KB/s, minb=163876KB/s, maxb=163876KB/s, mint=60024msec, maxt=60024msec

Disk stats (read/write):
  sda: ios=103150/9602, merge=0/2, ticks=719591/157857, in_queue=877502, util=99.87%
