randread-8k-16k: (g=0): rw=randread, bs=8K-16K/8K-16K/8K-16K, ioengine=libaio, iodepth=10
seqread: (g=0): rw=read, bs=1M-1M/1M-1M/1M-1M, ioengine=libaio, iodepth=10
seqwrite: (g=0): rw=write, bs=1M-1M/1M-1M/1M-1M, ioengine=libaio, iodepth=10
fio-2.2.8
Starting 3 processes

randread-8k-16k: (groupid=0, jobs=1): err= 0: pid=6670: Tue Jun  7 16:14:21 2016
  read : io=122416KB, bw=2039.9KB/s, iops=254, runt= 60037msec
    slat (usec): min=1, max=32, avg= 3.59, stdev= 1.59
    clat (msec): min=1, max=75, avg=39.23, stdev= 3.23
     lat (msec): min=1, max=75, avg=39.23, stdev= 3.23
    clat percentiles (usec):
     |  1.00th=[36096],  5.00th=[36096], 10.00th=[38144], 20.00th=[38144],
     | 30.00th=[38144], 40.00th=[38144], 50.00th=[38144], 60.00th=[38144],
     | 70.00th=[38144], 80.00th=[40192], 90.00th=[42752], 95.00th=[45824],
     | 99.00th=[50432], 99.50th=[52992], 99.90th=[63232], 99.95th=[66048],
     | 99.99th=[75264]
    bw (KB  /s): min= 1924, max= 2176, per=0.78%, avg=2040.97, stdev=38.60
    lat (msec) : 2=0.05%, 4=0.02%, 10=0.01%, 50=98.59%, 100=1.33%
  cpu          : usr=0.06%, sys=0.11%, ctx=15329, majf=0, minf=34
  IO depths    : 1=0.1%, 2=0.1%, 4=0.1%, 8=100.0%, 16=0.0%, 32=0.0%, >=64=0.0%
     submit    : 0=0.0%, 4=100.0%, 8=0.0%, 16=0.0%, 32=0.0%, 64=0.0%, >=64=0.0%
     complete  : 0=0.0%, 4=100.0%, 8=0.0%, 16=0.1%, 32=0.0%, 64=0.0%, >=64=0.0%
     issued    : total=r=15301/w=0/d=0, short=r=0/w=0/d=0, drop=r=0/w=0/d=0
     latency   : target=0, window=0, percentile=100.00%, depth=10
seqread: (groupid=0, jobs=1): err= 0: pid=6671: Tue Jun  7 16:14:21 2016
  read : io=15310MB, bw=261182KB/s, iops=255, runt= 60025msec
    slat (usec): min=13, max=251, avg=20.80, stdev= 6.75
    clat (msec): min=3, max=68, avg=39.18, stdev= 2.83
     lat (msec): min=3, max=68, avg=39.20, stdev= 2.83
    clat percentiles (usec):
     |  1.00th=[38144],  5.00th=[38144], 10.00th=[38144], 20.00th=[38144],
     | 30.00th=[38144], 40.00th=[38144], 50.00th=[38144], 60.00th=[38144],
     | 70.00th=[38144], 80.00th=[39680], 90.00th=[42240], 95.00th=[45312],
     | 99.00th=[49408], 99.50th=[51968], 99.90th=[58112], 99.95th=[60160],
     | 99.99th=[67072]
    bw (KB  /s): min=247873, max=268288, per=99.34%, avg=261442.51, stdev=3739.16
    lat (msec) : 4=0.01%, 10=0.02%, 20=0.04%, 50=99.12%, 100=0.82%
  cpu          : usr=0.05%, sys=0.56%, ctx=15328, majf=0, minf=528
  IO depths    : 1=0.1%, 2=0.1%, 4=0.1%, 8=99.9%, 16=0.0%, 32=0.0%, >=64=0.0%
     submit    : 0=0.0%, 4=100.0%, 8=0.0%, 16=0.0%, 32=0.0%, 64=0.0%, >=64=0.0%
     complete  : 0=0.0%, 4=100.0%, 8=0.0%, 16=0.1%, 32=0.0%, 64=0.0%, >=64=0.0%
     issued    : total=r=15310/w=0/d=0, short=r=0/w=0/d=0, drop=r=0/w=0/d=0
     latency   : target=0, window=0, percentile=100.00%, depth=10
seqwrite: (groupid=0, jobs=1): err= 0: pid=6672: Tue Jun  7 16:14:21 2016
  write: io=15297MB, bw=260917KB/s, iops=254, runt= 60035msec
    slat (usec): min=22, max=103, avg=38.71, stdev= 7.76
    clat (msec): min=19, max=70, avg=39.20, stdev= 2.88
     lat (msec): min=19, max=70, avg=39.24, stdev= 2.88
    clat percentiles (usec):
     |  1.00th=[38144],  5.00th=[38144], 10.00th=[38144], 20.00th=[38144],
     | 30.00th=[38144], 40.00th=[38144], 50.00th=[38144], 60.00th=[38144],
     | 70.00th=[38144], 80.00th=[39168], 90.00th=[42240], 95.00th=[45824],
     | 99.00th=[49920], 99.50th=[52480], 99.90th=[62208], 99.95th=[62208],
     | 99.99th=[68096]
    bw (KB  /s): min=241181, max=268288, per=100.00%, avg=260963.09, stdev=4450.80
    lat (msec) : 20=0.01%, 50=98.86%, 100=1.13%
  cpu          : usr=0.52%, sys=0.56%, ctx=15323, majf=0, minf=10
  IO depths    : 1=0.1%, 2=0.1%, 4=0.1%, 8=99.9%, 16=0.0%, 32=0.0%, >=64=0.0%
     submit    : 0=0.0%, 4=100.0%, 8=0.0%, 16=0.0%, 32=0.0%, 64=0.0%, >=64=0.0%
     complete  : 0=0.0%, 4=100.0%, 8=0.0%, 16=0.1%, 32=0.0%, 64=0.0%, >=64=0.0%
     issued    : total=r=0/w=15297/d=0, short=r=0/w=0/d=0, drop=r=0/w=0/d=0
     latency   : target=0, window=0, percentile=100.00%, depth=10

Run status group 0 (all jobs):
   READ: io=15430MB, aggrb=263168KB/s, minb=2039KB/s, maxb=261181KB/s, mint=60025msec, maxt=60037msec
  WRITE: io=15297MB, aggrb=260916KB/s, minb=260916KB/s, maxb=260916KB/s, mint=60035msec, maxt=60035msec

Disk stats (read/write):
  sda: ios=30563/15283, merge=0/2, ticks=1197363/599001, in_queue=1796930, util=99.88%
