randread-128k-256k: (g=0): rw=randread, bs=128K-256K/128K-256K/128K-256K, ioengine=libaio, iodepth=10
seqread: (g=0): rw=read, bs=1M-1M/1M-1M/1M-1M, ioengine=libaio, iodepth=10
seqwrite: (g=0): rw=write, bs=1M-1M/1M-1M/1M-1M, ioengine=libaio, iodepth=10
fio-2.2.8
Starting 3 processes

randread-128k-256k: (groupid=0, jobs=1): err= 0: pid=32331: Tue Jun  7 16:52:36 2016
  read : io=16516MB, bw=281816KB/s, iops=2201, runt= 60013msec
    slat (usec): min=3, max=268, avg= 4.73, stdev= 1.51
    clat (usec): min=331, max=46940, avg=4536.34, stdev=3886.79
     lat (usec): min=340, max=46945, avg=4541.14, stdev=3886.84
    clat percentiles (usec):
     |  1.00th=[ 2320],  5.00th=[ 2320], 10.00th=[ 2320], 20.00th=[ 2320],
     | 30.00th=[ 2320], 40.00th=[ 4192], 50.00th=[ 4192], 60.00th=[ 4192],
     | 70.00th=[ 4256], 80.00th=[ 4256], 90.00th=[ 6112], 95.00th=[ 9024],
     | 99.00th=[23680], 99.50th=[24960], 99.90th=[38144], 99.95th=[40192],
     | 99.99th=[43264]
    bw (KB  /s): min=250624, max=312974, per=69.59%, avg=281708.81, stdev=13274.29
    lat (usec) : 500=0.01%, 750=0.01%, 1000=0.01%
    lat (msec) : 2=0.01%, 4=31.54%, 10=64.21%, 20=0.92%, 50=3.32%
  cpu          : usr=0.41%, sys=1.25%, ctx=132162, majf=0, minf=73
  IO depths    : 1=0.1%, 2=0.1%, 4=0.1%, 8=100.0%, 16=0.0%, 32=0.0%, >=64=0.0%
     submit    : 0=0.0%, 4=100.0%, 8=0.0%, 16=0.0%, 32=0.0%, 64=0.0%, >=64=0.0%
     complete  : 0=0.0%, 4=100.0%, 8=0.0%, 16=0.1%, 32=0.0%, 64=0.0%, >=64=0.0%
     issued    : total=r=132130/w=0/d=0, short=r=0/w=0/d=0, drop=r=0/w=0/d=0
     latency   : target=0, window=0, percentile=100.00%, depth=10
seqread: (groupid=0, jobs=1): err= 0: pid=32332: Tue Jun  7 16:52:36 2016
  read : io=7210.0MB, bw=123020KB/s, iops=120, runt= 60015msec
    slat (usec): min=12, max=355, avg=20.26, stdev= 7.79
    clat (msec): min=2, max=40, avg= 8.33, stdev= 5.71
     lat (msec): min=3, max=40, avg= 8.35, stdev= 5.71
    clat percentiles (usec):
     |  1.00th=[ 3952],  5.00th=[ 4016], 10.00th=[ 4128], 20.00th=[ 4320],
     | 30.00th=[ 4576], 40.00th=[ 4768], 50.00th=[ 5664], 60.00th=[ 5984],
     | 70.00th=[ 9024], 80.00th=[13248], 90.00th=[18816], 95.00th=[20864],
     | 99.00th=[23424], 99.50th=[25728], 99.90th=[36608], 99.95th=[40192],
     | 99.99th=[40192]
    bw (KB  /s): min=108327, max=135588, per=30.38%, avg=123003.15, stdev=4350.33
    lat (msec) : 4=3.44%, 10=70.93%, 20=18.03%, 50=7.60%
  cpu          : usr=0.08%, sys=0.25%, ctx=12044, majf=0, minf=527
  IO depths    : 1=67.1%, 2=6.9%, 4=13.7%, 8=12.4%, 16=0.0%, 32=0.0%, >=64=0.0%
     submit    : 0=0.0%, 4=100.0%, 8=0.0%, 16=0.0%, 32=0.0%, 64=0.0%, >=64=0.0%
     complete  : 0=0.0%, 4=100.0%, 8=0.0%, 16=0.0%, 32=0.0%, 64=0.0%, >=64=0.0%
     issued    : total=r=7210/w=0/d=0, short=r=0/w=0/d=0, drop=r=0/w=0/d=0
     latency   : target=0, window=0, percentile=100.00%, depth=10
seqwrite: (groupid=0, jobs=1): err= 0: pid=32333: Tue Jun  7 16:52:36 2016
  write: io=7201.0MB, bw=122868KB/s, iops=119, runt= 60014msec
    slat (usec): min=22, max=86, avg=37.98, stdev= 8.46
    clat (msec): min=3, max=46, avg=11.38, stdev= 8.73
     lat (msec): min=3, max=46, avg=11.42, stdev= 8.74
    clat percentiles (usec):
     |  1.00th=[ 4080],  5.00th=[ 4256], 10.00th=[ 4448], 20.00th=[ 5152],
     | 30.00th=[ 5856], 40.00th=[ 5984], 50.00th=[ 6048], 60.00th=[ 7520],
     | 70.00th=[13888], 80.00th=[21632], 90.00th=[23680], 95.00th=[27520],
     | 99.00th=[38144], 99.50th=[40192], 99.90th=[42240], 99.95th=[43264],
     | 99.99th=[46848]
    bw (KB  /s): min=109019, max=135321, per=100.00%, avg=123028.93, stdev=4190.68
    lat (msec) : 4=0.03%, 10=64.91%, 20=13.16%, 50=21.90%
  cpu          : usr=0.29%, sys=0.25%, ctx=11807, majf=0, minf=10
  IO depths    : 1=64.0%, 2=6.4%, 4=12.7%, 8=17.0%, 16=0.0%, 32=0.0%, >=64=0.0%
     submit    : 0=0.0%, 4=100.0%, 8=0.0%, 16=0.0%, 32=0.0%, 64=0.0%, >=64=0.0%
     complete  : 0=0.0%, 4=100.0%, 8=0.0%, 16=0.0%, 32=0.0%, 64=0.0%, >=64=0.0%
     issued    : total=r=0/w=7201/d=0, short=r=0/w=0/d=0, drop=r=0/w=0/d=0
     latency   : target=0, window=0, percentile=100.00%, depth=10

Run status group 0 (all jobs):
   READ: io=23726MB, aggrb=404826KB/s, minb=123019KB/s, maxb=281816KB/s, mint=60013msec, maxt=60015msec
  WRITE: io=7201.0MB, aggrb=122868KB/s, minb=122868KB/s, maxb=122868KB/s, mint=60014msec, maxt=60014msec

Disk stats (read/write):
  sda: ios=139201/8693, merge=0/2, ticks=657925/97711, in_queue=755656, util=99.87%
