randread-128k-256k: (g=0): rw=randread, bs=128K-256K/128K-256K/128K-256K, ioengine=libaio, iodepth=10
seqread: (g=0): rw=read, bs=1M-1M/1M-1M/1M-1M, ioengine=libaio, iodepth=10
seqwrite: (g=0): rw=write, bs=1M-1M/1M-1M/1M-1M, ioengine=libaio, iodepth=10
fio-2.2.8
Starting 3 processes

randread-128k-256k: (groupid=0, jobs=1): err= 0: pid=19531: Tue Jun  7 16:33:29 2016
  read : io=21516MB, bw=367166KB/s, iops=2868, runt= 60007msec
    slat (usec): min=3, max=310, avg= 4.62, stdev= 1.32
    clat (usec): min=346, max=38413, avg=3480.74, stdev=1228.74
     lat (usec): min=356, max=38418, avg=3485.42, stdev=1228.75
    clat percentiles (usec):
     |  1.00th=[ 2320],  5.00th=[ 2320], 10.00th=[ 2320], 20.00th=[ 2320],
     | 30.00th=[ 2320], 40.00th=[ 2320], 50.00th=[ 4192], 60.00th=[ 4192],
     | 70.00th=[ 4192], 80.00th=[ 4256], 90.00th=[ 4256], 95.00th=[ 4320],
     | 99.00th=[ 7712], 99.50th=[ 8640], 99.90th=[ 9152], 99.95th=[10176],
     | 99.99th=[21888]
    bw (KB  /s): min=336128, max=382464, per=81.78%, avg=367255.42, stdev=11700.37
    lat (usec) : 500=0.01%, 750=0.01%, 1000=0.01%
    lat (msec) : 2=0.01%, 4=44.45%, 10=55.49%, 20=0.03%, 50=0.02%
  cpu          : usr=0.56%, sys=1.55%, ctx=172160, majf=0, minf=73
  IO depths    : 1=0.1%, 2=0.1%, 4=0.1%, 8=100.0%, 16=0.0%, 32=0.0%, >=64=0.0%
     submit    : 0=0.0%, 4=100.0%, 8=0.0%, 16=0.0%, 32=0.0%, 64=0.0%, >=64=0.0%
     complete  : 0=0.0%, 4=100.0%, 8=0.0%, 16=0.1%, 32=0.0%, 64=0.0%, >=64=0.0%
     issued    : total=r=172129/w=0/d=0, short=r=0/w=0/d=0, drop=r=0/w=0/d=0
     latency   : target=0, window=0, percentile=100.00%, depth=10
seqread: (groupid=0, jobs=1): err= 0: pid=19532: Tue Jun  7 16:33:29 2016
  read : io=4802.0MB, bw=81942KB/s, iops=80, runt= 60009msec
    slat (usec): min=14, max=316, avg=24.05, stdev= 9.75
    clat (usec): min=3117, max=21592, avg=4125.82, stdev=741.87
     lat (usec): min=3137, max=21779, avg=4149.99, stdev=744.50
    clat percentiles (usec):
     |  1.00th=[ 3952],  5.00th=[ 3952], 10.00th=[ 3952], 20.00th=[ 3984],
     | 30.00th=[ 4016], 40.00th=[ 4048], 50.00th=[ 4048], 60.00th=[ 4080],
     | 70.00th=[ 4128], 80.00th=[ 4128], 90.00th=[ 4128], 95.00th=[ 4192],
     | 99.00th=[ 5472], 99.50th=[ 7200], 99.90th=[18304], 99.95th=[19840],
     | 99.99th=[21632]
    bw (KB  /s): min=81680, max=84661, per=18.26%, avg=81997.44, stdev=258.72
    lat (msec) : 4=24.26%, 10=75.43%, 20=0.27%, 50=0.04%
  cpu          : usr=0.05%, sys=0.20%, ctx=9595, majf=0, minf=529
  IO depths    : 1=99.6%, 2=0.1%, 4=0.2%, 8=0.1%, 16=0.0%, 32=0.0%, >=64=0.0%
     submit    : 0=0.0%, 4=100.0%, 8=0.0%, 16=0.0%, 32=0.0%, 64=0.0%, >=64=0.0%
     complete  : 0=0.0%, 4=100.0%, 8=0.0%, 16=0.0%, 32=0.0%, 64=0.0%, >=64=0.0%
     issued    : total=r=4802/w=0/d=0, short=r=0/w=0/d=0, drop=r=0/w=0/d=0
     latency   : target=0, window=0, percentile=100.00%, depth=10
seqwrite: (groupid=0, jobs=1): err= 0: pid=19533: Tue Jun  7 16:33:29 2016
  write: io=4802.0MB, bw=81943KB/s, iops=80, runt= 60008msec
    slat (usec): min=24, max=65, avg=31.84, stdev= 4.02
    clat (msec): min=2, max=39, avg= 5.01, stdev= 1.45
     lat (msec): min=2, max=39, avg= 5.04, stdev= 1.45
    clat percentiles (usec):
     |  1.00th=[ 4128],  5.00th=[ 4256], 10.00th=[ 4320], 20.00th=[ 4448],
     | 30.00th=[ 4576], 40.00th=[ 4704], 50.00th=[ 4960], 60.00th=[ 5152],
     | 70.00th=[ 5280], 80.00th=[ 5408], 90.00th=[ 5536], 95.00th=[ 5600],
     | 99.00th=[ 6048], 99.50th=[ 7392], 99.90th=[32128], 99.95th=[36096],
     | 99.99th=[39680]
    bw (KB  /s): min=81680, max=84495, per=100.00%, avg=81996.03, stdev=244.15
    lat (msec) : 4=0.02%, 10=99.54%, 20=0.15%, 50=0.29%
  cpu          : usr=0.14%, sys=0.18%, ctx=9586, majf=0, minf=10
  IO depths    : 1=99.6%, 2=0.1%, 4=0.2%, 8=0.2%, 16=0.0%, 32=0.0%, >=64=0.0%
     submit    : 0=0.0%, 4=100.0%, 8=0.0%, 16=0.0%, 32=0.0%, 64=0.0%, >=64=0.0%
     complete  : 0=0.0%, 4=100.0%, 8=0.0%, 16=0.0%, 32=0.0%, 64=0.0%, >=64=0.0%
     issued    : total=r=0/w=4802/d=0, short=r=0/w=0/d=0, drop=r=0/w=0/d=0
     latency   : target=0, window=0, percentile=100.00%, depth=10

Run status group 0 (all jobs):
   READ: io=26318MB, aggrb=449095KB/s, minb=81941KB/s, maxb=367165KB/s, mint=60007msec, maxt=60009msec
  WRITE: io=4802.0MB, aggrb=81943KB/s, minb=81943KB/s, maxb=81943KB/s, mint=60008msec, maxt=60008msec

Disk stats (read/write):
  sda: ios=176749/4811, merge=0/1, ticks=617654/24158, in_queue=641819, util=99.87%
