randread-128k-256k: (g=0): rw=randread, bs=128K-256K/128K-256K/128K-256K, ioengine=libaio, iodepth=10
seqread: (g=0): rw=read, bs=1M-1M/1M-1M/1M-1M, ioengine=libaio, iodepth=10
seqwrite: (g=0): rw=write, bs=1M-1M/1M-1M/1M-1M, ioengine=libaio, iodepth=10
fio-2.2.8
Starting 3 processes

randread-128k-256k: (groupid=0, jobs=1): err= 0: pid=25669: Tue Jun  7 16:22:24 2016
  read : io=1834.7MB, bw=31291KB/s, iops=244, runt= 60039msec
    slat (usec): min=2, max=254, avg= 5.06, stdev= 2.65
    clat (msec): min=2, max=81, avg=40.90, stdev= 2.11
     lat (msec): min=2, max=81, avg=40.91, stdev= 2.11
    clat percentiles (usec):
     |  1.00th=[40192],  5.00th=[40192], 10.00th=[40192], 20.00th=[40192],
     | 30.00th=[40192], 40.00th=[40192], 50.00th=[40192], 60.00th=[40192],
     | 70.00th=[40192], 80.00th=[41216], 90.00th=[43264], 95.00th=[43776],
     | 99.00th=[45824], 99.50th=[46848], 99.90th=[61184], 99.95th=[64256],
     | 99.99th=[81408]
    bw (KB  /s): min=29790, max=32697, per=11.12%, avg=31301.88, stdev=634.99
    lat (msec) : 4=0.03%, 10=0.05%, 20=0.01%, 50=99.75%, 100=0.15%
  cpu          : usr=0.05%, sys=0.15%, ctx=14683, majf=0, minf=75
  IO depths    : 1=0.1%, 2=0.1%, 4=0.1%, 8=100.0%, 16=0.0%, 32=0.0%, >=64=0.0%
     submit    : 0=0.0%, 4=100.0%, 8=0.0%, 16=0.0%, 32=0.0%, 64=0.0%, >=64=0.0%
     complete  : 0=0.0%, 4=100.0%, 8=0.0%, 16=0.1%, 32=0.0%, 64=0.0%, >=64=0.0%
     issued    : total=r=14677/w=0/d=0, short=r=0/w=0/d=0, drop=r=0/w=0/d=0
     latency   : target=0, window=0, percentile=100.00%, depth=10
seqread: (groupid=0, jobs=1): err= 0: pid=25670: Tue Jun  7 16:22:24 2016
  read : io=14670MB, bw=250297KB/s, iops=244, runt= 60017msec
    slat (usec): min=13, max=369, avg=19.55, stdev= 5.95
    clat (msec): min=4, max=61, avg=40.89, stdev= 1.89
     lat (msec): min=5, max=61, avg=40.91, stdev= 1.89
    clat percentiles (usec):
     |  1.00th=[40192],  5.00th=[40192], 10.00th=[40192], 20.00th=[40192],
     | 30.00th=[40192], 40.00th=[40192], 50.00th=[40192], 60.00th=[40192],
     | 70.00th=[40192], 80.00th=[41216], 90.00th=[43264], 95.00th=[43776],
     | 99.00th=[45824], 99.50th=[46848], 99.90th=[58624], 99.95th=[61696],
     | 99.99th=[61696]
    bw (KB  /s): min=231619, max=264192, per=88.97%, avg=250440.54, stdev=7114.15
    lat (msec) : 10=0.02%, 20=0.04%, 50=99.74%, 100=0.20%
  cpu          : usr=0.06%, sys=0.50%, ctx=14679, majf=0, minf=527
  IO depths    : 1=0.1%, 2=0.1%, 4=0.1%, 8=99.9%, 16=0.0%, 32=0.0%, >=64=0.0%
     submit    : 0=0.0%, 4=100.0%, 8=0.0%, 16=0.0%, 32=0.0%, 64=0.0%, >=64=0.0%
     complete  : 0=0.0%, 4=100.0%, 8=0.0%, 16=0.1%, 32=0.0%, 64=0.0%, >=64=0.0%
     issued    : total=r=14670/w=0/d=0, short=r=0/w=0/d=0, drop=r=0/w=0/d=0
     latency   : target=0, window=0, percentile=100.00%, depth=10
seqwrite: (groupid=0, jobs=1): err= 0: pid=25671: Tue Jun  7 16:22:24 2016
  write: io=14650MB, bw=249885KB/s, iops=244, runt= 60034msec
    slat (usec): min=20, max=86, avg=36.46, stdev= 6.49
    clat (msec): min=22, max=76, avg=40.93, stdev= 2.02
     lat (msec): min=22, max=76, avg=40.97, stdev= 2.02
    clat percentiles (usec):
     |  1.00th=[40192],  5.00th=[40192], 10.00th=[40192], 20.00th=[40192],
     | 30.00th=[40192], 40.00th=[40192], 50.00th=[40192], 60.00th=[40192],
     | 70.00th=[40192], 80.00th=[41216], 90.00th=[43264], 95.00th=[43776],
     | 99.00th=[46848], 99.50th=[47360], 99.90th=[66048], 99.95th=[71168],
     | 99.99th=[76288]
    bw (KB  /s): min=230787, max=264192, per=100.00%, avg=250123.33, stdev=6622.03
    lat (msec) : 50=99.74%, 100=0.26%
  cpu          : usr=0.46%, sys=0.52%, ctx=14669, majf=0, minf=11
  IO depths    : 1=0.1%, 2=0.1%, 4=0.1%, 8=99.9%, 16=0.0%, 32=0.0%, >=64=0.0%
     submit    : 0=0.0%, 4=100.0%, 8=0.0%, 16=0.0%, 32=0.0%, 64=0.0%, >=64=0.0%
     complete  : 0=0.0%, 4=100.0%, 8=0.0%, 16=0.1%, 32=0.0%, 64=0.0%, >=64=0.0%
     issued    : total=r=0/w=14650/d=0, short=r=0/w=0/d=0, drop=r=0/w=0/d=0
     latency   : target=0, window=0, percentile=100.00%, depth=10

Run status group 0 (all jobs):
   READ: io=16505MB, aggrb=281495KB/s, minb=31290KB/s, maxb=250297KB/s, mint=60017msec, maxt=60039msec
  WRITE: io=14650MB, aggrb=249885KB/s, minb=249885KB/s, maxb=249885KB/s, mint=60034msec, maxt=60034msec

Disk stats (read/write):
  sda: ios=29296/14634, merge=1/2, ticks=1197487/598818, in_queue=1796944, util=99.88%
