randread-512k-1m: (g=0): rw=randread, bs=512K-1M/512K-1M/512K-1M, ioengine=libaio, iodepth=10
seqread: (g=0): rw=read, bs=1M-1M/1M-1M/1M-1M, ioengine=libaio, iodepth=10
seqwrite: (g=0): rw=write, bs=1M-1M/1M-1M/1M-1M, ioengine=libaio, iodepth=10
fio-2.2.8
Starting 3 processes

randread-512k-1m: (groupid=0, jobs=1): err= 0: pid=30414: Tue Jun  7 16:24:25 2016
  read : io=6291.0MB, bw=107279KB/s, iops=209, runt= 60049msec
    slat (usec): min=7, max=364, avg=11.38, stdev= 5.91
    clat (msec): min=2, max=94, avg=47.71, stdev= 2.35
     lat (msec): min=3, max=94, avg=47.72, stdev= 2.34
    clat percentiles (usec):
     |  1.00th=[47360],  5.00th=[47360], 10.00th=[47360], 20.00th=[47360],
     | 30.00th=[47360], 40.00th=[47360], 50.00th=[47360], 60.00th=[47360],
     | 70.00th=[47360], 80.00th=[47872], 90.00th=[49920], 95.00th=[50944],
     | 99.00th=[51968], 99.50th=[54016], 99.90th=[69120], 99.95th=[89600],
     | 99.99th=[93696]
    bw (KB  /s): min=102197, max=112415, per=33.34%, avg=107343.82, stdev=2132.48
    lat (msec) : 4=0.02%, 10=0.02%, 20=0.06%, 50=89.17%, 100=10.75%
  cpu          : usr=0.04%, sys=0.27%, ctx=12591, majf=0, minf=268
  IO depths    : 1=0.1%, 2=0.1%, 4=0.1%, 8=99.9%, 16=0.0%, 32=0.0%, >=64=0.0%
     submit    : 0=0.0%, 4=100.0%, 8=0.0%, 16=0.0%, 32=0.0%, 64=0.0%, >=64=0.0%
     complete  : 0=0.0%, 4=100.0%, 8=0.0%, 16=0.1%, 32=0.0%, 64=0.0%, >=64=0.0%
     issued    : total=r=12582/w=0/d=0, short=r=0/w=0/d=0, drop=r=0/w=0/d=0
     latency   : target=0, window=0, percentile=100.00%, depth=10
seqread: (groupid=0, jobs=1): err= 0: pid=30415: Tue Jun  7 16:24:25 2016
  read : io=12590MB, bw=214698KB/s, iops=209, runt= 60048msec
    slat (usec): min=13, max=494, avg=19.72, stdev= 7.70
    clat (msec): min=5, max=90, avg=47.67, stdev= 2.11
     lat (msec): min=5, max=90, avg=47.69, stdev= 2.11
    clat percentiles (usec):
     |  1.00th=[47360],  5.00th=[47360], 10.00th=[47360], 20.00th=[47360],
     | 30.00th=[47360], 40.00th=[47360], 50.00th=[47360], 60.00th=[47360],
     | 70.00th=[47360], 80.00th=[47872], 90.00th=[49920], 95.00th=[50944],
     | 99.00th=[51968], 99.50th=[53504], 99.90th=[67072], 99.95th=[67072],
     | 99.99th=[88576]
    bw (KB  /s): min=202792, max=223232, per=66.67%, avg=214663.46, stdev=3499.19
    lat (msec) : 10=0.02%, 20=0.03%, 50=89.25%, 100=10.71%
  cpu          : usr=0.05%, sys=0.43%, ctx=12607, majf=0, minf=528
  IO depths    : 1=0.1%, 2=0.1%, 4=0.1%, 8=99.8%, 16=0.0%, 32=0.0%, >=64=0.0%
     submit    : 0=0.0%, 4=100.0%, 8=0.0%, 16=0.0%, 32=0.0%, 64=0.0%, >=64=0.0%
     complete  : 0=0.0%, 4=100.0%, 8=0.0%, 16=0.1%, 32=0.0%, 64=0.0%, >=64=0.0%
     issued    : total=r=12590/w=0/d=0, short=r=0/w=0/d=0, drop=r=0/w=0/d=0
     latency   : target=0, window=0, percentile=100.00%, depth=10
seqwrite: (groupid=0, jobs=1): err= 0: pid=30416: Tue Jun  7 16:24:25 2016
  write: io=12550MB, bw=214101KB/s, iops=209, runt= 60024msec
    slat (usec): min=21, max=75, avg=36.96, stdev= 6.48
    clat (msec): min=26, max=96, avg=47.78, stdev= 2.71
     lat (msec): min=26, max=96, avg=47.82, stdev= 2.71
    clat percentiles (usec):
     |  1.00th=[47360],  5.00th=[47360], 10.00th=[47360], 20.00th=[47360],
     | 30.00th=[47360], 40.00th=[47360], 50.00th=[47360], 60.00th=[47360],
     | 70.00th=[47360], 80.00th=[47872], 90.00th=[49920], 95.00th=[50944],
     | 99.00th=[51968], 99.50th=[55040], 99.90th=[87552], 99.95th=[91648],
     | 99.99th=[95744]
    bw (KB  /s): min=190421, max=223232, per=100.00%, avg=214215.46, stdev=5140.99
    lat (msec) : 50=89.39%, 100=10.61%
  cpu          : usr=0.45%, sys=0.39%, ctx=12573, majf=0, minf=10
  IO depths    : 1=0.1%, 2=0.1%, 4=0.1%, 8=99.8%, 16=0.0%, 32=0.0%, >=64=0.0%
     submit    : 0=0.0%, 4=100.0%, 8=0.0%, 16=0.0%, 32=0.0%, 64=0.0%, >=64=0.0%
     complete  : 0=0.0%, 4=100.0%, 8=0.0%, 16=0.1%, 32=0.0%, 64=0.0%, >=64=0.0%
     issued    : total=r=0/w=12550/d=0, short=r=0/w=0/d=0, drop=r=0/w=0/d=0
     latency   : target=0, window=0, percentile=100.00%, depth=10

Run status group 0 (all jobs):
   READ: io=18881MB, aggrb=321972KB/s, minb=107278KB/s, maxb=214697KB/s, mint=60048msec, maxt=60049msec
  WRITE: io=12550MB, aggrb=214101KB/s, minb=214101KB/s, maxb=214101KB/s, mint=60024msec, maxt=60024msec

Disk stats (read/write):
  sda: ios=25122/12543, merge=0/2, ticks=1196997/598986, in_queue=1796701, util=99.88%
