randread-32k-64k: (g=0): rw=randread, bs=32K-64K/32K-64K/32K-64K, ioengine=libaio, iodepth=10
seqread: (g=0): rw=read, bs=1M-1M/1M-1M/1M-1M, ioengine=libaio, iodepth=10
seqwrite: (g=0): rw=write, bs=1M-1M/1M-1M/1M-1M, ioengine=libaio, iodepth=10
fio-2.2.8
Starting 3 processes

randread-32k-64k: (groupid=0, jobs=1): err= 0: pid=20506: Tue Jun  7 16:47:34 2016
  read : io=25334MB, bw=432352KB/s, iops=13510, runt= 60001msec
    slat (usec): min=2, max=198, avg= 3.49, stdev= 0.77
    clat (usec): min=152, max=22444, avg=736.06, stdev=601.82
     lat (usec): min=159, max=22448, avg=739.61, stdev=601.85
    clat percentiles (usec):
     |  1.00th=[  596],  5.00th=[  596], 10.00th=[  596], 20.00th=[  596],
     | 30.00th=[  596], 40.00th=[  596], 50.00th=[  596], 60.00th=[  596],
     | 70.00th=[  596], 80.00th=[  596], 90.00th=[  604], 95.00th=[ 2448],
     | 99.00th=[ 2864], 99.50th=[ 2960], 99.90th=[ 7904], 99.95th=[ 8032],
     | 99.99th=[ 8256]
    bw (KB  /s): min=409664, max=445056, per=91.38%, avg=432499.02, stdev=9610.55
    lat (usec) : 250=0.01%, 500=0.01%, 750=93.45%, 1000=0.43%
    lat (msec) : 2=0.15%, 4=5.67%, 10=0.30%, 20=0.01%, 50=0.01%
  cpu          : usr=2.72%, sys=5.52%, ctx=810701, majf=0, minf=139
  IO depths    : 1=0.1%, 2=0.1%, 4=0.1%, 8=100.0%, 16=0.0%, 32=0.0%, >=64=0.0%
     submit    : 0=0.0%, 4=100.0%, 8=0.0%, 16=0.0%, 32=0.0%, 64=0.0%, >=64=0.0%
     complete  : 0=0.0%, 4=100.0%, 8=0.0%, 16=0.1%, 32=0.0%, 64=0.0%, >=64=0.0%
     issued    : total=r=810665/w=0/d=0, short=r=0/w=0/d=0, drop=r=0/w=0/d=0
     latency   : target=0, window=0, percentile=100.00%, depth=10
seqread: (groupid=0, jobs=1): err= 0: pid=20507: Tue Jun  7 16:47:34 2016
  read : io=2402.0MB, bw=40991KB/s, iops=40, runt= 60005msec
    slat (usec): min=16, max=262, avg=28.55, stdev= 9.93
    clat (usec): min=1943, max=19764, avg=2466.19, stdev=729.62
     lat (usec): min=1973, max=19942, avg=2494.85, stdev=734.46
    clat percentiles (usec):
     |  1.00th=[ 2384],  5.00th=[ 2384], 10.00th=[ 2384], 20.00th=[ 2416],
     | 30.00th=[ 2416], 40.00th=[ 2416], 50.00th=[ 2416], 60.00th=[ 2416],
     | 70.00th=[ 2416], 80.00th=[ 2448], 90.00th=[ 2448], 95.00th=[ 2448],
     | 99.00th=[ 2448], 99.50th=[ 5920], 99.90th=[16512], 99.95th=[18048],
     | 99.99th=[19840]
    bw (KB  /s): min=40960, max=44698, per=8.67%, avg=41023.28, stdev=344.79
    lat (msec) : 2=0.04%, 4=99.33%, 10=0.37%, 20=0.25%
  cpu          : usr=0.04%, sys=0.13%, ctx=4802, majf=0, minf=528
  IO depths    : 1=99.6%, 2=0.1%, 4=0.2%, 8=0.1%, 16=0.0%, 32=0.0%, >=64=0.0%
     submit    : 0=0.0%, 4=100.0%, 8=0.0%, 16=0.0%, 32=0.0%, 64=0.0%, >=64=0.0%
     complete  : 0=0.0%, 4=100.0%, 8=0.0%, 16=0.0%, 32=0.0%, 64=0.0%, >=64=0.0%
     issued    : total=r=2402/w=0/d=0, short=r=0/w=0/d=0, drop=r=0/w=0/d=0
     latency   : target=0, window=0, percentile=100.00%, depth=10
seqwrite: (groupid=0, jobs=1): err= 0: pid=20508: Tue Jun  7 16:47:34 2016
  write: io=2402.0MB, bw=40991KB/s, iops=40, runt= 60005msec
    slat (usec): min=23, max=79, avg=41.14, stdev= 7.28
    clat (msec): min=1, max=38, avg= 2.61, stdev= 1.78
     lat (msec): min=2, max=38, avg= 2.65, stdev= 1.78
    clat percentiles (usec):
     |  1.00th=[ 2416],  5.00th=[ 2416], 10.00th=[ 2448], 20.00th=[ 2448],
     | 30.00th=[ 2448], 40.00th=[ 2480], 50.00th=[ 2480], 60.00th=[ 2512],
     | 70.00th=[ 2512], 80.00th=[ 2512], 90.00th=[ 2544], 95.00th=[ 2544],
     | 99.00th=[ 2544], 99.50th=[ 5088], 99.90th=[34560], 99.95th=[36096],
     | 99.99th=[38144]
    bw (KB  /s): min=40960, max=44609, per=100.00%, avg=41025.75, stdev=337.82
    lat (msec) : 2=0.04%, 4=99.38%, 10=0.17%, 50=0.42%
  cpu          : usr=0.10%, sys=0.12%, ctx=4800, majf=0, minf=10
  IO depths    : 1=99.6%, 2=0.1%, 4=0.2%, 8=0.1%, 16=0.0%, 32=0.0%, >=64=0.0%
     submit    : 0=0.0%, 4=100.0%, 8=0.0%, 16=0.0%, 32=0.0%, 64=0.0%, >=64=0.0%
     complete  : 0=0.0%, 4=100.0%, 8=0.0%, 16=0.0%, 32=0.0%, 64=0.0%, >=64=0.0%
     issued    : total=r=0/w=2402/d=0, short=r=0/w=0/d=0, drop=r=0/w=0/d=0
     latency   : target=0, window=0, percentile=100.00%, depth=10

Run status group 0 (all jobs):
   READ: io=27736MB, aggrb=473314KB/s, minb=40990KB/s, maxb=432352KB/s, mint=60001msec, maxt=60005msec
  WRITE: io=2402.0MB, aggrb=40990KB/s, minb=40990KB/s, maxb=40990KB/s, mint=60005msec, maxt=60005msec

Disk stats (read/write):
  sda: ios=811767/3606, merge=0/2, ticks=599853/9046, in_queue=608849, util=99.87%
