randread-32k-64k: (g=0): rw=randread, bs=32K-64K/32K-64K/32K-64K, ioengine=libaio, iodepth=10
seqread: (g=0): rw=read, bs=1M-1M/1M-1M/1M-1M, ioengine=libaio, iodepth=10
seqwrite: (g=0): rw=write, bs=1M-1M/1M-1M/1M-1M, ioengine=libaio, iodepth=10
fio-2.2.8
Starting 3 processes

randread-32k-64k: (groupid=0, jobs=1): err= 0: pid=17153: Tue Jun  7 16:32:28 2016
  read : io=19692MB, bw=336067KB/s, iops=10501, runt= 60001msec
    slat (usec): min=2, max=222, avg= 3.66, stdev= 0.76
    clat (usec): min=152, max=22524, avg=947.99, stdev=904.08
     lat (usec): min=158, max=22529, avg=951.71, stdev=904.10
    clat percentiles (usec):
     |  1.00th=[  596],  5.00th=[  596], 10.00th=[  596], 20.00th=[  596],
     | 30.00th=[  596], 40.00th=[  596], 50.00th=[  596], 60.00th=[  596],
     | 70.00th=[  604], 80.00th=[  660], 90.00th=[ 2448], 95.00th=[ 2768],
     | 99.00th=[ 3024], 99.50th=[ 7392], 99.90th=[ 8096], 99.95th=[ 8160],
     | 99.99th=[ 8512]
    bw (KB  /s): min=300253, max=367616, per=80.39%, avg=336015.56, stdev=16550.66
    lat (usec) : 250=0.01%, 500=0.01%, 750=83.27%, 1000=1.32%
    lat (msec) : 2=0.08%, 4=14.66%, 10=0.66%, 20=0.01%, 50=0.01%
  cpu          : usr=2.00%, sys=4.57%, ctx=630174, majf=0, minf=121
  IO depths    : 1=0.1%, 2=0.1%, 4=0.1%, 8=100.0%, 16=0.0%, 32=0.0%, >=64=0.0%
     submit    : 0=0.0%, 4=100.0%, 8=0.0%, 16=0.0%, 32=0.0%, 64=0.0%, >=64=0.0%
     complete  : 0=0.0%, 4=100.0%, 8=0.0%, 16=0.1%, 32=0.0%, 64=0.0%, >=64=0.0%
     issued    : total=r=630130/w=0/d=0, short=r=0/w=0/d=0, drop=r=0/w=0/d=0
     latency   : target=0, window=0, percentile=100.00%, depth=10
seqread: (groupid=0, jobs=1): err= 0: pid=17154: Tue Jun  7 16:32:28 2016
  read : io=4802.0MB, bw=81947KB/s, iops=80, runt= 60005msec
    slat (usec): min=16, max=232, avg=26.96, stdev= 6.72
    clat (usec): min=1970, max=19831, avg=2466.62, stdev=713.13
     lat (usec): min=1997, max=19958, avg=2493.70, stdev=715.08
    clat percentiles (usec):
     |  1.00th=[ 2384],  5.00th=[ 2384], 10.00th=[ 2384], 20.00th=[ 2416],
     | 30.00th=[ 2416], 40.00th=[ 2416], 50.00th=[ 2416], 60.00th=[ 2416],
     | 70.00th=[ 2416], 80.00th=[ 2448], 90.00th=[ 2448], 95.00th=[ 2448],
     | 99.00th=[ 2576], 99.50th=[ 4192], 99.90th=[16768], 99.95th=[18048],
     | 99.99th=[19840]
    bw (KB  /s): min=81920, max=85333, per=19.62%, avg=81989.60, stdev=312.98
    lat (msec) : 2=0.02%, 4=99.42%, 10=0.31%, 20=0.25%
  cpu          : usr=0.04%, sys=0.24%, ctx=9590, majf=0, minf=526
  IO depths    : 1=99.6%, 2=0.1%, 4=0.2%, 8=0.1%, 16=0.0%, 32=0.0%, >=64=0.0%
     submit    : 0=0.0%, 4=100.0%, 8=0.0%, 16=0.0%, 32=0.0%, 64=0.0%, >=64=0.0%
     complete  : 0=0.0%, 4=100.0%, 8=0.0%, 16=0.0%, 32=0.0%, 64=0.0%, >=64=0.0%
     issued    : total=r=4802/w=0/d=0, short=r=0/w=0/d=0, drop=r=0/w=0/d=0
     latency   : target=0, window=0, percentile=100.00%, depth=10
seqwrite: (groupid=0, jobs=1): err= 0: pid=17155: Tue Jun  7 16:32:28 2016
  write: io=4802.0MB, bw=81947KB/s, iops=80, runt= 60005msec
    slat (usec): min=23, max=65, avg=35.76, stdev= 4.90
    clat (msec): min=1, max=38, avg= 2.54, stdev= 1.40
     lat (msec): min=2, max=38, avg= 2.58, stdev= 1.40
    clat percentiles (usec):
     |  1.00th=[ 2416],  5.00th=[ 2416], 10.00th=[ 2416], 20.00th=[ 2448],
     | 30.00th=[ 2448], 40.00th=[ 2448], 50.00th=[ 2448], 60.00th=[ 2448],
     | 70.00th=[ 2480], 80.00th=[ 2480], 90.00th=[ 2480], 95.00th=[ 2480],
     | 99.00th=[ 2544], 99.50th=[ 4016], 99.90th=[30336], 99.95th=[34048],
     | 99.99th=[38144]
    bw (KB  /s): min=81756, max=85333, per=100.00%, avg=81995.68, stdev=315.16
    lat (msec) : 2=0.02%, 4=99.46%, 10=0.15%, 20=0.12%, 50=0.25%
  cpu          : usr=0.16%, sys=0.18%, ctx=9591, majf=0, minf=10
  IO depths    : 1=99.6%, 2=0.1%, 4=0.2%, 8=0.1%, 16=0.0%, 32=0.0%, >=64=0.0%
     submit    : 0=0.0%, 4=100.0%, 8=0.0%, 16=0.0%, 32=0.0%, 64=0.0%, >=64=0.0%
     complete  : 0=0.0%, 4=100.0%, 8=0.0%, 16=0.0%, 32=0.0%, 64=0.0%, >=64=0.0%
     issued    : total=r=0/w=4802/d=0, short=r=0/w=0/d=0, drop=r=0/w=0/d=0
     latency   : target=0, window=0, percentile=100.00%, depth=10

Run status group 0 (all jobs):
   READ: io=24494MB, aggrb=417992KB/s, minb=81947KB/s, maxb=336067KB/s, mint=60001msec, maxt=60005msec
  WRITE: io=4802.0MB, aggrb=81947KB/s, minb=81947KB/s, maxb=81947KB/s, mint=60005msec, maxt=60005msec

Disk stats (read/write):
  sda: ios=634240/4808, merge=0/1, ticks=606875/12330, in_queue=619171, util=99.87%
