randread-512k-1m: (g=0): rw=randread, bs=512K-1M/512K-1M/512K-1M, ioengine=libaio, iodepth=10
seqread: (g=0): rw=read, bs=1M-1M/1M-1M/1M-1M, ioengine=libaio, iodepth=10
seqwrite: (g=0): rw=write, bs=1M-1M/1M-1M/1M-1M, ioengine=libaio, iodepth=10
fio-2.2.8
Starting 3 processes

randread-512k-1m: (groupid=0, jobs=1): err= 0: pid=9617: Tue Jun  7 16:56:38 2016
  read : io=17272MB, bw=294667KB/s, iops=575, runt= 60022msec
    slat (usec): min=7, max=415, avg=11.48, stdev= 4.46
    clat (msec): min=1, max=55, avg=17.36, stdev=10.03
     lat (msec): min=1, max=55, avg=17.37, stdev=10.03
    clat percentiles (usec):
     |  1.00th=[ 9152],  5.00th=[ 9280], 10.00th=[ 9280], 20.00th=[ 9280],
     | 30.00th=[ 9280], 40.00th=[ 9280], 50.00th=[11200], 60.00th=[17024],
     | 70.00th=[20864], 80.00th=[27776], 90.00th=[36096], 95.00th=[36096],
     | 99.00th=[39168], 99.50th=[40192], 99.90th=[45312], 99.95th=[48896],
     | 99.99th=[51456]
    bw (KB  /s): min=268573, max=315392, per=70.62%, avg=294812.67, stdev=9322.57
    lat (msec) : 2=0.01%, 4=0.01%, 10=43.10%, 20=26.32%, 50=30.53%
    lat (msec) : 100=0.04%
  cpu          : usr=0.15%, sys=0.69%, ctx=34561, majf=0, minf=270
  IO depths    : 1=0.1%, 2=0.1%, 4=0.1%, 8=99.9%, 16=0.0%, 32=0.0%, >=64=0.0%
     submit    : 0=0.0%, 4=100.0%, 8=0.0%, 16=0.0%, 32=0.0%, 64=0.0%, >=64=0.0%
     complete  : 0=0.0%, 4=100.0%, 8=0.0%, 16=0.1%, 32=0.0%, 64=0.0%, >=64=0.0%
     issued    : total=r=34544/w=0/d=0, short=r=0/w=0/d=0, drop=r=0/w=0/d=0
     latency   : target=0, window=0, percentile=100.00%, depth=10
seqread: (groupid=0, jobs=1): err= 0: pid=9618: Tue Jun  7 16:56:38 2016
  read : io=7210.0MB, bw=122938KB/s, iops=120, runt= 60055msec
    slat (usec): min=13, max=530, avg=19.63, stdev= 9.77
    clat (msec): min=1, max=51, avg=22.47, stdev= 7.86
     lat (msec): min=1, max=51, avg=22.49, stdev= 7.86
    clat percentiles (usec):
     |  1.00th=[10304],  5.00th=[10816], 10.00th=[12224], 20.00th=[14656],
     | 30.00th=[17792], 40.00th=[20096], 50.00th=[23168], 60.00th=[25472],
     | 70.00th=[27520], 80.00th=[27776], 90.00th=[27776], 95.00th=[31616],
     | 99.00th=[47360], 99.50th=[47872], 99.90th=[51456], 99.95th=[51456],
     | 99.99th=[51456]
    bw (KB  /s): min=109579, max=139636, per=29.52%, avg=123244.91, stdev=6646.04
    lat (msec) : 2=0.01%, 10=0.07%, 20=39.56%, 50=59.96%, 100=0.40%
  cpu          : usr=0.02%, sys=0.26%, ctx=8183, majf=0, minf=528
  IO depths    : 1=13.5%, 2=13.5%, 4=27.1%, 8=45.9%, 16=0.0%, 32=0.0%, >=64=0.0%
     submit    : 0=0.0%, 4=100.0%, 8=0.0%, 16=0.0%, 32=0.0%, 64=0.0%, >=64=0.0%
     complete  : 0=0.0%, 4=100.0%, 8=0.0%, 16=0.1%, 32=0.0%, 64=0.0%, >=64=0.0%
     issued    : total=r=7210/w=0/d=0, short=r=0/w=0/d=0, drop=r=0/w=0/d=0
     latency   : target=0, window=0, percentile=100.00%, depth=10
seqwrite: (groupid=0, jobs=1): err= 0: pid=9619: Tue Jun  7 16:56:38 2016
  write: io=7211.0MB, bw=123025KB/s, iops=120, runt= 60021msec
    slat (usec): min=22, max=72, avg=37.54, stdev= 7.52
    clat (msec): min=10, max=64, avg=32.77, stdev= 8.34
     lat (msec): min=10, max=64, avg=32.80, stdev= 8.34
    clat percentiles (usec):
     |  1.00th=[10432],  5.00th=[11200], 10.00th=[22912], 20.00th=[28800],
     | 30.00th=[30592], 40.00th=[30592], 50.00th=[32384], 60.00th=[34048],
     | 70.00th=[37120], 80.00th=[39680], 90.00th=[43264], 95.00th=[44800],
     | 99.00th=[46848], 99.50th=[46848], 99.90th=[51456], 99.95th=[59136],
     | 99.99th=[64768]
    bw (KB  /s): min=107789, max=137885, per=100.00%, avg=123286.97, stdev=7228.54
    lat (msec) : 20=7.86%, 50=92.01%, 100=0.12%
  cpu          : usr=0.31%, sys=0.20%, ctx=8193, majf=0, minf=10
  IO depths    : 1=13.5%, 2=13.5%, 4=27.1%, 8=45.9%, 16=0.0%, 32=0.0%, >=64=0.0%
     submit    : 0=0.0%, 4=100.0%, 8=0.0%, 16=0.0%, 32=0.0%, 64=0.0%, >=64=0.0%
     complete  : 0=0.0%, 4=100.0%, 8=0.0%, 16=0.1%, 32=0.0%, 64=0.0%, >=64=0.0%
     issued    : total=r=0/w=7211/d=0, short=r=0/w=0/d=0, drop=r=0/w=0/d=0
     latency   : target=0, window=0, percentile=100.00%, depth=10

Run status group 0 (all jobs):
   READ: io=24482MB, aggrb=417443KB/s, minb=122937KB/s, maxb=294667KB/s, mint=60022msec, maxt=60055msec
  WRITE: io=7211.0MB, aggrb=123024KB/s, minb=123024KB/s, maxb=123024KB/s, mint=60021msec, maxt=60021msec

Disk stats (read/write):
  sda: ios=41688/7209, merge=2/2, ticks=760096/236170, in_queue=996308, util=99.88%
