randread-1k-4k: (g=0): rw=randread, bs=1K-4K/1K-4K/1K-4K, ioengine=libaio, iodepth=10
seqread: (g=0): rw=read, bs=1M-1M/1M-1M/1M-1M, ioengine=libaio, iodepth=10
seqwrite: (g=0): rw=write, bs=1M-1M/1M-1M/1M-1M, ioengine=libaio, iodepth=10
fio-2.2.8
Starting 3 processes

randread-1k-4k: (groupid=0, jobs=1): err= 0: pid=31828: Tue Jun  7 16:11:20 2016
  read : io=6012.3MB, bw=102607KB/s, iops=66401, runt= 60001msec
    slat (usec): min=1, max=207, avg= 2.78, stdev= 0.75
    clat (usec): min=14, max=36162, avg=147.36, stdev=132.44
     lat (usec): min=17, max=36173, avg=150.19, stdev=132.43
    clat percentiles (usec):
     |  1.00th=[   87],  5.00th=[   93], 10.00th=[   97], 20.00th=[  104],
     | 30.00th=[  111], 40.00th=[  120], 50.00th=[  131], 60.00th=[  143],
     | 70.00th=[  157], 80.00th=[  173], 90.00th=[  201], 95.00th=[  227],
     | 99.00th=[  302], 99.50th=[  374], 99.90th=[ 2064], 99.95th=[ 2128],
     | 99.99th=[ 4448]
    bw (KB  /s): min=82098, max=119354, per=91.02%, avg=102740.77, stdev=6972.15
    lat (usec) : 20=0.01%, 50=0.03%, 100=12.88%, 250=84.29%, 500=2.42%
    lat (usec) : 750=0.04%, 1000=0.01%
    lat (msec) : 2=0.13%, 4=0.18%, 10=0.01%, 20=0.01%, 50=0.01%
  cpu          : usr=9.09%, sys=21.13%, ctx=2605520, majf=0, minf=19
  IO depths    : 1=0.1%, 2=0.1%, 4=0.1%, 8=100.0%, 16=0.0%, 32=0.0%, >=64=0.0%
     submit    : 0=0.0%, 4=100.0%, 8=0.0%, 16=0.0%, 32=0.0%, 64=0.0%, >=64=0.0%
     complete  : 0=0.0%, 4=100.0%, 8=0.0%, 16=0.1%, 32=0.0%, 64=0.0%, >=64=0.0%
     issued    : total=r=3984171/w=0/d=0, short=r=0/w=0/d=0, drop=r=0/w=0/d=0
     latency   : target=0, window=0, percentile=100.00%, depth=10
seqread: (groupid=0, jobs=1): err= 0: pid=31829: Tue Jun  7 16:11:20 2016
  read : io=616448KB, bw=10273KB/s, iops=10, runt= 60005msec
    slat (usec): min=17, max=371, avg=46.38, stdev=20.85
    clat (msec): min=1, max=19, avg= 2.22, stdev= 1.40
     lat (msec): min=1, max=19, avg= 2.26, stdev= 1.40
    clat percentiles (usec):
     |  1.00th=[ 1960],  5.00th=[ 1976], 10.00th=[ 1992], 20.00th=[ 2008],
     | 30.00th=[ 2024], 40.00th=[ 2040], 50.00th=[ 2064], 60.00th=[ 2064],
     | 70.00th=[ 2064], 80.00th=[ 2096], 90.00th=[ 2128], 95.00th=[ 2160],
     | 99.00th=[ 9152], 99.50th=[14272], 99.90th=[19584], 99.95th=[19584],
     | 99.99th=[19584]
    bw (KB  /s): min=10240, max=12239, per=9.10%, avg=10266.56, stdev=193.59
    lat (msec) : 2=14.12%, 4=84.39%, 10=0.50%, 20=1.00%
  cpu          : usr=0.00%, sys=0.06%, ctx=1196, majf=0, minf=527
  IO depths    : 1=98.5%, 2=0.3%, 4=0.7%, 8=0.5%, 16=0.0%, 32=0.0%, >=64=0.0%
     submit    : 0=0.0%, 4=100.0%, 8=0.0%, 16=0.0%, 32=0.0%, 64=0.0%, >=64=0.0%
     complete  : 0=0.0%, 4=100.0%, 8=0.0%, 16=0.0%, 32=0.0%, 64=0.0%, >=64=0.0%
     issued    : total=r=602/w=0/d=0, short=r=0/w=0/d=0, drop=r=0/w=0/d=0
     latency   : target=0, window=0, percentile=100.00%, depth=10
seqwrite: (groupid=0, jobs=1): err= 0: pid=31830: Tue Jun  7 16:11:20 2016
  write: io=616448KB, bw=10273KB/s, iops=10, runt= 60005msec
    slat (usec): min=22, max=145, avg=67.27, stdev=17.70
    clat (msec): min=1, max=37, avg= 2.46, stdev= 3.50
     lat (msec): min=2, max=37, avg= 2.53, stdev= 3.50
    clat percentiles (usec):
     |  1.00th=[ 1976],  5.00th=[ 1976], 10.00th=[ 1976], 20.00th=[ 1992],
     | 30.00th=[ 2008], 40.00th=[ 2008], 50.00th=[ 2024], 60.00th=[ 2024],
     | 70.00th=[ 2024], 80.00th=[ 2040], 90.00th=[ 2064], 95.00th=[ 2096],
     | 99.00th=[25984], 99.50th=[31616], 99.90th=[37632], 99.95th=[37632],
     | 99.99th=[37632]
    bw (KB  /s): min=10240, max=12239, per=99.93%, avg=10266.15, stdev=192.71
    lat (msec) : 2=27.24%, 4=71.10%, 50=1.66%
  cpu          : usr=0.03%, sys=0.04%, ctx=1196, majf=0, minf=10
  IO depths    : 1=98.5%, 2=0.3%, 4=0.7%, 8=0.5%, 16=0.0%, 32=0.0%, >=64=0.0%
     submit    : 0=0.0%, 4=100.0%, 8=0.0%, 16=0.0%, 32=0.0%, 64=0.0%, >=64=0.0%
     complete  : 0=0.0%, 4=100.0%, 8=0.0%, 16=0.0%, 32=0.0%, 64=0.0%, >=64=0.0%
     issued    : total=r=0/w=602/d=0, short=r=0/w=0/d=0, drop=r=0/w=0/d=0
     latency   : target=0, window=0, percentile=100.00%, depth=10

Run status group 0 (all jobs):
   READ: io=6614.3MB, aggrb=112873KB/s, minb=10273KB/s, maxb=102607KB/s, mint=60001msec, maxt=60005msec
  WRITE: io=616448KB, aggrb=10273KB/s, minb=10273KB/s, maxb=10273KB/s, mint=60005msec, maxt=60005msec

Disk stats (read/write):
  sda: ios=3980328/908, merge=0/1, ticks=583945/1986, in_queue=588659, util=100.00%
