randread-8k-16k: (g=0): rw=randread, bs=8K-16K/8K-16K/8K-16K, ioengine=libaio, iodepth=10
seqread: (g=0): rw=read, bs=1M-1M/1M-1M/1M-1M, ioengine=libaio, iodepth=10
seqwrite: (g=0): rw=write, bs=1M-1M/1M-1M/1M-1M, ioengine=libaio, iodepth=10
fio-2.2.8
Starting 3 processes

randread-8k-16k: (groupid=0, jobs=1): err= 0: pid=8578: Tue Jun  7 16:42:32 2016
  read : io=21474MB, bw=366490KB/s, iops=45809, runt= 60001msec
    slat (usec): min=1, max=223, avg= 2.79, stdev= 0.58
    clat (usec): min=31, max=20628, avg=215.02, stdev=230.92
     lat (usec): min=47, max=20632, avg=217.86, stdev=230.92
    clat percentiles (usec):
     |  1.00th=[  133],  5.00th=[  149], 10.00th=[  151], 20.00th=[  167],
     | 30.00th=[  169], 40.00th=[  177], 50.00th=[  187], 60.00th=[  197],
     | 70.00th=[  207], 80.00th=[  223], 90.00th=[  251], 95.00th=[  278],
     | 99.00th=[  580], 99.50th=[ 2128], 99.90th=[ 2576], 99.95th=[ 3024],
     | 99.99th=[ 5920]
    bw (KB  /s): min=342320, max=373984, per=94.71%, avg=366500.08, stdev=6253.13
    lat (usec) : 50=0.01%, 100=0.01%, 250=89.92%, 500=8.93%, 750=0.22%
    lat (usec) : 1000=0.01%
    lat (msec) : 2=0.05%, 4=0.81%, 10=0.05%, 20=0.01%, 50=0.01%
  cpu          : usr=8.38%, sys=15.03%, ctx=2747414, majf=0, minf=51
  IO depths    : 1=0.1%, 2=0.1%, 4=0.1%, 8=100.0%, 16=0.0%, 32=0.0%, >=64=0.0%
     submit    : 0=0.0%, 4=100.0%, 8=0.0%, 16=0.0%, 32=0.0%, 64=0.0%, >=64=0.0%
     complete  : 0=0.0%, 4=100.0%, 8=0.0%, 16=0.1%, 32=0.0%, 64=0.0%, >=64=0.0%
     issued    : total=r=2748591/w=0/d=0, short=r=0/w=0/d=0, drop=r=0/w=0/d=0
     latency   : target=0, window=0, percentile=100.00%, depth=10
seqread: (groupid=0, jobs=1): err= 0: pid=8579: Tue Jun  7 16:42:32 2016
  read : io=1202.0MB, bw=20512KB/s, iops=20, runt= 60005msec
    slat (usec): min=16, max=272, avg=40.60, stdev=13.64
    clat (usec): min=1962, max=19349, avg=2141.68, stdev=977.37
     lat (usec): min=1989, max=19464, avg=2182.50, stdev=982.31
    clat percentiles (usec):
     |  1.00th=[ 1992],  5.00th=[ 2008], 10.00th=[ 2008], 20.00th=[ 2024],
     | 30.00th=[ 2040], 40.00th=[ 2040], 50.00th=[ 2064], 60.00th=[ 2064],
     | 70.00th=[ 2064], 80.00th=[ 2096], 90.00th=[ 2128], 95.00th=[ 2128],
     | 99.00th=[ 3760], 99.50th=[ 8768], 99.90th=[17536], 99.95th=[19328],
     | 99.99th=[19328]
    bw (KB  /s): min=20480, max=24380, per=5.31%, avg=20530.76, stdev=364.17
    lat (msec) : 2=2.25%, 4=96.84%, 10=0.42%, 20=0.50%
  cpu          : usr=0.01%, sys=0.09%, ctx=2398, majf=0, minf=527
  IO depths    : 1=99.3%, 2=0.2%, 4=0.3%, 8=0.2%, 16=0.0%, 32=0.0%, >=64=0.0%
     submit    : 0=0.0%, 4=100.0%, 8=0.0%, 16=0.0%, 32=0.0%, 64=0.0%, >=64=0.0%
     complete  : 0=0.0%, 4=100.0%, 8=0.0%, 16=0.0%, 32=0.0%, 64=0.0%, >=64=0.0%
     issued    : total=r=1202/w=0/d=0, short=r=0/w=0/d=0, drop=r=0/w=0/d=0
     latency   : target=0, window=0, percentile=100.00%, depth=10
seqwrite: (groupid=0, jobs=1): err= 0: pid=8580: Tue Jun  7 16:42:32 2016
  write: io=1202.0MB, bw=20512KB/s, iops=20, runt= 60005msec
    slat (usec): min=23, max=99, avg=53.44, stdev= 9.22
    clat (msec): min=1, max=37, avg= 2.27, stdev= 2.48
     lat (msec): min=2, max=37, avg= 2.32, stdev= 2.48
    clat percentiles (usec):
     |  1.00th=[ 1992],  5.00th=[ 1992], 10.00th=[ 2008], 20.00th=[ 2008],
     | 30.00th=[ 2024], 40.00th=[ 2024], 50.00th=[ 2024], 60.00th=[ 2040],
     | 70.00th=[ 2040], 80.00th=[ 2064], 90.00th=[ 2096], 95.00th=[ 2128],
     | 99.00th=[ 2224], 99.50th=[25984], 99.90th=[35584], 99.95th=[37120],
     | 99.99th=[37120]
    bw (KB  /s): min=20480, max=24380, per=100.00%, avg=20531.54, stdev=365.73
    lat (msec) : 2=6.66%, 4=92.43%, 10=0.08%, 50=0.83%
  cpu          : usr=0.05%, sys=0.07%, ctx=2396, majf=0, minf=10
  IO depths    : 1=99.3%, 2=0.2%, 4=0.3%, 8=0.2%, 16=0.0%, 32=0.0%, >=64=0.0%
     submit    : 0=0.0%, 4=100.0%, 8=0.0%, 16=0.0%, 32=0.0%, 64=0.0%, >=64=0.0%
     complete  : 0=0.0%, 4=100.0%, 8=0.0%, 16=0.0%, 32=0.0%, 64=0.0%, >=64=0.0%
     issued    : total=r=0/w=1202/d=0, short=r=0/w=0/d=0, drop=r=0/w=0/d=0
     latency   : target=0, window=0, percentile=100.00%, depth=10

Run status group 0 (all jobs):
   READ: io=22676MB, aggrb=386977KB/s, minb=20512KB/s, maxb=366489KB/s, mint=60001msec, maxt=60005msec
  WRITE: io=1202.0MB, aggrb=20512KB/s, minb=20512KB/s, maxb=20512KB/s, mint=60005msec, maxt=60005msec

Disk stats (read/write):
  sda: ios=2746597/1212, merge=0/1, ticks=587098/2779, in_queue=589813, util=99.86%
