randread-512: (g=0): rw=randread, bs=512-512/512-512/512-512, ioengine=libaio, iodepth=10
fio-2.2.8
Starting 1 process
randread-512: Laying out IO file(s) (1 file(s) / 5120MB)

randread-512: (groupid=0, jobs=1): err= 0: pid=22273: Tue Jun  7 16:07:18 2016
  read : io=2267.7MB, bw=38700KB/s, iops=77400, runt= 60001msec
    slat (usec): min=1, max=323, avg= 2.72, stdev= 0.76
    clat (usec): min=18, max=5056, avg=126.04, stdev=47.87
     lat (usec): min=21, max=5058, avg=128.82, stdev=47.85
    clat percentiles (usec):
     |  1.00th=[   83],  5.00th=[   86], 10.00th=[   89], 20.00th=[   94],
     | 30.00th=[   98], 40.00th=[  102], 50.00th=[  108], 60.00th=[  118],
     | 70.00th=[  133], 80.00th=[  153], 90.00th=[  187], 95.00th=[  225],
     | 99.00th=[  306], 99.50th=[  338], 99.90th=[  406], 99.95th=[  430],
     | 99.99th=[  486]
    bw (KB  /s): min=35847, max=41720, per=100.00%, avg=38709.35, stdev=1787.02
    lat (usec) : 20=0.01%, 50=0.01%, 100=35.03%, 250=61.96%, 500=3.00%
    lat (usec) : 750=0.01%, 1000=0.01%
    lat (msec) : 2=0.01%, 4=0.01%, 10=0.01%
  cpu          : usr=10.88%, sys=24.36%, ctx=3335195, majf=0, minf=10
  IO depths    : 1=0.1%, 2=0.1%, 4=0.1%, 8=100.0%, 16=0.0%, 32=0.0%, >=64=0.0%
     submit    : 0=0.0%, 4=100.0%, 8=0.0%, 16=0.0%, 32=0.0%, 64=0.0%, >=64=0.0%
     complete  : 0=0.0%, 4=100.0%, 8=0.0%, 16=0.1%, 32=0.0%, 64=0.0%, >=64=0.0%
     issued    : total=r=4644114/w=0/d=0, short=r=0/w=0/d=0, drop=r=0/w=0/d=0
     latency   : target=0, window=0, percentile=100.00%, depth=10

Run status group 0 (all jobs):
   READ: io=2267.7MB, aggrb=38700KB/s, minb=38700KB/s, maxb=38700KB/s, mint=60001msec, maxt=60001msec

Disk stats (read/write):
  sda: ios=4633329/10, merge=0/6, ticks=579511/7, in_queue=581731, util=100.00%
