randread-32k: (g=0): rw=randread, bs=32K-32K/32K-32K/32K-32K, ioengine=libaio, iodepth=10
fio-2.2.8
Starting 1 process

randread-32k: (groupid=0, jobs=1): err= 0: pid=11445: Tue Jun  7 16:16:22 2016
  read : io=31093MB, bw=530640KB/s, iops=16582, runt= 60001msec
    slat (usec): min=2, max=339, avg= 3.19, stdev= 0.75
    clat (usec): min=149, max=5142, avg=599.27, stdev=22.05
     lat (usec): min=155, max=5144, avg=602.53, stdev=22.04
    clat percentiles (usec):
     |  1.00th=[  596],  5.00th=[  596], 10.00th=[  596], 20.00th=[  596],
     | 30.00th=[  596], 40.00th=[  596], 50.00th=[  596], 60.00th=[  596],
     | 70.00th=[  596], 80.00th=[  604], 90.00th=[  604], 95.00th=[  604],
     | 99.00th=[  604], 99.50th=[  604], 99.90th=[  604], 99.95th=[  612],
     | 99.99th=[  844]
    bw (KB  /s): min=523520, max=530880, per=100.00%, avg=530671.30, stdev=840.21
    lat (usec) : 250=0.01%, 500=0.01%, 750=99.97%, 1000=0.01%
    lat (msec) : 2=0.01%, 4=0.01%, 10=0.01%
  cpu          : usr=3.11%, sys=6.41%, ctx=994924, majf=0, minf=88
  IO depths    : 1=0.1%, 2=0.1%, 4=0.1%, 8=100.0%, 16=0.0%, 32=0.0%, >=64=0.0%
     submit    : 0=0.0%, 4=100.0%, 8=0.0%, 16=0.0%, 32=0.0%, 64=0.0%, >=64=0.0%
     complete  : 0=0.0%, 4=100.0%, 8=0.0%, 16=0.1%, 32=0.0%, 64=0.0%, >=64=0.0%
     issued    : total=r=994966/w=0/d=0, short=r=0/w=0/d=0, drop=r=0/w=0/d=0
     latency   : target=0, window=0, percentile=100.00%, depth=10

Run status group 0 (all jobs):
   READ: io=31093MB, aggrb=530639KB/s, minb=530639KB/s, maxb=530639KB/s, mint=60001msec, maxt=60001msec

Disk stats (read/write):
  sda: ios=993833/11, merge=0/1, ticks=593054/27, in_queue=593013, util=99.87%
