seqwrite: (g=0): rw=write, bs=1M-1M/1M-1M/1M-1M, ioengine=libaio, iodepth=10
fio-2.2.8
Starting 1 process
seqwrite: Laying out IO file(s) (1 file(s) / 5120MB)

seqwrite: (groupid=0, jobs=1): err= 0: pid=14372: Tue Jun  7 16:03:58 2016
  write: io=30766MB, bw=524907KB/s, iops=512, runt= 60019msec
    slat (usec): min=21, max=108, avg=32.90, stdev= 4.71
    clat (usec): min=1962, max=36005, avg=19469.79, stdev=727.09
     lat (usec): min=1998, max=36035, avg=19502.80, stdev=726.92
    clat percentiles (usec):
     |  1.00th=[19328],  5.00th=[19328], 10.00th=[19328], 20.00th=[19328],
     | 30.00th=[19328], 40.00th=[19328], 50.00th=[19328], 60.00th=[19328],
     | 70.00th=[19328], 80.00th=[19328], 90.00th=[19328], 95.00th=[19584],
     | 99.00th=[20352], 99.50th=[20352], 99.90th=[28032], 99.95th=[31616],
     | 99.99th=[35072]
    bw (KB  /s): min=502802, max=526336, per=100.00%, avg=525364.03, stdev=2965.05
    lat (msec) : 2=0.02%, 4=0.03%, 10=0.07%, 20=97.67%, 50=2.22%
  cpu          : usr=0.79%, sys=1.08%, ctx=30795, majf=0, minf=11
  IO depths    : 1=0.1%, 2=0.1%, 4=0.1%, 8=99.8%, 16=0.0%, 32=0.0%, >=64=0.0%
     submit    : 0=0.0%, 4=100.0%, 8=0.0%, 16=0.0%, 32=0.0%, 64=0.0%, >=64=0.0%
     complete  : 0=0.0%, 4=100.0%, 8=0.0%, 16=0.1%, 32=0.0%, 64=0.0%, >=64=0.0%
     issued    : total=r=0/w=30766/d=0, short=r=0/w=0/d=0, drop=r=0/w=0/d=0
     latency   : target=0, window=0, percentile=100.00%, depth=10

Run status group 0 (all jobs):
  WRITE: io=30766MB, aggrb=524906KB/s, minb=524906KB/s, maxb=524906KB/s, mint=60019msec, maxt=60019msec

Disk stats (read/write):
  sda: ios=0/30737, merge=0/4, ticks=0/597965, in_queue=597996, util=99.87%
