randread-1k: (g=0): rw=randread, bs=8K-16K/8K-16K/8K-16K, ioengine=libaio, iodepth=10
seqread: (g=0): rw=read, bs=1M-1M/1M-1M/1M-1M, ioengine=libaio, iodepth=10
seqwrite: (g=0): rw=write, bs=1M-1M/1M-1M/1M-1M, ioengine=libaio, iodepth=10
fio-2.1.4
Starting 3 processes

randread-1k: (groupid=0, jobs=1): err= 0: pid=2166: Sat Mar 15 04:14:04 2014
  read : io=1880.4MB, bw=32036KB/s, iops=2948, runt= 60102msec
    slat (usec): min=4, max=165395, avg=336.30, stdev=4626.12
    clat (usec): min=4, max=345373, avg=3036.43, stdev=14678.08
     lat (usec): min=9, max=366693, avg=3372.86, stdev=15588.40
    clat percentiles (usec):
     |  1.00th=[   64],  5.00th=[   66], 10.00th=[   67], 20.00th=[   69],
     | 30.00th=[   70], 40.00th=[   71], 50.00th=[   72], 60.00th=[   74],
     | 70.00th=[   76], 80.00th=[   83], 90.00th=[  120], 95.00th=[ 9920],
     | 99.00th=[94720], 99.50th=[97792], 99.90th=[127488], 99.95th=[156672],
     | 99.99th=[226304]
    bw (KB  /s): min=  198, max=614800, per=61.11%, avg=25091.86, stdev=58459.76
    lat (usec) : 10=0.01%, 20=0.01%, 50=0.01%, 100=86.08%, 250=5.11%
    lat (usec) : 500=0.02%
    lat (msec) : 2=0.01%, 4=1.60%, 10=2.46%, 20=0.79%, 50=1.59%
    lat (msec) : 100=2.07%, 250=0.27%, 500=0.01%
  cpu          : usr=0.50%, sys=2.29%, ctx=2816, majf=0, minf=68
  IO depths    : 1=0.1%, 2=0.1%, 4=0.1%, 8=100.0%, 16=0.0%, 32=0.0%, >=64=0.0%
     submit    : 0=0.0%, 4=100.0%, 8=0.0%, 16=0.0%, 32=0.0%, 64=0.0%, >=64=0.0%
     complete  : 0=0.0%, 4=100.0%, 8=0.0%, 16=0.1%, 32=0.0%, 64=0.0%, >=64=0.0%
     issued    : total=r=177219/w=0/d=0, short=r=0/w=0/d=0
seqread: (groupid=0, jobs=1): err= 0: pid=2167: Sat Mar 15 04:14:04 2014
  read : io=1025.0MB, bw=14485KB/s, iops=14, runt= 72461msec
    slat (usec): min=233, max=160419, avg=13889.74, stdev=26151.25
    clat (usec): min=2, max=616992, avg=117716.16, stdev=225742.34
     lat (usec): min=337, max=693126, avg=131607.04, stdev=250606.60
    clat percentiles (usec):
     |  1.00th=[    2],  5.00th=[    2], 10.00th=[    3], 20.00th=[    3],
     | 30.00th=[    3], 40.00th=[    3], 50.00th=[    3], 60.00th=[    3],
     | 70.00th=[  342], 80.00th=[342016], 90.00th=[561152], 95.00th=[577536],
     | 99.00th=[593920], 99.50th=[610304], 99.90th=[618496], 99.95th=[618496],
     | 99.99th=[618496]
    bw (KB  /s): min=   20, max=86016, per=100.00%, avg=42907.68, stdev=33311.57
    lat (usec) : 4=67.90%, 10=1.76%, 20=0.29%, 500=0.20%, 750=0.10%
    lat (usec) : 1000=0.20%
    lat (msec) : 2=0.49%, 4=5.17%, 10=0.88%, 20=1.07%, 50=0.10%
    lat (msec) : 100=0.10%, 250=0.59%, 500=1.76%, 750=19.41%
  cpu          : usr=0.01%, sys=1.96%, ctx=8262, majf=0, minf=2590
  IO depths    : 1=70.0%, 2=0.4%, 4=0.8%, 8=28.9%, 16=0.0%, 32=0.0%, >=64=0.0%
     submit    : 0=0.0%, 4=100.0%, 8=0.0%, 16=0.0%, 32=0.0%, 64=0.0%, >=64=0.0%
     complete  : 0=0.0%, 4=99.9%, 8=0.0%, 16=0.1%, 32=0.0%, 64=0.0%, >=64=0.0%
     issued    : total=r=1025/w=0/d=0, short=r=0/w=0/d=0
seqwrite: (groupid=0, jobs=1): err= 0: pid=2168: Sat Mar 15 04:14:04 2014
  write: io=1025.0MB, bw=14485KB/s, iops=14, runt= 72459msec
    slat (usec): min=367, max=159613, avg=13968.78, stdev=26166.92
    clat (usec): min=2, max=617000, avg=117903.98, stdev=225659.04
     lat (usec): min=370, max=693142, avg=131873.78, stdev=250492.07
    clat percentiles (usec):
     |  1.00th=[    2],  5.00th=[    2], 10.00th=[    3], 20.00th=[    3],
     | 30.00th=[    3], 40.00th=[    3], 50.00th=[    3], 60.00th=[    3],
     | 70.00th=[ 3280], 80.00th=[342016], 90.00th=[561152], 95.00th=[577536],
     | 99.00th=[593920], 99.50th=[610304], 99.90th=[618496], 99.95th=[618496],
     | 99.99th=[618496]
    bw (KB  /s): min=   20, max=86016, per=100.00%, avg=42934.75, stdev=33272.93
    lat (usec) : 4=66.83%, 10=1.27%, 20=0.39%, 50=0.10%, 750=0.29%
    lat (msec) : 2=0.49%, 4=0.98%, 10=7.71%, 50=0.10%, 100=0.10%
    lat (msec) : 250=0.59%, 500=1.76%, 750=19.41%
  cpu          : usr=0.32%, sys=1.45%, ctx=70847, majf=0, minf=29
  IO depths    : 1=68.6%, 2=0.6%, 4=1.2%, 8=29.7%, 16=0.0%, 32=0.0%, >=64=0.0%
     submit    : 0=0.0%, 4=100.0%, 8=0.0%, 16=0.0%, 32=0.0%, 64=0.0%, >=64=0.0%
     complete  : 0=0.0%, 4=99.9%, 8=0.0%, 16=0.1%, 32=0.0%, 64=0.0%, >=64=0.0%
     issued    : total=r=0/w=1025/d=0, short=r=0/w=0/d=0

Run status group 0 (all jobs):
   READ: io=2905.4MB, aggrb=41057KB/s, minb=14485KB/s, maxb=32036KB/s, mint=60102msec, maxt=72461msec
  WRITE: io=1025.0MB, aggrb=14485KB/s, minb=14485KB/s, maxb=14485KB/s, mint=72459msec, maxt=72459msec

Disk stats (read/write):
  xvdf: ios=7833/25519, merge=0/254218, ticks=178263/7550852, in_queue=7730903, util=99.92%
