randread-16m: (g=0): rw=randread, bs=16M-16M/16M-16M/16M-16M, ioengine=libaio, iodepth=10
fio-2.1.4
Starting 1 process

randread-16m: (groupid=0, jobs=1): err= 0: pid=26100: Sat Mar 15 04:26:49 2014
  read : io=1216.0MB, bw=20610KB/s, iops=1, runt= 60416msec
    slat (msec): min=652, max=1167, avg=792.63, stdev=105.08
    clat (usec): min=13, max=7592.2K, avg=6099060.93, stdev=1951314.19
     lat (msec): min=731, max=8430, avg=6891.70, stdev=1955.92
    clat percentiles (usec):
     |  1.00th=[   13],  5.00th=[856064], 10.00th=[2408448], 20.00th=[5472256],
     | 30.00th=[6586368], 40.00th=[6848512], 50.00th=[6848512], 60.00th=[6979584],
     | 70.00th=[7045120], 80.00th=[7176192], 90.00th=[7438336], 95.00th=[7569408],
     | 99.00th=[7569408], 99.50th=[7569408], 99.90th=[7569408], 99.95th=[7569408],
     | 99.99th=[7569408]
    bw (KB  /s): min= 1922, max=25090, per=99.60%, avg=20527.84, stdev=4011.46
    lat (usec) : 20=2.63%
    lat (msec) : 750=1.32%, 1000=1.32%, 2000=2.63%, >=2000=92.11%
  cpu          : usr=0.00%, sys=1.76%, ctx=8157, majf=0, minf=40988
  IO depths    : 1=2.6%, 2=5.3%, 4=10.5%, 8=81.6%, 16=0.0%, 32=0.0%, >=64=0.0%
     submit    : 0=0.0%, 4=100.0%, 8=0.0%, 16=0.0%, 32=0.0%, 64=0.0%, >=64=0.0%
     complete  : 0=0.0%, 4=96.7%, 8=0.0%, 16=3.3%, 32=0.0%, 64=0.0%, >=64=0.0%
     issued    : total=r=76/w=0/d=0, short=r=0/w=0/d=0

Run status group 0 (all jobs):
   READ: io=1216.0MB, aggrb=20610KB/s, minb=20610KB/s, maxb=20610KB/s, mint=60416msec, maxt=60416msec

Disk stats (read/write):
  xvdf: ios=28551/0, merge=0/0, ticks=6965563/0, in_queue=6971698, util=99.49%
