randread-1k: (g=0): rw=randread, bs=8K-16K/8K-16K/8K-16K, ioengine=libaio, iodepth=10
seqread: (g=0): rw=read, bs=1M-1M/1M-1M/1M-1M, ioengine=libaio, iodepth=10
seqwrite: (g=0): rw=write, bs=1M-1M/1M-1M/1M-1M, ioengine=libaio, iodepth=10
fio-2.1.4
Starting 3 processes

randread-1k: (groupid=0, jobs=1): err= 0: pid=4970: Sat Mar 15 07:43:01 2014
  read : io=3763.1MB, bw=64236KB/s, iops=5921, runt= 60001msec
    slat (usec): min=1, max=43072, avg=153.55, stdev=389.22
    clat (usec): min=2, max=325475, avg=1403.96, stdev=2483.23
     lat (usec): min=30, max=365238, avg=1557.82, stdev=2709.02
    clat percentiles (usec):
     |  1.00th=[  398],  5.00th=[  628], 10.00th=[  796], 20.00th=[  980],
     | 30.00th=[ 1144], 40.00th=[ 1240], 50.00th=[ 1352], 60.00th=[ 1464],
     | 70.00th=[ 1560], 80.00th=[ 1672], 90.00th=[ 1800], 95.00th=[ 2024],
     | 99.00th=[ 3440], 99.50th=[ 3728], 99.90th=[ 6048], 99.95th=[ 6624],
     | 99.99th=[162816]
    bw (KB  /s): min=    4, max=105680, per=63.59%, avg=66946.58, stdev=20071.40
    lat (usec) : 4=0.01%, 50=0.13%, 100=0.01%, 250=0.37%, 500=1.58%
    lat (usec) : 750=4.84%, 1000=14.68%
    lat (msec) : 2=73.30%, 4=4.83%, 10=0.24%, 20=0.01%, 50=0.01%
    lat (msec) : 100=0.01%, 250=0.01%, 500=0.01%
  cpu          : usr=0.17%, sys=10.73%, ctx=263855, majf=0, minf=70
  IO depths    : 1=0.1%, 2=0.1%, 4=0.1%, 8=100.0%, 16=0.0%, 32=0.0%, >=64=0.0%
     submit    : 0=0.0%, 4=100.0%, 8=0.0%, 16=0.0%, 32=0.0%, 64=0.0%, >=64=0.0%
     complete  : 0=0.0%, 4=100.0%, 8=0.0%, 16=0.1%, 32=0.0%, 64=0.0%, >=64=0.0%
     issued    : total=r=355300/w=0/d=0, short=r=0/w=0/d=0
seqread: (groupid=0, jobs=1): err= 0: pid=4971: Sat Mar 15 07:43:01 2014
  read : io=2406.0MB, bw=41055KB/s, iops=40, runt= 60011msec
    slat (usec): min=229, max=120587, avg=1996.28, stdev=4949.31
    clat (usec): min=1, max=566729, avg=2176.63, stdev=19320.02
     lat (usec): min=233, max=627565, avg=4175.95, stdev=23270.68
    clat percentiles (usec):
     |  1.00th=[    2],  5.00th=[    2], 10.00th=[    2], 20.00th=[    2],
     | 30.00th=[    2], 40.00th=[    3], 50.00th=[    3], 60.00th=[    3],
     | 70.00th=[    3], 80.00th=[    3], 90.00th=[    4], 95.00th=[20096],
     | 99.00th=[24448], 99.50th=[24960], 99.90th=[362496], 99.95th=[481280],
     | 99.99th=[569344]
    bw (KB  /s): min= 1011, max=122800, per=39.47%, avg=41549.73, stdev=12106.10
    lat (usec) : 2=0.21%, 4=86.66%, 10=5.28%, 20=0.75%, 50=0.50%
    lat (msec) : 4=0.21%, 10=0.46%, 20=0.96%, 50=4.70%, 100=0.04%
    lat (msec) : 250=0.08%, 500=0.12%, 750=0.04%
  cpu          : usr=0.01%, sys=3.49%, ctx=22704, majf=0, minf=544
  IO depths    : 1=93.4%, 2=0.4%, 4=0.8%, 8=5.4%, 16=0.0%, 32=0.0%, >=64=0.0%
     submit    : 0=0.0%, 4=100.0%, 8=0.0%, 16=0.0%, 32=0.0%, 64=0.0%, >=64=0.0%
     complete  : 0=0.0%, 4=100.0%, 8=0.0%, 16=0.0%, 32=0.0%, 64=0.0%, >=64=0.0%
     issued    : total=r=2406/w=0/d=0, short=r=0/w=0/d=0
seqwrite: (groupid=0, jobs=1): err= 0: pid=4972: Sat Mar 15 07:43:01 2014
  write: io=2406.0MB, bw=41058KB/s, iops=40, runt= 60006msec
    slat (usec): min=424, max=120545, avg=1208.40, stdev=5005.30
    clat (usec): min=1, max=566961, avg=1876.72, stdev=19100.35
     lat (usec): min=426, max=626796, avg=3086.20, stdev=23130.62
    clat percentiles (usec):
     |  1.00th=[    1],  5.00th=[    1], 10.00th=[    1], 20.00th=[    2],
     | 30.00th=[    2], 40.00th=[    2], 50.00th=[    2], 60.00th=[    2],
     | 70.00th=[    2], 80.00th=[    3], 90.00th=[    3], 95.00th=[ 7968],
     | 99.00th=[23680], 99.50th=[24192], 99.90th=[362496], 99.95th=[481280],
     | 99.99th=[569344]
    bw (KB  /s): min=  945, max=128494, per=100.00%, avg=41773.26, stdev=12143.65
    lat (usec) : 2=11.01%, 4=81.01%, 10=0.42%, 20=0.42%, 50=0.17%
    lat (usec) : 750=0.04%
    lat (msec) : 2=0.04%, 4=0.33%, 10=2.37%, 20=1.25%, 50=2.66%
    lat (msec) : 100=0.04%, 250=0.08%, 500=0.12%, 750=0.04%
  cpu          : usr=0.91%, sys=2.92%, ctx=15595, majf=0, minf=29
  IO depths    : 1=93.0%, 2=0.5%, 4=1.0%, 8=5.5%, 16=0.0%, 32=0.0%, >=64=0.0%
     submit    : 0=0.0%, 4=100.0%, 8=0.0%, 16=0.0%, 32=0.0%, 64=0.0%, >=64=0.0%
     complete  : 0=0.0%, 4=100.0%, 8=0.0%, 16=0.0%, 32=0.0%, 64=0.0%, >=64=0.0%
     issued    : total=r=0/w=2406/d=0, short=r=0/w=0/d=0

Run status group 0 (all jobs):
   READ: io=6169.1MB, aggrb=105280KB/s, minb=41054KB/s, maxb=64236KB/s, mint=60001msec, maxt=60011msec
  WRITE: io=2406.0MB, aggrb=41058KB/s, minb=41058KB/s, maxb=41058KB/s, mint=60006msec, maxt=60006msec

Disk stats (read/write):
  xvdc: ios=312988/52062, merge=1/518342, ticks=100565/754954, in_queue=855490, util=96.66%
