randread-4k: (g=0): rw=randread, bs=4K-4K/4K-4K/4K-4K, ioengine=libaio, iodepth=10
fio-2.1.4
Starting 1 process

randread-4k: (groupid=0, jobs=1): err= 0: pid=5033: Sat Mar 15 07:50:08 2014
  read : io=1365.1MB, bw=23311KB/s, iops=5827, runt= 60001msec
    slat (usec): min=83, max=16003, avg=168.57, stdev=55.75
    clat (usec): min=2, max=25482, avg=1540.62, stdev=193.27
     lat (usec): min=177, max=25660, avg=1709.55, stdev=204.69
    clat percentiles (usec):
     |  1.00th=[ 1464],  5.00th=[ 1480], 10.00th=[ 1496], 20.00th=[ 1512],
     | 30.00th=[ 1512], 40.00th=[ 1528], 50.00th=[ 1528], 60.00th=[ 1544],
     | 70.00th=[ 1544], 80.00th=[ 1560], 90.00th=[ 1576], 95.00th=[ 1592],
     | 99.00th=[ 1688], 99.50th=[ 1912], 99.90th=[ 3088], 99.95th=[ 3856],
     | 99.99th=[10432]
    bw (KB  /s): min=17296, max=24024, per=100.00%, avg=23312.44, stdev=670.12
    lat (usec) : 4=0.01%, 250=0.01%, 500=0.01%, 750=0.01%, 1000=0.01%
    lat (msec) : 2=99.56%, 4=0.39%, 10=0.04%, 20=0.01%, 50=0.01%
  cpu          : usr=0.32%, sys=9.34%, ctx=349724, majf=0, minf=37
  IO depths    : 1=0.1%, 2=0.1%, 4=0.1%, 8=100.0%, 16=0.0%, 32=0.0%, >=64=0.0%
     submit    : 0=0.0%, 4=100.0%, 8=0.0%, 16=0.0%, 32=0.0%, 64=0.0%, >=64=0.0%
     complete  : 0=0.0%, 4=100.0%, 8=0.0%, 16=0.1%, 32=0.0%, 64=0.0%, >=64=0.0%
     issued    : total=r=349666/w=0/d=0, short=r=0/w=0/d=0

Run status group 0 (all jobs):
   READ: io=1365.1MB, aggrb=23310KB/s, minb=23310KB/s, maxb=23310KB/s, mint=60001msec, maxt=60001msec

Disk stats (read/write):
  xvdc: ios=349401/0, merge=0/0, ticks=56617/0, in_queue=56615, util=94.37%
