randread-512k-1m: (g=0): rw=randread, bs=512K-1M/512K-1M/512K-1M, ioengine=libaio, iodepth=10
seqread: (g=0): rw=read, bs=1M-1M/1M-1M/1M-1M, ioengine=libaio, iodepth=10
seqwrite: (g=0): rw=write, bs=1M-1M/1M-1M/1M-1M, ioengine=libaio, iodepth=10
fio-2.2.8
Starting 3 processes

randread-512k-1m: (groupid=0, jobs=1): err= 0: pid=24197: Thu Apr  7 15:49:08 2016
  read : io=530432KB, bw=8800.4KB/s, iops=17, runt= 60274msec
    slat (usec): min=7, max=304, avg=13.06, stdev=17.69
    clat (msec): min=5, max=1383, avg=581.60, stdev=402.62
     lat (msec): min=5, max=1383, avg=581.61, stdev=402.62
    clat percentiles (msec):
     |  1.00th=[   28],  5.00th=[  110], 10.00th=[  161], 20.00th=[  200],
     | 30.00th=[  235], 40.00th=[  293], 50.00th=[  408], 60.00th=[  693],
     | 70.00th=[ 1020], 80.00th=[ 1057], 90.00th=[ 1106], 95.00th=[ 1123],
     | 99.00th=[ 1270], 99.50th=[ 1336], 99.90th=[ 1369], 99.95th=[ 1385],
     | 99.99th=[ 1385]
    bw (KB  /s): min= 1699, max=27576, per=24.22%, avg=10377.01, stdev=7315.78
    lat (msec) : 10=0.19%, 20=0.48%, 50=1.74%, 100=2.12%, 250=29.05%
    lat (msec) : 500=20.56%, 750=7.53%, 1000=4.05%, 2000=34.27%
  cpu          : usr=0.00%, sys=0.02%, ctx=1040, majf=0, minf=272
  IO depths    : 1=0.1%, 2=0.2%, 4=0.4%, 8=99.3%, 16=0.0%, 32=0.0%, >=64=0.0%
     submit    : 0=0.0%, 4=100.0%, 8=0.0%, 16=0.0%, 32=0.0%, 64=0.0%, >=64=0.0%
     complete  : 0=0.0%, 4=99.9%, 8=0.0%, 16=0.1%, 32=0.0%, 64=0.0%, >=64=0.0%
     issued    : total=r=1036/w=0/d=0, short=r=0/w=0/d=0, drop=r=0/w=0/d=0
     latency   : target=0, window=0, percentile=100.00%, depth=10
seqread: (groupid=0, jobs=1): err= 0: pid=24198: Thu Apr  7 15:49:08 2016
  read : io=2004.0MB, bw=34113KB/s, iops=33, runt= 60156msec
    slat (usec): min=13, max=421, avg=21.02, stdev=16.06
    clat (msec): min=48, max=1291, avg=300.12, stdev=399.83
     lat (msec): min=48, max=1291, avg=300.15, stdev=399.83
    clat percentiles (msec):
     |  1.00th=[   50],  5.00th=[   50], 10.00th=[   50], 20.00th=[   56],
     | 30.00th=[   58], 40.00th=[   60], 50.00th=[   60], 60.00th=[  141],
     | 70.00th=[  215], 80.00th=[  709], 90.00th=[ 1090], 95.00th=[ 1106],
     | 99.00th=[ 1188], 99.50th=[ 1205], 99.90th=[ 1287], 99.95th=[ 1287],
     | 99.99th=[ 1287]
    bw (KB  /s): min= 1036, max=204800, per=100.00%, avg=44239.93, stdev=56894.06
    lat (msec) : 50=2.10%, 100=55.54%, 250=17.02%, 500=3.84%, 750=1.55%
    lat (msec) : 1000=1.90%, 2000=18.06%
  cpu          : usr=0.01%, sys=0.07%, ctx=2006, majf=0, minf=526
  IO depths    : 1=0.1%, 2=0.1%, 4=0.2%, 8=99.7%, 16=0.0%, 32=0.0%, >=64=0.0%
     submit    : 0=0.0%, 4=100.0%, 8=0.0%, 16=0.0%, 32=0.0%, 64=0.0%, >=64=0.0%
     complete  : 0=0.0%, 4=99.9%, 8=0.0%, 16=0.1%, 32=0.0%, 64=0.0%, >=64=0.0%
     issued    : total=r=2004/w=0/d=0, short=r=0/w=0/d=0, drop=r=0/w=0/d=0
     latency   : target=0, window=0, percentile=100.00%, depth=10
seqwrite: (groupid=0, jobs=1): err= 0: pid=24199: Thu Apr  7 15:49:08 2016
  write: io=6953.0MB, bw=118550KB/s, iops=115, runt= 60058msec
    slat (usec): min=20, max=73, avg=37.24, stdev= 7.86
    clat (msec): min=2, max=1385, avg=82.23, stdev=99.53
     lat (msec): min=2, max=1385, avg=82.27, stdev=99.53
    clat percentiles (msec):
     |  1.00th=[    7],  5.00th=[   49], 10.00th=[   50], 20.00th=[   50],
     | 30.00th=[   53], 40.00th=[   54], 50.00th=[   55], 60.00th=[   58],
     | 70.00th=[   60], 80.00th=[   60], 90.00th=[  172], 95.00th=[  231],
     | 99.00th=[  594], 99.50th=[  717], 99.90th=[ 1369], 99.95th=[ 1385],
     | 99.99th=[ 1385]
    bw (KB  /s): min= 1780, max=206848, per=100.00%, avg=127164.50, stdev=52368.24
    lat (msec) : 4=0.85%, 10=0.27%, 20=0.19%, 50=15.86%, 100=69.09%
    lat (msec) : 250=10.33%, 500=2.37%, 750=0.73%, 1000=0.04%, 2000=0.26%
  cpu          : usr=0.24%, sys=0.25%, ctx=7036, majf=0, minf=10
  IO depths    : 1=1.2%, 2=0.4%, 4=0.8%, 8=97.6%, 16=0.0%, 32=0.0%, >=64=0.0%
     submit    : 0=0.0%, 4=100.0%, 8=0.0%, 16=0.0%, 32=0.0%, 64=0.0%, >=64=0.0%
     complete  : 0=0.0%, 4=100.0%, 8=0.0%, 16=0.1%, 32=0.0%, 64=0.0%, >=64=0.0%
     issued    : total=r=0/w=6953/d=0, short=r=0/w=0/d=0, drop=r=0/w=0/d=0
     latency   : target=0, window=0, percentile=100.00%, depth=10

Run status group 0 (all jobs):
   READ: io=2522.0MB, aggrb=42846KB/s, minb=8800KB/s, maxb=34112KB/s, mint=60156msec, maxt=60274msec
  WRITE: io=6953.0MB, aggrb=118549KB/s, minb=118549KB/s, maxb=118549KB/s, mint=60058msec, maxt=60058msec

Disk stats (read/write):
  sda: ios=3232/6997, merge=1/1, ticks=1256352/590969, in_queue=1849767, util=99.87%
