randread-32k-64k: (g=0): rw=randread, bs=32K-64K/32K-64K/32K-64K, ioengine=libaio, iodepth=10
seqread: (g=0): rw=read, bs=1M-1M/1M-1M/1M-1M, ioengine=libaio, iodepth=10
seqwrite: (g=0): rw=write, bs=1M-1M/1M-1M/1M-1M, ioengine=libaio, iodepth=10
fio-2.2.8
Starting 3 processes

randread-32k-64k: (groupid=0, jobs=1): err= 0: pid=31578: Thu Apr  7 15:24:54 2016
  read : io=73312KB, bw=1217.4KB/s, iops=38, runt= 60224msec
    slat (usec): min=2, max=39, avg= 4.27, stdev= 1.95
    clat (msec): min=4, max=1315, avg=262.80, stdev=216.83
     lat (msec): min=4, max=1315, avg=262.81, stdev=216.83
    clat percentiles (msec):
     |  1.00th=[   23],  5.00th=[  145], 10.00th=[  155], 20.00th=[  163],
     | 30.00th=[  172], 40.00th=[  182], 50.00th=[  190], 60.00th=[  210],
     | 70.00th=[  239], 80.00th=[  273], 90.00th=[  359], 95.00th=[  898],
     | 99.00th=[ 1106], 99.50th=[ 1156], 99.90th=[ 1303], 99.95th=[ 1319],
     | 99.99th=[ 1319]
    bw (KB  /s): min=  293, max= 2231, per=2.51%, avg=1344.51, stdev=487.81
    lat (msec) : 10=0.35%, 20=0.52%, 50=0.92%, 100=0.96%, 250=71.15%
    lat (msec) : 500=17.94%, 750=1.66%, 1000=1.96%, 2000=4.54%
  cpu          : usr=0.01%, sys=0.02%, ctx=2295, majf=0, minf=91
  IO depths    : 1=0.1%, 2=0.1%, 4=0.2%, 8=99.7%, 16=0.0%, 32=0.0%, >=64=0.0%
     submit    : 0=0.0%, 4=100.0%, 8=0.0%, 16=0.0%, 32=0.0%, 64=0.0%, >=64=0.0%
     complete  : 0=0.0%, 4=100.0%, 8=0.0%, 16=0.1%, 32=0.0%, 64=0.0%, >=64=0.0%
     issued    : total=r=2291/w=0/d=0, short=r=0/w=0/d=0, drop=r=0/w=0/d=0
     latency   : target=0, window=0, percentile=100.00%, depth=10
seqread: (groupid=0, jobs=1): err= 0: pid=31579: Thu Apr  7 15:24:54 2016
  read : io=3079.0MB, bw=52355KB/s, iops=51, runt= 60222msec
    slat (usec): min=13, max=316, avg=20.45, stdev=10.35
    clat (msec): min=36, max=1271, avg=195.23, stdev=201.57
     lat (msec): min=36, max=1271, avg=195.25, stdev=201.57
    clat percentiles (msec):
     |  1.00th=[   53],  5.00th=[   53], 10.00th=[   55], 20.00th=[  128],
     | 30.00th=[  157], 40.00th=[  159], 50.00th=[  165], 60.00th=[  172],
     | 70.00th=[  176], 80.00th=[  184], 90.00th=[  202], 95.00th=[  570],
     | 99.00th=[ 1106], 99.50th=[ 1123], 99.90th=[ 1172], 99.95th=[ 1205],
     | 99.99th=[ 1270]
    bw (KB  /s): min= 1486, max=191745, per=100.00%, avg=58286.21, stdev=32048.53
    lat (msec) : 50=0.10%, 100=18.38%, 250=74.80%, 500=1.56%, 750=0.62%
    lat (msec) : 1000=0.26%, 2000=4.29%
  cpu          : usr=0.01%, sys=0.11%, ctx=3083, majf=0, minf=527
  IO depths    : 1=0.1%, 2=0.1%, 4=0.3%, 8=99.5%, 16=0.0%, 32=0.0%, >=64=0.0%
     submit    : 0=0.0%, 4=100.0%, 8=0.0%, 16=0.0%, 32=0.0%, 64=0.0%, >=64=0.0%
     complete  : 0=0.0%, 4=100.0%, 8=0.0%, 16=0.1%, 32=0.0%, 64=0.0%, >=64=0.0%
     issued    : total=r=3079/w=0/d=0, short=r=0/w=0/d=0, drop=r=0/w=0/d=0
     latency   : target=0, window=0, percentile=100.00%, depth=10
seqwrite: (groupid=0, jobs=1): err= 0: pid=31580: Thu Apr  7 15:24:54 2016
  write: io=4742.0MB, bw=80859KB/s, iops=78, runt= 60053msec
    slat (usec): min=22, max=73, avg=39.76, stdev= 8.68
    clat (msec): min=2, max=1357, avg=125.39, stdev=98.03
     lat (msec): min=2, max=1357, avg=125.43, stdev=98.04
    clat percentiles (msec):
     |  1.00th=[   53],  5.00th=[   53], 10.00th=[   53], 20.00th=[   53],
     | 30.00th=[   55], 40.00th=[   59], 50.00th=[  147], 60.00th=[  159],
     | 70.00th=[  167], 80.00th=[  176], 90.00th=[  186], 95.00th=[  198],
     | 99.00th=[  465], 99.50th=[  627], 99.90th=[ 1336], 99.95th=[ 1352],
     | 99.99th=[ 1352]
    bw (KB  /s): min= 9318, max=194171, per=100.00%, avg=82916.93, stdev=44557.86
    lat (msec) : 4=0.06%, 10=0.04%, 20=0.08%, 50=0.36%, 100=44.29%
    lat (msec) : 250=53.27%, 500=1.05%, 750=0.42%, 1000=0.13%, 2000=0.30%
  cpu          : usr=0.20%, sys=0.15%, ctx=4753, majf=0, minf=11
  IO depths    : 1=0.2%, 2=0.1%, 4=0.3%, 8=99.4%, 16=0.0%, 32=0.0%, >=64=0.0%
     submit    : 0=0.0%, 4=100.0%, 8=0.0%, 16=0.0%, 32=0.0%, 64=0.0%, >=64=0.0%
     complete  : 0=0.0%, 4=100.0%, 8=0.0%, 16=0.1%, 32=0.0%, 64=0.0%, >=64=0.0%
     issued    : total=r=0/w=4742/d=0, short=r=0/w=0/d=0, drop=r=0/w=0/d=0
     latency   : target=0, window=0, percentile=100.00%, depth=10

Run status group 0 (all jobs):
   READ: io=3150.7MB, aggrb=53570KB/s, minb=1217KB/s, maxb=52354KB/s, mint=60222msec, maxt=60224msec
  WRITE: io=4742.0MB, aggrb=80858KB/s, minb=80858KB/s, maxb=80858KB/s, mint=60053msec, maxt=60053msec

Disk stats (read/write):
  sda: ios=5673/4782, merge=0/2, ticks=1252419/603794, in_queue=1861462, util=99.87%
