randread-1k-4k: (g=0): rw=randread, bs=1K-4K/1K-4K/1K-4K, ioengine=libaio, iodepth=10
seqread: (g=0): rw=read, bs=1M-1M/1M-1M/1M-1M, ioengine=libaio, iodepth=10
seqwrite: (g=0): rw=write, bs=1M-1M/1M-1M/1M-1M, ioengine=libaio, iodepth=10
fio-2.2.8
Starting 3 processes

randread-1k-4k: (groupid=0, jobs=1): err= 0: pid=20793: Thu Apr  7 15:34:00 2016
  read : io=4983.0KB, bw=84766B/s, iops=47, runt= 60196msec
    slat (usec): min=1, max=31, avg= 3.67, stdev= 1.99
    clat (msec): min=3, max=490, avg=209.89, stdev=51.97
     lat (msec): min=3, max=490, avg=209.90, stdev=51.97
    clat percentiles (msec):
     |  1.00th=[   82],  5.00th=[  149], 10.00th=[  159], 20.00th=[  172],
     | 30.00th=[  182], 40.00th=[  190], 50.00th=[  200], 60.00th=[  210],
     | 70.00th=[  229], 80.00th=[  253], 90.00th=[  277], 95.00th=[  306],
     | 99.00th=[  355], 99.50th=[  375], 99.90th=[  424], 99.95th=[  469],
     | 99.99th=[  490]
    bw (KB  /s): min=   57, max=  125, per=0.15%, avg=82.56, stdev=12.30
    lat (msec) : 4=0.03%, 10=0.07%, 20=0.14%, 50=0.31%, 100=0.87%
    lat (msec) : 250=76.87%, 500=21.70%
  cpu          : usr=0.01%, sys=0.03%, ctx=2868, majf=0, minf=21
  IO depths    : 1=0.1%, 2=0.1%, 4=0.1%, 8=99.8%, 16=0.0%, 32=0.0%, >=64=0.0%
     submit    : 0=0.0%, 4=100.0%, 8=0.0%, 16=0.0%, 32=0.0%, 64=0.0%, >=64=0.0%
     complete  : 0=0.0%, 4=100.0%, 8=0.0%, 16=0.1%, 32=0.0%, 64=0.0%, >=64=0.0%
     issued    : total=r=2867/w=0/d=0, short=r=0/w=0/d=0, drop=r=0/w=0/d=0
     latency   : target=0, window=0, percentile=100.00%, depth=10
seqread: (groupid=0, jobs=1): err= 0: pid=20794: Thu Apr  7 15:34:00 2016
  read : io=3314.0MB, bw=56378KB/s, iops=55, runt= 60193msec
    slat (usec): min=13, max=270, avg=20.03, stdev= 9.39
    clat (msec): min=35, max=369, avg=181.55, stdev=26.94
     lat (msec): min=35, max=369, avg=181.57, stdev=26.94
    clat percentiles (msec):
     |  1.00th=[  125],  5.00th=[  145], 10.00th=[  153], 20.00th=[  163],
     | 30.00th=[  167], 40.00th=[  176], 50.00th=[  182], 60.00th=[  186],
     | 70.00th=[  192], 80.00th=[  202], 90.00th=[  210], 95.00th=[  219],
     | 99.00th=[  285], 99.50th=[  302], 99.90th=[  310], 99.95th=[  363],
     | 99.99th=[  371]
    bw (KB  /s): min=41918, max=67047, per=100.00%, avg=56545.14, stdev=4564.21
    lat (msec) : 50=0.03%, 100=0.39%, 250=98.10%, 500=1.48%
  cpu          : usr=0.02%, sys=0.12%, ctx=3316, majf=0, minf=526
  IO depths    : 1=0.1%, 2=0.1%, 4=0.1%, 8=99.8%, 16=0.0%, 32=0.0%, >=64=0.0%
     submit    : 0=0.0%, 4=100.0%, 8=0.0%, 16=0.0%, 32=0.0%, 64=0.0%, >=64=0.0%
     complete  : 0=0.0%, 4=100.0%, 8=0.0%, 16=0.1%, 32=0.0%, 64=0.0%, >=64=0.0%
     issued    : total=r=3314/w=0/d=0, short=r=0/w=0/d=0, drop=r=0/w=0/d=0
     latency   : target=0, window=0, percentile=100.00%, depth=10
seqwrite: (groupid=0, jobs=1): err= 0: pid=20795: Thu Apr  7 15:34:00 2016
  write: io=3308.0MB, bw=56334KB/s, iops=55, runt= 60130msec
    slat (usec): min=21, max=71, avg=45.02, stdev= 8.22
    clat (msec): min=36, max=427, avg=181.69, stdev=30.28
     lat (msec): min=36, max=427, avg=181.73, stdev=30.28
    clat percentiles (msec):
     |  1.00th=[  108],  5.00th=[  145], 10.00th=[  153], 20.00th=[  163],
     | 30.00th=[  167], 40.00th=[  176], 50.00th=[  180], 60.00th=[  184],
     | 70.00th=[  192], 80.00th=[  200], 90.00th=[  212], 95.00th=[  223],
     | 99.00th=[  302], 99.50th=[  318], 99.90th=[  400], 99.95th=[  408],
     | 99.99th=[  429]
    bw (KB  /s): min=39613, max=71680, per=100.00%, avg=56411.59, stdev=5497.40
    lat (msec) : 50=0.03%, 100=0.91%, 250=97.16%, 500=1.90%
  cpu          : usr=0.17%, sys=0.10%, ctx=3330, majf=0, minf=10
  IO depths    : 1=0.1%, 2=0.1%, 4=0.1%, 8=99.8%, 16=0.0%, 32=0.0%, >=64=0.0%
     submit    : 0=0.0%, 4=100.0%, 8=0.0%, 16=0.0%, 32=0.0%, 64=0.0%, >=64=0.0%
     complete  : 0=0.0%, 4=100.0%, 8=0.0%, 16=0.1%, 32=0.0%, 64=0.0%, >=64=0.0%
     issued    : total=r=0/w=3308/d=0, short=r=0/w=0/d=0, drop=r=0/w=0/d=0
     latency   : target=0, window=0, percentile=100.00%, depth=10

Run status group 0 (all jobs):
   READ: io=3318.9MB, aggrb=56457KB/s, minb=82KB/s, maxb=56377KB/s, mint=60193msec, maxt=60196msec
  WRITE: io=3308.0MB, aggrb=56334KB/s, minb=56334KB/s, maxb=56334KB/s, mint=60130msec, maxt=60130msec

Disk stats (read/write):
  sda: ios=6178/3352, merge=0/0, ticks=1201025/608840, in_queue=1810444, util=99.87%
