randread-8k-16k: (g=0): rw=randread, bs=8K-16K/8K-16K/8K-16K, ioengine=libaio, iodepth=10
seqread: (g=0): rw=read, bs=1M-1M/1M-1M/1M-1M, ioengine=libaio, iodepth=10
seqwrite: (g=0): rw=write, bs=1M-1M/1M-1M/1M-1M, ioengine=libaio, iodepth=10
fio-2.2.8
Starting 3 processes

randread-8k-16k: (groupid=0, jobs=1): err= 0: pid=18709: Thu Apr  7 15:05:44 2016
  read : io=129064KB, bw=2150.7KB/s, iops=268, runt= 60028msec
    slat (usec): min=1, max=37, avg= 3.00, stdev= 1.34
    clat (usec): min=139, max=271071, avg=37203.86, stdev=32890.01
     lat (usec): min=142, max=271074, avg=37206.97, stdev=32890.03
    clat percentiles (msec):
     |  1.00th=[    3],  5.00th=[    5], 10.00th=[    6], 20.00th=[    9],
     | 30.00th=[   13], 40.00th=[   18], 50.00th=[   26], 60.00th=[   37],
     | 70.00th=[   51], 80.00th=[   67], 90.00th=[   84], 95.00th=[   99],
     | 99.00th=[  137], 99.50th=[  155], 99.90th=[  198], 99.95th=[  219],
     | 99.99th=[  269]
    bw (KB  /s): min= 1309, max= 3177, per=17.35%, avg=2153.57, stdev=273.07
    lat (usec) : 250=0.01%, 500=0.01%, 750=0.07%, 1000=0.04%
    lat (msec) : 2=0.14%, 4=3.80%, 10=19.09%, 20=20.38%, 50=26.00%
    lat (msec) : 100=25.70%, 250=4.73%, 500=0.02%
  cpu          : usr=0.07%, sys=0.12%, ctx=16136, majf=0, minf=35
  IO depths    : 1=0.1%, 2=0.1%, 4=0.1%, 8=100.0%, 16=0.0%, 32=0.0%, >=64=0.0%
     submit    : 0=0.0%, 4=100.0%, 8=0.0%, 16=0.0%, 32=0.0%, 64=0.0%, >=64=0.0%
     complete  : 0=0.0%, 4=100.0%, 8=0.0%, 16=0.1%, 32=0.0%, 64=0.0%, >=64=0.0%
     issued    : total=r=16132/w=0/d=0, short=r=0/w=0/d=0, drop=r=0/w=0/d=0
     latency   : target=0, window=0, percentile=100.00%, depth=10
seqread: (groupid=0, jobs=1): err= 0: pid=18710: Thu Apr  7 15:05:44 2016
  read : io=616448KB, bw=10262KB/s, iops=10, runt= 60072msec
    slat (usec): min=13, max=311, avg=29.22, stdev=17.59
    clat (msec): min=1, max=149, avg=52.58, stdev=27.05
     lat (msec): min=1, max=149, avg=52.61, stdev=27.05
    clat percentiles (usec):
     |  1.00th=[ 1896],  5.00th=[ 2672], 10.00th=[ 8896], 20.00th=[24704],
     | 30.00th=[47872], 40.00th=[54016], 50.00th=[57600], 60.00th=[61696],
     | 70.00th=[66048], 80.00th=[71168], 90.00th=[77312], 95.00th=[86528],
     | 99.00th=[130560], 99.50th=[138240], 99.90th=[150528], 99.95th=[150528],
     | 99.99th=[150528]
    bw (KB  /s): min= 1245, max=24697, per=83.01%, avg=10301.56, stdev=1835.61
    lat (msec) : 2=2.33%, 4=5.15%, 10=3.65%, 20=5.98%, 50=15.61%
    lat (msec) : 100=63.95%, 250=3.32%
  cpu          : usr=0.00%, sys=0.03%, ctx=1177, majf=0, minf=527
  IO depths    : 1=95.5%, 2=1.0%, 4=2.0%, 8=1.5%, 16=0.0%, 32=0.0%, >=64=0.0%
     submit    : 0=0.0%, 4=100.0%, 8=0.0%, 16=0.0%, 32=0.0%, 64=0.0%, >=64=0.0%
     complete  : 0=0.0%, 4=100.0%, 8=0.0%, 16=0.0%, 32=0.0%, 64=0.0%, >=64=0.0%
     issued    : total=r=602/w=0/d=0, short=r=0/w=0/d=0, drop=r=0/w=0/d=0
     latency   : target=0, window=0, percentile=100.00%, depth=10
seqwrite: (groupid=0, jobs=1): err= 0: pid=18711: Thu Apr  7 15:05:44 2016
  write: io=616448KB, bw=10262KB/s, iops=10, runt= 60072msec
    slat (usec): min=22, max=74, avg=44.36, stdev= 9.22
    clat (msec): min=1, max=209, avg=53.12, stdev=31.69
     lat (msec): min=2, max=209, avg=53.17, stdev=31.69
    clat percentiles (msec):
     |  1.00th=[    3],  5.00th=[    3], 10.00th=[    8], 20.00th=[   23],
     | 30.00th=[   46], 40.00th=[   53], 50.00th=[   58], 60.00th=[   62],
     | 70.00th=[   65], 80.00th=[   72], 90.00th=[   79], 95.00th=[   90],
     | 99.00th=[  176], 99.50th=[  194], 99.90th=[  210], 99.95th=[  210],
     | 99.99th=[  210]
    bw (KB  /s): min= 2288, max=24928, per=100.00%, avg=10309.26, stdev=1810.27
    lat (msec) : 2=0.50%, 4=8.97%, 10=2.99%, 20=5.65%, 50=15.95%
    lat (msec) : 100=62.46%, 250=3.49%
  cpu          : usr=0.03%, sys=0.02%, ctx=1186, majf=0, minf=11
  IO depths    : 1=96.8%, 2=0.7%, 4=1.3%, 8=1.2%, 16=0.0%, 32=0.0%, >=64=0.0%
     submit    : 0=0.0%, 4=100.0%, 8=0.0%, 16=0.0%, 32=0.0%, 64=0.0%, >=64=0.0%
     complete  : 0=0.0%, 4=100.0%, 8=0.0%, 16=0.0%, 32=0.0%, 64=0.0%, >=64=0.0%
     issued    : total=r=0/w=602/d=0, short=r=0/w=0/d=0, drop=r=0/w=0/d=0
     latency   : target=0, window=0, percentile=100.00%, depth=10

Run status group 0 (all jobs):
   READ: io=745512KB, aggrb=12410KB/s, minb=2150KB/s, maxb=10261KB/s, mint=60028msec, maxt=60072msec
  WRITE: io=616448KB, aggrb=10261KB/s, minb=10261KB/s, maxb=10261KB/s, mint=60072msec, maxt=60072msec

Disk stats (read/write):
  sda: ios=16718/927, merge=0/1, ticks=630380/48434, in_queue=679109, util=99.87%
