randread-8k-16k: (g=0): rw=randread, bs=8K-16K/8K-16K/8K-16K, ioengine=libaio, iodepth=10
seqread: (g=0): rw=read, bs=1M-1M/1M-1M/1M-1M, ioengine=libaio, iodepth=10
seqwrite: (g=0): rw=write, bs=1M-1M/1M-1M/1M-1M, ioengine=libaio, iodepth=10
fio-2.2.8
Starting 3 processes

randread-8k-16k: (groupid=0, jobs=1): err= 0: pid=25595: Thu Apr  7 15:36:01 2016
  read : io=71456KB, bw=1187.4KB/s, iops=148, runt= 60182msec
    slat (usec): min=1, max=33, avg= 3.16, stdev= 1.53
    clat (usec): min=126, max=486238, avg=67352.03, stdev=71100.79
     lat (usec): min=128, max=486242, avg=67355.31, stdev=71100.94
    clat percentiles (msec):
     |  1.00th=[    3],  5.00th=[    4], 10.00th=[    6], 20.00th=[    9],
     | 30.00th=[   14], 40.00th=[   22], 50.00th=[   35], 60.00th=[   59],
     | 70.00th=[  100], 80.00th=[  135], 90.00th=[  167], 95.00th=[  200],
     | 99.00th=[  289], 99.50th=[  326], 99.90th=[  412], 99.95th=[  437],
     | 99.99th=[  486]
    bw (KB  /s): min=  326, max= 1937, per=2.83%, avg=1192.48, stdev=352.33
    lat (usec) : 250=0.02%, 750=0.03%, 1000=0.13%
    lat (msec) : 2=0.46%, 4=4.53%, 10=17.17%, 20=16.26%, 50=19.00%
    lat (msec) : 100=12.53%, 250=27.79%, 500=2.07%
  cpu          : usr=0.05%, sys=0.06%, ctx=8934, majf=0, minf=32
  IO depths    : 1=0.1%, 2=0.1%, 4=0.1%, 8=99.9%, 16=0.0%, 32=0.0%, >=64=0.0%
     submit    : 0=0.0%, 4=100.0%, 8=0.0%, 16=0.0%, 32=0.0%, 64=0.0%, >=64=0.0%
     complete  : 0=0.0%, 4=100.0%, 8=0.0%, 16=0.1%, 32=0.0%, 64=0.0%, >=64=0.0%
     issued    : total=r=8932/w=0/d=0, short=r=0/w=0/d=0, drop=r=0/w=0/d=0
     latency   : target=0, window=0, percentile=100.00%, depth=10
seqread: (groupid=0, jobs=1): err= 0: pid=25596: Thu Apr  7 15:36:01 2016
  read : io=2409.0MB, bw=41017KB/s, iops=40, runt= 60142msec
    slat (usec): min=12, max=329, avg=19.87, stdev=11.45
    clat (msec): min=1, max=568, avg=88.94, stdev=74.78
     lat (msec): min=1, max=568, avg=88.96, stdev=74.78
    clat percentiles (msec):
     |  1.00th=[    4],  5.00th=[   14], 10.00th=[   21], 20.00th=[   37],
     | 30.00th=[   49], 40.00th=[   57], 50.00th=[   65], 60.00th=[   83],
     | 70.00th=[  105], 80.00th=[  135], 90.00th=[  174], 95.00th=[  221],
     | 99.00th=[  412], 99.50th=[  461], 99.90th=[  553], 99.95th=[  562],
     | 99.99th=[  570]
    bw (KB  /s): min= 3806, max=74507, per=97.72%, avg=41216.04, stdev=9847.22
    lat (msec) : 2=0.46%, 4=0.62%, 10=2.12%, 20=6.52%, 50=21.83%
    lat (msec) : 100=36.70%, 250=28.06%, 500=3.36%, 750=0.33%
  cpu          : usr=0.02%, sys=0.08%, ctx=2783, majf=0, minf=529
  IO depths    : 1=15.5%, 2=12.1%, 4=24.2%, 8=48.2%, 16=0.0%, 32=0.0%, >=64=0.0%
     submit    : 0=0.0%, 4=100.0%, 8=0.0%, 16=0.0%, 32=0.0%, 64=0.0%, >=64=0.0%
     complete  : 0=0.0%, 4=100.0%, 8=0.0%, 16=0.0%, 32=0.0%, 64=0.0%, >=64=0.0%
     issued    : total=r=2409/w=0/d=0, short=r=0/w=0/d=0, drop=r=0/w=0/d=0
     latency   : target=0, window=0, percentile=100.00%, depth=10
seqwrite: (groupid=0, jobs=1): err= 0: pid=25597: Thu Apr  7 15:36:01 2016
  write: io=2410.0MB, bw=41032KB/s, iops=40, runt= 60145msec
    slat (usec): min=21, max=71, avg=42.34, stdev= 9.09
    clat (msec): min=1, max=315, avg=69.83, stdev=56.60
     lat (msec): min=2, max=315, avg=69.88, stdev=56.60
    clat percentiles (usec):
     |  1.00th=[ 1992],  5.00th=[ 2064], 10.00th=[ 2224], 20.00th=[ 5856],
     | 30.00th=[25216], 40.00th=[53504], 50.00th=[65280], 60.00th=[82432],
     | 70.00th=[96768], 80.00th=[116224], 90.00th=[144384], 95.00th=[166912],
     | 99.00th=[230400], 99.50th=[252928], 99.90th=[284672], 99.95th=[288768],
     | 99.99th=[313344]
    bw (KB  /s): min=28165, max=63235, per=99.98%, avg=41023.49, stdev=6577.31
    lat (msec) : 2=1.37%, 4=15.23%, 10=7.26%, 20=4.48%, 50=10.17%
    lat (msec) : 100=33.49%, 250=27.39%, 500=0.62%
  cpu          : usr=0.11%, sys=0.08%, ctx=3011, majf=0, minf=12
  IO depths    : 1=24.8%, 2=12.0%, 4=23.9%, 8=39.3%, 16=0.0%, 32=0.0%, >=64=0.0%
     submit    : 0=0.0%, 4=100.0%, 8=0.0%, 16=0.0%, 32=0.0%, 64=0.0%, >=64=0.0%
     complete  : 0=0.0%, 4=100.0%, 8=0.0%, 16=0.0%, 32=0.0%, 64=0.0%, >=64=0.0%
     issued    : total=r=0/w=2410/d=0, short=r=0/w=0/d=0, drop=r=0/w=0/d=0
     latency   : target=0, window=0, percentile=100.00%, depth=10

Run status group 0 (all jobs):
   READ: io=2478.8MB, aggrb=42176KB/s, minb=1187KB/s, maxb=41016KB/s, mint=60142msec, maxt=60182msec
  WRITE: io=2410.0MB, aggrb=41031KB/s, minb=41031KB/s, maxb=41031KB/s, mint=60145msec, maxt=60145msec

Disk stats (read/write):
  sda: ios=11548/2433, merge=0/1, ticks=830405/170555, in_queue=1002280, util=99.87%
