randread-32k-64k: (g=0): rw=randread, bs=32K-64K/32K-64K/32K-64K, ioengine=libaio, iodepth=10
seqread: (g=0): rw=read, bs=1M-1M/1M-1M/1M-1M, ioengine=libaio, iodepth=10
seqwrite: (g=0): rw=write, bs=1M-1M/1M-1M/1M-1M, ioengine=libaio, iodepth=10
fio-2.2.8
Starting 3 processes

randread-32k-64k: (groupid=0, jobs=1): err= 0: pid=2815: Thu Apr  7 15:40:03 2016
  read : io=267008KB, bw=4442.3KB/s, iops=138, runt= 60106msec
    slat (usec): min=2, max=26, avg= 4.07, stdev= 1.52
    clat (usec): min=157, max=564236, avg=72024.67, stdev=75044.06
     lat (usec): min=161, max=564241, avg=72028.85, stdev=75044.12
    clat percentiles (msec):
     |  1.00th=[    3],  5.00th=[    5], 10.00th=[    6], 20.00th=[   10],
     | 30.00th=[   16], 40.00th=[   25], 50.00th=[   39], 60.00th=[   67],
     | 70.00th=[  105], 80.00th=[  141], 90.00th=[  178], 95.00th=[  212],
     | 99.00th=[  306], 99.50th=[  347], 99.90th=[  437], 99.95th=[  449],
     | 99.99th=[  562]
    bw (KB  /s): min=  952, max= 7232, per=9.81%, avg=4456.99, stdev=1290.32
    lat (usec) : 250=0.06%, 750=0.02%, 1000=0.01%
    lat (msec) : 2=0.44%, 4=4.12%, 10=16.55%, 20=14.83%, 50=18.91%
    lat (msec) : 100=13.99%, 250=28.48%, 500=2.56%, 750=0.02%
  cpu          : usr=0.05%, sys=0.06%, ctx=8349, majf=0, minf=91
  IO depths    : 1=0.1%, 2=0.1%, 4=0.1%, 8=99.9%, 16=0.0%, 32=0.0%, >=64=0.0%
     submit    : 0=0.0%, 4=100.0%, 8=0.0%, 16=0.0%, 32=0.0%, 64=0.0%, >=64=0.0%
     complete  : 0=0.0%, 4=100.0%, 8=0.0%, 16=0.1%, 32=0.0%, 64=0.0%, >=64=0.0%
     issued    : total=r=8344/w=0/d=0, short=r=0/w=0/d=0, drop=r=0/w=0/d=0
     latency   : target=0, window=0, percentile=100.00%, depth=10
seqread: (groupid=0, jobs=1): err= 0: pid=2816: Thu Apr  7 15:40:03 2016
  read : io=2409.0MB, bw=41001KB/s, iops=40, runt= 60165msec
    slat (usec): min=12, max=234, avg=20.00, stdev=10.95
    clat (msec): min=1, max=680, avg=89.15, stdev=73.44
     lat (msec): min=1, max=680, avg=89.17, stdev=73.44
    clat percentiles (msec):
     |  1.00th=[    6],  5.00th=[   15], 10.00th=[   22], 20.00th=[   35],
     | 30.00th=[   49], 40.00th=[   57], 50.00th=[   64], 60.00th=[   83],
     | 70.00th=[  109], 80.00th=[  135], 90.00th=[  176], 95.00th=[  221],
     | 99.00th=[  383], 99.50th=[  424], 99.90th=[  570], 99.95th=[  603],
     | 99.99th=[  685]
    bw (KB  /s): min= 7968, max=71536, per=91.22%, avg=41447.08, stdev=10544.57
    lat (msec) : 2=0.33%, 4=0.58%, 10=1.29%, 20=6.81%, 50=23.70%
    lat (msec) : 100=34.58%, 250=28.73%, 500=3.86%, 750=0.12%
  cpu          : usr=0.01%, sys=0.08%, ctx=2786, majf=0, minf=527
  IO depths    : 1=15.6%, 2=11.8%, 4=23.6%, 8=49.0%, 16=0.0%, 32=0.0%, >=64=0.0%
     submit    : 0=0.0%, 4=100.0%, 8=0.0%, 16=0.0%, 32=0.0%, 64=0.0%, >=64=0.0%
     complete  : 0=0.0%, 4=100.0%, 8=0.0%, 16=0.1%, 32=0.0%, 64=0.0%, >=64=0.0%
     issued    : total=r=2409/w=0/d=0, short=r=0/w=0/d=0, drop=r=0/w=0/d=0
     latency   : target=0, window=0, percentile=100.00%, depth=10
seqwrite: (groupid=0, jobs=1): err= 0: pid=2817: Thu Apr  7 15:40:03 2016
  write: io=2408.0MB, bw=41008KB/s, iops=40, runt= 60129msec
    slat (usec): min=19, max=79, avg=42.99, stdev= 9.47
    clat (msec): min=1, max=408, avg=69.89, stdev=60.79
     lat (msec): min=2, max=408, avg=69.93, stdev=60.79
    clat percentiles (usec):
     |  1.00th=[ 1992],  5.00th=[ 2096], 10.00th=[ 2288], 20.00th=[ 5856],
     | 30.00th=[23936], 40.00th=[48896], 50.00th=[63232], 60.00th=[82432],
     | 70.00th=[96768], 80.00th=[113152], 90.00th=[150528], 95.00th=[177152],
     | 99.00th=[230400], 99.50th=[292864], 99.90th=[403456], 99.95th=[403456],
     | 99.99th=[407552]
    bw (KB  /s): min=16318, max=67314, per=100.00%, avg=41084.59, stdev=9314.41
    lat (msec) : 2=1.12%, 4=15.03%, 10=8.43%, 20=4.32%, 50=12.46%
    lat (msec) : 100=31.10%, 250=26.70%, 500=0.83%
  cpu          : usr=0.11%, sys=0.08%, ctx=2998, majf=0, minf=10
  IO depths    : 1=24.9%, 2=12.1%, 4=24.3%, 8=38.7%, 16=0.0%, 32=0.0%, >=64=0.0%
     submit    : 0=0.0%, 4=100.0%, 8=0.0%, 16=0.0%, 32=0.0%, 64=0.0%, >=64=0.0%
     complete  : 0=0.0%, 4=100.0%, 8=0.0%, 16=0.0%, 32=0.0%, 64=0.0%, >=64=0.0%
     issued    : total=r=0/w=2408/d=0, short=r=0/w=0/d=0, drop=r=0/w=0/d=0
     latency   : target=0, window=0, percentile=100.00%, depth=10

Run status group 0 (all jobs):
   READ: io=2669.8MB, aggrb=45438KB/s, minb=4442KB/s, maxb=41000KB/s, mint=60106msec, maxt=60165msec
  WRITE: io=2408.0MB, aggrb=41008KB/s, minb=41008KB/s, maxb=41008KB/s, mint=60129msec, maxt=60129msec

Disk stats (read/write):
  sda: ios=10972/2675, merge=0/14, ticks=833139/185599, in_queue=1019139, util=99.87%
