randread-1k-4k: (g=0): rw=randread, bs=1K-4K/1K-4K/1K-4K, ioengine=libaio, iodepth=10
seqread: (g=0): rw=read, bs=1M-1M/1M-1M/1M-1M, ioengine=libaio, iodepth=10
seqwrite: (g=0): rw=write, bs=1M-1M/1M-1M/1M-1M, ioengine=libaio, iodepth=10
fio-2.2.8
Starting 3 processes

randread-1k-4k: (groupid=0, jobs=1): err= 0: pid=27489: Wed Apr  6 19:55:59 2016
  read : io=8329.2MB, bw=142149KB/s, iops=91772, runt= 60001msec
    slat (usec): min=1, max=26, avg= 1.98, stdev= 0.70
    clat (usec): min=10, max=21301, avg=106.37, stdev=183.09
     lat (usec): min=12, max=21303, avg=108.41, stdev=183.11
    clat percentiles (usec):
     |  1.00th=[   52],  5.00th=[   55], 10.00th=[   57], 20.00th=[   62],
     | 30.00th=[   67], 40.00th=[   71], 50.00th=[   74], 60.00th=[   80],
     | 70.00th=[   91], 80.00th=[  106], 90.00th=[  133], 95.00th=[  171],
     | 99.00th=[  884], 99.50th=[ 1240], 99.90th=[ 2448], 99.95th=[ 3216],
     | 99.99th=[ 5344]
    bw (KB  /s): min=116324, max=169622, per=63.51%, avg=142333.50, stdev=12007.20
    lat (usec) : 20=0.01%, 50=0.04%, 100=76.09%, 250=20.94%, 500=0.79%
    lat (usec) : 750=0.70%, 1000=0.74%
    lat (msec) : 2=0.54%, 4=0.12%, 10=0.03%, 20=0.01%, 50=0.01%
  cpu          : usr=13.28%, sys=21.24%, ctx=3153531, majf=0, minf=45
  IO depths    : 1=0.1%, 2=0.1%, 4=0.1%, 8=100.0%, 16=0.0%, 32=0.0%, >=64=0.0%
     submit    : 0=0.0%, 4=100.0%, 8=0.0%, 16=0.0%, 32=0.0%, 64=0.0%, >=64=0.0%
     complete  : 0=0.0%, 4=100.0%, 8=0.0%, 16=0.1%, 32=0.0%, 64=0.0%, >=64=0.0%
     issued    : total=r=5506441/w=0/d=0, short=r=0/w=0/d=0, drop=r=0/w=0/d=0
     latency   : target=0, window=0, percentile=100.00%, depth=10
seqread: (groupid=0, jobs=1): err= 0: pid=27490: Wed Apr  6 19:55:59 2016
  read : io=4802.0MB, bw=81951KB/s, iops=80, runt= 60002msec
    slat (usec): min=37, max=351, avg=74.99, stdev=23.25
    clat (usec): min=603, max=31531, avg=929.79, stdev=1421.47
     lat (usec): min=655, max=31731, avg=1004.96, stdev=1423.74
    clat percentiles (usec):
     |  1.00th=[  628],  5.00th=[  668], 10.00th=[  684], 20.00th=[  708],
     | 30.00th=[  748], 40.00th=[  820], 50.00th=[  860], 60.00th=[  900],
     | 70.00th=[  916], 80.00th=[  924], 90.00th=[  956], 95.00th=[  988],
     | 99.00th=[ 1048], 99.50th=[ 5408], 99.90th=[27264], 99.95th=[30336],
     | 99.99th=[31616]
    bw (KB  /s): min=81920, max=85673, per=36.59%, avg=81999.26, stdev=343.33
    lat (usec) : 750=30.53%, 1000=64.87%
    lat (msec) : 2=3.98%, 4=0.10%, 10=0.04%, 20=0.25%, 50=0.23%
  cpu          : usr=0.07%, sys=0.67%, ctx=9595, majf=0, minf=549
  IO depths    : 1=99.6%, 2=0.1%, 4=0.2%, 8=0.2%, 16=0.0%, 32=0.0%, >=64=0.0%
     submit    : 0=0.0%, 4=100.0%, 8=0.0%, 16=0.0%, 32=0.0%, 64=0.0%, >=64=0.0%
     complete  : 0=0.0%, 4=100.0%, 8=0.0%, 16=0.0%, 32=0.0%, 64=0.0%, >=64=0.0%
     issued    : total=r=4802/w=0/d=0, short=r=0/w=0/d=0, drop=r=0/w=0/d=0
     latency   : target=0, window=0, percentile=100.00%, depth=10
seqwrite: (groupid=0, jobs=1): err= 0: pid=27491: Wed Apr  6 19:55:59 2016
  write: io=4802.0MB, bw=81953KB/s, iops=80, runt= 60001msec
    slat (usec): min=35, max=155, avg=65.24, stdev=17.06
    clat (usec): min=334, max=27906, avg=651.36, stdev=1410.86
     lat (usec): min=383, max=27985, avg=716.79, stdev=1411.94
    clat percentiles (usec):
     |  1.00th=[  342],  5.00th=[  342], 10.00th=[  346], 20.00th=[  346],
     | 30.00th=[  350], 40.00th=[  350], 50.00th=[  354], 60.00th=[  358],
     | 70.00th=[  362], 80.00th=[  386], 90.00th=[ 1464], 95.00th=[ 1736],
     | 99.00th=[ 2192], 99.50th=[ 3152], 99.90th=[25216], 99.95th=[25728],
     | 99.99th=[28032]
    bw (KB  /s): min=81920, max=85333, per=100.00%, avg=81995.03, stdev=315.21
    lat (usec) : 500=82.30%, 750=0.02%
    lat (msec) : 2=14.16%, 4=3.06%, 10=0.08%, 20=0.15%, 50=0.23%
  cpu          : usr=0.19%, sys=0.43%, ctx=10094, majf=0, minf=30
  IO depths    : 1=99.6%, 2=0.1%, 4=0.2%, 8=0.2%, 16=0.0%, 32=0.0%, >=64=0.0%
     submit    : 0=0.0%, 4=100.0%, 8=0.0%, 16=0.0%, 32=0.0%, 64=0.0%, >=64=0.0%
     complete  : 0=0.0%, 4=100.0%, 8=0.0%, 16=0.0%, 32=0.0%, 64=0.0%, >=64=0.0%
     issued    : total=r=0/w=4802/d=0, short=r=0/w=0/d=0, drop=r=0/w=0/d=0
     latency   : target=0, window=0, percentile=100.00%, depth=10

Run status group 0 (all jobs):
   READ: io=13131MB, aggrb=224098KB/s, minb=81951KB/s, maxb=142149KB/s, mint=60001msec, maxt=60002msec
  WRITE: io=4802.0MB, aggrb=81952KB/s, minb=81952KB/s, maxb=81952KB/s, mint=60001msec, maxt=60001msec

Disk stats (read/write):
    dm-2: ios=5535826/38355, merge=0/0, ticks=600801/16275, in_queue=617506, util=99.88%, aggrios=5544861/40232, aggrmerge=0/0, aggrticks=601231/23788, aggrin_queue=624958, aggrutil=99.84%
  nvme0n1: ios=5544861/40232, merge=0/0, ticks=601231/23788, in_queue=624958, util=99.84%
