randread-32k-64k: (g=0): rw=randread, bs=32K-64K/32K-64K/32K-64K, ioengine=libaio, iodepth=10
seqread: (g=0): rw=read, bs=1M-1M/1M-1M/1M-1M, ioengine=libaio, iodepth=10
seqwrite: (g=0): rw=write, bs=1M-1M/1M-1M/1M-1M, ioengine=libaio, iodepth=10
fio-2.2.8
Starting 3 processes

randread-32k-64k: (groupid=0, jobs=1): err= 0: pid=11177: Wed Apr  6 19:44:54 2016
  read : io=74960MB, bw=1249.4MB/s, iops=39977, runt= 60001msec
    slat (usec): min=2, max=29, avg= 2.71, stdev= 0.54
    clat (usec): min=70, max=15597, avg=246.88, stdev=154.11
     lat (usec): min=73, max=15599, avg=249.65, stdev=154.14
    clat percentiles (usec):
     |  1.00th=[  131],  5.00th=[  155], 10.00th=[  171], 20.00th=[  191],
     | 30.00th=[  205], 40.00th=[  219], 50.00th=[  231], 60.00th=[  243],
     | 70.00th=[  262], 80.00th=[  282], 90.00th=[  318], 95.00th=[  358],
     | 99.00th=[  478], 99.50th=[  772], 99.90th=[ 2832], 99.95th=[ 2928],
     | 99.99th=[ 3280]
    bw (MB  /s): min= 1175, max= 1376, per=99.11%, avg=1248.10, stdev=54.98
    lat (usec) : 100=0.01%, 250=64.43%, 500=34.71%, 750=0.35%, 1000=0.21%
    lat (msec) : 2=0.05%, 4=0.24%, 10=0.01%, 20=0.01%
  cpu          : usr=6.59%, sys=12.86%, ctx=2397089, majf=0, minf=187
  IO depths    : 1=0.1%, 2=0.1%, 4=0.1%, 8=100.0%, 16=0.0%, 32=0.0%, >=64=0.0%
     submit    : 0=0.0%, 4=100.0%, 8=0.0%, 16=0.0%, 32=0.0%, 64=0.0%, >=64=0.0%
     complete  : 0=0.0%, 4=100.0%, 8=0.0%, 16=0.1%, 32=0.0%, 64=0.0%, >=64=0.0%
     issued    : total=r=2398706/w=0/d=0, short=r=0/w=0/d=0, drop=r=0/w=0/d=0
     latency   : target=0, window=0, percentile=100.00%, depth=10
seqread: (groupid=0, jobs=1): err= 0: pid=11178: Wed Apr  6 19:44:54 2016
  read : io=616448KB, bw=10274KB/s, iops=10, runt= 60002msec
    slat (usec): min=35, max=327, avg=51.65, stdev=21.44
    clat (usec): min=686, max=6470, avg=940.79, stdev=437.79
     lat (usec): min=729, max=6677, avg=992.58, stdev=449.66
    clat percentiles (usec):
     |  1.00th=[  716],  5.00th=[  764], 10.00th=[  796], 20.00th=[  852],
     | 30.00th=[  884], 40.00th=[  892], 50.00th=[  908], 60.00th=[  916],
     | 70.00th=[  924], 80.00th=[  932], 90.00th=[  956], 95.00th=[  980],
     | 99.00th=[ 2960], 99.50th=[ 4576], 99.90th=[ 6496], 99.95th=[ 6496],
     | 99.99th=[ 6496]
    bw (KB  /s): min=10240, max=12275, per=0.80%, avg=10266.80, stdev=196.15
    lat (usec) : 750=2.99%, 1000=94.19%
    lat (msec) : 2=1.50%, 4=0.50%, 10=0.83%
  cpu          : usr=0.03%, sys=0.05%, ctx=1199, majf=0, minf=550
  IO depths    : 1=98.5%, 2=0.3%, 4=0.7%, 8=0.5%, 16=0.0%, 32=0.0%, >=64=0.0%
     submit    : 0=0.0%, 4=100.0%, 8=0.0%, 16=0.0%, 32=0.0%, 64=0.0%, >=64=0.0%
     complete  : 0=0.0%, 4=100.0%, 8=0.0%, 16=0.0%, 32=0.0%, 64=0.0%, >=64=0.0%
     issued    : total=r=602/w=0/d=0, short=r=0/w=0/d=0, drop=r=0/w=0/d=0
     latency   : target=0, window=0, percentile=100.00%, depth=10
seqwrite: (groupid=0, jobs=1): err= 0: pid=11179: Wed Apr  6 19:44:54 2016
  write: io=616448KB, bw=10273KB/s, iops=10, runt= 60004msec
    slat (usec): min=37, max=128, avg=65.15, stdev=12.83
    clat (msec): min=1, max=22, avg= 1.96, stdev= 1.81
     lat (msec): min=1, max=22, avg= 2.03, stdev= 1.81
    clat percentiles (usec):
     |  1.00th=[ 1448],  5.00th=[ 1480], 10.00th=[ 1496], 20.00th=[ 1528],
     | 30.00th=[ 1784], 40.00th=[ 1800], 50.00th=[ 1816], 60.00th=[ 1816],
     | 70.00th=[ 1832], 80.00th=[ 1832], 90.00th=[ 1848], 95.00th=[ 1864],
     | 99.00th=[12352], 99.50th=[17536], 99.90th=[22656], 99.95th=[22656],
     | 99.99th=[22656]
    bw (KB  /s): min=10240, max=12251, per=99.93%, avg=10266.19, stdev=194.80
    lat (msec) : 2=98.34%, 10=0.33%, 20=1.00%, 50=0.33%
  cpu          : usr=0.06%, sys=0.04%, ctx=1210, majf=0, minf=31
  IO depths    : 1=98.5%, 2=0.3%, 4=0.7%, 8=0.5%, 16=0.0%, 32=0.0%, >=64=0.0%
     submit    : 0=0.0%, 4=100.0%, 8=0.0%, 16=0.0%, 32=0.0%, 64=0.0%, >=64=0.0%
     complete  : 0=0.0%, 4=100.0%, 8=0.0%, 16=0.0%, 32=0.0%, 64=0.0%, >=64=0.0%
     issued    : total=r=0/w=602/d=0, short=r=0/w=0/d=0, drop=r=0/w=0/d=0
     latency   : target=0, window=0, percentile=100.00%, depth=10

Run status group 0 (all jobs):
   READ: io=75562MB, aggrb=1259.4MB/s, minb=10273KB/s, maxb=1249.4MB/s, mint=60001msec, maxt=60002msec
  WRITE: io=616448KB, aggrb=10273KB/s, minb=10273KB/s, maxb=10273KB/s, mint=60004msec, maxt=60004msec

Disk stats (read/write):
    dm-2: ios=2399520/4811, merge=0/0, ticks=592088/6010, in_queue=598089, util=99.87%, aggrios=2403522/4853, aggrmerge=0/0, aggrticks=592487/6105, aggrin_queue=598427, aggrutil=99.83%
  nvme0n1: ios=2403522/4853, merge=0/0, ticks=592487/6105, in_queue=598427, util=99.83%
