randread-512k-1m: (g=0): rw=randread, bs=512K-1M/512K-1M/512K-1M, ioengine=libaio, iodepth=10
seqread: (g=0): rw=read, bs=1M-1M/1M-1M/1M-1M, ioengine=libaio, iodepth=10
seqwrite: (g=0): rw=write, bs=1M-1M/1M-1M/1M-1M, ioengine=libaio, iodepth=10
fio-2.2.8
Starting 3 processes

randread-512k-1m: (groupid=0, jobs=1): err= 0: pid=3382: Wed Apr  6 20:23:10 2016
  read : io=50054MB, bw=854189KB/s, iops=1668, runt= 60004msec
    slat (usec): min=17, max=226, avg=32.47, stdev= 7.27
    clat (usec): min=445, max=45978, avg=5959.98, stdev=4277.49
     lat (usec): min=467, max=46014, avg=5992.55, stdev=4277.79
    clat percentiles (usec):
     |  1.00th=[ 2800],  5.00th=[ 2960], 10.00th=[ 3024], 20.00th=[ 3568],
     | 30.00th=[ 3600], 40.00th=[ 3632], 50.00th=[ 5472], 60.00th=[ 5920],
     | 70.00th=[ 6048], 80.00th=[ 6112], 90.00th=[ 9024], 95.00th=[13248],
     | 99.00th=[24960], 99.50th=[27520], 99.90th=[33536], 99.95th=[38656],
     | 99.99th=[42752]
    bw (KB  /s): min=733460, max=1058677, per=84.02%, avg=854953.90, stdev=74719.62
    lat (usec) : 500=0.01%, 750=0.01%, 1000=0.01%
    lat (msec) : 2=0.02%, 4=41.34%, 10=49.38%, 20=5.81%, 50=3.44%
  cpu          : usr=0.31%, sys=5.58%, ctx=100136, majf=0, minf=295
  IO depths    : 1=0.1%, 2=0.1%, 4=0.1%, 8=99.9%, 16=0.0%, 32=0.0%, >=64=0.0%
     submit    : 0=0.0%, 4=100.0%, 8=0.0%, 16=0.0%, 32=0.0%, 64=0.0%, >=64=0.0%
     complete  : 0=0.0%, 4=100.0%, 8=0.0%, 16=0.1%, 32=0.0%, 64=0.0%, >=64=0.0%
     issued    : total=r=100107/w=0/d=0, short=r=0/w=0/d=0, drop=r=0/w=0/d=0
     latency   : target=0, window=0, percentile=100.00%, depth=10
seqread: (groupid=0, jobs=1): err= 0: pid=3383: Wed Apr  6 20:23:10 2016
  read : io=9604.0MB, bw=163810KB/s, iops=159, runt= 60036msec
    slat (usec): min=33, max=298, avg=64.78, stdev=14.30
    clat (usec): min=813, max=46866, avg=8421.79, stdev=4900.24
     lat (usec): min=888, max=46938, avg=8486.68, stdev=4900.37
    clat percentiles (usec):
     |  1.00th=[ 3504],  5.00th=[ 4128], 10.00th=[ 4512], 20.00th=[ 5152],
     | 30.00th=[ 5792], 40.00th=[ 5920], 50.00th=[ 6368], 60.00th=[ 8032],
     | 70.00th=[ 9536], 80.00th=[11072], 90.00th=[12864], 95.00th=[17792],
     | 99.00th=[29312], 99.50th=[32128], 99.90th=[41216], 99.95th=[42240],
     | 99.99th=[46848]
    bw (KB  /s): min=146285, max=179864, per=16.14%, avg=164180.82, stdev=6441.98
    lat (usec) : 1000=0.01%
    lat (msec) : 2=0.01%, 4=2.66%, 10=69.37%, 20=23.70%, 50=4.26%
  cpu          : usr=0.10%, sys=1.06%, ctx=14192, majf=0, minf=551
  IO depths    : 1=47.8%, 2=9.2%, 4=18.3%, 8=24.7%, 16=0.0%, 32=0.0%, >=64=0.0%
     submit    : 0=0.0%, 4=100.0%, 8=0.0%, 16=0.0%, 32=0.0%, 64=0.0%, >=64=0.0%
     complete  : 0=0.0%, 4=100.0%, 8=0.0%, 16=0.0%, 32=0.0%, 64=0.0%, >=64=0.0%
     issued    : total=r=9604/w=0/d=0, short=r=0/w=0/d=0, drop=r=0/w=0/d=0
     latency   : target=0, window=0, percentile=100.00%, depth=10
seqwrite: (groupid=0, jobs=1): err= 0: pid=3384: Wed Apr  6 20:23:10 2016
  write: io=9606.0MB, bw=163855KB/s, iops=160, runt= 60032msec
    slat (usec): min=34, max=133, avg=82.95, stdev=17.45
    clat (msec): min=1, max=50, avg=11.39, stdev= 7.34
     lat (msec): min=1, max=50, avg=11.47, stdev= 7.34
    clat percentiles (usec):
     |  1.00th=[ 4128],  5.00th=[ 4320], 10.00th=[ 4448], 20.00th=[ 4704],
     | 30.00th=[ 5664], 40.00th=[ 5856], 50.00th=[ 8384], 60.00th=[11968],
     | 70.00th=[15168], 80.00th=[19072], 90.00th=[22144], 95.00th=[23680],
     | 99.00th=[30592], 99.50th=[35072], 99.90th=[41728], 99.95th=[42752],
     | 99.99th=[50432]
    bw (KB  /s): min=149165, max=176411, per=100.00%, avg=164197.31, stdev=6429.83
    lat (msec) : 2=0.01%, 4=0.64%, 10=53.79%, 20=27.95%, 50=17.60%
    lat (msec) : 100=0.01%
  cpu          : usr=0.37%, sys=1.09%, ctx=14554, majf=0, minf=31
  IO depths    : 1=51.4%, 2=9.1%, 4=18.2%, 8=21.3%, 16=0.0%, 32=0.0%, >=64=0.0%
     submit    : 0=0.0%, 4=100.0%, 8=0.0%, 16=0.0%, 32=0.0%, 64=0.0%, >=64=0.0%
     complete  : 0=0.0%, 4=100.0%, 8=0.0%, 16=0.0%, 32=0.0%, 64=0.0%, >=64=0.0%
     issued    : total=r=0/w=9606/d=0, short=r=0/w=0/d=0, drop=r=0/w=0/d=0
     latency   : target=0, window=0, percentile=100.00%, depth=10

Run status group 0 (all jobs):
   READ: io=59658MB, aggrb=993.72MB/s, minb=163809KB/s, maxb=854189KB/s, mint=60004msec, maxt=60036msec
  WRITE: io=9606.0MB, aggrb=163855KB/s, minb=163855KB/s, maxb=163855KB/s, mint=60032msec, maxt=60032msec

Disk stats (read/write):
    dm-2: ios=476612/76724, merge=0/0, ticks=2956366/816246, in_queue=3772848, util=99.88%, aggrios=477260/76869, aggrmerge=0/0, aggrticks=2961294/818022, aggrin_queue=3779274, aggrutil=99.80%
  nvme0n1: ios=477260/76869, merge=0/0, ticks=2961294/818022, in_queue=3779274, util=99.80%
