randread-512k-1m: (g=0): rw=randread, bs=512K-1M/512K-1M/512K-1M, ioengine=libaio, iodepth=10
seqread: (g=0): rw=read, bs=1M-1M/1M-1M/1M-1M, ioengine=libaio, iodepth=10
seqwrite: (g=0): rw=write, bs=1M-1M/1M-1M/1M-1M, ioengine=libaio, iodepth=10
fio-2.2.8
Starting 3 processes

randread-512k-1m: (groupid=0, jobs=1): err= 0: pid=1907: Wed Apr  6 20:22:10 2016
  read : io=55161MB, bw=941352KB/s, iops=1838, runt= 60004msec
    slat (usec): min=17, max=234, avg=32.51, stdev= 7.00
    clat (usec): min=440, max=46098, avg=5404.94, stdev=2977.43
     lat (usec): min=466, max=46134, avg=5437.54, stdev=2977.62
    clat percentiles (usec):
     |  1.00th=[ 2928],  5.00th=[ 3056], 10.00th=[ 3344], 20.00th=[ 3568],
     | 30.00th=[ 3600], 40.00th=[ 3920], 50.00th=[ 5280], 60.00th=[ 5792],
     | 70.00th=[ 6048], 80.00th=[ 6688], 90.00th=[ 7136], 95.00th=[ 8640],
     | 99.00th=[22400], 99.50th=[24192], 99.90th=[30336], 99.95th=[33024],
     | 99.99th=[38144]
    bw (KB  /s): min=786358, max=1190912, per=88.39%, avg=940660.42, stdev=96587.63
    lat (usec) : 500=0.01%, 750=0.01%, 1000=0.01%
    lat (msec) : 2=0.02%, 4=41.37%, 10=55.06%, 20=2.30%, 50=1.25%
  cpu          : usr=0.36%, sys=6.13%, ctx=110350, majf=0, minf=296
  IO depths    : 1=0.1%, 2=0.1%, 4=0.1%, 8=99.9%, 16=0.0%, 32=0.0%, >=64=0.0%
     submit    : 0=0.0%, 4=100.0%, 8=0.0%, 16=0.0%, 32=0.0%, 64=0.0%, >=64=0.0%
     complete  : 0=0.0%, 4=100.0%, 8=0.0%, 16=0.1%, 32=0.0%, 64=0.0%, >=64=0.0%
     issued    : total=r=110322/w=0/d=0, short=r=0/w=0/d=0, drop=r=0/w=0/d=0
     latency   : target=0, window=0, percentile=100.00%, depth=10
seqread: (groupid=0, jobs=1): err= 0: pid=1908: Wed Apr  6 20:22:10 2016
  read : io=7203.0MB, bw=122915KB/s, iops=120, runt= 60008msec
    slat (usec): min=34, max=316, avg=64.32, stdev=12.91
    clat (usec): min=676, max=39617, avg=6789.02, stdev=4073.45
     lat (usec): min=749, max=39673, avg=6853.46, stdev=4074.17
    clat percentiles (usec):
     |  1.00th=[ 3216],  5.00th=[ 3568], 10.00th=[ 3920], 20.00th=[ 4320],
     | 30.00th=[ 4768], 40.00th=[ 5088], 50.00th=[ 5536], 60.00th=[ 5920],
     | 70.00th=[ 6432], 80.00th=[ 8256], 90.00th=[11584], 95.00th=[14528],
     | 99.00th=[24448], 99.50th=[28032], 99.90th=[33536], 99.95th=[34560],
     | 99.99th=[39680]
    bw (KB  /s): min=108936, max=135470, per=11.56%, avg=122995.78, stdev=4813.89
    lat (usec) : 750=0.01%
    lat (msec) : 2=0.04%, 4=11.84%, 10=73.55%, 20=12.47%, 50=2.08%
  cpu          : usr=0.09%, sys=0.80%, ctx=12465, majf=0, minf=552
  IO depths    : 1=73.1%, 2=5.3%, 4=10.6%, 8=11.1%, 16=0.0%, 32=0.0%, >=64=0.0%
     submit    : 0=0.0%, 4=100.0%, 8=0.0%, 16=0.0%, 32=0.0%, 64=0.0%, >=64=0.0%
     complete  : 0=0.0%, 4=100.0%, 8=0.0%, 16=0.0%, 32=0.0%, 64=0.0%, >=64=0.0%
     issued    : total=r=7203/w=0/d=0, short=r=0/w=0/d=0, drop=r=0/w=0/d=0
     latency   : target=0, window=0, percentile=100.00%, depth=10
seqwrite: (groupid=0, jobs=1): err= 0: pid=1909: Wed Apr  6 20:22:10 2016
  write: io=7203.0MB, bw=122915KB/s, iops=120, runt= 60008msec
    slat (usec): min=32, max=138, avg=83.75, stdev=16.15
    clat (msec): min=1, max=53, avg= 8.41, stdev= 6.17
     lat (msec): min=1, max=54, avg= 8.49, stdev= 6.17
    clat percentiles (usec):
     |  1.00th=[ 4192],  5.00th=[ 4576], 10.00th=[ 4640], 20.00th=[ 4832],
     | 30.00th=[ 5216], 40.00th=[ 5536], 50.00th=[ 5664], 60.00th=[ 5792],
     | 70.00th=[ 5920], 80.00th=[11584], 90.00th=[18560], 95.00th=[22400],
     | 99.00th=[29568], 99.50th=[33024], 99.90th=[40192], 99.95th=[45824],
     | 99.99th=[54016]
    bw (KB  /s): min=108936, max=137341, per=100.00%, avg=123073.09, stdev=4991.02
    lat (msec) : 2=0.01%, 4=0.25%, 10=77.08%, 20=14.42%, 50=8.22%
    lat (msec) : 100=0.01%
  cpu          : usr=0.32%, sys=0.81%, ctx=12661, majf=0, minf=32
  IO depths    : 1=75.6%, 2=5.0%, 4=10.0%, 8=9.4%, 16=0.0%, 32=0.0%, >=64=0.0%
     submit    : 0=0.0%, 4=100.0%, 8=0.0%, 16=0.0%, 32=0.0%, 64=0.0%, >=64=0.0%
     complete  : 0=0.0%, 4=100.0%, 8=0.0%, 16=0.0%, 32=0.0%, 64=0.0%, >=64=0.0%
     issued    : total=r=0/w=7203/d=0, short=r=0/w=0/d=0, drop=r=0/w=0/d=0
     latency   : target=0, window=0, percentile=100.00%, depth=10

Run status group 0 (all jobs):
   READ: io=62364MB, aggrb=1039.3MB/s, minb=122914KB/s, maxb=941351KB/s, mint=60004msec, maxt=60008msec
  WRITE: io=7203.0MB, aggrb=122914KB/s, minb=122914KB/s, maxb=122914KB/s, mint=60008msec, maxt=60008msec

Disk stats (read/write):
    dm-2: ios=498072/57532, merge=0/0, ticks=2701290/441043, in_queue=3142419, util=99.88%, aggrios=498912/57657, aggrmerge=0/0, aggrticks=2705284/441547, aggrin_queue=3146949, aggrutil=99.83%
  nvme0n1: ios=498912/57657, merge=0/0, ticks=2705284/441547, in_queue=3146949, util=99.83%
