randread-512k-1m: (g=0): rw=randread, bs=512K-1M/512K-1M/512K-1M, ioengine=libaio, iodepth=10
seqread: (g=0): rw=read, bs=1M-1M/1M-1M/1M-1M, ioengine=libaio, iodepth=10
seqwrite: (g=0): rw=write, bs=1M-1M/1M-1M/1M-1M, ioengine=libaio, iodepth=10
fio-2.2.8
Starting 3 processes

randread-512k-1m: (groupid=0, jobs=1): err= 0: pid=32734: Wed Apr  6 20:21:09 2016
  read : io=71314MB, bw=1188.5MB/s, iops=2376, runt= 60004msec
    slat (usec): min=17, max=229, avg=32.18, stdev= 6.66
    clat (usec): min=450, max=16034, avg=4173.55, stdev=1184.77
     lat (usec): min=474, max=16053, avg=4205.82, stdev=1184.90
    clat percentiles (usec):
     |  1.00th=[ 3056],  5.00th=[ 3312], 10.00th=[ 3536], 20.00th=[ 3568],
     | 30.00th=[ 3568], 40.00th=[ 3568], 50.00th=[ 3568], 60.00th=[ 3600],
     | 70.00th=[ 4256], 80.00th=[ 4320], 90.00th=[ 6176], 95.00th=[ 6368],
     | 99.00th=[ 8768], 99.50th=[ 9280], 99.90th=[11456], 99.95th=[11712],
     | 99.99th=[12608]
    bw (MB  /s): min= 1106, max= 1214, per=96.78%, avg=1188.93, stdev=32.32
    lat (usec) : 500=0.01%, 1000=0.01%
    lat (msec) : 2=0.03%, 4=65.93%, 10=33.73%, 20=0.29%
  cpu          : usr=0.42%, sys=7.84%, ctx=142645, majf=0, minf=294
  IO depths    : 1=0.1%, 2=0.1%, 4=0.1%, 8=99.9%, 16=0.0%, 32=0.0%, >=64=0.0%
     submit    : 0=0.0%, 4=100.0%, 8=0.0%, 16=0.0%, 32=0.0%, 64=0.0%, >=64=0.0%
     complete  : 0=0.0%, 4=100.0%, 8=0.0%, 16=0.1%, 32=0.0%, 64=0.0%, >=64=0.0%
     issued    : total=r=142627/w=0/d=0, short=r=0/w=0/d=0, drop=r=0/w=0/d=0
     latency   : target=0, window=0, percentile=100.00%, depth=10
seqread: (groupid=0, jobs=1): err= 0: pid=32735: Wed Apr  6 20:21:09 2016
  read : io=2402.0MB, bw=40991KB/s, iops=40, runt= 60005msec
    slat (usec): min=33, max=282, avg=53.73, stdev=19.26
    clat (usec): min=802, max=18120, avg=4132.83, stdev=430.54
     lat (usec): min=839, max=18328, avg=4186.70, stdev=434.98
    clat percentiles (usec):
     |  1.00th=[ 3920],  5.00th=[ 3952], 10.00th=[ 3984], 20.00th=[ 4016],
     | 30.00th=[ 4048], 40.00th=[ 4080], 50.00th=[ 4128], 60.00th=[ 4128],
     | 70.00th=[ 4192], 80.00th=[ 4256], 90.00th=[ 4256], 95.00th=[ 4256],
     | 99.00th=[ 4320], 99.50th=[ 4320], 99.90th=[11840], 99.95th=[15040],
     | 99.99th=[18048]
    bw (KB  /s): min=40960, max=44346, per=3.26%, avg=41019.45, stdev=313.87
    lat (usec) : 1000=0.04%
    lat (msec) : 2=0.04%, 4=15.86%, 10=83.93%, 20=0.12%
  cpu          : usr=0.05%, sys=0.22%, ctx=4797, majf=0, minf=550
  IO depths    : 1=99.6%, 2=0.1%, 4=0.2%, 8=0.1%, 16=0.0%, 32=0.0%, >=64=0.0%
     submit    : 0=0.0%, 4=100.0%, 8=0.0%, 16=0.0%, 32=0.0%, 64=0.0%, >=64=0.0%
     complete  : 0=0.0%, 4=100.0%, 8=0.0%, 16=0.0%, 32=0.0%, 64=0.0%, >=64=0.0%
     issued    : total=r=2402/w=0/d=0, short=r=0/w=0/d=0, drop=r=0/w=0/d=0
     latency   : target=0, window=0, percentile=100.00%, depth=10
seqwrite: (groupid=0, jobs=1): err= 0: pid=32736: Wed Apr  6 20:21:09 2016
  write: io=2402.0MB, bw=40989KB/s, iops=40, runt= 60008msec
    slat (usec): min=35, max=109, avg=64.61, stdev=19.19
    clat (msec): min=1, max=32, avg= 5.48, stdev= 1.16
     lat (msec): min=1, max=32, avg= 5.55, stdev= 1.16
    clat percentiles (usec):
     |  1.00th=[ 4960],  5.00th=[ 5088], 10.00th=[ 5152], 20.00th=[ 5216],
     | 30.00th=[ 5280], 40.00th=[ 5344], 50.00th=[ 5408], 60.00th=[ 5472],
     | 70.00th=[ 5536], 80.00th=[ 5600], 90.00th=[ 5728], 95.00th=[ 5792],
     | 99.00th=[ 5920], 99.50th=[ 5920], 99.90th=[27776], 99.95th=[30080],
     | 99.99th=[32640]
    bw (KB  /s): min=40960, max=44172, per=100.00%, avg=41018.62, stdev=297.79
    lat (msec) : 2=0.04%, 10=99.58%, 20=0.12%, 50=0.25%
  cpu          : usr=0.09%, sys=0.22%, ctx=4796, majf=0, minf=30
  IO depths    : 1=99.6%, 2=0.1%, 4=0.2%, 8=0.1%, 16=0.0%, 32=0.0%, >=64=0.0%
     submit    : 0=0.0%, 4=100.0%, 8=0.0%, 16=0.0%, 32=0.0%, 64=0.0%, >=64=0.0%
     complete  : 0=0.0%, 4=100.0%, 8=0.0%, 16=0.0%, 32=0.0%, 64=0.0%, >=64=0.0%
     issued    : total=r=0/w=2402/d=0, short=r=0/w=0/d=0, drop=r=0/w=0/d=0
     latency   : target=0, window=0, percentile=100.00%, depth=10

Run status group 0 (all jobs):
   READ: io=73716MB, aggrb=1228.6MB/s, minb=40990KB/s, maxb=1188.5MB/s, mint=60004msec, maxt=60005msec
  WRITE: io=2402.0MB, aggrb=40988KB/s, minb=40988KB/s, maxb=40988KB/s, mint=60008msec, maxt=60008msec

Disk stats (read/write):
    dm-2: ios=588824/19188, merge=0/0, ticks=2379985/90463, in_queue=2470579, util=99.87%, aggrios=589724/19248, aggrmerge=0/0, aggrticks=2383717/90785, aggrin_queue=2474468, aggrutil=99.84%
  nvme0n1: ios=589724/19248, merge=0/0, ticks=2383717/90785, in_queue=2474468, util=99.84%
