randread-512k-1m: (g=0): rw=randread, bs=512K-1M/512K-1M/512K-1M, ioengine=libaio, iodepth=10
seqread: (g=0): rw=read, bs=1M-1M/1M-1M/1M-1M, ioengine=libaio, iodepth=10
seqwrite: (g=0): rw=write, bs=1M-1M/1M-1M/1M-1M, ioengine=libaio, iodepth=10
fio-2.2.8
Starting 3 processes

randread-512k-1m: (groupid=0, jobs=1): err= 0: pid=31290: Wed Apr  6 20:20:09 2016
  read : io=76491MB, bw=1274.8MB/s, iops=2549, runt= 60004msec
    slat (usec): min=17, max=248, avg=32.04, stdev= 5.85
    clat (usec): min=377, max=14043, avg=3889.01, stdev=946.07
     lat (usec): min=403, max=14079, avg=3921.14, stdev=946.15
    clat percentiles (usec):
     |  1.00th=[ 2928],  5.00th=[ 2992], 10.00th=[ 3344], 20.00th=[ 3568],
     | 30.00th=[ 3568], 40.00th=[ 3568], 50.00th=[ 3568], 60.00th=[ 3568],
     | 70.00th=[ 3600], 80.00th=[ 4320], 90.00th=[ 4576], 95.00th=[ 6112],
     | 99.00th=[ 7712], 99.50th=[ 8768], 99.90th=[10688], 99.95th=[11328],
     | 99.99th=[12480]
    bw (MB  /s): min=  966, max= 1570, per=98.46%, avg=1274.84, stdev=122.73
    lat (usec) : 500=0.01%, 750=0.01%, 1000=0.01%
    lat (msec) : 2=0.03%, 4=77.52%, 10=22.22%, 20=0.22%
  cpu          : usr=0.46%, sys=8.36%, ctx=153002, majf=0, minf=294
  IO depths    : 1=0.1%, 2=0.1%, 4=0.1%, 8=99.9%, 16=0.0%, 32=0.0%, >=64=0.0%
     submit    : 0=0.0%, 4=100.0%, 8=0.0%, 16=0.0%, 32=0.0%, 64=0.0%, >=64=0.0%
     complete  : 0=0.0%, 4=100.0%, 8=0.0%, 16=0.1%, 32=0.0%, 64=0.0%, >=64=0.0%
     issued    : total=r=152981/w=0/d=0, short=r=0/w=0/d=0, drop=r=0/w=0/d=0
     latency   : target=0, window=0, percentile=100.00%, depth=10
seqread: (groupid=0, jobs=1): err= 0: pid=31291: Wed Apr  6 20:20:09 2016
  read : io=1202.0MB, bw=20512KB/s, iops=20, runt= 60005msec
    slat (usec): min=34, max=355, avg=45.85, stdev=16.60
    clat (usec): min=802, max=14780, avg=4215.88, stdev=611.48
     lat (usec): min=843, max=14984, avg=4261.89, stdev=614.01
    clat percentiles (usec):
     |  1.00th=[ 3312],  5.00th=[ 3472], 10.00th=[ 3952], 20.00th=[ 4016],
     | 30.00th=[ 4048], 40.00th=[ 4080], 50.00th=[ 4128], 60.00th=[ 4192],
     | 70.00th=[ 4192], 80.00th=[ 4256], 90.00th=[ 5088], 95.00th=[ 5280],
     | 99.00th=[ 5472], 99.50th=[ 5472], 99.90th=[11840], 99.95th=[14784],
     | 99.99th=[14784]
    bw (KB  /s): min=20398, max=24236, per=1.55%, avg=20527.88, stdev=352.68
    lat (usec) : 1000=0.08%
    lat (msec) : 2=0.17%, 4=18.89%, 10=80.70%, 20=0.17%
  cpu          : usr=0.01%, sys=0.09%, ctx=2396, majf=0, minf=550
  IO depths    : 1=99.3%, 2=0.2%, 4=0.3%, 8=0.2%, 16=0.0%, 32=0.0%, >=64=0.0%
     submit    : 0=0.0%, 4=100.0%, 8=0.0%, 16=0.0%, 32=0.0%, 64=0.0%, >=64=0.0%
     complete  : 0=0.0%, 4=100.0%, 8=0.0%, 16=0.0%, 32=0.0%, 64=0.0%, >=64=0.0%
     issued    : total=r=1202/w=0/d=0, short=r=0/w=0/d=0, drop=r=0/w=0/d=0
     latency   : target=0, window=0, percentile=100.00%, depth=10
seqwrite: (groupid=0, jobs=1): err= 0: pid=31292: Wed Apr  6 20:20:09 2016
  write: io=1202.0MB, bw=20511KB/s, iops=20, runt= 60008msec
    slat (usec): min=37, max=105, avg=55.95, stdev= 8.82
    clat (msec): min=1, max=27, avg= 5.67, stdev= 1.48
     lat (msec): min=1, max=27, avg= 5.73, stdev= 1.48
    clat percentiles (usec):
     |  1.00th=[ 4128],  5.00th=[ 4384], 10.00th=[ 5088], 20.00th=[ 5216],
     | 30.00th=[ 5280], 40.00th=[ 5408], 50.00th=[ 5472], 60.00th=[ 5536],
     | 70.00th=[ 5600], 80.00th=[ 5728], 90.00th=[ 7136], 95.00th=[ 7264],
     | 99.00th=[ 7520], 99.50th=[15808], 99.90th=[25728], 99.95th=[27776],
     | 99.99th=[27776]
    bw (KB  /s): min=20357, max=24188, per=100.00%, avg=20527.10, stdev=348.44
    lat (msec) : 2=0.08%, 10=99.17%, 20=0.42%, 50=0.33%
  cpu          : usr=0.05%, sys=0.08%, ctx=2396, majf=0, minf=30
  IO depths    : 1=99.3%, 2=0.2%, 4=0.3%, 8=0.2%, 16=0.0%, 32=0.0%, >=64=0.0%
     submit    : 0=0.0%, 4=100.0%, 8=0.0%, 16=0.0%, 32=0.0%, 64=0.0%, >=64=0.0%
     complete  : 0=0.0%, 4=100.0%, 8=0.0%, 16=0.0%, 32=0.0%, 64=0.0%, >=64=0.0%
     issued    : total=r=0/w=1202/d=0, short=r=0/w=0/d=0, drop=r=0/w=0/d=0
     latency   : target=0, window=0, percentile=100.00%, depth=10

Run status group 0 (all jobs):
   READ: io=77693MB, aggrb=1294.8MB/s, minb=20512KB/s, maxb=1274.8MB/s, mint=60004msec, maxt=60005msec
  WRITE: io=1202.0MB, aggrb=20511KB/s, minb=20511KB/s, maxb=20511KB/s, mint=60008msec, maxt=60008msec

Disk stats (read/write):
    dm-2: ios=620812/9603, merge=0/0, ticks=2337081/47151, in_queue=2384312, util=99.87%, aggrios=621540/9641, aggrmerge=0/0, aggrticks=2339829/47311, aggrin_queue=2387093, aggrutil=99.82%
  nvme0n1: ios=621540/9641, merge=0/0, ticks=2339829/47311, in_queue=2387093, util=99.82%
