randread-128k-256k: (g=0): rw=randread, bs=128K-256K/128K-256K/128K-256K, ioengine=libaio, iodepth=10
seqread: (g=0): rw=read, bs=1M-1M/1M-1M/1M-1M, ioengine=libaio, iodepth=10
seqwrite: (g=0): rw=write, bs=1M-1M/1M-1M/1M-1M, ioengine=libaio, iodepth=10
fio-2.2.8
Starting 3 processes

randread-128k-256k: (groupid=0, jobs=1): err= 0: pid=15581: Wed Apr  6 19:47:56 2016
  read : io=4850.3MB, bw=82745KB/s, iops=646, runt= 60024msec
    slat (usec): min=5, max=196, avg= 9.68, stdev= 2.07
    clat (usec): min=203, max=65075, avg=15458.17, stdev=7301.72
     lat (usec): min=315, max=65086, avg=15467.93, stdev=7301.86
    clat percentiles (usec):
     |  1.00th=[ 6432],  5.00th=[ 7840], 10.00th=[ 8384], 20.00th=[ 9280],
     | 30.00th=[10304], 40.00th=[11200], 50.00th=[12352], 60.00th=[15168],
     | 70.00th=[20608], 80.00th=[21888], 90.00th=[23424], 95.00th=[28288],
     | 99.00th=[39168], 99.50th=[42240], 99.90th=[51968], 99.95th=[55040],
     | 99.99th=[57088]
    bw (KB  /s): min=38912, max=155392, per=15.65%, avg=82961.11, stdev=29480.07
    lat (usec) : 250=0.01%, 500=0.01%, 750=0.01%, 1000=0.01%
    lat (msec) : 2=0.01%, 4=0.01%, 10=27.10%, 20=38.77%, 50=33.91%
    lat (msec) : 100=0.18%
  cpu          : usr=0.12%, sys=0.70%, ctx=38821, majf=0, minf=97
  IO depths    : 1=0.1%, 2=0.1%, 4=0.1%, 8=100.0%, 16=0.0%, 32=0.0%, >=64=0.0%
     submit    : 0=0.0%, 4=100.0%, 8=0.0%, 16=0.0%, 32=0.0%, 64=0.0%, >=64=0.0%
     complete  : 0=0.0%, 4=100.0%, 8=0.0%, 16=0.1%, 32=0.0%, 64=0.0%, >=64=0.0%
     issued    : total=r=38802/w=0/d=0, short=r=0/w=0/d=0, drop=r=0/w=0/d=0
     latency   : target=0, window=0, percentile=100.00%, depth=10
seqread: (groupid=0, jobs=1): err= 0: pid=15582: Wed Apr  6 19:47:56 2016
  read : io=26232MB, bw=447506KB/s, iops=437, runt= 60025msec
    slat (usec): min=33, max=331, avg=65.64, stdev=12.60
    clat (msec): min=1, max=65, avg=22.81, stdev= 6.45
     lat (msec): min=2, max=65, avg=22.88, stdev= 6.45
    clat percentiles (usec):
     |  1.00th=[10048],  5.00th=[12480], 10.00th=[14528], 20.00th=[18304],
     | 30.00th=[19584], 40.00th=[21376], 50.00th=[22144], 60.00th=[23168],
     | 70.00th=[24960], 80.00th=[26496], 90.00th=[30336], 95.00th=[35584],
     | 99.00th=[41728], 99.50th=[45312], 99.90th=[51456], 99.95th=[54016],
     | 99.99th=[60160]
    bw (KB  /s): min=258048, max=710656, per=84.31%, avg=447058.74, stdev=88714.00
    lat (msec) : 2=0.01%, 4=0.01%, 10=0.95%, 20=30.12%, 50=68.73%
    lat (msec) : 100=0.19%
  cpu          : usr=0.09%, sys=2.92%, ctx=26211, majf=0, minf=552
  IO depths    : 1=0.1%, 2=0.1%, 4=0.1%, 8=99.8%, 16=0.0%, 32=0.0%, >=64=0.0%
     submit    : 0=0.0%, 4=100.0%, 8=0.0%, 16=0.0%, 32=0.0%, 64=0.0%, >=64=0.0%
     complete  : 0=0.0%, 4=100.0%, 8=0.0%, 16=0.1%, 32=0.0%, 64=0.0%, >=64=0.0%
     issued    : total=r=26232/w=0/d=0, short=r=0/w=0/d=0, drop=r=0/w=0/d=0
     latency   : target=0, window=0, percentile=100.00%, depth=10
seqwrite: (groupid=0, jobs=1): err= 0: pid=15583: Wed Apr  6 19:47:56 2016
  write: io=23828MB, bw=406482KB/s, iops=396, runt= 60027msec
    slat (usec): min=35, max=173, avg=80.08, stdev=15.28
    clat (msec): min=7, max=60, avg=25.11, stdev= 5.74
     lat (msec): min=7, max=60, avg=25.19, stdev= 5.74
    clat percentiles (usec):
     |  1.00th=[16768],  5.00th=[19840], 10.00th=[20352], 20.00th=[20864],
     | 30.00th=[21632], 40.00th=[22400], 50.00th=[23424], 60.00th=[24960],
     | 70.00th=[25984], 80.00th=[28800], 90.00th=[32384], 95.00th=[37632],
     | 99.00th=[45824], 99.50th=[49920], 99.90th=[55552], 99.95th=[57088],
     | 99.99th=[60160]
    bw (KB  /s): min=256000, max=504846, per=99.91%, avg=406121.06, stdev=52223.65
    lat (msec) : 10=0.13%, 20=5.78%, 50=93.57%, 100=0.52%
  cpu          : usr=0.74%, sys=2.58%, ctx=23841, majf=0, minf=31
  IO depths    : 1=0.1%, 2=0.1%, 4=0.1%, 8=99.9%, 16=0.0%, 32=0.0%, >=64=0.0%
     submit    : 0=0.0%, 4=100.0%, 8=0.0%, 16=0.0%, 32=0.0%, 64=0.0%, >=64=0.0%
     complete  : 0=0.0%, 4=100.0%, 8=0.0%, 16=0.1%, 32=0.0%, 64=0.0%, >=64=0.0%
     issued    : total=r=0/w=23828/d=0, short=r=0/w=0/d=0, drop=r=0/w=0/d=0
     latency   : target=0, window=0, percentile=100.00%, depth=10

Run status group 0 (all jobs):
   READ: io=31082MB, aggrb=530249KB/s, minb=82744KB/s, maxb=447506KB/s, mint=60024msec, maxt=60025msec
  WRITE: io=23828MB, aggrb=406481KB/s, minb=406481KB/s, maxb=406481KB/s, mint=60027msec, maxt=60027msec

Disk stats (read/write):
    dm-2: ios=248308/190332, merge=0/0, ticks=5270175/4640934, in_queue=9912555, util=99.88%, aggrios=248700/190851, aggrmerge=0/0, aggrticks=5279965/4653187, aggrin_queue=9933462, aggrutil=99.84%
  nvme0n1: ios=248700/190851, merge=0/0, ticks=5279965/4653187, in_queue=9933462, util=99.84%
