randread-1k-4k: (g=0): rw=randread, bs=1K-4K/1K-4K/1K-4K, ioengine=libaio, iodepth=10
seqread: (g=0): rw=read, bs=1M-1M/1M-1M/1M-1M, ioengine=libaio, iodepth=10
seqwrite: (g=0): rw=write, bs=1M-1M/1M-1M/1M-1M, ioengine=libaio, iodepth=10
fio-2.2.8
Starting 3 processes

randread-1k-4k: (groupid=0, jobs=1): err= 0: pid=31772: Wed Apr  6 19:36:51 2016
  read : io=10239MB, bw=174742KB/s, iops=114937, runt= 60001msec
    slat (usec): min=1, max=35, avg= 1.92, stdev= 0.67
    clat (usec): min=10, max=14405, avg=84.50, stdev=63.29
     lat (usec): min=12, max=14407, avg=86.48, stdev=63.29
    clat percentiles (usec):
     |  1.00th=[   52],  5.00th=[   55], 10.00th=[   57], 20.00th=[   61],
     | 30.00th=[   67], 40.00th=[   70], 50.00th=[   74], 60.00th=[   78],
     | 70.00th=[   87], 80.00th=[  100], 90.00th=[  120], 95.00th=[  139],
     | 99.00th=[  193], 99.50th=[  225], 99.90th=[  884], 99.95th=[ 1240],
     | 99.99th=[ 2416]
    bw (KB  /s): min=153826, max=200734, per=94.59%, avg=175009.08, stdev=10616.40
    lat (usec) : 20=0.01%, 50=0.04%, 100=79.65%, 250=19.95%, 500=0.15%
    lat (usec) : 750=0.07%, 1000=0.07%
    lat (msec) : 2=0.05%, 4=0.01%, 10=0.01%, 20=0.01%
  cpu          : usr=16.02%, sys=26.18%, ctx=3913630, majf=0, minf=45
  IO depths    : 1=0.1%, 2=0.1%, 4=0.1%, 8=100.0%, 16=0.0%, 32=0.0%, >=64=0.0%
     submit    : 0=0.0%, 4=100.0%, 8=0.0%, 16=0.0%, 32=0.0%, 64=0.0%, >=64=0.0%
     complete  : 0=0.0%, 4=100.0%, 8=0.0%, 16=0.1%, 32=0.0%, 64=0.0%, >=64=0.0%
     issued    : total=r=6896394/w=0/d=0, short=r=0/w=0/d=0, drop=r=0/w=0/d=0
     latency   : target=0, window=0, percentile=100.00%, depth=10
seqread: (groupid=0, jobs=1): err= 0: pid=31773: Wed Apr  6 19:36:51 2016
  read : io=616448KB, bw=10274KB/s, iops=10, runt= 60002msec
    slat (usec): min=38, max=376, avg=58.58, stdev=21.76
    clat (usec): min=611, max=6191, avg=861.46, stdev=425.32
     lat (usec): min=666, max=6395, avg=920.24, stdev=435.60
    clat percentiles (usec):
     |  1.00th=[  628],  5.00th=[  660], 10.00th=[  676], 20.00th=[  700],
     | 30.00th=[  724], 40.00th=[  756], 50.00th=[  828], 60.00th=[  884],
     | 70.00th=[  916], 80.00th=[  932], 90.00th=[  948], 95.00th=[  964],
     | 99.00th=[ 2704], 99.50th=[ 4384], 99.90th=[ 6176], 99.95th=[ 6176],
     | 99.99th=[ 6176]
    bw (KB  /s): min=10240, max=12275, per=5.55%, avg=10266.80, stdev=196.15
    lat (usec) : 750=38.87%, 1000=58.80%
    lat (msec) : 2=1.00%, 4=0.66%, 10=0.66%
  cpu          : usr=0.02%, sys=0.07%, ctx=1196, majf=0, minf=548
  IO depths    : 1=98.5%, 2=0.3%, 4=0.7%, 8=0.5%, 16=0.0%, 32=0.0%, >=64=0.0%
     submit    : 0=0.0%, 4=100.0%, 8=0.0%, 16=0.0%, 32=0.0%, 64=0.0%, >=64=0.0%
     complete  : 0=0.0%, 4=100.0%, 8=0.0%, 16=0.0%, 32=0.0%, 64=0.0%, >=64=0.0%
     issued    : total=r=602/w=0/d=0, short=r=0/w=0/d=0, drop=r=0/w=0/d=0
     latency   : target=0, window=0, percentile=100.00%, depth=10
seqwrite: (groupid=0, jobs=1): err= 0: pid=31774: Wed Apr  6 19:36:51 2016
  write: io=616448KB, bw=10274KB/s, iops=10, runt= 60001msec
    slat (usec): min=38, max=108, avg=67.90, stdev=14.12
    clat (usec): min=337, max=22258, avg=769.59, stdev=1954.85
     lat (usec): min=391, max=22330, avg=837.69, stdev=1957.39
    clat percentiles (usec):
     |  1.00th=[  342],  5.00th=[  342], 10.00th=[  346], 20.00th=[  346],
     | 30.00th=[  350], 40.00th=[  354], 50.00th=[  354], 60.00th=[  358],
     | 70.00th=[  362], 80.00th=[  370], 90.00th=[ 1464], 95.00th=[ 1736],
     | 99.00th=[11968], 99.50th=[17280], 99.90th=[22144], 99.95th=[22144],
     | 99.99th=[22144]
    bw (KB  /s): min=10240, max=12251, per=99.94%, avg=10266.90, stdev=193.83
    lat (usec) : 500=83.22%
    lat (msec) : 2=14.62%, 4=0.50%, 10=0.33%, 20=1.00%, 50=0.33%
  cpu          : usr=0.06%, sys=0.04%, ctx=1264, majf=0, minf=30
  IO depths    : 1=98.5%, 2=0.3%, 4=0.7%, 8=0.5%, 16=0.0%, 32=0.0%, >=64=0.0%
     submit    : 0=0.0%, 4=100.0%, 8=0.0%, 16=0.0%, 32=0.0%, 64=0.0%, >=64=0.0%
     complete  : 0=0.0%, 4=100.0%, 8=0.0%, 16=0.0%, 32=0.0%, 64=0.0%, >=64=0.0%
     issued    : total=r=0/w=602/d=0, short=r=0/w=0/d=0, drop=r=0/w=0/d=0
     latency   : target=0, window=0, percentile=100.00%, depth=10

Run status group 0 (all jobs):
   READ: io=10841MB, aggrb=185013KB/s, minb=10273KB/s, maxb=174742KB/s, mint=60001msec, maxt=60002msec
  WRITE: io=616448KB, aggrb=10273KB/s, minb=10273KB/s, maxb=10273KB/s, mint=60001msec, maxt=60001msec

Disk stats (read/write):
    dm-2: ios=6891825/4811, merge=0/0, ticks=570202/2659, in_queue=573214, util=99.88%, aggrios=6901210/4833, aggrmerge=0/0, aggrticks=570440/2664, aggrin_queue=572828, aggrutil=99.84%
  nvme0n1: ios=6901210/4833, merge=0/0, ticks=570440/2664, in_queue=572828, util=99.84%
