randread-256k: (g=0): rw=randread, bs=256K-256K/256K-256K/256K-256K, ioengine=libaio, iodepth=10
fio-2.2.8
Starting 1 process

randread-256k: (groupid=0, jobs=1): err= 0: pid=26013: Wed Apr  6 19:54:58 2016
  read : io=80431MB, bw=1340.5MB/s, iops=5361, runt= 60003msec
    slat (usec): min=8, max=71, avg= 9.71, stdev= 0.84
    clat (usec): min=271, max=4125, avg=1854.57, stdev=165.41
     lat (usec): min=283, max=4134, avg=1864.36, stdev=165.40
    clat percentiles (usec):
     |  1.00th=[ 1736],  5.00th=[ 1768], 10.00th=[ 1768], 20.00th=[ 1784],
     | 30.00th=[ 1784], 40.00th=[ 1800], 50.00th=[ 1800], 60.00th=[ 1800],
     | 70.00th=[ 1800], 80.00th=[ 1816], 90.00th=[ 2256], 95.00th=[ 2288],
     | 99.00th=[ 2320], 99.50th=[ 2320], 99.90th=[ 2320], 99.95th=[ 2320],
     | 99.99th=[ 3376]
    bw (MB  /s): min= 1092, max= 1387, per=99.99%, avg=1340.35, stdev=104.71
    lat (usec) : 500=0.01%, 750=0.01%, 1000=0.01%
    lat (msec) : 2=87.35%, 4=12.62%, 10=0.01%
  cpu          : usr=0.88%, sys=5.59%, ctx=321745, majf=0, minf=674
  IO depths    : 1=0.1%, 2=0.1%, 4=0.1%, 8=100.0%, 16=0.0%, 32=0.0%, >=64=0.0%
     submit    : 0=0.0%, 4=100.0%, 8=0.0%, 16=0.0%, 32=0.0%, 64=0.0%, >=64=0.0%
     complete  : 0=0.0%, 4=100.0%, 8=0.0%, 16=0.1%, 32=0.0%, 64=0.0%, >=64=0.0%
     issued    : total=r=321723/w=0/d=0, short=r=0/w=0/d=0, drop=r=0/w=0/d=0
     latency   : target=0, window=0, percentile=100.00%, depth=10

Run status group 0 (all jobs):
   READ: io=80431MB, aggrb=1340.5MB/s, minb=1340.5MB/s, maxb=1340.5MB/s, mint=60003msec, maxt=60003msec

Disk stats (read/write):
    dm-2: ios=642652/0, merge=0/0, ticks=1163560/0, in_queue=1163583, util=99.87%, aggrios=643446/19, aggrmerge=0/0, aggrticks=1165230/6646, aggrin_queue=1171829, aggrutil=99.83%
  nvme0n1: ios=643446/19, merge=0/0, ticks=1165230/6646, in_queue=1171829, util=99.83%
