randread-512: (g=0): rw=randread, bs=512-512/512-512/512-512, ioengine=libaio, iodepth=10
fio-2.2.8
Starting 1 process
randread-512: Laying out IO file(s) (1 file(s) / 5120MB)

randread-512: (groupid=0, jobs=1): err= 0: pid=25928: Wed Apr  6 19:32:50 2016
  read : io=3633.3MB, bw=62007KB/s, iops=124013, runt= 60001msec
    slat (usec): min=1, max=33, avg= 1.79, stdev= 0.67
    clat (usec): min=46, max=1711, avg=78.34, stdev=26.82
     lat (usec): min=49, max=1713, avg=80.20, stdev=26.80
    clat percentiles (usec):
     |  1.00th=[   51],  5.00th=[   53], 10.00th=[   55], 20.00th=[   58],
     | 30.00th=[   64], 40.00th=[   68], 50.00th=[   71], 60.00th=[   74],
     | 70.00th=[   80], 80.00th=[   94], 90.00th=[  113], 95.00th=[  131],
     | 99.00th=[  177], 99.50th=[  197], 99.90th=[  243], 99.95th=[  266],
     | 99.99th=[  322]
    bw (KB  /s): min=60325, max=62973, per=100.00%, avg=62007.74, stdev=646.17
    lat (usec) : 50=0.19%, 100=83.06%, 250=16.68%, 500=0.08%, 750=0.01%
    lat (usec) : 1000=0.01%
    lat (msec) : 2=0.01%
  cpu          : usr=15.03%, sys=27.90%, ctx=4299456, majf=0, minf=33
  IO depths    : 1=0.1%, 2=0.1%, 4=0.1%, 8=100.0%, 16=0.0%, 32=0.0%, >=64=0.0%
     submit    : 0=0.0%, 4=100.0%, 8=0.0%, 16=0.0%, 32=0.0%, 64=0.0%, >=64=0.0%
     complete  : 0=0.0%, 4=100.0%, 8=0.0%, 16=0.1%, 32=0.0%, 64=0.0%, >=64=0.0%
     issued    : total=r=7440907/w=0/d=0, short=r=0/w=0/d=0, drop=r=0/w=0/d=0
     latency   : target=0, window=0, percentile=100.00%, depth=10

Run status group 0 (all jobs):
   READ: io=3633.3MB, aggrb=62006KB/s, minb=62006KB/s, maxb=62006KB/s, mint=60001msec, maxt=60001msec

Disk stats (read/write):
    dm-2: ios=7413474/8, merge=0/0, ticks=565094/10, in_queue=565439, util=99.87%, aggrios=7440907/18, aggrmerge=0/0, aggrticks=565844/12, aggrin_queue=565522, aggrutil=99.84%
  nvme0n1: ios=7440907/18, merge=0/0, ticks=565844/12, in_queue=565522, util=99.84%
