randread-1k-4k: (g=0): rw=randread, bs=1K-4K/1K-4K/1K-4K, ioengine=libaio, iodepth=10
seqread: (g=0): rw=read, bs=1M-1M/1M-1M/1M-1M, ioengine=libaio, iodepth=10
seqwrite: (g=0): rw=write, bs=1M-1M/1M-1M/1M-1M, ioengine=libaio, iodepth=10
fio-2.1.3
Starting 3 processes

randread-1k-4k: (groupid=0, jobs=1): err= 0: pid=31870: Fri May 27 18:05:56 2016
  read : io=5157.7MB, bw=88011KB/s, iops=42455, runt= 60001msec
    slat (usec): min=1, max=5139, avg= 7.17, stdev=20.51
    clat (usec): min=2, max=126466, avg=226.28, stdev=1028.04
     lat (usec): min=22, max=126490, avg=233.61, stdev=1029.22
    clat percentiles (usec):
     |  1.00th=[   77],  5.00th=[   89], 10.00th=[   98], 20.00th=[  113],
     | 30.00th=[  131], 40.00th=[  149], 50.00th=[  167], 60.00th=[  183],
     | 70.00th=[  201], 80.00th=[  223], 90.00th=[  358], 95.00th=[  524],
     | 99.00th=[ 1032], 99.50th=[ 1352], 99.90th=[ 2832], 99.95th=[ 9664],
     | 99.99th=[74240]
    bw (KB  /s): min=  252, max=149708, per=41.76%, avg=88094.96, stdev=29456.86
    lat (usec) : 4=0.01%, 20=0.01%, 50=0.10%, 100=10.92%, 250=72.98%
    lat (usec) : 500=10.72%, 750=3.35%, 1000=0.85%
    lat (msec) : 2=0.91%, 4=0.09%, 10=0.03%, 20=0.02%, 50=0.01%
    lat (msec) : 100=0.02%, 250=0.01%
  cpu          : usr=13.99%, sys=39.67%, ctx=536353, majf=0, minf=19
  IO depths    : 1=0.1%, 2=0.1%, 4=0.1%, 8=100.0%, 16=0.0%, 32=0.0%, >=64=0.0%
     submit    : 0=0.0%, 4=100.0%, 8=0.0%, 16=0.0%, 32=0.0%, 64=0.0%, >=64=0.0%
     complete  : 0=0.0%, 4=100.0%, 8=0.0%, 16=0.1%, 32=0.0%, 64=0.0%, >=64=0.0%
     issued    : total=r=2547397/w=0/d=0, short=r=0/w=0/d=0
seqread: (groupid=0, jobs=1): err= 0: pid=31871: Fri May 27 18:05:56 2016
  read : io=7204.0MB, bw=122940KB/s, iops=120, runt= 60004msec
    slat (usec): min=54, max=1318, avg=277.54, stdev=104.17
    clat (usec): min=141, max=138659, avg=4885.48, stdev=17670.45
     lat (usec): min=623, max=139197, avg=5163.48, stdev=17679.86
    clat percentiles (usec):
     |  1.00th=[  556],  5.00th=[  572], 10.00th=[  588], 20.00th=[  604],
     | 30.00th=[  612], 40.00th=[  628], 50.00th=[  644], 60.00th=[  660],
     | 70.00th=[  692], 80.00th=[  876], 90.00th=[ 4192], 95.00th=[16512],
     | 99.00th=[107008], 99.50th=[112128], 99.90th=[125440], 99.95th=[130560],
     | 99.99th=[138240]
    bw (KB  /s): min=84840, max=206418, per=58.33%, avg=123044.66, stdev=9602.35
    lat (usec) : 250=0.03%, 500=0.21%, 750=77.48%, 1000=3.23%
    lat (msec) : 2=4.29%, 4=4.34%, 10=3.16%, 20=2.94%, 50=0.65%
    lat (msec) : 100=2.35%, 250=1.30%
  cpu          : usr=0.13%, sys=3.57%, ctx=13655, majf=0, minf=525
  IO depths    : 1=89.6%, 2=1.1%, 4=2.1%, 8=7.2%, 16=0.0%, 32=0.0%, >=64=0.0%
     submit    : 0=0.0%, 4=100.0%, 8=0.0%, 16=0.0%, 32=0.0%, 64=0.0%, >=64=0.0%
     complete  : 0=0.0%, 4=100.0%, 8=0.0%, 16=0.0%, 32=0.0%, 64=0.0%, >=64=0.0%
     issued    : total=r=7204/w=0/d=0, short=r=0/w=0/d=0
seqwrite: (groupid=0, jobs=1): err= 0: pid=31872: Fri May 27 18:05:56 2016
  write: io=7203.0MB, bw=122939KB/s, iops=120, runt= 59996msec
    slat (usec): min=76, max=5204, avg=321.64, stdev=128.02
    clat (usec): min=3, max=140298, avg=5570.95, stdev=18630.27
     lat (usec): min=774, max=140625, avg=5893.11, stdev=18642.85
    clat percentiles (usec):
     |  1.00th=[  652],  5.00th=[  700], 10.00th=[  724], 20.00th=[  748],
     | 30.00th=[  780], 40.00th=[  804], 50.00th=[  828], 60.00th=[  852],
     | 70.00th=[  916], 80.00th=[ 1256], 90.00th=[ 6240], 95.00th=[18560],
     | 99.00th=[109056], 99.50th=[113152], 99.90th=[132096], 99.95th=[134144],
     | 99.99th=[140288]
    bw (KB  /s): min=98966, max=212910, per=100.00%, avg=123038.99, stdev=9772.55
    lat (usec) : 4=0.01%, 250=0.03%, 500=0.12%, 750=19.27%, 1000=56.77%
    lat (msec) : 2=6.79%, 4=4.50%, 10=4.53%, 20=3.21%, 50=0.64%
    lat (msec) : 100=2.62%, 250=1.51%
  cpu          : usr=0.71%, sys=3.43%, ctx=13617, majf=0, minf=9
  IO depths    : 1=86.8%, 2=1.6%, 4=3.2%, 8=8.5%, 16=0.0%, 32=0.0%, >=64=0.0%
     submit    : 0=0.0%, 4=100.0%, 8=0.0%, 16=0.0%, 32=0.0%, 64=0.0%, >=64=0.0%
     complete  : 0=0.0%, 4=100.0%, 8=0.0%, 16=0.0%, 32=0.0%, 64=0.0%, >=64=0.0%
     issued    : total=r=0/w=7203/d=0, short=r=0/w=0/d=0

Run status group 0 (all jobs):
   READ: io=12361MB, aggrb=210947KB/s, minb=88011KB/s, maxb=122940KB/s, mint=60001msec, maxt=60004msec
  WRITE: io=7203.0MB, aggrb=122939KB/s, minb=122939KB/s, maxb=122939KB/s, mint=59996msec, maxt=59996msec

Disk stats (read/write):
  nvme0n1: ios=2610117/64800, merge=0/0, ticks=727864/323748, in_queue=1052496, util=96.70%
