randread-128k-256k: (g=0): rw=randread, bs=128K-256K/128K-256K/128K-256K, ioengine=libaio, iodepth=10
seqread: (g=0): rw=read, bs=1M-1M/1M-1M/1M-1M, ioengine=libaio, iodepth=10
seqwrite: (g=0): rw=write, bs=1M-1M/1M-1M/1M-1M, ioengine=libaio, iodepth=10
fio-2.1.3
Starting 3 processes

randread-128k-256k: (groupid=0, jobs=1): err= 0: pid=27615: Fri May 27 17:46:48 2016
  read : io=100571MB, bw=1676.2MB/s, iops=9949, runt= 60001msec
    slat (usec): min=8, max=1326, avg=26.09, stdev=19.71
    clat (usec): min=128, max=89087, avg=976.92, stdev=843.36
     lat (usec): min=201, max=89120, avg=1003.13, stdev=843.84
    clat percentiles (usec):
     |  1.00th=[  502],  5.00th=[  612], 10.00th=[  668], 20.00th=[  740],
     | 30.00th=[  796], 40.00th=[  836], 50.00th=[  884], 60.00th=[  932],
     | 70.00th=[  988], 80.00th=[ 1064], 90.00th=[ 1224], 95.00th=[ 1512],
     | 99.00th=[ 3344], 99.50th=[ 4128], 99.90th=[ 5472], 99.95th=[ 9536],
     | 99.99th=[18048]
    bw (MB  /s): min=  503, max= 1914, per=99.13%, avg=1671.38, stdev=290.91
    lat (usec) : 250=0.01%, 500=0.97%, 750=20.44%, 1000=50.94%
    lat (msec) : 2=24.75%, 4=2.33%, 10=0.51%, 20=0.04%, 50=0.01%
    lat (msec) : 100=0.01%
  cpu          : usr=2.60%, sys=29.28%, ctx=453435, majf=0, minf=648
  IO depths    : 1=0.1%, 2=0.1%, 4=0.1%, 8=100.0%, 16=0.0%, 32=0.0%, >=64=0.0%
     submit    : 0=0.0%, 4=100.0%, 8=0.0%, 16=0.0%, 32=0.0%, 64=0.0%, >=64=0.0%
     complete  : 0=0.0%, 4=100.0%, 8=0.0%, 16=0.1%, 32=0.0%, 64=0.0%, >=64=0.0%
     issued    : total=r=597006/w=0/d=0, short=r=0/w=0/d=0
seqread: (groupid=0, jobs=1): err= 0: pid=27616: Fri May 27 17:46:48 2016
  read : io=616448KB, bw=10274KB/s, iops=10, runt= 60003msec
    slat (usec): min=70, max=515, avg=151.69, stdev=43.05
    clat (usec): min=570, max=12956, avg=1484.61, stdev=1222.15
     lat (usec): min=697, max=13118, avg=1636.67, stdev=1225.05
    clat percentiles (usec):
     |  1.00th=[  716],  5.00th=[  884], 10.00th=[  924], 20.00th=[  988],
     | 30.00th=[ 1048], 40.00th=[ 1096], 50.00th=[ 1160], 60.00th=[ 1240],
     | 70.00th=[ 1352], 80.00th=[ 1464], 90.00th=[ 1784], 95.00th=[ 3920],
     | 99.00th=[ 6496], 99.50th=[ 7584], 99.90th=[12992], 99.95th=[12992],
     | 99.99th=[12992]
    bw (KB  /s): min=10078, max=12263, per=0.59%, avg=10266.20, stdev=198.21
    lat (usec) : 750=1.50%, 1000=19.93%
    lat (msec) : 2=70.76%, 4=2.82%, 10=4.65%, 20=0.33%
  cpu          : usr=0.00%, sys=0.19%, ctx=1197, majf=0, minf=526
  IO depths    : 1=98.5%, 2=0.3%, 4=0.7%, 8=0.5%, 16=0.0%, 32=0.0%, >=64=0.0%
     submit    : 0=0.0%, 4=100.0%, 8=0.0%, 16=0.0%, 32=0.0%, 64=0.0%, >=64=0.0%
     complete  : 0=0.0%, 4=100.0%, 8=0.0%, 16=0.0%, 32=0.0%, 64=0.0%, >=64=0.0%
     issued    : total=r=602/w=0/d=0, short=r=0/w=0/d=0
seqwrite: (groupid=0, jobs=1): err= 0: pid=27617: Fri May 27 17:46:48 2016
  write: io=616448KB, bw=10274KB/s, iops=10, runt= 60003msec
    slat (usec): min=76, max=1087, avg=188.73, stdev=70.94
    clat (usec): min=592, max=19644, avg=2265.28, stdev=1984.61
     lat (usec): min=791, max=19855, avg=2454.50, stdev=2001.08
    clat percentiles (usec):
     |  1.00th=[ 1320],  5.00th=[ 1464], 10.00th=[ 1544], 20.00th=[ 1640],
     | 30.00th=[ 1736], 40.00th=[ 1848], 50.00th=[ 1912], 60.00th=[ 2008],
     | 70.00th=[ 2096], 80.00th=[ 2224], 90.00th=[ 2448], 95.00th=[ 3120],
     | 99.00th=[13120], 99.50th=[18048], 99.90th=[19584], 99.95th=[19584],
     | 99.99th=[19584]
    bw (KB  /s): min= 9884, max=12239, per=99.91%, avg=10264.21, stdev=212.32
    lat (usec) : 750=0.17%
    lat (msec) : 2=59.80%, 4=36.54%, 10=1.50%, 20=1.99%
  cpu          : usr=0.06%, sys=0.17%, ctx=1200, majf=0, minf=8
  IO depths    : 1=98.5%, 2=0.3%, 4=0.7%, 8=0.5%, 16=0.0%, 32=0.0%, >=64=0.0%
     submit    : 0=0.0%, 4=100.0%, 8=0.0%, 16=0.0%, 32=0.0%, 64=0.0%, >=64=0.0%
     complete  : 0=0.0%, 4=100.0%, 8=0.0%, 16=0.0%, 32=0.0%, 64=0.0%, >=64=0.0%
     issued    : total=r=0/w=602/d=0, short=r=0/w=0/d=0

Run status group 0 (all jobs):
   READ: io=101173MB, aggrb=1686.2MB/s, minb=10273KB/s, maxb=1676.2MB/s, mint=60001msec, maxt=60003msec
  WRITE: io=616448KB, aggrb=10273KB/s, minb=10273KB/s, maxb=10273KB/s, mint=60003msec, maxt=60003msec

Disk stats (read/write):
  nvme0n1: ios=1405942/5445, merge=0/0, ticks=1289144/9356, in_queue=1299416, util=99.95%
