randread-32k-64k: (g=0): rw=randread, bs=32K-64K/32K-64K/32K-64K, ioengine=libaio, iodepth=10
seqread: (g=0): rw=read, bs=1M-1M/1M-1M/1M-1M, ioengine=libaio, iodepth=10
seqwrite: (g=0): rw=write, bs=1M-1M/1M-1M/1M-1M, ioengine=libaio, iodepth=10
fio-2.1.3
Starting 3 processes

randread-32k-64k: (groupid=0, jobs=1): err= 0: pid=1462: Fri May 27 18:15:00 2016
  read : io=54697MB, bw=933482KB/s, iops=21592, runt= 60001msec
    slat (usec): min=2, max=72561, avg=10.75, stdev=108.07
    clat (usec): min=14, max=395340, avg=450.94, stdev=2065.54
     lat (usec): min=83, max=395657, avg=461.78, stdev=2075.98
    clat percentiles (usec):
     |  1.00th=[  143],  5.00th=[  171], 10.00th=[  191], 20.00th=[  219],
     | 30.00th=[  245], 40.00th=[  274], 50.00th=[  310], 60.00th=[  354],
     | 70.00th=[  418], 80.00th=[  510], 90.00th=[  724], 95.00th=[  924],
     | 99.00th=[ 1592], 99.50th=[ 1912], 99.90th=[12992], 99.95th=[41216],
     | 99.99th=[90624]
    bw (KB  /s): min= 2661, max=1175424, per=84.52%, avg=927489.48, stdev=307168.63
    lat (usec) : 20=0.01%, 50=0.01%, 100=0.02%, 250=31.81%, 500=47.35%
    lat (usec) : 750=11.86%, 1000=4.86%
    lat (msec) : 2=3.66%, 4=0.24%, 10=0.06%, 20=0.08%, 50=0.02%
    lat (msec) : 100=0.03%, 250=0.01%, 500=0.01%
  cpu          : usr=4.28%, sys=27.03%, ctx=791097, majf=0, minf=168
  IO depths    : 1=0.1%, 2=0.1%, 4=0.1%, 8=100.0%, 16=0.0%, 32=0.0%, >=64=0.0%
     submit    : 0=0.0%, 4=100.0%, 8=0.0%, 16=0.0%, 32=0.0%, 64=0.0%, >=64=0.0%
     complete  : 0=0.0%, 4=100.0%, 8=0.0%, 16=0.1%, 32=0.0%, 64=0.0%, >=64=0.0%
     issued    : total=r=1295587/w=0/d=0, short=r=0/w=0/d=0
seqread: (groupid=0, jobs=1): err= 0: pid=1463: Fri May 27 18:15:00 2016
  read : io=9604.0MB, bw=163895KB/s, iops=160, runt= 60005msec
    slat (usec): min=60, max=63666, avg=339.55, stdev=1137.19
    clat (usec): min=197, max=586067, avg=6913.10, stdev=23634.64
     lat (usec): min=646, max=586299, avg=7253.29, stdev=23772.34
    clat percentiles (usec):
     |  1.00th=[  596],  5.00th=[  652], 10.00th=[  684], 20.00th=[  732],
     | 30.00th=[  772], 40.00th=[  836], 50.00th=[  932], 60.00th=[ 1112],
     | 70.00th=[ 1384], 80.00th=[ 2064], 90.00th=[14016], 95.00th=[49920],
     | 99.00th=[94720], 99.50th=[113152], 99.90th=[395264], 99.95th=[403456],
     | 99.99th=[585728]
    bw (KB  /s): min=14921, max=364575, per=14.97%, avg=164228.07, stdev=30270.37
    lat (usec) : 250=0.02%, 500=0.06%, 750=24.71%, 1000=29.56%
    lat (msec) : 2=25.08%, 4=6.42%, 10=2.53%, 20=4.58%, 50=2.04%
    lat (msec) : 100=4.15%, 250=0.73%, 500=0.07%, 750=0.03%
  cpu          : usr=0.29%, sys=5.05%, ctx=17817, majf=0, minf=525
  IO depths    : 1=83.4%, 2=1.5%, 4=3.0%, 8=12.2%, 16=0.0%, 32=0.0%, >=64=0.0%
     submit    : 0=0.0%, 4=100.0%, 8=0.0%, 16=0.0%, 32=0.0%, 64=0.0%, >=64=0.0%
     complete  : 0=0.0%, 4=100.0%, 8=0.0%, 16=0.0%, 32=0.0%, 64=0.0%, >=64=0.0%
     issued    : total=r=9604/w=0/d=0, short=r=0/w=0/d=0
seqwrite: (groupid=0, jobs=1): err= 0: pid=1464: Fri May 27 18:15:00 2016
  write: io=9602.0MB, bw=163893KB/s, iops=160, runt= 59993msec
    slat (usec): min=82, max=355969, avg=439.90, stdev=3813.31
    clat (usec): min=421, max=555707, avg=7357.13, stdev=23447.02
     lat (usec): min=866, max=556019, avg=7797.76, stdev=23963.91
    clat percentiles (usec):
     |  1.00th=[  852],  5.00th=[  932], 10.00th=[  996], 20.00th=[ 1064],
     | 30.00th=[ 1112], 40.00th=[ 1160], 50.00th=[ 1208], 60.00th=[ 1272],
     | 70.00th=[ 1352], 80.00th=[ 1768], 90.00th=[15296], 95.00th=[52480],
     | 99.00th=[97792], 99.50th=[113152], 99.90th=[230400], 99.95th=[419840],
     | 99.99th=[552960]
    bw (KB  /s): min=29303, max=390387, per=100.00%, avg=164405.62, stdev=31793.14
    lat (usec) : 500=0.04%, 750=0.11%, 1000=10.00%
    lat (msec) : 2=71.02%, 4=2.76%, 10=4.06%, 20=4.98%, 50=1.43%
    lat (msec) : 100=4.68%, 250=0.83%, 500=0.07%, 750=0.02%
  cpu          : usr=1.07%, sys=5.10%, ctx=18127, majf=0, minf=10
  IO depths    : 1=84.2%, 2=1.1%, 4=2.3%, 8=12.3%, 16=0.0%, 32=0.0%, >=64=0.0%
     submit    : 0=0.0%, 4=100.0%, 8=0.0%, 16=0.0%, 32=0.0%, 64=0.0%, >=64=0.0%
     complete  : 0=0.0%, 4=100.0%, 8=0.0%, 16=0.0%, 32=0.0%, 64=0.0%, >=64=0.0%
     issued    : total=r=0/w=9602/d=0, short=r=0/w=0/d=0

Run status group 0 (all jobs):
   READ: io=64301MB, aggrb=1071.7MB/s, minb=163894KB/s, maxb=933481KB/s, mint=60001msec, maxt=60005msec
  WRITE: io=9602.0MB, aggrb=163893KB/s, minb=163893KB/s, maxb=163893KB/s, mint=59993msec, maxt=59993msec

Disk stats (read/write):
  nvme0n1: ios=1380713/86376, merge=0/0, ticks=1124520/576060, in_queue=1700456, util=99.89%
