seqwrite: (g=0): rw=write, bs=1M-1M/1M-1M/1M-1M, ioengine=libaio, iodepth=10
fio-2.1.3
Starting 1 process
seqwrite: Laying out IO file(s) (1 file(s) / 5120MB)

seqwrite: (groupid=0, jobs=1): err= 0: pid=23877: Fri May 27 17:29:47 2016
  write: io=75059MB, bw=1250.8MB/s, iops=1250, runt= 60010msec
    slat (usec): min=60, max=46318, avg=303.49, stdev=247.41
    clat (msec): min=1, max=369, avg= 7.68, stdev=10.38
     lat (msec): min=2, max=369, avg= 7.99, stdev=10.41
    clat percentiles (msec):
     |  1.00th=[    6],  5.00th=[    6], 10.00th=[    6], 20.00th=[    6],
     | 30.00th=[    6], 40.00th=[    6], 50.00th=[    6], 60.00th=[    7],
     | 70.00th=[    7], 80.00th=[    7], 90.00th=[    8], 95.00th=[   13],
     | 99.00th=[   48], 99.50th=[   80], 99.90th=[  125], 99.95th=[  149],
     | 99.99th=[  347]
    bw (MB  /s): min=   69, max= 1604, per=99.44%, avg=1243.78, stdev=456.99
    lat (msec) : 2=0.01%, 4=0.19%, 10=93.54%, 20=2.73%, 50=2.66%
    lat (msec) : 100=0.67%, 250=0.19%, 500=0.03%
  cpu          : usr=6.43%, sys=31.47%, ctx=77334, majf=0, minf=9
  IO depths    : 1=0.1%, 2=0.1%, 4=0.1%, 8=99.9%, 16=0.0%, 32=0.0%, >=64=0.0%
     submit    : 0=0.0%, 4=100.0%, 8=0.0%, 16=0.0%, 32=0.0%, 64=0.0%, >=64=0.0%
     complete  : 0=0.0%, 4=100.0%, 8=0.0%, 16=0.1%, 32=0.0%, 64=0.0%, >=64=0.0%
     issued    : total=r=0/w=75059/d=0, short=r=0/w=0/d=0

Run status group 0 (all jobs):
  WRITE: io=75059MB, aggrb=1250.8MB/s, minb=1250.8MB/s, maxb=1250.8MB/s, mint=60010msec, maxt=60010msec

Disk stats (read/write):
  nvme0n1: ios=0/675232, merge=0/0, ticks=0/5026972, in_queue=5028168, util=99.88%
