seqread: (g=0): rw=read, bs=1M-1M/1M-1M/1M-1M, ioengine=libaio, iodepth=10
fio-2.1.4
Starting 1 process
seqread: Laying out IO file(s) (1 file(s) / 5120MB)

seqread: (groupid=0, jobs=1): err= 0: pid=26137: Sat Mar 15 04:32:29 2014
  read : io=1466.0MB, bw=25009KB/s, iops=24, runt= 60025msec
    slat (msec): min=2, max=68, avg=40.94, stdev= 4.65
    clat (usec): min=6, max=412022, avg=368423.53, stdev=29369.56
     lat (msec): min=23, max=453, avg=409.36, stdev=31.77
    clat percentiles (msec):
     |  1.00th=[  247],  5.00th=[  355], 10.00th=[  355], 20.00th=[  359],
     | 30.00th=[  363], 40.00th=[  367], 50.00th=[  371], 60.00th=[  375],
     | 70.00th=[  375], 80.00th=[  383], 90.00th=[  388], 95.00th=[  392],
     | 99.00th=[  404], 99.50th=[  404], 99.90th=[  408], 99.95th=[  412],
     | 99.99th=[  412]
    bw (KB  /s): min=23054, max=28332, per=99.47%, avg=24876.44, stdev=787.41
    lat (usec) : 10=0.07%
    lat (msec) : 50=0.20%, 100=0.20%, 250=0.55%, 500=98.98%
  cpu          : usr=0.03%, sys=1.85%, ctx=18502, majf=0, minf=2585
  IO depths    : 1=0.1%, 2=0.1%, 4=0.3%, 8=99.5%, 16=0.0%, 32=0.0%, >=64=0.0%
     submit    : 0=0.0%, 4=100.0%, 8=0.0%, 16=0.0%, 32=0.0%, 64=0.0%, >=64=0.0%
     complete  : 0=0.0%, 4=99.9%, 8=0.0%, 16=0.1%, 32=0.0%, 64=0.0%, >=64=0.0%
     issued    : total=r=1466/w=0/d=0, short=r=0/w=0/d=0

Run status group 0 (all jobs):
   READ: io=1466.0MB, aggrb=25009KB/s, minb=25009KB/s, maxb=25009KB/s, mint=60025msec, maxt=60025msec

Disk stats (read/write):
  xvdf: ios=35134/10, merge=0/36, ticks=597581/334, in_queue=597998, util=99.79%
