randread-1k: (g=0): rw=randread, bs=8K-16K/8K-16K/8K-16K, ioengine=libaio, iodepth=10
seqread: (g=0): rw=read, bs=1M-1M/1M-1M/1M-1M, ioengine=libaio, iodepth=10
seqwrite: (g=0): rw=write, bs=1M-1M/1M-1M/1M-1M, ioengine=libaio, iodepth=10
fio-2.1.4
Starting 3 processes

randread-1k: (groupid=0, jobs=1): err= 0: pid=21019: Sat Mar 15 04:16:44 2014
  read : io=1145.7MB, bw=19543KB/s, iops=1794, runt= 60027msec
    slat (usec): min=4, max=160009, avg=553.80, stdev=5644.72
    clat (usec): min=3, max=479879, avg=4995.53, stdev=25318.93
     lat (usec): min=8, max=484078, avg=5549.44, stdev=27608.72
    clat percentiles (usec):
     |  1.00th=[   64],  5.00th=[   66], 10.00th=[   67], 20.00th=[   69],
     | 30.00th=[   70], 40.00th=[   71], 50.00th=[   72], 60.00th=[   74],
     | 70.00th=[   76], 80.00th=[   79], 90.00th=[   89], 95.00th=[28288],
     | 99.00th=[121344], 99.50th=[185344], 99.90th=[301056], 99.95th=[337920],
     | 99.99th=[387072]
    bw (KB  /s): min=  196, max=749632, per=48.33%, avg=10868.05, stdev=70726.31
    lat (usec) : 4=0.01%, 10=0.01%, 20=0.01%, 50=0.01%, 100=91.55%
    lat (usec) : 250=2.22%
    lat (msec) : 2=0.01%, 4=0.08%, 10=0.08%, 20=0.19%, 50=2.29%
    lat (msec) : 100=2.13%, 250=1.24%, 500=0.21%
  cpu          : usr=0.28%, sys=1.53%, ctx=1405, majf=0, minf=68
  IO depths    : 1=0.1%, 2=0.1%, 4=0.1%, 8=100.0%, 16=0.0%, 32=0.0%, >=64=0.0%
     submit    : 0=0.0%, 4=100.0%, 8=0.0%, 16=0.0%, 32=0.0%, 64=0.0%, >=64=0.0%
     complete  : 0=0.0%, 4=100.0%, 8=0.0%, 16=0.1%, 32=0.0%, 64=0.0%, >=64=0.0%
     issued    : total=r=107746/w=0/d=0, short=r=0/w=0/d=0
seqread: (groupid=0, jobs=1): err= 0: pid=21046: Sat Mar 15 04:16:44 2014
  read : io=1025.0MB, bw=10619KB/s, iops=10, runt= 98843msec
    slat (usec): min=235, max=300966, avg=47451.95, stdev=61528.76
    clat (usec): min=3, max=1836.1K, avg=418205.02, stdev=472562.83
     lat (msec): min=2, max=1979, avg=465.66, stdev=521.53
    clat percentiles (msec):
     |  1.00th=[    3],  5.00th=[    3], 10.00th=[    3], 20.00th=[    3],
     | 30.00th=[    3], 40.00th=[  167], 50.00th=[  334], 60.00th=[  465],
     | 70.00th=[  502], 80.00th=[  603], 90.00th=[ 1303], 95.00th=[ 1483],
     | 99.00th=[ 1713], 99.50th=[ 1795], 99.90th=[ 1827], 99.95th=[ 1844],
     | 99.99th=[ 1844]
    bw (KB  /s): min=   20, max=653784, per=100.00%, avg=22592.73, stdev=70997.78
    lat (usec) : 4=0.10%, 10=0.10%
    lat (msec) : 4=36.20%, 50=0.39%, 100=0.98%, 250=6.63%, 500=24.98%
    lat (msec) : 750=13.95%, 1000=1.66%, 2000=15.02%
  cpu          : usr=0.01%, sys=1.37%, ctx=9052, majf=0, minf=2590
  IO depths    : 1=0.2%, 2=0.2%, 4=0.4%, 8=99.2%, 16=0.0%, 32=0.0%, >=64=0.0%
     submit    : 0=0.0%, 4=100.0%, 8=0.0%, 16=0.0%, 32=0.0%, 64=0.0%, >=64=0.0%
     complete  : 0=0.0%, 4=99.9%, 8=0.0%, 16=0.1%, 32=0.0%, 64=0.0%, >=64=0.0%
     issued    : total=r=1025/w=0/d=0, short=r=0/w=0/d=0
seqwrite: (groupid=0, jobs=1): err= 0: pid=21066: Sat Mar 15 04:16:44 2014
  write: io=1025.0MB, bw=10621KB/s, iops=10, runt= 98827msec
    slat (usec): min=624, max=406751, avg=47340.22, stdev=62652.47
    clat (usec): min=5, max=1896.4K, avg=418208.77, stdev=471778.96
     lat (msec): min=6, max=2033, avg=465.55, stdev=520.45
    clat percentiles (msec):
     |  1.00th=[    7],  5.00th=[    7], 10.00th=[    7], 20.00th=[    8],
     | 30.00th=[   10], 40.00th=[  153], 50.00th=[  326], 60.00th=[  465],
     | 70.00th=[  502], 80.00th=[  603], 90.00th=[ 1287], 95.00th=[ 1483],
     | 99.00th=[ 1713], 99.50th=[ 1795], 99.90th=[ 1827], 99.95th=[ 1893],
     | 99.99th=[ 1893]
    bw (KB  /s): min=   20, max=479232, per=100.00%, avg=22790.09, stdev=61825.36
    lat (usec) : 10=0.20%
    lat (msec) : 10=36.59%, 50=0.29%, 100=0.88%, 250=6.93%, 500=24.20%
    lat (msec) : 750=14.24%, 1000=1.66%, 2000=15.02%
  cpu          : usr=0.39%, sys=1.25%, ctx=69968, majf=0, minf=29
  IO depths    : 1=0.2%, 2=0.2%, 4=0.4%, 8=99.2%, 16=0.0%, 32=0.0%, >=64=0.0%
     submit    : 0=0.0%, 4=100.0%, 8=0.0%, 16=0.0%, 32=0.0%, 64=0.0%, >=64=0.0%
     complete  : 0=0.0%, 4=99.9%, 8=0.0%, 16=0.1%, 32=0.0%, 64=0.0%, >=64=0.0%
     issued    : total=r=0/w=1025/d=0, short=r=0/w=0/d=0

Run status group 0 (all jobs):
   READ: io=2170.7MB, aggrb=22487KB/s, minb=10618KB/s, maxb=19543KB/s, mint=60027msec, maxt=98843msec
  WRITE: io=1025.0MB, aggrb=10620KB/s, minb=10620KB/s, maxb=10620KB/s, mint=98827msec, maxt=98827msec

Disk stats (read/write):
  xvdf: ios=12977/32824, merge=26/326697, ticks=480892/11177942, in_queue=11654230, util=99.95%
