randread-1k: (g=0): rw=randread, bs=1K-4K/1K-4K/1K-4K, ioengine=libaio, iodepth=10
seqread: (g=0): rw=read, bs=1M-1M/1M-1M/1M-1M, ioengine=libaio, iodepth=10
seqwrite: (g=0): rw=write, bs=1M-1M/1M-1M/1M-1M, ioengine=libaio, iodepth=10
fio-2.1.4
Starting 3 processes

randread-1k: (groupid=0, jobs=1): err= 0: pid=4893: Sat Mar 15 07:36:56 2014
  read : io=2220.7MB, bw=37898KB/s, iops=18111, runt= 60001msec
    slat (usec): min=0, max=45270, avg=49.88, stdev=263.27
    clat (usec): min=1, max=271747, avg=462.85, stdev=1452.81
     lat (usec): min=2, max=272171, avg=512.89, stdev=1576.70
    clat percentiles (usec):
     |  1.00th=[   20],  5.00th=[   21], 10.00th=[   22], 20.00th=[   24],
     | 30.00th=[   27], 40.00th=[  187], 50.00th=[  203], 60.00th=[  362],
     | 70.00th=[  540], 80.00th=[  868], 90.00th=[ 1256], 95.00th=[ 1512],
     | 99.00th=[ 2256], 99.50th=[ 2960], 99.90th=[ 3728], 99.95th=[ 4640],
     | 99.99th=[44288]
    bw (KB  /s): min=    0, max=270434, per=47.90%, avg=37816.10, stdev=45583.67
    lat (usec) : 2=0.01%, 4=0.01%, 10=0.01%, 20=0.37%, 50=34.32%
    lat (usec) : 100=0.33%, 250=20.11%, 500=11.09%, 750=11.42%, 1000=5.10%
    lat (msec) : 2=16.01%, 4=1.18%, 10=0.05%, 20=0.01%, 50=0.01%
    lat (msec) : 100=0.01%, 250=0.01%, 500=0.01%
  cpu          : usr=2.06%, sys=11.86%, ctx=284745, majf=0, minf=39
  IO depths    : 1=0.1%, 2=0.1%, 4=0.1%, 8=100.0%, 16=0.0%, 32=0.0%, >=64=0.0%
     submit    : 0=0.0%, 4=100.0%, 8=0.0%, 16=0.0%, 32=0.0%, 64=0.0%, >=64=0.0%
     complete  : 0=0.0%, 4=100.0%, 8=0.0%, 16=0.1%, 32=0.0%, 64=0.0%, >=64=0.0%
     issued    : total=r=1086734/w=0/d=0, short=r=0/w=0/d=0
seqread: (groupid=0, jobs=1): err= 0: pid=4894: Sat Mar 15 07:36:56 2014
  read : io=2406.0MB, bw=41054KB/s, iops=40, runt= 60013msec
    slat (usec): min=248, max=125220, avg=3057.41, stdev=9090.97
    clat (usec): min=1, max=808420, avg=10755.26, stdev=57759.72
     lat (usec): min=251, max=894160, avg=13816.38, stdev=64463.06
    clat percentiles (usec):
     |  1.00th=[    2],  5.00th=[    2], 10.00th=[    2], 20.00th=[    3],
     | 30.00th=[    3], 40.00th=[    3], 50.00th=[    3], 60.00th=[    4],
     | 70.00th=[    4], 80.00th=[    5], 90.00th=[   16], 95.00th=[22656],
     | 99.00th=[325632], 99.50th=[407552], 99.90th=[724992], 99.95th=[774144],
     | 99.99th=[806912]
    bw (KB  /s): min= 1976, max=115548, per=52.44%, avg=41398.41, stdev=10578.73
    lat (usec) : 2=0.50%, 4=55.24%, 10=32.29%, 20=2.08%, 50=0.46%
    lat (usec) : 750=0.04%, 1000=0.04%
    lat (msec) : 2=0.08%, 4=0.29%, 10=0.91%, 20=2.08%, 50=2.41%
    lat (msec) : 100=0.04%, 250=2.12%, 500=1.16%, 750=0.17%, 1000=0.08%
  cpu          : usr=0.04%, sys=3.68%, ctx=24035, majf=0, minf=544
  IO depths    : 1=90.6%, 2=0.4%, 4=0.8%, 8=8.2%, 16=0.0%, 32=0.0%, >=64=0.0%
     submit    : 0=0.0%, 4=100.0%, 8=0.0%, 16=0.0%, 32=0.0%, 64=0.0%, >=64=0.0%
     complete  : 0=0.0%, 4=100.0%, 8=0.0%, 16=0.0%, 32=0.0%, 64=0.0%, >=64=0.0%
     issued    : total=r=2406/w=0/d=0, short=r=0/w=0/d=0
seqwrite: (groupid=0, jobs=1): err= 0: pid=4895: Sat Mar 15 07:36:56 2014
  write: io=2406.0MB, bw=41057KB/s, iops=40, runt= 60008msec
    slat (usec): min=543, max=935300, avg=2405.62, stdev=20679.15
    clat (usec): min=1, max=1303.2K, avg=10758.13, stdev=82669.15
     lat (usec): min=545, max=1344.9K, avg=13165.28, stdev=90186.86
    clat percentiles (usec):
     |  1.00th=[    1],  5.00th=[    1], 10.00th=[    2], 20.00th=[    2],
     | 30.00th=[    2], 40.00th=[    2], 50.00th=[    2], 60.00th=[    3],
     | 70.00th=[    3], 80.00th=[    3], 90.00th=[    9], 95.00th=[15040],
     | 99.00th=[325632], 99.50th=[643072], 99.90th=[1155072], 99.95th=[1236992],
     | 99.99th=[1302528]
    bw (KB  /s): min= 1992, max=157696, per=100.00%, avg=41867.90, stdev=15121.46
    lat (usec) : 2=5.11%, 4=79.88%, 10=5.03%, 20=0.42%, 50=0.12%
    lat (usec) : 750=0.04%
    lat (msec) : 2=0.12%, 4=0.29%, 10=2.20%, 20=2.33%, 50=2.24%
    lat (msec) : 100=0.12%, 250=0.87%, 500=0.58%, 750=0.17%, 1000=0.17%
    lat (msec) : 2000=0.29%
  cpu          : usr=1.24%, sys=2.60%, ctx=14755, majf=0, minf=29
  IO depths    : 1=90.6%, 2=0.4%, 4=0.8%, 8=8.2%, 16=0.0%, 32=0.0%, >=64=0.0%
     submit    : 0=0.0%, 4=100.0%, 8=0.0%, 16=0.0%, 32=0.0%, 64=0.0%, >=64=0.0%
     complete  : 0=0.0%, 4=100.0%, 8=0.0%, 16=0.0%, 32=0.0%, 64=0.0%, >=64=0.0%
     issued    : total=r=0/w=2406/d=0, short=r=0/w=0/d=0

Run status group 0 (all jobs):
   READ: io=4626.7MB, aggrb=78943KB/s, minb=37897KB/s, maxb=41053KB/s, mint=60001msec, maxt=60013msec
  WRITE: io=2406.0MB, aggrb=41056KB/s, minb=41056KB/s, maxb=41056KB/s, mint=60008msec, maxt=60008msec

Disk stats (read/write):
  xvdc: ios=362571/52068, merge=0/518336, ticks=131445/749665, in_queue=881051, util=95.34%
