randread-1k: (g=0): rw=randread, bs=8K-16K/8K-16K/8K-16K, ioengine=libaio, iodepth=10
seqread: (g=0): rw=read, bs=1M-1M/1M-1M/1M-1M, ioengine=libaio, iodepth=10
seqwrite: (g=0): rw=write, bs=1M-1M/1M-1M/1M-1M, ioengine=libaio, iodepth=10
fio-2.1.4
Starting 3 processes

randread-1k: (groupid=0, jobs=1): err= 0: pid=30991: Sun Mar 16 02:32:46 2014
  read : io=2145.5MB, bw=36601KB/s, iops=3379, runt= 60012msec
    slat (usec): min=4, max=121977, avg=292.87, stdev=2839.93
    clat (usec): min=3, max=539852, avg=2651.79, stdev=16639.72
     lat (usec): min=8, max=589558, avg=2944.79, stdev=18322.46
    clat percentiles (usec):
     |  1.00th=[   63],  5.00th=[   65], 10.00th=[   66], 20.00th=[   68],
     | 30.00th=[   69], 40.00th=[   71], 50.00th=[   72], 60.00th=[   74],
     | 70.00th=[   79], 80.00th=[   88], 90.00th=[  402], 95.00th=[12352],
     | 99.00th=[43264], 99.50th=[83456], 99.90th=[296960], 99.95th=[350208],
     | 99.99th=[419840]
    bw (KB  /s): min=  138, max=1162064, per=38.41%, avg=27082.89, stdev=147792.00
    lat (usec) : 4=0.01%, 10=0.01%, 20=0.01%, 50=0.01%, 100=85.41%
    lat (usec) : 250=4.34%, 500=0.42%, 750=0.12%, 1000=0.07%
    lat (msec) : 2=0.24%, 4=1.54%, 10=2.47%, 20=1.43%, 50=3.27%
    lat (msec) : 100=0.38%, 250=0.14%, 500=0.17%, 750=0.01%
  cpu          : usr=0.52%, sys=2.98%, ctx=7244, majf=0, minf=67
  IO depths    : 1=0.1%, 2=0.1%, 4=0.1%, 8=100.0%, 16=0.0%, 32=0.0%, >=64=0.0%
     submit    : 0=0.0%, 4=100.0%, 8=0.0%, 16=0.0%, 32=0.0%, 64=0.0%, >=64=0.0%
     complete  : 0=0.0%, 4=100.0%, 8=0.0%, 16=0.1%, 32=0.0%, 64=0.0%, >=64=0.0%
     issued    : total=r=202793/w=0/d=0, short=r=0/w=0/d=0
seqread: (groupid=0, jobs=1): err= 0: pid=30992: Sun Mar 16 02:32:46 2014
  read : io=2049.0MB, bw=34452KB/s, iops=33, runt= 60902msec
    slat (usec): min=236, max=175142, avg=18796.36, stdev=21105.57
    clat (usec): min=2, max=971363, avg=167979.49, stdev=163399.09
     lat (usec): min=243, max=1072.9K, avg=186779.19, stdev=179336.80
    clat percentiles (usec):
     |  1.00th=[    3],  5.00th=[60160], 10.00th=[66048], 20.00th=[124416],
     | 30.00th=[138240], 40.00th=[140288], 50.00th=[142336], 60.00th=[144384],
     | 70.00th=[146432], 80.00th=[146432], 90.00th=[148480], 95.00th=[522240],
     | 99.00th=[921600], 99.50th=[929792], 99.90th=[946176], 99.95th=[962560],
     | 99.99th=[970752]
    bw (KB  /s): min=   63, max=136942, per=73.15%, avg=51581.07, stdev=31483.92
    lat (usec) : 4=1.81%, 10=0.29%, 20=0.10%, 250=0.05%
    lat (msec) : 2=0.05%, 4=0.05%, 10=0.59%, 20=0.29%, 50=0.93%
    lat (msec) : 100=15.13%, 250=72.72%, 500=2.68%, 750=1.85%, 1000=3.47%
  cpu          : usr=0.03%, sys=6.03%, ctx=306174, majf=0, minf=2589
  IO depths    : 1=2.2%, 2=0.3%, 4=0.6%, 8=96.9%, 16=0.0%, 32=0.0%, >=64=0.0%
     submit    : 0=0.0%, 4=100.0%, 8=0.0%, 16=0.0%, 32=0.0%, 64=0.0%, >=64=0.0%
     complete  : 0=0.0%, 4=99.9%, 8=0.0%, 16=0.1%, 32=0.0%, 64=0.0%, >=64=0.0%
     issued    : total=r=2049/w=0/d=0, short=r=0/w=0/d=0
seqwrite: (groupid=0, jobs=1): err= 0: pid=30993: Sun Mar 16 02:32:46 2014
  write: io=2049.0MB, bw=34512KB/s, iops=33, runt= 60796msec
    slat (usec): min=541, max=186908, avg=18758.20, stdev=21199.17
    clat (usec): min=2, max=970967, avg=167962.77, stdev=163284.81
     lat (usec): min=546, max=1072.5K, avg=186723.86, stdev=179252.65
    clat percentiles (usec):
     |  1.00th=[    3],  5.00th=[60160], 10.00th=[66048], 20.00th=[124416],
     | 30.00th=[138240], 40.00th=[140288], 50.00th=[142336], 60.00th=[144384],
     | 70.00th=[146432], 80.00th=[146432], 90.00th=[148480], 95.00th=[522240],
     | 99.00th=[921600], 99.50th=[929792], 99.90th=[937984], 99.95th=[962560],
     | 99.99th=[970752]
    bw (KB  /s): min=   63, max=136942, per=100.00%, avg=51589.30, stdev=31504.44
    lat (usec) : 4=2.05%, 10=0.15%, 20=0.05%, 1000=0.05%
    lat (msec) : 4=0.15%, 10=0.44%, 20=0.34%, 50=0.93%, 100=15.18%
    lat (msec) : 250=72.67%, 500=2.68%, 750=1.85%, 1000=3.47%
  cpu          : usr=0.68%, sys=6.18%, ctx=285323, majf=0, minf=28
  IO depths    : 1=2.2%, 2=0.3%, 4=0.6%, 8=96.9%, 16=0.0%, 32=0.0%, >=64=0.0%
     submit    : 0=0.0%, 4=100.0%, 8=0.0%, 16=0.0%, 32=0.0%, 64=0.0%, >=64=0.0%
     complete  : 0=0.0%, 4=99.9%, 8=0.0%, 16=0.1%, 32=0.0%, 64=0.0%, >=64=0.0%
     issued    : total=r=0/w=2049/d=0, short=r=0/w=0/d=0

Run status group 0 (all jobs):
   READ: io=4194.5MB, aggrb=70518KB/s, minb=34451KB/s, maxb=36601KB/s, mint=60012msec, maxt=60902msec
  WRITE: io=2049.0MB, aggrb=34511KB/s, minb=34511KB/s, maxb=34511KB/s, mint=60796msec, maxt=60796msec

Disk stats (read/write):
  xvdh: ios=54891/47704, merge=4/476768, ticks=461202/4809720, in_queue=5276884, util=99.35%
