randread-1k: (g=0): rw=randread, bs=1K-4K/1K-4K/1K-4K, ioengine=libaio, iodepth=10
seqread: (g=0): rw=read, bs=1M-1M/1M-1M/1M-1M, ioengine=libaio, iodepth=10
seqwrite: (g=0): rw=write, bs=1M-1M/1M-1M/1M-1M, ioengine=libaio, iodepth=10
fio-2.1.4
Starting 3 processes

randread-1k: (groupid=0, jobs=1): err= 0: pid=30901: Sun Mar 16 02:23:15 2014
  read : io=1115.6MB, bw=19038KB/s, iops=9084, runt= 60001msec
    slat (usec): min=2, max=146606, avg=98.83, stdev=1190.76
    clat (usec): min=3, max=458253, avg=913.36, stdev=7195.60
     lat (usec): min=6, max=499037, avg=1012.40, stdev=7924.67
    clat percentiles (usec):
     |  1.00th=[   49],  5.00th=[   51], 10.00th=[   52], 20.00th=[   53],
     | 30.00th=[   55], 40.00th=[   64], 50.00th=[  302], 60.00th=[  350],
     | 70.00th=[  596], 80.00th=[ 1208], 90.00th=[ 2008], 95.00th=[ 2320],
     | 99.00th=[ 5024], 99.50th=[12096], 99.90th=[65280], 99.95th=[185344],
     | 99.99th=[342016]
    bw (KB  /s): min=    0, max=157560, per=49.13%, avg=19441.44, stdev=29556.60
    lat (usec) : 4=0.01%, 10=0.01%, 20=0.01%, 50=1.25%, 100=40.21%
    lat (usec) : 250=0.06%, 500=20.92%, 750=9.63%, 1000=5.01%
    lat (msec) : 2=12.63%, 4=9.12%, 10=0.54%, 20=0.47%, 50=0.04%
    lat (msec) : 100=0.03%, 250=0.06%, 500=0.03%
  cpu          : usr=1.87%, sys=8.74%, ctx=126296, majf=0, minf=36
  IO depths    : 1=0.1%, 2=0.1%, 4=0.1%, 8=100.0%, 16=0.0%, 32=0.0%, >=64=0.0%
     submit    : 0=0.0%, 4=100.0%, 8=0.0%, 16=0.0%, 32=0.0%, 64=0.0%, >=64=0.0%
     complete  : 0=0.0%, 4=100.0%, 8=0.0%, 16=0.1%, 32=0.0%, 64=0.0%, >=64=0.0%
     issued    : total=r=545065/w=0/d=0, short=r=0/w=0/d=0
seqread: (groupid=0, jobs=1): err= 0: pid=30902: Sun Mar 16 02:23:15 2014
  read : io=1204.0MB, bw=20542KB/s, iops=20, runt= 60019msec
    slat (usec): min=191, max=199864, avg=13529.02, stdev=30321.53
    clat (usec): min=2, max=816176, avg=74053.73, stdev=162445.25
     lat (usec): min=194, max=988392, avg=87585.15, stdev=177801.62
    clat percentiles (usec):
     |  1.00th=[    2],  5.00th=[    2], 10.00th=[    2], 20.00th=[    3],
     | 30.00th=[    3], 40.00th=[    3], 50.00th=[    3], 60.00th=[    3],
     | 70.00th=[    5], 80.00th=[132096], 90.00th=[329728], 95.00th=[485376],
     | 99.00th=[700416], 99.50th=[757760], 99.90th=[806912], 99.95th=[815104],
     | 99.99th=[815104]
    bw (KB  /s): min= 1090, max=42760, per=51.74%, avg=20474.48, stdev=5277.93
    lat (usec) : 4=62.13%, 10=9.80%, 20=1.83%, 50=0.25%, 500=0.25%
    lat (usec) : 750=0.17%, 1000=0.25%
    lat (msec) : 2=0.91%, 4=0.58%, 20=0.42%, 50=0.58%, 100=1.91%
    lat (msec) : 250=7.39%, 500=9.05%, 750=3.90%, 1000=0.58%
  cpu          : usr=0.02%, sys=1.52%, ctx=24377, majf=0, minf=2589
  IO depths    : 1=74.0%, 2=1.2%, 4=2.3%, 8=22.5%, 16=0.0%, 32=0.0%, >=64=0.0%
     submit    : 0=0.0%, 4=100.0%, 8=0.0%, 16=0.0%, 32=0.0%, 64=0.0%, >=64=0.0%
     complete  : 0=0.0%, 4=100.0%, 8=0.0%, 16=0.0%, 32=0.0%, 64=0.0%, >=64=0.0%
     issued    : total=r=1204/w=0/d=0, short=r=0/w=0/d=0
seqwrite: (groupid=0, jobs=1): err= 0: pid=30903: Sun Mar 16 02:23:15 2014
  write: io=1204.0MB, bw=20545KB/s, iops=20, runt= 60009msec
    slat (usec): min=513, max=1785.5K, avg=13826.27, stdev=60823.42
    clat (usec): min=2, max=815807, avg=73087.10, stdev=161272.49
     lat (usec): min=517, max=1785.5K, avg=86915.06, stdev=183828.08
    clat percentiles (usec):
     |  1.00th=[    2],  5.00th=[    2], 10.00th=[    3], 20.00th=[    3],
     | 30.00th=[    3], 40.00th=[    3], 50.00th=[    3], 60.00th=[    3],
     | 70.00th=[   16], 80.00th=[116224], 90.00th=[325632], 95.00th=[493568],
     | 99.00th=[692224], 99.50th=[757760], 99.90th=[806912], 99.95th=[815104],
     | 99.99th=[815104]
    bw (KB  /s): min= 1084, max=85182, per=100.00%, avg=20948.57, stdev=8519.73
    lat (usec) : 4=62.62%, 10=6.56%, 20=1.25%, 100=0.08%, 1000=0.08%
    lat (msec) : 2=0.33%, 4=0.83%, 10=4.57%, 20=0.42%, 50=0.66%
    lat (msec) : 100=2.16%, 250=7.23%, 500=8.64%, 750=3.99%, 1000=0.58%
  cpu          : usr=0.51%, sys=1.45%, ctx=19049, majf=0, minf=28
  IO depths    : 1=70.5%, 2=1.3%, 4=2.7%, 8=25.5%, 16=0.0%, 32=0.0%, >=64=0.0%
     submit    : 0=0.0%, 4=100.0%, 8=0.0%, 16=0.0%, 32=0.0%, 64=0.0%, >=64=0.0%
     complete  : 0=0.0%, 4=100.0%, 8=0.0%, 16=0.0%, 32=0.0%, 64=0.0%, >=64=0.0%
     issued    : total=r=0/w=1204/d=0, short=r=0/w=0/d=0

Run status group 0 (all jobs):
   READ: io=2319.6MB, aggrb=39573KB/s, minb=19037KB/s, maxb=20541KB/s, mint=60001msec, maxt=60019msec
  WRITE: io=1204.0MB, aggrb=20545KB/s, minb=20545KB/s, maxb=20545KB/s, mint=60009msec, maxt=60009msec

Disk stats (read/write):
  xvdh: ios=154566/25318, merge=30/251454, ticks=346775/2441637, in_queue=2788384, util=93.68%
