randread-1k: (g=0): rw=randread, bs=8K-16K/8K-16K/8K-16K, ioengine=libaio, iodepth=10
seqread: (g=0): rw=read, bs=1M-1M/1M-1M/1M-1M, ioengine=libaio, iodepth=10
seqwrite: (g=0): rw=write, bs=1M-1M/1M-1M/1M-1M, ioengine=libaio, iodepth=10
fio-2.1.4
Starting 3 processes

randread-1k: (groupid=0, jobs=1): err= 0: pid=30958: Sun Mar 16 02:29:31 2014
  read : io=2048.8MB, bw=33564KB/s, iops=3111, runt= 62483msec
    slat (usec): min=4, max=132753, avg=283.94, stdev=1868.28
    clat (usec): min=3, max=514044, avg=2589.79, stdev=13781.77
     lat (usec): min=7, max=558424, avg=2874.14, stdev=15250.19
    clat percentiles (usec):
     |  1.00th=[  572],  5.00th=[  876], 10.00th=[ 1112], 20.00th=[ 1384],
     | 30.00th=[ 1544], 40.00th=[ 1736], 50.00th=[ 1944], 60.00th=[ 2096],
     | 70.00th=[ 2320], 80.00th=[ 2512], 90.00th=[ 2736], 95.00th=[ 3088],
     | 99.00th=[ 7008], 99.50th=[ 9152], 99.90th=[296960], 99.95th=[370688],
     | 99.99th=[440320]
    bw (KB  /s): min=    2, max=72128, per=68.74%, avg=36699.92, stdev=22211.37
    lat (usec) : 4=0.01%, 10=0.01%, 20=0.01%, 50=0.01%, 100=0.21%
    lat (usec) : 250=0.01%, 500=0.62%, 750=2.06%, 1000=4.94%
    lat (msec) : 2=46.10%, 4=44.02%, 10=1.64%, 20=0.16%, 50=0.04%
    lat (msec) : 100=0.01%, 250=0.06%, 500=0.13%, 750=0.01%
  cpu          : usr=0.35%, sys=7.85%, ctx=137121, majf=0, minf=67
  IO depths    : 1=0.1%, 2=0.1%, 4=0.1%, 8=100.0%, 16=0.0%, 32=0.0%, >=64=0.0%
     submit    : 0=0.0%, 4=100.0%, 8=0.0%, 16=0.0%, 32=0.0%, 64=0.0%, >=64=0.0%
     complete  : 0=0.0%, 4=100.0%, 8=0.0%, 16=0.1%, 32=0.0%, 64=0.0%, >=64=0.0%
     issued    : total=r=194397/w=0/d=0, short=r=0/w=0/d=0
seqread: (groupid=0, jobs=1): err= 0: pid=30959: Sun Mar 16 02:29:31 2014
  read : io=1210.0MB, bw=20643KB/s, iops=20, runt= 60023msec
    slat (usec): min=216, max=164659, avg=10564.58, stdev=28447.35
    clat (usec): min=2, max=705509, avg=61378.90, stdev=143263.47
     lat (usec): min=221, max=768906, avg=71946.15, stdev=157043.46
    clat percentiles (usec):
     |  1.00th=[    2],  5.00th=[    2], 10.00th=[    3], 20.00th=[    3],
     | 30.00th=[    3], 40.00th=[    3], 50.00th=[    3], 60.00th=[    3],
     | 70.00th=[    5], 80.00th=[25216], 90.00th=[296960], 95.00th=[428032],
     | 99.00th=[602112], 99.50th=[651264], 99.90th=[708608], 99.95th=[708608],
     | 99.99th=[708608]
    bw (KB  /s): min= 1319, max=47261, per=38.57%, avg=20595.93, stdev=5715.78
    lat (usec) : 4=60.74%, 10=11.82%, 20=2.73%, 50=0.25%, 500=0.33%
    lat (usec) : 750=0.33%, 1000=0.33%
    lat (msec) : 2=0.83%, 4=0.83%, 10=1.24%, 20=0.33%, 50=0.83%
    lat (msec) : 100=1.74%, 250=5.95%, 500=9.01%, 750=2.73%
  cpu          : usr=0.01%, sys=1.45%, ctx=7050, majf=0, minf=2589
  IO depths    : 1=75.5%, 2=1.5%, 4=3.0%, 8=20.0%, 16=0.0%, 32=0.0%, >=64=0.0%
     submit    : 0=0.0%, 4=100.0%, 8=0.0%, 16=0.0%, 32=0.0%, 64=0.0%, >=64=0.0%
     complete  : 0=0.0%, 4=99.9%, 8=0.0%, 16=0.1%, 32=0.0%, 64=0.0%, >=64=0.0%
     issued    : total=r=1210/w=0/d=0, short=r=0/w=0/d=0
seqwrite: (groupid=0, jobs=1): err= 0: pid=30960: Sun Mar 16 02:29:31 2014
  write: io=1210.0MB, bw=20645KB/s, iops=20, runt= 60016msec
    slat (usec): min=487, max=198062, avg=9284.53, stdev=28130.44
    clat (usec): min=2, max=704884, avg=57329.91, stdev=137200.02
     lat (usec): min=490, max=768903, avg=66615.36, stdev=151012.22
    clat percentiles (usec):
     |  1.00th=[    2],  5.00th=[    2], 10.00th=[    3], 20.00th=[    3],
     | 30.00th=[    3], 40.00th=[    3], 50.00th=[    3], 60.00th=[    3],
     | 70.00th=[    4], 80.00th=[11456], 90.00th=[276480], 95.00th=[407552],
     | 99.00th=[602112], 99.50th=[651264], 99.90th=[708608], 99.95th=[708608],
     | 99.99th=[708608]
    bw (KB  /s): min=  978, max=46195, per=100.00%, avg=20725.03, stdev=6957.60
    lat (usec) : 4=66.53%, 10=7.69%, 20=1.24%, 50=0.25%, 1000=0.25%
    lat (msec) : 2=0.50%, 4=0.91%, 10=2.40%, 20=0.83%, 50=0.83%
    lat (msec) : 100=1.57%, 250=6.03%, 500=8.60%, 750=2.40%
  cpu          : usr=0.53%, sys=1.34%, ctx=2440, majf=0, minf=28
  IO depths    : 1=75.7%, 2=1.7%, 4=3.3%, 8=19.3%, 16=0.0%, 32=0.0%, >=64=0.0%
     submit    : 0=0.0%, 4=100.0%, 8=0.0%, 16=0.0%, 32=0.0%, 64=0.0%, >=64=0.0%
     complete  : 0=0.0%, 4=99.9%, 8=0.0%, 16=0.1%, 32=0.0%, 64=0.0%, >=64=0.0%
     issued    : total=r=0/w=1210/d=0, short=r=0/w=0/d=0

Run status group 0 (all jobs):
   READ: io=3258.8MB, aggrb=53393KB/s, minb=20642KB/s, maxb=33563KB/s, mint=60023msec, maxt=62483msec
  WRITE: io=1210.0MB, aggrb=20645KB/s, minb=20645KB/s, maxb=20645KB/s, mint=60016msec, maxt=60016msec

Disk stats (read/write):
  xvdh: ios=157031/29323, merge=3/292509, ticks=187609/2675010, in_queue=2869753, util=96.39%
