randread-16m: (g=0): rw=randread, bs=16M-16M/16M-16M/16M-16M, ioengine=libaio, iodepth=10
fio-2.1.4
Starting 1 process

randread-16m: (groupid=0, jobs=1): err= 0: pid=31254: Sun Mar 16 02:43:53 2014
  read : io=3856.0MB, bw=65713KB/s, iops=4, runt= 60088msec
    slat (msec): min=44, max=252, avg=247.40, stdev=23.52
    clat (usec): min=13, max=2259.1K, avg=2069811.21, stdev=513401.69
     lat (msec): min=250, max=2510, avg=2317.21, stdev=513.20
    clat percentiles (usec):
     |  1.00th=[   13],  5.00th=[749568], 10.00th=[1499136], 20.00th=[2244608],
     | 30.00th=[2244608], 40.00th=[2244608], 50.00th=[2244608], 60.00th=[2244608],
     | 70.00th=[2244608], 80.00th=[2244608], 90.00th=[2244608], 95.00th=[2244608],
     | 99.00th=[2244608], 99.50th=[2244608], 99.90th=[2244608], 99.95th=[2244608],
     | 99.99th=[2244608]
    bw (KB  /s): min= 6530, max=65536, per=96.05%, avg=63114.59, stdev=11310.88
    lat (usec) : 20=1.66%
    lat (msec) : 500=1.66%, 750=1.66%, 1000=1.66%, 2000=7.05%, >=2000=86.31%
  cpu          : usr=0.01%, sys=4.91%, ctx=22219, majf=0, minf=40987
  IO depths    : 1=1.7%, 2=3.3%, 4=6.6%, 8=88.4%, 16=0.0%, 32=0.0%, >=64=0.0%
     submit    : 0=0.0%, 4=100.0%, 8=0.0%, 16=0.0%, 32=0.0%, 64=0.0%, >=64=0.0%
     complete  : 0=0.0%, 4=98.1%, 8=0.0%, 16=1.9%, 32=0.0%, 64=0.0%, >=64=0.0%
     issued    : total=r=241/w=0/d=0, short=r=0/w=0/d=0

Run status group 0 (all jobs):
   READ: io=3856.0MB, aggrb=65712KB/s, minb=65712KB/s, maxb=65712KB/s, mint=60088msec, maxt=60088msec

Disk stats (read/write):
  xvdh: ios=90296/0, merge=0/0, ticks=6883999/0, in_queue=6888471, util=98.88%
