randread-4k: (g=0): rw=randread, bs=4K-4K/4K-4K/4K-4K, ioengine=libaio, iodepth=10
fio-2.1.4
Starting 1 process

randread-4k: (groupid=0, jobs=1): err= 0: pid=31033: Sun Mar 16 02:37:50 2014
  read : io=984444KB, bw=16407KB/s, iops=4101, runt= 60001msec
    slat (usec): min=188, max=8782, avg=238.97, stdev=144.54
    clat (usec): min=5, max=10864, avg=2189.64, stdev=422.58
     lat (usec): min=212, max=11091, avg=2429.09, stdev=444.33
    clat percentiles (usec):
     |  1.00th=[ 1880],  5.00th=[ 1896], 10.00th=[ 1912], 20.00th=[ 1944],
     | 30.00th=[ 1960], 40.00th=[ 1992], 50.00th=[ 2024], 60.00th=[ 2064],
     | 70.00th=[ 2160], 80.00th=[ 2320], 90.00th=[ 2800], 95.00th=[ 3184],
     | 99.00th=[ 3664], 99.50th=[ 3824], 99.90th=[ 4512], 99.95th=[ 5984],
     | 99.99th=[ 8384]
    bw (KB  /s): min=12064, max=18560, per=100.00%, avg=16412.29, stdev=835.88
    lat (usec) : 10=0.01%, 250=0.01%, 500=0.01%, 750=0.01%, 1000=0.01%
    lat (msec) : 2=42.03%, 4=57.74%, 10=0.23%, 20=0.01%
  cpu          : usr=0.74%, sys=9.79%, ctx=246420, majf=0, minf=34
  IO depths    : 1=0.1%, 2=0.1%, 4=0.1%, 8=100.0%, 16=0.0%, 32=0.0%, >=64=0.0%
     submit    : 0=0.0%, 4=100.0%, 8=0.0%, 16=0.0%, 32=0.0%, 64=0.0%, >=64=0.0%
     complete  : 0=0.0%, 4=100.0%, 8=0.0%, 16=0.1%, 32=0.0%, 64=0.0%, >=64=0.0%
     issued    : total=r=246111/w=0/d=0, short=r=0/w=0/d=0

Run status group 0 (all jobs):
   READ: io=984444KB, aggrb=16407KB/s, minb=16407KB/s, maxb=16407KB/s, mint=60001msec, maxt=60001msec

Disk stats (read/write):
  xvdh: ios=245546/0, merge=0/0, ticks=57590/0, in_queue=57588, util=96.00%
