randread-1k: (g=0): rw=randread, bs=8K-16K/8K-16K/8K-16K, ioengine=libaio, iodepth=10
seqread: (g=0): rw=read, bs=1M-1M/1M-1M/1M-1M, ioengine=libaio, iodepth=10
seqwrite: (g=0): rw=write, bs=1M-1M/1M-1M/1M-1M, ioengine=libaio, iodepth=10
fio-2.1.3
Starting 3 processes

randread-1k: (groupid=0, jobs=1): err= 0: pid=4176: Wed Apr  8 14:56:52 2015
  read : io=23215MB, bw=396204KB/s, iops=36693, runt= 60001msec
    slat (usec): min=1, max=1201, avg= 4.42, stdev= 7.32
    clat (usec): min=51, max=9972, avg=265.93, stdev=216.75
     lat (usec): min=62, max=9976, avg=270.98, stdev=217.72
    clat percentiles (usec):
     |  1.00th=[  163],  5.00th=[  177], 10.00th=[  185], 20.00th=[  197],
     | 30.00th=[  207], 40.00th=[  215], 50.00th=[  225], 60.00th=[  235],
     | 70.00th=[  251], 80.00th=[  270], 90.00th=[  322], 95.00th=[  474],
     | 99.00th=[ 1320], 99.50th=[ 1912], 99.90th=[ 2672], 99.95th=[ 3088],
     | 99.99th=[ 5728]
    bw (KB  /s): min=362624, max=434992, per=76.85%, avg=398903.24, stdev=17953.14
    lat (usec) : 100=0.01%, 250=69.96%, 500=25.60%, 750=2.95%, 1000=0.25%
    lat (msec) : 2=0.81%, 4=0.40%, 10=0.02%
  cpu          : usr=4.41%, sys=28.25%, ctx=1095312, majf=0, minf=462
  IO depths    : 1=0.1%, 2=0.1%, 4=0.1%, 8=100.0%, 16=0.0%, 32=0.0%, >=64=0.0%
     submit    : 0=0.0%, 4=100.0%, 8=0.0%, 16=0.0%, 32=0.0%, 64=0.0%, >=64=0.0%
     complete  : 0=0.0%, 4=100.0%, 8=0.0%, 16=0.1%, 32=0.0%, 64=0.0%, >=64=0.0%
     issued    : total=r=2201619/w=0/d=0, short=r=0/w=0/d=0
seqread: (groupid=0, jobs=1): err= 0: pid=4177: Wed Apr  8 14:56:52 2015
  read : io=7221.0MB, bw=123146KB/s, iops=120, runt= 60045msec
    slat (usec): min=42, max=1211, avg=109.20, stdev=60.87
    clat (usec): min=494, max=8761, avg=952.65, stdev=653.22
     lat (usec): min=556, max=9473, avg=1062.79, stdev=660.54
    clat percentiles (usec):
     |  1.00th=[  532],  5.00th=[  564], 10.00th=[  588], 20.00th=[  724],
     | 30.00th=[  764], 40.00th=[  780], 50.00th=[  796], 60.00th=[  820],
     | 70.00th=[  844], 80.00th=[  908], 90.00th=[ 1192], 95.00th=[ 2288],
     | 99.00th=[ 3984], 99.50th=[ 4576], 99.90th=[ 7136], 99.95th=[ 8160],
     | 99.99th=[ 8768]
    bw (KB  /s): min=108327, max=137070, per=23.73%, avg=123183.78, stdev=2149.36
    lat (usec) : 500=0.03%, 750=24.77%, 1000=59.42%
    lat (msec) : 2=9.68%, 4=5.12%, 10=0.97%
  cpu          : usr=0.72%, sys=5.23%, ctx=13428, majf=0, minf=1582
  IO depths    : 1=96.6%, 2=0.7%, 4=1.4%, 8=1.3%, 16=0.0%, 32=0.0%, >=64=0.0%
     submit    : 0=0.0%, 4=100.0%, 8=0.0%, 16=0.0%, 32=0.0%, 64=0.0%, >=64=0.0%
     complete  : 0=0.0%, 4=100.0%, 8=0.1%, 16=0.0%, 32=0.0%, 64=0.0%, >=64=0.0%
     issued    : total=r=7221/w=0/d=0, short=r=0/w=0/d=0
seqwrite: (groupid=0, jobs=1): err= 0: pid=4178: Wed Apr  8 14:56:52 2015
  write: io=7213.0MB, bw=123102KB/s, iops=120, runt= 60000msec
    slat (usec): min=39, max=981, avg=86.10, stdev=40.11
    clat (usec): min=297, max=7125, avg=471.31, stdev=326.95
     lat (usec): min=412, max=7611, avg=558.31, stdev=337.15
    clat percentiles (usec):
     |  1.00th=[  366],  5.00th=[  382], 10.00th=[  390], 20.00th=[  398],
     | 30.00th=[  406], 40.00th=[  414], 50.00th=[  422], 60.00th=[  430],
     | 70.00th=[  442], 80.00th=[  454], 90.00th=[  494], 95.00th=[  668],
     | 99.00th=[ 1672], 99.50th=[ 2672], 99.90th=[ 5024], 99.95th=[ 6688],
     | 99.99th=[ 7136]
    bw (KB  /s): min=121762, max=126218, per=100.00%, avg=123210.96, stdev=968.78
    lat (usec) : 500=90.67%, 750=6.46%, 1000=1.21%
    lat (msec) : 2=0.86%, 4=0.57%, 10=0.24%
  cpu          : usr=1.49%, sys=7.46%, ctx=12920, majf=0, minf=3689
  IO depths    : 1=98.8%, 2=0.2%, 4=0.4%, 8=0.5%, 16=0.0%, 32=0.0%, >=64=0.0%
     submit    : 0=0.0%, 4=100.0%, 8=0.0%, 16=0.0%, 32=0.0%, 64=0.0%, >=64=0.0%
     complete  : 0=0.0%, 4=100.0%, 8=0.0%, 16=0.0%, 32=0.0%, 64=0.0%, >=64=0.0%
     issued    : total=r=0/w=7213/d=0, short=r=0/w=0/d=0

Run status group 0 (all jobs):
   READ: io=30436MB, aggrb=519059KB/s, minb=123146KB/s, maxb=396203KB/s, mint=60001msec, maxt=60045msec
  WRITE: io=7213.0MB, aggrb=123101KB/s, minb=123101KB/s, maxb=123101KB/s, mint=60000msec, maxt=60000msec

Disk stats (read/write):
  sdb: ios=2251825/57520, merge=0/12, ticks=575056/2540, in_queue=577476, util=99.97%
