randread-1k: (g=0): rw=randread, bs=8K-16K/8K-16K/8K-16K, ioengine=libaio, iodepth=10
seqread: (g=0): rw=read, bs=1M-1M/1M-1M/1M-1M, ioengine=libaio, iodepth=10
seqwrite: (g=0): rw=write, bs=1M-1M/1M-1M/1M-1M, ioengine=libaio, iodepth=10
fio-2.1.3
Starting 3 processes

randread-1k: (groupid=0, jobs=1): err= 0: pid=4136: Wed Apr  8 14:53:50 2015
  read : io=26496MB, bw=452189KB/s, iops=41898, runt= 60001msec
    slat (usec): min=1, max=3978, avg= 4.10, stdev= 6.00
    clat (usec): min=38, max=8228, avg=232.39, stdev=91.43
     lat (usec): min=61, max=8232, avg=237.13, stdev=92.08
    clat percentiles (usec):
     |  1.00th=[  165],  5.00th=[  177], 10.00th=[  185], 20.00th=[  197],
     | 30.00th=[  205], 40.00th=[  213], 50.00th=[  221], 60.00th=[  231],
     | 70.00th=[  241], 80.00th=[  258], 90.00th=[  282], 95.00th=[  306],
     | 99.00th=[  438], 99.50th=[  540], 99.90th=[ 1672], 99.95th=[ 2160],
     | 99.99th=[ 3472]
    bw (KB  /s): min=421200, max=502992, per=96.90%, avg=458068.50, stdev=17898.67
    lat (usec) : 50=0.01%, 100=0.01%, 250=75.96%, 500=23.36%, 750=0.51%
    lat (usec) : 1000=0.02%
    lat (msec) : 2=0.07%, 4=0.06%, 10=0.01%
  cpu          : usr=4.51%, sys=31.47%, ctx=1194438, majf=0, minf=772
  IO depths    : 1=0.1%, 2=0.1%, 4=0.1%, 8=100.0%, 16=0.0%, 32=0.0%, >=64=0.0%
     submit    : 0=0.0%, 4=100.0%, 8=0.0%, 16=0.0%, 32=0.0%, 64=0.0%, >=64=0.0%
     complete  : 0=0.0%, 4=100.0%, 8=0.0%, 16=0.1%, 32=0.0%, 64=0.0%, >=64=0.0%
     issued    : total=r=2513974/w=0/d=0, short=r=0/w=0/d=0
seqread: (groupid=0, jobs=1): err= 0: pid=4137: Wed Apr  8 14:53:50 2015
  read : io=1204.0MB, bw=20547KB/s, iops=20, runt= 60004msec
    slat (usec): min=53, max=1092, avg=120.86, stdev=80.89
    clat (usec): min=479, max=8127, avg=756.68, stdev=355.01
     lat (usec): min=577, max=8329, avg=878.58, stdev=388.99
    clat percentiles (usec):
     |  1.00th=[  516],  5.00th=[  532], 10.00th=[  556], 20.00th=[  588],
     | 30.00th=[  708], 40.00th=[  740], 50.00th=[  756], 60.00th=[  772],
     | 70.00th=[  788], 80.00th=[  804], 90.00th=[  836], 95.00th=[  860],
     | 99.00th=[ 2128], 99.50th=[ 3152], 99.90th=[ 4832], 99.95th=[ 8096],
     | 99.99th=[ 8096]
    bw (KB  /s): min=20480, max=24526, per=4.35%, avg=20561.70, stdev=491.54
    lat (usec) : 500=0.42%, 750=43.36%, 1000=54.32%
    lat (msec) : 2=0.83%, 4=0.83%, 10=0.25%
  cpu          : usr=0.47%, sys=5.09%, ctx=2412, majf=0, minf=1129
  IO depths    : 1=98.3%, 2=0.3%, 4=0.7%, 8=0.7%, 16=0.0%, 32=0.0%, >=64=0.0%
     submit    : 0=0.0%, 4=100.0%, 8=0.0%, 16=0.0%, 32=0.0%, 64=0.0%, >=64=0.0%
     complete  : 0=0.0%, 4=100.0%, 8=0.0%, 16=0.0%, 32=0.0%, 64=0.0%, >=64=0.0%
     issued    : total=r=1204/w=0/d=0, short=r=0/w=0/d=0
seqwrite: (groupid=0, jobs=1): err= 0: pid=4138: Wed Apr  8 14:53:50 2015
  write: io=1204.0MB, bw=20548KB/s, iops=20, runt= 60001msec
    slat (usec): min=51, max=437, avg=130.63, stdev=56.45
    clat (usec): min=336, max=2893, avg=423.75, stdev=172.82
     lat (usec): min=426, max=3281, avg=555.60, stdev=192.47
    clat percentiles (usec):
     |  1.00th=[  354],  5.00th=[  366], 10.00th=[  370], 20.00th=[  378],
     | 30.00th=[  386], 40.00th=[  394], 50.00th=[  398], 60.00th=[  406],
     | 70.00th=[  410], 80.00th=[  422], 90.00th=[  438], 95.00th=[  462],
     | 99.00th=[ 1416], 99.50th=[ 1704], 99.90th=[ 2640], 99.95th=[ 2896],
     | 99.99th=[ 2896]
    bw (KB  /s): min=20480, max=24526, per=100.00%, avg=20561.44, stdev=493.81
    lat (usec) : 500=96.68%, 750=1.66%, 1000=0.08%
    lat (msec) : 2=1.33%, 4=0.25%
  cpu          : usr=0.86%, sys=5.72%, ctx=2383, majf=0, minf=867
  IO depths    : 1=98.3%, 2=0.3%, 4=0.7%, 8=0.7%, 16=0.0%, 32=0.0%, >=64=0.0%
     submit    : 0=0.0%, 4=100.0%, 8=0.0%, 16=0.0%, 32=0.0%, 64=0.0%, >=64=0.0%
     complete  : 0=0.0%, 4=100.0%, 8=0.0%, 16=0.0%, 32=0.0%, 64=0.0%, >=64=0.0%
     issued    : total=r=0/w=1204/d=0, short=r=0/w=0/d=0

Run status group 0 (all jobs):
   READ: io=27700MB, aggrb=472713KB/s, minb=20546KB/s, maxb=452188KB/s, mint=60001msec, maxt=60004msec
  WRITE: io=1204.0MB, aggrb=20547KB/s, minb=20547KB/s, maxb=20547KB/s, mint=60001msec, maxt=60001msec

Disk stats (read/write):
  sdb: ios=2520051/9640, merge=0/12, ticks=563504/300, in_queue=563548, util=99.78%
