randread-4k: (g=0): rw=randread, bs=4K-4K/4K-4K/4K-4K, ioengine=libaio, iodepth=10
fio-2.1.3
Starting 1 process

randread-4k: (groupid=0, jobs=1): err= 0: pid=3879: Wed Apr  8 14:25:55 2015
  read : io=11248MB, bw=191969KB/s, iops=47992, runt= 60001msec
    slat (usec): min=1, max=279, avg= 3.70, stdev= 2.86
    clat (usec): min=41, max=2970, avg=202.54, stdev=36.50
     lat (usec): min=60, max=2978, avg=206.86, stdev=36.72
    clat percentiles (usec):
     |  1.00th=[  155],  5.00th=[  163], 10.00th=[  169], 20.00th=[  177],
     | 30.00th=[  185], 40.00th=[  191], 50.00th=[  197], 60.00th=[  203],
     | 70.00th=[  213], 80.00th=[  223], 90.00th=[  243], 95.00th=[  262],
     | 99.00th=[  314], 99.50th=[  338], 99.90th=[  394], 99.95th=[  458],
     | 99.99th=[ 1272]
    bw (KB  /s): min=182672, max=194648, per=100.00%, avg=192099.49, stdev=1772.39
    lat (usec) : 50=0.01%, 100=0.01%, 250=91.94%, 500=8.02%, 750=0.02%
    lat (usec) : 1000=0.01%
    lat (msec) : 2=0.01%, 4=0.01%
  cpu          : usr=4.50%, sys=33.80%, ctx=1075049, majf=0, minf=176
  IO depths    : 1=0.1%, 2=0.1%, 4=0.1%, 8=100.0%, 16=0.0%, 32=0.0%, >=64=0.0%
     submit    : 0=0.0%, 4=100.0%, 8=0.0%, 16=0.0%, 32=0.0%, 64=0.0%, >=64=0.0%
     complete  : 0=0.0%, 4=100.0%, 8=0.0%, 16=0.1%, 32=0.0%, 64=0.0%, >=64=0.0%
     issued    : total=r=2879590/w=0/d=0, short=r=0/w=0/d=0

Run status group 0 (all jobs):
   READ: io=11248MB, aggrb=191969KB/s, minb=191969KB/s, maxb=191969KB/s, mint=60001msec, maxt=60001msec

Disk stats (read/write):
  sdb: ios=2873710/0, merge=0/0, ticks=526336/0, in_queue=526372, util=100.00%
