randread-256k: (g=0): rw=randread, bs=256K-256K/256K-256K/256K-256K, ioengine=libaio, iodepth=10
fio-2.1.3
Starting 1 process

randread-256k: (groupid=0, jobs=1): err= 0: pid=3897: Wed Apr  8 14:28:56 2015
  read : io=90669MB, bw=1510.4MB/s, iops=6041, runt= 60031msec
    slat (usec): min=10, max=752, avg=34.78, stdev=18.90
    clat (usec): min=259, max=206779, avg=1616.74, stdev=10578.31
     lat (usec): min=343, max=206801, avg=1652.42, stdev=10577.93
    clat percentiles (usec):
     |  1.00th=[  516],  5.00th=[  644], 10.00th=[  716], 20.00th=[  812],
     | 30.00th=[  884], 40.00th=[  956], 50.00th=[ 1020], 60.00th=[ 1096],
     | 70.00th=[ 1176], 80.00th=[ 1272], 90.00th=[ 1400], 95.00th=[ 1512],
     | 99.00th=[ 1736], 99.50th=[ 1928], 99.90th=[197632], 99.95th=[199680],
     | 99.99th=[203776]
    bw (MB  /s): min= 1327, max= 1481, per=93.36%, avg=1410.06, stdev=29.73
    lat (usec) : 500=0.76%, 750=12.53%, 1000=33.52%
    lat (msec) : 2=52.74%, 4=0.14%, 10=0.01%, 250=0.30%
  cpu          : usr=1.07%, sys=24.30%, ctx=224330, majf=0, minf=1124
  IO depths    : 1=0.1%, 2=0.1%, 4=0.1%, 8=99.8%, 16=0.0%, 32=0.0%, >=64=0.0%
     submit    : 0=0.0%, 4=100.0%, 8=0.0%, 16=0.0%, 32=0.0%, 64=0.0%, >=64=0.0%
     complete  : 0=0.0%, 4=100.0%, 8=0.0%, 16=0.1%, 32=0.0%, 64=0.0%, >=64=0.0%
     issued    : total=r=362674/w=0/d=0, short=r=0/w=0/d=0

Run status group 0 (all jobs):
   READ: io=90669MB, aggrb=1510.4MB/s, minb=1510.4MB/s, maxb=1510.4MB/s, mint=60031msec, maxt=60031msec

Disk stats (read/write):
  sdb: ios=724663/0, merge=0/0, ticks=1094860/0, in_queue=1094724, util=99.98%
