randread-1k: (g=0): rw=randread, bs=1K-4K/1K-4K/1K-4K, ioengine=libaio, iodepth=10
seqread: (g=0): rw=read, bs=1M-1M/1M-1M/1M-1M, ioengine=libaio, iodepth=10
seqwrite: (g=0): rw=write, bs=1M-1M/1M-1M/1M-1M, ioengine=libaio, iodepth=10
fio-2.1.4
Starting 3 processes

randread-1k: (groupid=0, jobs=1): err= 0: pid=4883: Sat Mar 15 07:35:56 2014
  read : io=1664.9MB, bw=28412KB/s, iops=13388, runt= 60001msec
    slat (usec): min=0, max=46445, avg=70.22, stdev=260.29
    clat (usec): min=2, max=301404, avg=647.71, stdev=1505.92
     lat (usec): min=3, max=301422, avg=718.12, stdev=1649.08
    clat percentiles (usec):
     |  1.00th=[   21],  5.00th=[   23], 10.00th=[   25], 20.00th=[  187],
     | 30.00th=[  221], 40.00th=[  374], 50.00th=[  532], 60.00th=[  700],
     | 70.00th=[  876], 80.00th=[ 1080], 90.00th=[ 1368], 95.00th=[ 1512],
     | 99.00th=[ 1864], 99.50th=[ 2576], 99.90th=[ 3600], 99.95th=[ 4448],
     | 99.99th=[39680]
    bw (KB  /s): min=    0, max=131842, per=58.12%, avg=28453.06, stdev=21846.52
    lat (usec) : 4=0.01%, 10=0.01%, 20=0.14%, 50=13.74%, 100=0.03%
    lat (usec) : 250=16.52%, 500=14.58%, 750=20.03%, 1000=9.41%
    lat (msec) : 2=24.67%, 4=0.81%, 10=0.05%, 20=0.01%, 50=0.01%
    lat (msec) : 100=0.01%, 250=0.01%, 500=0.01%
  cpu          : usr=0.97%, sys=11.79%, ctx=313569, majf=0, minf=39
  IO depths    : 1=0.1%, 2=0.1%, 4=0.1%, 8=100.0%, 16=0.0%, 32=0.0%, >=64=0.0%
     submit    : 0=0.0%, 4=100.0%, 8=0.0%, 16=0.0%, 32=0.0%, 64=0.0%, >=64=0.0%
     complete  : 0=0.0%, 4=100.0%, 8=0.0%, 16=0.1%, 32=0.0%, 64=0.0%, >=64=0.0%
     issued    : total=r=803312/w=0/d=0, short=r=0/w=0/d=0
seqread: (groupid=0, jobs=1): err= 0: pid=4884: Sat Mar 15 07:35:56 2014
  read : io=1204.0MB, bw=20546KB/s, iops=20, runt= 60006msec
    slat (usec): min=207, max=125046, avg=2139.35, stdev=6327.26
    clat (usec): min=2, max=443939, avg=3067.42, stdev=29405.03
     lat (usec): min=248, max=519058, avg=5210.15, stdev=33004.57
    clat percentiles (usec):
     |  1.00th=[    2],  5.00th=[    3], 10.00th=[    3], 20.00th=[    3],
     | 30.00th=[    3], 40.00th=[    3], 50.00th=[    3], 60.00th=[    3],
     | 70.00th=[    4], 80.00th=[    4], 90.00th=[    7], 95.00th=[ 5216],
     | 99.00th=[23936], 99.50th=[193536], 99.90th=[440320], 99.95th=[444416],
     | 99.99th=[444416]
    bw (KB  /s): min= 1367, max=52825, per=42.30%, avg=20706.78, stdev=5515.38
    lat (usec) : 4=64.87%, 10=28.16%, 20=0.66%, 50=0.83%, 100=0.08%
    lat (msec) : 4=0.25%, 10=0.58%, 20=1.25%, 50=2.66%, 100=0.08%
    lat (msec) : 250=0.08%, 500=0.50%
  cpu          : usr=0.03%, sys=2.22%, ctx=12619, majf=0, minf=544
  IO depths    : 1=94.6%, 2=0.5%, 4=1.0%, 8=3.9%, 16=0.0%, 32=0.0%, >=64=0.0%
     submit    : 0=0.0%, 4=100.0%, 8=0.0%, 16=0.0%, 32=0.0%, 64=0.0%, >=64=0.0%
     complete  : 0=0.0%, 4=100.0%, 8=0.0%, 16=0.0%, 32=0.0%, 64=0.0%, >=64=0.0%
     issued    : total=r=1204/w=0/d=0, short=r=0/w=0/d=0
seqwrite: (groupid=0, jobs=1): err= 0: pid=4885: Sat Mar 15 07:35:56 2014
  write: io=1204.0MB, bw=20547KB/s, iops=20, runt= 60004msec
    slat (usec): min=559, max=727028, avg=1810.48, stdev=21852.74
    clat (usec): min=1, max=444068, avg=2899.89, stdev=29355.96
     lat (usec): min=561, max=727074, avg=4711.01, stdev=39046.00
    clat percentiles (usec):
     |  1.00th=[    1],  5.00th=[    2], 10.00th=[    2], 20.00th=[    2],
     | 30.00th=[    2], 40.00th=[    2], 50.00th=[    2], 60.00th=[    3],
     | 70.00th=[    3], 80.00th=[    3], 90.00th=[    4], 95.00th=[ 5856],
     | 99.00th=[22912], 99.50th=[193536], 99.90th=[444416], 99.95th=[444416],
     | 99.99th=[444416]
    bw (KB  /s): min= 1374, max=52616, per=100.00%, avg=20955.83, stdev=6256.07
    lat (usec) : 2=2.82%, 4=86.88%, 10=2.57%, 20=0.17%, 50=0.25%
    lat (usec) : 750=0.17%
    lat (msec) : 2=0.33%, 4=0.66%, 10=3.16%, 20=0.91%, 50=1.41%
    lat (msec) : 100=0.08%, 250=0.08%, 500=0.50%
  cpu          : usr=1.24%, sys=1.07%, ctx=10174, majf=0, minf=29
  IO depths    : 1=92.7%, 2=0.7%, 4=1.3%, 8=5.3%, 16=0.0%, 32=0.0%, >=64=0.0%
     submit    : 0=0.0%, 4=100.0%, 8=0.0%, 16=0.0%, 32=0.0%, 64=0.0%, >=64=0.0%
     complete  : 0=0.0%, 4=100.0%, 8=0.0%, 16=0.0%, 32=0.0%, 64=0.0%, >=64=0.0%
     issued    : total=r=0/w=1204/d=0, short=r=0/w=0/d=0

Run status group 0 (all jobs):
   READ: io=2868.9MB, aggrb=48956KB/s, minb=20546KB/s, maxb=28412KB/s, mint=60001msec, maxt=60006msec
  WRITE: io=1204.0MB, aggrb=20546KB/s, minb=20546KB/s, maxb=20546KB/s, mint=60004msec, maxt=60004msec

Disk stats (read/write):
  xvdc: ios=350845/29701, merge=2/295006, ticks=92953/423074, in_queue=516005, util=95.84%
