randread-1k: (g=0): rw=randread, bs=8K-16K/8K-16K/8K-16K, ioengine=libaio, iodepth=10
seqread: (g=0): rw=read, bs=1M-1M/1M-1M/1M-1M, ioengine=libaio, iodepth=10
seqwrite: (g=0): rw=write, bs=1M-1M/1M-1M/1M-1M, ioengine=libaio, iodepth=10
fio-2.1.4
Starting 3 processes

randread-1k: (groupid=0, jobs=1): err= 0: pid=4948: Sat Mar 15 07:41:00 2014
  read : io=3401.8MB, bw=58055KB/s, iops=5347, runt= 60001msec
    slat (usec): min=2, max=12402, avg=176.18, stdev=88.15
    clat (usec): min=3, max=15413, avg=1609.82, stdev=328.77
     lat (usec): min=37, max=15626, avg=1786.34, stdev=351.39
    clat percentiles (usec):
     |  1.00th=[  948],  5.00th=[ 1176], 10.00th=[ 1304], 20.00th=[ 1416],
     | 30.00th=[ 1512], 40.00th=[ 1560], 50.00th=[ 1624], 60.00th=[ 1688],
     | 70.00th=[ 1736], 80.00th=[ 1768], 90.00th=[ 1816], 95.00th=[ 1864],
     | 99.00th=[ 2672], 99.50th=[ 3280], 99.90th=[ 4320], 99.95th=[ 5728],
     | 99.99th=[ 9920]
    bw (KB  /s): min=    7, max=66656, per=85.90%, avg=58691.17, stdev=11315.02
    lat (usec) : 4=0.01%, 50=0.01%, 250=0.02%, 500=0.08%, 750=0.17%
    lat (usec) : 1000=1.39%
    lat (msec) : 2=96.03%, 4=2.16%, 10=0.13%, 20=0.01%
  cpu          : usr=0.16%, sys=10.49%, ctx=295332, majf=0, minf=71
  IO depths    : 1=0.1%, 2=0.1%, 4=0.1%, 8=100.0%, 16=0.0%, 32=0.0%, >=64=0.0%
     submit    : 0=0.0%, 4=100.0%, 8=0.0%, 16=0.0%, 32=0.0%, 64=0.0%, >=64=0.0%
     complete  : 0=0.0%, 4=100.0%, 8=0.0%, 16=0.1%, 32=0.0%, 64=0.0%, >=64=0.0%
     issued    : total=r=320872/w=0/d=0, short=r=0/w=0/d=0
seqread: (groupid=0, jobs=1): err= 0: pid=4949: Sat Mar 15 07:41:00 2014
  read : io=616448KB, bw=10274KB/s, iops=10, runt= 60003msec
    slat (usec): min=260, max=6520, avg=1495.15, stdev=678.62
    clat (usec): min=2, max=24917, avg=597.98, stdev=3528.28
     lat (usec): min=266, max=27349, avg=2095.83, stdev=3768.46
    clat percentiles (usec):
     |  1.00th=[    2],  5.00th=[    2], 10.00th=[    2], 20.00th=[    3],
     | 30.00th=[    3], 40.00th=[    3], 50.00th=[    3], 60.00th=[    3],
     | 70.00th=[    3], 80.00th=[    4], 90.00th=[    4], 95.00th=[    9],
     | 99.00th=[23168], 99.50th=[24192], 99.90th=[24960], 99.95th=[24960],
     | 99.99th=[24960]
    bw (KB  /s): min=  970, max=22683, per=15.04%, avg=10277.90, stdev=1521.17
    lat (usec) : 4=79.57%, 10=15.78%, 20=0.17%, 50=1.33%
    lat (msec) : 4=0.17%, 10=0.33%, 20=0.66%, 50=1.99%
  cpu          : usr=0.00%, sys=0.99%, ctx=5397, majf=0, minf=543
  IO depths    : 1=96.8%, 2=0.3%, 4=0.7%, 8=2.2%, 16=0.0%, 32=0.0%, >=64=0.0%
     submit    : 0=0.0%, 4=100.0%, 8=0.0%, 16=0.0%, 32=0.0%, 64=0.0%, >=64=0.0%
     complete  : 0=0.0%, 4=100.0%, 8=0.0%, 16=0.0%, 32=0.0%, 64=0.0%, >=64=0.0%
     issued    : total=r=602/w=0/d=0, short=r=0/w=0/d=0
seqwrite: (groupid=0, jobs=1): err= 0: pid=4950: Sat Mar 15 07:41:00 2014
  write: io=616448KB, bw=10274KB/s, iops=10, runt= 60002msec
    slat (usec): min=545, max=3711, avg=748.95, stdev=384.09
    clat (usec): min=1, max=24860, avg=595.54, stdev=3518.40
     lat (usec): min=548, max=27293, avg=1345.24, stdev=3834.07
    clat percentiles (usec):
     |  1.00th=[    2],  5.00th=[    2], 10.00th=[    2], 20.00th=[    2],
     | 30.00th=[    2], 40.00th=[    2], 50.00th=[    3], 60.00th=[    3],
     | 70.00th=[    3], 80.00th=[    3], 90.00th=[    3], 95.00th=[    3],
     | 99.00th=[22912], 99.50th=[24192], 99.90th=[24960], 99.95th=[24960],
     | 99.99th=[24960]
    bw (KB  /s): min=  975, max=22635, per=100.00%, avg=10277.84, stdev=1517.03
    lat (usec) : 2=0.17%, 4=95.35%, 10=1.00%, 20=0.17%, 50=0.17%
    lat (msec) : 4=0.17%, 10=0.33%, 20=0.66%, 50=1.99%
  cpu          : usr=0.80%, sys=0.24%, ctx=5098, majf=0, minf=28
  IO depths    : 1=96.8%, 2=0.3%, 4=0.7%, 8=2.2%, 16=0.0%, 32=0.0%, >=64=0.0%
     submit    : 0=0.0%, 4=100.0%, 8=0.0%, 16=0.0%, 32=0.0%, 64=0.0%, >=64=0.0%
     complete  : 0=0.0%, 4=100.0%, 8=0.0%, 16=0.0%, 32=0.0%, 64=0.0%, >=64=0.0%
     issued    : total=r=0/w=602/d=0, short=r=0/w=0/d=0

Run status group 0 (all jobs):
   READ: io=4003.8MB, aggrb=68327KB/s, minb=10273KB/s, maxb=58055KB/s, mint=60001msec, maxt=60003msec
  WRITE: io=616448KB, aggrb=10273KB/s, minb=10273KB/s, maxb=10273KB/s, mint=60002msec, maxt=60002msec

Disk stats (read/write):
  xvdc: ios=301450/22183, merge=0/219517, ticks=63567/313584, in_queue=377146, util=96.41%
