randread-1k: (g=0): rw=randread, bs=1K-1K/1K-1K/1K-1K, ioengine=libaio, iodepth=10
seqread: (g=0): rw=read, bs=1M-1M/1M-1M/1M-1M, ioengine=libaio, iodepth=10
seqwrite: (g=0): rw=write, bs=1M-1M/1M-1M/1M-1M, ioengine=libaio, iodepth=10
fio-2.1.4
Starting 3 processes

randread-1k: (groupid=0, jobs=1): err= 0: pid=4862: Sat Mar 15 07:33:55 2014
  read : io=7962.1MB, bw=135899KB/s, iops=135898, runt= 60001msec
    slat (usec): min=0, max=45103, avg= 6.25, stdev=196.56
    clat (usec): min=1, max=293174, avg=65.18, stdev=944.92
     lat (usec): min=2, max=296514, avg=71.52, stdev=1042.51
    clat percentiles (usec):
     |  1.00th=[   17],  5.00th=[   18], 10.00th=[   18], 20.00th=[   18],
     | 30.00th=[   19], 40.00th=[   19], 50.00th=[   19], 60.00th=[   20],
     | 70.00th=[   21], 80.00th=[   30], 90.00th=[   38], 95.00th=[   42],
     | 99.00th=[ 1240], 99.50th=[ 2640], 99.90th=[ 5152], 99.95th=[ 5728],
     | 99.99th=[ 7968]
    bw (KB  /s): min=   72, max=492174, per=37.66%, avg=128496.63, stdev=178046.41
    lat (usec) : 2=0.01%, 4=0.01%, 10=0.01%, 20=52.69%, 50=43.50%
    lat (usec) : 100=1.93%, 250=0.06%, 500=0.23%, 750=0.24%, 1000=0.21%
    lat (msec) : 2=0.45%, 4=0.44%, 10=0.23%, 20=0.01%, 50=0.01%
    lat (msec) : 100=0.01%, 250=0.01%, 500=0.01%
  cpu          : usr=12.89%, sys=26.19%, ctx=53524, majf=0, minf=33
  IO depths    : 1=0.1%, 2=0.1%, 4=0.1%, 8=100.0%, 16=0.0%, 32=0.0%, >=64=0.0%
     submit    : 0=0.0%, 4=100.0%, 8=0.0%, 16=0.0%, 32=0.0%, 64=0.0%, >=64=0.0%
     complete  : 0=0.0%, 4=100.0%, 8=0.0%, 16=0.1%, 32=0.0%, 64=0.0%, >=64=0.0%
     issued    : total=r=8154074/w=0/d=0, short=r=0/w=0/d=0
seqread: (groupid=0, jobs=1): err= 0: pid=4863: Sat Mar 15 07:33:55 2014
  read : io=12030MB, bw=205309KB/s, iops=200, runt= 60001msec
    slat (usec): min=181, max=17411, avg=2630.55, stdev=591.89
    clat (usec): min=2, max=41687, avg=23607.40, stdev=3839.87
     lat (usec): min=192, max=44902, avg=26241.02, stdev=4186.44
    clat percentiles (usec):
     |  1.00th=[ 2608],  5.00th=[21632], 10.00th=[23168], 20.00th=[23424],
     | 30.00th=[23424], 40.00th=[23680], 50.00th=[23680], 60.00th=[23936],
     | 70.00th=[23936], 80.00th=[24192], 90.00th=[25216], 95.00th=[27264],
     | 99.00th=[35584], 99.50th=[37120], 99.90th=[39680], 99.95th=[40192],
     | 99.99th=[41216]
    bw (KB  /s): min=  380, max=606208, per=95.24%, avg=324968.51, stdev=146915.18
    lat (usec) : 4=0.04%, 10=0.06%, 250=0.02%, 500=0.02%, 750=0.02%
    lat (usec) : 1000=0.02%
    lat (msec) : 2=0.06%, 4=1.63%, 10=0.29%, 20=1.59%, 50=96.25%
  cpu          : usr=0.12%, sys=29.77%, ctx=305865, majf=0, minf=545
  IO depths    : 1=0.1%, 2=0.2%, 4=0.4%, 8=99.3%, 16=0.0%, 32=0.0%, >=64=0.0%
     submit    : 0=0.0%, 4=100.0%, 8=0.0%, 16=0.0%, 32=0.0%, 64=0.0%, >=64=0.0%
     complete  : 0=0.0%, 4=99.9%, 8=0.0%, 16=0.1%, 32=0.0%, 64=0.0%, >=64=0.0%
     issued    : total=r=12030/w=0/d=0, short=r=0/w=0/d=0
seqwrite: (groupid=0, jobs=1): err= 0: pid=4864: Sat Mar 15 07:33:55 2014
  write: io=12031MB, bw=205339KB/s, iops=200, runt= 59997msec
    slat (usec): min=542, max=17447, avg=2612.25, stdev=556.29
    clat (usec): min=3, max=41708, avg=23484.12, stdev=3790.04
     lat (usec): min=892, max=44870, avg=26099.56, stdev=4138.01
    clat percentiles (usec):
     |  1.00th=[ 6560],  5.00th=[20352], 10.00th=[23168], 20.00th=[23424],
     | 30.00th=[23424], 40.00th=[23680], 50.00th=[23680], 60.00th=[23936],
     | 70.00th=[23936], 80.00th=[24192], 90.00th=[24960], 95.00th=[27264],
     | 99.00th=[35072], 99.50th=[37120], 99.90th=[39680], 99.95th=[40192],
     | 99.99th=[41216]
    bw (KB  /s): min=  374, max=564119, per=100.00%, avg=326151.00, stdev=146325.63
    lat (usec) : 4=0.07%, 10=0.03%, 1000=0.03%
    lat (msec) : 2=0.02%, 4=0.07%, 10=2.78%, 20=1.85%, 50=95.14%
  cpu          : usr=7.89%, sys=27.03%, ctx=234086, majf=0, minf=29
  IO depths    : 1=0.1%, 2=0.2%, 4=0.4%, 8=99.3%, 16=0.0%, 32=0.0%, >=64=0.0%
     submit    : 0=0.0%, 4=100.0%, 8=0.0%, 16=0.0%, 32=0.0%, 64=0.0%, >=64=0.0%
     complete  : 0=0.0%, 4=99.9%, 8=0.0%, 16=0.1%, 32=0.0%, 64=0.0%, >=64=0.0%
     issued    : total=r=0/w=12031/d=0, short=r=0/w=0/d=0

Run status group 0 (all jobs):
   READ: io=19993MB, aggrb=341207KB/s, minb=135898KB/s, maxb=205308KB/s, mint=60001msec, maxt=60001msec
  WRITE: io=12031MB, aggrb=205339KB/s, minb=205339KB/s, maxb=205339KB/s, mint=59997msec, maxt=59997msec

Disk stats (read/write):
  xvdc: ios=358113/268970, merge=0/2614647, ticks=331281/3768590, in_queue=4099658, util=99.05%
