randread-1k: (g=0): rw=randread, bs=8K-16K/8K-16K/8K-16K, ioengine=libaio, iodepth=10
seqread: (g=0): rw=read, bs=1M-1M/1M-1M/1M-1M, ioengine=libaio, iodepth=10
seqwrite: (g=0): rw=write, bs=1M-1M/1M-1M/1M-1M, ioengine=libaio, iodepth=10
fio-2.1.4
Starting 3 processes

randread-1k: (groupid=0, jobs=1): err= 0: pid=4961: Sat Mar 15 07:42:01 2014
  read : io=3621.6MB, bw=61806KB/s, iops=5691, runt= 60001msec
    slat (usec): min=1, max=44976, avg=165.69, stdev=241.97
    clat (usec): min=2, max=334781, avg=1514.46, stdev=1648.28
     lat (usec): min=4, max=377830, avg=1680.47, stdev=1790.72
    clat percentiles (usec):
     |  1.00th=[  708],  5.00th=[  956], 10.00th=[ 1112], 20.00th=[ 1240],
     | 30.00th=[ 1352], 40.00th=[ 1432], 50.00th=[ 1528], 60.00th=[ 1576],
     | 70.00th=[ 1672], 80.00th=[ 1736], 90.00th=[ 1816], 95.00th=[ 1880],
     | 99.00th=[ 2928], 99.50th=[ 3408], 99.90th=[ 3984], 99.95th=[ 5152],
     | 99.99th=[21888]
    bw (KB  /s): min=    8, max=74384, per=75.90%, avg=62497.85, stdev=12049.12
    lat (usec) : 4=0.01%, 10=0.01%, 20=0.01%, 50=0.12%, 100=0.01%
    lat (usec) : 250=0.05%, 500=0.18%, 750=0.92%, 1000=5.79%
    lat (msec) : 2=89.94%, 4=2.90%, 10=0.09%, 50=0.01%, 100=0.01%
    lat (msec) : 250=0.01%, 500=0.01%
  cpu          : usr=0.20%, sys=10.53%, ctx=285859, majf=0, minf=70
  IO depths    : 1=0.1%, 2=0.1%, 4=0.1%, 8=100.0%, 16=0.0%, 32=0.0%, >=64=0.0%
     submit    : 0=0.0%, 4=100.0%, 8=0.0%, 16=0.0%, 32=0.0%, 64=0.0%, >=64=0.0%
     complete  : 0=0.0%, 4=100.0%, 8=0.0%, 16=0.1%, 32=0.0%, 64=0.0%, >=64=0.0%
     issued    : total=r=341516/w=0/d=0, short=r=0/w=0/d=0
seqread: (groupid=0, jobs=1): err= 0: pid=4962: Sat Mar 15 07:42:01 2014
  read : io=1204.0MB, bw=20546KB/s, iops=20, runt= 60008msec
    slat (usec): min=232, max=85306, avg=1817.80, stdev=4348.50
    clat (usec): min=2, max=206941, avg=739.61, stdev=7571.39
     lat (usec): min=237, max=282555, avg=2560.29, stdev=11214.73
    clat percentiles (usec):
     |  1.00th=[    2],  5.00th=[    2], 10.00th=[    2], 20.00th=[    2],
     | 30.00th=[    2], 40.00th=[    3], 50.00th=[    3], 60.00th=[    3],
     | 70.00th=[    3], 80.00th=[    3], 90.00th=[    4], 95.00th=[    8],
     | 99.00th=[21376], 99.50th=[24448], 99.90th=[125440], 99.95th=[207872],
     | 99.99th=[207872]
    bw (KB  /s): min=11221, max=33541, per=25.00%, avg=20582.99, stdev=1570.30
    lat (usec) : 4=83.72%, 10=11.96%, 20=0.58%, 50=0.58%
    lat (msec) : 2=0.08%, 4=0.17%, 10=0.66%, 20=1.16%, 50=0.91%
    lat (msec) : 250=0.17%
  cpu          : usr=0.01%, sys=1.35%, ctx=10490, majf=0, minf=544
  IO depths    : 1=96.8%, 2=0.5%, 4=1.0%, 8=1.7%, 16=0.0%, 32=0.0%, >=64=0.0%
     submit    : 0=0.0%, 4=100.0%, 8=0.0%, 16=0.0%, 32=0.0%, 64=0.0%, >=64=0.0%
     complete  : 0=0.0%, 4=100.0%, 8=0.0%, 16=0.0%, 32=0.0%, 64=0.0%, >=64=0.0%
     issued    : total=r=1204/w=0/d=0, short=r=0/w=0/d=0
seqwrite: (groupid=0, jobs=1): err= 0: pid=4963: Sat Mar 15 07:42:01 2014
  write: io=1204.0MB, bw=20547KB/s, iops=20, runt= 60004msec
    slat (usec): min=557, max=573497, avg=1495.40, stdev=17040.49
    clat (usec): min=1, max=125016, avg=631.89, stdev=4668.20
     lat (usec): min=560, max=573505, avg=2128.24, stdev=18315.28
    clat percentiles (usec):
     |  1.00th=[    1],  5.00th=[    2], 10.00th=[    2], 20.00th=[    2],
     | 30.00th=[    2], 40.00th=[    2], 50.00th=[    2], 60.00th=[    2],
     | 70.00th=[    3], 80.00th=[    3], 90.00th=[    3], 95.00th=[    9],
     | 99.00th=[18816], 99.50th=[23424], 99.90th=[41216], 99.95th=[125440],
     | 99.99th=[125440]
    bw (KB  /s): min= 6228, max=42747, per=100.00%, avg=20625.48, stdev=2551.53
    lat (usec) : 2=1.16%, 4=93.19%, 10=0.66%, 20=0.33%, 750=0.08%
    lat (msec) : 2=0.17%, 4=0.50%, 10=1.74%, 20=1.25%, 50=0.83%
    lat (msec) : 250=0.08%
  cpu          : usr=0.41%, sys=1.19%, ctx=3166, majf=0, minf=28
  IO depths    : 1=95.3%, 2=0.7%, 4=1.3%, 8=2.7%, 16=0.0%, 32=0.0%, >=64=0.0%
     submit    : 0=0.0%, 4=100.0%, 8=0.0%, 16=0.0%, 32=0.0%, 64=0.0%, >=64=0.0%
     complete  : 0=0.0%, 4=100.0%, 8=0.0%, 16=0.0%, 32=0.0%, 64=0.0%, >=64=0.0%
     issued    : total=r=0/w=1204/d=0, short=r=0/w=0/d=0

Run status group 0 (all jobs):
   READ: io=4825.6MB, aggrb=82344KB/s, minb=20545KB/s, maxb=61805KB/s, mint=60001msec, maxt=60008msec
  WRITE: io=1204.0MB, aggrb=20546KB/s, minb=20546KB/s, maxb=20546KB/s, mint=60004msec, maxt=60004msec

Disk stats (read/write):
  xvdc: ios=308406/25396, merge=0/251888, ticks=76165/361028, in_queue=437182, util=96.24%
