randread-1k: (g=0): rw=randread, bs=1K-4K/1K-4K/1K-4K, ioengine=libaio, iodepth=10
seqread: (g=0): rw=read, bs=1M-1M/1M-1M/1M-1M, ioengine=libaio, iodepth=10
seqwrite: (g=0): rw=write, bs=1M-1M/1M-1M/1M-1M, ioengine=libaio, iodepth=10
fio-2.1.4
Starting 3 processes

randread-1k: (groupid=0, jobs=1): err= 0: pid=4873: Sat Mar 15 07:34:55 2014
  read : io=1613.8MB, bw=27541KB/s, iops=12952, runt= 60001msec
    slat (usec): min=0, max=43627, avg=71.66, stdev=122.84
    clat (usec): min=2, max=74432, avg=660.90, stdev=569.94
     lat (usec): min=3, max=74606, avg=732.75, stdev=618.55
    clat percentiles (usec):
     |  1.00th=[   22],  5.00th=[   24], 10.00th=[   28], 20.00th=[  201],
     | 30.00th=[  354], 40.00th=[  394], 50.00th=[  548], 60.00th=[  708],
     | 70.00th=[  876], 80.00th=[ 1064], 90.00th=[ 1352], 95.00th=[ 1512],
     | 99.00th=[ 2064], 99.50th=[ 2768], 99.90th=[ 4048], 99.95th=[ 4960],
     | 99.99th=[ 6752]
    bw (KB  /s): min=    0, max=115296, per=74.69%, avg=28243.26, stdev=18748.58
    lat (usec) : 4=0.01%, 10=0.01%, 20=0.04%, 50=11.07%, 100=0.03%
    lat (usec) : 250=15.03%, 500=14.93%, 750=22.91%, 1000=10.62%
    lat (msec) : 2=24.31%, 4=0.96%, 10=0.10%, 20=0.01%, 50=0.01%
    lat (msec) : 100=0.01%
  cpu          : usr=1.16%, sys=11.22%, ctx=317908, majf=0, minf=39
  IO depths    : 1=0.1%, 2=0.1%, 4=0.1%, 8=100.0%, 16=0.0%, 32=0.0%, >=64=0.0%
     submit    : 0=0.0%, 4=100.0%, 8=0.0%, 16=0.0%, 32=0.0%, 64=0.0%, >=64=0.0%
     complete  : 0=0.0%, 4=100.0%, 8=0.0%, 16=0.1%, 32=0.0%, 64=0.0%, >=64=0.0%
     issued    : total=r=777185/w=0/d=0, short=r=0/w=0/d=0
seqread: (groupid=0, jobs=1): err= 0: pid=4874: Sat Mar 15 07:34:55 2014
  read : io=616448KB, bw=10274KB/s, iops=10, runt= 60002msec
    slat (usec): min=242, max=59670, avg=1725.28, stdev=2467.58
    clat (usec): min=1, max=26639, avg=1006.29, stdev=4673.03
     lat (usec): min=247, max=59679, avg=2735.11, stdev=5455.87
    clat percentiles (usec):
     |  1.00th=[    2],  5.00th=[    2], 10.00th=[    2], 20.00th=[    3],
     | 30.00th=[    3], 40.00th=[    3], 50.00th=[    3], 60.00th=[    3],
     | 70.00th=[    3], 80.00th=[    4], 90.00th=[    8], 95.00th=[   38],
     | 99.00th=[25472], 99.50th=[25728], 99.90th=[26752], 99.95th=[26752],
     | 99.99th=[26752]
    bw (KB  /s): min=  501, max=32963, per=27.44%, avg=10375.95, stdev=2460.14
    lat (usec) : 2=0.66%, 4=74.25%, 10=18.27%, 20=1.00%, 50=1.00%
    lat (msec) : 4=0.17%, 10=0.33%, 20=0.66%, 50=3.65%
  cpu          : usr=0.00%, sys=1.45%, ctx=6481, majf=0, minf=542
  IO depths    : 1=95.2%, 2=0.3%, 4=0.7%, 8=3.8%, 16=0.0%, 32=0.0%, >=64=0.0%
     submit    : 0=0.0%, 4=100.0%, 8=0.0%, 16=0.0%, 32=0.0%, 64=0.0%, >=64=0.0%
     complete  : 0=0.0%, 4=100.0%, 8=0.0%, 16=0.0%, 32=0.0%, 64=0.0%, >=64=0.0%
     issued    : total=r=602/w=0/d=0, short=r=0/w=0/d=0
seqwrite: (groupid=0, jobs=1): err= 0: pid=4875: Sat Mar 15 07:34:55 2014
  write: io=616448KB, bw=10274KB/s, iops=10, runt= 60002msec
    slat (usec): min=403, max=56947, avg=842.49, stdev=2342.43
    clat (usec): min=1, max=26600, avg=1004.79, stdev=4671.36
     lat (usec): min=405, max=56952, avg=1847.97, stdev=5561.23
    clat percentiles (usec):
     |  1.00th=[    1],  5.00th=[    1], 10.00th=[    2], 20.00th=[    2],
     | 30.00th=[    2], 40.00th=[    2], 50.00th=[    2], 60.00th=[    2],
     | 70.00th=[    2], 80.00th=[    3], 90.00th=[    3], 95.00th=[   24],
     | 99.00th=[25472], 99.50th=[25728], 99.90th=[26496], 99.95th=[26496],
     | 99.99th=[26496]
    bw (KB  /s): min=  502, max=32895, per=100.00%, avg=10375.49, stdev=2441.67
    lat (usec) : 2=7.48%, 4=84.39%, 10=2.82%, 20=0.17%, 50=0.33%
    lat (msec) : 4=0.17%, 10=0.33%, 20=0.66%, 50=3.65%
  cpu          : usr=0.07%, sys=1.24%, ctx=8799, majf=0, minf=27
  IO depths    : 1=95.2%, 2=0.3%, 4=0.7%, 8=3.8%, 16=0.0%, 32=0.0%, >=64=0.0%
     submit    : 0=0.0%, 4=100.0%, 8=0.0%, 16=0.0%, 32=0.0%, 64=0.0%, >=64=0.0%
     complete  : 0=0.0%, 4=100.0%, 8=0.0%, 16=0.0%, 32=0.0%, 64=0.0%, >=64=0.0%
     issued    : total=r=0/w=602/d=0, short=r=0/w=0/d=0

Run status group 0 (all jobs):
   READ: io=2215.8MB, aggrb=37814KB/s, minb=10273KB/s, maxb=27540KB/s, mint=60001msec, maxt=60002msec
  WRITE: io=616448KB, aggrb=10273KB/s, minb=10273KB/s, maxb=10273KB/s, mint=60002msec, maxt=60002msec

Disk stats (read/write):
  xvdc: ios=330260/26292, merge=0/261681, ticks=68140/380646, in_queue=448775, util=96.19%
