randread-1k: (g=0): rw=randread, bs=8K-16K/8K-16K/8K-16K, ioengine=libaio, iodepth=10
seqread: (g=0): rw=read, bs=1M-1M/1M-1M/1M-1M, ioengine=libaio, iodepth=10
seqwrite: (g=0): rw=write, bs=1M-1M/1M-1M/1M-1M, ioengine=libaio, iodepth=10
fio-2.1.4
Starting 3 processes

randread-1k: (groupid=0, jobs=1): err= 0: pid=4999: Sat Mar 15 07:46:06 2014
  read : io=12054MB, bw=205723KB/s, iops=19042, runt= 60001msec
    slat (usec): min=1, max=50870, avg=50.52, stdev=919.86
    clat (usec): min=1, max=214574, avg=468.44, stdev=4293.25
     lat (usec): min=3, max=214578, avg=519.11, stdev=4694.11
    clat percentiles (usec):
     |  1.00th=[   28],  5.00th=[   30], 10.00th=[   31], 20.00th=[   32],
     | 30.00th=[   34], 40.00th=[   36], 50.00th=[   39], 60.00th=[   50],
     | 70.00th=[   59], 80.00th=[   76], 90.00th=[  604], 95.00th=[ 1912],
     | 99.00th=[ 5280], 99.50th=[ 6240], 99.90th=[81408], 99.95th=[120320],
     | 99.99th=[162816]
    bw (KB  /s): min=  878, max=1627440, per=31.88%, avg=127342.70, stdev=334029.33
    lat (usec) : 2=0.01%, 4=0.01%, 10=0.01%, 20=0.01%, 50=59.32%
    lat (usec) : 100=27.01%, 250=1.78%, 500=1.27%, 750=1.48%, 1000=1.23%
    lat (msec) : 2=3.09%, 4=2.76%, 10=1.81%, 20=0.01%, 50=0.11%
    lat (msec) : 100=0.07%, 250=0.06%
  cpu          : usr=2.98%, sys=11.55%, ctx=49583, majf=0, minf=70
  IO depths    : 1=0.1%, 2=0.1%, 4=0.1%, 8=100.0%, 16=0.0%, 32=0.0%, >=64=0.0%
     submit    : 0=0.0%, 4=100.0%, 8=0.0%, 16=0.0%, 32=0.0%, 64=0.0%, >=64=0.0%
     complete  : 0=0.0%, 4=100.0%, 8=0.0%, 16=0.1%, 32=0.0%, 64=0.0%, >=64=0.0%
     issued    : total=r=1142599/w=0/d=0, short=r=0/w=0/d=0
seqread: (groupid=0, jobs=1): err= 0: pid=5000: Sat Mar 15 07:46:06 2014
  read : io=12289MB, bw=201659KB/s, iops=196, runt= 62402msec
    slat (usec): min=187, max=15143, avg=2469.98, stdev=810.80
    clat (usec): min=2, max=40596, avg=22256.39, stdev=5988.80
     lat (usec): min=204, max=44014, avg=24729.43, stdev=6601.27
    clat percentiles (usec):
     |  1.00th=[ 2448],  5.00th=[ 3344], 10.00th=[17024], 20.00th=[22912],
     | 30.00th=[23424], 40.00th=[23680], 50.00th=[23936], 60.00th=[23936],
     | 70.00th=[24192], 80.00th=[24448], 90.00th=[25216], 95.00th=[27008],
     | 99.00th=[30592], 99.50th=[34560], 99.90th=[38656], 99.95th=[39168],
     | 99.99th=[40192]
    bw (KB  /s): min=  339, max=756780, per=83.17%, avg=332226.30, stdev=173545.79
    lat (usec) : 4=0.05%, 10=0.06%, 250=0.02%, 500=0.02%, 750=0.02%
    lat (msec) : 2=0.02%, 4=6.88%, 10=0.69%, 20=3.60%, 50=88.65%
  cpu          : usr=0.20%, sys=28.44%, ctx=299493, majf=0, minf=544
  IO depths    : 1=0.1%, 2=0.2%, 4=0.4%, 8=99.3%, 16=0.0%, 32=0.0%, >=64=0.0%
     submit    : 0=0.0%, 4=100.0%, 8=0.0%, 16=0.0%, 32=0.0%, 64=0.0%, >=64=0.0%
     complete  : 0=0.0%, 4=99.9%, 8=0.0%, 16=0.1%, 32=0.0%, 64=0.0%, >=64=0.0%
     issued    : total=r=12289/w=0/d=0, short=r=0/w=0/d=0
seqwrite: (groupid=0, jobs=1): err= 0: pid=5001: Sat Mar 15 07:46:06 2014
  write: io=12289MB, bw=201514KB/s, iops=196, runt= 62447msec
    slat (usec): min=557, max=16013, avg=2498.06, stdev=694.17
    clat (usec): min=2, max=40548, avg=22496.05, stdev=5045.38
     lat (usec): min=870, max=44031, avg=24997.25, stdev=5548.23
    clat percentiles (usec):
     |  1.00th=[ 6944],  5.00th=[ 7904], 10.00th=[15552], 20.00th=[22912],
     | 30.00th=[23424], 40.00th=[23680], 50.00th=[23936], 60.00th=[23936],
     | 70.00th=[24192], 80.00th=[24448], 90.00th=[24960], 95.00th=[27008],
     | 99.00th=[30848], 99.50th=[34560], 99.90th=[38656], 99.95th=[39168],
     | 99.99th=[40192]
    bw (KB  /s): min=  343, max=673792, per=100.00%, avg=329665.30, stdev=164825.51
    lat (usec) : 4=0.05%, 10=0.06%, 1000=0.01%
    lat (msec) : 2=0.05%, 4=0.11%, 10=7.80%, 20=3.98%, 50=87.96%
  cpu          : usr=7.11%, sys=25.91%, ctx=235083, majf=0, minf=28
  IO depths    : 1=0.1%, 2=0.2%, 4=0.4%, 8=99.3%, 16=0.0%, 32=0.0%, >=64=0.0%
     submit    : 0=0.0%, 4=100.0%, 8=0.0%, 16=0.0%, 32=0.0%, 64=0.0%, >=64=0.0%
     complete  : 0=0.0%, 4=99.9%, 8=0.0%, 16=0.1%, 32=0.0%, 64=0.0%, >=64=0.0%
     issued    : total=r=0/w=12289/d=0, short=r=0/w=0/d=0

Run status group 0 (all jobs):
   READ: io=24343MB, aggrb=399466KB/s, minb=201659KB/s, maxb=205723KB/s, mint=60001msec, maxt=62402msec
  WRITE: io=12289MB, aggrb=201513KB/s, minb=201513KB/s, maxb=201513KB/s, mint=62447msec, maxt=62447msec

Disk stats (read/write):
  xvdc: ios=326952/310344, merge=0/2827645, ticks=318286/4121376, in_queue=4440462, util=98.48%
