randread-256: (g=0): rw=randread, bs=256-256/256-256/256-256, ioengine=libaio, iodepth=10
fio-2.1.4
Starting 1 process

randread-256: (groupid=0, jobs=1): err= 0: pid=5009: Sat Mar 15 07:47:07 2014
  read : io=1034.9MB, bw=17660KB/s, iops=70640, runt= 60001msec
    slat (usec): min=0, max=21331, avg=13.15, stdev=47.60
    clat (usec): min=1, max=22583, avg=127.39, stdev=306.66
     lat (usec): min=2, max=22761, avg=140.63, stdev=338.36
    clat percentiles (usec):
     |  1.00th=[   17],  5.00th=[   17], 10.00th=[   17], 20.00th=[   18],
     | 30.00th=[   18], 40.00th=[   18], 50.00th=[   18], 60.00th=[   18],
     | 70.00th=[   19], 80.00th=[   22], 90.00th=[  370], 95.00th=[  868],
     | 99.00th=[ 1512], 99.50th=[ 1544], 99.90th=[ 1608], 99.95th=[ 1688],
     | 99.99th=[ 2160]
    bw (KB  /s): min=  951, max=127835, per=96.46%, avg=17034.39, stdev=35312.30
    lat (usec) : 2=0.01%, 4=0.01%, 10=0.01%, 20=76.43%, 50=5.45%
    lat (usec) : 100=0.01%, 250=5.84%, 500=3.09%, 750=3.42%, 1000=1.39%
    lat (msec) : 2=4.37%, 4=0.01%, 10=0.01%, 20=0.01%, 50=0.01%
  cpu          : usr=8.03%, sys=13.64%, ctx=302754, majf=0, minf=28
  IO depths    : 1=0.1%, 2=0.1%, 4=0.1%, 8=100.0%, 16=0.0%, 32=0.0%, >=64=0.0%
     submit    : 0=0.0%, 4=100.0%, 8=0.0%, 16=0.0%, 32=0.0%, 64=0.0%, >=64=0.0%
     complete  : 0=0.0%, 4=100.0%, 8=0.0%, 16=0.1%, 32=0.0%, 64=0.0%, >=64=0.0%
     issued    : total=r=4238516/w=0/d=0, short=r=0/w=0/d=0

Run status group 0 (all jobs):
   READ: io=1034.9MB, aggrb=17660KB/s, minb=17660KB/s, maxb=17660KB/s, mint=60001msec, maxt=60001msec

Disk stats (read/write):
  xvdc: ios=302469/56, merge=0/202, ticks=50517/42, in_queue=50551, util=84.19%
