randread-256: (g=0): rw=randread, bs=256-256/256-256/256-256, ioengine=libaio, iodepth=10
fio-2.1.4
Starting 1 process

randread-256: (groupid=0, jobs=1): err= 0: pid=1941: Sat Mar 15 04:22:49 2014
  read : io=2676.8KB, bw=45669B/s, iops=178, runt= 60018msec
    slat (usec): min=4, max=169658, avg=5593.50, stdev=3757.73
    clat (usec): min=5, max=251661, avg=50360.00, stdev=13203.42
     lat (msec): min=21, max=272, avg=55.95, stdev=14.09
    clat percentiles (msec):
     |  1.00th=[   30],  5.00th=[   36], 10.00th=[   39], 20.00th=[   43],
     | 30.00th=[   45], 40.00th=[   48], 50.00th=[   50], 60.00th=[   52],
     | 70.00th=[   55], 80.00th=[   57], 90.00th=[   61], 95.00th=[   67],
     | 99.00th=[   96], 99.50th=[  114], 99.90th=[  235], 99.95th=[  241],
     | 99.99th=[  249]
    bw (KB  /s): min=   25, max=   54, per=100.00%, avg=44.12, stdev= 4.45
    lat (usec) : 10=0.01%
    lat (msec) : 20=0.01%, 50=53.45%, 100=45.69%, 250=0.83%, 500=0.01%
  cpu          : usr=0.03%, sys=0.55%, ctx=10526, majf=0, minf=26
  IO depths    : 1=0.1%, 2=0.1%, 4=0.1%, 8=99.9%, 16=0.0%, 32=0.0%, >=64=0.0%
     submit    : 0=0.0%, 4=100.0%, 8=0.0%, 16=0.0%, 32=0.0%, 64=0.0%, >=64=0.0%
     complete  : 0=0.0%, 4=100.0%, 8=0.0%, 16=0.1%, 32=0.0%, 64=0.0%, >=64=0.0%
     issued    : total=r=10707/w=0/d=0, short=r=0/w=0/d=0

Run status group 0 (all jobs):
   READ: io=2676KB, aggrb=44KB/s, minb=44KB/s, maxb=44KB/s, mint=60018msec, maxt=60018msec

Disk stats (read/write):
  xvdf: ios=10481/33, merge=0/227, ticks=59653/105, in_queue=59758, util=99.45%
