randread-1k: (g=0): rw=randread, bs=8K-16K/8K-16K/8K-16K, ioengine=libaio, iodepth=10
seqread: (g=0): rw=read, bs=1M-1M/1M-1M/1M-1M, ioengine=libaio, iodepth=10
seqwrite: (g=0): rw=write, bs=1M-1M/1M-1M/1M-1M, ioengine=libaio, iodepth=10
fio-2.1.3
Starting 3 processes

randread-1k: (groupid=0, jobs=1): err= 0: pid=4184: Wed Apr  8 14:57:52 2015
  read : io=402152KB, bw=6701.8KB/s, iops=585, runt= 60007msec
    slat (usec): min=2, max=129284, avg=609.54, stdev=6313.36
    clat (usec): min=240, max=138694, avg=16470.04, stdev=31625.05
     lat (usec): min=245, max=139383, avg=17080.72, stdev=32148.46
    clat percentiles (msec):
     |  1.00th=[    4],  5.00th=[    5], 10.00th=[    6], 20.00th=[    6],
     | 30.00th=[    7], 40.00th=[    7], 50.00th=[    8], 60.00th=[    8],
     | 70.00th=[    8], 80.00th=[    9], 90.00th=[   13], 95.00th=[  123],
     | 99.00th=[  129], 99.50th=[  131], 99.90th=[  135], 99.95th=[  135],
     | 99.99th=[  137]
    bw (KB  /s): min= 5007, max=14978, per=1.34%, avg=6728.66, stdev=1105.27
    lat (usec) : 250=0.01%, 500=0.26%, 750=0.03%
    lat (msec) : 2=0.05%, 4=1.32%, 10=84.61%, 20=5.73%, 50=0.01%
    lat (msec) : 100=0.08%, 250=7.92%
  cpu          : usr=0.22%, sys=2.45%, ctx=28908, majf=0, minf=667
  IO depths    : 1=0.1%, 2=0.1%, 4=0.1%, 8=100.0%, 16=0.0%, 32=0.0%, >=64=0.0%
     submit    : 0=0.0%, 4=100.0%, 8=0.0%, 16=0.0%, 32=0.0%, 64=0.0%, >=64=0.0%
     complete  : 0=0.0%, 4=100.0%, 8=0.0%, 16=0.1%, 32=0.0%, 64=0.0%, >=64=0.0%
     issued    : total=r=35124/w=0/d=0, short=r=0/w=0/d=0
seqread: (groupid=0, jobs=1): err= 0: pid=4185: Wed Apr  8 14:57:52 2015
  read : io=28933MB, bw=493716KB/s, iops=482, runt= 60009msec
    slat (usec): min=40, max=130043, avg=1299.83, stdev=10012.45
    clat (msec): min=1, max=138, avg=19.41, stdev=33.67
     lat (msec): min=1, max=139, avg=20.71, stdev=34.83
    clat percentiles (msec):
     |  1.00th=[    6],  5.00th=[    7], 10.00th=[    7], 20.00th=[    8],
     | 30.00th=[    8], 40.00th=[    9], 50.00th=[    9], 60.00th=[    9],
     | 70.00th=[   10], 80.00th=[   11], 90.00th=[   17], 95.00th=[  125],
     | 99.00th=[  131], 99.50th=[  133], 99.90th=[  135], 99.95th=[  137],
     | 99.99th=[  139]
    bw (KB  /s): min=369667, max=950419, per=96.22%, avg=481486.47, stdev=74508.76
    lat (msec) : 2=0.02%, 4=0.09%, 10=76.94%, 20=13.52%, 50=0.13%
    lat (msec) : 100=0.09%, 250=9.21%
  cpu          : usr=0.20%, sys=8.32%, ctx=26408, majf=0, minf=18466
  IO depths    : 1=0.1%, 2=0.2%, 4=0.4%, 8=99.3%, 16=0.0%, 32=0.0%, >=64=0.0%
     submit    : 0=0.0%, 4=100.0%, 8=0.0%, 16=0.0%, 32=0.0%, 64=0.0%, >=64=0.0%
     complete  : 0=0.0%, 4=99.9%, 8=0.0%, 16=0.1%, 32=0.0%, 64=0.0%, >=64=0.0%
     issued    : total=r=28933/w=0/d=0, short=r=0/w=0/d=0
seqwrite: (groupid=0, jobs=1): err= 0: pid=4186: Wed Apr  8 14:57:52 2015
  write: io=30828MB, bw=526079KB/s, iops=513, runt= 60006msec
    slat (usec): min=39, max=130220, avg=1232.47, stdev=8709.32
    clat (msec): min=1, max=138, avg=18.21, stdev=33.08
     lat (msec): min=1, max=138, avg=19.44, stdev=33.98
    clat percentiles (msec):
     |  1.00th=[    5],  5.00th=[    6], 10.00th=[    7], 20.00th=[    7],
     | 30.00th=[    8], 40.00th=[    8], 50.00th=[    8], 60.00th=[    9],
     | 70.00th=[    9], 80.00th=[   10], 90.00th=[   15], 95.00th=[  124],
     | 99.00th=[  130], 99.50th=[  131], 99.90th=[  135], 99.95th=[  137],
     | 99.99th=[  139]
    bw (KB  /s): min=402216, max=966656, per=97.26%, avg=511644.22, stdev=77624.18
    lat (msec) : 2=0.01%, 4=0.23%, 10=81.94%, 20=8.92%, 50=0.01%
    lat (msec) : 100=0.09%, 250=8.80%
  cpu          : usr=1.47%, sys=8.52%, ctx=30576, majf=0, minf=5289
  IO depths    : 1=0.1%, 2=0.2%, 4=0.4%, 8=99.3%, 16=0.0%, 32=0.0%, >=64=0.0%
     submit    : 0=0.0%, 4=100.0%, 8=0.0%, 16=0.0%, 32=0.0%, 64=0.0%, >=64=0.0%
     complete  : 0=0.0%, 4=99.9%, 8=0.0%, 16=0.1%, 32=0.0%, 64=0.0%, >=64=0.0%
     issued    : total=r=0/w=30828/d=0, short=r=0/w=0/d=0

Run status group 0 (all jobs):
   READ: io=29326MB, aggrb=500417KB/s, minb=6701KB/s, maxb=493715KB/s, mint=60007msec, maxt=60009msec
  WRITE: io=30828MB, aggrb=526078KB/s, minb=526078KB/s, maxb=526078KB/s, mint=60006msec, maxt=60006msec

Disk stats (read/write):
  sdb: ios=265546/245610, merge=0/11, ticks=4519532/3963784, in_queue=8483928, util=100.00%
