randread-1k: (g=0): rw=randread, bs=8K-16K/8K-16K/8K-16K, ioengine=libaio, iodepth=10
seqread: (g=0): rw=read, bs=1M-1M/1M-1M/1M-1M, ioengine=libaio, iodepth=10
seqwrite: (g=0): rw=write, bs=1M-1M/1M-1M/1M-1M, ioengine=libaio, iodepth=10
fio-2.1.3
Starting 3 processes

randread-1k: (groupid=0, jobs=1): err= 0: pid=4168: Wed Apr  8 14:55:51 2015
  read : io=24541MB, bw=418828KB/s, iops=38818, runt= 60001msec
    slat (usec): min=1, max=3864, avg= 4.27, stdev= 7.66
    clat (usec): min=31, max=8827, avg=251.15, stdev=172.13
     lat (usec): min=62, max=8830, avg=256.05, stdev=172.97
    clat percentiles (usec):
     |  1.00th=[  163],  5.00th=[  177], 10.00th=[  185], 20.00th=[  195],
     | 30.00th=[  205], 40.00th=[  213], 50.00th=[  223], 60.00th=[  233],
     | 70.00th=[  245], 80.00th=[  262], 90.00th=[  302], 95.00th=[  382],
     | 99.00th=[  668], 99.50th=[ 1544], 99.90th=[ 2448], 99.95th=[ 2704],
     | 99.99th=[ 4640]
    bw (KB  /s): min=380256, max=464464, per=84.47%, avg=423065.81, stdev=21424.95
    lat (usec) : 50=0.01%, 100=0.01%, 250=72.86%, 500=24.06%, 750=2.19%
    lat (usec) : 1000=0.13%
    lat (msec) : 2=0.51%, 4=0.23%, 10=0.01%
  cpu          : usr=4.61%, sys=29.23%, ctx=1149337, majf=0, minf=463
  IO depths    : 1=0.1%, 2=0.1%, 4=0.1%, 8=100.0%, 16=0.0%, 32=0.0%, >=64=0.0%
     submit    : 0=0.0%, 4=100.0%, 8=0.0%, 16=0.0%, 32=0.0%, 64=0.0%, >=64=0.0%
     complete  : 0=0.0%, 4=100.0%, 8=0.0%, 16=0.1%, 32=0.0%, 64=0.0%, >=64=0.0%
     issued    : total=r=2329130/w=0/d=0, short=r=0/w=0/d=0
seqread: (groupid=0, jobs=1): err= 0: pid=4169: Wed Apr  8 14:55:51 2015
  read : io=4809.0MB, bw=82065KB/s, iops=80, runt= 60006msec
    slat (usec): min=42, max=1452, avg=119.89, stdev=57.77
    clat (usec): min=474, max=8726, avg=821.45, stdev=424.96
     lat (usec): min=553, max=8823, avg=942.36, stdev=440.36
    clat percentiles (usec):
     |  1.00th=[  510],  5.00th=[  540], 10.00th=[  556], 20.00th=[  612],
     | 30.00th=[  732], 40.00th=[  756], 50.00th=[  772], 60.00th=[  780],
     | 70.00th=[  796], 80.00th=[  820], 90.00th=[  876], 95.00th=[ 1560],
     | 99.00th=[ 2448], 99.50th=[ 3824], 99.90th=[ 5472], 99.95th=[ 6368],
     | 99.99th=[ 8768]
    bw (KB  /s): min=81108, max=85673, per=16.40%, avg=82134.82, stdev=723.76
    lat (usec) : 500=0.46%, 750=36.62%, 1000=55.67%
    lat (msec) : 2=5.72%, 4=1.10%, 10=0.44%
  cpu          : usr=0.00%, sys=1.98%, ctx=9595, majf=0, minf=524
  IO depths    : 1=98.9%, 2=0.2%, 4=0.4%, 8=0.4%, 16=0.0%, 32=0.0%, >=64=0.0%
     submit    : 0=0.0%, 4=100.0%, 8=0.0%, 16=0.0%, 32=0.0%, 64=0.0%, >=64=0.0%
     complete  : 0=0.0%, 4=100.0%, 8=0.0%, 16=0.0%, 32=0.0%, 64=0.0%, >=64=0.0%
     issued    : total=r=4809/w=0/d=0, short=r=0/w=0/d=0
seqwrite: (groupid=0, jobs=1): err= 0: pid=4170: Wed Apr  8 14:55:51 2015
  write: io=4809.0MB, bw=82064KB/s, iops=80, runt= 60007msec
    slat (usec): min=42, max=1418, avg=94.72, stdev=48.21
    clat (usec): min=232, max=5378, avg=478.51, stdev=346.75
     lat (usec): min=425, max=5518, avg=574.21, stdev=358.74
    clat percentiles (usec):
     |  1.00th=[  370],  5.00th=[  386], 10.00th=[  394], 20.00th=[  406],
     | 30.00th=[  414], 40.00th=[  422], 50.00th=[  430], 60.00th=[  438],
     | 70.00th=[  450], 80.00th=[  462], 90.00th=[  494], 95.00th=[  556],
     | 99.00th=[ 1912], 99.50th=[ 3920], 99.90th=[ 4960], 99.95th=[ 5152],
     | 99.99th=[ 5408]
    bw (KB  /s): min=81269, max=85844, per=100.00%, avg=82129.52, stdev=780.49
    lat (usec) : 250=0.02%, 500=90.87%, 750=6.53%, 1000=1.10%
    lat (msec) : 2=0.50%, 4=0.54%, 10=0.44%
  cpu          : usr=0.85%, sys=1.27%, ctx=9665, majf=0, minf=443
  IO depths    : 1=98.9%, 2=0.2%, 4=0.4%, 8=0.4%, 16=0.0%, 32=0.0%, >=64=0.0%
     submit    : 0=0.0%, 4=100.0%, 8=0.0%, 16=0.0%, 32=0.0%, 64=0.0%, >=64=0.0%
     complete  : 0=0.0%, 4=100.0%, 8=0.0%, 16=0.0%, 32=0.0%, 64=0.0%, >=64=0.0%
     issued    : total=r=0/w=4809/d=0, short=r=0/w=0/d=0

Run status group 0 (all jobs):
   READ: io=29350MB, aggrb=500858KB/s, minb=82065KB/s, maxb=418828KB/s, mint=60001msec, maxt=60006msec
  WRITE: io=4809.0MB, aggrb=82064KB/s, minb=82064KB/s, maxb=82064KB/s, mint=60007msec, maxt=60007msec

Disk stats (read/write):
  sdb: ios=2359880/38352, merge=0/12, ticks=564032/992, in_queue=564896, util=99.99%
