randread-4m: (g=0): rw=randread, bs=4M-4M/4M-4M/4M-4M, ioengine=libaio, iodepth=10
fio-2.1.3
Starting 1 process

randread-4m: (groupid=0, jobs=1): err= 0: pid=4243: Wed Apr  8 15:05:56 2015
  read : io=90464MB, bw=1507.5MB/s, iops=376, runt= 60012msec
    slat (usec): min=252, max=94762, avg=2605.61, stdev=9038.33
    clat (msec): min=5, max=107, avg=23.70, stdev=25.79
     lat (msec): min=7, max=109, avg=26.31, stdev=26.97
    clat percentiles (msec):
     |  1.00th=[   10],  5.00th=[   14], 10.00th=[   14], 20.00th=[   15],
     | 30.00th=[   15], 40.00th=[   15], 50.00th=[   15], 60.00th=[   15],
     | 70.00th=[   15], 80.00th=[   16], 90.00th=[   93], 95.00th=[   96],
     | 99.00th=[   98], 99.50th=[  101], 99.90th=[  106], 99.95th=[  108],
     | 99.99th=[  108]
    bw (MB  /s): min= 1237, max= 1816, per=93.84%, avg=1414.62, stdev=155.63
    lat (msec) : 10=1.07%, 20=87.23%, 50=0.14%, 100=10.99%, 250=0.57%
  cpu          : usr=0.17%, sys=22.24%, ctx=22530, majf=0, minf=4346
  IO depths    : 1=0.4%, 2=0.8%, 4=1.6%, 8=97.2%, 16=0.0%, 32=0.0%, >=64=0.0%
     submit    : 0=0.0%, 4=100.0%, 8=0.0%, 16=0.0%, 32=0.0%, 64=0.0%, >=64=0.0%
     complete  : 0=0.0%, 4=99.6%, 8=0.0%, 16=0.4%, 32=0.0%, 64=0.0%, >=64=0.0%
     issued    : total=r=22616/w=0/d=0, short=r=0/w=0/d=0

Run status group 0 (all jobs):
   READ: io=90464MB, aggrb=1507.5MB/s, minb=1507.5MB/s, maxb=1507.5MB/s, mint=60012msec, maxt=60012msec

Disk stats (read/write):
  sdb: ios=721132/0, merge=0/0, ticks=8261536/0, in_queue=8271836, util=99.92%
