randread-16k: (g=0): rw=randread, bs=16K-16K/16K-16K/16K-16K, ioengine=libaio, iodepth=10
fio-2.1.3
Starting 1 process

randread-16k: (groupid=0, jobs=1): err= 0: pid=4218: Wed Apr  8 15:01:55 2015
  read : io=36768MB, bw=627491KB/s, iops=39218, runt= 60001msec
    slat (usec): min=2, max=453, avg= 4.21, stdev= 3.21
    clat (usec): min=82, max=6849, avg=248.73, stdev=46.31
     lat (usec): min=87, max=6853, avg=253.58, stdev=46.35
    clat percentiles (usec):
     |  1.00th=[  187],  5.00th=[  201], 10.00th=[  209], 20.00th=[  219],
     | 30.00th=[  227], 40.00th=[  235], 50.00th=[  243], 60.00th=[  251],
     | 70.00th=[  262], 80.00th=[  274], 90.00th=[  294], 95.00th=[  314],
     | 99.00th=[  362], 99.50th=[  390], 99.90th=[  502], 99.95th=[  620],
     | 99.99th=[ 1736]
    bw (KB  /s): min=585568, max=637216, per=100.00%, avg=628906.37, stdev=6728.56
    lat (usec) : 100=0.01%, 250=58.47%, 500=41.42%, 750=0.07%, 1000=0.01%
    lat (msec) : 2=0.02%, 4=0.01%, 10=0.01%
  cpu          : usr=4.95%, sys=29.33%, ctx=1087566, majf=0, minf=307
  IO depths    : 1=0.1%, 2=0.1%, 4=0.1%, 8=100.0%, 16=0.0%, 32=0.0%, >=64=0.0%
     submit    : 0=0.0%, 4=100.0%, 8=0.0%, 16=0.0%, 32=0.0%, 64=0.0%, >=64=0.0%
     complete  : 0=0.0%, 4=100.0%, 8=0.0%, 16=0.1%, 32=0.0%, 64=0.0%, >=64=0.0%
     issued    : total=r=2353132/w=0/d=0, short=r=0/w=0/d=0

Run status group 0 (all jobs):
   READ: io=36768MB, aggrb=627491KB/s, minb=627491KB/s, maxb=627491KB/s, mint=60001msec, maxt=60001msec

Disk stats (read/write):
  sdb: ios=2345053/0, merge=0/0, ticks=581996/0, in_queue=581812, util=99.93%
