randread-64k: (g=0): rw=randread, bs=64K-64K/64K-64K/64K-64K, ioengine=libaio, iodepth=10
fio-2.1.3
Starting 1 process

randread-64k: (groupid=0, jobs=1): err= 0: pid=4224: Wed Apr  8 15:02:55 2015
  read : io=84295MB, bw=1404.1MB/s, iops=22478, runt= 60001msec
    slat (usec): min=3, max=1415, avg= 6.51, stdev= 4.11
    clat (usec): min=73, max=8805, avg=436.15, stdev=122.23
     lat (usec): min=179, max=8812, avg=443.34, stdev=122.18
    clat percentiles (usec):
     |  1.00th=[  282],  5.00th=[  298], 10.00th=[  310], 20.00th=[  334],
     | 30.00th=[  358], 40.00th=[  382], 50.00th=[  410], 60.00th=[  438],
     | 70.00th=[  474], 80.00th=[  524], 90.00th=[  596], 95.00th=[  668],
     | 99.00th=[  820], 99.50th=[  884], 99.90th=[ 1004], 99.95th=[ 1064],
     | 99.99th=[ 1768]
    bw (MB  /s): min= 1368, max= 1413, per=100.00%, avg=1406.13, stdev= 7.47
    lat (usec) : 100=0.01%, 250=0.01%, 500=75.55%, 750=22.28%, 1000=2.05%
    lat (msec) : 2=0.10%, 4=0.01%, 10=0.01%
  cpu          : usr=3.02%, sys=23.15%, ctx=812393, majf=0, minf=1199
  IO depths    : 1=0.1%, 2=0.1%, 4=0.1%, 8=100.0%, 16=0.0%, 32=0.0%, >=64=0.0%
     submit    : 0=0.0%, 4=100.0%, 8=0.0%, 16=0.0%, 32=0.0%, 64=0.0%, >=64=0.0%
     complete  : 0=0.0%, 4=100.0%, 8=0.0%, 16=0.1%, 32=0.0%, 64=0.0%, >=64=0.0%
     issued    : total=r=1348722/w=0/d=0, short=r=0/w=0/d=0

Run status group 0 (all jobs):
   READ: io=84295MB, aggrb=1404.1MB/s, minb=1404.1MB/s, maxb=1404.1MB/s, mint=60001msec, maxt=60001msec

Disk stats (read/write):
  sdb: ios=1344126/0, merge=0/0, ticks=581064/0, in_queue=580764, util=100.00%
