randread-1m: (g=0): rw=randread, bs=1M-1M/1M-1M/1M-1M, ioengine=libaio, iodepth=10
fio-2.1.3
Starting 1 process

randread-1m: (groupid=0, jobs=1): err= 0: pid=4237: Wed Apr  8 15:04:56 2015
  read : io=90928MB, bw=1515.4MB/s, iops=1515, runt= 60004msec
    slat (usec): min=38, max=1341, avg=138.84, stdev=56.75
    clat (usec): min=815, max=100626, avg=6445.17, stdev=14875.35
     lat (usec): min=902, max=100727, avg=6585.18, stdev=14873.71
    clat percentiles (usec):
     |  1.00th=[ 2800],  5.00th=[ 3216], 10.00th=[ 3344], 20.00th=[ 3472],
     | 30.00th=[ 3536], 40.00th=[ 3632], 50.00th=[ 3728], 60.00th=[ 3824],
     | 70.00th=[ 3952], 80.00th=[ 4080], 90.00th=[ 4320], 95.00th=[ 4704],
     | 99.00th=[88576], 99.50th=[89600], 99.90th=[93696], 99.95th=[94720],
     | 99.99th=[99840]
    bw (MB  /s): min= 1240, max= 1754, per=95.09%, avg=1441.02, stdev=158.92
    lat (usec) : 1000=0.01%
    lat (msec) : 2=0.37%, 4=73.39%, 10=23.05%, 100=3.18%, 250=0.01%
  cpu          : usr=0.38%, sys=22.22%, ctx=73535, majf=0, minf=5803
  IO depths    : 1=0.1%, 2=0.2%, 4=0.4%, 8=99.3%, 16=0.0%, 32=0.0%, >=64=0.0%
     submit    : 0=0.0%, 4=100.0%, 8=0.0%, 16=0.0%, 32=0.0%, 64=0.0%, >=64=0.0%
     complete  : 0=0.0%, 4=99.9%, 8=0.0%, 16=0.1%, 32=0.0%, 64=0.0%, >=64=0.0%
     issued    : total=r=90928/w=0/d=0, short=r=0/w=0/d=0

Run status group 0 (all jobs):
   READ: io=90928MB, aggrb=1515.4MB/s, minb=1515.4MB/s, maxb=1515.4MB/s, mint=60004msec, maxt=60004msec

Disk stats (read/write):
  sdb: ios=724914/0, merge=0/0, ticks=4358216/0, in_queue=4358532, util=99.99%
