randread-4k: (g=0): rw=randread, bs=4K-4K/4K-4K/4K-4K, ioengine=libaio, iodepth=10
fio-2.1.3
Starting 1 process

randread-4k: (groupid=0, jobs=1): err= 0: pid=4212: Wed Apr  8 15:00:54 2015
  read : io=11010MB, bw=187905KB/s, iops=46976, runt= 60001msec
    slat (usec): min=1, max=1095, avg= 3.83, stdev= 3.59
    clat (usec): min=51, max=14495, avg=206.96, stdev=45.42
     lat (usec): min=59, max=14498, avg=211.44, stdev=45.49
    clat percentiles (usec):
     |  1.00th=[  159],  5.00th=[  167], 10.00th=[  173], 20.00th=[  181],
     | 30.00th=[  189], 40.00th=[  195], 50.00th=[  201], 60.00th=[  209],
     | 70.00th=[  217], 80.00th=[  229], 90.00th=[  247], 95.00th=[  266],
     | 99.00th=[  310], 99.50th=[  334], 99.90th=[  406], 99.95th=[  482],
     | 99.99th=[ 1560]
    bw (KB  /s): min=170648, max=192808, per=100.00%, avg=188057.56, stdev=2958.00
    lat (usec) : 100=0.01%, 250=91.04%, 500=8.91%, 750=0.03%, 1000=0.01%
    lat (msec) : 2=0.01%, 4=0.01%, 20=0.01%
  cpu          : usr=4.72%, sys=33.41%, ctx=942956, majf=0, minf=198
  IO depths    : 1=0.1%, 2=0.1%, 4=0.1%, 8=100.0%, 16=0.0%, 32=0.0%, >=64=0.0%
     submit    : 0=0.0%, 4=100.0%, 8=0.0%, 16=0.0%, 32=0.0%, 64=0.0%, >=64=0.0%
     complete  : 0=0.0%, 4=100.0%, 8=0.0%, 16=0.1%, 32=0.0%, 64=0.0%, >=64=0.0%
     issued    : total=r=2818623/w=0/d=0, short=r=0/w=0/d=0

Run status group 0 (all jobs):
   READ: io=11010MB, aggrb=187905KB/s, minb=187905KB/s, maxb=187905KB/s, mint=60001msec, maxt=60001msec

Disk stats (read/write):
  sdb: ios=2815025/0, merge=0/0, ticks=571876/0, in_queue=571804, util=99.99%
