randread-1k-4k: (g=0): rw=randread, bs=1K-4K/1K-4K/1K-4K, ioengine=libaio, iodepth=10
seqread: (g=0): rw=read, bs=1M-1M/1M-1M/1M-1M, ioengine=libaio, iodepth=10
seqwrite: (g=0): rw=write, bs=1M-1M/1M-1M/1M-1M, ioengine=libaio, iodepth=10
fio-2.2.8
Starting 3 processes

randread-1k-4k: (groupid=0, jobs=1): err= 0: pid=9290: Wed Apr  6 20:05:03 2016
  read : io=9534.8MB, bw=162723KB/s, iops=106174, runt= 60001msec
    slat (usec): min=1, max=32, avg= 2.00, stdev= 0.69
    clat (usec): min=12, max=5775, avg=91.56, stdev=113.38
     lat (usec): min=15, max=5778, avg=93.63, stdev=113.40
    clat percentiles (usec):
     |  1.00th=[   52],  5.00th=[   54], 10.00th=[   57], 20.00th=[   60],
     | 30.00th=[   66], 40.00th=[   70], 50.00th=[   73], 60.00th=[   78],
     | 70.00th=[   87], 80.00th=[  102], 90.00th=[  123], 95.00th=[  149],
     | 99.00th=[  402], 99.50th=[  836], 99.90th=[ 1368], 99.95th=[ 1432],
     | 99.99th=[ 4192]
    bw (KB  /s): min=133662, max=188766, per=79.96%, avg=162893.73, stdev=12076.96
    lat (usec) : 20=0.01%, 50=0.05%, 100=78.56%, 250=20.07%, 500=0.39%
    lat (usec) : 750=0.33%, 1000=0.35%
    lat (msec) : 2=0.23%, 4=0.02%, 10=0.01%
  cpu          : usr=15.46%, sys=24.69%, ctx=3573799, majf=0, minf=45
  IO depths    : 1=0.1%, 2=0.1%, 4=0.1%, 8=100.0%, 16=0.0%, 32=0.0%, >=64=0.0%
     submit    : 0=0.0%, 4=100.0%, 8=0.0%, 16=0.0%, 32=0.0%, 64=0.0%, >=64=0.0%
     complete  : 0=0.0%, 4=100.0%, 8=0.0%, 16=0.1%, 32=0.0%, 64=0.0%, >=64=0.0%
     issued    : total=r=6370570/w=0/d=0, short=r=0/w=0/d=0, drop=r=0/w=0/d=0
     latency   : target=0, window=0, percentile=100.00%, depth=10
seqread: (groupid=0, jobs=1): err= 0: pid=9291: Wed Apr  6 20:05:03 2016
  read : io=2402.0MB, bw=40993KB/s, iops=40, runt= 60002msec
    slat (usec): min=34, max=371, avg=69.41, stdev=26.73
    clat (usec): min=605, max=4883, avg=854.56, stdev=181.39
     lat (usec): min=643, max=5256, avg=924.15, stdev=189.55
    clat percentiles (usec):
     |  1.00th=[  636],  5.00th=[  676], 10.00th=[  700], 20.00th=[  724],
     | 30.00th=[  788], 40.00th=[  860], 50.00th=[  876], 60.00th=[  908],
     | 70.00th=[  916], 80.00th=[  924], 90.00th=[  948], 95.00th=[  972],
     | 99.00th=[ 1012], 99.50th=[ 1064], 99.90th=[ 3856], 99.95th=[ 4640],
     | 99.99th=[ 4896]
    bw (KB  /s): min=40960, max=44966, per=20.14%, avg=41030.84, stdev=370.60
    lat (usec) : 750=24.65%, 1000=73.69%
    lat (msec) : 2=1.37%, 4=0.21%, 10=0.08%
  cpu          : usr=0.05%, sys=0.31%, ctx=4802, majf=0, minf=548
  IO depths    : 1=99.6%, 2=0.1%, 4=0.2%, 8=0.1%, 16=0.0%, 32=0.0%, >=64=0.0%
     submit    : 0=0.0%, 4=100.0%, 8=0.0%, 16=0.0%, 32=0.0%, 64=0.0%, >=64=0.0%
     complete  : 0=0.0%, 4=100.0%, 8=0.0%, 16=0.0%, 32=0.0%, 64=0.0%, >=64=0.0%
     issued    : total=r=2402/w=0/d=0, short=r=0/w=0/d=0, drop=r=0/w=0/d=0
     latency   : target=0, window=0, percentile=100.00%, depth=10
seqwrite: (groupid=0, jobs=1): err= 0: pid=9292: Wed Apr  6 20:05:03 2016
  write: io=2402.0MB, bw=40993KB/s, iops=40, runt= 60001msec
    slat (usec): min=36, max=123, avg=68.19, stdev=11.79
    clat (usec): min=336, max=5561, avg=366.43, stdev=258.01
     lat (usec): min=386, max=5634, avg=434.84, stdev=259.26
    clat percentiles (usec):
     |  1.00th=[  342],  5.00th=[  342], 10.00th=[  342], 20.00th=[  346],
     | 30.00th=[  346], 40.00th=[  346], 50.00th=[  350], 60.00th=[  350],
     | 70.00th=[  354], 80.00th=[  354], 90.00th=[  362], 95.00th=[  366],
     | 99.00th=[  370], 99.50th=[  378], 99.90th=[ 4960], 99.95th=[ 5280],
     | 99.99th=[ 5536]
    bw (KB  /s): min=40960, max=45056, per=100.00%, avg=41027.01, stdev=377.65
    lat (usec) : 500=99.58%
    lat (msec) : 4=0.17%, 10=0.25%
  cpu          : usr=0.15%, sys=0.18%, ctx=5089, majf=0, minf=30
  IO depths    : 1=99.6%, 2=0.1%, 4=0.2%, 8=0.1%, 16=0.0%, 32=0.0%, >=64=0.0%
     submit    : 0=0.0%, 4=100.0%, 8=0.0%, 16=0.0%, 32=0.0%, 64=0.0%, >=64=0.0%
     complete  : 0=0.0%, 4=100.0%, 8=0.0%, 16=0.0%, 32=0.0%, 64=0.0%, >=64=0.0%
     issued    : total=r=0/w=2402/d=0, short=r=0/w=0/d=0, drop=r=0/w=0/d=0
     latency   : target=0, window=0, percentile=100.00%, depth=10

Run status group 0 (all jobs):
   READ: io=11937MB, aggrb=203713KB/s, minb=40992KB/s, maxb=162723KB/s, mint=60001msec, maxt=60002msec
  WRITE: io=2402.0MB, aggrb=40993KB/s, minb=40993KB/s, maxb=40993KB/s, mint=60001msec, maxt=60001msec

Disk stats (read/write):
    dm-2: ios=6379824/19188, merge=0/0, ticks=581105/4503, in_queue=586086, util=99.88%, aggrios=6389786/19238, aggrmerge=0/0, aggrticks=581469/4504, aggrin_queue=585784, aggrutil=99.84%
  nvme0n1: ios=6389786/19238, merge=0/0, ticks=581469/4504, in_queue=585784, util=99.84%
