randread-128k-256k: (g=0): rw=randread, bs=128K-256K/128K-256K/128K-256K, ioengine=libaio, iodepth=10
seqread: (g=0): rw=read, bs=1M-1M/1M-1M/1M-1M, ioengine=libaio, iodepth=10
seqwrite: (g=0): rw=write, bs=1M-1M/1M-1M/1M-1M, ioengine=libaio, iodepth=10
fio-2.2.8
Starting 3 processes

randread-128k-256k: (groupid=0, jobs=1): err= 0: pid=28363: Wed Apr  6 20:18:08 2016
  read : io=55621MB, bw=949254KB/s, iops=7416, runt= 60001msec
    slat (usec): min=5, max=201, avg= 9.03, stdev= 1.93
    clat (usec): min=155, max=28001, avg=1338.65, stdev=1170.92
     lat (usec): min=167, max=28021, avg=1347.74, stdev=1171.00
    clat percentiles (usec):
     |  1.00th=[  486],  5.00th=[  516], 10.00th=[  580], 20.00th=[  692],
     | 30.00th=[  732], 40.00th=[  764], 50.00th=[  844], 60.00th=[  908],
     | 70.00th=[ 1176], 80.00th=[ 1464], 90.00th=[ 3440], 95.00th=[ 3760],
     | 99.00th=[ 6112], 99.50th=[ 6304], 99.90th=[ 6880], 99.95th=[ 7520],
     | 99.99th=[ 9024]
    bw (KB  /s): min=732416, max=1095424, per=88.86%, avg=952661.76, stdev=110901.02
    lat (usec) : 250=0.01%, 500=4.16%, 750=32.28%, 1000=29.05%
    lat (msec) : 2=17.82%, 4=14.42%, 10=2.27%, 20=0.01%, 50=0.01%
  cpu          : usr=1.32%, sys=7.23%, ctx=445067, majf=0, minf=100
  IO depths    : 1=0.1%, 2=0.1%, 4=0.1%, 8=100.0%, 16=0.0%, 32=0.0%, >=64=0.0%
     submit    : 0=0.0%, 4=100.0%, 8=0.0%, 16=0.0%, 32=0.0%, 64=0.0%, >=64=0.0%
     complete  : 0=0.0%, 4=100.0%, 8=0.0%, 16=0.1%, 32=0.0%, 64=0.0%, >=64=0.0%
     issued    : total=r=444970/w=0/d=0, short=r=0/w=0/d=0, drop=r=0/w=0/d=0
     latency   : target=0, window=0, percentile=100.00%, depth=10
seqread: (groupid=0, jobs=1): err= 0: pid=28364: Wed Apr  6 20:18:08 2016
  read : io=7204.0MB, bw=122934KB/s, iops=120, runt= 60007msec
    slat (usec): min=34, max=280, avg=55.70, stdev=17.91
    clat (usec): min=698, max=22833, avg=1459.61, stdev=935.23
     lat (usec): min=771, max=22902, avg=1515.46, stdev=937.03
    clat percentiles (usec):
     |  1.00th=[  948],  5.00th=[ 1020], 10.00th=[ 1064], 20.00th=[ 1128],
     | 30.00th=[ 1176], 40.00th=[ 1224], 50.00th=[ 1256], 60.00th=[ 1288],
     | 70.00th=[ 1320], 80.00th=[ 1400], 90.00th=[ 1656], 95.00th=[ 2704],
     | 99.00th=[ 6432], 99.50th=[ 7200], 99.90th=[ 9152], 99.95th=[ 9664],
     | 99.99th=[22912]
    bw (KB  /s): min=120944, max=126470, per=11.48%, avg=123027.08, stdev=584.66
    lat (usec) : 750=0.01%, 1000=3.43%
    lat (msec) : 2=88.33%, 4=5.62%, 10=2.57%, 20=0.03%, 50=0.01%
  cpu          : usr=0.11%, sys=0.70%, ctx=14335, majf=0, minf=551
  IO depths    : 1=98.9%, 2=0.2%, 4=0.4%, 8=0.4%, 16=0.0%, 32=0.0%, >=64=0.0%
     submit    : 0=0.0%, 4=100.0%, 8=0.0%, 16=0.0%, 32=0.0%, 64=0.0%, >=64=0.0%
     complete  : 0=0.0%, 4=100.0%, 8=0.0%, 16=0.0%, 32=0.0%, 64=0.0%, >=64=0.0%
     issued    : total=r=7204/w=0/d=0, short=r=0/w=0/d=0, drop=r=0/w=0/d=0
     latency   : target=0, window=0, percentile=100.00%, depth=10
seqwrite: (groupid=0, jobs=1): err= 0: pid=28365: Wed Apr  6 20:18:08 2016
  write: io=7203.0MB, bw=122929KB/s, iops=120, runt= 60001msec
    slat (usec): min=34, max=118, avg=65.58, stdev=21.56
    clat (usec): min=1453, max=26870, avg=2275.40, stdev=986.63
     lat (usec): min=1536, max=26945, avg=2341.14, stdev=988.01
    clat percentiles (usec):
     |  1.00th=[ 1704],  5.00th=[ 1960], 10.00th=[ 1992], 20.00th=[ 2008],
     | 30.00th=[ 2024], 40.00th=[ 2040], 50.00th=[ 2064], 60.00th=[ 2096],
     | 70.00th=[ 2448], 80.00th=[ 2480], 90.00th=[ 2512], 95.00th=[ 2544],
     | 99.00th=[ 4704], 99.50th=[ 5984], 99.90th=[20608], 99.95th=[22400],
     | 99.99th=[26752]
    bw (KB  /s): min=121904, max=125718, per=100.00%, avg=122992.11, stdev=418.19
    lat (msec) : 2=12.55%, 4=85.88%, 10=1.28%, 20=0.18%, 50=0.11%
  cpu          : usr=0.24%, sys=0.68%, ctx=14447, majf=0, minf=31
  IO depths    : 1=99.7%, 2=0.1%, 4=0.1%, 8=0.1%, 16=0.0%, 32=0.0%, >=64=0.0%
     submit    : 0=0.0%, 4=100.0%, 8=0.0%, 16=0.0%, 32=0.0%, 64=0.0%, >=64=0.0%
     complete  : 0=0.0%, 4=100.0%, 8=0.0%, 16=0.0%, 32=0.0%, 64=0.0%, >=64=0.0%
     issued    : total=r=0/w=7203/d=0, short=r=0/w=0/d=0, drop=r=0/w=0/d=0
     latency   : target=0, window=0, percentile=100.00%, depth=10

Run status group 0 (all jobs):
   READ: io=62825MB, aggrb=1046.1MB/s, minb=122933KB/s, maxb=949253KB/s, mint=60001msec, maxt=60007msec
  WRITE: io=7203.0MB, aggrb=122929KB/s, minb=122929KB/s, maxb=122929KB/s, mint=60001msec, maxt=60001msec

Disk stats (read/write):
    dm-2: ios=501736/57532, merge=0/0, ticks=663349/91437, in_queue=754909, util=99.88%, aggrios=502602/57653, aggrmerge=0/0, aggrticks=664368/91595, aggrin_queue=755939, aggrutil=99.83%
  nvme0n1: ios=502602/57653, merge=0/0, ticks=664368/91595, in_queue=755939, util=99.83%
