randread-32k-64k: (g=0): rw=randread, bs=32K-64K/32K-64K/32K-64K, ioengine=libaio, iodepth=10
seqread: (g=0): rw=read, bs=1M-1M/1M-1M/1M-1M, ioengine=libaio, iodepth=10
seqwrite: (g=0): rw=write, bs=1M-1M/1M-1M/1M-1M, ioengine=libaio, iodepth=10
fio-2.2.8
Starting 3 processes

randread-32k-64k: (groupid=0, jobs=1): err= 0: pid=12662: Wed Apr  6 19:45:55 2016
  read : io=841984KB, bw=14029KB/s, iops=438, runt= 60018msec
    slat (usec): min=2, max=34, avg= 3.92, stdev= 1.40
    clat (usec): min=382, max=52672, avg=22804.60, stdev=4527.12
     lat (usec): min=400, max=52675, avg=22808.61, stdev=4526.98
    clat percentiles (usec):
     |  1.00th=[ 8768],  5.00th=[18304], 10.00th=[19328], 20.00th=[20352],
     | 30.00th=[21120], 40.00th=[21632], 50.00th=[22144], 60.00th=[22656],
     | 70.00th=[23680], 80.00th=[24960], 90.00th=[28032], 95.00th=[31104],
     | 99.00th=[38144], 99.50th=[40704], 99.90th=[45824], 99.95th=[47360],
     | 99.99th=[52480]
    bw (KB  /s): min=10539, max=17344, per=3.07%, avg=14034.39, stdev=1356.78
    lat (usec) : 500=0.04%, 1000=0.01%
    lat (msec) : 2=0.03%, 4=0.01%, 10=1.62%, 20=14.28%, 50=84.00%
    lat (msec) : 100=0.02%
  cpu          : usr=0.10%, sys=0.20%, ctx=26161, majf=0, minf=113
  IO depths    : 1=0.1%, 2=0.1%, 4=0.1%, 8=100.0%, 16=0.0%, 32=0.0%, >=64=0.0%
     submit    : 0=0.0%, 4=100.0%, 8=0.0%, 16=0.0%, 32=0.0%, 64=0.0%, >=64=0.0%
     complete  : 0=0.0%, 4=100.0%, 8=0.0%, 16=0.1%, 32=0.0%, 64=0.0%, >=64=0.0%
     issued    : total=r=26312/w=0/d=0, short=r=0/w=0/d=0, drop=r=0/w=0/d=0
     latency   : target=0, window=0, percentile=100.00%, depth=10
seqread: (groupid=0, jobs=1): err= 0: pid=12663: Wed Apr  6 19:45:55 2016
  read : io=25955MB, bw=442810KB/s, iops=432, runt= 60021msec
    slat (usec): min=34, max=396, avg=65.44, stdev=13.44
    clat (msec): min=1, max=52, avg=23.05, stdev= 3.99
     lat (msec): min=1, max=52, avg=23.12, stdev= 3.99
    clat percentiles (usec):
     |  1.00th=[18048],  5.00th=[18816], 10.00th=[19328], 20.00th=[20608],
     | 30.00th=[21120], 40.00th=[21632], 50.00th=[21888], 60.00th=[22656],
     | 70.00th=[23680], 80.00th=[24960], 90.00th=[28032], 95.00th=[31360],
     | 99.00th=[38144], 99.50th=[40704], 99.90th=[44288], 99.95th=[45824],
     | 99.99th=[49408]
    bw (KB  /s): min=333157, max=537898, per=96.95%, avg=442884.51, stdev=41759.64
    lat (msec) : 2=0.01%, 4=0.02%, 10=0.12%, 20=13.25%, 50=86.60%
    lat (msec) : 100=0.01%
  cpu          : usr=0.09%, sys=2.88%, ctx=25946, majf=0, minf=551
  IO depths    : 1=0.1%, 2=0.1%, 4=0.1%, 8=99.8%, 16=0.0%, 32=0.0%, >=64=0.0%
     submit    : 0=0.0%, 4=100.0%, 8=0.0%, 16=0.0%, 32=0.0%, 64=0.0%, >=64=0.0%
     complete  : 0=0.0%, 4=100.0%, 8=0.0%, 16=0.1%, 32=0.0%, 64=0.0%, >=64=0.0%
     issued    : total=r=25955/w=0/d=0, short=r=0/w=0/d=0, drop=r=0/w=0/d=0
     latency   : target=0, window=0, percentile=100.00%, depth=10
seqwrite: (groupid=0, jobs=1): err= 0: pid=12664: Wed Apr  6 19:45:55 2016
  write: io=25969MB, bw=443042KB/s, iops=432, runt= 60022msec
    slat (usec): min=34, max=158, avg=78.69, stdev=16.23
    clat (msec): min=5, max=49, avg=23.03, stdev= 3.99
     lat (msec): min=5, max=49, avg=23.11, stdev= 3.99
    clat percentiles (usec):
     |  1.00th=[18048],  5.00th=[18816], 10.00th=[19328], 20.00th=[20608],
     | 30.00th=[21120], 40.00th=[21376], 50.00th=[21888], 60.00th=[22656],
     | 70.00th=[23424], 80.00th=[24960], 90.00th=[28032], 95.00th=[31360],
     | 99.00th=[38144], 99.50th=[40704], 99.90th=[43776], 99.95th=[45824],
     | 99.99th=[48896]
    bw (KB  /s): min=333157, max=542720, per=100.00%, avg=443128.09, stdev=42031.27
    lat (msec) : 10=0.11%, 20=13.48%, 50=86.41%
  cpu          : usr=0.84%, sys=2.72%, ctx=25978, majf=0, minf=31
  IO depths    : 1=0.1%, 2=0.1%, 4=0.1%, 8=99.8%, 16=0.0%, 32=0.0%, >=64=0.0%
     submit    : 0=0.0%, 4=100.0%, 8=0.0%, 16=0.0%, 32=0.0%, 64=0.0%, >=64=0.0%
     complete  : 0=0.0%, 4=100.0%, 8=0.0%, 16=0.1%, 32=0.0%, 64=0.0%, >=64=0.0%
     issued    : total=r=0/w=25969/d=0, short=r=0/w=0/d=0, drop=r=0/w=0/d=0
     latency   : target=0, window=0, percentile=100.00%, depth=10

Run status group 0 (all jobs):
   READ: io=26777MB, aggrb=456838KB/s, minb=14028KB/s, maxb=442810KB/s, mint=60018msec, maxt=60021msec
  WRITE: io=25969MB, aggrb=443041KB/s, minb=443041KB/s, maxb=443041KB/s, mint=60022msec, maxt=60022msec

Disk stats (read/write):
    dm-2: ios=233596/207452, merge=0/0, ticks=5317415/4657060, in_queue=9976620, util=99.88%, aggrios=233959/207782, aggrmerge=0/0, aggrticks=5327795/4665963, aggrin_queue=9993733, aggrutil=99.84%
  nvme0n1: ios=233959/207782, merge=0/0, ticks=5327795/4665963, in_queue=9993733, util=99.84%
