randread-8k-16k: (g=0): rw=randread, bs=8K-16K/8K-16K/8K-16K, ioengine=libaio, iodepth=10
seqread: (g=0): rw=read, bs=1M-1M/1M-1M/1M-1M, ioengine=libaio, iodepth=10
seqwrite: (g=0): rw=write, bs=1M-1M/1M-1M/1M-1M, ioengine=libaio, iodepth=10
fio-2.2.8
Starting 3 processes

randread-8k-16k: (groupid=0, jobs=1): err= 0: pid=15150: Wed Apr  6 20:09:04 2016
  read : io=43927MB, bw=749679KB/s, iops=93705, runt= 60001msec
    slat (usec): min=1, max=31, avg= 2.20, stdev= 0.67
    clat (usec): min=12, max=5820, avg=103.87, stdev=117.81
     lat (usec): min=14, max=5821, avg=106.14, stdev=117.82
    clat percentiles (usec):
     |  1.00th=[   65],  5.00th=[   66], 10.00th=[   67], 20.00th=[   70],
     | 30.00th=[   79], 40.00th=[   81], 50.00th=[   83], 60.00th=[   87],
     | 70.00th=[   98], 80.00th=[  113], 90.00th=[  137], 95.00th=[  165],
     | 99.00th=[  548], 99.50th=[  876], 99.90th=[ 1384], 99.95th=[ 1464],
     | 99.99th=[ 4192]
    bw (KB  /s): min=686864, max=771968, per=94.73%, avg=749000.28, stdev=20960.77
    lat (usec) : 20=0.01%, 50=0.01%, 100=70.96%, 250=27.47%, 500=0.50%
    lat (usec) : 750=0.38%, 1000=0.38%
    lat (msec) : 2=0.25%, 4=0.03%, 10=0.01%
  cpu          : usr=14.68%, sys=23.30%, ctx=3514162, majf=0, minf=75
  IO depths    : 1=0.1%, 2=0.1%, 4=0.1%, 8=100.0%, 16=0.0%, 32=0.0%, >=64=0.0%
     submit    : 0=0.0%, 4=100.0%, 8=0.0%, 16=0.0%, 32=0.0%, 64=0.0%, >=64=0.0%
     complete  : 0=0.0%, 4=100.0%, 8=0.0%, 16=0.1%, 32=0.0%, 64=0.0%, >=64=0.0%
     issued    : total=r=5622419/w=0/d=0, short=r=0/w=0/d=0, drop=r=0/w=0/d=0
     latency   : target=0, window=0, percentile=100.00%, depth=10
seqread: (groupid=0, jobs=1): err= 0: pid=15151: Wed Apr  6 20:09:04 2016
  read : io=2402.0MB, bw=40993KB/s, iops=40, runt= 60002msec
    slat (usec): min=35, max=267, avg=69.56, stdev=23.63
    clat (usec): min=610, max=4340, avg=850.31, stdev=170.73
     lat (usec): min=648, max=4591, avg=920.07, stdev=176.89
    clat percentiles (usec):
     |  1.00th=[  628],  5.00th=[  684], 10.00th=[  700], 20.00th=[  732],
     | 30.00th=[  756], 40.00th=[  828], 50.00th=[  892], 60.00th=[  908],
     | 70.00th=[  916], 80.00th=[  924], 90.00th=[  956], 95.00th=[  972],
     | 99.00th=[ 1032], 99.50th=[ 1080], 99.90th=[ 3600], 99.95th=[ 3984],
     | 99.99th=[ 4320]
    bw (KB  /s): min=40960, max=44966, per=5.19%, avg=41026.81, stdev=370.92
    lat (usec) : 750=28.64%, 1000=69.48%
    lat (msec) : 2=1.62%, 4=0.21%, 10=0.04%
  cpu          : usr=0.05%, sys=0.30%, ctx=4799, majf=0, minf=548
  IO depths    : 1=99.6%, 2=0.1%, 4=0.2%, 8=0.1%, 16=0.0%, 32=0.0%, >=64=0.0%
     submit    : 0=0.0%, 4=100.0%, 8=0.0%, 16=0.0%, 32=0.0%, 64=0.0%, >=64=0.0%
     complete  : 0=0.0%, 4=100.0%, 8=0.0%, 16=0.0%, 32=0.0%, 64=0.0%, >=64=0.0%
     issued    : total=r=2402/w=0/d=0, short=r=0/w=0/d=0, drop=r=0/w=0/d=0
     latency   : target=0, window=0, percentile=100.00%, depth=10
seqwrite: (groupid=0, jobs=1): err= 0: pid=15152: Wed Apr  6 20:09:04 2016
  write: io=2402.0MB, bw=40993KB/s, iops=40, runt= 60001msec
    slat (usec): min=36, max=138, avg=86.53, stdev=25.67
    clat (usec): min=337, max=5284, avg=364.58, stdev=239.12
     lat (usec): min=388, max=5358, avg=451.33, stdev=240.26
    clat percentiles (usec):
     |  1.00th=[  342],  5.00th=[  342], 10.00th=[  346], 20.00th=[  346],
     | 30.00th=[  346], 40.00th=[  350], 50.00th=[  350], 60.00th=[  350],
     | 70.00th=[  350], 80.00th=[  354], 90.00th=[  358], 95.00th=[  362],
     | 99.00th=[  370], 99.50th=[  374], 99.90th=[ 4640], 99.95th=[ 4960],
     | 99.99th=[ 5280]
    bw (KB  /s): min=40960, max=45056, per=100.00%, avg=41028.34, stdev=377.55
    lat (usec) : 500=99.58%
    lat (msec) : 4=0.21%, 10=0.21%
  cpu          : usr=0.12%, sys=0.30%, ctx=5091, majf=0, minf=30
  IO depths    : 1=99.6%, 2=0.1%, 4=0.2%, 8=0.1%, 16=0.0%, 32=0.0%, >=64=0.0%
     submit    : 0=0.0%, 4=100.0%, 8=0.0%, 16=0.0%, 32=0.0%, 64=0.0%, >=64=0.0%
     complete  : 0=0.0%, 4=100.0%, 8=0.0%, 16=0.0%, 32=0.0%, 64=0.0%, >=64=0.0%
     issued    : total=r=0/w=2402/d=0, short=r=0/w=0/d=0, drop=r=0/w=0/d=0
     latency   : target=0, window=0, percentile=100.00%, depth=10

Run status group 0 (all jobs):
   READ: io=46329MB, aggrb=790658KB/s, minb=40992KB/s, maxb=749678KB/s, mint=60001msec, maxt=60002msec
  WRITE: io=2402.0MB, aggrb=40993KB/s, minb=40993KB/s, maxb=40993KB/s, mint=60001msec, maxt=60001msec

Disk stats (read/write):
    dm-2: ios=5633293/19188, merge=0/0, ticks=589388/4709, in_queue=594559, util=99.88%, aggrios=5641635/19237, aggrmerge=0/0, aggrticks=589363/4724, aggrin_queue=593846, aggrutil=99.84%
  nvme0n1: ios=5641635/19237, merge=0/0, ticks=589363/4724, in_queue=593846, util=99.84%
