randread-128k-256k: (g=0): rw=randread, bs=128K-256K/128K-256K/128K-256K, ioengine=libaio, iodepth=10
seqread: (g=0): rw=read, bs=1M-1M/1M-1M/1M-1M, ioengine=libaio, iodepth=10
seqwrite: (g=0): rw=write, bs=1M-1M/1M-1M/1M-1M, ioengine=libaio, iodepth=10
fio-2.2.8
Starting 3 processes

randread-128k-256k: (groupid=0, jobs=1): err= 0: pid=26870: Wed Apr  6 20:17:08 2016
  read : io=71338MB, bw=1188.1MB/s, iops=9511, runt= 60001msec
    slat (usec): min=4, max=52, avg= 5.31, stdev= 0.68
    clat (usec): min=189, max=15430, avg=1045.41, stdev=684.52
     lat (usec): min=197, max=15435, avg=1050.78, stdev=684.64
    clat percentiles (usec):
     |  1.00th=[  510],  5.00th=[  692], 10.00th=[  844], 20.00th=[  868],
     | 30.00th=[  876], 40.00th=[  884], 50.00th=[  892], 60.00th=[  900],
     | 70.00th=[  908], 80.00th=[  924], 90.00th=[  964], 95.00th=[ 1640],
     | 99.00th=[ 3984], 99.50th=[ 4192], 99.90th=[ 6432], 99.95th=[ 6624],
     | 99.99th=[ 9152]
    bw (MB  /s): min= 1078, max= 1219, per=96.78%, avg=1189.32, stdev=36.33
    lat (usec) : 250=0.01%, 500=0.87%, 750=5.20%, 1000=84.46%
    lat (msec) : 2=5.11%, 4=3.37%, 10=0.98%, 20=0.01%
  cpu          : usr=1.65%, sys=5.56%, ctx=570755, majf=0, minf=355
  IO depths    : 1=0.1%, 2=0.1%, 4=0.1%, 8=100.0%, 16=0.0%, 32=0.0%, >=64=0.0%
     submit    : 0=0.0%, 4=100.0%, 8=0.0%, 16=0.0%, 32=0.0%, 64=0.0%, >=64=0.0%
     complete  : 0=0.0%, 4=100.0%, 8=0.0%, 16=0.1%, 32=0.0%, 64=0.0%, >=64=0.0%
     issued    : total=r=570707/w=0/d=0, short=r=0/w=0/d=0, drop=r=0/w=0/d=0
     latency   : target=0, window=0, percentile=100.00%, depth=10
seqread: (groupid=0, jobs=1): err= 0: pid=26871: Wed Apr  6 20:17:08 2016
  read : io=2402.0MB, bw=40992KB/s, iops=40, runt= 60003msec
    slat (usec): min=34, max=378, avg=39.11, stdev=11.31
    clat (usec): min=804, max=9077, avg=1579.59, stdev=263.45
     lat (usec): min=844, max=9280, avg=1618.81, stdev=269.65
    clat percentiles (usec):
     |  1.00th=[ 1480],  5.00th=[ 1512], 10.00th=[ 1528], 20.00th=[ 1528],
     | 30.00th=[ 1544], 40.00th=[ 1560], 50.00th=[ 1560], 60.00th=[ 1576],
     | 70.00th=[ 1592], 80.00th=[ 1592], 90.00th=[ 1608], 95.00th=[ 1624],
     | 99.00th=[ 1656], 99.50th=[ 1688], 99.90th=[ 6496], 99.95th=[ 7200],
     | 99.99th=[ 9024]
    bw (KB  /s): min=40960, max=44787, per=3.26%, avg=41027.28, stdev=354.24
    lat (usec) : 1000=0.04%
    lat (msec) : 2=99.54%, 4=0.17%, 10=0.25%
  cpu          : usr=0.06%, sys=0.16%, ctx=4797, majf=0, minf=549
  IO depths    : 1=99.6%, 2=0.1%, 4=0.2%, 8=0.1%, 16=0.0%, 32=0.0%, >=64=0.0%
     submit    : 0=0.0%, 4=100.0%, 8=0.0%, 16=0.0%, 32=0.0%, 64=0.0%, >=64=0.0%
     complete  : 0=0.0%, 4=100.0%, 8=0.0%, 16=0.0%, 32=0.0%, 64=0.0%, >=64=0.0%
     issued    : total=r=2402/w=0/d=0, short=r=0/w=0/d=0, drop=r=0/w=0/d=0
     latency   : target=0, window=0, percentile=100.00%, depth=10
seqwrite: (groupid=0, jobs=1): err= 0: pid=26872: Wed Apr  6 20:17:08 2016
  write: io=2402.0MB, bw=40991KB/s, iops=40, runt= 60005msec
    slat (usec): min=35, max=109, avg=47.84, stdev= 5.31
    clat (usec): min=1725, max=25181, avg=2533.14, stdev=991.10
     lat (usec): min=1773, max=25256, avg=2581.14, stdev=993.59
    clat percentiles (usec):
     |  1.00th=[ 2384],  5.00th=[ 2416], 10.00th=[ 2416], 20.00th=[ 2448],
     | 30.00th=[ 2448], 40.00th=[ 2480], 50.00th=[ 2480], 60.00th=[ 2480],
     | 70.00th=[ 2480], 80.00th=[ 2512], 90.00th=[ 2512], 95.00th=[ 2544],
     | 99.00th=[ 2544], 99.50th=[ 2544], 99.90th=[21376], 99.95th=[23168],
     | 99.99th=[25216]
    bw (KB  /s): min=40960, max=44609, per=100.00%, avg=41024.41, stdev=337.92
    lat (msec) : 2=0.04%, 4=99.54%, 10=0.04%, 20=0.25%, 50=0.12%
  cpu          : usr=0.11%, sys=0.15%, ctx=4812, majf=0, minf=30
  IO depths    : 1=99.6%, 2=0.1%, 4=0.2%, 8=0.1%, 16=0.0%, 32=0.0%, >=64=0.0%
     submit    : 0=0.0%, 4=100.0%, 8=0.0%, 16=0.0%, 32=0.0%, 64=0.0%, >=64=0.0%
     complete  : 0=0.0%, 4=100.0%, 8=0.0%, 16=0.0%, 32=0.0%, 64=0.0%, >=64=0.0%
     issued    : total=r=0/w=2402/d=0, short=r=0/w=0/d=0, drop=r=0/w=0/d=0
     latency   : target=0, window=0, percentile=100.00%, depth=10

Run status group 0 (all jobs):
   READ: io=73740MB, aggrb=1228.1MB/s, minb=40992KB/s, maxb=1188.1MB/s, mint=60001msec, maxt=60003msec
  WRITE: io=2402.0MB, aggrb=40990KB/s, minb=40990KB/s, maxb=40990KB/s, mint=60005msec, maxt=60005msec

Disk stats (read/write):
    dm-2: ios=589104/19188, merge=0/0, ticks=619547/33652, in_queue=653207, util=99.87%, aggrios=589923/19248, aggrmerge=0/0, aggrticks=620414/33713, aggrin_queue=654065, aggrutil=99.82%
  nvme0n1: ios=589923/19248, merge=0/0, ticks=620414/33713, in_queue=654065, util=99.82%
