randread-32k-64k: (g=0): rw=randread, bs=32K-64K/32K-64K/32K-64K, ioengine=libaio, iodepth=10
seqread: (g=0): rw=read, bs=1M-1M/1M-1M/1M-1M, ioengine=libaio, iodepth=10
seqwrite: (g=0): rw=write, bs=1M-1M/1M-1M/1M-1M, ioengine=libaio, iodepth=10
fio-2.2.8
Starting 3 processes

randread-32k-64k: (groupid=0, jobs=1): err= 0: pid=22474: Wed Apr  6 20:14:06 2016
  read : io=52753MB, bw=900297KB/s, iops=28133, runt= 60001msec
    slat (usec): min=2, max=31, avg= 2.99, stdev= 0.67
    clat (usec): min=64, max=16060, avg=351.74, stdev=505.69
     lat (usec): min=67, max=16068, avg=354.81, stdev=505.77
    clat percentiles (usec):
     |  1.00th=[  113],  5.00th=[  127], 10.00th=[  139], 20.00th=[  157],
     | 30.00th=[  173], 40.00th=[  189], 50.00th=[  207], 60.00th=[  231],
     | 70.00th=[  266], 80.00th=[  330], 90.00th=[  620], 95.00th=[ 1112],
     | 99.00th=[ 2512], 99.50th=[ 2736], 99.90th=[ 5664], 99.95th=[ 6176],
     | 99.99th=[ 6816]
    bw (KB  /s): min=783616, max=1020224, per=87.96%, avg=900042.23, stdev=68229.04
    lat (usec) : 100=0.10%, 250=65.52%, 500=22.81%, 750=3.45%, 1000=2.65%
    lat (msec) : 2=2.22%, 4=3.01%, 10=0.24%, 20=0.01%
  cpu          : usr=5.67%, sys=9.70%, ctx=1685834, majf=0, minf=179
  IO depths    : 1=0.1%, 2=0.1%, 4=0.1%, 8=100.0%, 16=0.0%, 32=0.0%, >=64=0.0%
     submit    : 0=0.0%, 4=100.0%, 8=0.0%, 16=0.0%, 32=0.0%, 64=0.0%, >=64=0.0%
     complete  : 0=0.0%, 4=100.0%, 8=0.0%, 16=0.1%, 32=0.0%, 64=0.0%, >=64=0.0%
     issued    : total=r=1688065/w=0/d=0, short=r=0/w=0/d=0, drop=r=0/w=0/d=0
     latency   : target=0, window=0, percentile=100.00%, depth=10
seqread: (groupid=0, jobs=1): err= 0: pid=22475: Wed Apr  6 20:14:06 2016
  read : io=7204.0MB, bw=122940KB/s, iops=120, runt= 60004msec
    slat (usec): min=37, max=345, avg=68.24, stdev=15.09
    clat (usec): min=616, max=14596, avg=954.61, stdev=580.76
     lat (usec): min=681, max=14664, avg=1023.01, stdev=580.29
    clat percentiles (usec):
     |  1.00th=[  668],  5.00th=[  692], 10.00th=[  708], 20.00th=[  740],
     | 30.00th=[  772], 40.00th=[  796], 50.00th=[  820], 60.00th=[  852],
     | 70.00th=[  900], 80.00th=[  972], 90.00th=[ 1112], 95.00th=[ 1576],
     | 99.00th=[ 4128], 99.50th=[ 5024], 99.90th=[ 5920], 99.95th=[ 6432],
     | 99.99th=[14656]
    bw (KB  /s): min=121904, max=126470, per=12.02%, avg=123020.42, stdev=507.78
    lat (usec) : 750=23.10%, 1000=60.27%
    lat (msec) : 2=13.01%, 4=2.48%, 10=1.11%, 20=0.03%
  cpu          : usr=0.12%, sys=0.84%, ctx=14373, majf=0, minf=551
  IO depths    : 1=99.5%, 2=0.1%, 4=0.2%, 8=0.2%, 16=0.0%, 32=0.0%, >=64=0.0%
     submit    : 0=0.0%, 4=100.0%, 8=0.0%, 16=0.0%, 32=0.0%, 64=0.0%, >=64=0.0%
     complete  : 0=0.0%, 4=100.0%, 8=0.0%, 16=0.0%, 32=0.0%, 64=0.0%, >=64=0.0%
     issued    : total=r=7204/w=0/d=0, short=r=0/w=0/d=0, drop=r=0/w=0/d=0
     latency   : target=0, window=0, percentile=100.00%, depth=10
seqwrite: (groupid=0, jobs=1): err= 0: pid=22476: Wed Apr  6 20:14:06 2016
  write: io=7204.0MB, bw=122936KB/s, iops=120, runt= 60006msec
    slat (usec): min=33, max=134, avg=72.18, stdev=23.26
    clat (usec): min=1204, max=18584, avg=1355.11, stdev=617.78
     lat (usec): min=1241, max=18692, avg=1427.47, stdev=618.85
    clat percentiles (usec):
     |  1.00th=[ 1208],  5.00th=[ 1224], 10.00th=[ 1224], 20.00th=[ 1240],
     | 30.00th=[ 1240], 40.00th=[ 1240], 50.00th=[ 1256], 60.00th=[ 1256],
     | 70.00th=[ 1288], 80.00th=[ 1480], 90.00th=[ 1512], 95.00th=[ 1528],
     | 99.00th=[ 1928], 99.50th=[ 2544], 99.90th=[14144], 99.95th=[15296],
     | 99.99th=[18560]
    bw (KB  /s): min=122390, max=126470, per=100.00%, avg=122986.19, stdev=451.58
    lat (msec) : 2=99.10%, 4=0.57%, 10=0.14%, 20=0.19%
  cpu          : usr=0.27%, sys=0.74%, ctx=14865, majf=0, minf=31
  IO depths    : 1=99.7%, 2=0.1%, 4=0.1%, 8=0.1%, 16=0.0%, 32=0.0%, >=64=0.0%
     submit    : 0=0.0%, 4=100.0%, 8=0.0%, 16=0.0%, 32=0.0%, 64=0.0%, >=64=0.0%
     complete  : 0=0.0%, 4=100.0%, 8=0.0%, 16=0.0%, 32=0.0%, 64=0.0%, >=64=0.0%
     issued    : total=r=0/w=7204/d=0, short=r=0/w=0/d=0, drop=r=0/w=0/d=0
     latency   : target=0, window=0, percentile=100.00%, depth=10

Run status group 0 (all jobs):
   READ: io=59957MB, aggrb=999.22MB/s, minb=122940KB/s, maxb=900296KB/s, mint=60001msec, maxt=60004msec
  WRITE: io=7204.0MB, aggrb=122935KB/s, minb=122935KB/s, maxb=122935KB/s, mint=60006msec, maxt=60006msec

Disk stats (read/write):
    dm-2: ios=1742664/57540, merge=0/0, ticks=632116/46058, in_queue=678279, util=99.87%, aggrios=1745697/57653, aggrmerge=0/0, aggrticks=632758/46144, aggrin_queue=678792, aggrutil=99.82%
  nvme0n1: ios=1745697/57653, merge=0/0, ticks=632758/46144, in_queue=678792, util=99.82%
