randread-512k-1m: (g=0): rw=randread, bs=512K-1M/512K-1M/512K-1M, ioengine=libaio, iodepth=10
seqread: (g=0): rw=read, bs=1M-1M/1M-1M/1M-1M, ioengine=libaio, iodepth=10
seqwrite: (g=0): rw=write, bs=1M-1M/1M-1M/1M-1M, ioengine=libaio, iodepth=10
fio-2.2.8
Starting 3 processes

randread-512k-1m: (groupid=0, jobs=1): err= 0: pid=17094: Wed Apr  6 19:48:56 2016
  read : io=80756MB, bw=1345.9MB/s, iops=2691, runt= 60004msec
    slat (usec): min=17, max=262, avg=32.01, stdev= 5.90
    clat (usec): min=354, max=12111, avg=3681.87, stdev=768.43
     lat (usec): min=386, max=12142, avg=3713.97, stdev=768.54
    clat percentiles (usec):
     |  1.00th=[ 2512],  5.00th=[ 2576], 10.00th=[ 2960], 20.00th=[ 3536],
     | 30.00th=[ 3568], 40.00th=[ 3568], 50.00th=[ 3568], 60.00th=[ 3568],
     | 70.00th=[ 3600], 80.00th=[ 3600], 90.00th=[ 4512], 95.00th=[ 4576],
     | 99.00th=[ 6496], 99.50th=[ 7392], 99.90th=[10304], 99.95th=[11072],
     | 99.99th=[11584]
    bw (MB  /s): min= 1044, max= 1936, per=99.25%, avg=1345.70, stdev=185.17
    lat (usec) : 500=0.01%, 750=0.01%, 1000=0.01%
    lat (msec) : 2=0.03%, 4=82.97%, 10=16.87%, 20=0.12%
  cpu          : usr=0.45%, sys=8.86%, ctx=161536, majf=0, minf=295
  IO depths    : 1=0.1%, 2=0.1%, 4=0.1%, 8=99.9%, 16=0.0%, 32=0.0%, >=64=0.0%
     submit    : 0=0.0%, 4=100.0%, 8=0.0%, 16=0.0%, 32=0.0%, 64=0.0%, >=64=0.0%
     complete  : 0=0.0%, 4=100.0%, 8=0.0%, 16=0.1%, 32=0.0%, 64=0.0%, >=64=0.0%
     issued    : total=r=161511/w=0/d=0, short=r=0/w=0/d=0, drop=r=0/w=0/d=0
     latency   : target=0, window=0, percentile=100.00%, depth=10
seqread: (groupid=0, jobs=1): err= 0: pid=17095: Wed Apr  6 19:48:56 2016
  read : io=616448KB, bw=10273KB/s, iops=10, runt= 60006msec
    slat (usec): min=35, max=380, avg=55.75, stdev=25.37
    clat (usec): min=808, max=12478, avg=4199.54, stdev=718.04
     lat (usec): min=877, max=12583, avg=4255.46, stdev=717.02
    clat percentiles (usec):
     |  1.00th=[ 2832],  5.00th=[ 3248], 10.00th=[ 3472], 20.00th=[ 3984],
     | 30.00th=[ 4048], 40.00th=[ 4080], 50.00th=[ 4128], 60.00th=[ 4192],
     | 70.00th=[ 4256], 80.00th=[ 4256], 90.00th=[ 5152], 95.00th=[ 5344],
     | 99.00th=[ 5472], 99.50th=[ 5600], 99.90th=[12480], 99.95th=[12480],
     | 99.99th=[12480]
    bw (KB  /s): min=10199, max=12226, per=0.74%, avg=10265.53, stdev=192.53
    lat (usec) : 1000=0.17%
    lat (msec) : 2=0.33%, 4=21.59%, 10=77.74%, 20=0.17%
  cpu          : usr=0.02%, sys=0.06%, ctx=1198, majf=0, minf=549
  IO depths    : 1=98.5%, 2=0.3%, 4=0.7%, 8=0.5%, 16=0.0%, 32=0.0%, >=64=0.0%
     submit    : 0=0.0%, 4=100.0%, 8=0.0%, 16=0.0%, 32=0.0%, 64=0.0%, >=64=0.0%
     complete  : 0=0.0%, 4=100.0%, 8=0.0%, 16=0.0%, 32=0.0%, 64=0.0%, >=64=0.0%
     issued    : total=r=602/w=0/d=0, short=r=0/w=0/d=0, drop=r=0/w=0/d=0
     latency   : target=0, window=0, percentile=100.00%, depth=10
seqwrite: (groupid=0, jobs=1): err= 0: pid=17096: Wed Apr  6 19:48:56 2016
  write: io=616448KB, bw=10273KB/s, iops=10, runt= 60008msec
    slat (usec): min=36, max=113, avg=70.20, stdev=19.76
    clat (msec): min=1, max=23, avg= 5.70, stdev= 1.70
     lat (msec): min=1, max=23, avg= 5.77, stdev= 1.70
    clat percentiles (usec):
     |  1.00th=[ 3408],  5.00th=[ 4080], 10.00th=[ 4512], 20.00th=[ 5216],
     | 30.00th=[ 5344], 40.00th=[ 5408], 50.00th=[ 5472], 60.00th=[ 5536],
     | 70.00th=[ 5600], 80.00th=[ 5728], 90.00th=[ 7136], 95.00th=[ 7328],
     | 99.00th=[13504], 99.50th=[18560], 99.90th=[23424], 99.95th=[23424],
     | 99.99th=[23424]
    bw (KB  /s): min=10178, max=12202, per=99.93%, avg=10264.33, stdev=189.55
    lat (msec) : 2=0.17%, 4=4.32%, 10=94.19%, 20=0.83%, 50=0.50%
  cpu          : usr=0.05%, sys=0.05%, ctx=1196, majf=0, minf=30
  IO depths    : 1=98.5%, 2=0.3%, 4=0.7%, 8=0.5%, 16=0.0%, 32=0.0%, >=64=0.0%
     submit    : 0=0.0%, 4=100.0%, 8=0.0%, 16=0.0%, 32=0.0%, 64=0.0%, >=64=0.0%
     complete  : 0=0.0%, 4=100.0%, 8=0.0%, 16=0.0%, 32=0.0%, 64=0.0%, >=64=0.0%
     issued    : total=r=0/w=602/d=0, short=r=0/w=0/d=0, drop=r=0/w=0/d=0
     latency   : target=0, window=0, percentile=100.00%, depth=10

Run status group 0 (all jobs):
   READ: io=81358MB, aggrb=1355.9MB/s, minb=10273KB/s, maxb=1345.9MB/s, mint=60004msec, maxt=60006msec
  WRITE: io=616448KB, aggrb=10272KB/s, minb=10272KB/s, maxb=10272KB/s, mint=60008msec, maxt=60008msec

Disk stats (read/write):
    dm-2: ios=649872/4811, merge=0/0, ticks=2314704/23754, in_queue=2338537, util=99.87%, aggrios=650860/5136, aggrmerge=0/0, aggrticks=2318398/26708, aggrin_queue=2345054, aggrutil=99.82%
  nvme0n1: ios=650860/5136, merge=0/0, ticks=2318398/26708, in_queue=2345054, util=99.82%
