randread-4k: (g=0): rw=randread, bs=4K-4K/4K-4K/4K-4K, ioengine=libaio, iodepth=10
fio-2.2.8
Starting 1 process

randread-4k: (groupid=0, jobs=1): err= 0: pid=21650: Wed Apr  6 19:51:57 2016
  read : io=28618MB, bw=488400KB/s, iops=122099, runt= 60001msec
    slat (usec): min=1, max=19, avg= 1.90, stdev= 0.68
    clat (usec): min=17, max=3034, avg=79.44, stdev=25.54
     lat (usec): min=19, max=3035, avg=81.41, stdev=25.52
    clat percentiles (usec):
     |  1.00th=[   55],  5.00th=[   57], 10.00th=[   58], 20.00th=[   60],
     | 30.00th=[   65], 40.00th=[   70], 50.00th=[   72], 60.00th=[   75],
     | 70.00th=[   81], 80.00th=[   94], 90.00th=[  112], 95.00th=[  129],
     | 99.00th=[  171], 99.50th=[  189], 99.90th=[  233], 99.95th=[  253],
     | 99.99th=[  302]
    bw (KB  /s): min=481064, max=493432, per=100.00%, avg=488651.42, stdev=2207.56
    lat (usec) : 20=0.01%, 50=0.01%, 100=83.30%, 250=16.65%, 500=0.05%
    lat (usec) : 1000=0.01%
    lat (msec) : 2=0.01%, 4=0.01%
  cpu          : usr=16.41%, sys=27.65%, ctx=4301232, majf=0, minf=44
  IO depths    : 1=0.1%, 2=0.1%, 4=0.1%, 8=100.0%, 16=0.0%, 32=0.0%, >=64=0.0%
     submit    : 0=0.0%, 4=100.0%, 8=0.0%, 16=0.0%, 32=0.0%, 64=0.0%, >=64=0.0%
     complete  : 0=0.0%, 4=100.0%, 8=0.0%, 16=0.1%, 32=0.0%, 64=0.0%, >=64=0.0%
     issued    : total=r=7326122/w=0/d=0, short=r=0/w=0/d=0, drop=r=0/w=0/d=0
     latency   : target=0, window=0, percentile=100.00%, depth=10

Run status group 0 (all jobs):
   READ: io=28618MB, aggrb=488399KB/s, minb=488399KB/s, maxb=488399KB/s, mint=60001msec, maxt=60001msec

Disk stats (read/write):
    dm-2: ios=7314899/4, merge=0/0, ticks=569705/14, in_queue=569976, util=99.87%, aggrios=7326153/33, aggrmerge=0/0, aggrticks=569132/41, aggrin_queue=568973, aggrutil=99.84%
  nvme0n1: ios=7326153/33, merge=0/0, ticks=569132/41, in_queue=568973, util=99.84%
