seqwrite: (g=0): rw=write, bs=1M-1M/1M-1M/1M-1M, ioengine=libaio, iodepth=10
fio-2.2.8
Starting 1 process
seqwrite: Laying out IO file(s) (1 file(s) / 5120MB)

seqwrite: (groupid=0, jobs=1): err= 0: pid=21761: Wed Apr  6 19:29:57 2016
  write: io=54726MB, bw=933819KB/s, iops=911, runt= 60011msec
    slat (usec): min=32, max=157, avg=77.77, stdev=16.67
    clat (usec): min=683, max=46439, avg=10884.43, stdev=1378.17
     lat (usec): min=766, max=46525, avg=10962.30, stdev=1378.02
    clat percentiles (usec):
     |  1.00th=[ 9664],  5.00th=[ 9920], 10.00th=[10048], 20.00th=[10176],
     | 30.00th=[10304], 40.00th=[10432], 50.00th=[10560], 60.00th=[10688],
     | 70.00th=[10816], 80.00th=[11200], 90.00th=[11968], 95.00th=[14144],
     | 99.00th=[15168], 99.50th=[15424], 99.90th=[19072], 99.95th=[27008],
     | 99.99th=[43264]
    bw (KB  /s): min=866763, max=964608, per=100.00%, avg=934963.71, stdev=11004.26
    lat (usec) : 750=0.01%, 1000=0.02%
    lat (msec) : 2=0.02%, 4=0.11%, 10=7.25%, 20=92.52%, 50=0.07%
  cpu          : usr=1.39%, sys=6.00%, ctx=54736, majf=0, minf=31
  IO depths    : 1=0.1%, 2=0.1%, 4=0.1%, 8=99.9%, 16=0.0%, 32=0.0%, >=64=0.0%
     submit    : 0=0.0%, 4=100.0%, 8=0.0%, 16=0.0%, 32=0.0%, 64=0.0%, >=64=0.0%
     complete  : 0=0.0%, 4=100.0%, 8=0.0%, 16=0.1%, 32=0.0%, 64=0.0%, >=64=0.0%
     issued    : total=r=0/w=54726/d=0, short=r=0/w=0/d=0, drop=r=0/w=0/d=0
     latency   : target=0, window=0, percentile=100.00%, depth=10

Run status group 0 (all jobs):
  WRITE: io=54726MB, aggrb=933819KB/s, minb=933819KB/s, maxb=933819KB/s, mint=60011msec, maxt=60011msec

Disk stats (read/write):
    dm-2: ios=0/437169, merge=0/0, ticks=0/4532959, in_queue=4533392, util=99.88%, aggrios=2/437839, aggrmerge=0/0, aggrticks=19/4540865, aggrin_queue=4540849, aggrutil=99.84%
  nvme0n1: ios=2/437839, merge=0/0, ticks=19/4540865, in_queue=4540849, util=99.84%
