randread-1k-5k: (g=0): rw=randread, bs=1K-4K/1K-4K/1K-4K, ioengine=libaio, iodepth=10
seqread: (g=0): rw=read, bs=1M-1M/1M-1M/1M-1M, ioengine=libaio, iodepth=10
seqwrite: (g=0): rw=write, bs=1M-1M/1M-1M/1M-1M, ioengine=libaio, iodepth=10
fio-2.1.4
Starting 3 processes

randread-1k-5k: (groupid=0, jobs=1): err= 0: pid=2123: Sat Mar 15 04:09:49 2014
  read : io=1038.8MB, bw=17713KB/s, iops=8542, runt= 60009msec
    slat (usec): min=3, max=375890, avg=114.94, stdev=2719.73
    clat (usec): min=3, max=440968, avg=1050.27, stdev=11680.39
     lat (usec): min=6, max=503001, avg=1165.32, stdev=12732.65
    clat percentiles (usec):
     |  1.00th=[   49],  5.00th=[   51], 10.00th=[   51], 20.00th=[   52],
     | 30.00th=[   53], 40.00th=[   54], 50.00th=[   54], 60.00th=[   55],
     | 70.00th=[   56], 80.00th=[   59], 90.00th=[   65], 95.00th=[   75],
     | 99.00th=[29056], 99.50th=[84480], 99.90th=[191488], 99.95th=[234496],
     | 99.99th=[329728]
    bw (KB  /s): min=   35, max=342634, per=79.08%, avg=16796.52, stdev=68120.24
    lat (usec) : 4=0.01%, 10=0.01%, 20=0.01%, 50=1.06%, 100=95.96%
    lat (usec) : 250=1.72%, 500=0.10%, 750=0.03%, 1000=0.01%
    lat (msec) : 10=0.01%, 20=0.01%, 50=0.41%, 100=0.40%, 250=0.27%
    lat (msec) : 500=0.04%
  cpu          : usr=1.21%, sys=4.28%, ctx=3667, majf=0, minf=37
  IO depths    : 1=0.1%, 2=0.1%, 4=0.1%, 8=100.0%, 16=0.0%, 32=0.0%, >=64=0.0%
     submit    : 0=0.0%, 4=100.0%, 8=0.0%, 16=0.0%, 32=0.0%, 64=0.0%, >=64=0.0%
     complete  : 0=0.0%, 4=100.0%, 8=0.0%, 16=0.1%, 32=0.0%, 64=0.0%, >=64=0.0%
     issued    : total=r=512604/w=0/d=0, short=r=0/w=0/d=0
seqread: (groupid=0, jobs=1): err= 0: pid=2124: Sat Mar 15 04:09:49 2014
  read : io=1025.0MB, bw=10553KB/s, iops=10, runt= 99462msec
    slat (usec): min=240, max=332930, avg=42630.52, stdev=62156.87
    clat (usec): min=5, max=1856.8K, avg=382877.00, stdev=530205.46
     lat (usec): min=306, max=1990.5K, avg=425508.99, stdev=587436.24
    clat percentiles (msec):
     |  1.00th=[    3],  5.00th=[    3], 10.00th=[    3], 20.00th=[    3],
     | 30.00th=[    3], 40.00th=[    4], 50.00th=[    5], 60.00th=[  482],
     | 70.00th=[  553], 80.00th=[  717], 90.00th=[ 1352], 95.00th=[ 1467],
     | 99.00th=[ 1680], 99.50th=[ 1778], 99.90th=[ 1844], 99.95th=[ 1860],
     | 99.99th=[ 1860]
    bw (KB  /s): min=   18, max=354110, per=67.37%, avg=14308.86, stdev=39531.22
    lat (usec) : 10=0.20%, 500=0.10%, 750=0.10%, 1000=0.10%
    lat (msec) : 2=0.29%, 4=48.39%, 10=7.71%, 20=2.15%, 50=0.10%
    lat (msec) : 250=0.29%, 500=3.80%, 750=17.07%, 1000=1.95%, 2000=17.76%
  cpu          : usr=0.00%, sys=1.68%, ctx=217674, majf=0, minf=2590
  IO depths    : 1=0.2%, 2=0.2%, 4=0.4%, 8=99.2%, 16=0.0%, 32=0.0%, >=64=0.0%
     submit    : 0=0.0%, 4=100.0%, 8=0.0%, 16=0.0%, 32=0.0%, 64=0.0%, >=64=0.0%
     complete  : 0=0.0%, 4=99.9%, 8=0.0%, 16=0.1%, 32=0.0%, 64=0.0%, >=64=0.0%
     issued    : total=r=1025/w=0/d=0, short=r=0/w=0/d=0
seqwrite: (groupid=0, jobs=1): err= 0: pid=2125: Sat Mar 15 04:09:49 2014
  write: io=1070.0MB, bw=12460KB/s, iops=12, runt= 87939msec
    slat (usec): min=462, max=42260K, avg=82137.48, stdev=1292166.71
    clat (usec): min=6, max=42621K, avg=738253.25, stdev=3877313.93
     lat (usec): min=633, max=42666K, avg=820392.20, stdev=4087009.35
    clat percentiles (msec):
     |  1.00th=[    6],  5.00th=[    6], 10.00th=[    6], 20.00th=[    6],
     | 30.00th=[    7], 40.00th=[    8], 50.00th=[   11], 60.00th=[  408],
     | 70.00th=[  545], 80.00th=[  725], 90.00th=[ 1369], 95.00th=[ 1483],
     | 99.00th=[ 1844], 99.50th=[16712], 99.90th=[16712], 99.95th=[16712],
     | 99.99th=[16712]
    bw (KB  /s): min=  120, max=356653, per=100.00%, avg=14500.84, stdev=38838.32
    lat (usec) : 10=0.09%, 20=0.09%, 750=0.09%
    lat (msec) : 2=0.19%, 4=0.28%, 10=49.07%, 20=6.73%, 50=0.09%
    lat (msec) : 250=0.75%, 500=6.54%, 750=16.36%, 1000=1.96%, 2000=16.92%
    lat (msec) : >=2000=0.84%
  cpu          : usr=0.35%, sys=0.75%, ctx=7038, majf=0, minf=29
  IO depths    : 1=0.2%, 2=0.4%, 4=0.7%, 8=98.7%, 16=0.0%, 32=0.0%, >=64=0.0%
     submit    : 0=0.0%, 4=100.0%, 8=0.0%, 16=0.0%, 32=0.0%, 64=0.0%, >=64=0.0%
     complete  : 0=0.0%, 4=99.8%, 8=0.0%, 16=0.2%, 32=0.0%, 64=0.0%, >=64=0.0%
     issued    : total=r=0/w=1070/d=0, short=r=0/w=0/d=0

Run status group 0 (all jobs):
   READ: io=2063.8MB, aggrb=21239KB/s, minb=10552KB/s, maxb=17712KB/s, mint=60009msec, maxt=99462msec
  WRITE: io=1070.0MB, aggrb=12459KB/s, minb=12459KB/s, maxb=12459KB/s, mint=87939msec, maxt=87939msec

Disk stats (read/write):
  xvdf: ios=11540/34639, merge=27/345170, ticks=524403/12217259, in_queue=12743635, util=99.87%
