randread-1k: (g=0): rw=randread, bs=1K-4K/1K-4K/1K-4K, ioengine=libaio, iodepth=10
seqread: (g=0): rw=read, bs=1M-1M/1M-1M/1M-1M, ioengine=libaio, iodepth=10
seqwrite: (g=0): rw=write, bs=1M-1M/1M-1M/1M-1M, ioengine=libaio, iodepth=10
fio-2.1.4
Starting 3 processes

randread-1k: (groupid=0, jobs=1): err= 0: pid=2058: Sat Mar 15 04:04:06 2014
  read : io=102543KB, bw=1708.2KB/s, iops=698, runt= 60002msec
    slat (usec): min=3, max=132474, avg=1427.23, stdev=8311.55
    clat (usec): min=4, max=474013, avg=12840.05, stdev=37397.54
     lat (usec): min=55, max=474021, avg=14267.44, stdev=40737.06
    clat percentiles (usec):
     |  1.00th=[   53],  5.00th=[   54], 10.00th=[   55], 20.00th=[   57],
     | 30.00th=[   66], 40.00th=[ 2928], 50.00th=[ 3024], 60.00th=[ 3920],
     | 70.00th=[ 5920], 80.00th=[ 6944], 90.00th=[12992], 95.00th=[87552],
     | 99.00th=[207872], 99.50th=[244736], 99.90th=[342016], 99.95th=[366592],
     | 99.99th=[395264]
    bw (KB  /s): min=   48, max= 7580, per=14.40%, avg=1725.25, stdev=2697.05
    lat (usec) : 10=0.01%, 100=32.43%, 250=0.06%, 500=0.02%, 750=0.02%
    lat (msec) : 4=30.93%, 10=24.88%, 20=2.58%, 50=1.98%, 100=2.97%
    lat (msec) : 250=3.68%, 500=0.46%
  cpu          : usr=0.13%, sys=0.72%, ctx=5046, majf=0, minf=35
  IO depths    : 1=0.1%, 2=0.1%, 4=0.1%, 8=100.0%, 16=0.0%, 32=0.0%, >=64=0.0%
     submit    : 0=0.0%, 4=100.0%, 8=0.0%, 16=0.0%, 32=0.0%, 64=0.0%, >=64=0.0%
     complete  : 0=0.0%, 4=100.0%, 8=0.0%, 16=0.1%, 32=0.0%, 64=0.0%, >=64=0.0%
     issued    : total=r=41890/w=0/d=0, short=r=0/w=0/d=0
seqread: (groupid=0, jobs=1): err= 0: pid=2059: Sat Mar 15 04:04:06 2014
  read : io=616448KB, bw=10274KB/s, iops=10, runt= 60001msec
    slat (usec): min=225, max=313959, avg=77044.06, stdev=80367.94
    clat (usec): min=2, max=1725.1K, avg=678695.40, stdev=678295.91
     lat (usec): min=228, max=1865.1K, avg=755741.33, stdev=752410.24
    clat percentiles (usec):
     |  1.00th=[    2],  5.00th=[    3], 10.00th=[    3], 20.00th=[    3],
     | 30.00th=[ 2544], 40.00th=[ 5600], 50.00th=[577536], 60.00th=[1138688],
     | 70.00th=[1318912], 80.00th=[1482752], 90.00th=[1581056], 95.00th=[1613824],
     | 99.00th=[1679360], 99.50th=[1695744], 99.90th=[1728512], 99.95th=[1728512],
     | 99.99th=[1728512]
    bw (KB  /s): min=  578, max=150936, per=78.66%, avg=9424.59, stdev=14541.03
    lat (usec) : 4=20.93%, 10=0.33%, 20=0.17%, 500=0.17%, 750=0.17%
    lat (usec) : 1000=0.17%
    lat (msec) : 2=0.50%, 4=9.97%, 10=12.46%, 50=0.17%, 100=0.17%
    lat (msec) : 250=0.33%, 500=0.50%, 750=10.30%, 1000=2.66%, 2000=41.03%
  cpu          : usr=0.01%, sys=0.72%, ctx=5352, majf=0, minf=2588
  IO depths    : 1=21.4%, 2=0.3%, 4=0.7%, 8=77.6%, 16=0.0%, 32=0.0%, >=64=0.0%
     submit    : 0=0.0%, 4=100.0%, 8=0.0%, 16=0.0%, 32=0.0%, 64=0.0%, >=64=0.0%
     complete  : 0=0.0%, 4=100.0%, 8=0.0%, 16=0.0%, 32=0.0%, 64=0.0%, >=64=0.0%
     issued    : total=r=602/w=0/d=0, short=r=0/w=0/d=0
seqwrite: (groupid=0, jobs=1): err= 0: pid=2060: Sat Mar 15 04:04:06 2014
  write: io=616448KB, bw=10274KB/s, iops=10, runt= 60001msec
    slat (usec): min=461, max=385297, avg=77214.51, stdev=82048.46
    clat (usec): min=2, max=1813.2K, avg=679695.99, stdev=677609.96
     lat (usec): min=465, max=1953.2K, avg=756912.23, stdev=751565.22
    clat percentiles (usec):
     |  1.00th=[    2],  5.00th=[    3], 10.00th=[    3], 20.00th=[    4],
     | 30.00th=[ 5792], 40.00th=[10048], 50.00th=[577536], 60.00th=[1122304],
     | 70.00th=[1335296], 80.00th=[1482752], 90.00th=[1581056], 95.00th=[1613824],
     | 99.00th=[1695744], 99.50th=[1712128], 99.90th=[1810432], 99.95th=[1810432],
     | 99.99th=[1810432]
    bw (KB  /s): min=  580, max=137846, per=90.79%, avg=9326.95, stdev=13274.17
    lat (usec) : 4=18.60%, 10=2.33%, 20=0.33%, 750=0.17%
    lat (msec) : 2=0.33%, 4=0.50%, 10=17.44%, 20=5.15%, 100=0.17%
    lat (msec) : 250=0.50%, 500=0.50%, 750=10.30%, 1000=2.66%, 2000=41.03%
  cpu          : usr=0.28%, sys=0.72%, ctx=5253, majf=0, minf=28
  IO depths    : 1=21.3%, 2=0.3%, 4=0.7%, 8=77.7%, 16=0.0%, 32=0.0%, >=64=0.0%
     submit    : 0=0.0%, 4=100.0%, 8=0.0%, 16=0.0%, 32=0.0%, 64=0.0%, >=64=0.0%
     complete  : 0=0.0%, 4=100.0%, 8=0.0%, 16=0.0%, 32=0.0%, 64=0.0%, >=64=0.0%
     issued    : total=r=0/w=602/d=0, short=r=0/w=0/d=0

Run status group 0 (all jobs):
   READ: io=718991KB, aggrb=11982KB/s, minb=1708KB/s, maxb=10273KB/s, mint=60001msec, maxt=60002msec
  WRITE: io=616448KB, aggrb=10273KB/s, minb=10273KB/s, maxb=10273KB/s, mint=60001msec, maxt=60001msec

Disk stats (read/write):
  xvdf: ios=11838/13440, merge=8/132575, ticks=460656/5955751, in_queue=6395827, util=99.77%
