randread-1k: (g=0): rw=randread, bs=8K-16K/8K-16K/8K-16K, ioengine=libaio, iodepth=10
seqread: (g=0): rw=read, bs=1M-1M/1M-1M/1M-1M, ioengine=libaio, iodepth=10
seqwrite: (g=0): rw=write, bs=1M-1M/1M-1M/1M-1M, ioengine=libaio, iodepth=10
fio-2.1.4
Starting 3 processes

randread-1k: (groupid=0, jobs=1): err= 0: pid=30950: Sun Mar 16 02:28:28 2014
  read : io=2152.9MB, bw=36742KB/s, iops=3391, runt= 60000msec
    slat (usec): min=4, max=47870, avg=251.53, stdev=352.44
    clat (usec): min=5, max=401299, avg=2301.24, stdev=2397.73
     lat (usec): min=76, max=406350, avg=2553.26, stdev=2600.55
    clat percentiles (usec):
     |  1.00th=[ 1144],  5.00th=[ 1512], 10.00th=[ 1688], 20.00th=[ 1880],
     | 30.00th=[ 2024], 40.00th=[ 2128], 50.00th=[ 2256], 60.00th=[ 2352],
     | 70.00th=[ 2448], 80.00th=[ 2576], 90.00th=[ 2800], 95.00th=[ 3088],
     | 99.00th=[ 4576], 99.50th=[ 5280], 99.90th=[ 8256], 99.95th=[ 9024],
     | 99.99th=[21888]
    bw (KB  /s): min=    2, max=56544, per=87.76%, avg=41252.96, stdev=8698.35
    lat (usec) : 10=0.01%, 100=0.01%, 250=0.01%, 500=0.04%, 750=0.11%
    lat (usec) : 1000=0.28%
    lat (msec) : 2=27.04%, 4=70.68%, 10=1.81%, 20=0.02%, 50=0.01%
    lat (msec) : 100=0.01%, 250=0.01%, 500=0.01%
  cpu          : usr=0.22%, sys=10.02%, ctx=177765, majf=0, minf=67
  IO depths    : 1=0.1%, 2=0.1%, 4=0.1%, 8=100.0%, 16=0.0%, 32=0.0%, >=64=0.0%
     submit    : 0=0.0%, 4=100.0%, 8=0.0%, 16=0.0%, 32=0.0%, 64=0.0%, >=64=0.0%
     complete  : 0=0.0%, 4=100.0%, 8=0.0%, 16=0.1%, 32=0.0%, 64=0.0%, >=64=0.0%
     issued    : total=r=203477/w=0/d=0, short=r=0/w=0/d=0
seqread: (groupid=0, jobs=1): err= 0: pid=30951: Sun Mar 16 02:28:28 2014
  read : io=616448KB, bw=10273KB/s, iops=10, runt= 60009msec
    slat (usec): min=252, max=111000, avg=2362.07, stdev=6175.01
    clat (usec): min=2, max=11731, avg=230.35, stdev=1423.92
     lat (usec): min=267, max=111006, avg=2594.95, stdev=6402.70
    clat percentiles (usec):
     |  1.00th=[    2],  5.00th=[    2], 10.00th=[    3], 20.00th=[    3],
     | 30.00th=[    3], 40.00th=[    3], 50.00th=[    3], 60.00th=[    3],
     | 70.00th=[    4], 80.00th=[    4], 90.00th=[    6], 95.00th=[   10],
     | 99.00th=[10432], 99.50th=[10944], 99.90th=[11712], 99.95th=[11712],
     | 99.99th=[11712]
    bw (KB  /s): min= 8298, max=12288, per=21.82%, avg=10257.14, stdev=291.79
    lat (usec) : 4=66.78%, 10=27.74%, 20=1.99%, 50=0.50%
    lat (msec) : 2=0.17%, 4=0.50%, 10=1.16%, 20=1.16%
  cpu          : usr=0.01%, sys=0.75%, ctx=3212, majf=0, minf=2587
  IO depths    : 1=97.0%, 2=0.7%, 4=1.3%, 8=1.0%, 16=0.0%, 32=0.0%, >=64=0.0%
     submit    : 0=0.0%, 4=100.0%, 8=0.0%, 16=0.0%, 32=0.0%, 64=0.0%, >=64=0.0%
     complete  : 0=0.0%, 4=100.0%, 8=0.0%, 16=0.0%, 32=0.0%, 64=0.0%, >=64=0.0%
     issued    : total=r=602/w=0/d=0, short=r=0/w=0/d=0
seqwrite: (groupid=0, jobs=1): err= 0: pid=30952: Sun Mar 16 02:28:28 2014
  write: io=616448KB, bw=10274KB/s, iops=10, runt= 60002msec
    slat (usec): min=522, max=2458.4K, avg=5517.38, stdev=100319.99
    clat (usec): min=2, max=28033, avg=883.49, stdev=3485.41
     lat (usec): min=526, max=2458.4K, avg=6401.69, stdev=100355.04
    clat percentiles (usec):
     |  1.00th=[    2],  5.00th=[    3], 10.00th=[    3], 20.00th=[    3],
     | 30.00th=[    3], 40.00th=[    3], 50.00th=[    3], 60.00th=[    3],
     | 70.00th=[    4], 80.00th=[    4], 90.00th=[   11], 95.00th=[ 8256],
     | 99.00th=[21888], 99.50th=[25728], 99.90th=[28032], 99.95th=[28032],
     | 99.99th=[28032]
    bw (KB  /s): min= 1731, max=34395, per=100.00%, avg=10409.69, stdev=2576.73
    lat (usec) : 4=68.94%, 10=20.76%, 20=1.66%, 50=0.17%, 1000=0.17%
    lat (msec) : 2=0.17%, 4=0.50%, 10=5.48%, 20=1.00%, 50=1.16%
  cpu          : usr=0.33%, sys=0.62%, ctx=776, majf=0, minf=26
  IO depths    : 1=91.5%, 2=1.0%, 4=2.0%, 8=5.5%, 16=0.0%, 32=0.0%, >=64=0.0%
     submit    : 0=0.0%, 4=100.0%, 8=0.0%, 16=0.0%, 32=0.0%, 64=0.0%, >=64=0.0%
     complete  : 0=0.0%, 4=100.0%, 8=0.0%, 16=0.0%, 32=0.0%, 64=0.0%, >=64=0.0%
     issued    : total=r=0/w=602/d=0, short=r=0/w=0/d=0

Run status group 0 (all jobs):
   READ: io=2754.9MB, aggrb=47008KB/s, minb=10272KB/s, maxb=36741KB/s, mint=60000msec, maxt=60009msec
  WRITE: io=616448KB, aggrb=10273KB/s, minb=10273KB/s, maxb=10273KB/s, mint=60002msec, maxt=60002msec

Disk stats (read/write):
  xvdh: ios=187105/14965, merge=0/148140, ticks=61399/1160060, in_queue=1221451, util=96.06%
