randread-1k: (g=0): rw=randread, bs=1K-4K/1K-4K/1K-4K, ioengine=libaio, iodepth=10
seqread: (g=0): rw=read, bs=1M-1M/1M-1M/1M-1M, ioengine=libaio, iodepth=10
seqwrite: (g=0): rw=write, bs=1M-1M/1M-1M/1M-1M, ioengine=libaio, iodepth=10
fio-2.1.4
Starting 3 processes

randread-1k: (groupid=0, jobs=1): err= 0: pid=30919: Sun Mar 16 02:25:26 2014
  read : io=1026.9MB, bw=17516KB/s, iops=8462, runt= 60030msec
    slat (usec): min=2, max=105146, avg=115.90, stdev=1942.09
    clat (usec): min=3, max=399778, avg=1062.35, stdev=10775.08
     lat (usec): min=6, max=452470, avg=1178.36, stdev=11855.06
    clat percentiles (usec):
     |  1.00th=[   49],  5.00th=[   51], 10.00th=[   51], 20.00th=[   52],
     | 30.00th=[   53], 40.00th=[   53], 50.00th=[   54], 60.00th=[   55],
     | 70.00th=[   56], 80.00th=[   58], 90.00th=[   67], 95.00th=[  100],
     | 99.00th=[27520], 99.50th=[51456], 99.90th=[183296], 99.95th=[234496],
     | 99.99th=[313344]
    bw (KB  /s): min=   59, max=354430, per=33.35%, avg=15950.51, stdev=68082.10
    lat (usec) : 4=0.01%, 10=0.01%, 20=0.01%, 50=1.19%, 100=93.77%
    lat (usec) : 250=2.35%, 500=0.01%, 750=0.01%, 1000=0.01%
    lat (msec) : 2=0.01%, 4=0.32%, 10=0.62%, 20=0.50%, 50=0.67%
    lat (msec) : 100=0.29%, 250=0.22%, 500=0.05%
  cpu          : usr=1.26%, sys=4.47%, ctx=5651, majf=0, minf=36
  IO depths    : 1=0.1%, 2=0.1%, 4=0.1%, 8=100.0%, 16=0.0%, 32=0.0%, >=64=0.0%
     submit    : 0=0.0%, 4=100.0%, 8=0.0%, 16=0.0%, 32=0.0%, 64=0.0%, >=64=0.0%
     complete  : 0=0.0%, 4=100.0%, 8=0.0%, 16=0.1%, 32=0.0%, 64=0.0%, >=64=0.0%
     issued    : total=r=508016/w=0/d=0, short=r=0/w=0/d=0
seqread: (groupid=0, jobs=1): err= 0: pid=30920: Sun Mar 16 02:25:26 2014
  read : io=2049.0MB, bw=31860KB/s, iops=31, runt= 65856msec
    slat (usec): min=235, max=146944, avg=18943.28, stdev=27297.32
    clat (usec): min=3, max=995823, avg=169721.68, stdev=215278.72
     lat (usec): min=245, max=1103.3K, avg=188667.18, stdev=237690.06
    clat percentiles (usec):
     |  1.00th=[    4],  5.00th=[ 2416], 10.00th=[ 2672], 20.00th=[ 2768],
     | 30.00th=[142336], 40.00th=[144384], 50.00th=[144384], 60.00th=[144384],
     | 70.00th=[146432], 80.00th=[146432], 90.00th=[415744], 95.00th=[839680],
     | 99.00th=[937984], 99.50th=[962560], 99.90th=[987136], 99.95th=[995328],
     | 99.99th=[995328]
    bw (KB  /s): min=   38, max=82645, per=81.95%, avg=39195.63, stdev=25963.31
    lat (usec) : 4=0.83%, 10=0.73%, 50=0.05%, 250=0.05%, 500=0.10%
    lat (usec) : 750=0.10%, 1000=0.05%
    lat (msec) : 2=0.15%, 4=22.06%, 10=1.42%, 20=2.00%, 50=0.73%
    lat (msec) : 100=0.20%, 250=59.59%, 500=3.71%, 750=2.59%, 1000=5.66%
  cpu          : usr=0.00%, sys=3.56%, ctx=54502, majf=0, minf=2589
  IO depths    : 1=1.6%, 2=0.3%, 4=0.6%, 8=97.5%, 16=0.0%, 32=0.0%, >=64=0.0%
     submit    : 0=0.0%, 4=100.0%, 8=0.0%, 16=0.0%, 32=0.0%, 64=0.0%, >=64=0.0%
     complete  : 0=0.0%, 4=99.9%, 8=0.0%, 16=0.1%, 32=0.0%, 64=0.0%, >=64=0.0%
     issued    : total=r=2049/w=0/d=0, short=r=0/w=0/d=0
seqwrite: (groupid=0, jobs=1): err= 0: pid=30921: Sun Mar 16 02:25:26 2014
  write: io=2717.0MB, bw=46362KB/s, iops=45, runt= 60010msec
    slat (usec): min=557, max=12023K, avg=19606.62, stdev=233961.15
    clat (usec): min=2, max=12091K, avg=169072.39, stdev=715473.85
     lat (usec): min=561, max=12092K, avg=188681.05, stdev=756715.51
    clat percentiles (usec):
     |  1.00th=[    3],  5.00th=[    3], 10.00th=[    3], 20.00th=[ 3440],
     | 30.00th=[ 7456], 40.00th=[ 8096], 50.00th=[142336], 60.00th=[144384],
     | 70.00th=[144384], 80.00th=[146432], 90.00th=[150528], 95.00th=[667648],
     | 99.00th=[946176], 99.50th=[987136], 99.90th=[12124160], 99.95th=[12124160],
     | 99.99th=[12124160]
    bw (KB  /s): min= 5398, max=359728, per=100.00%, avg=48229.29, stdev=43363.76
    lat (usec) : 4=17.26%, 10=2.10%, 20=0.07%, 50=0.04%, 1000=0.15%
    lat (msec) : 2=0.18%, 4=0.29%, 10=23.78%, 20=0.88%, 50=0.88%
    lat (msec) : 100=0.22%, 250=44.79%, 500=2.76%, 750=1.99%, 1000=4.23%
    lat (msec) : 2000=0.04%, >=2000=0.33%
  cpu          : usr=0.82%, sys=3.64%, ctx=17304, majf=0, minf=28
  IO depths    : 1=19.5%, 2=0.4%, 4=0.7%, 8=79.4%, 16=0.0%, 32=0.0%, >=64=0.0%
     submit    : 0=0.0%, 4=100.0%, 8=0.0%, 16=0.0%, 32=0.0%, 64=0.0%, >=64=0.0%
     complete  : 0=0.0%, 4=99.9%, 8=0.0%, 16=0.1%, 32=0.0%, 64=0.0%, >=64=0.0%
     issued    : total=r=0/w=2717/d=0, short=r=0/w=0/d=0

Run status group 0 (all jobs):
   READ: io=3075.9MB, aggrb=47826KB/s, minb=17516KB/s, maxb=31860KB/s, mint=60030msec, maxt=65856msec
  WRITE: io=2717.0MB, aggrb=46362KB/s, minb=46362KB/s, maxb=46362KB/s, mint=60010msec, maxt=60010msec

Disk stats (read/write):
  xvdh: ios=42084/63289, merge=16/632493, ticks=487894/6489123, in_queue=6981213, util=99.13%
