randread-1k: (g=0): rw=randread, bs=1K-4K/1K-4K/1K-4K, ioengine=libaio, iodepth=10
seqread: (g=0): rw=read, bs=1M-1M/1M-1M/1M-1M, ioengine=libaio, iodepth=10
seqwrite: (g=0): rw=write, bs=1M-1M/1M-1M/1M-1M, ioengine=libaio, iodepth=10
fio-2.1.4
Starting 3 processes

randread-1k: (groupid=0, jobs=1): err= 0: pid=30909: Sun Mar 16 02:24:19 2014
  read : io=2048.4MB, bw=34941KB/s, iops=16887, runt= 60029msec
    slat (usec): min=2, max=125845, avg=54.53, stdev=1156.45
    clat (usec): min=3, max=484974, avg=510.36, stdev=6783.34
     lat (usec): min=6, max=533161, avg=565.01, stdev=7475.59
    clat percentiles (usec):
     |  1.00th=[   49],  5.00th=[   50], 10.00th=[   51], 20.00th=[   52],
     | 30.00th=[   53], 40.00th=[   54], 50.00th=[   55], 60.00th=[   57],
     | 70.00th=[   67], 80.00th=[   83], 90.00th=[  516], 95.00th=[  836],
     | 99.00th=[ 4512], 99.50th=[11712], 99.90th=[95744], 99.95th=[164864],
     | 99.99th=[296960]
    bw (KB  /s): min=    0, max=353590, per=54.31%, avg=35945.66, stdev=81209.52
    lat (usec) : 4=0.01%, 10=0.01%, 20=0.01%, 50=1.50%, 100=79.95%
    lat (usec) : 250=0.17%, 500=7.79%, 750=4.14%, 1000=2.32%
    lat (msec) : 2=2.45%, 4=0.59%, 10=0.54%, 20=0.20%, 50=0.21%
    lat (msec) : 100=0.05%, 250=0.07%, 500=0.02%
  cpu          : usr=2.65%, sys=10.16%, ctx=44994, majf=0, minf=36
  IO depths    : 1=0.1%, 2=0.1%, 4=0.1%, 8=100.0%, 16=0.0%, 32=0.0%, >=64=0.0%
     submit    : 0=0.0%, 4=100.0%, 8=0.0%, 16=0.0%, 32=0.0%, 64=0.0%, >=64=0.0%
     complete  : 0=0.0%, 4=100.0%, 8=0.0%, 16=0.1%, 32=0.0%, 64=0.0%, >=64=0.0%
     issued    : total=r=1013768/w=0/d=0, short=r=0/w=0/d=0
seqread: (groupid=0, jobs=1): err= 0: pid=30910: Sun Mar 16 02:24:19 2014
  read : io=2049.0MB, bw=33097KB/s, iops=32, runt= 63395msec
    slat (usec): min=187, max=204873, avg=12082.13, stdev=21540.98
    clat (usec): min=2, max=1014.9K, avg=99767.73, stdev=138639.60
     lat (usec): min=192, max=1067.7K, avg=111852.75, stdev=150107.74
    clat percentiles (usec):
     |  1.00th=[    2],  5.00th=[    2], 10.00th=[    2], 20.00th=[    3],
     | 30.00th=[ 8256], 40.00th=[66048], 50.00th=[69120], 60.00th=[73216],
     | 70.00th=[138240], 80.00th=[144384], 90.00th=[148480], 95.00th=[391168],
     | 99.00th=[733184], 99.50th=[856064], 99.90th=[946176], 99.95th=[946176],
     | 99.99th=[1011712]
    bw (KB  /s): min=   80, max=137612, per=79.78%, avg=52797.68, stdev=36439.45
    lat (usec) : 4=29.04%, 10=0.49%, 20=0.15%, 500=0.05%, 750=0.05%
    lat (usec) : 1000=0.05%
    lat (msec) : 4=0.10%, 10=0.10%, 20=0.34%, 50=1.46%, 100=37.53%
    lat (msec) : 250=22.84%, 500=4.49%, 750=2.39%, 1000=0.88%, 2000=0.05%
  cpu          : usr=0.02%, sys=6.55%, ctx=410912, majf=0, minf=2589
  IO depths    : 1=29.7%, 2=0.2%, 4=0.4%, 8=69.7%, 16=0.0%, 32=0.0%, >=64=0.0%
     submit    : 0=0.0%, 4=100.0%, 8=0.0%, 16=0.0%, 32=0.0%, 64=0.0%, >=64=0.0%
     complete  : 0=0.0%, 4=100.0%, 8=0.0%, 16=0.1%, 32=0.0%, 64=0.0%, >=64=0.0%
     issued    : total=r=2049/w=0/d=0, short=r=0/w=0/d=0
seqwrite: (groupid=0, jobs=1): err= 0: pid=30911: Sun Mar 16 02:24:19 2014
  write: io=2049.0MB, bw=33099KB/s, iops=32, runt= 63390msec
    slat (usec): min=627, max=201124, avg=11895.14, stdev=21500.34
    clat (usec): min=2, max=1014.9K, avg=99705.31, stdev=138497.82
     lat (usec): min=631, max=1063.2K, avg=111603.40, stdev=150095.84
    clat percentiles (usec):
     |  1.00th=[    2],  5.00th=[    2], 10.00th=[    3], 20.00th=[    3],
     | 30.00th=[ 8096], 40.00th=[66048], 50.00th=[69120], 60.00th=[73216],
     | 70.00th=[134144], 80.00th=[144384], 90.00th=[148480], 95.00th=[387072],
     | 99.00th=[724992], 99.50th=[847872], 99.90th=[946176], 99.95th=[946176],
     | 99.99th=[1011712]
    bw (KB  /s): min=   80, max=137612, per=100.00%, avg=52884.55, stdev=37086.03
    lat (usec) : 4=28.45%, 10=0.98%, 20=0.29%, 750=0.05%
    lat (msec) : 2=0.05%, 4=0.05%, 10=0.24%, 20=0.24%, 50=1.51%
    lat (msec) : 100=37.48%, 250=22.89%, 500=4.44%, 750=2.39%, 1000=0.88%
    lat (msec) : 2000=0.05%
  cpu          : usr=0.55%, sys=6.87%, ctx=409767, majf=0, minf=28
  IO depths    : 1=29.7%, 2=0.2%, 4=0.4%, 8=69.7%, 16=0.0%, 32=0.0%, >=64=0.0%
     submit    : 0=0.0%, 4=100.0%, 8=0.0%, 16=0.0%, 32=0.0%, 64=0.0%, >=64=0.0%
     complete  : 0=0.0%, 4=100.0%, 8=0.0%, 16=0.1%, 32=0.0%, 64=0.0%, >=64=0.0%
     issued    : total=r=0/w=2049/d=0, short=r=0/w=0/d=0

Run status group 0 (all jobs):
   READ: io=4097.4MB, aggrb=66182KB/s, minb=33096KB/s, maxb=34941KB/s, mint=60029msec, maxt=63395msec
  WRITE: io=2049.0MB, aggrb=33099KB/s, minb=33099KB/s, maxb=33099KB/s, mint=63390msec, maxt=63390msec

Disk stats (read/write):
  xvdh: ios=85645/51745, merge=8/517504, ticks=289149/4880951, in_queue=5176743, util=94.95%
