randread-1k: (g=0): rw=randread, bs=8K-16K/8K-16K/8K-16K, ioengine=libaio, iodepth=10
seqread: (g=0): rw=read, bs=1M-1M/1M-1M/1M-1M, ioengine=libaio, iodepth=10
seqwrite: (g=0): rw=write, bs=1M-1M/1M-1M/1M-1M, ioengine=libaio, iodepth=10
fio-2.1.4
Starting 3 processes

randread-1k: (groupid=0, jobs=1): err= 0: pid=31001: Sun Mar 16 02:33:49 2014
  read : io=2053.5MB, bw=35022KB/s, iops=3245, runt= 60039msec
    slat (usec): min=4, max=124088, avg=305.06, stdev=2812.67
    clat (usec): min=3, max=466705, avg=2764.45, stdev=15266.48
     lat (usec): min=8, max=520282, avg=3069.65, stdev=16785.37
    clat percentiles (usec):
     |  1.00th=[   63],  5.00th=[   65], 10.00th=[   67], 20.00th=[   69],
     | 30.00th=[   70], 40.00th=[   71], 50.00th=[   73], 60.00th=[   75],
     | 70.00th=[   79], 80.00th=[   89], 90.00th=[  129], 95.00th=[15936],
     | 99.00th=[45312], 99.50th=[84480], 99.90th=[250880], 99.95th=[309248],
     | 99.99th=[407552]
    bw (KB  /s): min=  237, max=1152224, per=40.80%, avg=27580.56, stdev=146784.22
    lat (usec) : 4=0.01%, 10=0.01%, 20=0.01%, 50=0.01%, 100=85.23%
    lat (usec) : 250=5.23%, 500=0.20%, 750=0.11%, 1000=0.05%
    lat (msec) : 2=0.03%, 4=0.45%, 10=2.43%, 20=1.89%, 50=3.51%
    lat (msec) : 100=0.55%, 250=0.21%, 500=0.10%
  cpu          : usr=0.58%, sys=2.78%, ctx=7641, majf=0, minf=67
  IO depths    : 1=0.1%, 2=0.1%, 4=0.1%, 8=100.0%, 16=0.0%, 32=0.0%, >=64=0.0%
     submit    : 0=0.0%, 4=100.0%, 8=0.0%, 16=0.0%, 32=0.0%, 64=0.0%, >=64=0.0%
     complete  : 0=0.0%, 4=100.0%, 8=0.0%, 16=0.1%, 32=0.0%, 64=0.0%, >=64=0.0%
     issued    : total=r=194873/w=0/d=0, short=r=0/w=0/d=0
seqread: (groupid=0, jobs=1): err= 0: pid=31002: Sun Mar 16 02:33:49 2014
  read : io=2049.0MB, bw=33765KB/s, iops=32, runt= 62141msec
    slat (usec): min=234, max=145600, avg=17134.98, stdev=15308.79
    clat (usec): min=3, max=965278, avg=153523.35, stdev=129216.41
     lat (usec): min=242, max=1067.6K, avg=170661.17, stdev=142673.55
    clat percentiles (msec):
     |  1.00th=[   20],  5.00th=[   69], 10.00th=[  114], 20.00th=[  120],
     | 30.00th=[  137], 40.00th=[  141], 50.00th=[  141], 60.00th=[  143],
     | 70.00th=[  145], 80.00th=[  145], 90.00th=[  147], 95.00th=[  149],
     | 99.00th=[  922], 99.50th=[  922], 99.90th=[  963], 99.95th=[  963],
     | 99.99th=[  963]
    bw (KB  /s): min=   62, max=126976, per=85.56%, avg=57840.86, stdev=26859.81
    lat (usec) : 4=0.05%, 10=0.10%, 250=0.05%, 500=0.05%
    lat (msec) : 10=0.05%, 20=0.78%, 50=1.17%, 100=6.30%, 250=87.90%
    lat (msec) : 500=0.59%, 750=0.59%, 1000=2.39%
  cpu          : usr=0.02%, sys=7.27%, ctx=454173, majf=0, minf=2589
  IO depths    : 1=0.1%, 2=0.2%, 4=0.4%, 8=99.3%, 16=0.0%, 32=0.0%, >=64=0.0%
     submit    : 0=0.0%, 4=100.0%, 8=0.0%, 16=0.0%, 32=0.0%, 64=0.0%, >=64=0.0%
     complete  : 0=0.0%, 4=99.9%, 8=0.0%, 16=0.1%, 32=0.0%, 64=0.0%, >=64=0.0%
     issued    : total=r=2049/w=0/d=0, short=r=0/w=0/d=0
seqwrite: (groupid=0, jobs=1): err= 0: pid=31003: Sun Mar 16 02:33:49 2014
  write: io=2049.0MB, bw=33771KB/s, iops=32, runt= 62129msec
    slat (usec): min=844, max=145121, avg=17053.53, stdev=15267.42
    clat (usec): min=4, max=964852, avg=153406.33, stdev=129232.84
     lat (usec): min=895, max=1067.3K, avg=170462.75, stdev=142694.55
    clat percentiles (msec):
     |  1.00th=[   21],  5.00th=[   69], 10.00th=[  114], 20.00th=[  120],
     | 30.00th=[  137], 40.00th=[  141], 50.00th=[  141], 60.00th=[  143],
     | 70.00th=[  145], 80.00th=[  145], 90.00th=[  147], 95.00th=[  149],
     | 99.00th=[  922], 99.50th=[  922], 99.90th=[  963], 99.95th=[  963],
     | 99.99th=[  963]
    bw (KB  /s): min=   62, max=126976, per=100.00%, avg=57841.29, stdev=26868.57
    lat (usec) : 10=0.15%, 1000=0.05%
    lat (msec) : 2=0.05%, 10=0.05%, 20=0.68%, 50=1.27%, 100=6.44%
    lat (msec) : 250=87.75%, 500=0.59%, 750=0.59%, 1000=2.39%
  cpu          : usr=0.94%, sys=7.28%, ctx=455747, majf=0, minf=28
  IO depths    : 1=0.1%, 2=0.2%, 4=0.4%, 8=99.3%, 16=0.0%, 32=0.0%, >=64=0.0%
     submit    : 0=0.0%, 4=100.0%, 8=0.0%, 16=0.0%, 32=0.0%, 64=0.0%, >=64=0.0%
     complete  : 0=0.0%, 4=99.9%, 8=0.0%, 16=0.1%, 32=0.0%, 64=0.0%, >=64=0.0%
     issued    : total=r=0/w=2049/d=0, short=r=0/w=0/d=0

Run status group 0 (all jobs):
   READ: io=4102.5MB, aggrb=67602KB/s, minb=33764KB/s, maxb=35022KB/s, mint=60039msec, maxt=62141msec
  WRITE: io=2049.0MB, aggrb=33771KB/s, minb=33771KB/s, maxb=33771KB/s, mint=62129msec, maxt=62129msec

Disk stats (read/write):
  xvdh: ios=56410/47598, merge=0/476117, ticks=411767/4642964, in_queue=5061177, util=99.33%
