randread-1k: (g=0): rw=randread, bs=8K-16K/8K-16K/8K-16K, ioengine=libaio, iodepth=10
seqread: (g=0): rw=read, bs=1M-1M/1M-1M/1M-1M, ioengine=libaio, iodepth=10
seqwrite: (g=0): rw=write, bs=1M-1M/1M-1M/1M-1M, ioengine=libaio, iodepth=10
fio-2.1.4
Starting 3 processes

randread-1k: (groupid=0, jobs=1): err= 0: pid=30968: Sun Mar 16 02:30:40 2014
  read : io=1116.8MB, bw=19035KB/s, iops=1751, runt= 60035msec
    slat (usec): min=4, max=136785, avg=376.08, stdev=1969.08
    clat (usec): min=5, max=370018, avg=3411.99, stdev=10141.04
     lat (usec): min=67, max=416209, avg=3788.41, stdev=11094.56
    clat percentiles (usec):
     |  1.00th=[   71],  5.00th=[  314], 10.00th=[  370], 20.00th=[  612],
     | 30.00th=[  852], 40.00th=[ 1080], 50.00th=[ 1304], 60.00th=[ 1576],
     | 70.00th=[ 1960], 80.00th=[ 2480], 90.00th=[ 6240], 95.00th=[13120],
     | 99.00th=[48384], 99.50th=[60672], 99.90th=[134144], 99.95th=[179200],
     | 99.99th=[272384]
    bw (KB  /s): min=    0, max=126032, per=58.70%, avg=27917.10, stdev=32030.57
    lat (usec) : 10=0.01%, 100=3.23%, 250=0.12%, 500=7.46%, 750=12.10%
    lat (usec) : 1000=13.48%
    lat (msec) : 2=34.53%, 4=16.89%, 10=5.04%, 20=4.33%, 50=1.92%
    lat (msec) : 100=0.76%, 250=0.11%, 500=0.02%
  cpu          : usr=0.22%, sys=4.51%, ctx=155499, majf=0, minf=67
  IO depths    : 1=0.1%, 2=0.1%, 4=0.1%, 8=100.0%, 16=0.0%, 32=0.0%, >=64=0.0%
     submit    : 0=0.0%, 4=100.0%, 8=0.0%, 16=0.0%, 32=0.0%, 64=0.0%, >=64=0.0%
     complete  : 0=0.0%, 4=100.0%, 8=0.0%, 16=0.1%, 32=0.0%, 64=0.0%, >=64=0.0%
     issued    : total=r=105144/w=0/d=0, short=r=0/w=0/d=0
seqread: (groupid=0, jobs=1): err= 0: pid=30969: Sun Mar 16 02:30:40 2014
  read : io=2049.0MB, bw=30787KB/s, iops=30, runt= 68151msec
    slat (usec): min=303, max=102931, avg=15938.62, stdev=24105.20
    clat (usec): min=1, max=919029, avg=122862.60, stdev=220774.33
     lat (usec): min=307, max=1021.2K, avg=138804.80, stdev=244433.48
    clat percentiles (usec):
     |  1.00th=[    2],  5.00th=[    2], 10.00th=[    2], 20.00th=[    3],
     | 30.00th=[    3], 40.00th=[    3], 50.00th=[27520], 60.00th=[144384],
     | 70.00th=[144384], 80.00th=[146432], 90.00th=[146432], 95.00th=[913408],
     | 99.00th=[921600], 99.50th=[921600], 99.90th=[921600], 99.95th=[921600],
     | 99.99th=[921600]
    bw (KB  /s): min=   73, max=65145, per=80.81%, avg=38429.66, stdev=20045.61
    lat (usec) : 2=0.05%, 4=42.90%, 10=4.73%, 20=0.78%, 50=0.10%
    lat (usec) : 500=0.10%, 750=0.05%, 1000=0.05%
    lat (msec) : 2=0.24%, 4=0.54%, 10=0.10%, 20=0.20%, 50=0.29%
    lat (msec) : 100=0.24%, 250=42.90%, 500=0.15%, 750=0.15%, 1000=6.44%
  cpu          : usr=0.02%, sys=2.96%, ctx=22417, majf=0, minf=2589
  IO depths    : 1=48.6%, 2=0.4%, 4=0.8%, 8=50.3%, 16=0.0%, 32=0.0%, >=64=0.0%
     submit    : 0=0.0%, 4=100.0%, 8=0.0%, 16=0.0%, 32=0.0%, 64=0.0%, >=64=0.0%
     complete  : 0=0.0%, 4=100.0%, 8=0.0%, 16=0.1%, 32=0.0%, 64=0.0%, >=64=0.0%
     issued    : total=r=2049/w=0/d=0, short=r=0/w=0/d=0
seqwrite: (groupid=0, jobs=1): err= 0: pid=30970: Sun Mar 16 02:30:40 2014
  write: io=2049.0MB, bw=32205KB/s, iops=31, runt= 65150msec
    slat (usec): min=512, max=8854.6K, avg=13663.93, stdev=241324.22
    clat (usec): min=2, max=1660.6K, avg=45456.43, stdev=136680.88
     lat (usec): min=515, max=8854.6K, avg=59121.77, stdev=282386.50
    clat percentiles (usec):
     |  1.00th=[    2],  5.00th=[    2], 10.00th=[    3], 20.00th=[    3],
     | 30.00th=[    3], 40.00th=[    3], 50.00th=[    3], 60.00th=[    3],
     | 70.00th=[    4], 80.00th=[144384], 90.00th=[146432], 95.00th=[146432],
     | 99.00th=[913408], 99.50th=[921600], 99.90th=[1482752], 99.95th=[1581056],
     | 99.99th=[1662976]
    bw (KB  /s): min=  158, max=63875, per=100.00%, avg=41311.43, stdev=12706.82
    lat (usec) : 4=67.11%, 10=6.49%, 20=0.44%, 50=0.15%, 100=0.05%
    lat (usec) : 750=0.05%, 1000=0.05%
    lat (msec) : 2=0.15%, 4=0.44%, 10=3.22%, 20=0.34%, 50=0.10%
    lat (msec) : 100=0.24%, 250=19.23%, 500=0.29%, 750=0.24%, 1000=1.07%
    lat (msec) : 2000=0.34%
  cpu          : usr=0.75%, sys=1.96%, ctx=7786, majf=0, minf=28
  IO depths    : 1=74.2%, 2=0.5%, 4=1.0%, 8=24.3%, 16=0.0%, 32=0.0%, >=64=0.0%
     submit    : 0=0.0%, 4=100.0%, 8=0.0%, 16=0.0%, 32=0.0%, 64=0.0%, >=64=0.0%
     complete  : 0=0.0%, 4=100.0%, 8=0.0%, 16=0.1%, 32=0.0%, 64=0.0%, >=64=0.0%
     issued    : total=r=0/w=2049/d=0, short=r=0/w=0/d=0

Run status group 0 (all jobs):
   READ: io=3165.8MB, aggrb=47555KB/s, minb=19035KB/s, maxb=30787KB/s, mint=60035msec, maxt=68151msec
  WRITE: io=2049.0MB, aggrb=32205KB/s, minb=32205KB/s, maxb=32205KB/s, mint=65150msec, maxt=65150msec

Disk stats (read/write):
  xvdh: ios=93467/47567, merge=0/476427, ticks=397681/4828148, in_queue=5231258, util=98.48%
