randread-64k: (g=0): rw=randread, bs=64K-64K/64K-64K/64K-64K, ioengine=libaio, iodepth=10
fio-2.1.4
Starting 1 process

randread-64k: (groupid=0, jobs=1): err= 0: pid=31050: Sun Mar 16 02:39:51 2014
  read : io=3855.7MB, bw=65792KB/s, iops=1027, runt= 60001msec
    slat (usec): min=314, max=9585, avg=961.12, stdev=647.93
    clat (usec): min=5, max=17416, avg=8693.71, stdev=974.54
     lat (usec): min=446, max=18224, avg=9655.41, stdev=1068.05
    clat percentiles (usec):
     |  1.00th=[ 3824],  5.00th=[ 7520], 10.00th=[ 7968], 20.00th=[ 8384],
     | 30.00th=[ 8512], 40.00th=[ 8512], 50.00th=[ 8896], 60.00th=[ 9024],
     | 70.00th=[ 9024], 80.00th=[ 9152], 90.00th=[ 9536], 95.00th=[ 9664],
     | 99.00th=[10432], 99.50th=[10560], 99.90th=[10688], 99.95th=[11328],
     | 99.99th=[15808]
    bw (KB  /s): min=64128, max=124928, per=100.00%, avg=65814.42, stdev=5468.66
    lat (usec) : 10=0.01%, 500=0.01%, 750=0.01%, 1000=0.01%
    lat (msec) : 2=0.01%, 4=1.27%, 10=96.24%, 20=2.47%
  cpu          : usr=0.15%, sys=6.75%, ctx=62087, majf=0, minf=187
  IO depths    : 1=0.1%, 2=0.1%, 4=0.1%, 8=100.0%, 16=0.0%, 32=0.0%, >=64=0.0%
     submit    : 0=0.0%, 4=100.0%, 8=0.0%, 16=0.0%, 32=0.0%, 64=0.0%, >=64=0.0%
     complete  : 0=0.0%, 4=100.0%, 8=0.0%, 16=0.1%, 32=0.0%, 64=0.0%, >=64=0.0%
     issued    : total=r=61681/w=0/d=0, short=r=0/w=0/d=0

Run status group 0 (all jobs):
   READ: io=3855.7MB, aggrb=65791KB/s, minb=65791KB/s, maxb=65791KB/s, mint=60001msec, maxt=60001msec

Disk stats (read/write):
  xvdh: ios=123101/0, merge=0/0, ticks=117121/0, in_queue=117117, util=97.64%
