randread-256: (g=0): rw=randread, bs=256-256/256-256/256-256, ioengine=libaio, iodepth=10
fio-2.1.4
Starting 1 process

randread-256: (groupid=0, jobs=1): err= 0: pid=31011: Sun Mar 16 02:34:49 2014
  read : io=149066KB, bw=2484.5KB/s, iops=9937, runt= 60001msec
    slat (usec): min=3, max=8874, avg=97.82, stdev=122.74
    clat (usec): min=5, max=10616, avg=906.26, stdev=657.91
     lat (usec): min=50, max=10867, avg=1004.32, stdev=721.98
    clat percentiles (usec):
     |  1.00th=[   50],  5.00th=[   52], 10.00th=[  258], 20.00th=[  290],
     | 30.00th=[  486], 40.00th=[  548], 50.00th=[  732], 60.00th=[  932],
     | 70.00th=[ 1176], 80.00th=[ 1512], 90.00th=[ 1944], 95.00th=[ 2192],
     | 99.00th=[ 2416], 99.50th=[ 2576], 99.90th=[ 3280], 99.95th=[ 3888],
     | 99.99th=[ 6304]
    bw (KB  /s): min=  880, max= 7883, per=98.18%, avg=2438.85, stdev=1620.49
    lat (usec) : 10=0.01%, 50=0.96%, 100=8.23%, 250=0.04%, 500=23.78%
    lat (usec) : 750=18.46%, 1000=12.18%
    lat (msec) : 2=27.95%, 4=8.37%, 10=0.04%, 20=0.01%
  cpu          : usr=2.24%, sys=10.74%, ctx=237931, majf=0, minf=25
  IO depths    : 1=0.1%, 2=0.1%, 4=0.1%, 8=100.0%, 16=0.0%, 32=0.0%, >=64=0.0%
     submit    : 0=0.0%, 4=100.0%, 8=0.0%, 16=0.0%, 32=0.0%, 64=0.0%, >=64=0.0%
     complete  : 0=0.0%, 4=100.0%, 8=0.0%, 16=0.1%, 32=0.0%, 64=0.0%, >=64=0.0%
     issued    : total=r=596265/w=0/d=0, short=r=0/w=0/d=0

Run status group 0 (all jobs):
   READ: io=149066KB, aggrb=2484KB/s, minb=2484KB/s, maxb=2484KB/s, mint=60001msec, maxt=60001msec

Disk stats (read/write):
  xvdh: ios=236932/58, merge=0/202, ticks=57384/195, in_queue=57567, util=95.66%
