seqread: (g=0): rw=read, bs=1M-1M/1M-1M/1M-1M, ioengine=libaio, iodepth=10
fio-2.1.4
Starting 1 process
seqread: Laying out IO file(s) (1 file(s) / 5120MB)

seqread: (groupid=0, jobs=1): err= 0: pid=31335: Sun Mar 16 02:46:20 2014
  read : io=3857.0MB, bw=65810KB/s, iops=64, runt= 60015msec
    slat (msec): min=2, max=19, avg=15.55, stdev= 1.43
    clat (usec): min=6, max=145105, avg=140005.97, stdev=11316.79
     lat (msec): min=15, max=161, avg=155.56, stdev=12.45
    clat percentiles (msec):
     |  1.00th=[   82],  5.00th=[  141], 10.00th=[  141], 20.00th=[  141],
     | 30.00th=[  141], 40.00th=[  141], 50.00th=[  141], 60.00th=[  141],
     | 70.00th=[  143], 80.00th=[  143], 90.00th=[  143], 95.00th=[  143],
     | 99.00th=[  143], 99.50th=[  143], 99.90th=[  145], 99.95th=[  145],
     | 99.99th=[  145]
    bw (KB  /s): min=65015, max=110592, per=99.89%, avg=65739.65, stdev=4147.20
    lat (usec) : 10=0.03%
    lat (msec) : 20=0.03%, 50=0.83%, 100=0.18%, 250=98.94%
  cpu          : usr=0.02%, sys=5.21%, ctx=47382, majf=0, minf=2585
  IO depths    : 1=0.1%, 2=0.1%, 4=0.1%, 8=99.8%, 16=0.0%, 32=0.0%, >=64=0.0%
     submit    : 0=0.0%, 4=100.0%, 8=0.0%, 16=0.0%, 32=0.0%, 64=0.0%, >=64=0.0%
     complete  : 0=0.0%, 4=100.0%, 8=0.0%, 16=0.1%, 32=0.0%, 64=0.0%, >=64=0.0%
     issued    : total=r=3857/w=0/d=0, short=r=0/w=0/d=0

Run status group 0 (all jobs):
   READ: io=3857.0MB, aggrb=65809KB/s, minb=65809KB/s, maxb=65809KB/s, mint=60015msec, maxt=60015msec

Disk stats (read/write):
  xvdh: ios=92418/10, merge=0/36, ticks=600935/104, in_queue=601007, util=99.81%
