randread-1k: (g=0): rw=randread, bs=8K-16K/8K-16K/8K-16K, ioengine=libaio, iodepth=10
seqread: (g=0): rw=read, bs=1M-1M/1M-1M/1M-1M, ioengine=libaio, iodepth=10
seqwrite: (g=0): rw=write, bs=1M-1M/1M-1M/1M-1M, ioengine=libaio, iodepth=10
fio-2.1.3
Starting 3 processes

randread-1k: (groupid=0, jobs=1): err= 0: pid=3845: Wed Apr  8 14:22:53 2015
  read : io=402408KB, bw=6702.6KB/s, iops=585, runt= 60038msec
    slat (usec): min=2, max=132673, avg=666.85, stdev=6822.82
    clat (usec): min=206, max=139314, avg=16408.88, stdev=31439.08
     lat (usec): min=224, max=140006, avg=17076.89, stdev=32049.87
    clat percentiles (msec):
     |  1.00th=[    3],  5.00th=[    5], 10.00th=[    6], 20.00th=[    7],
     | 30.00th=[    7], 40.00th=[    7], 50.00th=[    8], 60.00th=[    8],
     | 70.00th=[    9], 80.00th=[    9], 90.00th=[   13], 95.00th=[  123],
     | 99.00th=[  129], 99.50th=[  131], 99.90th=[  137], 99.95th=[  137],
     | 99.99th=[  139]
    bw (KB  /s): min= 4747, max=20768, per=1.34%, avg=6735.56, stdev=1569.90
    lat (usec) : 250=0.06%, 500=0.48%, 750=0.04%, 1000=0.01%
    lat (msec) : 2=0.07%, 4=1.38%, 10=84.08%, 20=5.92%, 50=0.01%
    lat (msec) : 100=0.09%, 250=7.88%
  cpu          : usr=0.16%, sys=2.50%, ctx=28905, majf=0, minf=98
  IO depths    : 1=0.1%, 2=0.1%, 4=0.1%, 8=100.0%, 16=0.0%, 32=0.0%, >=64=0.0%
     submit    : 0=0.0%, 4=100.0%, 8=0.0%, 16=0.0%, 32=0.0%, 64=0.0%, >=64=0.0%
     complete  : 0=0.0%, 4=100.0%, 8=0.0%, 16=0.1%, 32=0.0%, 64=0.0%, >=64=0.0%
     issued    : total=r=35150/w=0/d=0, short=r=0/w=0/d=0
seqread: (groupid=0, jobs=1): err= 0: pid=3846: Wed Apr  8 14:22:53 2015
  read : io=28997MB, bw=494594KB/s, iops=483, runt= 60035msec
    slat (usec): min=40, max=128225, avg=1260.94, stdev=9754.96
    clat (msec): min=2, max=139, avg=19.42, stdev=33.57
     lat (msec): min=2, max=139, avg=20.68, stdev=34.67
    clat percentiles (msec):
     |  1.00th=[    6],  5.00th=[    7], 10.00th=[    7], 20.00th=[    8],
     | 30.00th=[    8], 40.00th=[    9], 50.00th=[    9], 60.00th=[    9],
     | 70.00th=[   10], 80.00th=[   11], 90.00th=[   17], 95.00th=[  125],
     | 99.00th=[  130], 99.50th=[  133], 99.90th=[  137], 99.95th=[  137],
     | 99.99th=[  139]
    bw (KB  /s): min=360509, max=1152766, per=95.64%, avg=479425.12, stdev=97749.64
    lat (msec) : 4=0.13%, 10=76.73%, 20=13.72%, 50=0.06%, 100=0.11%
    lat (msec) : 250=9.25%
  cpu          : usr=0.12%, sys=8.34%, ctx=26121, majf=0, minf=2108
  IO depths    : 1=0.1%, 2=0.2%, 4=0.4%, 8=99.3%, 16=0.0%, 32=0.0%, >=64=0.0%
     submit    : 0=0.0%, 4=100.0%, 8=0.0%, 16=0.0%, 32=0.0%, 64=0.0%, >=64=0.0%
     complete  : 0=0.0%, 4=99.9%, 8=0.0%, 16=0.1%, 32=0.0%, 64=0.0%, >=64=0.0%
     issued    : total=r=28997/w=0/d=0, short=r=0/w=0/d=0
seqwrite: (groupid=0, jobs=1): err= 0: pid=3847: Wed Apr  8 14:22:53 2015
  write: io=30771MB, bw=524887KB/s, iops=512, runt= 60031msec
    slat (usec): min=40, max=131807, avg=1307.21, stdev=9077.47
    clat (msec): min=1, max=140, avg=18.16, stdev=32.91
     lat (msec): min=1, max=140, avg=19.47, stdev=33.90
    clat percentiles (msec):
     |  1.00th=[    5],  5.00th=[    6], 10.00th=[    7], 20.00th=[    7],
     | 30.00th=[    8], 40.00th=[    8], 50.00th=[    8], 60.00th=[    9],
     | 70.00th=[    9], 80.00th=[   10], 90.00th=[   15], 95.00th=[  124],
     | 99.00th=[  130], 99.50th=[  133], 99.90th=[  135], 99.95th=[  137],
     | 99.99th=[  141]
    bw (KB  /s): min=406925, max=1158629, per=97.70%, avg=512837.97, stdev=89112.14
    lat (msec) : 2=0.01%, 4=0.25%, 10=81.89%, 20=8.95%, 50=0.03%
    lat (msec) : 100=0.10%, 250=8.77%
  cpu          : usr=1.52%, sys=8.41%, ctx=31054, majf=0, minf=1064
  IO depths    : 1=0.1%, 2=0.2%, 4=0.4%, 8=99.3%, 16=0.0%, 32=0.0%, >=64=0.0%
     submit    : 0=0.0%, 4=100.0%, 8=0.0%, 16=0.0%, 32=0.0%, 64=0.0%, >=64=0.0%
     complete  : 0=0.0%, 4=99.9%, 8=0.0%, 16=0.1%, 32=0.0%, 64=0.0%, >=64=0.0%
     issued    : total=r=0/w=30771/d=0, short=r=0/w=0/d=0

Run status group 0 (all jobs):
   READ: io=29390MB, aggrb=501271KB/s, minb=6702KB/s, maxb=494593KB/s, mint=60035msec, maxt=60038msec
  WRITE: io=30771MB, aggrb=524887KB/s, minb=524887KB/s, maxb=524887KB/s, mint=60031msec, maxt=60031msec

Disk stats (read/write):
  sdb: ios=266121/245288, merge=0/12, ticks=4540528/3890936, in_queue=8446004, util=100.00%
