randread-1k-5k: (g=0): rw=randread, bs=1K-4K/1K-4K/1K-4K, ioengine=libaio, iodepth=10
seqread: (g=0): rw=read, bs=1M-1M/1M-1M/1M-1M, ioengine=libaio, iodepth=10
seqwrite: (g=0): rw=write, bs=1M-1M/1M-1M/1M-1M, ioengine=libaio, iodepth=10
fio-2.1.3
Starting 3 processes

randread-1k-5k: (groupid=0, jobs=1): err= 0: pid=3790: Wed Apr  8 14:16:50 2015
  read : io=87587KB, bw=1459.7KB/s, iops=595, runt= 60006msec
    slat (usec): min=2, max=130954, avg=554.66, stdev=5780.97
    clat (usec): min=162, max=148773, avg=16242.67, stdev=31506.59
     lat (usec): min=166, max=149841, avg=16798.46, stdev=31947.79
    clat percentiles (msec):
     |  1.00th=[    4],  5.00th=[    5], 10.00th=[    6], 20.00th=[    6],
     | 30.00th=[    7], 40.00th=[    7], 50.00th=[    7], 60.00th=[    8],
     | 70.00th=[    8], 80.00th=[    9], 90.00th=[   12], 95.00th=[  123],
     | 99.00th=[  129], 99.50th=[  131], 99.90th=[  137], 99.95th=[  139],
     | 99.99th=[  149]
    bw (KB  /s): min= 1083, max= 3337, per=0.29%, avg=1464.36, stdev=250.17
    lat (usec) : 250=0.10%, 500=0.20%, 750=0.06%, 1000=0.01%
    lat (msec) : 2=0.08%, 4=1.26%, 10=85.60%, 20=4.79%, 50=0.01%
    lat (msec) : 100=0.01%, 250=7.90%
  cpu          : usr=0.23%, sys=2.29%, ctx=29428, majf=0, minf=39
  IO depths    : 1=0.1%, 2=0.1%, 4=0.1%, 8=100.0%, 16=0.0%, 32=0.0%, >=64=0.0%
     submit    : 0=0.0%, 4=100.0%, 8=0.0%, 16=0.0%, 32=0.0%, 64=0.0%, >=64=0.0%
     complete  : 0=0.0%, 4=100.0%, 8=0.0%, 16=0.1%, 32=0.0%, 64=0.0%, >=64=0.0%
     issued    : total=r=35714/w=0/d=0, short=r=0/w=0/d=0
seqread: (groupid=0, jobs=1): err= 0: pid=3791: Wed Apr  8 14:16:50 2015
  read : io=29180MB, bw=497931KB/s, iops=486, runt= 60009msec
    slat (usec): min=41, max=131553, avg=1230.53, stdev=9645.95
    clat (msec): min=1, max=144, avg=19.31, stdev=33.65
     lat (msec): min=3, max=144, avg=20.54, stdev=34.74
    clat percentiles (msec):
     |  1.00th=[    6],  5.00th=[    7], 10.00th=[    7], 20.00th=[    8],
     | 30.00th=[    8], 40.00th=[    8], 50.00th=[    9], 60.00th=[    9],
     | 70.00th=[   10], 80.00th=[   11], 90.00th=[   17], 95.00th=[  125],
     | 99.00th=[  130], 99.50th=[  133], 99.90th=[  139], 99.95th=[  141],
     | 99.99th=[  143]
    bw (KB  /s): min=380618, max=997429, per=97.27%, avg=485760.79, stdev=79986.19
    lat (msec) : 2=0.01%, 4=0.12%, 10=77.73%, 20=12.81%, 50=0.04%
    lat (msec) : 250=9.28%
  cpu          : usr=0.14%, sys=8.03%, ctx=26394, majf=0, minf=6332
  IO depths    : 1=0.1%, 2=0.2%, 4=0.4%, 8=99.3%, 16=0.0%, 32=0.0%, >=64=0.0%
     submit    : 0=0.0%, 4=100.0%, 8=0.0%, 16=0.0%, 32=0.0%, 64=0.0%, >=64=0.0%
     complete  : 0=0.0%, 4=99.9%, 8=0.0%, 16=0.1%, 32=0.0%, 64=0.0%, >=64=0.0%
     issued    : total=r=29180/w=0/d=0, short=r=0/w=0/d=0
seqwrite: (groupid=0, jobs=1): err= 0: pid=3792: Wed Apr  8 14:16:50 2015
  write: io=30820MB, bw=525960KB/s, iops=513, runt= 60004msec
    slat (usec): min=40, max=130859, avg=1287.48, stdev=9006.50
    clat (msec): min=1, max=141, avg=18.15, stdev=33.01
     lat (msec): min=2, max=142, avg=19.44, stdev=33.98
    clat percentiles (msec):
     |  1.00th=[    5],  5.00th=[    6], 10.00th=[    7], 20.00th=[    7],
     | 30.00th=[    8], 40.00th=[    8], 50.00th=[    8], 60.00th=[    9],
     | 70.00th=[    9], 80.00th=[   10], 90.00th=[   15], 95.00th=[  124],
     | 99.00th=[  130], 99.50th=[  133], 99.90th=[  137], 99.95th=[  139],
     | 99.99th=[  141]
    bw (KB  /s): min=404159, max=1028087, per=96.90%, avg=509659.73, stdev=78757.61
    lat (msec) : 2=0.01%, 4=0.25%, 10=82.32%, 20=8.56%, 50=0.02%
    lat (msec) : 100=0.01%, 250=8.84%
  cpu          : usr=1.37%, sys=8.20%, ctx=31362, majf=0, minf=1064
  IO depths    : 1=0.1%, 2=0.2%, 4=0.4%, 8=99.3%, 16=0.0%, 32=0.0%, >=64=0.0%
     submit    : 0=0.0%, 4=100.0%, 8=0.0%, 16=0.0%, 32=0.0%, 64=0.0%, >=64=0.0%
     complete  : 0=0.0%, 4=99.9%, 8=0.0%, 16=0.1%, 32=0.0%, 64=0.0%, >=64=0.0%
     issued    : total=r=0/w=30820/d=0, short=r=0/w=0/d=0

Run status group 0 (all jobs):
   READ: io=29266MB, aggrb=499390KB/s, minb=1459KB/s, maxb=497930KB/s, mint=60006msec, maxt=60009msec
  WRITE: io=30820MB, aggrb=525959KB/s, minb=525959KB/s, maxb=525959KB/s, mint=60004msec, maxt=60004msec

Disk stats (read/write):
  sdb: ios=268153/245678, merge=0/11, ticks=4533900/3953016, in_queue=8489432, util=100.00%
