randread-1k: (g=0): rw=randread, bs=8K-16K/8K-16K/8K-16K, ioengine=libaio, iodepth=10
seqread: (g=0): rw=read, bs=1M-1M/1M-1M/1M-1M, ioengine=libaio, iodepth=10
seqwrite: (g=0): rw=write, bs=1M-1M/1M-1M/1M-1M, ioengine=libaio, iodepth=10
fio-2.1.3
Starting 3 processes

randread-1k: (groupid=0, jobs=1): err= 0: pid=3821: Wed Apr  8 14:19:51 2015
  read : io=25710MB, bw=438769KB/s, iops=40656, runt= 60001msec
    slat (usec): min=1, max=2834, avg= 4.22, stdev= 5.83
    clat (usec): min=38, max=8760, avg=239.59, stdev=119.18
     lat (usec): min=62, max=8763, avg=244.46, stdev=119.85
    clat percentiles (usec):
     |  1.00th=[  165],  5.00th=[  179], 10.00th=[  187], 20.00th=[  199],
     | 30.00th=[  207], 40.00th=[  215], 50.00th=[  225], 60.00th=[  235],
     | 70.00th=[  245], 80.00th=[  262], 90.00th=[  286], 95.00th=[  318],
     | 99.00th=[  540], 99.50th=[  612], 99.90th=[ 2128], 99.95th=[ 2448],
     | 99.99th=[ 3568]
    bw (KB  /s): min=406400, max=489248, per=92.87%, avg=445568.96, stdev=18815.71
    lat (usec) : 50=0.01%, 100=0.01%, 250=73.35%, 500=25.26%, 750=1.07%
    lat (usec) : 1000=0.03%
    lat (msec) : 2=0.16%, 4=0.11%, 10=0.01%
  cpu          : usr=5.21%, sys=30.24%, ctx=1127161, majf=0, minf=463
  IO depths    : 1=0.1%, 2=0.1%, 4=0.1%, 8=100.0%, 16=0.0%, 32=0.0%, >=64=0.0%
     submit    : 0=0.0%, 4=100.0%, 8=0.0%, 16=0.0%, 32=0.0%, 64=0.0%, >=64=0.0%
     complete  : 0=0.0%, 4=100.0%, 8=0.0%, 16=0.1%, 32=0.0%, 64=0.0%, >=64=0.0%
     issued    : total=r=2439443/w=0/d=0, short=r=0/w=0/d=0
seqread: (groupid=0, jobs=1): err= 0: pid=3822: Wed Apr  8 14:19:51 2015
  read : io=2406.0MB, bw=41058KB/s, iops=40, runt= 60006msec
    slat (usec): min=47, max=840, avg=118.78, stdev=65.02
    clat (usec): min=483, max=5271, avg=761.32, stdev=316.84
     lat (usec): min=577, max=5343, avg=881.05, stdev=328.75
    clat percentiles (usec):
     |  1.00th=[  516],  5.00th=[  540], 10.00th=[  564], 20.00th=[  604],
     | 30.00th=[  724], 40.00th=[  748], 50.00th=[  764], 60.00th=[  772],
     | 70.00th=[  788], 80.00th=[  804], 90.00th=[  828], 95.00th=[  852],
     | 99.00th=[ 2512], 99.50th=[ 3504], 99.90th=[ 4448], 99.95th=[ 4576],
     | 99.99th=[ 5280]
    bw (KB  /s): min=40474, max=44966, per=8.56%, avg=41090.83, stdev=642.25
    lat (usec) : 500=0.25%, 750=39.94%, 1000=58.02%
    lat (msec) : 2=0.62%, 4=0.91%, 10=0.25%
  cpu          : usr=0.71%, sys=6.09%, ctx=4801, majf=0, minf=1055
  IO depths    : 1=98.7%, 2=0.2%, 4=0.5%, 8=0.5%, 16=0.0%, 32=0.0%, >=64=0.0%
     submit    : 0=0.0%, 4=100.0%, 8=0.0%, 16=0.0%, 32=0.0%, 64=0.0%, >=64=0.0%
     complete  : 0=0.0%, 4=100.0%, 8=0.0%, 16=0.0%, 32=0.0%, 64=0.0%, >=64=0.0%
     issued    : total=r=2406/w=0/d=0, short=r=0/w=0/d=0
seqwrite: (groupid=0, jobs=1): err= 0: pid=3823: Wed Apr  8 14:19:51 2015
  write: io=2406.0MB, bw=41061KB/s, iops=40, runt= 60002msec
    slat (usec): min=44, max=647, avg=94.43, stdev=29.42
    clat (usec): min=329, max=4655, avg=449.81, stdev=258.52
     lat (usec): min=425, max=4711, avg=545.10, stdev=267.90
    clat percentiles (usec):
     |  1.00th=[  362],  5.00th=[  378], 10.00th=[  386], 20.00th=[  394],
     | 30.00th=[  402], 40.00th=[  410], 50.00th=[  418], 60.00th=[  422],
     | 70.00th=[  434], 80.00th=[  446], 90.00th=[  466], 95.00th=[  486],
     | 99.00th=[ 1672], 99.50th=[ 2384], 99.90th=[ 4080], 99.95th=[ 4192],
     | 99.99th=[ 4640]
    bw (KB  /s): min=40634, max=45056, per=100.00%, avg=41097.75, stdev=643.71
    lat (usec) : 500=95.84%, 750=2.45%, 1000=0.08%
    lat (msec) : 2=0.91%, 4=0.58%, 10=0.12%
  cpu          : usr=2.28%, sys=12.12%, ctx=4938, majf=0, minf=1499
  IO depths    : 1=98.7%, 2=0.2%, 4=0.5%, 8=0.5%, 16=0.0%, 32=0.0%, >=64=0.0%
     submit    : 0=0.0%, 4=100.0%, 8=0.0%, 16=0.0%, 32=0.0%, 64=0.0%, >=64=0.0%
     complete  : 0=0.0%, 4=100.0%, 8=0.0%, 16=0.0%, 32=0.0%, 64=0.0%, >=64=0.0%
     issued    : total=r=0/w=2406/d=0, short=r=0/w=0/d=0

Run status group 0 (all jobs):
   READ: io=28116MB, aggrb=479790KB/s, minb=41058KB/s, maxb=438768KB/s, mint=60001msec, maxt=60006msec
  WRITE: io=2406.0MB, aggrb=41061KB/s, minb=41061KB/s, maxb=41061KB/s, mint=60002msec, maxt=60002msec

Disk stats (read/write):
  sdb: ios=2450338/19200, merge=0/12, ticks=582820/8760, in_queue=591516, util=99.88%
