randread-4m: (g=0): rw=randread, bs=4M-4M/4M-4M/4M-4M, ioengine=libaio, iodepth=10
fio-2.1.3
Starting 1 process

randread-4m: (groupid=0, jobs=1): err= 0: pid=3909: Wed Apr  8 14:30:57 2015
  read : io=90796MB, bw=1512.7MB/s, iops=378, runt= 60025msec
    slat (usec): min=232, max=280803, avg=2604.62, stdev=9174.73
    clat (msec): min=5, max=293, avg=23.63, stdev=26.15
     lat (msec): min=7, max=295, avg=26.23, stdev=27.37
    clat percentiles (msec):
     |  1.00th=[   10],  5.00th=[   14], 10.00th=[   14], 20.00th=[   15],
     | 30.00th=[   15], 40.00th=[   15], 50.00th=[   15], 60.00th=[   15],
     | 70.00th=[   15], 80.00th=[   16], 90.00th=[   93], 95.00th=[   96],
     | 99.00th=[   99], 99.50th=[  101], 99.90th=[  108], 99.95th=[  120],
     | 99.99th=[  293]
    bw (MB  /s): min=  731, max= 1668, per=92.44%, avg=1398.21, stdev=164.17
    lat (msec) : 10=1.11%, 20=87.35%, 50=0.18%, 100=10.68%, 250=0.65%
    lat (msec) : 500=0.04%
  cpu          : usr=0.15%, sys=20.61%, ctx=22597, majf=0, minf=4339
  IO depths    : 1=0.4%, 2=0.8%, 4=1.6%, 8=97.3%, 16=0.0%, 32=0.0%, >=64=0.0%
     submit    : 0=0.0%, 4=100.0%, 8=0.0%, 16=0.0%, 32=0.0%, 64=0.0%, >=64=0.0%
     complete  : 0=0.0%, 4=99.6%, 8=0.0%, 16=0.4%, 32=0.0%, 64=0.0%, >=64=0.0%
     issued    : total=r=22699/w=0/d=0, short=r=0/w=0/d=0

Run status group 0 (all jobs):
   READ: io=90796MB, aggrb=1512.7MB/s, minb=1512.7MB/s, maxb=1512.7MB/s, mint=60025msec, maxt=60025msec

Disk stats (read/write):
  sdb: ios=723759/0, merge=0/0, ticks=8317088/0, in_queue=8326876, util=99.95%
