randread-64k: (g=0): rw=randread, bs=64K-64K/64K-64K/64K-64K, ioengine=libaio, iodepth=10
fio-2.1.3
Starting 1 process

randread-64k: (groupid=0, jobs=1): err= 0: pid=3891: Wed Apr  8 14:27:55 2015
  read : io=84195MB, bw=1403.3MB/s, iops=22451, runt= 60001msec
    slat (usec): min=3, max=1264, avg= 7.21, stdev= 4.67
    clat (usec): min=126, max=2498, avg=435.73, stdev=119.92
     lat (usec): min=179, max=2510, avg=443.65, stdev=119.89
    clat percentiles (usec):
     |  1.00th=[  278],  5.00th=[  298], 10.00th=[  310], 20.00th=[  334],
     | 30.00th=[  358], 40.00th=[  382], 50.00th=[  410], 60.00th=[  438],
     | 70.00th=[  474], 80.00th=[  524], 90.00th=[  596], 95.00th=[  668],
     | 99.00th=[  828], 99.50th=[  884], 99.90th=[ 1012], 99.95th=[ 1080],
     | 99.99th=[ 1448]
    bw (MB  /s): min= 1377, max= 1411, per=100.00%, avg=1403.34, stdev= 5.53
    lat (usec) : 250=0.02%, 500=75.68%, 750=22.10%, 1000=2.09%
    lat (msec) : 2=0.12%, 4=0.01%
  cpu          : usr=3.06%, sys=25.21%, ctx=837828, majf=0, minf=1371
  IO depths    : 1=0.1%, 2=0.1%, 4=0.1%, 8=100.0%, 16=0.0%, 32=0.0%, >=64=0.0%
     submit    : 0=0.0%, 4=100.0%, 8=0.0%, 16=0.0%, 32=0.0%, 64=0.0%, >=64=0.0%
     complete  : 0=0.0%, 4=100.0%, 8=0.0%, 16=0.1%, 32=0.0%, 64=0.0%, >=64=0.0%
     issued    : total=r=1347113/w=0/d=0, short=r=0/w=0/d=0

Run status group 0 (all jobs):
   READ: io=84195MB, aggrb=1403.3MB/s, minb=1403.3MB/s, maxb=1403.3MB/s, mint=60001msec, maxt=60001msec

Disk stats (read/write):
  sdb: ios=1342542/0, merge=0/0, ticks=570280/0, in_queue=569808, util=99.99%
