randread-1k: (g=0): rw=randread, bs=1K-1K/1K-1K/1K-1K, ioengine=libaio, iodepth=10
seqread: (g=0): rw=read, bs=1M-1M/1M-1M/1M-1M, ioengine=libaio, iodepth=10
seqwrite: (g=0): rw=write, bs=1M-1M/1M-1M/1M-1M, ioengine=libaio, iodepth=10
fio-2.1.4
Starting 3 processes

randread-1k: (groupid=0, jobs=1): err= 0: pid=27663: Sat Mar 15 10:57:19 2014
  read : io=2048.5MB, bw=34948KB/s, iops=34948, runt= 60021msec
    slat (usec): min=3, max=73788, avg=26.72, stdev=758.21
    clat (usec): min=3, max=447729, avg=257.15, stdev=4499.01
     lat (usec): min=6, max=457282, avg=283.96, stdev=4962.70
    clat percentiles (usec):
     |  1.00th=[   47],  5.00th=[   48], 10.00th=[   48], 20.00th=[   49],
     | 30.00th=[   49], 40.00th=[   49], 50.00th=[   49], 60.00th=[   50],
     | 70.00th=[   50], 80.00th=[   50], 90.00th=[   51], 95.00th=[   60],
     | 99.00th=[   87], 99.50th=[ 8256], 99.90th=[41216], 99.95th=[60160],
     | 99.99th=[252928]
    bw (KB  /s): min=   21, max=186128, per=51.69%, avg=34513.38, stdev=70525.59
    lat (usec) : 4=0.01%, 10=0.01%, 20=0.01%, 50=51.38%, 100=47.84%
    lat (usec) : 250=0.03%, 500=0.01%, 750=0.01%, 1000=0.01%
    lat (msec) : 2=0.01%, 4=0.02%, 10=0.24%, 20=0.17%, 50=0.23%
    lat (msec) : 100=0.03%, 250=0.02%, 500=0.01%
  cpu          : usr=4.41%, sys=15.36%, ctx=7234, majf=0, minf=29
  IO depths    : 1=0.1%, 2=0.1%, 4=0.1%, 8=100.0%, 16=0.0%, 32=0.0%, >=64=0.0%
     submit    : 0=0.0%, 4=100.0%, 8=0.0%, 16=0.0%, 32=0.0%, 64=0.0%, >=64=0.0%
     complete  : 0=0.0%, 4=100.0%, 8=0.0%, 16=0.1%, 32=0.0%, 64=0.0%, >=64=0.0%
     issued    : total=r=2097619/w=0/d=0, short=r=0/w=0/d=0
seqread: (groupid=0, jobs=1): err= 0: pid=27664: Sat Mar 15 10:57:19 2014
  read : io=2049.0MB, bw=33388KB/s, iops=32, runt= 62843msec
    slat (usec): min=322, max=69306, avg=14952.73, stdev=3379.23
    clat (usec): min=4, max=150248, avg=133908.38, stdev=27445.21
     lat (usec): min=337, max=217614, avg=148863.93, stdev=30279.76
    clat percentiles (msec):
     |  1.00th=[   49],  5.00th=[   70], 10.00th=[   75], 20.00th=[  143],
     | 30.00th=[  145], 40.00th=[  145], 50.00th=[  145], 60.00th=[  147],
     | 70.00th=[  147], 80.00th=[  147], 90.00th=[  149], 95.00th=[  149],
     | 99.00th=[  149], 99.50th=[  151], 99.90th=[  151], 99.95th=[  151],
     | 99.99th=[  151]
    bw (KB  /s): min=   62, max=127242, per=98.95%, avg=66068.25, stdev=19476.53
    lat (usec) : 10=0.15%
    lat (msec) : 20=0.10%, 50=1.07%, 100=12.35%, 250=86.33%
  cpu          : usr=0.01%, sys=8.52%, ctx=547077, majf=0, minf=2589
  IO depths    : 1=0.1%, 2=0.2%, 4=0.4%, 8=99.3%, 16=0.0%, 32=0.0%, >=64=0.0%
     submit    : 0=0.0%, 4=100.0%, 8=0.0%, 16=0.0%, 32=0.0%, 64=0.0%, >=64=0.0%
     complete  : 0=0.0%, 4=99.9%, 8=0.0%, 16=0.1%, 32=0.0%, 64=0.0%, >=64=0.0%
     issued    : total=r=2049/w=0/d=0, short=r=0/w=0/d=0
seqwrite: (groupid=0, jobs=1): err= 0: pid=27665: Sat Mar 15 10:57:19 2014
  write: io=2049.0MB, bw=33422KB/s, iops=32, runt= 62778msec
    slat (usec): min=913, max=49301, avg=14936.50, stdev=3268.30
    clat (usec): min=5, max=150293, avg=133915.72, stdev=27398.13
     lat (msec): min=15, max=167, avg=148.85, stdev=30.10
    clat percentiles (msec):
     |  1.00th=[   49],  5.00th=[   70], 10.00th=[   75], 20.00th=[  143],
     | 30.00th=[  145], 40.00th=[  145], 50.00th=[  145], 60.00th=[  147],
     | 70.00th=[  147], 80.00th=[  147], 90.00th=[  149], 95.00th=[  149],
     | 99.00th=[  149], 99.50th=[  151], 99.90th=[  151], 99.95th=[  151],
     | 99.99th=[  151]
    bw (KB  /s): min=   62, max=127242, per=100.00%, avg=66069.56, stdev=19483.18
    lat (usec) : 10=0.15%
    lat (msec) : 20=0.10%, 50=1.02%, 100=12.35%, 250=86.38%
  cpu          : usr=1.19%, sys=7.52%, ctx=546873, majf=0, minf=27
  IO depths    : 1=0.1%, 2=0.2%, 4=0.4%, 8=99.3%, 16=0.0%, 32=0.0%, >=64=0.0%
     submit    : 0=0.0%, 4=100.0%, 8=0.0%, 16=0.0%, 32=0.0%, 64=0.0%, >=64=0.0%
     complete  : 0=0.0%, 4=99.9%, 8=0.0%, 16=0.1%, 32=0.0%, 64=0.0%, >=64=0.0%
     issued    : total=r=0/w=2049/d=0, short=r=0/w=0/d=0

Run status group 0 (all jobs):
   READ: io=4097.5MB, aggrb=66766KB/s, minb=33387KB/s, maxb=34948KB/s, mint=60021msec, maxt=62843msec
  WRITE: io=2049.0MB, aggrb=33422KB/s, minb=33422KB/s, maxb=33422KB/s, mint=62778msec, maxt=62778msec

Disk stats (read/write):
  xvdg: ios=56632/47610, merge=0/476564, ticks=366420/4475388, in_queue=4848397, util=99.32%
