randread-1k-5k: (g=0): rw=randread, bs=1K-4K/1K-4K/1K-4K, ioengine=libaio, iodepth=10
seqread: (g=0): rw=read, bs=1M-1M/1M-1M/1M-1M, ioengine=libaio, iodepth=10
seqwrite: (g=0): rw=write, bs=1M-1M/1M-1M/1M-1M, ioengine=libaio, iodepth=10
fio-2.1.4
Starting 3 processes

randread-1k-5k: (groupid=0, jobs=1): err= 0: pid=27750: Sat Mar 15 11:03:30 2014
  read : io=1050.3MB, bw=17914KB/s, iops=8622, runt= 60021msec
    slat (usec): min=3, max=127998, avg=113.76, stdev=1758.98
    clat (usec): min=3, max=461478, avg=1043.53, stdev=9241.48
     lat (usec): min=7, max=506967, avg=1157.43, stdev=10130.27
    clat percentiles (usec):
     |  1.00th=[   49],  5.00th=[   50], 10.00th=[   51], 20.00th=[   51],
     | 30.00th=[   52], 40.00th=[   52], 50.00th=[   53], 60.00th=[   54],
     | 70.00th=[   55], 80.00th=[   57], 90.00th=[   82], 95.00th=[   89],
     | 99.00th=[36608], 99.50th=[44288], 99.90th=[114176], 99.95th=[205824],
     | 99.99th=[325632]
    bw (KB  /s): min=   62, max=368010, per=33.60%, avg=16996.17, stdev=66788.85
    lat (usec) : 4=0.01%, 10=0.01%, 20=0.01%, 50=3.21%, 100=92.76%
    lat (usec) : 250=0.32%, 500=0.03%, 750=0.22%, 1000=0.01%
    lat (msec) : 2=0.11%, 4=0.27%, 10=0.93%, 20=0.58%, 50=1.24%
    lat (msec) : 100=0.19%, 250=0.10%, 500=0.04%
  cpu          : usr=1.28%, sys=4.41%, ctx=6462, majf=0, minf=36
  IO depths    : 1=0.1%, 2=0.1%, 4=0.1%, 8=100.0%, 16=0.0%, 32=0.0%, >=64=0.0%
     submit    : 0=0.0%, 4=100.0%, 8=0.0%, 16=0.0%, 32=0.0%, 64=0.0%, >=64=0.0%
     complete  : 0=0.0%, 4=100.0%, 8=0.0%, 16=0.1%, 32=0.0%, 64=0.0%, >=64=0.0%
     issued    : total=r=517559/w=0/d=0, short=r=0/w=0/d=0
seqread: (groupid=0, jobs=1): err= 0: pid=27751: Sat Mar 15 11:03:30 2014
  read : io=2049.0MB, bw=33449KB/s, iops=32, runt= 62727msec
    slat (usec): min=238, max=145042, avg=21332.59, stdev=23369.09
    clat (usec): min=5, max=966416, avg=191731.98, stdev=184561.27
     lat (usec): min=375, max=1069.1K, avg=213067.50, stdev=202626.91
    clat percentiles (msec):
     |  1.00th=[    4],  5.00th=[   22], 10.00th=[  143], 20.00th=[  145],
     | 30.00th=[  145], 40.00th=[  145], 50.00th=[  147], 60.00th=[  147],
     | 70.00th=[  147], 80.00th=[  147], 90.00th=[  285], 95.00th=[  725],
     | 99.00th=[  938], 99.50th=[  938], 99.90th=[  963], 99.95th=[  963],
     | 99.99th=[  963]
    bw (KB  /s): min=   63, max=248062, per=92.09%, avg=46585.96, stdev=33011.67
    lat (usec) : 10=0.15%, 1000=0.05%
    lat (msec) : 2=0.20%, 4=2.98%, 10=0.54%, 20=0.44%, 50=1.66%
    lat (msec) : 100=1.27%, 250=82.38%, 500=3.27%, 750=2.34%, 1000=4.73%
  cpu          : usr=0.00%, sys=6.48%, ctx=289908, majf=0, minf=2589
  IO depths    : 1=0.1%, 2=0.2%, 4=0.4%, 8=99.3%, 16=0.0%, 32=0.0%, >=64=0.0%
     submit    : 0=0.0%, 4=100.0%, 8=0.0%, 16=0.0%, 32=0.0%, 64=0.0%, >=64=0.0%
     complete  : 0=0.0%, 4=99.9%, 8=0.0%, 16=0.1%, 32=0.0%, 64=0.0%, >=64=0.0%
     issued    : total=r=2049/w=0/d=0, short=r=0/w=0/d=0
seqwrite: (groupid=0, jobs=1): err= 0: pid=27752: Sat Mar 15 11:03:30 2014
  write: io=2049.0MB, bw=33536KB/s, iops=32, runt= 62565msec
    slat (usec): min=825, max=145061, avg=21367.00, stdev=23328.22
    clat (usec): min=5, max=966373, avg=192020.32, stdev=184204.76
     lat (msec): min=5, max=1069, avg=213.39, stdev=202.23
    clat percentiles (msec):
     |  1.00th=[   10],  5.00th=[   22], 10.00th=[  143], 20.00th=[  145],
     | 30.00th=[  145], 40.00th=[  145], 50.00th=[  147], 60.00th=[  147],
     | 70.00th=[  147], 80.00th=[  149], 90.00th=[  285], 95.00th=[  717],
     | 99.00th=[  938], 99.50th=[  938], 99.90th=[  963], 99.95th=[  963],
     | 99.99th=[  963]
    bw (KB  /s): min=   63, max=249027, per=100.00%, avg=46458.48, stdev=33081.99
    lat (usec) : 10=0.15%
    lat (msec) : 10=3.37%, 20=0.44%, 50=2.10%, 100=1.22%, 250=82.38%
    lat (msec) : 500=3.22%, 750=2.34%, 1000=4.78%
  cpu          : usr=0.90%, sys=4.96%, ctx=288740, majf=0, minf=28
  IO depths    : 1=0.1%, 2=0.2%, 4=0.4%, 8=99.3%, 16=0.0%, 32=0.0%, >=64=0.0%
     submit    : 0=0.0%, 4=100.0%, 8=0.0%, 16=0.0%, 32=0.0%, 64=0.0%, >=64=0.0%
     complete  : 0=0.0%, 4=99.9%, 8=0.0%, 16=0.1%, 32=0.0%, 64=0.0%, >=64=0.0%
     issued    : total=r=0/w=2049/d=0, short=r=0/w=0/d=0

Run status group 0 (all jobs):
   READ: io=3099.3MB, aggrb=50590KB/s, minb=17914KB/s, maxb=33449KB/s, mint=60021msec, maxt=62727msec
  WRITE: io=2049.0MB, aggrb=33535KB/s, minb=33535KB/s, maxb=33535KB/s, mint=62565msec, maxt=62565msec

Disk stats (read/write):
  xvdg: ios=54246/47828, merge=14/476746, ticks=538615/4874353, in_queue=5412919, util=99.24%
