randread-256: (g=0): rw=randread, bs=256-256/256-256/256-256, ioengine=libaio, iodepth=10
fio-2.1.4
Starting 1 process

randread-256: (groupid=0, jobs=1): err= 0: pid=27835: Sat Mar 15 11:10:51 2014
  read : io=133360KB, bw=2222.7KB/s, iops=8890, runt= 60000msec
    slat (usec): min=3, max=9950, avg=109.21, stdev=133.64
    clat (usec): min=3, max=11183, avg=1010.41, stdev=650.64
     lat (usec): min=7, max=11215, avg=1119.89, stdev=711.53
    clat percentiles (usec):
     |  1.00th=[   51],  5.00th=[   56], 10.00th=[  290], 20.00th=[  470],
     | 30.00th=[  564], 40.00th=[  748], 50.00th=[  916], 60.00th=[ 1096],
     | 70.00th=[ 1320], 80.00th=[ 1608], 90.00th=[ 1944], 95.00th=[ 2128],
     | 99.00th=[ 2448], 99.50th=[ 2768], 99.90th=[ 4512], 99.95th=[ 5536],
     | 99.99th=[ 6560]
    bw (KB  /s): min=  625, max= 6011, per=98.68%, avg=2192.58, stdev=1228.51
    lat (usec) : 4=0.01%, 10=0.01%, 20=0.01%, 50=0.16%, 100=6.11%
    lat (usec) : 250=0.01%, 500=15.41%, 750=18.57%, 1000=15.57%
    lat (msec) : 2=35.42%, 4=8.59%, 10=0.16%, 20=0.01%
  cpu          : usr=1.49%, sys=11.37%, ctx=230553, majf=0, minf=25
  IO depths    : 1=0.1%, 2=0.1%, 4=0.1%, 8=100.0%, 16=0.0%, 32=0.0%, >=64=0.0%
     submit    : 0=0.0%, 4=100.0%, 8=0.0%, 16=0.0%, 32=0.0%, 64=0.0%, >=64=0.0%
     complete  : 0=0.0%, 4=100.0%, 8=0.0%, 16=0.1%, 32=0.0%, 64=0.0%, >=64=0.0%
     issued    : total=r=533440/w=0/d=0, short=r=0/w=0/d=0

Run status group 0 (all jobs):
   READ: io=133360KB, aggrb=2222KB/s, minb=2222KB/s, maxb=2222KB/s, mint=60000msec, maxt=60000msec

Disk stats (read/write):
  xvdg: ios=230079/391, merge=0/2390, ticks=57227/37453, in_queue=87668, util=95.81%
