randread-1k-4k: (g=0): rw=randread, bs=1K-4K/1K-4K/1K-4K, ioengine=libaio, iodepth=10
seqread: (g=0): rw=read, bs=1M-1M/1M-1M/1M-1M, ioengine=libaio, iodepth=10
seqwrite: (g=0): rw=write, bs=1M-1M/1M-1M/1M-1M, ioengine=libaio, iodepth=10
fio-2.1.3
Starting 3 processes

randread-1k-4k: (groupid=0, jobs=1): err= 0: pid=2687: Fri May 27 18:22:40 2016
  read : io=7703.6MB, bw=131472KB/s, iops=61633, runt= 60001msec
    slat (usec): min=1, max=6383, avg= 5.42, stdev=11.17
    clat (usec): min=8, max=326069, avg=155.07, stdev=658.93
     lat (usec): min=22, max=326095, avg=160.64, stdev=659.09
    clat percentiles (usec):
     |  1.00th=[   78],  5.00th=[   88], 10.00th=[   93], 20.00th=[  102],
     | 30.00th=[  110], 40.00th=[  117], 50.00th=[  125], 60.00th=[  135],
     | 70.00th=[  149], 80.00th=[  165], 90.00th=[  197], 95.00th=[  302],
     | 99.00th=[  660], 99.50th=[  916], 99.90th=[ 1512], 99.95th=[ 1832],
     | 99.99th=[ 9920]
    bw (KB  /s): min=  749, max=176238, per=86.45%, avg=131381.79, stdev=30567.43
    lat (usec) : 10=0.01%, 20=0.01%, 50=0.10%, 100=16.45%, 250=77.38%
    lat (usec) : 500=4.17%, 750=1.16%, 1000=0.29%
    lat (msec) : 2=0.40%, 4=0.03%, 10=0.01%, 20=0.01%, 100=0.01%
    lat (msec) : 250=0.01%, 500=0.01%
  cpu          : usr=16.63%, sys=44.28%, ctx=813278, majf=0, minf=19
  IO depths    : 1=0.1%, 2=0.1%, 4=0.1%, 8=100.0%, 16=0.0%, 32=0.0%, >=64=0.0%
     submit    : 0=0.0%, 4=100.0%, 8=0.0%, 16=0.0%, 32=0.0%, 64=0.0%, >=64=0.0%
     complete  : 0=0.0%, 4=100.0%, 8=0.0%, 16=0.1%, 32=0.0%, 64=0.0%, >=64=0.0%
     issued    : total=r=3698062/w=0/d=0, short=r=0/w=0/d=0
seqread: (groupid=0, jobs=1): err= 0: pid=2688: Fri May 27 18:22:40 2016
  read : io=1202.0MB, bw=20513KB/s, iops=20, runt= 60002msec
    slat (usec): min=141, max=1040, avg=288.69, stdev=86.97
    clat (usec): min=353, max=338316, avg=4038.11, stdev=30245.20
     lat (usec): min=700, max=338570, avg=4327.44, stdev=30243.27
    clat percentiles (usec):
     |  1.00th=[  556],  5.00th=[  572], 10.00th=[  588], 20.00th=[  604],
     | 30.00th=[  612], 40.00th=[  636], 50.00th=[  652], 60.00th=[  676],
     | 70.00th=[  708], 80.00th=[  748], 90.00th=[  884], 95.00th=[ 1912],
     | 99.00th=[59136], 99.50th=[325632], 99.90th=[333824], 99.95th=[337920],
     | 99.99th=[337920]
    bw (KB  /s): min=17066, max=24526, per=13.50%, avg=20519.41, stdev=542.15
    lat (usec) : 500=0.17%, 750=79.78%, 1000=11.48%
    lat (msec) : 2=3.83%, 4=2.33%, 10=0.58%, 50=0.33%, 100=0.67%
    lat (msec) : 500=0.83%
  cpu          : usr=0.03%, sys=0.63%, ctx=2383, majf=0, minf=14
  IO depths    : 1=97.9%, 2=0.3%, 4=0.7%, 8=1.1%, 16=0.0%, 32=0.0%, >=64=0.0%
     submit    : 0=0.0%, 4=100.0%, 8=0.0%, 16=0.0%, 32=0.0%, 64=0.0%, >=64=0.0%
     complete  : 0=0.0%, 4=100.0%, 8=0.0%, 16=0.0%, 32=0.0%, 64=0.0%, >=64=0.0%
     issued    : total=r=1202/w=0/d=0, short=r=0/w=0/d=0
seqwrite: (groupid=0, jobs=1): err= 0: pid=2689: Fri May 27 18:22:40 2016
  write: io=1202.0MB, bw=20513KB/s, iops=20, runt= 60003msec
    slat (usec): min=158, max=1009, avg=341.03, stdev=87.36
    clat (usec): min=527, max=323735, avg=4150.95, stdev=27868.63
     lat (usec): min=914, max=323979, avg=4492.46, stdev=27864.38
    clat percentiles (usec):
     |  1.00th=[  660],  5.00th=[  684], 10.00th=[  724], 20.00th=[  820],
     | 30.00th=[  836], 40.00th=[  844], 50.00th=[  852], 60.00th=[  868],
     | 70.00th=[  884], 80.00th=[  900], 90.00th=[ 1032], 95.00th=[ 2672],
     | 99.00th=[87552], 99.50th=[288768], 99.90th=[321536], 99.95th=[325632],
     | 99.99th=[325632]
    bw (KB  /s): min=10124, max=33151, per=100.00%, avg=20557.35, stdev=1616.04
    lat (usec) : 750=10.15%, 1000=79.03%
    lat (msec) : 2=5.16%, 4=1.41%, 10=1.25%, 20=1.25%, 50=0.33%
    lat (msec) : 100=0.58%, 500=0.83%
  cpu          : usr=0.15%, sys=0.61%, ctx=2377, majf=0, minf=11
  IO depths    : 1=98.0%, 2=0.3%, 4=0.7%, 8=1.0%, 16=0.0%, 32=0.0%, >=64=0.0%
     submit    : 0=0.0%, 4=100.0%, 8=0.0%, 16=0.0%, 32=0.0%, 64=0.0%, >=64=0.0%
     complete  : 0=0.0%, 4=100.0%, 8=0.0%, 16=0.0%, 32=0.0%, 64=0.0%, >=64=0.0%
     issued    : total=r=0/w=1202/d=0, short=r=0/w=0/d=0

Run status group 0 (all jobs):
   READ: io=8905.6MB, aggrb=151983KB/s, minb=20513KB/s, maxb=131471KB/s, mint=60001msec, maxt=60002msec
  WRITE: io=1202.0MB, aggrb=20513KB/s, minb=20513KB/s, maxb=20513KB/s, mint=60003msec, maxt=60003msec

Disk stats (read/write):
  nvme0n1: ios=3705238/10833, merge=0/0, ticks=509132/40796, in_queue=549968, util=98.55%
