randread-1k-4k: (g=0): rw=randread, bs=1K-4K/1K-4K/1K-4K, ioengine=libaio, iodepth=10
seqread: (g=0): rw=read, bs=1M-1M/1M-1M/1M-1M, ioengine=libaio, iodepth=10
seqwrite: (g=0): rw=write, bs=1M-1M/1M-1M/1M-1M, ioengine=libaio, iodepth=10
fio-2.1.3
Starting 3 processes

randread-1k-4k: (groupid=0, jobs=1): err= 0: pid=869: Fri May 27 18:14:37 2016
  read : io=7627.8MB, bw=130178KB/s, iops=61011, runt= 60001msec
    slat (usec): min=1, max=5007, avg= 5.05, stdev=14.09
    clat (usec): min=8, max=318949, avg=157.26, stdev=867.63
     lat (usec): min=24, max=318969, avg=162.42, stdev=868.06
    clat percentiles (usec):
     |  1.00th=[   77],  5.00th=[   83], 10.00th=[   88], 20.00th=[   94],
     | 30.00th=[  100], 40.00th=[  105], 50.00th=[  111], 60.00th=[  117],
     | 70.00th=[  126], 80.00th=[  145], 90.00th=[  211], 95.00th=[  346],
     | 99.00th=[  732], 99.50th=[ 1128], 99.90th=[ 1864], 99.95th=[ 3760],
     | 99.99th=[25472]
    bw (KB  /s): min=  372, max=176458, per=61.43%, avg=130313.40, stdev=39217.18
    lat (usec) : 10=0.01%, 20=0.01%, 50=0.11%, 100=28.97%, 250=62.27%
    lat (usec) : 500=6.00%, 750=1.70%, 1000=0.32%
    lat (msec) : 2=0.55%, 4=0.04%, 10=0.02%, 20=0.02%, 50=0.01%
    lat (msec) : 100=0.01%, 250=0.01%, 500=0.01%
  cpu          : usr=14.47%, sys=40.04%, ctx=1153761, majf=0, minf=19
  IO depths    : 1=0.1%, 2=0.1%, 4=0.1%, 8=100.0%, 16=0.0%, 32=0.0%, >=64=0.0%
     submit    : 0=0.0%, 4=100.0%, 8=0.0%, 16=0.0%, 32=0.0%, 64=0.0%, >=64=0.0%
     complete  : 0=0.0%, 4=100.0%, 8=0.0%, 16=0.1%, 32=0.0%, 64=0.0%, >=64=0.0%
     issued    : total=r=3660749/w=0/d=0, short=r=0/w=0/d=0
seqread: (groupid=0, jobs=1): err= 0: pid=870: Fri May 27 18:14:37 2016
  read : io=4802.0MB, bw=81951KB/s, iops=80, runt= 60002msec
    slat (usec): min=70, max=1094, avg=279.13, stdev=100.44
    clat (usec): min=196, max=319871, avg=3625.10, stdev=17417.74
     lat (usec): min=636, max=320426, avg=3904.83, stdev=17424.45
    clat percentiles (usec):
     |  1.00th=[  572],  5.00th=[  596], 10.00th=[  612], 20.00th=[  636],
     | 30.00th=[  652], 40.00th=[  668], 50.00th=[  684], 60.00th=[  700],
     | 70.00th=[  724], 80.00th=[ 1048], 90.00th=[ 3184], 95.00th=[14272],
     | 99.00th=[63744], 99.50th=[93696], 99.90th=[309248], 99.95th=[313344],
     | 99.99th=[321536]
    bw (KB  /s): min=31124, max=149504, per=38.74%, avg=82169.03, stdev=8556.17
    lat (usec) : 250=0.02%, 500=0.19%, 750=73.95%, 1000=5.35%
    lat (msec) : 2=6.39%, 4=5.00%, 10=2.27%, 20=4.06%, 50=1.02%
    lat (msec) : 100=1.35%, 250=0.19%, 500=0.21%
  cpu          : usr=0.09%, sys=2.48%, ctx=9168, majf=0, minf=525
  IO depths    : 1=88.9%, 2=1.8%, 4=3.7%, 8=5.6%, 16=0.0%, 32=0.0%, >=64=0.0%
     submit    : 0=0.0%, 4=100.0%, 8=0.0%, 16=0.0%, 32=0.0%, 64=0.0%, >=64=0.0%
     complete  : 0=0.0%, 4=100.0%, 8=0.0%, 16=0.0%, 32=0.0%, 64=0.0%, >=64=0.0%
     issued    : total=r=4802/w=0/d=0, short=r=0/w=0/d=0
seqwrite: (groupid=0, jobs=1): err= 0: pid=871: Fri May 27 18:14:37 2016
  write: io=4802.0MB, bw=81950KB/s, iops=80, runt= 60003msec
    slat (usec): min=64, max=1227, avg=301.83, stdev=105.99
    clat (usec): min=378, max=349282, avg=4790.06, stdev=19549.36
     lat (usec): min=772, max=349679, avg=5092.55, stdev=19560.23
    clat percentiles (usec):
     |  1.00th=[  684],  5.00th=[  724], 10.00th=[  756], 20.00th=[  796],
     | 30.00th=[  820], 40.00th=[  844], 50.00th=[  860], 60.00th=[  884],
     | 70.00th=[  924], 80.00th=[ 1096], 90.00th=[ 5920], 95.00th=[18560],
     | 99.00th=[85504], 99.50th=[98816], 99.90th=[317440], 99.95th=[342016],
     | 99.99th=[350208]
    bw (KB  /s): min=31670, max=141312, per=100.00%, avg=82179.25, stdev=8194.33
    lat (usec) : 500=0.04%, 750=9.16%, 1000=67.87%
    lat (msec) : 2=6.54%, 4=4.14%, 10=5.56%, 20=1.83%, 50=1.77%
    lat (msec) : 100=2.64%, 250=0.23%, 500=0.21%
  cpu          : usr=0.55%, sys=2.19%, ctx=9074, majf=0, minf=10
  IO depths    : 1=87.0%, 2=2.2%, 4=4.5%, 8=6.2%, 16=0.0%, 32=0.0%, >=64=0.0%
     submit    : 0=0.0%, 4=100.0%, 8=0.0%, 16=0.0%, 32=0.0%, 64=0.0%, >=64=0.0%
     complete  : 0=0.0%, 4=100.0%, 8=0.0%, 16=0.0%, 32=0.0%, 64=0.0%, >=64=0.0%
     issued    : total=r=0/w=4802/d=0, short=r=0/w=0/d=0

Run status group 0 (all jobs):
   READ: io=12430MB, aggrb=212127KB/s, minb=81951KB/s, maxb=130178KB/s, mint=60001msec, maxt=60002msec
  WRITE: io=4802.0MB, aggrb=81950KB/s, minb=81950KB/s, maxb=81950KB/s, mint=60003msec, maxt=60003msec

Disk stats (read/write):
  nvme0n1: ios=3701138/43206, merge=0/0, ticks=658100/185496, in_queue=843688, util=99.78%
