randread-8k-16k: (g=0): rw=randread, bs=8K-16K/8K-16K/8K-16K, ioengine=libaio, iodepth=10
seqread: (g=0): rw=read, bs=1M-1M/1M-1M/1M-1M, ioengine=libaio, iodepth=10
seqwrite: (g=0): rw=write, bs=1M-1M/1M-1M/1M-1M, ioengine=libaio, iodepth=10
fio-2.1.3
Starting 3 processes

randread-8k-16k: (groupid=0, jobs=1): err= 0: pid=29730: Fri May 27 17:58:30 2016
  read : io=581288KB, bw=9687.4KB/s, iops=819, runt= 60005msec
    slat (usec): min=2, max=13193, avg=71.12, stdev=192.78
    clat (msec): min=1, max=115, avg=12.12, stdev= 4.98
     lat (msec): min=4, max=115, avg=12.19, stdev= 4.98
    clat percentiles (msec):
     |  1.00th=[    9],  5.00th=[   10], 10.00th=[   10], 20.00th=[   11],
     | 30.00th=[   11], 40.00th=[   11], 50.00th=[   12], 60.00th=[   12],
     | 70.00th=[   13], 80.00th=[   13], 90.00th=[   15], 95.00th=[   17],
     | 99.00th=[   31], 99.50th=[   33], 99.90th=[   95], 99.95th=[  101],
     | 99.99th=[  115]
    bw (KB  /s): min= 6016, max=11504, per=1.38%, avg=9691.53, stdev=946.67
    lat (msec) : 2=0.01%, 4=0.01%, 10=18.18%, 20=78.46%, 50=3.17%
    lat (msec) : 100=0.11%, 250=0.07%
  cpu          : usr=0.56%, sys=6.08%, ctx=38339, majf=0, minf=49
  IO depths    : 1=0.1%, 2=0.1%, 4=0.1%, 8=100.0%, 16=0.0%, 32=0.0%, >=64=0.0%
     submit    : 0=0.0%, 4=100.0%, 8=0.0%, 16=0.0%, 32=0.0%, 64=0.0%, >=64=0.0%
     complete  : 0=0.0%, 4=100.0%, 8=0.0%, 16=0.1%, 32=0.0%, 64=0.0%, >=64=0.0%
     issued    : total=r=49187/w=0/d=0, short=r=0/w=0/d=0
seqread: (groupid=0, jobs=1): err= 0: pid=29731: Fri May 27 17:58:30 2016
  read : io=40580MB, bw=692450KB/s, iops=676, runt= 60010msec
    slat (usec): min=67, max=13910, avg=279.77, stdev=186.23
    clat (usec): min=659, max=128839, avg=14497.20, stdev=5426.29
     lat (msec): min=5, max=129, avg=14.78, stdev= 5.42
    clat percentiles (msec):
     |  1.00th=[   11],  5.00th=[   12], 10.00th=[   12], 20.00th=[   13],
     | 30.00th=[   13], 40.00th=[   14], 50.00th=[   14], 60.00th=[   15],
     | 70.00th=[   15], 80.00th=[   16], 90.00th=[   17], 95.00th=[   19],
     | 99.00th=[   33], 99.50th=[   35], 99.90th=[  102], 99.95th=[  112],
     | 99.99th=[  124]
    bw (KB  /s): min=472143, max=778240, per=99.06%, avg=695536.21, stdev=57474.26
    lat (usec) : 750=0.01%
    lat (msec) : 4=0.01%, 10=0.39%, 20=95.29%, 50=4.09%, 100=0.12%
    lat (msec) : 250=0.10%
  cpu          : usr=0.33%, sys=18.76%, ctx=38540, majf=0, minf=525
  IO depths    : 1=0.1%, 2=0.1%, 4=0.1%, 8=99.9%, 16=0.0%, 32=0.0%, >=64=0.0%
     submit    : 0=0.0%, 4=100.0%, 8=0.0%, 16=0.0%, 32=0.0%, 64=0.0%, >=64=0.0%
     complete  : 0=0.0%, 4=100.0%, 8=0.0%, 16=0.1%, 32=0.0%, 64=0.0%, >=64=0.0%
     issued    : total=r=40580/w=0/d=0, short=r=0/w=0/d=0
seqwrite: (groupid=0, jobs=1): err= 0: pid=29732: Fri May 27 17:58:30 2016
  write: io=40368MB, bw=688878KB/s, iops=672, runt= 60006msec
    slat (usec): min=83, max=12143, avg=333.08, stdev=198.80
    clat (msec): min=5, max=126, avg=14.52, stdev= 5.37
     lat (msec): min=5, max=127, avg=14.85, stdev= 5.37
    clat percentiles (msec):
     |  1.00th=[   12],  5.00th=[   12], 10.00th=[   13], 20.00th=[   13],
     | 30.00th=[   13], 40.00th=[   14], 50.00th=[   14], 60.00th=[   15],
     | 70.00th=[   15], 80.00th=[   15], 90.00th=[   17], 95.00th=[   19],
     | 99.00th=[   34], 99.50th=[   35], 99.90th=[  100], 99.95th=[  112],
     | 99.99th=[  121]
    bw (KB  /s): min=439441, max=772096, per=100.00%, avg=690077.04, stdev=55232.96
    lat (msec) : 10=0.19%, 20=95.67%, 50=3.92%, 100=0.13%, 250=0.10%
  cpu          : usr=4.15%, sys=18.11%, ctx=40242, majf=0, minf=9
  IO depths    : 1=0.1%, 2=0.1%, 4=0.1%, 8=99.9%, 16=0.0%, 32=0.0%, >=64=0.0%
     submit    : 0=0.0%, 4=100.0%, 8=0.0%, 16=0.0%, 32=0.0%, 64=0.0%, >=64=0.0%
     complete  : 0=0.0%, 4=100.0%, 8=0.0%, 16=0.1%, 32=0.0%, 64=0.0%, >=64=0.0%
     issued    : total=r=0/w=40368/d=0, short=r=0/w=0/d=0

Run status group 0 (all jobs):
   READ: io=41148MB, aggrb=702136KB/s, minb=9687KB/s, maxb=692449KB/s, mint=60005msec, maxt=60010msec
  WRITE: io=40368MB, aggrb=688878KB/s, minb=688878KB/s, maxb=688878KB/s, mint=60006msec, maxt=60006msec

Disk stats (read/write):
  nvme0n1: ios=414050/362990, merge=0/0, ticks=5668852/5018836, in_queue=10708832, util=100.00%
