randread-128k-256k: (g=0): rw=randread, bs=128K-256K/128K-256K/128K-256K, ioengine=libaio, iodepth=10
seqread: (g=0): rw=read, bs=1M-1M/1M-1M/1M-1M, ioengine=libaio, iodepth=10
seqwrite: (g=0): rw=write, bs=1M-1M/1M-1M/1M-1M, ioengine=libaio, iodepth=10
fio-2.1.3
Starting 3 processes

randread-128k-256k: (groupid=0, jobs=1): err= 0: pid=5611: Fri May 27 18:35:46 2016
  read : io=100746MB, bw=1679.8MB/s, iops=9967, runt= 60001msec
    slat (usec): min=9, max=4893, avg=26.39, stdev=21.92
    clat (usec): min=193, max=74316, avg=974.83, stdev=628.61
     lat (usec): min=235, max=74348, avg=1001.34, stdev=629.30
    clat percentiles (usec):
     |  1.00th=[  620],  5.00th=[  700], 10.00th=[  748], 20.00th=[  804],
     | 30.00th=[  844], 40.00th=[  876], 50.00th=[  916], 60.00th=[  956],
     | 70.00th=[ 1004], 80.00th=[ 1064], 90.00th=[ 1224], 95.00th=[ 1448],
     | 99.00th=[ 1976], 99.50th=[ 2224], 99.90th=[ 3152], 99.95th=[ 9664],
     | 99.99th=[17280]
    bw (MB  /s): min= 1218, max= 1764, per=97.46%, avg=1675.31, stdev=115.48
    lat (usec) : 250=0.01%, 500=0.13%, 750=10.46%, 1000=58.81%
    lat (msec) : 2=29.66%, 4=0.87%, 10=0.02%, 20=0.04%, 50=0.01%
    lat (msec) : 100=0.01%
  cpu          : usr=2.37%, sys=30.13%, ctx=487928, majf=0, minf=648
  IO depths    : 1=0.1%, 2=0.1%, 4=0.1%, 8=100.0%, 16=0.0%, 32=0.0%, >=64=0.0%
     submit    : 0=0.0%, 4=100.0%, 8=0.0%, 16=0.0%, 32=0.0%, 64=0.0%, >=64=0.0%
     complete  : 0=0.0%, 4=100.0%, 8=0.0%, 16=0.1%, 32=0.0%, 64=0.0%, >=64=0.0%
     issued    : total=r=598083/w=0/d=0, short=r=0/w=0/d=0
seqread: (groupid=0, jobs=1): err= 0: pid=5612: Fri May 27 18:35:46 2016
  read : io=2402.0MB, bw=40992KB/s, iops=40, runt= 60003msec
    slat (usec): min=68, max=2425, avg=173.19, stdev=97.91
    clat (usec): min=561, max=72706, avg=1447.52, stdev=2608.45
     lat (usec): min=753, max=72855, avg=1621.14, stdev=2618.98
    clat percentiles (usec):
     |  1.00th=[  868],  5.00th=[ 1004], 10.00th=[ 1048], 20.00th=[ 1128],
     | 30.00th=[ 1176], 40.00th=[ 1208], 50.00th=[ 1240], 60.00th=[ 1288],
     | 70.00th=[ 1336], 80.00th=[ 1384], 90.00th=[ 1480], 95.00th=[ 1672],
     | 99.00th=[ 5600], 99.50th=[ 8512], 99.90th=[71168], 99.95th=[71168],
     | 99.99th=[73216]
    bw (KB  /s): min=35866, max=46823, per=2.33%, avg=41036.36, stdev=813.36
    lat (usec) : 750=0.33%, 1000=4.37%
    lat (msec) : 2=91.59%, 4=2.12%, 10=1.21%, 20=0.25%, 100=0.12%
  cpu          : usr=0.06%, sys=0.76%, ctx=4757, majf=0, minf=524
  IO depths    : 1=98.3%, 2=0.3%, 4=0.7%, 8=0.7%, 16=0.0%, 32=0.0%, >=64=0.0%
     submit    : 0=0.0%, 4=100.0%, 8=0.0%, 16=0.0%, 32=0.0%, 64=0.0%, >=64=0.0%
     complete  : 0=0.0%, 4=100.0%, 8=0.0%, 16=0.0%, 32=0.0%, 64=0.0%, >=64=0.0%
     issued    : total=r=2402/w=0/d=0, short=r=0/w=0/d=0
seqwrite: (groupid=0, jobs=1): err= 0: pid=5613: Fri May 27 18:35:46 2016
  write: io=2402.0MB, bw=40992KB/s, iops=40, runt= 60003msec
    slat (usec): min=75, max=1233, avg=180.39, stdev=77.10
    clat (usec): min=606, max=65229, avg=2121.42, stdev=2930.42
     lat (usec): min=808, max=65362, avg=2302.35, stdev=2945.22
    clat percentiles (usec):
     |  1.00th=[ 1256],  5.00th=[ 1384], 10.00th=[ 1464], 20.00th=[ 1560],
     | 30.00th=[ 1624], 40.00th=[ 1688], 50.00th=[ 1752], 60.00th=[ 1816],
     | 70.00th=[ 1880], 80.00th=[ 1976], 90.00th=[ 2128], 95.00th=[ 2352],
     | 99.00th=[15936], 99.50th=[19072], 99.90th=[63232], 99.95th=[63744],
     | 99.99th=[65280]
    bw (KB  /s): min=36230, max=45910, per=100.00%, avg=41028.87, stdev=835.10
    lat (usec) : 750=0.04%, 1000=0.04%
    lat (msec) : 2=82.01%, 4=15.15%, 10=1.04%, 20=1.46%, 50=0.12%
    lat (msec) : 100=0.12%
  cpu          : usr=0.29%, sys=0.59%, ctx=4763, majf=0, minf=9
  IO depths    : 1=98.4%, 2=0.3%, 4=0.7%, 8=0.6%, 16=0.0%, 32=0.0%, >=64=0.0%
     submit    : 0=0.0%, 4=100.0%, 8=0.0%, 16=0.0%, 32=0.0%, 64=0.0%, >=64=0.0%
     complete  : 0=0.0%, 4=100.0%, 8=0.0%, 16=0.0%, 32=0.0%, 64=0.0%, >=64=0.0%
     issued    : total=r=0/w=2402/d=0, short=r=0/w=0/d=0

Run status group 0 (all jobs):
   READ: io=103148MB, aggrb=1719.5MB/s, minb=40992KB/s, maxb=1679.8MB/s, mint=60001msec, maxt=60003msec
  WRITE: io=2402.0MB, aggrb=40992KB/s, minb=40992KB/s, maxb=40992KB/s, mint=60003msec, maxt=60003msec

Disk stats (read/write):
  nvme0n1: ios=1424408/21627, merge=0/0, ticks=1353560/29668, in_queue=1384000, util=99.95%
