randread-8k-16k: (g=0): rw=randread, bs=8K-16K/8K-16K/8K-16K, ioengine=libaio, iodepth=10
seqread: (g=0): rw=read, bs=1M-1M/1M-1M/1M-1M, ioengine=libaio, iodepth=10
seqwrite: (g=0): rw=write, bs=1M-1M/1M-1M/1M-1M, ioengine=libaio, iodepth=10
fio-2.1.3
Starting 3 processes

randread-8k-16k: (groupid=0, jobs=1): err= 0: pid=1105: Fri May 27 18:15:37 2016
  read : io=32331MB, bw=551779KB/s, iops=50984, runt= 60001msec
    slat (usec): min=1, max=3837, avg= 6.80, stdev=15.51
    clat (usec): min=1, max=74722, avg=187.74, stdev=483.06
     lat (usec): min=33, max=74746, avg=194.66, stdev=483.63
    clat percentiles (usec):
     |  1.00th=[   94],  5.00th=[  104], 10.00th=[  110], 20.00th=[  119],
     | 30.00th=[  127], 40.00th=[  135], 50.00th=[  143], 60.00th=[  153],
     | 70.00th=[  169], 80.00th=[  193], 90.00th=[  278], 95.00th=[  398],
     | 99.00th=[  780], 99.50th=[ 1128], 99.90th=[ 1688], 99.95th=[ 2544],
     | 99.99th=[15040]
    bw (KB  /s): min=195536, max=642496, per=86.96%, avg=551085.50, stdev=86634.47
    lat (usec) : 2=0.01%, 4=0.01%, 20=0.01%, 50=0.01%, 100=2.33%
    lat (usec) : 250=86.13%, 500=8.23%, 750=2.21%, 1000=0.42%
    lat (msec) : 2=0.59%, 4=0.03%, 10=0.02%, 20=0.02%, 50=0.01%
    lat (msec) : 100=0.01%
  cpu          : usr=12.26%, sys=44.42%, ctx=1004686, majf=0, minf=49
  IO depths    : 1=0.1%, 2=0.1%, 4=0.1%, 8=100.0%, 16=0.0%, 32=0.0%, >=64=0.0%
     submit    : 0=0.0%, 4=100.0%, 8=0.0%, 16=0.0%, 32=0.0%, 64=0.0%, >=64=0.0%
     complete  : 0=0.0%, 4=100.0%, 8=0.0%, 16=0.1%, 32=0.0%, 64=0.0%, >=64=0.0%
     issued    : total=r=3059145/w=0/d=0, short=r=0/w=0/d=0
seqread: (groupid=0, jobs=1): err= 0: pid=1106: Fri May 27 18:15:37 2016
  read : io=4802.0MB, bw=81951KB/s, iops=80, runt= 60002msec
    slat (usec): min=72, max=1225, avg=254.17, stdev=99.03
    clat (usec): min=364, max=64806, avg=1525.01, stdev=4110.54
     lat (usec): min=655, max=65241, avg=1779.65, stdev=4124.58
    clat percentiles (usec):
     |  1.00th=[  564],  5.00th=[  588], 10.00th=[  596], 20.00th=[  612],
     | 30.00th=[  628], 40.00th=[  636], 50.00th=[  652], 60.00th=[  668],
     | 70.00th=[  692], 80.00th=[  732], 90.00th=[ 1384], 95.00th=[ 4640],
     | 99.00th=[18560], 99.50th=[21120], 99.90th=[61696], 99.95th=[62208],
     | 99.99th=[64768]
    bw (KB  /s): min=70756, max=93646, per=12.94%, avg=82013.04, stdev=2135.56
    lat (usec) : 500=0.10%, 750=81.86%, 1000=5.48%
    lat (msec) : 2=4.64%, 4=2.64%, 10=1.25%, 20=3.31%, 50=0.50%
    lat (msec) : 100=0.21%
  cpu          : usr=0.13%, sys=2.22%, ctx=9336, majf=0, minf=525
  IO depths    : 1=94.3%, 2=1.0%, 4=2.1%, 8=2.6%, 16=0.0%, 32=0.0%, >=64=0.0%
     submit    : 0=0.0%, 4=100.0%, 8=0.0%, 16=0.0%, 32=0.0%, 64=0.0%, >=64=0.0%
     complete  : 0=0.0%, 4=100.0%, 8=0.0%, 16=0.0%, 32=0.0%, 64=0.0%, >=64=0.0%
     issued    : total=r=4802/w=0/d=0, short=r=0/w=0/d=0
seqwrite: (groupid=0, jobs=1): err= 0: pid=1107: Fri May 27 18:15:37 2016
  write: io=4802.0MB, bw=81938KB/s, iops=80, runt= 60012msec
    slat (usec): min=77, max=2374, avg=287.81, stdev=118.29
    clat (usec): min=297, max=73005, avg=2054.51, stdev=6235.96
     lat (usec): min=780, max=73306, avg=2342.93, stdev=6246.83
    clat percentiles (usec):
     |  1.00th=[  692],  5.00th=[  740], 10.00th=[  772], 20.00th=[  804],
     | 30.00th=[  836], 40.00th=[  860], 50.00th=[  876], 60.00th=[  900],
     | 70.00th=[  932], 80.00th=[  980], 90.00th=[ 2416], 95.00th=[ 6368],
     | 99.00th=[22656], 99.50th=[63232], 99.90th=[70144], 99.95th=[71168],
     | 99.99th=[73216]
    bw (KB  /s): min=66650, max=97523, per=100.00%, avg=82032.98, stdev=3854.70
    lat (usec) : 500=0.12%, 750=6.02%, 1000=76.55%
    lat (msec) : 2=6.54%, 4=3.33%, 10=4.31%, 20=1.77%, 50=0.58%
    lat (msec) : 100=0.77%
  cpu          : usr=0.47%, sys=2.14%, ctx=9276, majf=0, minf=9
  IO depths    : 1=91.6%, 2=1.7%, 4=3.3%, 8=3.4%, 16=0.0%, 32=0.0%, >=64=0.0%
     submit    : 0=0.0%, 4=100.0%, 8=0.0%, 16=0.0%, 32=0.0%, 64=0.0%, >=64=0.0%
     complete  : 0=0.0%, 4=100.0%, 8=0.0%, 16=0.0%, 32=0.0%, 64=0.0%, >=64=0.0%
     issued    : total=r=0/w=4802/d=0, short=r=0/w=0/d=0

Run status group 0 (all jobs):
   READ: io=37133MB, aggrb=633721KB/s, minb=81951KB/s, maxb=551778KB/s, mint=60001msec, maxt=60002msec
  WRITE: io=4802.0MB, aggrb=81937KB/s, minb=81937KB/s, maxb=81937KB/s, mint=60012msec, maxt=60012msec

Disk stats (read/write):
  nvme0n1: ios=3098224/43191, merge=0/0, ticks=572196/72580, in_queue=645100, util=99.80%
