randread-512: (g=0): rw=randread, bs=512-512/512-512/512-512, ioengine=libaio, iodepth=10
fio-2.1.3
Starting 1 process
randread-512: Laying out IO file(s) (1 file(s) / 5120MB)

randread-512: (groupid=0, jobs=1): err= 0: pid=28170: Fri May 27 17:51:27 2016
  read : io=1673.3MB, bw=28557KB/s, iops=57113, runt= 60001msec
    slat (usec): min=1, max=862, avg= 5.87, stdev= 9.18
    clat (usec): min=25, max=71356, avg=167.32, stdev=136.26
     lat (usec): min=41, max=71367, avg=173.34, stdev=136.35
    clat percentiles (usec):
     |  1.00th=[   82],  5.00th=[  105], 10.00th=[  119], 20.00th=[  135],
     | 30.00th=[  147], 40.00th=[  157], 50.00th=[  165], 60.00th=[  173],
     | 70.00th=[  183], 80.00th=[  193], 90.00th=[  205], 95.00th=[  217],
     | 99.00th=[  394], 99.50th=[  446], 99.90th=[  692], 99.95th=[ 1020],
     | 99.99th=[ 1528]
    bw (KB  /s): min=12256, max=35039, per=100.00%, avg=28558.61, stdev=2651.25
    lat (usec) : 50=0.01%, 100=3.85%, 250=94.15%, 500=1.74%, 750=0.16%
    lat (usec) : 1000=0.03%
    lat (msec) : 2=0.05%, 4=0.01%, 20=0.01%, 100=0.01%
  cpu          : usr=18.98%, sys=48.11%, ctx=376997, majf=0, minf=9
  IO depths    : 1=0.1%, 2=0.1%, 4=0.1%, 8=100.0%, 16=0.0%, 32=0.0%, >=64=0.0%
     submit    : 0=0.0%, 4=100.0%, 8=0.0%, 16=0.0%, 32=0.0%, 64=0.0%, >=64=0.0%
     complete  : 0=0.0%, 4=100.0%, 8=0.0%, 16=0.1%, 32=0.0%, 64=0.0%, >=64=0.0%
     issued    : total=r=3426858/w=0/d=0, short=r=0/w=0/d=0

Run status group 0 (all jobs):
   READ: io=1673.3MB, aggrb=28556KB/s, minb=28556KB/s, maxb=28556KB/s, mint=60001msec, maxt=60001msec

Disk stats (read/write):
  nvme0n1: ios=3421481/53, merge=0/0, ticks=305876/80, in_queue=305284, util=85.54%
