randread-8k: (g=0): rw=randread, bs=8K-8K/8K-8K/8K-8K, ioengine=libaio, iodepth=10
fio-2.1.3
Starting 1 process

randread-8k: (groupid=0, jobs=1): err= 0: pid=28392: Fri May 27 17:52:28 2016
  read : io=29771MB, bw=508086KB/s, iops=63510, runt= 60001msec
    slat (usec): min=1, max=652, avg= 5.79, stdev= 8.67
    clat (usec): min=8, max=3678, avg=150.02, stdev=49.63
     lat (usec): min=46, max=3682, avg=155.96, stdev=50.29
    clat percentiles (usec):
     |  1.00th=[   90],  5.00th=[   99], 10.00th=[  104], 20.00th=[  112],
     | 30.00th=[  119], 40.00th=[  127], 50.00th=[  137], 60.00th=[  149],
     | 70.00th=[  167], 80.00th=[  185], 90.00th=[  211], 95.00th=[  231],
     | 99.00th=[  334], 99.50th=[  394], 99.90th=[  502], 99.95th=[  540],
     | 99.99th=[  660]
    bw (KB  /s): min=375088, max=606832, per=100.00%, avg=508089.57, stdev=63192.41
    lat (usec) : 10=0.01%, 20=0.01%, 50=0.01%, 100=5.45%, 250=91.93%
    lat (usec) : 500=2.51%, 750=0.10%, 1000=0.01%
    lat (msec) : 2=0.01%, 4=0.01%
  cpu          : usr=16.83%, sys=49.35%, ctx=968568, majf=0, minf=27
  IO depths    : 1=0.1%, 2=0.1%, 4=0.1%, 8=100.0%, 16=0.0%, 32=0.0%, >=64=0.0%
     submit    : 0=0.0%, 4=100.0%, 8=0.0%, 16=0.0%, 32=0.0%, 64=0.0%, >=64=0.0%
     complete  : 0=0.0%, 4=100.0%, 8=0.0%, 16=0.1%, 32=0.0%, 64=0.0%, >=64=0.0%
     issued    : total=r=3810710/w=0/d=0, short=r=0/w=0/d=0

Run status group 0 (all jobs):
   READ: io=29771MB, aggrb=508086KB/s, minb=508086KB/s, maxb=508086KB/s, mint=60001msec, maxt=60001msec

Disk stats (read/write):
  nvme0n1: ios=3806446/0, merge=0/0, ticks=456744/0, in_queue=456440, util=98.42%
