randread-1k-4k: (g=0): rw=randread, bs=1K-4K/1K-4K/1K-4K, ioengine=libaio, iodepth=10
seqread: (g=0): rw=read, bs=1M-1M/1M-1M/1M-1M, ioengine=libaio, iodepth=10
seqwrite: (g=0): rw=write, bs=1M-1M/1M-1M/1M-1M, ioengine=libaio, iodepth=10
fio-2.1.3
Starting 3 processes

randread-1k-4k: (groupid=0, jobs=1): err= 0: pid=28489: Fri May 27 17:55:45 2016
  read : io=8331.2MB, bw=142183KB/s, iops=66919, runt= 60001msec
    slat (usec): min=1, max=4361, avg= 3.68, stdev=13.63
    clat (usec): min=9, max=92922, avg=144.72, stdev=516.96
     lat (usec): min=20, max=92954, avg=148.48, stdev=517.62
    clat percentiles (usec):
     |  1.00th=[   74],  5.00th=[   79], 10.00th=[   83], 20.00th=[   89],
     | 30.00th=[   94], 40.00th=[   99], 50.00th=[  104], 60.00th=[  110],
     | 70.00th=[  118], 80.00th=[  133], 90.00th=[  189], 95.00th=[  330],
     | 99.00th=[  740], 99.50th=[ 1160], 99.90th=[ 1752], 99.95th=[ 2768],
     | 99.99th=[16512]
    bw (KB  /s): min=12788, max=182814, per=63.48%, avg=142289.06, stdev=39903.95
    lat (usec) : 10=0.01%, 20=0.01%, 50=0.21%, 100=39.81%, 250=52.15%
    lat (usec) : 500=5.36%, 750=1.50%, 1000=0.31%
    lat (msec) : 2=0.58%, 4=0.04%, 10=0.02%, 20=0.01%, 50=0.01%
    lat (msec) : 100=0.01%
  cpu          : usr=13.74%, sys=31.40%, ctx=1912809, majf=0, minf=20
  IO depths    : 1=0.1%, 2=0.1%, 4=0.1%, 8=100.0%, 16=0.0%, 32=0.0%, >=64=0.0%
     submit    : 0=0.0%, 4=100.0%, 8=0.0%, 16=0.0%, 32=0.0%, 64=0.0%, >=64=0.0%
     complete  : 0=0.0%, 4=100.0%, 8=0.0%, 16=0.1%, 32=0.0%, 64=0.0%, >=64=0.0%
     issued    : total=r=4015262/w=0/d=0, short=r=0/w=0/d=0
seqread: (groupid=0, jobs=1): err= 0: pid=28490: Fri May 27 17:55:45 2016
  read : io=4802.0MB, bw=81951KB/s, iops=80, runt= 60002msec
    slat (usec): min=74, max=1828, avg=304.04, stdev=106.18
    clat (usec): min=240, max=84061, avg=2203.80, stdev=6946.98
     lat (usec): min=669, max=84336, avg=2508.56, stdev=6952.70
    clat percentiles (usec):
     |  1.00th=[  580],  5.00th=[  620], 10.00th=[  644], 20.00th=[  660],
     | 30.00th=[  684], 40.00th=[  692], 50.00th=[  708], 60.00th=[  724],
     | 70.00th=[  748], 80.00th=[  908], 90.00th=[ 2416], 95.00th=[ 9024],
     | 99.00th=[38656], 99.50th=[61696], 99.90th=[73216], 99.95th=[81408],
     | 99.99th=[84480]
    bw (KB  /s): min=68942, max=95302, per=36.60%, avg=82024.16, stdev=2458.49
    lat (usec) : 250=0.02%, 500=0.29%, 750=69.30%, 1000=11.64%
    lat (msec) : 2=6.83%, 4=5.02%, 10=2.04%, 20=3.02%, 50=1.10%
    lat (msec) : 100=0.73%
  cpu          : usr=0.13%, sys=2.69%, ctx=9390, majf=0, minf=525
  IO depths    : 1=92.1%, 2=1.4%, 4=2.8%, 8=3.7%, 16=0.0%, 32=0.0%, >=64=0.0%
     submit    : 0=0.0%, 4=100.0%, 8=0.0%, 16=0.0%, 32=0.0%, 64=0.0%, >=64=0.0%
     complete  : 0=0.0%, 4=100.0%, 8=0.0%, 16=0.0%, 32=0.0%, 64=0.0%, >=64=0.0%
     issued    : total=r=4802/w=0/d=0, short=r=0/w=0/d=0
seqwrite: (groupid=0, jobs=1): err= 0: pid=28491: Fri May 27 17:55:45 2016
  write: io=4802.0MB, bw=81951KB/s, iops=80, runt= 60002msec
    slat (usec): min=82, max=8514, avg=316.51, stdev=180.89
    clat (usec): min=140, max=100239, avg=2738.10, stdev=8784.43
     lat (usec): min=754, max=100550, avg=3055.52, stdev=8812.27
    clat percentiles (usec):
     |  1.00th=[  684],  5.00th=[  732], 10.00th=[  756], 20.00th=[  804],
     | 30.00th=[  828], 40.00th=[  852], 50.00th=[  876], 60.00th=[  900],
     | 70.00th=[  940], 80.00th=[ 1048], 90.00th=[ 3760], 95.00th=[ 8896],
     | 99.00th=[55552], 99.50th=[77312], 99.90th=[93696], 99.95th=[98816],
     | 99.99th=[99840]
    bw (KB  /s): min=66519, max=97717, per=100.00%, avg=82022.55, stdev=4038.20
    lat (usec) : 250=0.02%, 500=0.08%, 750=8.73%, 1000=68.78%
    lat (msec) : 2=8.93%, 4=3.96%, 10=4.98%, 20=2.04%, 50=1.35%
    lat (msec) : 100=1.10%, 250=0.02%
  cpu          : usr=0.58%, sys=2.29%, ctx=9183, majf=0, minf=10
  IO depths    : 1=89.5%, 2=2.0%, 4=4.1%, 8=4.3%, 16=0.0%, 32=0.0%, >=64=0.0%
     submit    : 0=0.0%, 4=100.0%, 8=0.0%, 16=0.0%, 32=0.0%, 64=0.0%, >=64=0.0%
     complete  : 0=0.0%, 4=100.0%, 8=0.0%, 16=0.0%, 32=0.0%, 64=0.0%, >=64=0.0%
     issued    : total=r=0/w=4802/d=0, short=r=0/w=0/d=0

Run status group 0 (all jobs):
   READ: io=13133MB, aggrb=224132KB/s, minb=81951KB/s, maxb=142183KB/s, mint=60001msec, maxt=60002msec
  WRITE: io=4802.0MB, aggrb=81951KB/s, minb=81951KB/s, maxb=81951KB/s, mint=60002msec, maxt=60002msec

Disk stats (read/write):
  nvme0n1: ios=4054947/43206, merge=0/0, ticks=625776/96984, in_queue=722572, util=99.72%
