randread-512k-1m: (g=0): rw=randread, bs=512K-1M/512K-1M/512K-1M, ioengine=libaio, iodepth=10
seqread: (g=0): rw=read, bs=1M-1M/1M-1M/1M-1M, ioengine=libaio, iodepth=10
seqwrite: (g=0): rw=write, bs=1M-1M/1M-1M/1M-1M, ioengine=libaio, iodepth=10
fio-2.1.3
Starting 3 processes

randread-512k-1m: (groupid=0, jobs=1): err= 0: pid=29386: Fri May 27 17:59:47 2016
  read : io=93884MB, bw=1564.7MB/s, iops=2319, runt= 60004msec
    slat (usec): min=33, max=16897, avg=170.09, stdev=117.45
    clat (msec): min=1, max=383, avg= 4.14, stdev= 4.67
     lat (msec): min=1, max=383, avg= 4.31, stdev= 4.68
    clat percentiles (msec):
     |  1.00th=[    3],  5.00th=[    3], 10.00th=[    3], 20.00th=[    4],
     | 30.00th=[    4], 40.00th=[    4], 50.00th=[    4], 60.00th=[    4],
     | 70.00th=[    5], 80.00th=[    5], 90.00th=[    5], 95.00th=[    6],
     | 99.00th=[   12], 99.50th=[   17], 99.90th=[   75], 99.95th=[   78],
     | 99.99th=[  149]
    bw (MB  /s): min=   27, max= 1818, per=94.80%, avg=1559.14, stdev=337.73
    lat (msec) : 2=0.09%, 4=62.15%, 10=36.52%, 20=0.88%, 50=0.19%
    lat (msec) : 100=0.16%, 250=0.01%, 500=0.01%
  cpu          : usr=0.59%, sys=39.10%, ctx=120633, majf=0, minf=525
  IO depths    : 1=0.1%, 2=0.1%, 4=0.1%, 8=99.9%, 16=0.0%, 32=0.0%, >=64=0.0%
     submit    : 0=0.0%, 4=100.0%, 8=0.0%, 16=0.0%, 32=0.0%, 64=0.0%, >=64=0.0%
     complete  : 0=0.0%, 4=100.0%, 8=0.0%, 16=0.1%, 32=0.0%, 64=0.0%, >=64=0.0%
     issued    : total=r=139205/w=0/d=0, short=r=0/w=0/d=0
seqread: (groupid=0, jobs=1): err= 0: pid=29387: Fri May 27 17:59:47 2016
  read : io=4802.0MB, bw=81946KB/s, iops=80, runt= 60006msec
    slat (usec): min=68, max=321488, avg=410.41, stdev=4824.82
    clat (usec): min=581, max=428385, avg=7959.53, stdev=19892.51
     lat (usec): min=890, max=428689, avg=8370.47, stdev=20838.17
    clat percentiles (msec):
     |  1.00th=[    3],  5.00th=[    4], 10.00th=[    4], 20.00th=[    4],
     | 30.00th=[    5], 40.00th=[    5], 50.00th=[    5], 60.00th=[    5],
     | 70.00th=[    5], 80.00th=[    6], 90.00th=[   10], 95.00th=[   23],
     | 99.00th=[   72], 99.50th=[   74], 99.90th=[  371], 99.95th=[  429],
     | 99.99th=[  429]
    bw (KB  /s): min=62346, max=112143, per=4.87%, avg=82022.95, stdev=4793.44
    lat (usec) : 750=0.02%, 1000=0.02%
    lat (msec) : 4=29.01%, 10=61.45%, 20=4.08%, 50=2.44%, 100=2.77%
    lat (msec) : 250=0.02%, 500=0.19%
  cpu          : usr=0.07%, sys=2.69%, ctx=9218, majf=0, minf=525
  IO depths    : 1=87.1%, 2=2.2%, 4=4.3%, 8=6.4%, 16=0.0%, 32=0.0%, >=64=0.0%
     submit    : 0=0.0%, 4=100.0%, 8=0.0%, 16=0.0%, 32=0.0%, 64=0.0%, >=64=0.0%
     complete  : 0=0.0%, 4=100.0%, 8=0.0%, 16=0.0%, 32=0.0%, 64=0.0%, >=64=0.0%
     issued    : total=r=4802/w=0/d=0, short=r=0/w=0/d=0
seqwrite: (groupid=0, jobs=1): err= 0: pid=29388: Fri May 27 17:59:47 2016
  write: io=4802.0MB, bw=81949KB/s, iops=80, runt= 60004msec
    slat (usec): min=90, max=64748, avg=365.03, stdev=955.39
    clat (usec): min=622, max=373574, avg=7973.43, stdev=20378.59
     lat (usec): min=952, max=373977, avg=8339.04, stdev=20418.04
    clat percentiles (msec):
     |  1.00th=[    4],  5.00th=[    4], 10.00th=[    4], 20.00th=[    4],
     | 30.00th=[    5], 40.00th=[    5], 50.00th=[    5], 60.00th=[    5],
     | 70.00th=[    5], 80.00th=[    6], 90.00th=[   11], 95.00th=[   19],
     | 99.00th=[   73], 99.50th=[   96], 99.90th=[  371], 99.95th=[  375],
     | 99.99th=[  375]
    bw (KB  /s): min=23450, max=138813, per=100.00%, avg=82049.93, stdev=8384.33
    lat (usec) : 750=0.02%
    lat (msec) : 2=0.04%, 4=25.93%, 10=63.64%, 20=5.83%, 50=1.94%
    lat (msec) : 100=2.14%, 250=0.25%, 500=0.21%
  cpu          : usr=0.54%, sys=2.52%, ctx=9269, majf=0, minf=10
  IO depths    : 1=88.0%, 2=2.0%, 4=3.9%, 8=6.1%, 16=0.0%, 32=0.0%, >=64=0.0%
     submit    : 0=0.0%, 4=100.0%, 8=0.0%, 16=0.0%, 32=0.0%, 64=0.0%, >=64=0.0%
     complete  : 0=0.0%, 4=100.0%, 8=0.0%, 16=0.0%, 32=0.0%, 64=0.0%, >=64=0.0%
     issued    : total=r=0/w=4802/d=0, short=r=0/w=0/d=0

Run status group 0 (all jobs):
   READ: io=98686MB, aggrb=1644.7MB/s, minb=81945KB/s, maxb=1564.7MB/s, mint=60004msec, maxt=60006msec
  WRITE: io=4802.0MB, aggrb=81948KB/s, minb=81948KB/s, maxb=81948KB/s, mint=60004msec, maxt=60004msec

Disk stats (read/write):
  nvme0n1: ios=932687/43203, merge=0/0, ticks=3935340/306980, in_queue=4245628, util=99.95%
