randread-128k-256k: (g=0): rw=randread, bs=128K-256K/128K-256K/128K-256K, ioengine=libaio, iodepth=10
seqread: (g=0): rw=read, bs=1M-1M/1M-1M/1M-1M, ioengine=libaio, iodepth=10
seqwrite: (g=0): rw=write, bs=1M-1M/1M-1M/1M-1M, ioengine=libaio, iodepth=10
fio-2.1.3
Starting 3 processes

randread-128k-256k: (groupid=0, jobs=1): err= 0: pid=26697: Fri May 27 17:47:42 2016
  read : io=6723.7MB, bw=114717KB/s, iops=655, runt= 60017msec
    slat (usec): min=10, max=74288, avg=118.28, stdev=411.99
    clat (msec): min=4, max=480, avg=15.14, stdev=10.57
     lat (msec): min=4, max=480, avg=15.26, stdev=10.60
    clat percentiles (msec):
     |  1.00th=[   10],  5.00th=[   11], 10.00th=[   11], 20.00th=[   12],
     | 30.00th=[   13], 40.00th=[   13], 50.00th=[   14], 60.00th=[   15],
     | 70.00th=[   16], 80.00th=[   17], 90.00th=[   18], 95.00th=[   21],
     | 99.00th=[   39], 99.50th=[   89], 99.90th=[  147], 99.95th=[  159],
     | 99.99th=[  338]
    bw (KB  /s): min=10358, max=134912, per=15.36%, avg=114866.34, stdev=23780.59
    lat (msec) : 10=3.68%, 20=90.95%, 50=4.53%, 100=0.46%, 250=0.35%
    lat (msec) : 500=0.03%
  cpu          : usr=0.49%, sys=7.88%, ctx=34592, majf=0, minf=139
  IO depths    : 1=0.1%, 2=0.1%, 4=0.1%, 8=100.0%, 16=0.0%, 32=0.0%, >=64=0.0%
     submit    : 0=0.0%, 4=100.0%, 8=0.0%, 16=0.0%, 32=0.0%, 64=0.0%, >=64=0.0%
     complete  : 0=0.0%, 4=100.0%, 8=0.0%, 16=0.1%, 32=0.0%, 64=0.0%, >=64=0.0%
     issued    : total=r=39322/w=0/d=0, short=r=0/w=0/d=0
seqread: (groupid=0, jobs=1): err= 0: pid=26698: Fri May 27 17:47:42 2016
  read : io=37095MB, bw=632877KB/s, iops=618, runt= 60020msec
    slat (usec): min=65, max=76207, avg=295.62, stdev=434.16
    clat (msec): min=4, max=370, avg=15.87, stdev=11.13
     lat (msec): min=4, max=371, avg=16.16, stdev=11.16
    clat percentiles (msec):
     |  1.00th=[   11],  5.00th=[   12], 10.00th=[   12], 20.00th=[   13],
     | 30.00th=[   14], 40.00th=[   14], 50.00th=[   15], 60.00th=[   15],
     | 70.00th=[   16], 80.00th=[   17], 90.00th=[   18], 95.00th=[   22],
     | 99.00th=[   39], 99.50th=[   98], 99.90th=[  151], 99.95th=[  188],
     | 99.99th=[  347]
    bw (KB  /s): min=70799, max=719457, per=84.80%, avg=633923.63, stdev=128704.12
    lat (msec) : 10=0.27%, 20=94.04%, 50=4.86%, 100=0.37%, 250=0.43%
    lat (msec) : 500=0.03%
  cpu          : usr=0.49%, sys=18.25%, ctx=33162, majf=0, minf=526
  IO depths    : 1=0.1%, 2=0.1%, 4=0.1%, 8=99.8%, 16=0.0%, 32=0.0%, >=64=0.0%
     submit    : 0=0.0%, 4=100.0%, 8=0.0%, 16=0.0%, 32=0.0%, 64=0.0%, >=64=0.0%
     complete  : 0=0.0%, 4=100.0%, 8=0.0%, 16=0.1%, 32=0.0%, 64=0.0%, >=64=0.0%
     issued    : total=r=37095/w=0/d=0, short=r=0/w=0/d=0
seqwrite: (groupid=0, jobs=1): err= 0: pid=26699: Fri May 27 17:47:42 2016
  write: io=36868MB, bw=629078KB/s, iops=614, runt= 60013msec
    slat (usec): min=84, max=77129, avg=351.78, stdev=442.43
    clat (msec): min=4, max=481, avg=15.91, stdev=10.95
     lat (msec): min=4, max=481, avg=16.27, stdev=10.98
    clat percentiles (msec):
     |  1.00th=[   12],  5.00th=[   12], 10.00th=[   13], 20.00th=[   13],
     | 30.00th=[   14], 40.00th=[   14], 50.00th=[   15], 60.00th=[   15],
     | 70.00th=[   16], 80.00th=[   17], 90.00th=[   18], 95.00th=[   22],
     | 99.00th=[   39], 99.50th=[   98], 99.90th=[  149], 99.95th=[  157],
     | 99.99th=[  347]
    bw (KB  /s): min=55387, max=716800, per=100.00%, avg=632106.73, stdev=120609.56
    lat (msec) : 10=0.17%, 20=94.24%, 50=4.70%, 100=0.40%, 250=0.46%
    lat (msec) : 500=0.03%
  cpu          : usr=3.67%, sys=17.98%, ctx=35142, majf=0, minf=11
  IO depths    : 1=0.1%, 2=0.1%, 4=0.1%, 8=99.8%, 16=0.0%, 32=0.0%, >=64=0.0%
     submit    : 0=0.0%, 4=100.0%, 8=0.0%, 16=0.0%, 32=0.0%, 64=0.0%, >=64=0.0%
     complete  : 0=0.0%, 4=100.0%, 8=0.0%, 16=0.1%, 32=0.0%, 64=0.0%, >=64=0.0%
     issued    : total=r=0/w=36868/d=0, short=r=0/w=0/d=0

Run status group 0 (all jobs):
   READ: io=43819MB, aggrb=747588KB/s, minb=114717KB/s, maxb=632877KB/s, mint=60017msec, maxt=60020msec
  WRITE: io=36868MB, aggrb=629077KB/s, minb=629077KB/s, maxb=629077KB/s, mint=60013msec, maxt=60013msec

Disk stats (read/write):
  nvme0n1: ios=426626/331577, merge=0/0, ticks=6366580/4931816, in_queue=11325308, util=100.00%
