randread-8k-16k: (g=0): rw=randread, bs=8K-16K/8K-16K/8K-16K, ioengine=libaio, iodepth=10
seqread: (g=0): rw=read, bs=1M-1M/1M-1M/1M-1M, ioengine=libaio, iodepth=10
seqwrite: (g=0): rw=write, bs=1M-1M/1M-1M/1M-1M, ioengine=libaio, iodepth=10
fio-2.1.3
Starting 3 processes

randread-8k-16k: (groupid=0, jobs=1): err= 0: pid=31410: Fri May 27 18:08:51 2016
  read : io=28556MB, bw=487343KB/s, iops=44995, runt= 60001msec
    slat (usec): min=1, max=7180, avg= 6.70, stdev=13.51
    clat (usec): min=1, max=289981, avg=213.85, stdev=1021.21
     lat (usec): min=34, max=289987, avg=220.68, stdev=1021.67
    clat percentiles (usec):
     |  1.00th=[   98],  5.00th=[  107], 10.00th=[  113], 20.00th=[  122],
     | 30.00th=[  129], 40.00th=[  137], 50.00th=[  147], 60.00th=[  157],
     | 70.00th=[  175], 80.00th=[  201], 90.00th=[  310], 95.00th=[  516],
     | 99.00th=[ 1240], 99.50th=[ 1464], 99.90th=[ 2416], 99.95th=[ 9792],
     | 99.99th=[34560]
    bw (KB  /s): min= 3302, max=674272, per=92.64%, avg=489417.77, stdev=154932.57
    lat (usec) : 2=0.01%, 20=0.01%, 50=0.01%, 100=1.42%, 250=85.92%
    lat (usec) : 500=7.47%, 750=2.68%, 1000=1.00%
    lat (msec) : 2=1.36%, 4=0.08%, 10=0.02%, 20=0.03%, 50=0.01%
    lat (msec) : 100=0.01%, 250=0.01%, 500=0.01%
  cpu          : usr=11.35%, sys=39.45%, ctx=881386, majf=0, minf=49
  IO depths    : 1=0.1%, 2=0.1%, 4=0.1%, 8=100.0%, 16=0.0%, 32=0.0%, >=64=0.0%
     submit    : 0=0.0%, 4=100.0%, 8=0.0%, 16=0.0%, 32=0.0%, 64=0.0%, >=64=0.0%
     complete  : 0=0.0%, 4=100.0%, 8=0.0%, 16=0.1%, 32=0.0%, 64=0.0%, >=64=0.0%
     issued    : total=r=2699799/w=0/d=0, short=r=0/w=0/d=0
seqread: (groupid=0, jobs=1): err= 0: pid=31411: Fri May 27 18:08:51 2016
  read : io=2402.0MB, bw=40993KB/s, iops=40, runt= 60002msec
    slat (usec): min=71, max=10523, avg=258.54, stdev=252.46
    clat (usec): min=355, max=283629, avg=5336.77, stdev=25535.64
     lat (usec): min=667, max=283906, avg=5595.75, stdev=25550.93
    clat percentiles (usec):
     |  1.00th=[  564],  5.00th=[  580], 10.00th=[  588], 20.00th=[  604],
     | 30.00th=[  620], 40.00th=[  628], 50.00th=[  644], 60.00th=[  660],
     | 70.00th=[  684], 80.00th=[  732], 90.00th=[ 5152], 95.00th=[24192],
     | 99.00th=[71168], 99.50th=[252928], 99.90th=[284672], 99.95th=[284672],
     | 99.99th=[284672]
    bw (KB  /s): min=19490, max=61472, per=7.77%, avg=41057.70, stdev=3757.39
    lat (usec) : 500=0.21%, 750=81.02%, 1000=3.33%
    lat (msec) : 2=1.79%, 4=3.00%, 10=2.16%, 20=2.50%, 50=3.83%
    lat (msec) : 100=1.33%, 250=0.21%, 500=0.62%
  cpu          : usr=0.03%, sys=1.14%, ctx=4571, majf=0, minf=525
  IO depths    : 1=90.7%, 2=1.7%, 4=3.3%, 8=4.3%, 16=0.0%, 32=0.0%, >=64=0.0%
     submit    : 0=0.0%, 4=100.0%, 8=0.0%, 16=0.0%, 32=0.0%, 64=0.0%, >=64=0.0%
     complete  : 0=0.0%, 4=100.0%, 8=0.0%, 16=0.0%, 32=0.0%, 64=0.0%, >=64=0.0%
     issued    : total=r=2402/w=0/d=0, short=r=0/w=0/d=0
seqwrite: (groupid=0, jobs=1): err= 0: pid=31412: Fri May 27 18:08:51 2016
  write: io=2402.0MB, bw=40992KB/s, iops=40, runt= 60003msec
    slat (usec): min=80, max=7924, avg=292.09, stdev=198.40
    clat (usec): min=373, max=334019, avg=6920.98, stdev=28747.51
     lat (usec): min=744, max=334348, avg=7213.52, stdev=28758.89
    clat percentiles (usec):
     |  1.00th=[  652],  5.00th=[  724], 10.00th=[  804], 20.00th=[  868],
     | 30.00th=[  884], 40.00th=[  900], 50.00th=[  924], 60.00th=[  964],
     | 70.00th=[  996], 80.00th=[ 1288], 90.00th=[11840], 95.00th=[37632],
     | 99.00th=[79360], 99.50th=[284672], 99.90th=[325632], 99.95th=[325632],
     | 99.99th=[333824]
    bw (KB  /s): min=17490, max=79712, per=100.00%, avg=41129.49, stdev=5342.72
    lat (usec) : 500=0.04%, 750=6.54%, 1000=63.45%
    lat (msec) : 2=14.28%, 4=1.75%, 10=2.79%, 20=3.75%, 50=4.58%
    lat (msec) : 100=2.00%, 500=0.83%
  cpu          : usr=0.27%, sys=1.04%, ctx=4560, majf=0, minf=11
  IO depths    : 1=90.2%, 2=1.8%, 4=3.7%, 8=4.3%, 16=0.0%, 32=0.0%, >=64=0.0%
     submit    : 0=0.0%, 4=100.0%, 8=0.0%, 16=0.0%, 32=0.0%, 64=0.0%, >=64=0.0%
     complete  : 0=0.0%, 4=100.0%, 8=0.0%, 16=0.0%, 32=0.0%, 64=0.0%, >=64=0.0%
     issued    : total=r=0/w=2402/d=0, short=r=0/w=0/d=0

Run status group 0 (all jobs):
   READ: io=30958MB, aggrb=528327KB/s, minb=40992KB/s, maxb=487343KB/s, mint=60001msec, maxt=60002msec
  WRITE: io=2402.0MB, aggrb=40992KB/s, minb=40992KB/s, maxb=40992KB/s, mint=60003msec, maxt=60003msec

Disk stats (read/write):
  nvme0n1: ios=2718621/21627, merge=0/0, ticks=634008/137292, in_queue=771976, util=99.88%
