randread-8k-16k: (g=0): rw=randread, bs=8K-16K/8K-16K/8K-16K, ioengine=libaio, iodepth=10
seqread: (g=0): rw=read, bs=1M-1M/1M-1M/1M-1M, ioengine=libaio, iodepth=10
seqwrite: (g=0): rw=write, bs=1M-1M/1M-1M/1M-1M, ioengine=libaio, iodepth=10
fio-2.1.3
Starting 3 processes

randread-8k-16k: (groupid=0, jobs=1): err= 0: pid=31184: Fri May 27 18:07:50 2016
  read : io=31091MB, bw=530615KB/s, iops=49139, runt= 60001msec
    slat (usec): min=1, max=1127, avg= 7.36, stdev=11.60
    clat (usec): min=1, max=121169, avg=194.23, stdev=416.29
     lat (usec): min=35, max=121192, avg=201.74, stdev=416.58
    clat percentiles (usec):
     |  1.00th=[   97],  5.00th=[  107], 10.00th=[  115], 20.00th=[  125],
     | 30.00th=[  135], 40.00th=[  145], 50.00th=[  157], 60.00th=[  173],
     | 70.00th=[  193], 80.00th=[  217], 90.00th=[  253], 95.00th=[  366],
     | 99.00th=[  828], 99.50th=[ 1240], 99.90th=[ 1640], 99.95th=[ 2128],
     | 99.99th=[10048]
    bw (KB  /s): min=147360, max=690688, per=96.18%, avg=530090.12, stdev=124563.91
    lat (usec) : 2=0.01%, 4=0.01%, 20=0.01%, 50=0.01%, 100=1.56%
    lat (usec) : 250=88.05%, 500=7.51%, 750=1.66%, 1000=0.49%
    lat (msec) : 2=0.67%, 4=0.03%, 10=0.01%, 20=0.01%, 50=0.01%
    lat (msec) : 100=0.01%, 250=0.01%
  cpu          : usr=14.05%, sys=47.09%, ctx=744563, majf=0, minf=50
  IO depths    : 1=0.1%, 2=0.1%, 4=0.1%, 8=100.0%, 16=0.0%, 32=0.0%, >=64=0.0%
     submit    : 0=0.0%, 4=100.0%, 8=0.0%, 16=0.0%, 32=0.0%, 64=0.0%, >=64=0.0%
     complete  : 0=0.0%, 4=100.0%, 8=0.0%, 16=0.1%, 32=0.0%, 64=0.0%, >=64=0.0%
     issued    : total=r=2948448/w=0/d=0, short=r=0/w=0/d=0
seqread: (groupid=0, jobs=1): err= 0: pid=31185: Fri May 27 18:07:50 2016
  read : io=1202.0MB, bw=20513KB/s, iops=20, runt= 60002msec
    slat (usec): min=74, max=1622, avg=221.70, stdev=98.82
    clat (usec): min=421, max=127102, avg=1106.00, stdev=4612.93
     lat (usec): min=661, max=127422, avg=1328.12, stdev=4624.96
    clat percentiles (usec):
     |  1.00th=[  548],  5.00th=[  572], 10.00th=[  580], 20.00th=[  596],
     | 30.00th=[  612], 40.00th=[  620], 50.00th=[  636], 60.00th=[  644],
     | 70.00th=[  668], 80.00th=[  700], 90.00th=[  844], 95.00th=[ 1576],
     | 99.00th=[11072], 99.50th=[13888], 99.90th=[43264], 99.95th=[127488],
     | 99.99th=[127488]
    bw (KB  /s): min=18927, max=24429, per=3.73%, avg=20532.65, stdev=478.78
    lat (usec) : 500=0.17%, 750=86.94%, 1000=4.24%
    lat (msec) : 2=4.74%, 4=2.16%, 10=0.58%, 20=0.67%, 50=0.42%
    lat (msec) : 250=0.08%
  cpu          : usr=0.06%, sys=0.46%, ctx=2398, majf=0, minf=525
  IO depths    : 1=99.3%, 2=0.2%, 4=0.3%, 8=0.2%, 16=0.0%, 32=0.0%, >=64=0.0%
     submit    : 0=0.0%, 4=100.0%, 8=0.0%, 16=0.0%, 32=0.0%, 64=0.0%, >=64=0.0%
     complete  : 0=0.0%, 4=100.0%, 8=0.0%, 16=0.0%, 32=0.0%, 64=0.0%, >=64=0.0%
     issued    : total=r=1202/w=0/d=0, short=r=0/w=0/d=0
seqwrite: (groupid=0, jobs=1): err= 0: pid=31186: Fri May 27 18:07:50 2016
  write: io=1202.0MB, bw=20513KB/s, iops=20, runt= 60003msec
    slat (usec): min=75, max=1517, avg=256.15, stdev=119.46
    clat (usec): min=557, max=128551, avg=1524.45, stdev=5813.75
     lat (usec): min=789, max=128740, avg=1781.00, stdev=5825.22
    clat percentiles (usec):
     |  1.00th=[  676],  5.00th=[  700], 10.00th=[  716], 20.00th=[  852],
     | 30.00th=[  868], 40.00th=[  884], 50.00th=[  892], 60.00th=[  916],
     | 70.00th=[  940], 80.00th=[  964], 90.00th=[ 1048], 95.00th=[ 1464],
     | 99.00th=[17280], 99.50th=[23168], 99.90th=[127488], 99.95th=[128512],
     | 99.99th=[128512]
    bw (KB  /s): min=19248, max=24429, per=100.00%, avg=20533.13, stdev=463.82
    lat (usec) : 750=14.39%, 1000=73.29%
    lat (msec) : 2=8.40%, 4=1.16%, 10=0.33%, 20=1.75%, 50=0.50%
    lat (msec) : 250=0.17%
  cpu          : usr=0.10%, sys=0.49%, ctx=2404, majf=0, minf=9
  IO depths    : 1=99.3%, 2=0.2%, 4=0.3%, 8=0.2%, 16=0.0%, 32=0.0%, >=64=0.0%
     submit    : 0=0.0%, 4=100.0%, 8=0.0%, 16=0.0%, 32=0.0%, 64=0.0%, >=64=0.0%
     complete  : 0=0.0%, 4=100.0%, 8=0.0%, 16=0.0%, 32=0.0%, 64=0.0%, >=64=0.0%
     issued    : total=r=0/w=1202/d=0, short=r=0/w=0/d=0

Run status group 0 (all jobs):
   READ: io=32293MB, aggrb=551119KB/s, minb=20513KB/s, maxb=530615KB/s, mint=60001msec, maxt=60002msec
  WRITE: io=1202.0MB, aggrb=20513KB/s, minb=20513KB/s, maxb=20513KB/s, mint=60003msec, maxt=60003msec

Disk stats (read/write):
  nvme0n1: ios=2956345/10836, merge=0/0, ticks=483548/12192, in_queue=496372, util=99.03%
