randread-512k-1m: (g=0): rw=randread, bs=512K-1M/512K-1M/512K-1M, ioengine=libaio, iodepth=10
seqread: (g=0): rw=read, bs=1M-1M/1M-1M/1M-1M, ioengine=libaio, iodepth=10
seqwrite: (g=0): rw=write, bs=1M-1M/1M-1M/1M-1M, ioengine=libaio, iodepth=10
fio-2.1.3
Starting 3 processes

randread-512k-1m: (groupid=0, jobs=1): err= 0: pid=1682: Fri May 27 18:20:56 2016
  read : io=104485MB, bw=1741.4MB/s, iops=2581, runt= 60004msec
    slat (usec): min=32, max=9527, avg=166.08, stdev=95.64
    clat (msec): min=1, max=322, avg= 3.70, stdev= 3.34
     lat (msec): min=1, max=322, avg= 3.87, stdev= 3.34
    clat percentiles (msec):
     |  1.00th=[    3],  5.00th=[    3], 10.00th=[    3], 20.00th=[    3],
     | 30.00th=[    4], 40.00th=[    4], 50.00th=[    4], 60.00th=[    4],
     | 70.00th=[    4], 80.00th=[    5], 90.00th=[    5], 95.00th=[    5],
     | 99.00th=[   11], 99.50th=[   13], 99.90th=[   19], 99.95th=[   48],
     | 99.99th=[  111]
    bw (MB  /s): min=  223, max= 2011, per=97.96%, avg=1745.00, stdev=303.81
    lat (msec) : 2=0.10%, 4=79.24%, 10=19.57%, 20=1.00%, 50=0.04%
    lat (msec) : 100=0.03%, 250=0.01%, 500=0.01%
  cpu          : usr=0.77%, sys=42.47%, ctx=133598, majf=0, minf=525
  IO depths    : 1=0.1%, 2=0.1%, 4=0.1%, 8=99.9%, 16=0.0%, 32=0.0%, >=64=0.0%
     submit    : 0=0.0%, 4=100.0%, 8=0.0%, 16=0.0%, 32=0.0%, 64=0.0%, >=64=0.0%
     complete  : 0=0.0%, 4=100.0%, 8=0.0%, 16=0.1%, 32=0.0%, 64=0.0%, >=64=0.0%
     issued    : total=r=154925/w=0/d=0, short=r=0/w=0/d=0
seqread: (groupid=0, jobs=1): err= 0: pid=1683: Fri May 27 18:20:56 2016
  read : io=2402.0MB, bw=40990KB/s, iops=40, runt= 60006msec
    slat (usec): min=77, max=3760, avg=267.95, stdev=141.19
    clat (usec): min=565, max=327347, avg=6004.54, stdev=21404.37
     lat (usec): min=739, max=327820, avg=6272.97, stdev=21410.58
    clat percentiles (msec):
     |  1.00th=[    3],  5.00th=[    3], 10.00th=[    3], 20.00th=[    4],
     | 30.00th=[    4], 40.00th=[    4], 50.00th=[    4], 60.00th=[    4],
     | 70.00th=[    4], 80.00th=[    5], 90.00th=[    5], 95.00th=[   10],
     | 99.00th=[   56], 99.50th=[   92], 99.90th=[  322], 99.95th=[  326],
     | 99.99th=[  326]
    bw (KB  /s): min=11314, max=66472, per=2.25%, avg=40991.25, stdev=4137.87
    lat (usec) : 750=0.08%, 1000=0.04%
    lat (msec) : 2=0.12%, 4=75.27%, 10=19.78%, 20=2.75%, 50=0.71%
    lat (msec) : 100=0.75%, 250=0.08%, 500=0.42%
  cpu          : usr=0.12%, sys=1.09%, ctx=4752, majf=0, minf=524
  IO depths    : 1=96.2%, 2=0.6%, 4=1.2%, 8=2.0%, 16=0.0%, 32=0.0%, >=64=0.0%
     submit    : 0=0.0%, 4=100.0%, 8=0.0%, 16=0.0%, 32=0.0%, 64=0.0%, >=64=0.0%
     complete  : 0=0.0%, 4=100.0%, 8=0.0%, 16=0.0%, 32=0.0%, 64=0.0%, >=64=0.0%
     issued    : total=r=2402/w=0/d=0, short=r=0/w=0/d=0
seqwrite: (groupid=0, jobs=1): err= 0: pid=1684: Fri May 27 18:20:56 2016
  write: io=2402.0MB, bw=40990KB/s, iops=40, runt= 60006msec
    slat (usec): min=101, max=8128, avg=353.70, stdev=214.00
    clat (usec): min=667, max=371404, avg=7061.12, stdev=22911.38
     lat (usec): min=949, max=371758, avg=7415.36, stdev=22919.07
    clat percentiles (msec):
     |  1.00th=[    4],  5.00th=[    4], 10.00th=[    4], 20.00th=[    4],
     | 30.00th=[    5], 40.00th=[    5], 50.00th=[    5], 60.00th=[    5],
     | 70.00th=[    5], 80.00th=[    6], 90.00th=[    6], 95.00th=[   13],
     | 99.00th=[   58], 99.50th=[   86], 99.90th=[  363], 99.95th=[  367],
     | 99.99th=[  371]
    bw (KB  /s): min=33660, max=56552, per=100.00%, avg=41046.93, stdev=2279.07
    lat (usec) : 750=0.04%
    lat (msec) : 2=0.08%, 4=26.94%, 10=66.44%, 20=4.25%, 50=0.67%
    lat (msec) : 100=1.12%, 250=0.04%, 500=0.42%
  cpu          : usr=0.23%, sys=1.35%, ctx=4748, majf=0, minf=10
  IO depths    : 1=95.8%, 2=0.7%, 4=1.3%, 8=2.2%, 16=0.0%, 32=0.0%, >=64=0.0%
     submit    : 0=0.0%, 4=100.0%, 8=0.0%, 16=0.0%, 32=0.0%, 64=0.0%, >=64=0.0%
     complete  : 0=0.0%, 4=100.0%, 8=0.0%, 16=0.0%, 32=0.0%, 64=0.0%, >=64=0.0%
     issued    : total=r=0/w=2402/d=0, short=r=0/w=0/d=0

Run status group 0 (all jobs):
   READ: io=106887MB, aggrb=1781.3MB/s, minb=40990KB/s, maxb=1741.4MB/s, mint=60004msec, maxt=60006msec
  WRITE: io=2402.0MB, aggrb=40990KB/s, minb=40990KB/s, maxb=40990KB/s, mint=60006msec, maxt=60006msec

Disk stats (read/write):
  nvme0n1: ios=1011496/21624, merge=0/0, ticks=3710232/134296, in_queue=3845596, util=99.92%
