randread-1k-4k: (g=0): rw=randread, bs=1K-4K/1K-4K/1K-4K, ioengine=libaio, iodepth=10
seqread: (g=0): rw=read, bs=1M-1M/1M-1M/1M-1M, ioengine=libaio, iodepth=10
seqwrite: (g=0): rw=write, bs=1M-1M/1M-1M/1M-1M, ioengine=libaio, iodepth=10
fio-2.1.3
Starting 3 processes

randread-1k-4k: (groupid=0, jobs=1): err= 0: pid=24461: Fri May 27 17:37:37 2016
  read : io=124251KB, bw=2068.1KB/s, iops=832, runt= 60056msec
    slat (usec): min=1, max=11856, avg=72.57, stdev=184.58
    clat (msec): min=4, max=162, avg=11.93, stdev= 7.36
     lat (msec): min=4, max=162, avg=12.00, stdev= 7.36
    clat percentiles (msec):
     |  1.00th=[    9],  5.00th=[   10], 10.00th=[   10], 20.00th=[   10],
     | 30.00th=[   11], 40.00th=[   11], 50.00th=[   11], 60.00th=[   12],
     | 70.00th=[   12], 80.00th=[   13], 90.00th=[   14], 95.00th=[   16],
     | 99.00th=[   32], 99.50th=[   73], 99.90th=[  105], 99.95th=[  125],
     | 99.99th=[  145]
    bw (KB  /s): min=  196, max= 2442, per=0.31%, avg=2077.77, stdev=349.55
    lat (msec) : 10=27.93%, 20=68.29%, 50=3.08%, 100=0.54%, 250=0.16%
  cpu          : usr=0.69%, sys=6.80%, ctx=39495, majf=0, minf=19
  IO depths    : 1=0.1%, 2=0.1%, 4=0.1%, 8=100.0%, 16=0.0%, 32=0.0%, >=64=0.0%
     submit    : 0=0.0%, 4=100.0%, 8=0.0%, 16=0.0%, 32=0.0%, 64=0.0%, >=64=0.0%
     complete  : 0=0.0%, 4=100.0%, 8=0.0%, 16=0.1%, 32=0.0%, 64=0.0%, >=64=0.0%
     issued    : total=r=50005/w=0/d=0, short=r=0/w=0/d=0
seqread: (groupid=0, jobs=1): err= 0: pid=24462: Fri May 27 17:37:37 2016
  read : io=39766MB, bw=678040KB/s, iops=662, runt= 60056msec
    slat (usec): min=72, max=20224, avg=283.46, stdev=248.62
    clat (msec): min=3, max=190, avg=14.81, stdev= 8.61
     lat (msec): min=4, max=190, avg=15.09, stdev= 8.62
    clat percentiles (msec):
     |  1.00th=[   11],  5.00th=[   12], 10.00th=[   12], 20.00th=[   13],
     | 30.00th=[   13], 40.00th=[   13], 50.00th=[   14], 60.00th=[   14],
     | 70.00th=[   15], 80.00th=[   15], 90.00th=[   17], 95.00th=[   20],
     | 99.00th=[   37], 99.50th=[   89], 99.90th=[  128], 99.95th=[  143],
     | 99.99th=[  161]
    bw (KB  /s): min=81108, max=786432, per=100.00%, avg=681912.56, stdev=110403.66
    lat (msec) : 4=0.01%, 10=0.39%, 20=94.79%, 50=3.96%, 100=0.53%
    lat (msec) : 250=0.32%
  cpu          : usr=0.30%, sys=18.54%, ctx=37185, majf=0, minf=525
  IO depths    : 1=0.1%, 2=0.1%, 4=0.1%, 8=99.9%, 16=0.0%, 32=0.0%, >=64=0.0%
     submit    : 0=0.0%, 4=100.0%, 8=0.0%, 16=0.0%, 32=0.0%, 64=0.0%, >=64=0.0%
     complete  : 0=0.0%, 4=100.0%, 8=0.0%, 16=0.1%, 32=0.0%, 64=0.0%, >=64=0.0%
     issued    : total=r=39766/w=0/d=0, short=r=0/w=0/d=0
seqwrite: (groupid=0, jobs=1): err= 0: pid=24463: Fri May 27 17:37:37 2016
  write: io=39268MB, bw=669716KB/s, iops=654, runt= 60041msec
    slat (usec): min=84, max=12538, avg=338.30, stdev=216.08
    clat (msec): min=5, max=161, avg=14.94, stdev= 8.63
     lat (msec): min=5, max=161, avg=15.28, stdev= 8.63
    clat percentiles (msec):
     |  1.00th=[   12],  5.00th=[   12], 10.00th=[   12], 20.00th=[   13],
     | 30.00th=[   13], 40.00th=[   14], 50.00th=[   14], 60.00th=[   14],
     | 70.00th=[   15], 80.00th=[   15], 90.00th=[   16], 95.00th=[   20],
     | 99.00th=[   38], 99.50th=[   90], 99.90th=[  130], 99.95th=[  141],
     | 99.99th=[  159]
    bw (KB  /s): min=78924, max=772096, per=100.00%, avg=672817.94, stdev=106219.66
    lat (msec) : 10=0.20%, 20=94.94%, 50=4.00%, 100=0.53%, 250=0.34%
  cpu          : usr=4.01%, sys=17.82%, ctx=39629, majf=0, minf=9
  IO depths    : 1=0.1%, 2=0.1%, 4=0.1%, 8=99.9%, 16=0.0%, 32=0.0%, >=64=0.0%
     submit    : 0=0.0%, 4=100.0%, 8=0.0%, 16=0.0%, 32=0.0%, 64=0.0%, >=64=0.0%
     complete  : 0=0.0%, 4=100.0%, 8=0.0%, 16=0.1%, 32=0.0%, 64=0.0%, >=64=0.0%
     issued    : total=r=0/w=39268/d=0, short=r=0/w=0/d=0

Run status group 0 (all jobs):
   READ: io=39887MB, aggrb=680109KB/s, minb=2068KB/s, maxb=678040KB/s, mint=60056msec, maxt=60056msec
  WRITE: io=39268MB, aggrb=669716KB/s, minb=669716KB/s, maxb=669716KB/s, mint=60041msec, maxt=60041msec

Disk stats (read/write):
  nvme0n1: ios=407747/353331, merge=0/0, ticks=5658624/5018184, in_queue=10704812, util=100.00%
