randread-1k: (g=0): rw=randread, bs=1K-1K/1K-1K/1K-1K, ioengine=libaio, iodepth=10
fio-2.1.3
Starting 1 process

randread-1k: (groupid=0, jobs=1): err= 0: pid=27374: Fri May 27 17:50:43 2016
  read : io=3394.9MB, bw=57938KB/s, iops=57938, runt= 60001msec
    slat (usec): min=1, max=3111, avg= 5.82, stdev= 9.24
    clat (usec): min=14, max=77903, avg=164.90, stdev=142.95
     lat (usec): min=39, max=77908, avg=170.87, stdev=143.03
    clat percentiles (usec):
     |  1.00th=[   81],  5.00th=[  103], 10.00th=[  117], 20.00th=[  133],
     | 30.00th=[  145], 40.00th=[  155], 50.00th=[  163], 60.00th=[  171],
     | 70.00th=[  181], 80.00th=[  191], 90.00th=[  203], 95.00th=[  215],
     | 99.00th=[  370], 99.50th=[  430], 99.90th=[  572], 99.95th=[  700],
     | 99.99th=[ 1416]
    bw (KB  /s): min=21306, max=68016, per=99.95%, avg=57911.68, stdev=5531.22
    lat (usec) : 20=0.01%, 50=0.02%, 100=4.22%, 250=94.01%, 500=1.60%
    lat (usec) : 750=0.11%, 1000=0.02%
    lat (msec) : 2=0.03%, 4=0.01%, 10=0.01%, 20=0.01%, 100=0.01%
  cpu          : usr=18.81%, sys=48.55%, ctx=381031, majf=0, minf=10
  IO depths    : 1=0.1%, 2=0.1%, 4=0.1%, 8=100.0%, 16=0.0%, 32=0.0%, >=64=0.0%
     submit    : 0=0.0%, 4=100.0%, 8=0.0%, 16=0.0%, 32=0.0%, 64=0.0%, >=64=0.0%
     complete  : 0=0.0%, 4=100.0%, 8=0.0%, 16=0.1%, 32=0.0%, 64=0.0%, >=64=0.0%
     issued    : total=r=3476347/w=0/d=0, short=r=0/w=0/d=0

Run status group 0 (all jobs):
   READ: io=3394.9MB, aggrb=57938KB/s, minb=57938KB/s, maxb=57938KB/s, mint=60001msec, maxt=60001msec

Disk stats (read/write):
  nvme0n1: ios=3473346/4, merge=0/0, ticks=309344/88, in_queue=308856, util=86.30%
