randread-16m: (g=0): rw=randread, bs=16M-16M/16M-16M/16M-16M, ioengine=libaio, iodepth=10
fio-2.1.3
Starting 1 process

randread-16m: (groupid=0, jobs=1): err= 0: pid=30055: Fri May 27 18:02:48 2016
  read : io=144496MB, bw=2407.9MB/s, iops=150, runt= 60011msec
    slat (usec): min=2599, max=13294, avg=6612.65, stdev=864.19
    clat (msec): min=6, max=70, avg=58.94, stdev= 5.39
     lat (msec): min=12, max=80, avg=65.55, stdev= 5.36
    clat percentiles (usec):
     |  1.00th=[29056],  5.00th=[56064], 10.00th=[56576], 20.00th=[57600],
     | 30.00th=[58112], 40.00th=[58624], 50.00th=[59136], 60.00th=[60160],
     | 70.00th=[60672], 80.00th=[61696], 90.00th=[62720], 95.00th=[63232],
     | 99.00th=[64768], 99.50th=[65280], 99.90th=[66048], 99.95th=[67072],
     | 99.99th=[71168]
    bw (MB  /s): min= 2059, max= 2464, per=97.59%, avg=2349.89, stdev=126.91
    lat (msec) : 10=0.32%, 20=0.33%, 50=1.41%, 100=97.94%
  cpu          : usr=0.14%, sys=47.90%, ctx=16640, majf=0, minf=598
  IO depths    : 1=0.3%, 2=0.6%, 4=1.3%, 8=97.8%, 16=0.0%, 32=0.0%, >=64=0.0%
     submit    : 0=0.0%, 4=100.0%, 8=0.0%, 16=0.0%, 32=0.0%, 64=0.0%, >=64=0.0%
     complete  : 0=0.0%, 4=99.7%, 8=0.0%, 16=0.3%, 32=0.0%, 64=0.0%, >=64=0.0%
     issued    : total=r=9031/w=0/d=0, short=r=0/w=0/d=0

Run status group 0 (all jobs):
   READ: io=144496MB, aggrb=2407.9MB/s, minb=2407.9MB/s, maxb=2407.9MB/s, mint=60011msec, maxt=60011msec

Disk stats (read/write):
  nvme0n1: ios=1200021/0, merge=0/0, ticks=9148568/0, in_queue=9150708, util=99.91%
