randread-4m: (g=0): rw=randread, bs=4M-4M/4M-4M/4M-4M, ioengine=libaio, iodepth=10
fio-2.1.3
Starting 1 process

randread-4m: (groupid=0, jobs=1): err= 0: pid=29833: Fri May 27 18:01:48 2016
  read : io=144216MB, bw=2403.4MB/s, iops=600, runt= 60007msec
    slat (usec): min=371, max=7063, avg=1653.68, stdev=1236.64
    clat (msec): min=6, max=21, avg=14.95, stdev= 1.56
     lat (msec): min=7, max=24, avg=16.60, stdev= 1.53
    clat percentiles (usec):
     |  1.00th=[11968],  5.00th=[12992], 10.00th=[13248], 20.00th=[13504],
     | 30.00th=[13888], 40.00th=[14144], 50.00th=[14528], 60.00th=[15296],
     | 70.00th=[16064], 80.00th=[16512], 90.00th=[17024], 95.00th=[17536],
     | 99.00th=[18304], 99.50th=[18560], 99.90th=[19328], 99.95th=[20352],
     | 99.99th=[21376]
    bw (MB  /s): min= 2331, max= 2448, per=99.84%, avg=2399.51, stdev=28.93
    lat (msec) : 10=0.22%, 20=99.72%, 50=0.06%
  cpu          : usr=0.21%, sys=54.69%, ctx=17869, majf=0, minf=539
  IO depths    : 1=0.1%, 2=0.2%, 4=0.3%, 8=99.4%, 16=0.0%, 32=0.0%, >=64=0.0%
     submit    : 0=0.0%, 4=100.0%, 8=0.0%, 16=0.0%, 32=0.0%, 64=0.0%, >=64=0.0%
     complete  : 0=0.0%, 4=99.9%, 8=0.0%, 16=0.1%, 32=0.0%, 64=0.0%, >=64=0.0%
     issued    : total=r=36054/w=0/d=0, short=r=0/w=0/d=0

Run status group 0 (all jobs):
   READ: io=144216MB, aggrb=2403.4MB/s, minb=2403.4MB/s, maxb=2403.4MB/s, mint=60007msec, maxt=60007msec

Disk stats (read/write):
  nvme0n1: ios=1224724/0, merge=0/0, ticks=8852332/0, in_queue=8852672, util=99.91%
