randread-16k: (g=0): rw=randread, bs=16K-16K/16K-16K/16K-16K, ioengine=libaio, iodepth=10
fio-2.1.3
Starting 1 process

randread-16k: (groupid=0, jobs=1): err= 0: pid=27818: Fri May 27 17:52:44 2016
  read : io=53652MB, bw=915638KB/s, iops=57227, runt= 60001msec
    slat (usec): min=2, max=633, avg= 6.34, stdev= 8.05
    clat (usec): min=9, max=3553, avg=167.03, stdev=50.88
     lat (usec): min=62, max=3561, avg=173.48, stdev=51.13
    clat percentiles (usec):
     |  1.00th=[  106],  5.00th=[  116], 10.00th=[  122], 20.00th=[  131],
     | 30.00th=[  139], 40.00th=[  147], 50.00th=[  155], 60.00th=[  165],
     | 70.00th=[  179], 80.00th=[  197], 90.00th=[  227], 95.00th=[  258],
     | 99.00th=[  354], 99.50th=[  394], 99.90th=[  498], 99.95th=[  540],
     | 99.99th=[  652]
    bw (KB  /s): min=802720, max=979360, per=99.88%, avg=914531.06, stdev=34097.73
    lat (usec) : 10=0.01%, 20=0.01%, 50=0.01%, 100=0.26%, 250=93.73%
    lat (usec) : 500=5.90%, 750=0.10%, 1000=0.01%
    lat (msec) : 4=0.01%
  cpu          : usr=12.77%, sys=47.41%, ctx=1402108, majf=0, minf=48
  IO depths    : 1=0.1%, 2=0.1%, 4=0.1%, 8=100.0%, 16=0.0%, 32=0.0%, >=64=0.0%
     submit    : 0=0.0%, 4=100.0%, 8=0.0%, 16=0.0%, 32=0.0%, 64=0.0%, >=64=0.0%
     complete  : 0=0.0%, 4=100.0%, 8=0.0%, 16=0.1%, 32=0.0%, 64=0.0%, >=64=0.0%
     issued    : total=r=3433698/w=0/d=0, short=r=0/w=0/d=0

Run status group 0 (all jobs):
   READ: io=53652MB, aggrb=915637KB/s, minb=915637KB/s, maxb=915637KB/s, mint=60001msec, maxt=60001msec

Disk stats (read/write):
  nvme0n1: ios=3430854/0, merge=0/0, ticks=528120/0, in_queue=527968, util=99.94%
