randread-32k: (g=0): rw=randread, bs=32K-32K/32K-32K/32K-32K, ioengine=libaio, iodepth=10
fio-2.1.3
Starting 1 process

randread-32k: (groupid=0, jobs=1): err= 0: pid=25352: Fri May 27 17:41:39 2016
  read : io=77395MB, bw=1289.1MB/s, iops=41276, runt= 60001msec
    slat (usec): min=2, max=639, avg= 9.12, stdev=10.40
    clat (usec): min=1, max=3247, avg=231.61, stdev=73.88
     lat (usec): min=88, max=3254, avg=240.86, stdev=73.78
    clat percentiles (usec):
     |  1.00th=[  133],  5.00th=[  149], 10.00th=[  159], 20.00th=[  175],
     | 30.00th=[  187], 40.00th=[  201], 50.00th=[  215], 60.00th=[  231],
     | 70.00th=[  251], 80.00th=[  278], 90.00th=[  326], 95.00th=[  374],
     | 99.00th=[  490], 99.50th=[  540], 99.90th=[  652], 99.95th=[  700],
     | 99.99th=[  812]
    bw (MB  /s): min= 1235, max= 1327, per=99.70%, avg=1286.00, stdev=21.86
    lat (usec) : 2=0.01%, 20=0.01%, 50=0.01%, 100=0.04%, 250=69.56%
    lat (usec) : 500=29.54%, 750=0.82%, 1000=0.02%
    lat (msec) : 2=0.01%, 4=0.01%
  cpu          : usr=10.29%, sys=47.26%, ctx=1085919, majf=0, minf=87
  IO depths    : 1=0.1%, 2=0.1%, 4=0.1%, 8=100.0%, 16=0.0%, 32=0.0%, >=64=0.0%
     submit    : 0=0.0%, 4=100.0%, 8=0.0%, 16=0.0%, 32=0.0%, 64=0.0%, >=64=0.0%
     complete  : 0=0.0%, 4=100.0%, 8=0.0%, 16=0.1%, 32=0.0%, 64=0.0%, >=64=0.0%
     issued    : total=r=2476642/w=0/d=0, short=r=0/w=0/d=0

Run status group 0 (all jobs):
   READ: io=77395MB, aggrb=1289.1MB/s, minb=1289.1MB/s, maxb=1289.1MB/s, mint=60001msec, maxt=60001msec

Disk stats (read/write):
  nvme0n1: ios=2474515/0, merge=0/0, ticks=538216/0, in_queue=538808, util=100.00%
