randread-256k: (g=0): rw=randread, bs=256K-256K/256K-256K/256K-256K, ioengine=libaio, iodepth=10
fio-2.1.3
Starting 1 process

randread-256k: (groupid=0, jobs=1): err= 0: pid=28269: Fri May 27 17:54:45 2016
  read : io=119421MB, bw=1990.3MB/s, iops=7961, runt= 60002msec
    slat (usec): min=15, max=3316, avg=30.54, stdev=18.89
    clat (usec): min=250, max=4827, avg=1224.02, stdev=203.80
     lat (usec): min=281, max=4855, avg=1254.66, stdev=202.69
    clat percentiles (usec):
     |  1.00th=[  884],  5.00th=[  972], 10.00th=[ 1012], 20.00th=[ 1064],
     | 30.00th=[ 1112], 40.00th=[ 1144], 50.00th=[ 1192], 60.00th=[ 1224],
     | 70.00th=[ 1288], 80.00th=[ 1368], 90.00th=[ 1496], 95.00th=[ 1624],
     | 99.00th=[ 1864], 99.50th=[ 1960], 99.90th=[ 2128], 99.95th=[ 2192],
     | 99.99th=[ 2416]
    bw (MB  /s): min= 1936, max= 2020, per=99.74%, avg=1985.07, stdev=17.62
    lat (usec) : 500=0.01%, 750=0.11%, 1000=8.18%
    lat (msec) : 2=91.36%, 4=0.34%, 10=0.01%
  cpu          : usr=1.59%, sys=26.73%, ctx=396820, majf=0, minf=647
  IO depths    : 1=0.1%, 2=0.1%, 4=0.1%, 8=100.0%, 16=0.0%, 32=0.0%, >=64=0.0%
     submit    : 0=0.0%, 4=100.0%, 8=0.0%, 16=0.0%, 32=0.0%, 64=0.0%, >=64=0.0%
     complete  : 0=0.0%, 4=100.0%, 8=0.0%, 16=0.1%, 32=0.0%, 64=0.0%, >=64=0.0%
     issued    : total=r=477684/w=0/d=0, short=r=0/w=0/d=0

Run status group 0 (all jobs):
   READ: io=119421MB, aggrb=1990.3MB/s, minb=1990.3MB/s, maxb=1990.3MB/s, mint=60002msec, maxt=60002msec

Disk stats (read/write):
  nvme0n1: ios=1431935/0, merge=0/0, ticks=1640752/0, in_queue=1640528, util=99.90%
