seqwrite: (g=0): rw=write, bs=1M-1M/1M-1M/1M-1M, ioengine=libaio, iodepth=10
fio-2.1.3
Starting 1 process
seqwrite: Laying out IO file(s) (1 file(s) / 5120MB)

seqwrite: (groupid=0, jobs=1): err= 0: pid=22765: Fri May 27 17:29:43 2016
  write: io=79446MB, bw=1323.9MB/s, iops=1323, runt= 60013msec
    slat (usec): min=53, max=56825, avg=311.66, stdev=230.35
    clat (msec): min=1, max=369, avg= 7.24, stdev= 8.44
     lat (msec): min=1, max=370, avg= 7.55, stdev= 8.46
    clat percentiles (msec):
     |  1.00th=[    6],  5.00th=[    6], 10.00th=[    6], 20.00th=[    6],
     | 30.00th=[    6], 40.00th=[    6], 50.00th=[    6], 60.00th=[    6],
     | 70.00th=[    7], 80.00th=[    7], 90.00th=[    8], 95.00th=[   13],
     | 99.00th=[   28], 99.50th=[   75], 99.90th=[  105], 99.95th=[  129],
     | 99.99th=[  359]
    bw (MB  /s): min=   41, max= 1612, per=99.82%, avg=1321.49, stdev=402.71
    lat (msec) : 2=0.01%, 4=0.21%, 10=93.37%, 20=3.30%, 50=2.46%
    lat (msec) : 100=0.52%, 250=0.11%, 500=0.01%
  cpu          : usr=6.79%, sys=34.53%, ctx=81420, majf=0, minf=9
  IO depths    : 1=0.1%, 2=0.1%, 4=0.1%, 8=99.9%, 16=0.0%, 32=0.0%, >=64=0.0%
     submit    : 0=0.0%, 4=100.0%, 8=0.0%, 16=0.0%, 32=0.0%, 64=0.0%, >=64=0.0%
     complete  : 0=0.0%, 4=100.0%, 8=0.0%, 16=0.1%, 32=0.0%, 64=0.0%, >=64=0.0%
     issued    : total=r=0/w=79446/d=0, short=r=0/w=0/d=0

Run status group 0 (all jobs):
  WRITE: io=79446MB, aggrb=1323.9MB/s, minb=1323.9MB/s, maxb=1323.9MB/s, mint=60013msec, maxt=60013msec

Disk stats (read/write):
  nvme0n1: ios=0/714874, merge=0/0, ticks=0/5014900, in_queue=5018600, util=99.92%
