randread-1k: (g=0): rw=randread, bs=1K-4K/1K-4K/1K-4K, ioengine=libaio, iodepth=10
seqread: (g=0): rw=read, bs=1M-1M/1M-1M/1M-1M, ioengine=libaio, iodepth=10
seqwrite: (g=0): rw=write, bs=1M-1M/1M-1M/1M-1M, ioengine=libaio, iodepth=10
fio-2.1.3
Starting 3 processes

randread-1k: (groupid=0, jobs=1): err= 0: pid=4101: Wed Apr  8 14:49:48 2015
  read : io=5666.7MB, bw=96708KB/s, iops=46378, runt= 60002msec
    slat (usec): min=1, max=2261, avg= 3.97, stdev= 8.37
    clat (usec): min=30, max=9201, avg=209.53, stdev=150.39
     lat (usec): min=53, max=10410, avg=214.12, stdev=151.63
    clat percentiles (usec):
     |  1.00th=[  133],  5.00th=[  147], 10.00th=[  155], 20.00th=[  165],
     | 30.00th=[  173], 40.00th=[  179], 50.00th=[  187], 60.00th=[  195],
     | 70.00th=[  205], 80.00th=[  219], 90.00th=[  247], 95.00th=[  302],
     | 99.00th=[  620], 99.50th=[ 1144], 99.90th=[ 2224], 99.95th=[ 2480],
     | 99.99th=[ 4448]
    bw (KB  /s): min=72936, max=119142, per=54.34%, avg=97144.28, stdev=8817.49
    lat (usec) : 50=0.01%, 100=0.20%, 250=90.39%, 500=7.44%, 750=1.22%
    lat (usec) : 1000=0.21%
    lat (msec) : 2=0.39%, 4=0.14%, 10=0.01%
  cpu          : usr=4.80%, sys=33.11%, ctx=1000417, majf=0, minf=197
  IO depths    : 1=0.1%, 2=0.1%, 4=0.1%, 8=100.0%, 16=0.0%, 32=0.0%, >=64=0.0%
     submit    : 0=0.0%, 4=100.0%, 8=0.0%, 16=0.0%, 32=0.0%, 64=0.0%, >=64=0.0%
     complete  : 0=0.0%, 4=100.0%, 8=0.0%, 16=0.1%, 32=0.0%, 64=0.0%, >=64=0.0%
     issued    : total=r=2782776/w=0/d=0, short=r=0/w=0/d=0
seqread: (groupid=0, jobs=1): err= 0: pid=4102: Wed Apr  8 14:49:48 2015
  read : io=4810.0MB, bw=82077KB/s, iops=80, runt= 60010msec
    slat (usec): min=44, max=1471, avg=100.58, stdev=53.91
    clat (usec): min=480, max=9031, avg=800.64, stdev=464.84
     lat (usec): min=531, max=9174, avg=902.02, stdev=482.84
    clat percentiles (usec):
     |  1.00th=[  506],  5.00th=[  532], 10.00th=[  556], 20.00th=[  620],
     | 30.00th=[  724], 40.00th=[  748], 50.00th=[  764], 60.00th=[  772],
     | 70.00th=[  788], 80.00th=[  804], 90.00th=[  844], 95.00th=[ 1208],
     | 99.00th=[ 2896], 99.50th=[ 3824], 99.90th=[ 6432], 99.95th=[ 7648],
     | 99.99th=[ 9024]
    bw (KB  /s): min=81431, max=85844, per=45.95%, avg=82139.21, stdev=777.28
    lat (usec) : 500=0.42%, 750=40.62%, 1000=53.31%
    lat (msec) : 2=4.22%, 4=0.96%, 10=0.48%
  cpu          : usr=1.44%, sys=10.41%, ctx=9678, majf=0, minf=2111
  IO depths    : 1=98.7%, 2=0.2%, 4=0.5%, 8=0.5%, 16=0.0%, 32=0.0%, >=64=0.0%
     submit    : 0=0.0%, 4=100.0%, 8=0.0%, 16=0.0%, 32=0.0%, 64=0.0%, >=64=0.0%
     complete  : 0=0.0%, 4=100.0%, 8=0.0%, 16=0.0%, 32=0.0%, 64=0.0%, >=64=0.0%
     issued    : total=r=4810/w=0/d=0, short=r=0/w=0/d=0
seqwrite: (groupid=0, jobs=1): err= 0: pid=4103: Wed Apr  8 14:49:48 2015
  write: io=4810.0MB, bw=82078KB/s, iops=80, runt= 60009msec
    slat (usec): min=42, max=999, avg=154.81, stdev=75.87
    clat (usec): min=246, max=6946, avg=543.32, stdev=426.62
     lat (usec): min=414, max=7258, avg=699.39, stdev=444.90
    clat percentiles (usec):
     |  1.00th=[  358],  5.00th=[  370], 10.00th=[  378], 20.00th=[  394],
     | 30.00th=[  402], 40.00th=[  414], 50.00th=[  426], 60.00th=[  458],
     | 70.00th=[  564], 80.00th=[  684], 90.00th=[  732], 95.00th=[  780],
     | 99.00th=[ 1880], 99.50th=[ 3568], 99.90th=[ 6368], 99.95th=[ 6496],
     | 99.99th=[ 6944]
    bw (KB  /s): min=81593, max=86016, per=100.00%, avg=82135.29, stdev=788.49
    lat (usec) : 250=0.02%, 500=65.28%, 750=27.34%, 1000=5.51%
    lat (msec) : 2=0.89%, 4=0.50%, 10=0.46%
  cpu          : usr=2.25%, sys=3.93%, ctx=9684, majf=0, minf=807
  IO depths    : 1=98.7%, 2=0.2%, 4=0.5%, 8=0.6%, 16=0.0%, 32=0.0%, >=64=0.0%
     submit    : 0=0.0%, 4=100.0%, 8=0.0%, 16=0.0%, 32=0.0%, 64=0.0%, >=64=0.0%
     complete  : 0=0.0%, 4=100.0%, 8=0.0%, 16=0.0%, 32=0.0%, 64=0.0%, >=64=0.0%
     issued    : total=r=0/w=4810/d=0, short=r=0/w=0/d=0

Run status group 0 (all jobs):
   READ: io=10477MB, aggrb=178771KB/s, minb=82076KB/s, maxb=96707KB/s, mint=60002msec, maxt=60010msec
  WRITE: io=4810.0MB, aggrb=82078KB/s, minb=82078KB/s, maxb=82078KB/s, mint=60009msec, maxt=60009msec

Disk stats (read/write):
  sdb: ios=2811601/38358, merge=0/11, ticks=574404/18448, in_queue=592760, util=99.72%
