randread-256k: (g=0): rw=randread, bs=256K-256K/256K-256K/256K-256K, ioengine=libaio, iodepth=10
fio-2.1.3
Starting 1 process

randread-256k: (groupid=0, jobs=1): err= 0: pid=4230: Wed Apr  8 15:03:55 2015
  read : io=90782MB, bw=1510.8MB/s, iops=6042, runt= 60092msec
    slat (usec): min=10, max=342, avg=20.73, stdev= 9.49
    clat (usec): min=299, max=206078, avg=1630.54, stdev=10625.34
     lat (usec): min=315, max=206103, avg=1652.17, stdev=10625.11
    clat percentiles (usec):
     |  1.00th=[  524],  5.00th=[  652], 10.00th=[  724], 20.00th=[  820],
     | 30.00th=[  892], 40.00th=[  956], 50.00th=[ 1032], 60.00th=[ 1112],
     | 70.00th=[ 1192], 80.00th=[ 1288], 90.00th=[ 1416], 95.00th=[ 1528],
     | 99.00th=[ 1752], 99.50th=[ 1960], 99.90th=[197632], 99.95th=[199680],
     | 99.99th=[201728]
    bw (MB  /s): min= 1363, max= 1492, per=93.69%, avg=1415.33, stdev=25.68
    lat (usec) : 500=0.67%, 750=11.78%, 1000=33.27%
    lat (msec) : 2=53.80%, 4=0.18%, 250=0.30%
  cpu          : usr=1.14%, sys=15.92%, ctx=258737, majf=0, minf=5211
  IO depths    : 1=0.1%, 2=0.1%, 4=0.1%, 8=99.8%, 16=0.0%, 32=0.0%, >=64=0.0%
     submit    : 0=0.0%, 4=100.0%, 8=0.0%, 16=0.0%, 32=0.0%, 64=0.0%, >=64=0.0%
     complete  : 0=0.0%, 4=100.0%, 8=0.0%, 16=0.1%, 32=0.0%, 64=0.0%, >=64=0.0%
     issued    : total=r=363129/w=0/d=0, short=r=0/w=0/d=0

Run status group 0 (all jobs):
   READ: io=90782MB, aggrb=1510.8MB/s, minb=1510.8MB/s, maxb=1510.8MB/s, mint=60092msec, maxt=60092msec

Disk stats (read/write):
  sdb: ios=726238/0, merge=0/0, ticks=1113656/0, in_queue=1116732, util=100.00%
