randread-1k: (g=0): rw=randread, bs=1K-1K/1K-1K/1K-1K, ioengine=libaio, iodepth=10
fio-2.1.3
Starting 1 process

randread-1k: (groupid=0, jobs=1): err= 0: pid=4206: Wed Apr  8 14:59:54 2015
  read : io=2926.5MB, bw=49944KB/s, iops=49943, runt= 60001msec
    slat (usec): min=1, max=1131, avg= 3.93, stdev= 4.55
    clat (usec): min=57, max=13806, avg=194.15, stdev=50.00
     lat (usec): min=59, max=13811, avg=198.75, stdev=50.20
    clat percentiles (usec):
     |  1.00th=[  139],  5.00th=[  149], 10.00th=[  155], 20.00th=[  165],
     | 30.00th=[  171], 40.00th=[  179], 50.00th=[  187], 60.00th=[  195],
     | 70.00th=[  205], 80.00th=[  219], 90.00th=[  245], 95.00th=[  270],
     | 99.00th=[  318], 99.50th=[  338], 99.90th=[  402], 99.95th=[  474],
     | 99.99th=[ 1592]
    bw (KB  /s): min=45908, max=52784, per=100.00%, avg=49950.00, stdev=1658.16
    lat (usec) : 100=0.01%, 250=91.04%, 500=8.90%, 750=0.02%, 1000=0.01%
    lat (msec) : 2=0.02%, 4=0.01%, 20=0.01%
  cpu          : usr=4.86%, sys=36.39%, ctx=860417, majf=0, minf=125
  IO depths    : 1=0.1%, 2=0.1%, 4=0.1%, 8=100.0%, 16=0.0%, 32=0.0%, >=64=0.0%
     submit    : 0=0.0%, 4=100.0%, 8=0.0%, 16=0.0%, 32=0.0%, 64=0.0%, >=64=0.0%
     complete  : 0=0.0%, 4=100.0%, 8=0.0%, 16=0.1%, 32=0.0%, 64=0.0%, >=64=0.0%
     issued    : total=r=2996666/w=0/d=0, short=r=0/w=0/d=0

Run status group 0 (all jobs):
   READ: io=2926.5MB, aggrb=49943KB/s, minb=49943KB/s, maxb=49943KB/s, mint=60001msec, maxt=60001msec

Disk stats (read/write):
  sdb: ios=2990942/0, merge=0/0, ticks=555144/0, in_queue=554980, util=99.98%
