seqwrite: (g=0): rw=write, bs=1M-1M/1M-1M/1M-1M, ioengine=libaio, iodepth=10
fio-2.1.3
Starting 1 process

seqwrite: (groupid=0, jobs=1): err= 0: pid=4261: Wed Apr  8 15:08:58 2015
  write: io=45430MB, bw=773933KB/s, iops=755, runt= 60109msec
    slat (usec): min=43, max=4253, avg=172.09, stdev=79.75
    clat (msec): min=1, max=218, avg=13.05, stdev=36.57
     lat (msec): min=1, max=218, avg=13.23, stdev=36.57
    clat percentiles (msec):
     |  1.00th=[    3],  5.00th=[    3], 10.00th=[    3], 20.00th=[    3],
     | 30.00th=[    3], 40.00th=[    3], 50.00th=[    3], 60.00th=[    4],
     | 70.00th=[    4], 80.00th=[    5], 90.00th=[   11], 95.00th=[  149],
     | 99.00th=[  157], 99.50th=[  159], 99.90th=[  165], 99.95th=[  165],
     | 99.99th=[  219]
    bw (KB  /s): min=609010, max=1613824, per=99.31%, avg=768561.72, stdev=92013.63
    lat (msec) : 2=0.35%, 4=78.78%, 10=10.72%, 20=3.68%, 50=0.01%
    lat (msec) : 100=0.02%, 250=6.45%
  cpu          : usr=2.11%, sys=11.62%, ctx=35994, majf=0, minf=3702
  IO depths    : 1=0.1%, 2=0.1%, 4=0.1%, 8=99.9%, 16=0.0%, 32=0.0%, >=64=0.0%
     submit    : 0=0.0%, 4=100.0%, 8=0.0%, 16=0.0%, 32=0.0%, 64=0.0%, >=64=0.0%
     complete  : 0=0.0%, 4=100.0%, 8=0.0%, 16=0.1%, 32=0.0%, 64=0.0%, >=64=0.0%
     issued    : total=r=0/w=45430/d=0, short=r=0/w=0/d=0

Run status group 0 (all jobs):
  WRITE: io=45430MB, aggrb=773932KB/s, minb=773932KB/s, maxb=773932KB/s, mint=60109msec, maxt=60109msec

Disk stats (read/write):
  sdb: ios=0/362167, merge=0/11, ticks=0/4221896, in_queue=4231664, util=99.98%
