randread-1k: (g=0): rw=randread, bs=1K-4K/1K-4K/1K-4K, ioengine=libaio, iodepth=10
seqread: (g=0): rw=read, bs=1M-1M/1M-1M/1M-1M, ioengine=libaio, iodepth=10
seqwrite: (g=0): rw=write, bs=1M-1M/1M-1M/1M-1M, ioengine=libaio, iodepth=10
fio-2.1.4
Starting 3 processes

randread-1k: (groupid=0, jobs=1): err= 0: pid=1802: Sat Mar 15 04:10:08 2014
  read : io=30453KB, bw=519679B/s, iops=204, runt= 60006msec
    slat (usec): min=3, max=210152, avg=4888.99, stdev=8570.38
    clat (usec): min=5, max=522369, avg=43959.55, stdev=44837.11
     lat (usec): min=63, max=575749, avg=48848.90, stdev=49239.68
    clat percentiles (msec):
     |  1.00th=[    7],  5.00th=[   14], 10.00th=[   18], 20.00th=[   24],
     | 30.00th=[   29], 40.00th=[   33], 50.00th=[   38], 60.00th=[   42],
     | 70.00th=[   46], 80.00th=[   52], 90.00th=[   61], 95.00th=[   73],
     | 99.00th=[  289], 99.50th=[  371], 99.90th=[  486], 99.95th=[  506],
     | 99.99th=[  523]
    bw (KB  /s): min=   42, max= 1117, per=4.73%, avg=509.54, stdev=244.19
    lat (usec) : 10=0.01%, 100=0.08%, 500=0.01%, 750=0.02%
    lat (msec) : 2=0.06%, 4=0.15%, 10=2.28%, 20=11.15%, 50=63.72%
    lat (msec) : 100=19.06%, 250=2.03%, 500=1.36%, 750=0.07%
  cpu          : usr=0.08%, sys=0.40%, ctx=8225, majf=0, minf=35
  IO depths    : 1=0.1%, 2=0.1%, 4=0.1%, 8=99.9%, 16=0.0%, 32=0.0%, >=64=0.0%
     submit    : 0=0.0%, 4=100.0%, 8=0.0%, 16=0.0%, 32=0.0%, 64=0.0%, >=64=0.0%
     complete  : 0=0.0%, 4=100.0%, 8=0.0%, 16=0.1%, 32=0.0%, 64=0.0%, >=64=0.0%
     issued    : total=r=12259/w=0/d=0, short=r=0/w=0/d=0
seqread: (groupid=0, jobs=1): err= 0: pid=1803: Sat Mar 15 04:10:08 2014
  read : io=616448KB, bw=10270KB/s, iops=10, runt= 60023msec
    slat (usec): min=190, max=223063, avg=20541.64, stdev=31112.86
    clat (usec): min=1, max=1021.2K, avg=51464.43, stdev=163822.84
     lat (usec): min=196, max=1021.5K, avg=72008.68, stdev=177473.43
    clat percentiles (usec):
     |  1.00th=[    2],  5.00th=[    2], 10.00th=[    2], 20.00th=[    2],
     | 30.00th=[    2], 40.00th=[    3], 50.00th=[    3], 60.00th=[    3],
     | 70.00th=[    3], 80.00th=[   21], 90.00th=[128512], 95.00th=[493568],
     | 99.00th=[847872], 99.50th=[921600], 99.90th=[1019904], 99.95th=[1019904],
     | 99.99th=[1019904]
    bw (KB  /s): min=  686, max=34185, per=95.96%, avg=10341.42, stdev=3542.88
    lat (usec) : 2=0.33%, 4=73.75%, 10=4.49%, 20=0.83%, 50=0.66%
    lat (usec) : 500=0.50%, 750=0.50%, 1000=0.50%
    lat (msec) : 2=0.83%, 4=0.66%, 10=0.66%, 20=0.83%, 50=2.99%
    lat (msec) : 100=2.16%, 250=2.33%, 500=4.15%, 750=2.49%, 1000=1.00%
    lat (msec) : 2000=0.33%
  cpu          : usr=0.11%, sys=0.72%, ctx=5415, majf=0, minf=2588
  IO depths    : 1=80.1%, 2=2.7%, 4=5.3%, 8=12.0%, 16=0.0%, 32=0.0%, >=64=0.0%
     submit    : 0=0.0%, 4=100.0%, 8=0.0%, 16=0.0%, 32=0.0%, 64=0.0%, >=64=0.0%
     complete  : 0=0.0%, 4=100.0%, 8=0.0%, 16=0.0%, 32=0.0%, 64=0.0%, >=64=0.0%
     issued    : total=r=602/w=0/d=0, short=r=0/w=0/d=0
seqwrite: (groupid=0, jobs=1): err= 0: pid=1804: Sat Mar 15 04:10:08 2014
  write: io=616448KB, bw=10272KB/s, iops=10, runt= 60014msec
    slat (usec): min=541, max=222692, avg=15572.59, stdev=31446.20
    clat (usec): min=2, max=1017.9K, avg=50084.64, stdev=163508.93
     lat (usec): min=547, max=1019.6K, avg=65659.81, stdev=178564.77
    clat percentiles (usec):
     |  1.00th=[    2],  5.00th=[    2], 10.00th=[    2], 20.00th=[    2],
     | 30.00th=[    3], 40.00th=[    3], 50.00th=[    3], 60.00th=[    3],
     | 70.00th=[    3], 80.00th=[   10], 90.00th=[99840], 95.00th=[489472],
     | 99.00th=[847872], 99.50th=[921600], 99.90th=[1019904], 99.95th=[1019904],
     | 99.99th=[1019904]
    bw (KB  /s): min=  686, max=33978, per=100.00%, avg=10460.80, stdev=4219.92
    lat (usec) : 4=75.42%, 10=4.32%, 20=1.66%, 50=0.33%, 1000=0.66%
    lat (msec) : 2=0.50%, 4=0.83%, 10=1.66%, 20=0.66%, 50=2.16%
    lat (msec) : 100=1.66%, 250=2.16%, 500=4.15%, 750=2.33%, 1000=1.16%
    lat (msec) : 2000=0.33%
  cpu          : usr=0.25%, sys=0.61%, ctx=3521, majf=0, minf=28
  IO depths    : 1=81.7%, 2=2.3%, 4=4.7%, 8=11.3%, 16=0.0%, 32=0.0%, >=64=0.0%
     submit    : 0=0.0%, 4=100.0%, 8=0.0%, 16=0.0%, 32=0.0%, 64=0.0%, >=64=0.0%
     complete  : 0=0.0%, 4=100.0%, 8=0.0%, 16=0.0%, 32=0.0%, 64=0.0%, >=64=0.0%
     issued    : total=r=0/w=602/d=0, short=r=0/w=0/d=0

Run status group 0 (all jobs):
   READ: io=646901KB, aggrb=10777KB/s, minb=507KB/s, maxb=10270KB/s, mint=60006msec, maxt=60023msec
  WRITE: io=616448KB, aggrb=10271KB/s, minb=10271KB/s, maxb=10271KB/s, mint=60014msec, maxt=60014msec

Disk stats (read/write):
  xvdf: ios=22673/12502, merge=8/124391, ticks=214897/1273368, in_queue=1488263, util=99.43%
