randread-1k: (g=0): rw=randread, bs=1K-4K/1K-4K/1K-4K, ioengine=libaio, iodepth=10
seqread: (g=0): rw=read, bs=1M-1M/1M-1M/1M-1M, ioengine=libaio, iodepth=10
seqwrite: (g=0): rw=write, bs=1M-1M/1M-1M/1M-1M, ioengine=libaio, iodepth=10
fio-2.1.4
Starting 3 processes

randread-1k: (groupid=0, jobs=1): err= 0: pid=1814: Sat Mar 15 04:11:08 2014
  read : io=44079KB, bw=752269B/s, iops=297, runt= 60001msec
    slat (usec): min=3, max=306826, avg=3319.81, stdev=9893.80
    clat (usec): min=5, max=557486, avg=29893.82, stdev=48136.95
     lat (usec): min=56, max=557494, avg=33213.88, stdev=52704.83
    clat percentiles (usec):
     |  1.00th=[   54],  5.00th=[   55], 10.00th=[   56], 20.00th=[   60],
     | 30.00th=[ 3280], 40.00th=[ 7584], 50.00th=[14016], 60.00th=[24192],
     | 70.00th=[38656], 80.00th=[49408], 90.00th=[62720], 95.00th=[87552],
     | 99.00th=[272384], 99.50th=[329728], 99.90th=[423936], 99.95th=[444416],
     | 99.99th=[493568]
    bw (KB  /s): min=    1, max= 5657, per=3.48%, avg=740.57, stdev=1034.60
    lat (usec) : 10=0.01%, 100=22.96%, 500=2.79%, 750=0.21%, 1000=0.03%
    lat (msec) : 2=1.34%, 4=4.31%, 10=13.58%, 20=11.44%, 50=23.71%
    lat (msec) : 100=15.21%, 250=3.15%, 500=1.27%, 750=0.01%
  cpu          : usr=0.03%, sys=0.59%, ctx=6356, majf=0, minf=35
  IO depths    : 1=0.1%, 2=0.1%, 4=0.1%, 8=100.0%, 16=0.0%, 32=0.0%, >=64=0.0%
     submit    : 0=0.0%, 4=100.0%, 8=0.0%, 16=0.0%, 32=0.0%, 64=0.0%, >=64=0.0%
     complete  : 0=0.0%, 4=100.0%, 8=0.0%, 16=0.1%, 32=0.0%, 64=0.0%, >=64=0.0%
     issued    : total=r=17822/w=0/d=0, short=r=0/w=0/d=0
seqread: (groupid=0, jobs=1): err= 0: pid=1815: Sat Mar 15 04:11:08 2014
  read : io=1203.0MB, bw=20528KB/s, iops=20, runt= 60008msec
    slat (usec): min=196, max=350554, avg=24257.95, stdev=39709.61
    clat (usec): min=1, max=1034.1K, avg=132927.68, stdev=247334.57
     lat (usec): min=201, max=1133.8K, avg=157188.08, stdev=265629.83
    clat percentiles (usec):
     |  1.00th=[    2],  5.00th=[    2], 10.00th=[    2], 20.00th=[    2],
     | 30.00th=[    3], 40.00th=[    3], 50.00th=[    3], 60.00th=[   17],
     | 70.00th=[62720], 80.00th=[272384], 90.00th=[536576], 95.00th=[749568],
     | 99.00th=[962560], 99.50th=[995328], 99.90th=[1019904], 99.95th=[1036288],
     | 99.99th=[1036288]
    bw (KB  /s): min= 1181, max=55296, per=96.86%, avg=20596.38, stdev=7388.07
    lat (usec) : 2=0.25%, 4=56.61%, 10=2.49%, 20=0.91%, 500=0.08%
    lat (usec) : 750=0.08%
    lat (msec) : 4=1.33%, 10=1.00%, 20=1.41%, 50=3.82%, 100=5.99%
    lat (msec) : 250=5.40%, 500=8.73%, 750=6.65%, 1000=4.82%, 2000=0.42%
  cpu          : usr=0.01%, sys=1.60%, ctx=9460, majf=0, minf=2590
  IO depths    : 1=60.3%, 2=1.5%, 4=3.0%, 8=35.2%, 16=0.0%, 32=0.0%, >=64=0.0%
     submit    : 0=0.0%, 4=100.0%, 8=0.0%, 16=0.0%, 32=0.0%, 64=0.0%, >=64=0.0%
     complete  : 0=0.0%, 4=99.9%, 8=0.0%, 16=0.1%, 32=0.0%, 64=0.0%, >=64=0.0%
     issued    : total=r=1203/w=0/d=0, short=r=0/w=0/d=0
seqwrite: (groupid=0, jobs=1): err= 0: pid=1816: Sat Mar 15 04:11:08 2014
  write: io=1203.0MB, bw=20529KB/s, iops=20, runt= 60006msec
    slat (usec): min=553, max=348321, avg=22936.08, stdev=40167.68
    clat (usec): min=1, max=1034.1K, avg=131484.73, stdev=247407.61
     lat (usec): min=557, max=1136.9K, avg=154423.05, stdev=266303.42
    clat percentiles (usec):
     |  1.00th=[    2],  5.00th=[    2], 10.00th=[    2], 20.00th=[    2],
     | 30.00th=[    3], 40.00th=[    3], 50.00th=[    3], 60.00th=[    4],
     | 70.00th=[59648], 80.00th=[272384], 90.00th=[536576], 95.00th=[749568],
     | 99.00th=[954368], 99.50th=[995328], 99.90th=[1019904], 99.95th=[1036288],
     | 99.99th=[1036288]
    bw (KB  /s): min= 1181, max=55296, per=100.00%, avg=20528.67, stdev=6517.36
    lat (usec) : 2=0.25%, 4=58.10%, 10=2.91%, 20=0.75%, 1000=0.17%
    lat (msec) : 2=0.08%, 4=0.33%, 10=3.24%, 20=0.75%, 50=2.33%
    lat (msec) : 100=4.99%, 250=5.49%, 500=8.81%, 750=6.73%, 1000=4.57%
    lat (msec) : 2000=0.50%
  cpu          : usr=0.39%, sys=1.74%, ctx=8178, majf=0, minf=29
  IO depths    : 1=62.0%, 2=1.3%, 4=2.7%, 8=34.0%, 16=0.0%, 32=0.0%, >=64=0.0%
     submit    : 0=0.0%, 4=100.0%, 8=0.0%, 16=0.0%, 32=0.0%, 64=0.0%, >=64=0.0%
     complete  : 0=0.0%, 4=99.9%, 8=0.0%, 16=0.1%, 32=0.0%, 64=0.0%, >=64=0.0%
     issued    : total=r=0/w=1203/d=0, short=r=0/w=0/d=0

Run status group 0 (all jobs):
   READ: io=1246.5MB, aggrb=21263KB/s, minb=734KB/s, maxb=20528KB/s, mint=60001msec, maxt=60008msec
  WRITE: io=1203.0MB, aggrb=20529KB/s, minb=20529KB/s, maxb=20529KB/s, mint=60006msec, maxt=60006msec

Disk stats (read/write):
  xvdf: ios=31791/25893, merge=29/257894, ticks=416248/2882566, in_queue=3298800, util=99.42%
