randread-1k: (g=0): rw=randread, bs=8K-16K/8K-16K/8K-16K, ioengine=libaio, iodepth=10
seqread: (g=0): rw=read, bs=1M-1M/1M-1M/1M-1M, ioengine=libaio, iodepth=10
seqwrite: (g=0): rw=write, bs=1M-1M/1M-1M/1M-1M, ioengine=libaio, iodepth=10
fio-2.1.4
Starting 3 processes

randread-1k: (groupid=0, jobs=1): err= 0: pid=1889: Sat Mar 15 04:17:26 2014
  read : io=168792KB, bw=2813.2KB/s, iops=239, runt= 60001msec
    slat (usec): min=4, max=440701, avg=4096.19, stdev=11855.63
    clat (usec): min=5, max=678031, avg=36880.01, stdev=60007.32
     lat (usec): min=71, max=711038, avg=40976.50, stdev=65607.05
    clat percentiles (usec):
     |  1.00th=[   70],  5.00th=[   74], 10.00th=[   78], 20.00th=[ 2224],
     | 30.00th=[ 7008], 40.00th=[12480], 50.00th=[20352], 60.00th=[33024],
     | 70.00th=[44288], 80.00th=[55040], 90.00th=[69120], 95.00th=[104960],
     | 99.00th=[346112], 99.50th=[419840], 99.90th=[602112], 99.95th=[626688],
     | 99.99th=[675840]
    bw (KB  /s): min=    6, max=15185, per=12.38%, avg=2906.78, stdev=3403.65
    lat (usec) : 10=0.01%, 100=16.45%, 250=0.24%, 500=1.56%, 750=0.26%
    lat (usec) : 1000=0.08%
    lat (msec) : 2=1.03%, 4=4.07%, 10=12.57%, 20=13.37%, 50=25.74%
    lat (msec) : 100=19.36%, 250=3.36%, 500=1.65%, 750=0.26%
  cpu          : usr=0.03%, sys=0.64%, ctx=5834, majf=0, minf=66
  IO depths    : 1=0.1%, 2=0.1%, 4=0.1%, 8=100.0%, 16=0.0%, 32=0.0%, >=64=0.0%
     submit    : 0=0.0%, 4=100.0%, 8=0.0%, 16=0.0%, 32=0.0%, 64=0.0%, >=64=0.0%
     complete  : 0=0.0%, 4=100.0%, 8=0.0%, 16=0.1%, 32=0.0%, 64=0.0%, >=64=0.0%
     issued    : total=r=14362/w=0/d=0, short=r=0/w=0/d=0
seqread: (groupid=0, jobs=1): err= 0: pid=1890: Sat Mar 15 04:17:26 2014
  read : io=1212.0MB, bw=20675KB/s, iops=20, runt= 60029msec
    slat (usec): min=194, max=589890, avg=25634.72, stdev=43861.16
    clat (usec): min=1, max=1155.7K, avg=147610.89, stdev=239600.81
     lat (usec): min=199, max=1280.8K, avg=173247.98, stdev=256478.01
    clat percentiles (usec):
     |  1.00th=[    2],  5.00th=[    2], 10.00th=[    2], 20.00th=[    3],
     | 30.00th=[    3], 40.00th=[    3], 50.00th=[    4], 60.00th=[36096],
     | 70.00th=[140288], 80.00th=[354304], 90.00th=[552960], 95.00th=[667648],
     | 99.00th=[921600], 99.50th=[1028096], 99.90th=[1138688], 99.95th=[1155072],
     | 99.99th=[1155072]
    bw (KB  /s): min= 1283, max=63361, per=87.83%, avg=20627.79, stdev=9482.00
    lat (usec) : 2=0.17%, 4=49.59%, 10=2.48%, 20=0.91%, 50=0.08%
    lat (usec) : 100=0.08%, 500=0.08%, 750=0.08%, 1000=0.08%
    lat (msec) : 4=1.40%, 10=1.40%, 20=1.16%, 50=4.13%, 100=7.18%
    lat (msec) : 250=6.02%, 500=12.54%, 750=9.74%, 1000=2.31%, 2000=0.58%
  cpu          : usr=0.01%, sys=1.90%, ctx=8611, majf=0, minf=2590
  IO depths    : 1=53.3%, 2=2.0%, 4=4.0%, 8=40.8%, 16=0.0%, 32=0.0%, >=64=0.0%
     submit    : 0=0.0%, 4=100.0%, 8=0.0%, 16=0.0%, 32=0.0%, 64=0.0%, >=64=0.0%
     complete  : 0=0.0%, 4=100.0%, 8=0.0%, 16=0.0%, 32=0.0%, 64=0.0%, >=64=0.0%
     issued    : total=r=1212/w=0/d=0, short=r=0/w=0/d=0
seqwrite: (groupid=0, jobs=1): err= 0: pid=1891: Sat Mar 15 04:17:26 2014
  write: io=1204.0MB, bw=20545KB/s, iops=20, runt= 60009msec
    slat (usec): min=543, max=585750, avg=23426.56, stdev=43544.54
    clat (usec): min=2, max=1155.6K, avg=144926.36, stdev=238779.88
     lat (usec): min=546, max=1280.8K, avg=168355.01, stdev=256132.30
    clat percentiles (usec):
     |  1.00th=[    2],  5.00th=[    2], 10.00th=[    2], 20.00th=[    3],
     | 30.00th=[    3], 40.00th=[    3], 50.00th=[    3], 60.00th=[20608],
     | 70.00th=[136192], 80.00th=[354304], 90.00th=[544768], 95.00th=[667648],
     | 99.00th=[921600], 99.50th=[1028096], 99.90th=[1138688], 99.95th=[1155072],
     | 99.99th=[1155072]
    bw (KB  /s): min= 1692, max=63361, per=100.00%, avg=20634.09, stdev=8414.93
    lat (usec) : 4=51.33%, 10=3.07%, 20=1.08%, 50=0.08%, 1000=0.08%
    lat (msec) : 2=0.17%, 4=0.33%, 10=2.74%, 20=1.08%, 50=3.41%
    lat (msec) : 100=5.65%, 250=6.06%, 500=12.62%, 750=9.47%, 1000=2.24%
    lat (msec) : 2000=0.58%
  cpu          : usr=0.37%, sys=1.49%, ctx=6823, majf=0, minf=29
  IO depths    : 1=55.6%, 2=2.0%, 4=4.0%, 8=38.5%, 16=0.0%, 32=0.0%, >=64=0.0%
     submit    : 0=0.0%, 4=100.0%, 8=0.0%, 16=0.0%, 32=0.0%, 64=0.0%, >=64=0.0%
     complete  : 0=0.0%, 4=100.0%, 8=0.0%, 16=0.0%, 32=0.0%, 64=0.0%, >=64=0.0%
     issued    : total=r=0/w=1204/d=0, short=r=0/w=0/d=0

Run status group 0 (all jobs):
   READ: io=1376.9MB, aggrb=23486KB/s, minb=2813KB/s, maxb=20674KB/s, mint=60001msec, maxt=60029msec
  WRITE: io=1204.0MB, aggrb=20545KB/s, minb=20545KB/s, maxb=20545KB/s, mint=60009msec, maxt=60009msec

Disk stats (read/write):
  xvdf: ios=28479/28646, merge=24/285400, ticks=415658/3152880, in_queue=3568516, util=99.41%
