randread-1k: (g=0): rw=randread, bs=8K-16K/8K-16K/8K-16K, ioengine=libaio, iodepth=10
seqread: (g=0): rw=read, bs=1M-1M/1M-1M/1M-1M, ioengine=libaio, iodepth=10
seqwrite: (g=0): rw=write, bs=1M-1M/1M-1M/1M-1M, ioengine=libaio, iodepth=10
fio-2.1.4
Starting 3 processes

randread-1k: (groupid=0, jobs=1): err= 0: pid=1898: Sat Mar 15 04:18:30 2014
  read : io=2157.3MB, bw=36798KB/s, iops=3395, runt= 60031msec
    slat (usec): min=4, max=835306, avg=288.80, stdev=5090.85
    clat (usec): min=3, max=2487.5K, avg=2605.21, stdev=22237.69
     lat (usec): min=8, max=2591.5K, avg=2894.15, stdev=24026.09
    clat percentiles (usec):
     |  1.00th=[   63],  5.00th=[   65], 10.00th=[   66], 20.00th=[   68],
     | 30.00th=[   69], 40.00th=[   70], 50.00th=[   71], 60.00th=[   73],
     | 70.00th=[   75], 80.00th=[   79], 90.00th=[  322], 95.00th=[ 8096],
     | 99.00th=[62720], 99.50th=[101888], 99.90th=[199680], 99.95th=[261120],
     | 99.99th=[880640]
    bw (KB  /s): min=    7, max=986896, per=48.88%, avg=33242.38, stdev=121820.42
    lat (usec) : 4=0.01%, 10=0.01%, 20=0.01%, 50=0.01%, 100=87.14%
    lat (usec) : 250=1.84%, 500=2.59%, 750=0.47%, 1000=0.13%
    lat (msec) : 2=0.34%, 4=0.83%, 10=2.46%, 20=1.12%, 50=1.65%
    lat (msec) : 100=0.92%, 250=0.45%, 500=0.05%, 750=0.01%, 1000=0.01%
    lat (msec) : 2000=0.01%, >=2000=0.01%
  cpu          : usr=0.47%, sys=2.70%, ctx=6960, majf=0, minf=68
  IO depths    : 1=0.1%, 2=0.1%, 4=0.1%, 8=100.0%, 16=0.0%, 32=0.0%, >=64=0.0%
     submit    : 0=0.0%, 4=100.0%, 8=0.0%, 16=0.0%, 32=0.0%, 64=0.0%, >=64=0.0%
     complete  : 0=0.0%, 4=100.0%, 8=0.0%, 16=0.1%, 32=0.0%, 64=0.0%, >=64=0.0%
     issued    : total=r=203864/w=0/d=0, short=r=0/w=0/d=0
seqread: (groupid=0, jobs=1): err= 0: pid=1899: Sat Mar 15 04:18:30 2014
  read : io=2049.0MB, bw=33127KB/s, iops=32, runt= 63338msec
    slat (usec): min=183, max=204313, avg=8671.99, stdev=8923.15
    clat (usec): min=1, max=608933, avg=40805.09, stdev=41784.22
     lat (usec): min=189, max=732899, avg=49479.48, stdev=44524.41
    clat percentiles (usec):
     |  1.00th=[    2],  5.00th=[    2], 10.00th=[    3], 20.00th=[    3],
     | 30.00th=[    3], 40.00th=[19840], 50.00th=[59136], 60.00th=[60672],
     | 70.00th=[63744], 80.00th=[64768], 90.00th=[73216], 95.00th=[92672],
     | 99.00th=[150528], 99.50th=[156672], 99.90th=[436224], 99.95th=[528384],
     | 99.99th=[610304]
    bw (KB  /s): min=   69, max=153600, per=84.52%, avg=57477.54, stdev=39392.46
    lat (usec) : 2=0.05%, 4=34.16%, 10=0.93%, 20=1.56%, 50=0.05%
    lat (usec) : 500=0.05%
    lat (msec) : 4=0.05%, 10=1.46%, 20=1.81%, 50=6.64%, 100=49.34%
    lat (msec) : 250=3.66%, 500=0.15%, 750=0.10%
  cpu          : usr=0.01%, sys=5.95%, ctx=383949, majf=0, minf=2590
  IO depths    : 1=36.7%, 2=3.0%, 4=6.1%, 8=54.2%, 16=0.0%, 32=0.0%, >=64=0.0%
     submit    : 0=0.0%, 4=100.0%, 8=0.0%, 16=0.0%, 32=0.0%, 64=0.0%, >=64=0.0%
     complete  : 0=0.0%, 4=100.0%, 8=0.0%, 16=0.0%, 32=0.0%, 64=0.0%, >=64=0.0%
     issued    : total=r=2049/w=0/d=0, short=r=0/w=0/d=0
seqwrite: (groupid=0, jobs=1): err= 0: pid=1900: Sat Mar 15 04:18:30 2014
  write: io=2049.0MB, bw=33129KB/s, iops=32, runt= 63334msec
    slat (usec): min=480, max=204438, avg=7522.64, stdev=8717.64
    clat (usec): min=1, max=608854, avg=37783.09, stdev=41576.45
     lat (usec): min=485, max=732466, avg=45307.94, stdev=45169.76
    clat percentiles (usec):
     |  1.00th=[    2],  5.00th=[    2], 10.00th=[    2], 20.00th=[    3],
     | 30.00th=[    3], 40.00th=[   10], 50.00th=[50432], 60.00th=[60672],
     | 70.00th=[62720], 80.00th=[64256], 90.00th=[72192], 95.00th=[81408],
     | 99.00th=[150528], 99.50th=[156672], 99.90th=[436224], 99.95th=[528384],
     | 99.99th=[610304]
    bw (KB  /s): min=   69, max=153600, per=100.00%, avg=57271.94, stdev=38903.86
    lat (usec) : 2=0.15%, 4=38.80%, 10=1.02%, 20=1.27%, 50=0.05%
    lat (usec) : 1000=0.10%
    lat (msec) : 2=0.10%, 4=0.10%, 10=1.46%, 20=1.27%, 50=5.56%
    lat (msec) : 100=47.00%, 250=2.88%, 500=0.15%, 750=0.10%
  cpu          : usr=0.71%, sys=6.96%, ctx=300870, majf=0, minf=29
  IO depths    : 1=41.3%, 2=2.4%, 4=4.9%, 8=51.4%, 16=0.0%, 32=0.0%, >=64=0.0%
     submit    : 0=0.0%, 4=100.0%, 8=0.0%, 16=0.0%, 32=0.0%, 64=0.0%, >=64=0.0%
     complete  : 0=0.0%, 4=100.0%, 8=0.0%, 16=0.0%, 32=0.0%, 64=0.0%, >=64=0.0%
     issued    : total=r=0/w=2049/d=0, short=r=0/w=0/d=0

Run status group 0 (all jobs):
   READ: io=4206.3MB, aggrb=68003KB/s, minb=33126KB/s, maxb=36798KB/s, mint=60031msec, maxt=63338msec
  WRITE: io=2049.0MB, aggrb=33128KB/s, minb=33128KB/s, maxb=33128KB/s, mint=63334msec, maxt=63334msec

Disk stats (read/write):
  xvdf: ios=46053/48931, merge=0/488286, ticks=225579/3857870, in_queue=4083415, util=97.98%
