randread-1k: (g=0): rw=randread, bs=8K-16K/8K-16K/8K-16K, ioengine=libaio, iodepth=10
seqread: (g=0): rw=read, bs=1M-1M/1M-1M/1M-1M, ioengine=libaio, iodepth=10
seqwrite: (g=0): rw=write, bs=1M-1M/1M-1M/1M-1M, ioengine=libaio, iodepth=10
fio-2.1.4
Starting 3 processes

randread-1k: (groupid=0, jobs=1): err= 0: pid=1880: Sat Mar 15 04:16:25 2014
  read : io=144608KB, bw=2410.2KB/s, iops=204, runt= 60003msec
    slat (usec): min=4, max=269169, avg=4884.01, stdev=8613.84
    clat (usec): min=5, max=557901, avg=43959.47, stdev=44767.43
     lat (usec): min=87, max=599753, avg=48843.89, stdev=49095.46
    clat percentiles (msec):
     |  1.00th=[    6],  5.00th=[   13], 10.00th=[   17], 20.00th=[   24],
     | 30.00th=[   29], 40.00th=[   34], 50.00th=[   38], 60.00th=[   43],
     | 70.00th=[   48], 80.00th=[   54], 90.00th=[   62], 95.00th=[   71],
     | 99.00th=[  306], 99.50th=[  375], 99.90th=[  486], 99.95th=[  523],
     | 99.99th=[  545]
    bw (KB  /s): min=  191, max= 4880, per=19.10%, avg=2421.37, stdev=1164.98
    lat (usec) : 10=0.01%, 100=0.05%, 500=0.05%, 750=0.02%
    lat (msec) : 2=0.02%, 4=0.33%, 10=2.53%, 20=11.84%, 50=59.35%
    lat (msec) : 100=22.90%, 250=1.48%, 500=1.35%, 750=0.07%
  cpu          : usr=0.08%, sys=0.47%, ctx=8280, majf=0, minf=66
  IO depths    : 1=0.1%, 2=0.1%, 4=0.1%, 8=99.9%, 16=0.0%, 32=0.0%, >=64=0.0%
     submit    : 0=0.0%, 4=100.0%, 8=0.0%, 16=0.0%, 32=0.0%, 64=0.0%, >=64=0.0%
     complete  : 0=0.0%, 4=100.0%, 8=0.0%, 16=0.1%, 32=0.0%, 64=0.0%, >=64=0.0%
     issued    : total=r=12267/w=0/d=0, short=r=0/w=0/d=0
seqread: (groupid=0, jobs=1): err= 0: pid=1881: Sat Mar 15 04:16:25 2014
  read : io=616448KB, bw=10270KB/s, iops=10, runt= 60023msec
    slat (usec): min=238, max=303760, avg=20693.70, stdev=33456.36
    clat (usec): min=1, max=887530, avg=53961.00, stdev=162401.24
     lat (usec): min=255, max=919746, avg=74657.26, stdev=172369.23
    clat percentiles (usec):
     |  1.00th=[    2],  5.00th=[    2], 10.00th=[    2], 20.00th=[    2],
     | 30.00th=[    3], 40.00th=[    3], 50.00th=[    3], 60.00th=[    3],
     | 70.00th=[    3], 80.00th=[   17], 90.00th=[166912], 95.00th=[536576],
     | 99.00th=[765952], 99.50th=[806912], 99.90th=[888832], 99.95th=[888832],
     | 99.99th=[888832]
    bw (KB  /s): min= 1109, max=26352, per=80.64%, avg=10224.93, stdev=2548.51
    lat (usec) : 2=0.17%, 4=73.42%, 10=5.15%, 20=1.50%, 50=0.33%
    lat (usec) : 500=0.50%, 750=0.50%, 1000=0.33%
    lat (msec) : 2=0.50%, 10=0.83%, 20=0.50%, 50=3.32%, 100=1.83%
    lat (msec) : 250=2.49%, 500=3.49%, 750=3.99%, 1000=1.16%
  cpu          : usr=0.01%, sys=0.78%, ctx=5491, majf=0, minf=2588
  IO depths    : 1=80.6%, 2=2.7%, 4=5.3%, 8=11.5%, 16=0.0%, 32=0.0%, >=64=0.0%
     submit    : 0=0.0%, 4=100.0%, 8=0.0%, 16=0.0%, 32=0.0%, 64=0.0%, >=64=0.0%
     complete  : 0=0.0%, 4=100.0%, 8=0.0%, 16=0.0%, 32=0.0%, 64=0.0%, >=64=0.0%
     issued    : total=r=602/w=0/d=0, short=r=0/w=0/d=0
seqwrite: (groupid=0, jobs=1): err= 0: pid=1882: Sat Mar 15 04:16:25 2014
  write: io=616448KB, bw=10271KB/s, iops=10, runt= 60020msec
    slat (usec): min=676, max=303759, avg=18627.51, stdev=33614.89
    clat (usec): min=2, max=890508, avg=54185.22, stdev=162802.14
     lat (usec): min=875, max=919897, avg=72815.46, stdev=173465.02
    clat percentiles (usec):
     |  1.00th=[    2],  5.00th=[    2], 10.00th=[    2], 20.00th=[    2],
     | 30.00th=[    3], 40.00th=[    3], 50.00th=[    3], 60.00th=[    3],
     | 70.00th=[    3], 80.00th=[   18], 90.00th=[166912], 95.00th=[536576],
     | 99.00th=[765952], 99.50th=[806912], 99.90th=[888832], 99.95th=[888832],
     | 99.99th=[888832]
    bw (KB  /s): min= 1109, max=26352, per=99.55%, avg=10223.53, stdev=2545.14
    lat (usec) : 4=75.75%, 10=3.16%, 20=1.33%, 50=0.33%, 1000=0.50%
    lat (msec) : 2=0.50%, 4=0.66%, 10=1.00%, 20=0.50%, 50=3.16%
    lat (msec) : 100=1.99%, 250=2.49%, 500=3.49%, 750=3.99%, 1000=1.16%
  cpu          : usr=0.22%, sys=0.65%, ctx=4514, majf=0, minf=28
  IO depths    : 1=80.6%, 2=2.7%, 4=5.3%, 8=11.5%, 16=0.0%, 32=0.0%, >=64=0.0%
     submit    : 0=0.0%, 4=100.0%, 8=0.0%, 16=0.0%, 32=0.0%, 64=0.0%, >=64=0.0%
     complete  : 0=0.0%, 4=100.0%, 8=0.0%, 16=0.0%, 32=0.0%, 64=0.0%, >=64=0.0%
     issued    : total=r=0/w=602/d=0, short=r=0/w=0/d=0

Run status group 0 (all jobs):
   READ: io=761056KB, aggrb=12679KB/s, minb=2410KB/s, maxb=10270KB/s, mint=60003msec, maxt=60023msec
  WRITE: io=616448KB, aggrb=10270KB/s, minb=10270KB/s, maxb=10270KB/s, mint=60020msec, maxt=60020msec

Disk stats (read/write):
  xvdf: ios=21659/12402, merge=11/123314, ticks=200300/1275569, in_queue=1475867, util=99.37%
