randread-512: (g=0): rw=randread, bs=512-512/512-512/512-512, ioengine=libaio, iodepth=10
fio-2.1.4
Starting 1 process

randread-512: (groupid=0, jobs=1): err= 0: pid=1949: Sat Mar 15 04:23:49 2014
  read : io=5355.6KB, bw=91399B/s, iops=178, runt= 60001msec
    slat (usec): min=4, max=136478, avg=5596.66, stdev=3617.63
    clat (usec): min=6, max=231551, avg=50385.95, stdev=13101.07
     lat (msec): min=5, max=239, avg=55.98, stdev=14.04
    clat percentiles (msec):
     |  1.00th=[   30],  5.00th=[   36], 10.00th=[   39], 20.00th=[   43],
     | 30.00th=[   46], 40.00th=[   48], 50.00th=[   50], 60.00th=[   52],
     | 70.00th=[   54], 80.00th=[   57], 90.00th=[   61], 95.00th=[   65],
     | 99.00th=[  100], 99.50th=[  120], 99.90th=[  208], 99.95th=[  219],
     | 99.99th=[  231]
    bw (KB  /s): min=   47, max=  107, per=99.79%, avg=88.82, stdev= 9.34
    lat (usec) : 10=0.01%
    lat (msec) : 10=0.01%, 20=0.03%, 50=53.55%, 100=45.40%, 250=1.00%
  cpu          : usr=0.12%, sys=0.35%, ctx=10531, majf=0, minf=26
  IO depths    : 1=0.1%, 2=0.1%, 4=0.1%, 8=99.9%, 16=0.0%, 32=0.0%, >=64=0.0%
     submit    : 0=0.0%, 4=100.0%, 8=0.0%, 16=0.0%, 32=0.0%, 64=0.0%, >=64=0.0%
     complete  : 0=0.0%, 4=100.0%, 8=0.0%, 16=0.1%, 32=0.0%, 64=0.0%, >=64=0.0%
     issued    : total=r=10711/w=0/d=0, short=r=0/w=0/d=0

Run status group 0 (all jobs):
   READ: io=5355KB, aggrb=89KB/s, minb=89KB/s, maxb=89KB/s, mint=60001msec, maxt=60001msec

Disk stats (read/write):
  xvdf: ios=10502/0, merge=0/0, ticks=59738/0, in_queue=59741, util=99.59%
