randread-1k: (g=0): rw=randread, bs=1K-1K/1K-1K/1K-1K, ioengine=libaio, iodepth=10
seqread: (g=0): rw=read, bs=1M-1M/1M-1M/1M-1M, ioengine=libaio, iodepth=10
seqwrite: (g=0): rw=write, bs=1M-1M/1M-1M/1M-1M, ioengine=libaio, iodepth=10
fio-2.1.4
Starting 3 processes
randread-1k: Laying out IO file(s) (1 file(s) / 1024MB)

randread-1k: (groupid=0, jobs=1): err= 0: pid=1792: Sat Mar 15 04:09:07 2014
  read : io=3072.2MB, bw=52416KB/s, iops=52415, runt= 60018msec
    slat (usec): min=2, max=1589.2K, avg=17.12, stdev=2520.52
    clat (usec): min=3, max=4574.7K, avg=164.97, stdev=10989.58
     lat (usec): min=6, max=4976.7K, avg=182.18, stdev=11970.84
    clat percentiles (usec):
     |  1.00th=[   46],  5.00th=[   47], 10.00th=[   47], 20.00th=[   48],
     | 30.00th=[   48], 40.00th=[   48], 50.00th=[   49], 60.00th=[   49],
     | 70.00th=[   49], 80.00th=[   49], 90.00th=[   54], 95.00th=[   62],
     | 99.00th=[  101], 99.50th=[  173], 99.90th=[  354], 99.95th=[ 3888],
     | 99.99th=[346112]
    bw (KB  /s): min=    0, max=186730, per=60.60%, avg=63056.35, stdev=84711.90
    lat (usec) : 4=0.01%, 10=0.01%, 20=0.01%, 50=80.15%, 100=18.81%
    lat (usec) : 250=0.74%, 500=0.23%, 750=0.01%, 1000=0.01%
    lat (msec) : 2=0.01%, 4=0.01%, 10=0.01%, 20=0.01%, 50=0.01%
    lat (msec) : 100=0.01%, 250=0.01%, 500=0.01%, 750=0.01%, 1000=0.01%
    lat (msec) : 2000=0.01%, >=2000=0.01%
  cpu          : usr=6.69%, sys=23.25%, ctx=3373, majf=0, minf=30
  IO depths    : 1=0.1%, 2=0.1%, 4=0.1%, 8=100.0%, 16=0.0%, 32=0.0%, >=64=0.0%
     submit    : 0=0.0%, 4=100.0%, 8=0.0%, 16=0.0%, 32=0.0%, 64=0.0%, >=64=0.0%
     complete  : 0=0.0%, 4=100.0%, 8=0.0%, 16=0.1%, 32=0.0%, 64=0.0%, >=64=0.0%
     issued    : total=r=3145876/w=0/d=0, short=r=0/w=0/d=0
seqread: (groupid=0, jobs=1): err= 0: pid=1793: Sat Mar 15 04:09:07 2014
  read : io=3073.0MB, bw=52038KB/s, iops=50, runt= 60470msec
    slat (usec): min=259, max=158105, avg=7818.09, stdev=6099.40
    clat (usec): min=3, max=272826, avg=69428.01, stdev=21333.91
     lat (usec): min=264, max=288121, avg=77248.86, stdev=22786.39
    clat percentiles (msec):
     |  1.00th=[   59],  5.00th=[   60], 10.00th=[   60], 20.00th=[   61],
     | 30.00th=[   61], 40.00th=[   64], 50.00th=[   65], 60.00th=[   65],
     | 70.00th=[   66], 80.00th=[   73], 90.00th=[   85], 95.00th=[  103],
     | 99.00th=[  182], 99.50th=[  223], 99.90th=[  265], 99.95th=[  265],
     | 99.99th=[  273]
    bw (KB  /s): min=   80, max=155337, per=100.00%, avg=123509.73, stdev=37797.52
    lat (usec) : 4=0.03%, 10=0.10%, 500=0.07%, 750=0.07%, 1000=0.07%
    lat (msec) : 2=0.03%, 20=0.10%, 50=0.39%, 100=93.65%, 250=5.27%
    lat (msec) : 500=0.23%
  cpu          : usr=0.00%, sys=12.91%, ctx=703607, majf=0, minf=2589
  IO depths    : 1=0.1%, 2=0.2%, 4=0.4%, 8=99.3%, 16=0.0%, 32=0.0%, >=64=0.0%
     submit    : 0=0.0%, 4=100.0%, 8=0.0%, 16=0.0%, 32=0.0%, 64=0.0%, >=64=0.0%
     complete  : 0=0.0%, 4=99.9%, 8=0.0%, 16=0.1%, 32=0.0%, 64=0.0%, >=64=0.0%
     issued    : total=r=3073/w=0/d=0, short=r=0/w=0/d=0
seqwrite: (groupid=0, jobs=1): err= 0: pid=1794: Sat Mar 15 04:09:07 2014
  write: io=3073.0MB, bw=52049KB/s, iops=50, runt= 60458msec
    slat (usec): min=648, max=158161, avg=7819.95, stdev=6098.35
    clat (usec): min=4, max=272830, avg=69495.43, stdev=21270.97
     lat (usec): min=712, max=288146, avg=77318.77, stdev=22701.36
    clat percentiles (msec):
     |  1.00th=[   59],  5.00th=[   60], 10.00th=[   60], 20.00th=[   61],
     | 30.00th=[   61], 40.00th=[   64], 50.00th=[   65], 60.00th=[   65],
     | 70.00th=[   66], 80.00th=[   73], 90.00th=[   85], 95.00th=[  103],
     | 99.00th=[  182], 99.50th=[  223], 99.90th=[  265], 99.95th=[  265],
     | 99.99th=[  273]
    bw (KB  /s): min=   80, max=155337, per=100.00%, avg=123490.17, stdev=37661.61
    lat (usec) : 10=0.13%, 750=0.07%
    lat (msec) : 2=0.07%, 4=0.10%, 50=0.39%, 100=93.75%, 250=5.27%
    lat (msec) : 500=0.23%
  cpu          : usr=1.45%, sys=9.96%, ctx=731400, majf=0, minf=28
  IO depths    : 1=0.1%, 2=0.2%, 4=0.4%, 8=99.3%, 16=0.0%, 32=0.0%, >=64=0.0%
     submit    : 0=0.0%, 4=100.0%, 8=0.0%, 16=0.0%, 32=0.0%, 64=0.0%, >=64=0.0%
     complete  : 0=0.0%, 4=99.9%, 8=0.0%, 16=0.1%, 32=0.0%, 64=0.0%, >=64=0.0%
     issued    : total=r=0/w=3073/d=0, short=r=0/w=0/d=0

Run status group 0 (all jobs):
   READ: io=6145.2MB, aggrb=104061KB/s, minb=52038KB/s, maxb=52415KB/s, mint=60018msec, maxt=60470msec
  WRITE: io=3073.0MB, aggrb=52048KB/s, minb=52048KB/s, maxb=52048KB/s, mint=60458msec, maxt=60458msec

Disk stats (read/write):
  xvdf: ios=71191/71523, merge=0/714940, ticks=261756/5111843, in_queue=5373468, util=99.23%
