randread-4k: (g=0): rw=randread, bs=4K-4K/4K-4K/4K-4K, ioengine=libaio, iodepth=10
fio-2.1.4
Starting 1 process

randread-4k: (groupid=0, jobs=1): err= 0: pid=1963: Sat Mar 15 04:25:50 2014
  read : io=41900KB, bw=715081B/s, iops=174, runt= 60001msec
    slat (usec): min=221, max=168057, avg=5722.67, stdev=3751.63
    clat (usec): min=5, max=253134, avg=51510.34, stdev=13346.13
     lat (msec): min=5, max=257, avg=57.23, stdev=14.32
    clat percentiles (msec):
     |  1.00th=[   32],  5.00th=[   38], 10.00th=[   40], 20.00th=[   44],
     | 30.00th=[   46], 40.00th=[   48], 50.00th=[   50], 60.00th=[   53],
     | 70.00th=[   55], 80.00th=[   58], 90.00th=[   62], 95.00th=[   67],
     | 99.00th=[  106], 99.50th=[  120], 99.90th=[  215], 99.95th=[  229],
     | 99.99th=[  247]
    bw (KB  /s): min=  342, max=  814, per=100.00%, avg=698.49, stdev=67.74
    lat (usec) : 10=0.01%
    lat (msec) : 10=0.01%, 20=0.01%, 50=49.77%, 100=48.92%, 250=1.28%
    lat (msec) : 500=0.01%
  cpu          : usr=0.10%, sys=0.38%, ctx=10475, majf=0, minf=35
  IO depths    : 1=0.1%, 2=0.1%, 4=0.1%, 8=99.9%, 16=0.0%, 32=0.0%, >=64=0.0%
     submit    : 0=0.0%, 4=100.0%, 8=0.0%, 16=0.0%, 32=0.0%, 64=0.0%, >=64=0.0%
     complete  : 0=0.0%, 4=100.0%, 8=0.0%, 16=0.1%, 32=0.0%, 64=0.0%, >=64=0.0%
     issued    : total=r=10475/w=0/d=0, short=r=0/w=0/d=0

Run status group 0 (all jobs):
   READ: io=41900KB, aggrb=698KB/s, minb=698KB/s, maxb=698KB/s, mint=60001msec, maxt=60001msec

Disk stats (read/write):
  xvdf: ios=10451/0, merge=0/0, ticks=59745/0, in_queue=59752, util=99.61%
