randread-16m: (g=0): rw=randread, bs=16M-16M/16M-16M/16M-16M, ioengine=libaio, iodepth=10
fio-2.1.4
Starting 1 process

randread-16m: (groupid=0, jobs=1): err= 0: pid=2012: Sat Mar 15 04:31:53 2014
  read : io=7568.0MB, bw=129027KB/s, iops=7, runt= 60062msec
    slat (msec): min=103, max=344, avg=124.95, stdev=22.64
    clat (usec): min=12, max=1587.3K, avg=1022694.64, stdev=262594.88
     lat (msec): min=126, max=1709, avg=1147.65, stdev=262.39
    clat percentiles (usec):
     |  1.00th=[   13],  5.00th=[313344], 10.00th=[733184], 20.00th=[1003520],
     | 30.00th=[1036288], 40.00th=[1073152], 50.00th=[1089536], 60.00th=[1105920],
     | 70.00th=[1122304], 80.00th=[1155072], 90.00th=[1187840], 95.00th=[1204224],
     | 99.00th=[1482752], 99.50th=[1581056], 99.90th=[1581056], 99.95th=[1581056],
     | 99.99th=[1581056]
    bw (KB  /s): min= 9637, max=150311, per=94.70%, avg=122187.29, stdev=37311.39
    lat (usec) : 20=1.69%
    lat (msec) : 250=1.69%, 500=3.38%, 750=3.59%, 1000=9.09%, 2000=80.55%
  cpu          : usr=0.01%, sys=9.73%, ctx=64811, majf=0, minf=40988
  IO depths    : 1=1.7%, 2=3.4%, 4=6.8%, 8=88.2%, 16=0.0%, 32=0.0%, >=64=0.0%
     submit    : 0=0.0%, 4=100.0%, 8=0.0%, 16=0.0%, 32=0.0%, 64=0.0%, >=64=0.0%
     complete  : 0=0.0%, 4=98.0%, 8=0.0%, 16=2.0%, 32=0.0%, 64=0.0%, >=64=0.0%
     issued    : total=r=473/w=0/d=0, short=r=0/w=0/d=0

Run status group 0 (all jobs):
   READ: io=7568.0MB, aggrb=129027KB/s, minb=129027KB/s, maxb=129027KB/s, mint=60062msec, maxt=60062msec

Disk stats (read/write):
  xvdf: ios=177346/0, merge=0/0, ticks=6871107/0, in_queue=6874171, util=97.98%
