seqwrite: (g=0): rw=write, bs=1M-1M/1M-1M/1M-1M, ioengine=libaio, iodepth=10
fio-2.1.4
Starting 1 process
seqwrite: Laying out IO file(s) (1 file(s) / 5120MB)

seqwrite: (groupid=0, jobs=1): err= 0: pid=2034: Sat Mar 15 04:39:33 2014
  write: io=5121.0MB, bw=28070KB/s, iops=27, runt=186812msec
    slat (usec): min=774, max=1084, avg=902.00, stdev=30.62
    clat (usec): min=4, max=8952, avg=8150.23, stdev=286.66
     lat (usec): min=947, max=9922, avg=9052.70, stdev=294.61
    clat percentiles (usec):
     |  1.00th=[ 8032],  5.00th=[ 8032], 10.00th=[ 8032], 20.00th=[ 8032],
     | 30.00th=[ 8096], 40.00th=[ 8096], 50.00th=[ 8096], 60.00th=[ 8160],
     | 70.00th=[ 8160], 80.00th=[ 8256], 90.00th=[ 8256], 95.00th=[ 8512],
     | 99.00th=[ 8768], 99.50th=[ 8768], 99.90th=[ 8896], 99.95th=[ 8896],
     | 99.99th=[ 8896]
    bw (KB  /s): min=    5, max=1138688, per=100.00%, avg=1016013.30, stdev=357258.77
    lat (usec) : 10=0.04%, 1000=0.02%
    lat (msec) : 2=0.02%, 4=0.04%, 10=99.88%
  cpu          : usr=0.45%, sys=3.85%, ctx=126466, majf=0, minf=25
  IO depths    : 1=0.1%, 2=0.1%, 4=0.1%, 8=99.8%, 16=0.0%, 32=0.0%, >=64=0.0%
     submit    : 0=0.0%, 4=100.0%, 8=0.0%, 16=0.0%, 32=0.0%, 64=0.0%, >=64=0.0%
     complete  : 0=0.0%, 4=100.0%, 8=0.0%, 16=0.1%, 32=0.0%, 64=0.0%, >=64=0.0%
     issued    : total=r=0/w=5121/d=0, short=r=0/w=0/d=0

Run status group 0 (all jobs):
  WRITE: io=5121.0MB, aggrb=28070KB/s, minb=28070KB/s, maxb=28070KB/s, mint=186812msec, maxt=186812msec

Disk stats (read/write):
  xvdf: ios=0/119197, merge=0/1191574, ticks=0/26674012, in_queue=26673981, util=97.14%
