randread-512k-1m: (g=0): rw=randread, bs=512K-1M/512K-1M/512K-1M, ioengine=libaio, iodepth=10
seqread: (g=0): rw=read, bs=1M-1M/1M-1M/1M-1M, ioengine=libaio, iodepth=10
seqwrite: (g=0): rw=write, bs=1M-1M/1M-1M/1M-1M, ioengine=libaio, iodepth=10
fio-2.1.3
Starting 3 processes

randread-512k-1m: (groupid=0, jobs=1): err= 0: pid=31755: Fri May 27 18:07:34 2016
  read : io=116645MB, bw=1943.2MB/s, iops=2883, runt= 60003msec
    slat (usec): min=33, max=2632, avg=159.82, stdev=87.09
    clat (msec): min=1, max=255, avg= 3.30, stdev= 2.38
     lat (msec): min=1, max=256, avg= 3.46, stdev= 2.39
    clat percentiles (usec):
     |  1.00th=[ 2064],  5.00th=[ 2320], 10.00th=[ 2480], 20.00th=[ 2704],
     | 30.00th=[ 2864], 40.00th=[ 2992], 50.00th=[ 3152], 60.00th=[ 3312],
     | 70.00th=[ 3472], 80.00th=[ 3696], 90.00th=[ 4080], 95.00th=[ 4512],
     | 99.00th=[ 5856], 99.50th=[ 7904], 99.90th=[14784], 99.95th=[16320],
     | 99.99th=[83456]
    bw (MB  /s): min=  629, max= 2101, per=98.98%, avg=1934.06, stdev=210.67
    lat (msec) : 2=0.61%, 4=88.05%, 10=11.05%, 20=0.25%, 50=0.01%
    lat (msec) : 100=0.03%, 250=0.01%, 500=0.01%
  cpu          : usr=0.76%, sys=45.61%, ctx=143614, majf=0, minf=525
  IO depths    : 1=0.1%, 2=0.1%, 4=0.1%, 8=99.9%, 16=0.0%, 32=0.0%, >=64=0.0%
     submit    : 0=0.0%, 4=100.0%, 8=0.0%, 16=0.0%, 32=0.0%, 64=0.0%, >=64=0.0%
     complete  : 0=0.0%, 4=100.0%, 8=0.0%, 16=0.1%, 32=0.0%, 64=0.0%, >=64=0.0%
     issued    : total=r=173019/w=0/d=0, short=r=0/w=0/d=0
seqread: (groupid=0, jobs=1): err= 0: pid=31756: Fri May 27 18:07:34 2016
  read : io=616448KB, bw=10273KB/s, iops=10, runt= 60005msec
    slat (usec): min=106, max=988, avg=325.80, stdev=125.66
    clat (usec): min=902, max=254506, avg=7245.16, stdev=31677.22
     lat (msec): min=1, max=255, avg= 7.57, stdev=31.74
    clat percentiles (msec):
     |  1.00th=[    3],  5.00th=[    3], 10.00th=[    3], 20.00th=[    3],
     | 30.00th=[    3], 40.00th=[    3], 50.00th=[    3], 60.00th=[    4],
     | 70.00th=[    4], 80.00th=[    4], 90.00th=[    5], 95.00th=[    5],
     | 99.00th=[  251], 99.50th=[  251], 99.90th=[  255], 99.95th=[  255],
     | 99.99th=[  255]
    bw (KB  /s): min=10039, max=11702, per=0.51%, avg=10263.16, stdev=147.72
    lat (usec) : 1000=0.17%
    lat (msec) : 2=0.83%, 4=87.54%, 10=9.14%, 20=0.66%, 250=0.83%
    lat (msec) : 500=0.83%
  cpu          : usr=0.02%, sys=0.33%, ctx=1212, majf=0, minf=524
  IO depths    : 1=98.2%, 2=0.3%, 4=0.7%, 8=0.8%, 16=0.0%, 32=0.0%, >=64=0.0%
     submit    : 0=0.0%, 4=100.0%, 8=0.0%, 16=0.0%, 32=0.0%, 64=0.0%, >=64=0.0%
     complete  : 0=0.0%, 4=100.0%, 8=0.0%, 16=0.0%, 32=0.0%, 64=0.0%, >=64=0.0%
     issued    : total=r=602/w=0/d=0, short=r=0/w=0/d=0
seqwrite: (groupid=0, jobs=1): err= 0: pid=31757: Fri May 27 18:07:34 2016
  write: io=616448KB, bw=10273KB/s, iops=10, runt= 60006msec
    slat (usec): min=175, max=828, avg=374.84, stdev=102.04
    clat (usec): min=715, max=307085, avg=8794.95, stdev=35216.27
     lat (msec): min=1, max=307, avg= 9.17, stdev=35.21
    clat percentiles (msec):
     |  1.00th=[    3],  5.00th=[    4], 10.00th=[    4], 20.00th=[    4],
     | 30.00th=[    4], 40.00th=[    4], 50.00th=[    4], 60.00th=[    5],
     | 70.00th=[    5], 80.00th=[    5], 90.00th=[    5], 95.00th=[    6],
     | 99.00th=[  262], 99.50th=[  302], 99.90th=[  306], 99.95th=[  306],
     | 99.99th=[  306]
    bw (KB  /s): min=10178, max=11828, per=99.90%, avg=10262.67, stdev=154.27
    lat (usec) : 750=0.17%
    lat (msec) : 4=51.00%, 10=46.68%, 50=0.17%, 100=0.33%, 500=1.66%
  cpu          : usr=0.09%, sys=0.33%, ctx=1201, majf=0, minf=10
  IO depths    : 1=98.2%, 2=0.3%, 4=0.7%, 8=0.8%, 16=0.0%, 32=0.0%, >=64=0.0%
     submit    : 0=0.0%, 4=100.0%, 8=0.0%, 16=0.0%, 32=0.0%, 64=0.0%, >=64=0.0%
     complete  : 0=0.0%, 4=100.0%, 8=0.0%, 16=0.0%, 32=0.0%, 64=0.0%, >=64=0.0%
     issued    : total=r=0/w=602/d=0, short=r=0/w=0/d=0

Run status group 0 (all jobs):
   READ: io=117247MB, aggrb=1953.1MB/s, minb=10273KB/s, maxb=1943.2MB/s, mint=60003msec, maxt=60005msec
  WRITE: io=616448KB, aggrb=10273KB/s, minb=10273KB/s, maxb=10273KB/s, mint=60006msec, maxt=60006msec

Disk stats (read/write):
  nvme0n1: ios=1110563/5443, merge=0/0, ticks=3608060/43692, in_queue=3653428, util=100.00%
