randread-8k-16k: (g=0): rw=randread, bs=8K-16K/8K-16K/8K-16K, ioengine=libaio, iodepth=10
seqread: (g=0): rw=read, bs=1M-1M/1M-1M/1M-1M, ioengine=libaio, iodepth=10
seqwrite: (g=0): rw=write, bs=1M-1M/1M-1M/1M-1M, ioengine=libaio, iodepth=10
fio-2.1.3
Starting 3 processes

randread-8k-16k: (groupid=0, jobs=1): err= 0: pid=3810: Fri May 27 18:27:42 2016
  read : io=31341MB, bw=534871KB/s, iops=49502, runt= 60001msec
    slat (usec): min=1, max=15460, avg= 6.40, stdev=14.24
    clat (usec): min=1, max=82782, avg=194.00, stdev=443.97
     lat (usec): min=33, max=82794, avg=200.53, stdev=444.46
    clat percentiles (usec):
     |  1.00th=[   97],  5.00th=[  106], 10.00th=[  112], 20.00th=[  120],
     | 30.00th=[  127], 40.00th=[  135], 50.00th=[  143], 60.00th=[  153],
     | 70.00th=[  167], 80.00th=[  193], 90.00th=[  282], 95.00th=[  446],
     | 99.00th=[  996], 99.50th=[ 1320], 99.90th=[ 2096], 99.95th=[ 2992],
     | 99.99th=[10688]
    bw (KB  /s): min=193424, max=654752, per=92.96%, avg=535322.09, stdev=100974.95
    lat (usec) : 2=0.01%, 10=0.01%, 20=0.01%, 50=0.01%, 100=1.61%
    lat (usec) : 250=86.79%, 500=7.28%, 750=2.53%, 1000=0.80%
    lat (msec) : 2=0.88%, 4=0.07%, 10=0.01%, 20=0.02%, 50=0.01%
    lat (msec) : 100=0.01%
  cpu          : usr=12.05%, sys=41.56%, ctx=1019350, majf=0, minf=49
  IO depths    : 1=0.1%, 2=0.1%, 4=0.1%, 8=100.0%, 16=0.0%, 32=0.0%, >=64=0.0%
     submit    : 0=0.0%, 4=100.0%, 8=0.0%, 16=0.0%, 32=0.0%, 64=0.0%, >=64=0.0%
     complete  : 0=0.0%, 4=100.0%, 8=0.0%, 16=0.1%, 32=0.0%, 64=0.0%, >=64=0.0%
     issued    : total=r=2970223/w=0/d=0, short=r=0/w=0/d=0
seqread: (groupid=0, jobs=1): err= 0: pid=3811: Fri May 27 18:27:42 2016
  read : io=2402.0MB, bw=40993KB/s, iops=40, runt= 60002msec
    slat (usec): min=74, max=892, avg=192.53, stdev=84.07
    clat (usec): min=317, max=71413, avg=1242.72, stdev=3827.29
     lat (usec): min=651, max=71561, avg=1435.65, stdev=3839.98
    clat percentiles (usec):
     |  1.00th=[  564],  5.00th=[  580], 10.00th=[  588], 20.00th=[  604],
     | 30.00th=[  620], 40.00th=[  628], 50.00th=[  636], 60.00th=[  652],
     | 70.00th=[  676], 80.00th=[  716], 90.00th=[ 1384], 95.00th=[ 2672],
     | 99.00th=[12352], 99.50th=[17536], 99.90th=[67072], 99.95th=[68096],
     | 99.99th=[71168]
    bw (KB  /s): min=35175, max=47104, per=7.13%, avg=41036.37, stdev=1231.25
    lat (usec) : 500=0.17%, 750=83.14%, 1000=3.50%
    lat (msec) : 2=6.33%, 4=3.29%, 10=1.75%, 20=1.42%, 50=0.21%
    lat (msec) : 100=0.21%
  cpu          : usr=0.07%, sys=0.87%, ctx=4709, majf=0, minf=524
  IO depths    : 1=96.3%, 2=0.7%, 4=1.5%, 8=1.4%, 16=0.0%, 32=0.0%, >=64=0.0%
     submit    : 0=0.0%, 4=100.0%, 8=0.0%, 16=0.0%, 32=0.0%, 64=0.0%, >=64=0.0%
     complete  : 0=0.0%, 4=100.0%, 8=0.0%, 16=0.0%, 32=0.0%, 64=0.0%, >=64=0.0%
     issued    : total=r=2402/w=0/d=0, short=r=0/w=0/d=0
seqwrite: (groupid=0, jobs=1): err= 0: pid=3812: Fri May 27 18:27:42 2016
  write: io=2402.0MB, bw=40992KB/s, iops=40, runt= 60003msec
    slat (usec): min=86, max=3352, avg=227.02, stdev=110.78
    clat (usec): min=304, max=90218, avg=1906.54, stdev=5070.23
     lat (usec): min=698, max=90368, avg=2134.06, stdev=5079.94
    clat percentiles (usec):
     |  1.00th=[  652],  5.00th=[  716], 10.00th=[  812], 20.00th=[  868],
     | 30.00th=[  884], 40.00th=[  892], 50.00th=[  908], 60.00th=[  940],
     | 70.00th=[  956], 80.00th=[  996], 90.00th=[ 1480], 95.00th=[ 9664],
     | 99.00th=[17792], 99.50th=[22912], 99.90th=[86528], 99.95th=[87552],
     | 99.99th=[90624]
    bw (KB  /s): min=31267, max=51097, per=100.00%, avg=41035.05, stdev=1611.69
    lat (usec) : 500=0.08%, 750=7.33%, 1000=72.77%
    lat (msec) : 2=11.91%, 4=1.12%, 10=1.92%, 20=4.29%, 50=0.21%
    lat (msec) : 100=0.37%
  cpu          : usr=0.24%, sys=0.83%, ctx=4735, majf=0, minf=9
  IO depths    : 1=96.8%, 2=0.7%, 4=1.3%, 8=1.2%, 16=0.0%, 32=0.0%, >=64=0.0%
     submit    : 0=0.0%, 4=100.0%, 8=0.0%, 16=0.0%, 32=0.0%, 64=0.0%, >=64=0.0%
     complete  : 0=0.0%, 4=100.0%, 8=0.0%, 16=0.0%, 32=0.0%, 64=0.0%, >=64=0.0%
     issued    : total=r=0/w=2402/d=0, short=r=0/w=0/d=0

Run status group 0 (all jobs):
   READ: io=33743MB, aggrb=575855KB/s, minb=40992KB/s, maxb=534871KB/s, mint=60001msec, maxt=60002msec
  WRITE: io=2402.0MB, aggrb=40992KB/s, minb=40992KB/s, maxb=40992KB/s, mint=60003msec, maxt=60003msec

Disk stats (read/write):
  nvme0n1: ios=2989255/21627, merge=0/0, ticks=552168/30740, in_queue=583304, util=99.90%
