randread-512k-1m: (g=0): rw=randread, bs=512K-1M/512K-1M/512K-1M, ioengine=libaio, iodepth=10
seqread: (g=0): rw=read, bs=1M-1M/1M-1M/1M-1M, ioengine=libaio, iodepth=10
seqwrite: (g=0): rw=write, bs=1M-1M/1M-1M/1M-1M, ioengine=libaio, iodepth=10
fio-2.1.3
Starting 3 processes

randread-512k-1m: (groupid=0, jobs=1): err= 0: pid=31977: Fri May 27 18:08:34 2016
  read : io=22410MB, bw=382277KB/s, iops=551, runt= 60028msec
    slat (usec): min=39, max=21337, avg=306.20, stdev=522.48
    clat (msec): min=3, max=148, avg=17.81, stdev= 6.85
     lat (msec): min=4, max=148, avg=18.12, stdev= 6.85
    clat percentiles (msec):
     |  1.00th=[   11],  5.00th=[   12], 10.00th=[   13], 20.00th=[   15],
     | 30.00th=[   16], 40.00th=[   17], 50.00th=[   18], 60.00th=[   19],
     | 70.00th=[   19], 80.00th=[   20], 90.00th=[   22], 95.00th=[   24],
     | 99.00th=[   37], 99.50th=[   40], 99.90th=[  127], 99.95th=[  139],
     | 99.99th=[  149]
    bw (KB  /s): min=258048, max=439296, per=41.08%, avg=382813.53, stdev=31703.19
    lat (msec) : 4=0.01%, 10=0.53%, 20=81.15%, 50=18.04%, 100=0.08%
    lat (msec) : 250=0.19%
  cpu          : usr=0.35%, sys=11.96%, ctx=30773, majf=0, minf=527
  IO depths    : 1=0.1%, 2=0.1%, 4=0.1%, 8=99.9%, 16=0.0%, 32=0.0%, >=64=0.0%
     submit    : 0=0.0%, 4=100.0%, 8=0.0%, 16=0.0%, 32=0.0%, 64=0.0%, >=64=0.0%
     complete  : 0=0.0%, 4=100.0%, 8=0.0%, 16=0.1%, 32=0.0%, 64=0.0%, >=64=0.0%
     issued    : total=r=33112/w=0/d=0, short=r=0/w=0/d=0
seqread: (groupid=0, jobs=1): err= 0: pid=31978: Fri May 27 18:08:34 2016
  read : io=32217MB, bw=549599KB/s, iops=536, runt= 60026msec
    slat (usec): min=65, max=21633, avg=377.96, stdev=544.19
    clat (msec): min=3, max=154, avg=18.24, stdev= 6.83
     lat (msec): min=4, max=154, avg=18.62, stdev= 6.84
    clat percentiles (msec):
     |  1.00th=[   12],  5.00th=[   13], 10.00th=[   14], 20.00th=[   16],
     | 30.00th=[   17], 40.00th=[   17], 50.00th=[   18], 60.00th=[   19],
     | 70.00th=[   20], 80.00th=[   21], 90.00th=[   22], 95.00th=[   25],
     | 99.00th=[   38], 99.50th=[   41], 99.90th=[  128], 99.95th=[  137],
     | 99.99th=[  153]
    bw (KB  /s): min=378880, max=597673, per=59.00%, avg=549809.18, stdev=41891.94
    lat (msec) : 4=0.01%, 10=0.19%, 20=79.84%, 50=19.67%, 100=0.12%
    lat (msec) : 250=0.17%
  cpu          : usr=0.27%, sys=14.86%, ctx=30509, majf=0, minf=525
  IO depths    : 1=0.1%, 2=0.1%, 4=0.1%, 8=99.8%, 16=0.0%, 32=0.0%, >=64=0.0%
     submit    : 0=0.0%, 4=100.0%, 8=0.0%, 16=0.0%, 32=0.0%, 64=0.0%, >=64=0.0%
     complete  : 0=0.0%, 4=100.0%, 8=0.0%, 16=0.1%, 32=0.0%, 64=0.0%, >=64=0.0%
     issued    : total=r=32217/w=0/d=0, short=r=0/w=0/d=0
seqwrite: (groupid=0, jobs=1): err= 0: pid=31979: Fri May 27 18:08:34 2016
  write: io=32141MB, bw=548366KB/s, iops=535, runt= 60019msec
    slat (usec): min=75, max=21490, avg=453.69, stdev=572.35
    clat (msec): min=8, max=154, avg=18.20, stdev= 6.75
     lat (msec): min=8, max=154, avg=18.66, stdev= 6.76
    clat percentiles (msec):
     |  1.00th=[   12],  5.00th=[   13], 10.00th=[   14], 20.00th=[   16],
     | 30.00th=[   17], 40.00th=[   17], 50.00th=[   18], 60.00th=[   19],
     | 70.00th=[   20], 80.00th=[   20], 90.00th=[   22], 95.00th=[   24],
     | 99.00th=[   38], 99.50th=[   40], 99.90th=[  128], 99.95th=[  137],
     | 99.99th=[  153]
    bw (KB  /s): min=387072, max=595968, per=100.00%, avg=548843.86, stdev=42462.29
    lat (msec) : 10=0.04%, 20=80.57%, 50=19.11%, 100=0.11%, 250=0.18%
  cpu          : usr=3.24%, sys=14.66%, ctx=33199, majf=0, minf=11
  IO depths    : 1=0.1%, 2=0.1%, 4=0.1%, 8=99.8%, 16=0.0%, 32=0.0%, >=64=0.0%
     submit    : 0=0.0%, 4=100.0%, 8=0.0%, 16=0.0%, 32=0.0%, 64=0.0%, >=64=0.0%
     complete  : 0=0.0%, 4=100.0%, 8=0.0%, 16=0.1%, 32=0.0%, 64=0.0%, >=64=0.0%
     issued    : total=r=0/w=32141/d=0, short=r=0/w=0/d=0

Run status group 0 (all jobs):
   READ: io=54627MB, aggrb=931857KB/s, minb=382277KB/s, maxb=549598KB/s, mint=60026msec, maxt=60028msec
  WRITE: io=32141MB, aggrb=548366KB/s, minb=548366KB/s, maxb=548366KB/s, mint=60019msec, maxt=60019msec

Disk stats (read/write):
  nvme0n1: ios=501816/289017, merge=0/0, ticks=8751160/4991224, in_queue=13776396, util=99.98%
