randread-32k-64k: (g=0): rw=randread, bs=32K-64K/32K-64K/32K-64K, ioengine=libaio, iodepth=10
seqread: (g=0): rw=read, bs=1M-1M/1M-1M/1M-1M, ioengine=libaio, iodepth=10
seqwrite: (g=0): rw=write, bs=1M-1M/1M-1M/1M-1M, ioengine=libaio, iodepth=10
fio-2.1.3
Starting 3 processes

randread-32k-64k: (groupid=0, jobs=1): err= 0: pid=4712: Fri May 27 18:31:44 2016
  read : io=80099MB, bw=1334.1MB/s, iops=31638, runt= 60001msec
    slat (usec): min=2, max=2006, avg=10.70, stdev=13.81
    clat (usec): min=12, max=84120, avg=303.68, stdev=399.78
     lat (usec): min=86, max=84170, avg=314.50, stdev=400.21
    clat percentiles (usec):
     |  1.00th=[  147],  5.00th=[  169], 10.00th=[  185], 20.00th=[  207],
     | 30.00th=[  227], 40.00th=[  245], 50.00th=[  266], 60.00th=[  286],
     | 70.00th=[  314], 80.00th=[  358], 90.00th=[  438], 95.00th=[  548],
     | 99.00th=[  884], 99.50th=[ 1112], 99.90th=[ 1752], 99.95th=[ 2256],
     | 99.99th=[10304]
    bw (MB  /s): min=  601, max= 1452, per=96.94%, avg=1332.85, stdev=180.81
    lat (usec) : 20=0.01%, 50=0.01%, 100=0.03%, 250=42.88%, 500=50.58%
    lat (usec) : 750=4.56%, 1000=1.26%
    lat (msec) : 2=0.61%, 4=0.04%, 10=0.01%, 20=0.01%, 100=0.01%
  cpu          : usr=7.56%, sys=42.24%, ctx=928820, majf=0, minf=168
  IO depths    : 1=0.1%, 2=0.1%, 4=0.1%, 8=100.0%, 16=0.0%, 32=0.0%, >=64=0.0%
     submit    : 0=0.0%, 4=100.0%, 8=0.0%, 16=0.0%, 32=0.0%, 64=0.0%, >=64=0.0%
     complete  : 0=0.0%, 4=100.0%, 8=0.0%, 16=0.1%, 32=0.0%, 64=0.0%, >=64=0.0%
     issued    : total=r=1898339/w=0/d=0, short=r=0/w=0/d=0
seqread: (groupid=0, jobs=1): err= 0: pid=4713: Fri May 27 18:31:44 2016
  read : io=2402.0MB, bw=40993KB/s, iops=40, runt= 60002msec
    slat (usec): min=67, max=904, avg=211.56, stdev=91.65
    clat (usec): min=227, max=74077, avg=971.52, stdev=3045.16
     lat (usec): min=653, max=74200, avg=1183.37, stdev=3054.60
    clat percentiles (usec):
     |  1.00th=[  564],  5.00th=[  588], 10.00th=[  604], 20.00th=[  620],
     | 30.00th=[  636], 40.00th=[  652], 50.00th=[  660], 60.00th=[  676],
     | 70.00th=[  700], 80.00th=[  732], 90.00th=[  804], 95.00th=[ 1336],
     | 99.00th=[ 7584], 99.50th=[11328], 99.90th=[68096], 99.95th=[73216],
     | 99.99th=[74240]
    bw (KB  /s): min=35804, max=46823, per=2.91%, avg=41027.72, stdev=791.72
    lat (usec) : 250=0.04%, 500=0.17%, 750=83.97%, 1000=9.16%
    lat (msec) : 2=3.21%, 4=1.54%, 10=1.17%, 20=0.58%, 100=0.17%
  cpu          : usr=0.05%, sys=0.93%, ctx=4748, majf=0, minf=524
  IO depths    : 1=97.9%, 2=0.4%, 4=0.8%, 8=0.9%, 16=0.0%, 32=0.0%, >=64=0.0%
     submit    : 0=0.0%, 4=100.0%, 8=0.0%, 16=0.0%, 32=0.0%, 64=0.0%, >=64=0.0%
     complete  : 0=0.0%, 4=100.0%, 8=0.0%, 16=0.0%, 32=0.0%, 64=0.0%, >=64=0.0%
     issued    : total=r=2402/w=0/d=0, short=r=0/w=0/d=0
seqwrite: (groupid=0, jobs=1): err= 0: pid=4714: Fri May 27 18:31:44 2016
  write: io=2402.0MB, bw=40993KB/s, iops=40, runt= 60002msec
    slat (usec): min=67, max=4970, avg=203.21, stdev=121.28
    clat (usec): min=589, max=91672, avg=1656.16, stdev=4281.73
     lat (usec): min=730, max=91860, avg=1859.78, stdev=4295.44
    clat percentiles (usec):
     |  1.00th=[  836],  5.00th=[  924], 10.00th=[  980], 20.00th=[ 1032],
     | 30.00th=[ 1080], 40.00th=[ 1112], 50.00th=[ 1144], 60.00th=[ 1176],
     | 70.00th=[ 1224], 80.00th=[ 1272], 90.00th=[ 1368], 95.00th=[ 1608],
     | 99.00th=[17024], 99.50th=[18304], 99.90th=[88576], 99.95th=[89600],
     | 99.99th=[91648]
    bw (KB  /s): min=39613, max=44787, per=100.00%, avg=41024.93, stdev=470.93
    lat (usec) : 750=0.25%, 1000=12.57%
    lat (msec) : 2=83.18%, 4=1.12%, 10=0.79%, 20=1.79%, 50=0.04%
    lat (msec) : 100=0.25%
  cpu          : usr=0.26%, sys=0.69%, ctx=4777, majf=0, minf=9
  IO depths    : 1=98.4%, 2=0.3%, 4=0.7%, 8=0.6%, 16=0.0%, 32=0.0%, >=64=0.0%
     submit    : 0=0.0%, 4=100.0%, 8=0.0%, 16=0.0%, 32=0.0%, 64=0.0%, >=64=0.0%
     complete  : 0=0.0%, 4=100.0%, 8=0.0%, 16=0.0%, 32=0.0%, 64=0.0%, >=64=0.0%
     issued    : total=r=0/w=2402/d=0, short=r=0/w=0/d=0

Run status group 0 (all jobs):
   READ: io=82501MB, aggrb=1374.2MB/s, minb=40992KB/s, maxb=1334.1MB/s, mint=60001msec, maxt=60002msec
  WRITE: io=2402.0MB, aggrb=40992KB/s, minb=40992KB/s, maxb=40992KB/s, mint=60002msec, maxt=60002msec

Disk stats (read/write):
  nvme0n1: ios=1918327/21627, merge=0/0, ticks=567508/23308, in_queue=591304, util=99.96%
