randread-1k-4k: (g=0): rw=randread, bs=1K-4K/1K-4K/1K-4K, ioengine=libaio, iodepth=10
seqread: (g=0): rw=read, bs=1M-1M/1M-1M/1M-1M, ioengine=libaio, iodepth=10
seqwrite: (g=0): rw=write, bs=1M-1M/1M-1M/1M-1M, ioengine=libaio, iodepth=10
fio-2.1.3
Starting 3 processes

randread-1k-4k: (groupid=0, jobs=1): err= 0: pid=2913: Fri May 27 18:23:41 2016
  read : io=6749.6MB, bw=115191KB/s, iops=54031, runt= 60001msec
    slat (usec): min=1, max=1518, avg= 5.65, stdev=11.48
    clat (usec): min=8, max=305539, avg=177.66, stdev=718.98
     lat (usec): min=23, max=305543, avg=183.46, stdev=719.24
    clat percentiles (usec):
     |  1.00th=[   78],  5.00th=[   89], 10.00th=[   94], 20.00th=[  103],
     | 30.00th=[  111], 40.00th=[  118], 50.00th=[  127], 60.00th=[  139],
     | 70.00th=[  153], 80.00th=[  173], 90.00th=[  233], 95.00th=[  402],
     | 99.00th=[ 1096], 99.50th=[ 1384], 99.90th=[ 2480], 99.95th=[ 3024],
     | 99.99th=[12864]
    bw (KB  /s): min=  213, max=173566, per=73.80%, avg=115250.62, stdev=28995.77
    lat (usec) : 10=0.01%, 20=0.01%, 50=0.10%, 100=15.32%, 250=75.25%
    lat (usec) : 500=5.61%, 750=1.89%, 1000=0.66%
    lat (msec) : 2=1.00%, 4=0.13%, 10=0.01%, 20=0.02%, 50=0.01%
    lat (msec) : 100=0.01%, 500=0.01%
  cpu          : usr=14.99%, sys=40.05%, ctx=760352, majf=0, minf=18
  IO depths    : 1=0.1%, 2=0.1%, 4=0.1%, 8=100.0%, 16=0.0%, 32=0.0%, >=64=0.0%
     submit    : 0=0.0%, 4=100.0%, 8=0.0%, 16=0.0%, 32=0.0%, 64=0.0%, >=64=0.0%
     complete  : 0=0.0%, 4=100.0%, 8=0.0%, 16=0.1%, 32=0.0%, 64=0.0%, >=64=0.0%
     issued    : total=r=3241969/w=0/d=0, short=r=0/w=0/d=0
seqread: (groupid=0, jobs=1): err= 0: pid=2914: Fri May 27 18:23:41 2016
  read : io=2402.0MB, bw=40991KB/s, iops=40, runt= 60004msec
    slat (usec): min=67, max=1917, avg=251.23, stdev=96.07
    clat (usec): min=462, max=336685, avg=3673.59, stdev=20704.98
     lat (usec): min=635, max=336990, avg=3925.19, stdev=20712.62
    clat percentiles (usec):
     |  1.00th=[  556],  5.00th=[  580], 10.00th=[  596], 20.00th=[  620],
     | 30.00th=[  644], 40.00th=[  684], 50.00th=[  788], 60.00th=[ 1144],
     | 70.00th=[ 1672], 80.00th=[ 2320], 90.00th=[ 2832], 95.00th=[ 4192],
     | 99.00th=[66048], 99.50th=[98816], 99.90th=[288768], 99.95th=[333824],
     | 99.99th=[337920]
    bw (KB  /s): min=15198, max=64631, per=26.28%, avg=41038.94, stdev=3388.37
    lat (usec) : 500=0.04%, 750=47.34%, 1000=9.20%
    lat (msec) : 2=17.32%, 4=20.98%, 10=2.00%, 20=1.29%, 50=0.08%
    lat (msec) : 100=1.29%, 250=0.04%, 500=0.42%
  cpu          : usr=0.07%, sys=1.10%, ctx=4722, majf=0, minf=524
  IO depths    : 1=96.4%, 2=0.6%, 4=1.2%, 8=1.8%, 16=0.0%, 32=0.0%, >=64=0.0%
     submit    : 0=0.0%, 4=100.0%, 8=0.0%, 16=0.0%, 32=0.0%, 64=0.0%, >=64=0.0%
     complete  : 0=0.0%, 4=100.0%, 8=0.0%, 16=0.0%, 32=0.0%, 64=0.0%, >=64=0.0%
     issued    : total=r=2402/w=0/d=0, short=r=0/w=0/d=0
seqwrite: (groupid=0, jobs=1): err= 0: pid=2915: Fri May 27 18:23:41 2016
  write: io=2402.0MB, bw=40992KB/s, iops=40, runt= 60003msec
    slat (usec): min=64, max=1128, avg=295.40, stdev=107.22
    clat (usec): min=237, max=340987, avg=3702.99, stdev=21424.19
     lat (usec): min=753, max=341296, avg=3998.84, stdev=21429.64
    clat percentiles (usec):
     |  1.00th=[  652],  5.00th=[  676], 10.00th=[  700], 20.00th=[  812],
     | 30.00th=[  828], 40.00th=[  844], 50.00th=[  852], 60.00th=[  876],
     | 70.00th=[  892], 80.00th=[  940], 90.00th=[ 1560], 95.00th=[ 9792],
     | 99.00th=[67072], 99.50th=[95744], 99.90th=[333824], 99.95th=[337920],
     | 99.99th=[342016]
    bw (KB  /s): min=13679, max=67314, per=100.00%, avg=41039.53, stdev=4038.91
    lat (usec) : 250=0.04%, 500=0.12%, 750=13.11%, 1000=68.48%
    lat (msec) : 2=9.49%, 4=1.17%, 10=2.62%, 20=2.87%, 50=0.46%
    lat (msec) : 100=1.21%, 500=0.42%
  cpu          : usr=0.31%, sys=1.03%, ctx=4716, majf=0, minf=10
  IO depths    : 1=96.0%, 2=0.7%, 4=1.3%, 8=2.0%, 16=0.0%, 32=0.0%, >=64=0.0%
     submit    : 0=0.0%, 4=100.0%, 8=0.0%, 16=0.0%, 32=0.0%, 64=0.0%, >=64=0.0%
     complete  : 0=0.0%, 4=100.0%, 8=0.0%, 16=0.0%, 32=0.0%, 64=0.0%, >=64=0.0%
     issued    : total=r=0/w=2402/d=0, short=r=0/w=0/d=0

Run status group 0 (all jobs):
   READ: io=9151.6MB, aggrb=156176KB/s, minb=40991KB/s, maxb=115190KB/s, mint=60001msec, maxt=60004msec
  WRITE: io=2402.0MB, aggrb=40992KB/s, minb=40992KB/s, maxb=40992KB/s, mint=60003msec, maxt=60003msec

Disk stats (read/write):
  nvme0n1: ios=3261415/21628, merge=0/0, ticks=560284/69868, in_queue=630864, util=99.20%
