randread-128k-256k: (g=0): rw=randread, bs=128K-256K/128K-256K/128K-256K, ioengine=libaio, iodepth=10
seqread: (g=0): rw=read, bs=1M-1M/1M-1M/1M-1M, ioengine=libaio, iodepth=10
seqwrite: (g=0): rw=write, bs=1M-1M/1M-1M/1M-1M, ioengine=libaio, iodepth=10
fio-2.1.3
Starting 3 processes

randread-128k-256k: (groupid=0, jobs=1): err= 0: pid=5385: Fri May 27 18:34:45 2016
  read : io=97499MB, bw=1624.1MB/s, iops=9654, runt= 60003msec
    slat (usec): min=9, max=3203, avg=26.06, stdev=20.49
    clat (usec): min=216, max=74098, avg=1007.72, stdev=951.64
     lat (usec): min=241, max=74119, avg=1033.91, stdev=952.07
    clat percentiles (usec):
     |  1.00th=[  580],  5.00th=[  684], 10.00th=[  732], 20.00th=[  788],
     | 30.00th=[  836], 40.00th=[  876], 50.00th=[  908], 60.00th=[  956],
     | 70.00th=[ 1004], 80.00th=[ 1064], 90.00th=[ 1256], 95.00th=[ 1608],
     | 99.00th=[ 2704], 99.50th=[ 3696], 99.90th=[ 6176], 99.95th=[12096],
     | 99.99th=[71168]
    bw (MB  /s): min= 1240, max= 1779, per=98.72%, avg=1623.80, stdev=142.99
    lat (usec) : 250=0.01%, 500=0.31%, 750=12.58%, 1000=56.75%
    lat (msec) : 2=27.79%, 4=2.15%, 10=0.33%, 20=0.07%, 50=0.01%
    lat (msec) : 100=0.01%
  cpu          : usr=2.52%, sys=28.57%, ctx=466900, majf=0, minf=649
  IO depths    : 1=0.1%, 2=0.1%, 4=0.1%, 8=100.0%, 16=0.0%, 32=0.0%, >=64=0.0%
     submit    : 0=0.0%, 4=100.0%, 8=0.0%, 16=0.0%, 32=0.0%, 64=0.0%, >=64=0.0%
     complete  : 0=0.0%, 4=100.0%, 8=0.0%, 16=0.1%, 32=0.0%, 64=0.0%, >=64=0.0%
     issued    : total=r=579288/w=0/d=0, short=r=0/w=0/d=0
seqread: (groupid=0, jobs=1): err= 0: pid=5386: Fri May 27 18:34:45 2016
  read : io=1202.0MB, bw=20513KB/s, iops=20, runt= 60003msec
    slat (usec): min=82, max=652, avg=168.51, stdev=52.73
    clat (usec): min=548, max=43954, avg=2328.01, stdev=3539.47
     lat (usec): min=730, max=44086, avg=2496.94, stdev=3537.99
    clat percentiles (usec):
     |  1.00th=[  748],  5.00th=[  884], 10.00th=[  988], 20.00th=[ 1128],
     | 30.00th=[ 1240], 40.00th=[ 1352], 50.00th=[ 1448], 60.00th=[ 1624],
     | 70.00th=[ 1928], 80.00th=[ 2480], 90.00th=[ 4576], 95.00th=[ 5408],
     | 99.00th=[12864], 99.50th=[39680], 99.90th=[43776], 99.95th=[43776],
     | 99.99th=[43776]
    bw (KB  /s): min=20039, max=23361, per=1.22%, avg=20529.23, stdev=320.31
    lat (usec) : 750=1.16%, 1000=9.23%
    lat (msec) : 2=60.98%, 4=14.31%, 10=12.73%, 20=0.92%, 50=0.67%
  cpu          : usr=0.04%, sys=0.37%, ctx=2395, majf=0, minf=526
  IO depths    : 1=99.3%, 2=0.2%, 4=0.3%, 8=0.2%, 16=0.0%, 32=0.0%, >=64=0.0%
     submit    : 0=0.0%, 4=100.0%, 8=0.0%, 16=0.0%, 32=0.0%, 64=0.0%, >=64=0.0%
     complete  : 0=0.0%, 4=100.0%, 8=0.0%, 16=0.0%, 32=0.0%, 64=0.0%, >=64=0.0%
     issued    : total=r=1202/w=0/d=0, short=r=0/w=0/d=0
seqwrite: (groupid=0, jobs=1): err= 0: pid=5387: Fri May 27 18:34:45 2016
  write: io=1202.0MB, bw=20507KB/s, iops=20, runt= 60020msec
    slat (usec): min=78, max=830, avg=197.35, stdev=60.70
    clat (msec): min=1, max=41, avg= 2.84, stdev= 3.72
     lat (msec): min=1, max=41, avg= 3.04, stdev= 3.72
    clat percentiles (usec):
     |  1.00th=[ 1384],  5.00th=[ 1560], 10.00th=[ 1640], 20.00th=[ 1752],
     | 30.00th=[ 1832], 40.00th=[ 1944], 50.00th=[ 2024], 60.00th=[ 2128],
     | 70.00th=[ 2288], 80.00th=[ 2768], 90.00th=[ 3824], 95.00th=[ 4704],
     | 99.00th=[19328], 99.50th=[38656], 99.90th=[41216], 99.95th=[41728],
     | 99.99th=[41728]
    bw (KB  /s): min=19212, max=24236, per=100.00%, avg=20530.75, stdev=429.41
    lat (msec) : 2=47.25%, 4=44.34%, 10=5.32%, 20=2.16%, 50=0.92%
  cpu          : usr=0.11%, sys=0.37%, ctx=2397, majf=0, minf=9
  IO depths    : 1=99.3%, 2=0.2%, 4=0.3%, 8=0.2%, 16=0.0%, 32=0.0%, >=64=0.0%
     submit    : 0=0.0%, 4=100.0%, 8=0.0%, 16=0.0%, 32=0.0%, 64=0.0%, >=64=0.0%
     complete  : 0=0.0%, 4=100.0%, 8=0.0%, 16=0.0%, 32=0.0%, 64=0.0%, >=64=0.0%
     issued    : total=r=0/w=1202/d=0, short=r=0/w=0/d=0

Run status group 0 (all jobs):
   READ: io=98701MB, aggrb=1644.1MB/s, minb=20513KB/s, maxb=1624.1MB/s, mint=60003msec, maxt=60003msec
  WRITE: io=1202.0MB, aggrb=20507KB/s, minb=20507KB/s, maxb=20507KB/s, mint=60020msec, maxt=60020msec

Disk stats (read/write):
  nvme0n1: ios=1368982/10836, merge=0/0, ticks=1343144/22968, in_queue=1367896, util=99.98%
