randread-512k-1m: (g=0): rw=randread, bs=512K-1M/512K-1M/512K-1M, ioengine=libaio, iodepth=10
seqread: (g=0): rw=read, bs=1M-1M/1M-1M/1M-1M, ioengine=libaio, iodepth=10
seqwrite: (g=0): rw=write, bs=1M-1M/1M-1M/1M-1M, ioengine=libaio, iodepth=10
fio-2.1.3
Starting 3 processes

randread-512k-1m: (groupid=0, jobs=1): err= 0: pid=6734: Fri May 27 18:40:48 2016
  read : io=92056MB, bw=1534.2MB/s, iops=2276, runt= 60005msec
    slat (usec): min=33, max=7883, avg=177.06, stdev=116.20
    clat (usec): min=960, max=143947, avg=4210.49, stdev=2584.10
     lat (msec): min=1, max=144, avg= 4.39, stdev= 2.59
    clat percentiles (usec):
     |  1.00th=[ 2512],  5.00th=[ 2832], 10.00th=[ 3056], 20.00th=[ 3312],
     | 30.00th=[ 3536], 40.00th=[ 3728], 50.00th=[ 3952], 60.00th=[ 4192],
     | 70.00th=[ 4448], 80.00th=[ 4768], 90.00th=[ 5216], 95.00th=[ 5664],
     | 99.00th=[10688], 99.50th=[14528], 99.90th=[27008], 99.95th=[75264],
     | 99.99th=[83456]
    bw (MB  /s): min= 1126, max= 1684, per=92.74%, avg=1534.04, stdev=130.17
    lat (usec) : 1000=0.01%
    lat (msec) : 2=0.08%, 4=52.39%, 10=46.40%, 20=0.93%, 50=0.13%
    lat (msec) : 100=0.06%, 250=0.01%
  cpu          : usr=0.83%, sys=39.74%, ctx=114922, majf=0, minf=525
  IO depths    : 1=0.1%, 2=0.1%, 4=0.1%, 8=99.9%, 16=0.0%, 32=0.0%, >=64=0.0%
     submit    : 0=0.0%, 4=100.0%, 8=0.0%, 16=0.0%, 32=0.0%, 64=0.0%, >=64=0.0%
     complete  : 0=0.0%, 4=100.0%, 8=0.0%, 16=0.1%, 32=0.0%, 64=0.0%, >=64=0.0%
     issued    : total=r=136609/w=0/d=0, short=r=0/w=0/d=0
seqread: (groupid=0, jobs=1): err= 0: pid=6735: Fri May 27 18:40:48 2016
  read : io=7203.0MB, bw=122919KB/s, iops=120, runt= 60006msec
    slat (usec): min=76, max=64058, avg=312.98, stdev=864.53
    clat (usec): min=760, max=130695, avg=5581.96, stdev=8810.13
     lat (usec): min=915, max=130952, avg=5895.38, stdev=8893.40
    clat percentiles (msec):
     |  1.00th=[    3],  5.00th=[    3], 10.00th=[    4], 20.00th=[    4],
     | 30.00th=[    4], 40.00th=[    4], 50.00th=[    4], 60.00th=[    4],
     | 70.00th=[    5], 80.00th=[    5], 90.00th=[    9], 95.00th=[   14],
     | 99.00th=[   73], 99.50th=[   81], 99.90th=[   92], 99.95th=[   98],
     | 99.99th=[  131]
    bw (KB  /s): min=105254, max=143400, per=7.27%, avg=123066.86, stdev=4106.71
    lat (usec) : 1000=0.03%
    lat (msec) : 2=0.07%, 4=63.20%, 10=29.18%, 20=5.25%, 50=1.17%
    lat (msec) : 100=1.07%, 250=0.04%
  cpu          : usr=1.72%, sys=3.68%, ctx=13707, majf=0, minf=525
  IO depths    : 1=87.4%, 2=2.2%, 4=4.4%, 8=6.0%, 16=0.0%, 32=0.0%, >=64=0.0%
     submit    : 0=0.0%, 4=100.0%, 8=0.0%, 16=0.0%, 32=0.0%, 64=0.0%, >=64=0.0%
     complete  : 0=0.0%, 4=100.0%, 8=0.0%, 16=0.0%, 32=0.0%, 64=0.0%, >=64=0.0%
     issued    : total=r=7203/w=0/d=0, short=r=0/w=0/d=0
seqwrite: (groupid=0, jobs=1): err= 0: pid=6736: Fri May 27 18:40:48 2016
  write: io=7202.0MB, bw=122916KB/s, iops=120, runt= 59999msec
    slat (usec): min=93, max=65203, avg=376.00, stdev=890.72
    clat (usec): min=698, max=130782, avg=6358.23, stdev=8339.58
     lat (msec): min=1, max=131, avg= 6.73, stdev= 8.41
    clat percentiles (msec):
     |  1.00th=[    4],  5.00th=[    4], 10.00th=[    4], 20.00th=[    5],
     | 30.00th=[    5], 40.00th=[    5], 50.00th=[    5], 60.00th=[    5],
     | 70.00th=[    6], 80.00th=[    6], 90.00th=[    8], 95.00th=[   13],
     | 99.00th=[   40], 99.50th=[   82], 99.90th=[   91], 99.95th=[   94],
     | 99.99th=[  131]
    bw (KB  /s): min=91976, max=153802, per=100.00%, avg=123045.08, stdev=5028.07
    lat (usec) : 750=0.01%
    lat (msec) : 2=0.03%, 4=10.72%, 10=81.66%, 20=4.80%, 50=1.81%
    lat (msec) : 100=0.94%, 250=0.03%
  cpu          : usr=2.22%, sys=3.94%, ctx=13865, majf=0, minf=9
  IO depths    : 1=88.0%, 2=2.1%, 4=4.2%, 8=5.8%, 16=0.0%, 32=0.0%, >=64=0.0%
     submit    : 0=0.0%, 4=100.0%, 8=0.0%, 16=0.0%, 32=0.0%, 64=0.0%, >=64=0.0%
     complete  : 0=0.0%, 4=100.0%, 8=0.0%, 16=0.0%, 32=0.0%, 64=0.0%, >=64=0.0%
     issued    : total=r=0/w=7202/d=0, short=r=0/w=0/d=0

Run status group 0 (all jobs):
   READ: io=99259MB, aggrb=1654.2MB/s, minb=122918KB/s, maxb=1534.2MB/s, mint=60005msec, maxt=60006msec
  WRITE: io=7202.0MB, aggrb=122916KB/s, minb=122916KB/s, maxb=122916KB/s, mint=59999msec, maxt=59999msec

Disk stats (read/write):
  nvme0n1: ios=937112/64788, merge=0/0, ticks=3946108/358548, in_queue=4309604, util=99.96%
