randread-128k-256k: (g=0): rw=randread, bs=128K-256K/128K-256K/128K-256K, ioengine=libaio, iodepth=10
seqread: (g=0): rw=read, bs=1M-1M/1M-1M/1M-1M, ioengine=libaio, iodepth=10
seqwrite: (g=0): rw=write, bs=1M-1M/1M-1M/1M-1M, ioengine=libaio, iodepth=10
fio-2.1.3
Starting 3 processes

randread-128k-256k: (groupid=0, jobs=1): err= 0: pid=5835: Fri May 27 18:36:46 2016
  read : io=81087MB, bw=1351.5MB/s, iops=8024, runt= 60001msec
    slat (usec): min=9, max=36947, avg=49.98, stdev=73.62
    clat (usec): min=269, max=162434, avg=1194.13, stdev=2116.87
     lat (usec): min=301, max=162478, avg=1244.24, stdev=2121.72
    clat percentiles (usec):
     |  1.00th=[  572],  5.00th=[  692], 10.00th=[  748], 20.00th=[  820],
     | 30.00th=[  876], 40.00th=[  932], 50.00th=[  996], 60.00th=[ 1064],
     | 70.00th=[ 1192], 80.00th=[ 1368], 90.00th=[ 1640], 95.00th=[ 1992],
     | 99.00th=[ 2704], 99.50th=[ 3664], 99.90th=[18816], 99.95th=[46336],
     | 99.99th=[96768]
    bw (MB  /s): min=   23, max= 1547, per=91.69%, avg=1349.14, stdev=265.13
    lat (usec) : 500=0.39%, 750=9.44%, 1000=41.08%
    lat (msec) : 2=44.19%, 4=4.45%, 10=0.20%, 20=0.16%, 50=0.05%
    lat (msec) : 100=0.04%, 250=0.01%
  cpu          : usr=2.13%, sys=41.21%, ctx=297621, majf=0, minf=137
  IO depths    : 1=0.1%, 2=0.1%, 4=0.1%, 8=100.0%, 16=0.0%, 32=0.0%, >=64=0.0%
     submit    : 0=0.0%, 4=100.0%, 8=0.0%, 16=0.0%, 32=0.0%, 64=0.0%, >=64=0.0%
     complete  : 0=0.0%, 4=100.0%, 8=0.0%, 16=0.1%, 32=0.0%, 64=0.0%, >=64=0.0%
     issued    : total=r=481495/w=0/d=0, short=r=0/w=0/d=0
seqread: (groupid=0, jobs=1): err= 0: pid=5836: Fri May 27 18:36:46 2016
  read : io=7209.0MB, bw=123017KB/s, iops=120, runt= 60008msec
    slat (usec): min=81, max=7186, avg=288.99, stdev=165.54
    clat (usec): min=558, max=167548, avg=3953.22, stdev=12348.43
     lat (usec): min=894, max=167802, avg=4242.86, stdev=12367.05
    clat percentiles (usec):
     |  1.00th=[  700],  5.00th=[  876], 10.00th=[  948], 20.00th=[ 1032],
     | 30.00th=[ 1112], 40.00th=[ 1176], 50.00th=[ 1240], 60.00th=[ 1368],
     | 70.00th=[ 1624], 80.00th=[ 2024], 90.00th=[ 3952], 95.00th=[14656],
     | 99.00th=[75264], 99.50th=[89600], 99.90th=[150528], 99.95th=[152576],
     | 99.99th=[166912]
    bw (KB  /s): min=97153, max=174730, per=8.17%, avg=123067.09, stdev=7028.27
    lat (usec) : 750=1.58%, 1000=14.07%
    lat (msec) : 2=63.82%, 4=10.61%, 10=3.40%, 20=3.01%, 50=1.72%
    lat (msec) : 100=1.46%, 250=0.33%
  cpu          : usr=0.21%, sys=3.76%, ctx=13787, majf=0, minf=525
  IO depths    : 1=89.1%, 2=1.6%, 4=3.1%, 8=6.2%, 16=0.0%, 32=0.0%, >=64=0.0%
     submit    : 0=0.0%, 4=100.0%, 8=0.0%, 16=0.0%, 32=0.0%, 64=0.0%, >=64=0.0%
     complete  : 0=0.0%, 4=100.0%, 8=0.1%, 16=0.0%, 32=0.0%, 64=0.0%, >=64=0.0%
     issued    : total=r=7209/w=0/d=0, short=r=0/w=0/d=0
seqwrite: (groupid=0, jobs=1): err= 0: pid=5837: Fri May 27 18:36:46 2016
  write: io=7208.0MB, bw=123027KB/s, iops=120, runt= 59995msec
    slat (usec): min=102, max=58176, avg=355.13, stdev=823.53
    clat (usec): min=714, max=162879, avg=4564.30, stdev=13160.17
     lat (usec): min=970, max=163261, avg=4920.12, stdev=13273.49
    clat percentiles (usec):
     |  1.00th=[ 1096],  5.00th=[ 1240], 10.00th=[ 1320], 20.00th=[ 1400],
     | 30.00th=[ 1480], 40.00th=[ 1560], 50.00th=[ 1624], 60.00th=[ 1720],
     | 70.00th=[ 1832], 80.00th=[ 2064], 90.00th=[ 6240], 95.00th=[16064],
     | 99.00th=[78336], 99.50th=[97792], 99.90th=[144384], 99.95th=[150528],
     | 99.99th=[162816]
    bw (KB  /s): min=105931, max=141312, per=100.00%, avg=123078.93, stdev=4514.36
    lat (usec) : 750=0.01%, 1000=0.22%
    lat (msec) : 2=77.80%, 4=10.36%, 10=4.12%, 20=3.68%, 50=1.75%
    lat (msec) : 100=1.57%, 250=0.49%
  cpu          : usr=0.70%, sys=3.87%, ctx=13831, majf=0, minf=9
  IO depths    : 1=88.9%, 2=1.6%, 4=3.1%, 8=6.4%, 16=0.0%, 32=0.0%, >=64=0.0%
     submit    : 0=0.0%, 4=100.0%, 8=0.0%, 16=0.0%, 32=0.0%, 64=0.0%, >=64=0.0%
     complete  : 0=0.0%, 4=100.0%, 8=0.0%, 16=0.1%, 32=0.0%, 64=0.0%, >=64=0.0%
     issued    : total=r=0/w=7208/d=0, short=r=0/w=0/d=0

Run status group 0 (all jobs):
   READ: io=88296MB, aggrb=1471.5MB/s, minb=123017KB/s, maxb=1351.5MB/s, mint=60001msec, maxt=60008msec
  WRITE: io=7208.0MB, aggrb=123026KB/s, minb=123026KB/s, maxb=123026KB/s, mint=59995msec, maxt=59995msec

Disk stats (read/write):
  nvme0n1: ios=1193785/64836, merge=0/0, ticks=1531960/245984, in_queue=1778328, util=99.89%
