randread-128k-256k: (g=0): rw=randread, bs=128K-256K/128K-256K/128K-256K, ioengine=libaio, iodepth=10
seqread: (g=0): rw=read, bs=1M-1M/1M-1M/1M-1M, ioengine=libaio, iodepth=10
seqwrite: (g=0): rw=write, bs=1M-1M/1M-1M/1M-1M, ioengine=libaio, iodepth=10
fio-2.1.3
Starting 3 processes

randread-128k-256k: (groupid=0, jobs=1): err= 0: pid=1567: Fri May 27 18:17:38 2016
  read : io=87399MB, bw=1456.6MB/s, iops=8652, runt= 60003msec
    slat (usec): min=9, max=5375, avg=30.91, stdev=35.31
    clat (usec): min=192, max=95601, avg=1122.47, stdev=1435.31
     lat (usec): min=258, max=95633, avg=1153.53, stdev=1437.10
    clat percentiles (usec):
     |  1.00th=[  604],  5.00th=[  708], 10.00th=[  756], 20.00th=[  820],
     | 30.00th=[  868], 40.00th=[  916], 50.00th=[  964], 60.00th=[ 1020],
     | 70.00th=[ 1096], 80.00th=[ 1256], 90.00th=[ 1528], 95.00th=[ 1864],
     | 99.00th=[ 2768], 99.50th=[ 3856], 99.90th=[12864], 99.95th=[19840],
     | 99.99th=[73216]
    bw (MB  /s): min=  214, max= 1648, per=94.57%, avg=1453.09, stdev=229.60
    lat (usec) : 250=0.01%, 500=0.22%, 750=8.74%, 1000=47.29%
    lat (msec) : 2=39.85%, 4=3.43%, 10=0.30%, 20=0.12%, 50=0.02%
    lat (msec) : 100=0.03%
  cpu          : usr=2.46%, sys=29.97%, ctx=401395, majf=0, minf=648
  IO depths    : 1=0.1%, 2=0.1%, 4=0.1%, 8=100.0%, 16=0.0%, 32=0.0%, >=64=0.0%
     submit    : 0=0.0%, 4=100.0%, 8=0.0%, 16=0.0%, 32=0.0%, 64=0.0%, >=64=0.0%
     complete  : 0=0.0%, 4=100.0%, 8=0.0%, 16=0.1%, 32=0.0%, 64=0.0%, >=64=0.0%
     issued    : total=r=519196/w=0/d=0, short=r=0/w=0/d=0
seqread: (groupid=0, jobs=1): err= 0: pid=1568: Fri May 27 18:17:38 2016
  read : io=4802.0MB, bw=81947KB/s, iops=80, runt= 60005msec
    slat (usec): min=64, max=1350, avg=270.16, stdev=87.79
    clat (usec): min=612, max=93064, avg=2646.21, stdev=6066.38
     lat (usec): min=933, max=93236, avg=2916.72, stdev=6068.24
    clat percentiles (usec):
     |  1.00th=[  836],  5.00th=[  988], 10.00th=[ 1048], 20.00th=[ 1160],
     | 30.00th=[ 1256], 40.00th=[ 1352], 50.00th=[ 1448], 60.00th=[ 1608],
     | 70.00th=[ 1816], 80.00th=[ 2192], 90.00th=[ 3440], 95.00th=[ 6624],
     | 99.00th=[23680], 99.50th=[62208], 99.90th=[74240], 99.95th=[74240],
     | 99.99th=[92672]
    bw (KB  /s): min=70756, max=93646, per=5.21%, avg=82041.15, stdev=2381.58
    lat (usec) : 750=0.33%, 1000=5.46%
    lat (msec) : 2=69.24%, 4=16.43%, 10=5.27%, 20=1.98%, 50=0.65%
    lat (msec) : 100=0.65%
  cpu          : usr=0.13%, sys=2.31%, ctx=9119, majf=0, minf=524
  IO depths    : 1=90.1%, 2=1.9%, 4=3.7%, 8=4.2%, 16=0.0%, 32=0.0%, >=64=0.0%
     submit    : 0=0.0%, 4=100.0%, 8=0.0%, 16=0.0%, 32=0.0%, 64=0.0%, >=64=0.0%
     complete  : 0=0.0%, 4=100.0%, 8=0.0%, 16=0.0%, 32=0.0%, 64=0.0%, >=64=0.0%
     issued    : total=r=4802/w=0/d=0, short=r=0/w=0/d=0
seqwrite: (groupid=0, jobs=1): err= 0: pid=1569: Fri May 27 18:17:38 2016
  write: io=4802.0MB, bw=81947KB/s, iops=80, runt= 60005msec
    slat (usec): min=77, max=1252, avg=303.42, stdev=106.94
    clat (usec): min=690, max=98012, avg=3166.15, stdev=6892.39
     lat (msec): min=1, max=98, avg= 3.47, stdev= 6.90
    clat percentiles (usec):
     |  1.00th=[ 1144],  5.00th=[ 1288], 10.00th=[ 1352], 20.00th=[ 1464],
     | 30.00th=[ 1544], 40.00th=[ 1624], 50.00th=[ 1704], 60.00th=[ 1816],
     | 70.00th=[ 1944], 80.00th=[ 2256], 90.00th=[ 4512], 95.00th=[ 9280],
     | 99.00th=[29568], 99.50th=[62720], 99.90th=[89600], 99.95th=[90624],
     | 99.99th=[97792]
    bw (KB  /s): min=68400, max=96256, per=100.00%, avg=82040.94, stdev=3440.20
    lat (usec) : 750=0.02%, 1000=0.10%
    lat (msec) : 2=72.47%, 4=16.60%, 10=6.18%, 20=2.98%, 50=0.94%
    lat (msec) : 100=0.71%
  cpu          : usr=0.48%, sys=2.25%, ctx=9149, majf=0, minf=9
  IO depths    : 1=90.0%, 2=1.9%, 4=3.8%, 8=4.2%, 16=0.0%, 32=0.0%, >=64=0.0%
     submit    : 0=0.0%, 4=100.0%, 8=0.0%, 16=0.0%, 32=0.0%, 64=0.0%, >=64=0.0%
     complete  : 0=0.0%, 4=100.0%, 8=0.0%, 16=0.0%, 32=0.0%, 64=0.0%, >=64=0.0%
     issued    : total=r=0/w=4802/d=0, short=r=0/w=0/d=0

Run status group 0 (all jobs):
   READ: io=92201MB, aggrb=1536.6MB/s, minb=81947KB/s, maxb=1456.6MB/s, mint=60003msec, maxt=60005msec
  WRITE: io=4802.0MB, aggrb=81947KB/s, minb=81947KB/s, maxb=81947KB/s, mint=60005msec, maxt=60005msec

Disk stats (read/write):
  nvme0n1: ios=1260600/43200, merge=0/0, ticks=1422536/103968, in_queue=1527952, util=99.95%
