randread-128k: (g=0): rw=randread, bs=128K-128K/128K-128K/128K-128K, ioengine=libaio, iodepth=10
fio-2.1.3
Starting 1 process

randread-128k: (groupid=0, jobs=1): err= 0: pid=28616: Fri May 27 17:53:28 2016
  read : io=93849MB, bw=1564.2MB/s, iops=12512, runt= 60001msec
    slat (usec): min=9, max=1725, avg=21.56, stdev=15.91
    clat (usec): min=87, max=2528, avg=775.85, stdev=224.37
     lat (usec): min=193, max=2549, avg=797.55, stdev=222.89
    clat percentiles (usec):
     |  1.00th=[  334],  5.00th=[  446], 10.00th=[  502], 20.00th=[  580],
     | 30.00th=[  644], 40.00th=[  700], 50.00th=[  756], 60.00th=[  820],
     | 70.00th=[  884], 80.00th=[  964], 90.00th=[ 1080], 95.00th=[ 1176],
     | 99.00th=[ 1352], 99.50th=[ 1416], 99.90th=[ 1544], 99.95th=[ 1592],
     | 99.99th=[ 1736]
    bw (MB  /s): min= 1534, max= 1579, per=99.35%, avg=1554.00, stdev= 9.52
    lat (usec) : 100=0.01%, 250=0.20%, 500=9.45%, 750=39.09%, 1000=34.67%
    lat (msec) : 2=16.59%, 4=0.01%
  cpu          : usr=3.42%, sys=31.12%, ctx=494858, majf=0, minf=327
  IO depths    : 1=0.1%, 2=0.1%, 4=0.1%, 8=100.0%, 16=0.0%, 32=0.0%, >=64=0.0%
     submit    : 0=0.0%, 4=100.0%, 8=0.0%, 16=0.0%, 32=0.0%, 64=0.0%, >=64=0.0%
     complete  : 0=0.0%, 4=100.0%, 8=0.0%, 16=0.1%, 32=0.0%, 64=0.0%, >=64=0.0%
     issued    : total=r=750788/w=0/d=0, short=r=0/w=0/d=0

Run status group 0 (all jobs):
   READ: io=93849MB, aggrb=1564.2MB/s, minb=1564.2MB/s, maxb=1564.2MB/s, mint=60001msec, maxt=60001msec

Disk stats (read/write):
  nvme0n1: ios=1500306/0, merge=0/0, ticks=963568/0, in_queue=965224, util=100.00%
