randread-16k: (g=0): rw=randread, bs=16K-16K/16K-16K/16K-16K, ioengine=libaio, iodepth=10
fio-2.1.3
Starting 1 process

randread-16k: (groupid=0, jobs=1): err= 0: pid=32649: Fri May 27 18:11:36 2016
  read : io=56940MB, bw=971764KB/s, iops=60735, runt= 60001msec
    slat (usec): min=2, max=4708, avg= 4.76, stdev= 6.46
    clat (usec): min=9, max=4949, avg=158.87, stdev=46.24
     lat (usec): min=59, max=4952, avg=163.73, stdev=46.47
    clat percentiles (usec):
     |  1.00th=[  102],  5.00th=[  112], 10.00th=[  118], 20.00th=[  126],
     | 30.00th=[  133], 40.00th=[  141], 50.00th=[  147], 60.00th=[  157],
     | 70.00th=[  169], 80.00th=[  185], 90.00th=[  213], 95.00th=[  245],
     | 99.00th=[  330], 99.50th=[  366], 99.90th=[  446], 99.95th=[  490],
     | 99.99th=[  588]
    bw (KB  /s): min=941696, max=992256, per=99.88%, avg=970637.08, stdev=17045.08
    lat (usec) : 10=0.01%, 20=0.01%, 50=0.01%, 100=0.53%, 250=94.98%
    lat (usec) : 500=4.43%, 750=0.04%, 1000=0.01%
    lat (msec) : 4=0.01%, 10=0.01%
  cpu          : usr=10.70%, sys=39.21%, ctx=1879196, majf=0, minf=48
  IO depths    : 1=0.1%, 2=0.1%, 4=0.1%, 8=100.0%, 16=0.0%, 32=0.0%, >=64=0.0%
     submit    : 0=0.0%, 4=100.0%, 8=0.0%, 16=0.0%, 32=0.0%, 64=0.0%, >=64=0.0%
     complete  : 0=0.0%, 4=100.0%, 8=0.0%, 16=0.1%, 32=0.0%, 64=0.0%, >=64=0.0%
     issued    : total=r=3644174/w=0/d=0, short=r=0/w=0/d=0

Run status group 0 (all jobs):
   READ: io=56940MB, aggrb=971763KB/s, minb=971763KB/s, maxb=971763KB/s, mint=60001msec, maxt=60001msec

Disk stats (read/write):
  nvme0n1: ios=3641361/0, merge=0/0, ticks=553608/0, in_queue=553384, util=99.90%
