randread-1k: (g=0): rw=randread, bs=1K-1K/1K-1K/1K-1K, ioengine=libaio, iodepth=10
fio-2.1.3
Starting 1 process

randread-1k: (groupid=0, jobs=1): err= 0: pid=32206: Fri May 27 18:09:35 2016
  read : io=5592.3MB, bw=95436KB/s, iops=95435, runt= 60001msec
    slat (usec): min=1, max=450, avg= 4.21, stdev= 6.34
    clat (usec): min=6, max=2212, avg=99.19, stdev=29.47
     lat (usec): min=37, max=2215, avg=103.52, stdev=29.97
    clat percentiles (usec):
     |  1.00th=[   72],  5.00th=[   77], 10.00th=[   80], 20.00th=[   84],
     | 30.00th=[   88], 40.00th=[   91], 50.00th=[   94], 60.00th=[   97],
     | 70.00th=[  101], 80.00th=[  107], 90.00th=[  120], 95.00th=[  137],
     | 99.00th=[  258], 99.50th=[  314], 99.90th=[  362], 99.95th=[  438],
     | 99.99th=[  524]
    bw (KB  /s): min=92618, max=98162, per=99.96%, avg=95396.05, stdev=672.53
    lat (usec) : 10=0.01%, 20=0.01%, 50=0.25%, 100=66.51%, 250=32.22%
    lat (usec) : 500=1.00%, 750=0.02%, 1000=0.01%
    lat (msec) : 4=0.01%
  cpu          : usr=19.77%, sys=52.85%, ctx=1521724, majf=0, minf=10
  IO depths    : 1=0.1%, 2=0.1%, 4=0.1%, 8=100.0%, 16=0.0%, 32=0.0%, >=64=0.0%
     submit    : 0=0.0%, 4=100.0%, 8=0.0%, 16=0.0%, 32=0.0%, 64=0.0%, >=64=0.0%
     complete  : 0=0.0%, 4=100.0%, 8=0.0%, 16=0.1%, 32=0.0%, 64=0.0%, >=64=0.0%
     issued    : total=r=5726235/w=0/d=0, short=r=0/w=0/d=0

Run status group 0 (all jobs):
   READ: io=5592.3MB, aggrb=95435KB/s, minb=95435KB/s, maxb=95435KB/s, mint=60001msec, maxt=60001msec

Disk stats (read/write):
  nvme0n1: ios=5721666/7, merge=0/0, ticks=500924/8, in_queue=500064, util=99.93%
