randread-128k-256k: (g=0): rw=randread, bs=128K-256K/128K-256K/128K-256K, ioengine=libaio, iodepth=10
seqread: (g=0): rw=read, bs=1M-1M/1M-1M/1M-1M, ioengine=libaio, iodepth=10
seqwrite: (g=0): rw=write, bs=1M-1M/1M-1M/1M-1M, ioengine=libaio, iodepth=10
fio-2.1.3
Starting 3 processes

randread-128k-256k: (groupid=0, jobs=1): err= 0: pid=1862: Fri May 27 18:15:58 2016
  read : io=95028MB, bw=1583.8MB/s, iops=9399, runt= 60001msec
    slat (usec): min=9, max=4312, avg=23.52, stdev=21.34
    clat (usec): min=189, max=306812, avg=1038.55, stdev=1654.20
     lat (usec): min=207, max=306851, avg=1062.18, stdev=1654.82
    clat percentiles (usec):
     |  1.00th=[  588],  5.00th=[  684], 10.00th=[  732], 20.00th=[  796],
     | 30.00th=[  836], 40.00th=[  876], 50.00th=[  916], 60.00th=[  956],
     | 70.00th=[ 1004], 80.00th=[ 1080], 90.00th=[ 1288], 95.00th=[ 1736],
     | 99.00th=[ 3376], 99.50th=[ 3984], 99.90th=[ 6688], 99.95th=[12736],
     | 99.99th=[72192]
    bw (MB  /s): min=   14, max= 1778, per=98.23%, avg=1575.35, stdev=303.46
    lat (usec) : 250=0.01%, 500=0.25%, 750=12.18%, 1000=56.34%
    lat (msec) : 2=27.53%, 4=3.21%, 10=0.40%, 20=0.07%, 50=0.01%
    lat (msec) : 100=0.01%, 250=0.01%, 500=0.01%
  cpu          : usr=2.15%, sys=25.15%, ctx=468806, majf=0, minf=649
  IO depths    : 1=0.1%, 2=0.1%, 4=0.1%, 8=100.0%, 16=0.0%, 32=0.0%, >=64=0.0%
     submit    : 0=0.0%, 4=100.0%, 8=0.0%, 16=0.0%, 32=0.0%, 64=0.0%, >=64=0.0%
     complete  : 0=0.0%, 4=100.0%, 8=0.0%, 16=0.1%, 32=0.0%, 64=0.0%, >=64=0.0%
     issued    : total=r=563996/w=0/d=0, short=r=0/w=0/d=0
seqread: (groupid=0, jobs=1): err= 0: pid=1863: Fri May 27 18:15:58 2016
  read : io=1202.0MB, bw=20513KB/s, iops=20, runt= 60003msec
    slat (usec): min=71, max=2292, avg=239.20, stdev=127.26
    clat (usec): min=567, max=272192, avg=4222.07, stdev=24332.07
     lat (usec): min=823, max=272316, avg=4461.76, stdev=24335.55
    clat percentiles (usec):
     |  1.00th=[  700],  5.00th=[  916], 10.00th=[  980], 20.00th=[ 1064],
     | 30.00th=[ 1128], 40.00th=[ 1192], 50.00th=[ 1240], 60.00th=[ 1320],
     | 70.00th=[ 1432], 80.00th=[ 1832], 90.00th=[ 2800], 95.00th=[ 5344],
     | 99.00th=[50432], 99.50th=[264192], 99.90th=[272384], 99.95th=[272384],
     | 99.99th=[272384]
    bw (KB  /s): min=11702, max=30681, per=1.25%, avg=20555.87, stdev=1346.84
    lat (usec) : 750=1.25%, 1000=11.06%
    lat (msec) : 2=70.13%, 4=10.65%, 10=4.33%, 20=0.75%, 50=0.75%
    lat (msec) : 100=0.25%, 500=0.83%
  cpu          : usr=0.01%, sys=0.53%, ctx=2366, majf=0, minf=525
  IO depths    : 1=96.6%, 2=0.7%, 4=1.3%, 8=1.4%, 16=0.0%, 32=0.0%, >=64=0.0%
     submit    : 0=0.0%, 4=100.0%, 8=0.0%, 16=0.0%, 32=0.0%, 64=0.0%, >=64=0.0%
     complete  : 0=0.0%, 4=100.0%, 8=0.0%, 16=0.0%, 32=0.0%, 64=0.0%, >=64=0.0%
     issued    : total=r=1202/w=0/d=0, short=r=0/w=0/d=0
seqwrite: (groupid=0, jobs=1): err= 0: pid=1864: Fri May 27 18:15:58 2016
  write: io=1202.0MB, bw=20513KB/s, iops=20, runt= 60004msec
    slat (usec): min=87, max=6200, avg=222.62, stdev=234.02
    clat (usec): min=992, max=257532, avg=3820.31, stdev=11921.15
     lat (msec): min=1, max=257, avg= 4.04, stdev=11.95
    clat percentiles (usec):
     |  1.00th=[ 1400],  5.00th=[ 1560], 10.00th=[ 1624], 20.00th=[ 1752],
     | 30.00th=[ 1832], 40.00th=[ 1912], 50.00th=[ 2008], 60.00th=[ 2096],
     | 70.00th=[ 2256], 80.00th=[ 2608], 90.00th=[ 3376], 95.00th=[ 8512],
     | 99.00th=[47360], 99.50th=[70144], 99.90th=[123392], 99.95th=[257024],
     | 99.99th=[257024]
    bw (KB  /s): min=19068, max=24429, per=100.00%, avg=20526.03, stdev=494.16
    lat (usec) : 1000=0.08%
    lat (msec) : 2=49.42%, 4=44.43%, 10=1.25%, 20=2.66%, 50=1.41%
    lat (msec) : 100=0.25%, 250=0.42%, 500=0.08%
  cpu          : usr=0.15%, sys=0.37%, ctx=2402, majf=0, minf=11
  IO depths    : 1=98.2%, 2=0.3%, 4=0.7%, 8=0.8%, 16=0.0%, 32=0.0%, >=64=0.0%
     submit    : 0=0.0%, 4=100.0%, 8=0.0%, 16=0.0%, 32=0.0%, 64=0.0%, >=64=0.0%
     complete  : 0=0.0%, 4=100.0%, 8=0.0%, 16=0.0%, 32=0.0%, 64=0.0%, >=64=0.0%
     issued    : total=r=0/w=1202/d=0, short=r=0/w=0/d=0

Run status group 0 (all jobs):
   READ: io=96230MB, aggrb=1603.8MB/s, minb=20513KB/s, maxb=1583.8MB/s, mint=60001msec, maxt=60003msec
  WRITE: io=1202.0MB, aggrb=20512KB/s, minb=20512KB/s, maxb=20512KB/s, mint=60004msec, maxt=60004msec

Disk stats (read/write):
  nvme0n1: ios=1333763/10837, merge=0/0, ticks=1369608/31700, in_queue=1401264, util=99.91%
