randread-8k-16k: (g=0): rw=randread, bs=8K-16K/8K-16K/8K-16K, ioengine=libaio, iodepth=10
seqread: (g=0): rw=read, bs=1M-1M/1M-1M/1M-1M, ioengine=libaio, iodepth=10
seqwrite: (g=0): rw=write, bs=1M-1M/1M-1M/1M-1M, ioengine=libaio, iodepth=10
fio-2.1.3
Starting 3 processes

randread-8k-16k: (groupid=0, jobs=1): err= 0: pid=32717: Fri May 27 18:08:55 2016
  read : io=28511MB, bw=486574KB/s, iops=44923, runt= 60001msec
    slat (usec): min=2, max=4432, avg= 7.01, stdev=12.96
    clat (usec): min=1, max=286229, avg=213.90, stdev=980.42
     lat (usec): min=35, max=286257, avg=221.04, stdev=980.71
    clat percentiles (usec):
     |  1.00th=[   97],  5.00th=[  106], 10.00th=[  112], 20.00th=[  120],
     | 30.00th=[  127], 40.00th=[  135], 50.00th=[  143], 60.00th=[  151],
     | 70.00th=[  165], 80.00th=[  191], 90.00th=[  322], 95.00th=[  580],
     | 99.00th=[ 1384], 99.50th=[ 1528], 99.90th=[ 2800], 99.95th=[ 6880],
     | 99.99th=[23936]
    bw (KB  /s): min=10624, max=672400, per=92.42%, avg=487568.13, stdev=164081.33
    lat (usec) : 2=0.01%, 20=0.01%, 50=0.01%, 100=1.57%, 250=85.70%
    lat (usec) : 500=6.93%, 750=2.81%, 1000=1.07%
    lat (msec) : 2=1.75%, 4=0.11%, 10=0.02%, 20=0.02%, 50=0.01%
    lat (msec) : 100=0.01%, 500=0.01%
  cpu          : usr=11.44%, sys=40.47%, ctx=865353, majf=0, minf=49
  IO depths    : 1=0.1%, 2=0.1%, 4=0.1%, 8=100.0%, 16=0.0%, 32=0.0%, >=64=0.0%
     submit    : 0=0.0%, 4=100.0%, 8=0.0%, 16=0.0%, 32=0.0%, 64=0.0%, >=64=0.0%
     complete  : 0=0.0%, 4=100.0%, 8=0.0%, 16=0.1%, 32=0.0%, 64=0.0%, >=64=0.0%
     issued    : total=r=2695482/w=0/d=0, short=r=0/w=0/d=0
seqread: (groupid=0, jobs=1): err= 0: pid=32718: Fri May 27 18:08:55 2016
  read : io=2402.0MB, bw=40993KB/s, iops=40, runt= 60002msec
    slat (usec): min=92, max=895, avg=303.04, stdev=82.98
    clat (usec): min=337, max=279826, avg=4503.75, stdev=25153.93
     lat (usec): min=718, max=280501, avg=4807.44, stdev=25161.93
    clat percentiles (usec):
     |  1.00th=[  572],  5.00th=[  596], 10.00th=[  604], 20.00th=[  620],
     | 30.00th=[  636], 40.00th=[  652], 50.00th=[  668], 60.00th=[  692],
     | 70.00th=[  724], 80.00th=[ 1096], 90.00th=[ 3248], 95.00th=[ 9024],
     | 99.00th=[77312], 99.50th=[264192], 99.90th=[276480], 99.95th=[280576],
     | 99.99th=[280576]
    bw (KB  /s): min=21818, max=59721, per=7.78%, avg=41026.89, stdev=3194.67
    lat (usec) : 500=0.12%, 750=74.35%, 1000=5.00%
    lat (msec) : 2=4.87%, 4=8.20%, 10=2.66%, 20=1.71%, 50=1.25%
    lat (msec) : 100=1.00%, 500=0.83%
  cpu          : usr=0.09%, sys=1.30%, ctx=4698, majf=0, minf=525
  IO depths    : 1=93.6%, 2=1.1%, 4=2.2%, 8=3.2%, 16=0.0%, 32=0.0%, >=64=0.0%
     submit    : 0=0.0%, 4=100.0%, 8=0.0%, 16=0.0%, 32=0.0%, 64=0.0%, >=64=0.0%
     complete  : 0=0.0%, 4=100.0%, 8=0.0%, 16=0.0%, 32=0.0%, 64=0.0%, >=64=0.0%
     issued    : total=r=2402/w=0/d=0, short=r=0/w=0/d=0
seqwrite: (groupid=0, jobs=1): err= 0: pid=32719: Fri May 27 18:08:55 2016
  write: io=2402.0MB, bw=40993KB/s, iops=40, runt= 60002msec
    slat (usec): min=108, max=1434, avg=343.60, stdev=116.50
    clat (usec): min=401, max=326914, avg=5772.35, stdev=27337.13
     lat (usec): min=818, max=327195, avg=6116.65, stdev=27343.29
    clat percentiles (usec):
     |  1.00th=[  660],  5.00th=[  732], 10.00th=[  836], 20.00th=[  876],
     | 30.00th=[  892], 40.00th=[  908], 50.00th=[  940], 60.00th=[  964],
     | 70.00th=[ 1032], 80.00th=[ 1224], 90.00th=[ 6560], 95.00th=[18048],
     | 99.00th=[80384], 99.50th=[276480], 99.90th=[321536], 99.95th=[325632],
     | 99.99th=[325632]
    bw (KB  /s): min=22220, max=54822, per=100.00%, avg=41017.23, stdev=3497.67
    lat (usec) : 500=0.08%, 750=5.95%, 1000=61.45%
    lat (msec) : 2=19.19%, 4=2.12%, 10=2.87%, 20=3.54%, 50=2.54%
    lat (msec) : 100=1.42%, 500=0.83%
  cpu          : usr=0.27%, sys=1.26%, ctx=4693, majf=0, minf=11
  IO depths    : 1=92.5%, 2=1.3%, 4=2.7%, 8=3.5%, 16=0.0%, 32=0.0%, >=64=0.0%
     submit    : 0=0.0%, 4=100.0%, 8=0.0%, 16=0.0%, 32=0.0%, 64=0.0%, >=64=0.0%
     complete  : 0=0.0%, 4=100.0%, 8=0.0%, 16=0.0%, 32=0.0%, 64=0.0%, >=64=0.0%
     issued    : total=r=0/w=2402/d=0, short=r=0/w=0/d=0

Run status group 0 (all jobs):
   READ: io=30913MB, aggrb=527558KB/s, minb=40992KB/s, maxb=486574KB/s, mint=60001msec, maxt=60002msec
  WRITE: io=2402.0MB, aggrb=40992KB/s, minb=40992KB/s, maxb=40992KB/s, mint=60002msec, maxt=60002msec

Disk stats (read/write):
  nvme0n1: ios=2714795/21627, merge=0/0, ticks=623276/112936, in_queue=736584, util=99.99%
