randread-8k-16k: (g=0): rw=randread, bs=8K-16K/8K-16K/8K-16K, ioengine=libaio, iodepth=10
seqread: (g=0): rw=read, bs=1M-1M/1M-1M/1M-1M, ioengine=libaio, iodepth=10
seqwrite: (g=0): rw=write, bs=1M-1M/1M-1M/1M-1M, ioengine=libaio, iodepth=10
fio-2.1.3
Starting 3 processes

randread-8k-16k: (groupid=0, jobs=1): err= 0: pid=25983: Fri May 27 17:38:43 2016
  read : io=38465MB, bw=656458KB/s, iops=60670, runt= 60001msec
    slat (usec): min=1, max=3992, avg= 5.63, stdev= 8.54
    clat (usec): min=1, max=344848, avg=157.74, stdev=643.13
     lat (usec): min=34, max=344859, avg=163.48, stdev=643.22
    clat percentiles (usec):
     |  1.00th=[   92],  5.00th=[  101], 10.00th=[  107], 20.00th=[  115],
     | 30.00th=[  121], 40.00th=[  129], 50.00th=[  135], 60.00th=[  143],
     | 70.00th=[  155], 80.00th=[  173], 90.00th=[  205], 95.00th=[  249],
     | 99.00th=[  556], 99.50th=[  748], 99.90th=[ 1448], 99.95th=[ 1624],
     | 99.99th=[ 3504]
    bw (KB  /s): min= 7632, max=756928, per=98.37%, avg=655879.98, stdev=113727.81
    lat (usec) : 2=0.01%, 4=0.01%, 10=0.01%, 20=0.01%, 50=0.01%
    lat (usec) : 100=3.85%, 250=91.19%, 500=3.79%, 750=0.66%, 1000=0.22%
    lat (msec) : 2=0.26%, 4=0.02%, 10=0.01%, 20=0.01%, 100=0.01%
    lat (msec) : 250=0.01%, 500=0.01%
  cpu          : usr=13.71%, sys=45.11%, ctx=1343856, majf=0, minf=49
  IO depths    : 1=0.1%, 2=0.1%, 4=0.1%, 8=100.0%, 16=0.0%, 32=0.0%, >=64=0.0%
     submit    : 0=0.0%, 4=100.0%, 8=0.0%, 16=0.0%, 32=0.0%, 64=0.0%, >=64=0.0%
     complete  : 0=0.0%, 4=100.0%, 8=0.0%, 16=0.1%, 32=0.0%, 64=0.0%, >=64=0.0%
     issued    : total=r=3640270/w=0/d=0, short=r=0/w=0/d=0
seqread: (groupid=0, jobs=1): err= 0: pid=25984: Fri May 27 17:38:43 2016
  read : io=616448KB, bw=10274KB/s, iops=10, runt= 60002msec
    slat (usec): min=82, max=998, avg=244.37, stdev=101.89
    clat (usec): min=513, max=356850, avg=3148.90, stdev=20153.64
     lat (usec): min=656, max=356939, avg=3393.95, stdev=20175.70
    clat percentiles (usec):
     |  1.00th=[  564],  5.00th=[  588], 10.00th=[  604], 20.00th=[  628],
     | 30.00th=[  652], 40.00th=[  668], 50.00th=[  684], 60.00th=[  708],
     | 70.00th=[  732], 80.00th=[  764], 90.00th=[  828], 95.00th=[  996],
     | 99.00th=[110080], 99.50th=[113152], 99.90th=[358400], 99.95th=[358400],
     | 99.99th=[358400]
    bw (KB  /s): min= 1868, max=22100, per=1.54%, avg=10279.94, stdev=1402.93
    lat (usec) : 750=75.58%, 1000=19.44%
    lat (msec) : 2=1.83%, 4=1.33%, 250=1.66%, 500=0.17%
  cpu          : usr=0.01%, sys=0.27%, ctx=1196, majf=0, minf=524
  IO depths    : 1=98.3%, 2=0.3%, 4=0.7%, 8=0.7%, 16=0.0%, 32=0.0%, >=64=0.0%
     submit    : 0=0.0%, 4=100.0%, 8=0.0%, 16=0.0%, 32=0.0%, 64=0.0%, >=64=0.0%
     complete  : 0=0.0%, 4=100.0%, 8=0.0%, 16=0.0%, 32=0.0%, 64=0.0%, >=64=0.0%
     issued    : total=r=602/w=0/d=0, short=r=0/w=0/d=0
seqwrite: (groupid=0, jobs=1): err= 0: pid=25985: Fri May 27 17:38:43 2016
  write: io=616448KB, bw=10274KB/s, iops=10, runt= 60003msec
    slat (usec): min=100, max=679, avg=271.24, stdev=97.84
    clat (usec): min=597, max=458937, avg=6451.91, stdev=44772.20
     lat (usec): min=822, max=459107, avg=6723.79, stdev=44774.98
    clat percentiles (usec):
     |  1.00th=[  692],  5.00th=[  716], 10.00th=[  724], 20.00th=[  844],
     | 30.00th=[  876], 40.00th=[  884], 50.00th=[  900], 60.00th=[  916],
     | 70.00th=[  940], 80.00th=[  972], 90.00th=[  996], 95.00th=[ 1944],
     | 99.00th=[122368], 99.50th=[452608], 99.90th=[460800], 99.95th=[460800],
     | 99.99th=[460800]
    bw (KB  /s): min= 1845, max=22423, per=100.00%, avg=10282.28, stdev=1437.74
    lat (usec) : 750=16.61%, 1000=74.42%
    lat (msec) : 2=3.99%, 4=1.83%, 20=1.33%, 250=0.83%, 500=1.00%
  cpu          : usr=0.09%, sys=0.22%, ctx=1204, majf=0, minf=10
  IO depths    : 1=98.3%, 2=0.3%, 4=0.7%, 8=0.7%, 16=0.0%, 32=0.0%, >=64=0.0%
     submit    : 0=0.0%, 4=100.0%, 8=0.0%, 16=0.0%, 32=0.0%, 64=0.0%, >=64=0.0%
     complete  : 0=0.0%, 4=100.0%, 8=0.0%, 16=0.0%, 32=0.0%, 64=0.0%, >=64=0.0%
     issued    : total=r=0/w=602/d=0, short=r=0/w=0/d=0

Run status group 0 (all jobs):
   READ: io=39067MB, aggrb=666720KB/s, minb=10273KB/s, maxb=656457KB/s, mint=60001msec, maxt=60002msec
  WRITE: io=616448KB, aggrb=10273KB/s, minb=10273KB/s, maxb=10273KB/s, mint=60003msec, maxt=60003msec

Disk stats (read/write):
  nvme0n1: ios=3643031/5445, merge=0/0, ticks=540880/31176, in_queue=572208, util=99.91%
