randread-32k-64k: (g=0): rw=randread, bs=32K-64K/32K-64K/32K-64K, ioengine=libaio, iodepth=10
seqread: (g=0): rw=read, bs=1M-1M/1M-1M/1M-1M, ioengine=libaio, iodepth=10
seqwrite: (g=0): rw=write, bs=1M-1M/1M-1M/1M-1M, ioengine=libaio, iodepth=10
fio-2.1.3
Starting 3 processes

randread-32k-64k: (groupid=0, jobs=1): err= 0: pid=30233: Fri May 27 17:57:51 2016
  read : io=65463MB, bw=1091.3MB/s, iops=25860, runt= 60001msec
    slat (usec): min=2, max=4569, avg=13.64, stdev=22.01
    clat (usec): min=1, max=277071, avg=370.86, stdev=1131.58
     lat (usec): min=87, max=277083, avg=384.65, stdev=1132.38
    clat percentiles (usec):
     |  1.00th=[  149],  5.00th=[  175], 10.00th=[  193], 20.00th=[  219],
     | 30.00th=[  239], 40.00th=[  262], 50.00th=[  286], 60.00th=[  314],
     | 70.00th=[  354], 80.00th=[  422], 90.00th=[  564], 95.00th=[  756],
     | 99.00th=[ 1512], 99.50th=[ 1736], 99.90th=[ 4320], 99.95th=[10176],
     | 99.99th=[48384]
    bw (MB  /s): min=   46, max= 1324, per=93.14%, avg=1090.71, stdev=272.09
    lat (usec) : 2=0.01%, 20=0.01%, 50=0.01%, 100=0.02%, 250=35.10%
    lat (usec) : 500=51.65%, 750=8.09%, 1000=2.73%
    lat (msec) : 2=2.10%, 4=0.20%, 10=0.05%, 20=0.03%, 50=0.01%
    lat (msec) : 100=0.01%, 250=0.01%, 500=0.01%
  cpu          : usr=8.41%, sys=42.61%, ctx=618768, majf=0, minf=168
  IO depths    : 1=0.1%, 2=0.1%, 4=0.1%, 8=100.0%, 16=0.0%, 32=0.0%, >=64=0.0%
     submit    : 0=0.0%, 4=100.0%, 8=0.0%, 16=0.0%, 32=0.0%, 64=0.0%, >=64=0.0%
     complete  : 0=0.0%, 4=100.0%, 8=0.0%, 16=0.1%, 32=0.0%, 64=0.0%, >=64=0.0%
     issued    : total=r=1551682/w=0/d=0, short=r=0/w=0/d=0
seqread: (groupid=0, jobs=1): err= 0: pid=30234: Fri May 27 17:57:51 2016
  read : io=4802.0MB, bw=81949KB/s, iops=80, runt= 60004msec
    slat (usec): min=65, max=1977, avg=257.64, stdev=95.21
    clat (usec): min=340, max=280177, avg=2900.07, stdev=14495.64
     lat (usec): min=668, max=280436, avg=3157.94, stdev=14502.24
    clat percentiles (usec):
     |  1.00th=[  564],  5.00th=[  588], 10.00th=[  604], 20.00th=[  620],
     | 30.00th=[  636], 40.00th=[  652], 50.00th=[  668], 60.00th=[  692],
     | 70.00th=[  732], 80.00th=[  988], 90.00th=[ 2864], 95.00th=[ 9536],
     | 99.00th=[52992], 99.50th=[74240], 99.90th=[272384], 99.95th=[276480],
     | 99.99th=[280576]
    bw (KB  /s): min=31584, max=136898, per=6.84%, avg=82058.78, stdev=7746.61
    lat (usec) : 500=0.08%, 750=72.74%, 1000=7.50%
    lat (msec) : 2=6.48%, 4=5.04%, 10=3.50%, 20=2.79%, 50=0.58%
    lat (msec) : 100=1.06%, 250=0.02%, 500=0.21%
  cpu          : usr=0.13%, sys=2.23%, ctx=9269, majf=0, minf=525
  IO depths    : 1=93.2%, 2=1.0%, 4=2.0%, 8=3.8%, 16=0.0%, 32=0.0%, >=64=0.0%
     submit    : 0=0.0%, 4=100.0%, 8=0.0%, 16=0.0%, 32=0.0%, 64=0.0%, >=64=0.0%
     complete  : 0=0.0%, 4=100.0%, 8=0.0%, 16=0.0%, 32=0.0%, 64=0.0%, >=64=0.0%
     issued    : total=r=4802/w=0/d=0, short=r=0/w=0/d=0
seqwrite: (groupid=0, jobs=1): err= 0: pid=30235: Fri May 27 17:57:51 2016
  write: io=4802.0MB, bw=81950KB/s, iops=80, runt= 60003msec
    slat (usec): min=94, max=1782, avg=325.32, stdev=93.49
    clat (usec): min=440, max=297088, avg=4061.42, stdev=16425.11
     lat (usec): min=800, max=297288, avg=4387.09, stdev=16430.04
    clat percentiles (usec):
     |  1.00th=[  828],  5.00th=[  900], 10.00th=[  964], 20.00th=[ 1032],
     | 30.00th=[ 1064], 40.00th=[ 1112], 50.00th=[ 1144], 60.00th=[ 1192],
     | 70.00th=[ 1256], 80.00th=[ 1448], 90.00th=[ 4016], 95.00th=[12736],
     | 99.00th=[69120], 99.50th=[75264], 99.90th=[288768], 99.95th=[292864],
     | 99.99th=[296960]
    bw (KB  /s): min=25554, max=138433, per=100.00%, avg=82093.78, stdev=7896.80
    lat (usec) : 500=0.06%, 750=0.08%, 1000=14.26%
    lat (msec) : 2=70.03%, 4=5.52%, 10=4.35%, 20=2.44%, 50=1.02%
    lat (msec) : 100=2.00%, 250=0.02%, 500=0.21%
  cpu          : usr=0.53%, sys=2.37%, ctx=9002, majf=0, minf=10
  IO depths    : 1=89.1%, 2=1.9%, 4=3.8%, 8=5.1%, 16=0.0%, 32=0.0%, >=64=0.0%
     submit    : 0=0.0%, 4=100.0%, 8=0.0%, 16=0.0%, 32=0.0%, 64=0.0%, >=64=0.0%
     complete  : 0=0.0%, 4=100.0%, 8=0.0%, 16=0.0%, 32=0.0%, 64=0.0%, >=64=0.0%
     issued    : total=r=0/w=4802/d=0, short=r=0/w=0/d=0

Run status group 0 (all jobs):
   READ: io=70265MB, aggrb=1170.2MB/s, minb=81948KB/s, maxb=1091.3MB/s, mint=60001msec, maxt=60004msec
  WRITE: io=4802.0MB, aggrb=81950KB/s, minb=81950KB/s, maxb=81950KB/s, mint=60003msec, maxt=60003msec

Disk stats (read/write):
  nvme0n1: ios=1594421/43209, merge=0/0, ticks=653604/149936, in_queue=804432, util=100.00%
