randread-1k-4k: (g=0): rw=randread, bs=1K-4K/1K-4K/1K-4K, ioengine=libaio, iodepth=10
seqread: (g=0): rw=read, bs=1M-1M/1M-1M/1M-1M, ioengine=libaio, iodepth=10
seqwrite: (g=0): rw=write, bs=1M-1M/1M-1M/1M-1M, ioengine=libaio, iodepth=10
fio-2.1.3
Starting 3 processes

randread-1k-4k: (groupid=0, jobs=1): err= 0: pid=31586: Fri May 27 18:03:53 2016
  read : io=6344.5MB, bw=108276KB/s, iops=50952, runt= 60001msec
    slat (usec): min=1, max=1297, avg= 6.15, stdev=10.00
    clat (usec): min=1, max=109566, avg=188.03, stdev=414.11
     lat (usec): min=25, max=109572, avg=194.34, stdev=414.34
    clat percentiles (usec):
     |  1.00th=[   79],  5.00th=[   92], 10.00th=[  101], 20.00th=[  114],
     | 30.00th=[  129], 40.00th=[  143], 50.00th=[  159], 60.00th=[  177],
     | 70.00th=[  193], 80.00th=[  207], 90.00th=[  231], 95.00th=[  346],
     | 99.00th=[  908], 99.50th=[ 1336], 99.90th=[ 1640], 99.95th=[ 2008],
     | 99.99th=[ 9920]
    bw (KB  /s): min=24322, max=152376, per=84.00%, avg=108181.13, stdev=26354.29
    lat (usec) : 2=0.01%, 4=0.01%, 20=0.01%, 50=0.08%, 100=9.21%
    lat (usec) : 250=83.13%, 500=4.71%, 750=1.49%, 1000=0.48%
    lat (msec) : 2=0.84%, 4=0.03%, 10=0.01%, 20=0.01%, 50=0.01%
    lat (msec) : 100=0.01%, 250=0.01%
  cpu          : usr=17.69%, sys=42.28%, ctx=527406, majf=0, minf=18
  IO depths    : 1=0.1%, 2=0.1%, 4=0.1%, 8=100.0%, 16=0.0%, 32=0.0%, >=64=0.0%
     submit    : 0=0.0%, 4=100.0%, 8=0.0%, 16=0.0%, 32=0.0%, 64=0.0%, >=64=0.0%
     complete  : 0=0.0%, 4=100.0%, 8=0.0%, 16=0.1%, 32=0.0%, 64=0.0%, >=64=0.0%
     issued    : total=r=3057226/w=0/d=0, short=r=0/w=0/d=0
seqread: (groupid=0, jobs=1): err= 0: pid=31587: Fri May 27 18:03:53 2016
  read : io=1202.0MB, bw=20513KB/s, iops=20, runt= 60002msec
    slat (usec): min=54, max=1319, avg=168.57, stdev=82.73
    clat (usec): min=427, max=70541, avg=1303.45, stdev=4425.84
     lat (usec): min=639, max=70736, avg=1472.48, stdev=4438.61
    clat percentiles (usec):
     |  1.00th=[  556],  5.00th=[  572], 10.00th=[  588], 20.00th=[  604],
     | 30.00th=[  620], 40.00th=[  636], 50.00th=[  660], 60.00th=[  684],
     | 70.00th=[  716], 80.00th=[  764], 90.00th=[ 1064], 95.00th=[ 2128],
     | 99.00th=[33024], 99.50th=[34560], 99.90th=[45312], 99.95th=[70144],
     | 99.99th=[70144]
    bw (KB  /s): min=16817, max=24526, per=15.94%, avg=20534.24, stdev=670.65
    lat (usec) : 500=0.08%, 750=77.54%, 1000=11.98%
    lat (msec) : 2=5.16%, 4=2.58%, 10=1.33%, 50=1.25%, 100=0.08%
  cpu          : usr=0.02%, sys=0.41%, ctx=2382, majf=0, minf=524
  IO depths    : 1=98.4%, 2=0.3%, 4=0.7%, 8=0.6%, 16=0.0%, 32=0.0%, >=64=0.0%
     submit    : 0=0.0%, 4=100.0%, 8=0.0%, 16=0.0%, 32=0.0%, 64=0.0%, >=64=0.0%
     complete  : 0=0.0%, 4=100.0%, 8=0.0%, 16=0.0%, 32=0.0%, 64=0.0%, >=64=0.0%
     issued    : total=r=1202/w=0/d=0, short=r=0/w=0/d=0
seqwrite: (groupid=0, jobs=1): err= 0: pid=31588: Fri May 27 18:03:53 2016
  write: io=1202.0MB, bw=20513KB/s, iops=20, runt= 60002msec
    slat (usec): min=64, max=1484, avg=264.09, stdev=126.08
    clat (usec): min=596, max=62751, avg=1576.75, stdev=4791.84
     lat (usec): min=727, max=62952, avg=1841.36, stdev=4802.68
    clat percentiles (usec):
     |  1.00th=[  644],  5.00th=[  660], 10.00th=[  676], 20.00th=[  756],
     | 30.00th=[  812], 40.00th=[  828], 50.00th=[  836], 60.00th=[  852],
     | 70.00th=[  868], 80.00th=[  892], 90.00th=[ 1048], 95.00th=[ 1784],
     | 99.00th=[32128], 99.50th=[41216], 99.90th=[48896], 99.95th=[62720],
     | 99.99th=[62720]
    bw (KB  /s): min=18395, max=24478, per=100.00%, avg=20529.88, stdev=514.53
    lat (usec) : 750=19.97%, 1000=67.30%
    lat (msec) : 2=8.57%, 4=0.92%, 10=0.92%, 20=0.83%, 50=1.41%
    lat (msec) : 100=0.08%
  cpu          : usr=0.08%, sys=0.54%, ctx=2382, majf=0, minf=10
  IO depths    : 1=98.5%, 2=0.3%, 4=0.7%, 8=0.5%, 16=0.0%, 32=0.0%, >=64=0.0%
     submit    : 0=0.0%, 4=100.0%, 8=0.0%, 16=0.0%, 32=0.0%, 64=0.0%, >=64=0.0%
     complete  : 0=0.0%, 4=100.0%, 8=0.0%, 16=0.0%, 32=0.0%, 64=0.0%, >=64=0.0%
     issued    : total=r=0/w=1202/d=0, short=r=0/w=0/d=0

Run status group 0 (all jobs):
   READ: io=7546.5MB, aggrb=128787KB/s, minb=20513KB/s, maxb=108276KB/s, mint=60001msec, maxt=60002msec
  WRITE: io=1202.0MB, aggrb=20513KB/s, minb=20513KB/s, maxb=20513KB/s, mint=60002msec, maxt=60002msec

Disk stats (read/write):
  nvme0n1: ios=3065556/10833, merge=0/0, ticks=427180/14356, in_queue=441380, util=94.89%
