randread-256k: (g=0): rw=randread, bs=256K-256K/256K-256K/256K-256K, ioengine=libaio, iodepth=10
fio-2.1.3
Starting 1 process

randread-256k: (groupid=0, jobs=1): err= 0: pid=29556: Fri May 27 17:54:49 2016
  read : io=123944MB, bw=2065.8MB/s, iops=8262, runt= 60001msec
    slat (usec): min=13, max=1124, avg=36.94, stdev=19.36
    clat (usec): min=223, max=2681, avg=1171.22, stdev=193.05
     lat (usec): min=249, max=2721, avg=1208.30, stdev=191.64
    clat percentiles (usec):
     |  1.00th=[  844],  5.00th=[  932], 10.00th=[  980], 20.00th=[ 1032],
     | 30.00th=[ 1064], 40.00th=[ 1096], 50.00th=[ 1128], 60.00th=[ 1176],
     | 70.00th=[ 1224], 80.00th=[ 1288], 90.00th=[ 1416], 95.00th=[ 1560],
     | 99.00th=[ 1816], 99.50th=[ 1912], 99.90th=[ 2096], 99.95th=[ 2192],
     | 99.99th=[ 2384]
    bw (MB  /s): min= 2006, max= 2100, per=99.57%, avg=2056.74, stdev=18.71
    lat (usec) : 250=0.01%, 500=0.01%, 750=0.20%, 1000=14.10%
    lat (msec) : 2=85.45%, 4=0.24%
  cpu          : usr=2.35%, sys=33.42%, ctx=381403, majf=0, minf=647
  IO depths    : 1=0.1%, 2=0.1%, 4=0.1%, 8=100.0%, 16=0.0%, 32=0.0%, >=64=0.0%
     submit    : 0=0.0%, 4=100.0%, 8=0.0%, 16=0.0%, 32=0.0%, 64=0.0%, >=64=0.0%
     complete  : 0=0.0%, 4=100.0%, 8=0.0%, 16=0.1%, 32=0.0%, 64=0.0%, >=64=0.0%
     issued    : total=r=495774/w=0/d=0, short=r=0/w=0/d=0

Run status group 0 (all jobs):
   READ: io=123944MB, aggrb=2065.8MB/s, minb=2065.8MB/s, maxb=2065.8MB/s, mint=60001msec, maxt=60001msec

Disk stats (read/write):
  nvme0n1: ios=1486107/0, merge=0/0, ticks=1630552/0, in_queue=1631536, util=99.91%
