randread-128k: (g=0): rw=randread, bs=128K-128K/128K-128K/128K-128K, ioengine=libaio, iodepth=10
fio-2.1.3
Starting 1 process

randread-128k: (groupid=0, jobs=1): err= 0: pid=25082: Fri May 27 17:34:41 2016
  read : io=97587MB, bw=1626.5MB/s, iops=13011, runt= 60001msec
    slat (usec): min=7, max=3411, avg=22.84, stdev=15.61
    clat (usec): min=97, max=4503, avg=743.74, stdev=219.48
     lat (usec): min=192, max=4521, avg=766.72, stdev=218.16
    clat percentiles (usec):
     |  1.00th=[  326],  5.00th=[  426], 10.00th=[  482], 20.00th=[  556],
     | 30.00th=[  612], 40.00th=[  668], 50.00th=[  724], 60.00th=[  780],
     | 70.00th=[  852], 80.00th=[  932], 90.00th=[ 1048], 95.00th=[ 1144],
     | 99.00th=[ 1304], 99.50th=[ 1368], 99.90th=[ 1512], 99.95th=[ 1560],
     | 99.99th=[ 1688]
    bw (MB  /s): min= 1584, max= 1664, per=99.39%, avg=1616.57, stdev=16.36
    lat (usec) : 100=0.01%, 250=0.22%, 500=11.96%, 750=42.77%, 1000=31.73%
    lat (msec) : 2=13.31%, 4=0.01%, 10=0.01%
  cpu          : usr=3.69%, sys=34.23%, ctx=486525, majf=0, minf=327
  IO depths    : 1=0.1%, 2=0.1%, 4=0.1%, 8=100.0%, 16=0.0%, 32=0.0%, >=64=0.0%
     submit    : 0=0.0%, 4=100.0%, 8=0.0%, 16=0.0%, 32=0.0%, 64=0.0%, >=64=0.0%
     complete  : 0=0.0%, 4=100.0%, 8=0.0%, 16=0.1%, 32=0.0%, 64=0.0%, >=64=0.0%
     issued    : total=r=780695/w=0/d=0, short=r=0/w=0/d=0

Run status group 0 (all jobs):
   READ: io=97587MB, aggrb=1626.5MB/s, minb=1626.5MB/s, maxb=1626.5MB/s, mint=60001msec, maxt=60001msec

Disk stats (read/write):
  nvme0n1: ios=1560089/0, merge=0/0, ticks=965184/0, in_queue=966896, util=99.97%
