randread-1k: (g=0): rw=randread, bs=8K-16K/8K-16K/8K-16K, ioengine=libaio, iodepth=10
seqread: (g=0): rw=read, bs=1M-1M/1M-1M/1M-1M, ioengine=libaio, iodepth=10
seqwrite: (g=0): rw=write, bs=1M-1M/1M-1M/1M-1M, ioengine=libaio, iodepth=10
fio-2.1.4
Starting 3 processes

randread-1k: (groupid=0, jobs=1): err= 0: pid=2156: Sat Mar 15 04:12:51 2014
  read : io=266288KB, bw=4432.2KB/s, iops=381, runt= 60081msec
    slat (usec): min=4, max=146943, avg=2615.70, stdev=10994.05
    clat (usec): min=7, max=666818, avg=23438.30, stdev=61773.60
     lat (usec): min=66, max=706018, avg=26054.16, stdev=67979.86
    clat percentiles (usec):
     |  1.00th=[   65],  5.00th=[   68], 10.00th=[   69], 20.00th=[   71],
     | 30.00th=[   73], 40.00th=[   74], 50.00th=[   77], 60.00th=[   81],
     | 70.00th=[   93], 80.00th=[29568], 90.00th=[78336], 95.00th=[121344],
     | 99.00th=[354304], 99.50th=[423936], 99.90th=[544768], 99.95th=[577536],
     | 99.99th=[626688]
    bw (KB  /s): min=   10, max=214960, per=17.65%, avg=4556.92, stdev=20594.31
    lat (usec) : 10=0.01%, 100=71.14%, 250=2.94%, 500=0.04%, 750=0.04%
    lat (msec) : 4=0.09%, 10=0.40%, 20=0.69%, 50=8.73%, 100=9.18%
    lat (msec) : 250=4.94%, 500=1.62%, 750=0.19%
  cpu          : usr=0.06%, sys=0.49%, ctx=1726, majf=0, minf=66
  IO depths    : 1=0.1%, 2=0.1%, 4=0.1%, 8=100.0%, 16=0.0%, 32=0.0%, >=64=0.0%
     submit    : 0=0.0%, 4=100.0%, 8=0.0%, 16=0.0%, 32=0.0%, 64=0.0%, >=64=0.0%
     complete  : 0=0.0%, 4=100.0%, 8=0.0%, 16=0.1%, 32=0.0%, 64=0.0%, >=64=0.0%
     issued    : total=r=22903/w=0/d=0, short=r=0/w=0/d=0
seqread: (groupid=0, jobs=1): err= 0: pid=2157: Sat Mar 15 04:12:51 2014
  read : io=1255.0MB, bw=21417KB/s, iops=20, runt= 60005msec
    slat (usec): min=242, max=307160, avg=43234.88, stdev=50205.27
    clat (usec): min=2, max=1951.2K, avg=383161.38, stdev=422262.37
     lat (usec): min=370, max=2097.1K, avg=426398.17, stdev=467382.63
    clat percentiles (usec):
     |  1.00th=[    2],  5.00th=[    3], 10.00th=[    3], 20.00th=[ 2416],
     | 30.00th=[ 5536], 40.00th=[164864], 50.00th=[444416], 60.00th=[452608],
     | 70.00th=[460800], 80.00th=[477184], 90.00th=[1155072], 95.00th=[1318912],
     | 99.00th=[1695744], 99.50th=[1794048], 99.90th=[1941504], 99.95th=[1957888],
     | 99.99th=[1957888]
    bw (KB  /s): min=  674, max=551689, per=86.78%, avg=22407.26, stdev=52417.85
    lat (usec) : 4=16.18%, 10=1.12%, 20=0.16%, 50=0.08%, 750=0.08%
    lat (msec) : 2=0.16%, 4=8.37%, 10=13.23%, 50=0.16%, 100=0.16%
    lat (msec) : 250=1.20%, 500=43.75%, 750=2.71%, 1000=0.72%, 2000=11.95%
  cpu          : usr=0.01%, sys=1.61%, ctx=9981, majf=0, minf=2590
  IO depths    : 1=17.5%, 2=0.3%, 4=0.6%, 8=81.5%, 16=0.0%, 32=0.0%, >=64=0.0%
     submit    : 0=0.0%, 4=100.0%, 8=0.0%, 16=0.0%, 32=0.0%, 64=0.0%, >=64=0.0%
     complete  : 0=0.0%, 4=99.9%, 8=0.0%, 16=0.1%, 32=0.0%, 64=0.0%, >=64=0.0%
     issued    : total=r=1255/w=0/d=0, short=r=0/w=0/d=0
seqwrite: (groupid=0, jobs=1): err= 0: pid=2158: Sat Mar 15 04:12:51 2014
  write: io=1256.0MB, bw=21429KB/s, iops=20, runt= 60019msec
    slat (usec): min=371, max=307293, avg=43376.03, stdev=50367.99
    clat (usec): min=2, max=1951.3K, avg=382862.50, stdev=421609.34
     lat (usec): min=374, max=2097.8K, avg=426240.51, stdev=466561.81
    clat percentiles (usec):
     |  1.00th=[    2],  5.00th=[    3], 10.00th=[    3], 20.00th=[ 5920],
     | 30.00th=[ 6176], 40.00th=[121344], 50.00th=[444416], 60.00th=[452608],
     | 70.00th=[460800], 80.00th=[473088], 90.00th=[1155072], 95.00th=[1318912],
     | 99.00th=[1695744], 99.50th=[1794048], 99.90th=[1941504], 99.95th=[1957888],
     | 99.99th=[1957888]
    bw (KB  /s): min=  675, max=542232, per=100.00%, avg=22421.59, stdev=51787.80
    lat (usec) : 4=15.29%, 10=0.88%, 20=0.16%, 750=0.16%
    lat (msec) : 2=0.32%, 4=0.56%, 10=15.45%, 20=6.13%, 50=0.88%
    lat (msec) : 250=1.35%, 500=43.47%, 750=2.71%, 1000=0.72%, 2000=11.94%
  cpu          : usr=0.67%, sys=1.35%, ctx=10029, majf=0, minf=29
  IO depths    : 1=16.3%, 2=0.5%, 4=1.0%, 8=82.2%, 16=0.0%, 32=0.0%, >=64=0.0%
     submit    : 0=0.0%, 4=100.0%, 8=0.0%, 16=0.0%, 32=0.0%, 64=0.0%, >=64=0.0%
     complete  : 0=0.0%, 4=99.9%, 8=0.0%, 16=0.1%, 32=0.0%, 64=0.0%, >=64=0.0%
     issued    : total=r=0/w=1256/d=0, short=r=0/w=0/d=0

Run status group 0 (all jobs):
   READ: io=1515.5MB, aggrb=25821KB/s, minb=4432KB/s, maxb=21416KB/s, mint=60005msec, maxt=60081msec
  WRITE: io=1256.0MB, aggrb=21428KB/s, minb=21428KB/s, maxb=21428KB/s, mint=60019msec, maxt=60019msec

Disk stats (read/write):
  xvdf: ios=19977/11363, merge=8/113185, ticks=630973/4391783, in_queue=5023474, util=100.00%
