randread-16k: (g=0): rw=randread, bs=16K-16K/16K-16K/16K-16K, ioengine=libaio, iodepth=10
fio-2.1.4
Starting 1 process

randread-16k: (groupid=0, jobs=1): err= 0: pid=26062: Sat Mar 15 04:21:46 2014
  read : io=295984KB, bw=4932.1KB/s, iops=308, runt= 60002msec
    slat (usec): min=309, max=5432, avg=3238.15, stdev=527.84
    clat (usec): min=7, max=31447, avg=29184.49, stdev=2455.48
     lat (msec): min=3, max=34, avg=32.42, stdev= 2.71
    clat percentiles (usec):
     |  1.00th=[28032],  5.00th=[28800], 10.00th=[29056], 20.00th=[29056],
     | 30.00th=[29056], 40.00th=[29056], 50.00th=[29056], 60.00th=[29824],
     | 70.00th=[30080], 80.00th=[30080], 90.00th=[30080], 95.00th=[30080],
     | 99.00th=[30080], 99.50th=[30336], 99.90th=[30592], 99.95th=[30848],
     | 99.99th=[31360]
    bw (KB  /s): min= 4888, max= 9024, per=100.00%, avg=4934.30, stdev=378.12
    lat (usec) : 10=0.01%
    lat (msec) : 4=0.83%, 10=0.02%, 20=0.03%, 50=99.11%
  cpu          : usr=0.08%, sys=0.98%, ctx=18500, majf=0, minf=65
  IO depths    : 1=0.1%, 2=0.1%, 4=0.1%, 8=100.0%, 16=0.0%, 32=0.0%, >=64=0.0%
     submit    : 0=0.0%, 4=100.0%, 8=0.0%, 16=0.0%, 32=0.0%, 64=0.0%, >=64=0.0%
     complete  : 0=0.0%, 4=100.0%, 8=0.0%, 16=0.1%, 32=0.0%, 64=0.0%, >=64=0.0%
     issued    : total=r=18499/w=0/d=0, short=r=0/w=0/d=0

Run status group 0 (all jobs):
   READ: io=295984KB, aggrb=4932KB/s, minb=4932KB/s, maxb=4932KB/s, mint=60002msec, maxt=60002msec

Disk stats (read/write):
  xvdf: ios=18453/0, merge=0/0, ticks=59637/0, in_queue=59638, util=99.42%
