randread-32k-64k: (g=0): rw=randread, bs=32K-64K/32K-64K/32K-64K, ioengine=libaio, iodepth=10
seqread: (g=0): rw=read, bs=1M-1M/1M-1M/1M-1M, ioengine=libaio, iodepth=10
seqwrite: (g=0): rw=write, bs=1M-1M/1M-1M/1M-1M, ioengine=libaio, iodepth=10
fio-2.1.3
Starting 3 processes

randread-32k-64k: (groupid=0, jobs=1): err= 0: pid=30852: Fri May 27 18:03:32 2016
  read : io=80513MB, bw=1341.9MB/s, iops=31807, runt= 60001msec
    slat (usec): min=2, max=4500, avg= 9.50, stdev=11.71
    clat (usec): min=1, max=291698, avg=303.44, stdev=808.63
     lat (usec): min=84, max=291709, avg=313.04, stdev=808.88
    clat percentiles (usec):
     |  1.00th=[  143],  5.00th=[  165], 10.00th=[  181], 20.00th=[  203],
     | 30.00th=[  221], 40.00th=[  239], 50.00th=[  258], 60.00th=[  282],
     | 70.00th=[  310], 80.00th=[  350], 90.00th=[  426], 95.00th=[  524],
     | 99.00th=[ 1064], 99.50th=[ 1496], 99.90th=[ 1960], 99.95th=[ 2480],
     | 99.99th=[10432]
    bw (MB  /s): min=  153, max= 1506, per=99.19%, avg=1340.92, stdev=274.84
    lat (usec) : 2=0.01%, 20=0.01%, 50=0.01%, 100=0.03%, 250=45.76%
    lat (usec) : 500=48.31%, 750=3.78%, 1000=0.99%
    lat (msec) : 2=1.02%, 4=0.07%, 10=0.01%, 20=0.01%, 50=0.01%
    lat (msec) : 100=0.01%, 500=0.01%
  cpu          : usr=6.88%, sys=37.95%, ctx=1001775, majf=0, minf=170
  IO depths    : 1=0.1%, 2=0.1%, 4=0.1%, 8=100.0%, 16=0.0%, 32=0.0%, >=64=0.0%
     submit    : 0=0.0%, 4=100.0%, 8=0.0%, 16=0.0%, 32=0.0%, 64=0.0%, >=64=0.0%
     complete  : 0=0.0%, 4=100.0%, 8=0.0%, 16=0.1%, 32=0.0%, 64=0.0%, >=64=0.0%
     issued    : total=r=1908487/w=0/d=0, short=r=0/w=0/d=0
seqread: (groupid=0, jobs=1): err= 0: pid=30853: Fri May 27 18:03:32 2016
  read : io=616448KB, bw=10274KB/s, iops=10, runt= 60002msec
    slat (usec): min=60, max=1069, avg=221.80, stdev=116.68
    clat (usec): min=541, max=286120, avg=2970.63, stdev=16564.40
     lat (usec): min=669, max=286432, avg=3192.84, stdev=16582.62
    clat percentiles (usec):
     |  1.00th=[  564],  5.00th=[  596], 10.00th=[  612], 20.00th=[  636],
     | 30.00th=[  660], 40.00th=[  676], 50.00th=[  700], 60.00th=[  724],
     | 70.00th=[  756], 80.00th=[  804], 90.00th=[ 1128], 95.00th=[ 3152],
     | 99.00th=[95744], 99.50th=[98816], 99.90th=[284672], 99.95th=[284672],
     | 99.99th=[284672]
    bw (KB  /s): min= 6555, max=12811, per=0.74%, avg=10255.54, stdev=479.11
    lat (usec) : 750=69.10%, 1000=19.93%
    lat (msec) : 2=4.32%, 4=3.49%, 10=1.00%, 50=0.33%, 100=1.50%
    lat (msec) : 250=0.17%, 500=0.17%
  cpu          : usr=0.00%, sys=0.25%, ctx=1180, majf=0, minf=525
  IO depths    : 1=96.7%, 2=0.7%, 4=1.3%, 8=1.3%, 16=0.0%, 32=0.0%, >=64=0.0%
     submit    : 0=0.0%, 4=100.0%, 8=0.0%, 16=0.0%, 32=0.0%, 64=0.0%, >=64=0.0%
     complete  : 0=0.0%, 4=100.0%, 8=0.0%, 16=0.0%, 32=0.0%, 64=0.0%, >=64=0.0%
     issued    : total=r=602/w=0/d=0, short=r=0/w=0/d=0
seqwrite: (groupid=0, jobs=1): err= 0: pid=30854: Fri May 27 18:03:32 2016
  write: io=616448KB, bw=10274KB/s, iops=10, runt= 60003msec
    slat (usec): min=84, max=1087, avg=254.43, stdev=122.19
    clat (usec): min=706, max=274576, avg=2959.95, stdev=13190.28
     lat (usec): min=907, max=274890, avg=3214.88, stdev=13205.08
    clat percentiles (usec):
     |  1.00th=[  836],  5.00th=[  972], 10.00th=[ 1032], 20.00th=[ 1096],
     | 30.00th=[ 1128], 40.00th=[ 1176], 50.00th=[ 1224], 60.00th=[ 1288],
     | 70.00th=[ 1352], 80.00th=[ 1432], 90.00th=[ 1704], 95.00th=[ 5600],
     | 99.00th=[35584], 99.50th=[49920], 99.90th=[276480], 99.95th=[276480],
     | 99.99th=[276480]
    bw (KB  /s): min= 8008, max=14307, per=100.00%, avg=10282.19, stdev=507.57
    lat (usec) : 750=0.17%, 1000=5.98%
    lat (msec) : 2=86.05%, 4=1.99%, 10=1.99%, 20=1.00%, 50=2.33%
    lat (msec) : 100=0.33%, 500=0.17%
  cpu          : usr=0.06%, sys=0.24%, ctx=1181, majf=0, minf=11
  IO depths    : 1=96.8%, 2=0.7%, 4=1.3%, 8=1.2%, 16=0.0%, 32=0.0%, >=64=0.0%
     submit    : 0=0.0%, 4=100.0%, 8=0.0%, 16=0.0%, 32=0.0%, 64=0.0%, >=64=0.0%
     complete  : 0=0.0%, 4=100.0%, 8=0.0%, 16=0.0%, 32=0.0%, 64=0.0%, >=64=0.0%
     issued    : total=r=0/w=602/d=0, short=r=0/w=0/d=0

Run status group 0 (all jobs):
   READ: io=81115MB, aggrb=1351.9MB/s, minb=10273KB/s, maxb=1341.9MB/s, mint=60001msec, maxt=60002msec
  WRITE: io=616448KB, aggrb=10273KB/s, minb=10273KB/s, maxb=10273KB/s, mint=60003msec, maxt=60003msec

Disk stats (read/write):
  nvme0n1: ios=1912051/5442, merge=0/0, ticks=572020/13020, in_queue=585664, util=99.96%
