randread-1k-4k: (g=0): rw=randread, bs=1K-4K/1K-4K/1K-4K, ioengine=libaio, iodepth=10
seqread: (g=0): rw=read, bs=1M-1M/1M-1M/1M-1M, ioengine=libaio, iodepth=10
seqwrite: (g=0): rw=write, bs=1M-1M/1M-1M/1M-1M, ioengine=libaio, iodepth=10
fio-2.1.3
Starting 3 processes

randread-1k-4k: (groupid=0, jobs=1): err= 0: pid=29061: Fri May 27 17:55:29 2016
  read : io=9579.2MB, bw=163496KB/s, iops=78124, runt= 60001msec
    slat (usec): min=1, max=1273, avg= 4.36, stdev= 7.01
    clat (usec): min=7, max=75199, avg=122.20, stdev=225.77
     lat (usec): min=28, max=75202, avg=126.67, stdev=225.90
    clat percentiles (usec):
     |  1.00th=[   76],  5.00th=[   83], 10.00th=[   87], 20.00th=[   93],
     | 30.00th=[   97], 40.00th=[  102], 50.00th=[  106], 60.00th=[  111],
     | 70.00th=[  117], 80.00th=[  126], 90.00th=[  147], 95.00th=[  177],
     | 99.00th=[  426], 99.50th=[  636], 99.90th=[ 1400], 99.95th=[ 1512],
     | 99.99th=[ 3376]
    bw (KB  /s): min=44284, max=206430, per=94.17%, avg=163627.64, stdev=28514.13
    lat (usec) : 10=0.01%, 20=0.01%, 50=0.10%, 100=34.11%, 250=62.85%
    lat (usec) : 500=2.13%, 750=0.46%, 1000=0.10%
    lat (msec) : 2=0.22%, 4=0.01%, 10=0.01%, 20=0.01%, 50=0.01%
    lat (msec) : 100=0.01%
  cpu          : usr=16.52%, sys=46.08%, ctx=1549733, majf=0, minf=20
  IO depths    : 1=0.1%, 2=0.1%, 4=0.1%, 8=100.0%, 16=0.0%, 32=0.0%, >=64=0.0%
     submit    : 0=0.0%, 4=100.0%, 8=0.0%, 16=0.0%, 32=0.0%, 64=0.0%, >=64=0.0%
     complete  : 0=0.0%, 4=100.0%, 8=0.0%, 16=0.1%, 32=0.0%, 64=0.0%, >=64=0.0%
     issued    : total=r=4687562/w=0/d=0, short=r=0/w=0/d=0
seqread: (groupid=0, jobs=1): err= 0: pid=29062: Fri May 27 17:55:29 2016
  read : io=616448KB, bw=10274KB/s, iops=10, runt= 60002msec
    slat (usec): min=76, max=988, avg=201.08, stdev=103.70
    clat (usec): min=393, max=6201, avg=776.14, stdev=526.49
     lat (usec): min=627, max=7090, avg=977.78, stdev=575.22
    clat percentiles (usec):
     |  1.00th=[  548],  5.00th=[  572], 10.00th=[  588], 20.00th=[  604],
     | 30.00th=[  620], 40.00th=[  644], 50.00th=[  668], 60.00th=[  700],
     | 70.00th=[  732], 80.00th=[  764], 90.00th=[  828], 95.00th=[ 1032],
     | 99.00th=[ 3440], 99.50th=[ 4448], 99.90th=[ 6176], 99.95th=[ 6176],
     | 99.99th=[ 6176]
    bw (KB  /s): min=10178, max=12275, per=5.91%, avg=10265.65, stdev=196.65
    lat (usec) : 500=0.33%, 750=75.25%, 1000=18.94%
    lat (msec) : 2=2.49%, 4=2.16%, 10=0.83%
  cpu          : usr=0.00%, sys=0.25%, ctx=1192, majf=0, minf=525
  IO depths    : 1=98.5%, 2=0.3%, 4=0.7%, 8=0.5%, 16=0.0%, 32=0.0%, >=64=0.0%
     submit    : 0=0.0%, 4=100.0%, 8=0.0%, 16=0.0%, 32=0.0%, 64=0.0%, >=64=0.0%
     complete  : 0=0.0%, 4=100.0%, 8=0.0%, 16=0.0%, 32=0.0%, 64=0.0%, >=64=0.0%
     issued    : total=r=602/w=0/d=0, short=r=0/w=0/d=0
seqwrite: (groupid=0, jobs=1): err= 0: pid=29063: Fri May 27 17:55:29 2016
  write: io=616448KB, bw=10274KB/s, iops=10, runt= 60002msec
    slat (usec): min=95, max=927, avg=225.16, stdev=81.23
    clat (usec): min=538, max=24239, avg=1235.90, stdev=2052.13
     lat (usec): min=786, max=24524, avg=1461.98, stdev=2057.71
    clat percentiles (usec):
     |  1.00th=[  676],  5.00th=[  700], 10.00th=[  812], 20.00th=[  836],
     | 30.00th=[  844], 40.00th=[  852], 50.00th=[  876], 60.00th=[  892],
     | 70.00th=[  900], 80.00th=[  908], 90.00th=[ 1096], 95.00th=[ 2256],
     | 99.00th=[12736], 99.50th=[14400], 99.90th=[24192], 99.95th=[24192],
     | 99.99th=[24192]
    bw (KB  /s): min= 9715, max=12263, per=99.93%, avg=10265.67, stdev=211.50
    lat (usec) : 750=7.64%, 1000=81.23%
    lat (msec) : 2=5.98%, 4=2.16%, 10=1.00%, 20=1.66%, 50=0.33%
  cpu          : usr=0.07%, sys=0.20%, ctx=1197, majf=0, minf=9
  IO depths    : 1=98.5%, 2=0.3%, 4=0.7%, 8=0.5%, 16=0.0%, 32=0.0%, >=64=0.0%
     submit    : 0=0.0%, 4=100.0%, 8=0.0%, 16=0.0%, 32=0.0%, 64=0.0%, >=64=0.0%
     complete  : 0=0.0%, 4=100.0%, 8=0.0%, 16=0.0%, 32=0.0%, 64=0.0%, >=64=0.0%
     issued    : total=r=0/w=602/d=0, short=r=0/w=0/d=0

Run status group 0 (all jobs):
   READ: io=10182MB, aggrb=173766KB/s, minb=10273KB/s, maxb=163495KB/s, mint=60001msec, maxt=60002msec
  WRITE: io=616448KB, aggrb=10273KB/s, minb=10273KB/s, maxb=10273KB/s, mint=60002msec, maxt=60002msec

Disk stats (read/write):
  nvme0n1: ios=4688358/5442, merge=0/0, ticks=525576/4692, in_queue=529908, util=99.92%
