randread-8k-16k: (g=0): rw=randread, bs=8K-16K/8K-16K/8K-16K, ioengine=libaio, iodepth=10
seqread: (g=0): rw=read, bs=1M-1M/1M-1M/1M-1M, ioengine=libaio, iodepth=10
seqwrite: (g=0): rw=write, bs=1M-1M/1M-1M/1M-1M, ioengine=libaio, iodepth=10
fio-2.1.3
Starting 3 processes

randread-8k-16k: (groupid=0, jobs=1): err= 0: pid=29509: Fri May 27 17:57:30 2016
  read : io=39192MB, bw=668861KB/s, iops=61838, runt= 60001msec
    slat (usec): min=2, max=3416, avg= 5.20, stdev= 7.73
    clat (usec): min=8, max=91417, avg=155.17, stdev=334.16
     lat (usec): min=35, max=91661, avg=160.48, stdev=334.56
    clat percentiles (usec):
     |  1.00th=[   92],  5.00th=[  101], 10.00th=[  106], 20.00th=[  114],
     | 30.00th=[  120], 40.00th=[  125], 50.00th=[  133], 60.00th=[  139],
     | 70.00th=[  149], 80.00th=[  165], 90.00th=[  197], 95.00th=[  245],
     | 99.00th=[  580], 99.50th=[  796], 99.90th=[ 1480], 99.95th=[ 1656],
     | 99.99th=[ 9920]
    bw (KB  /s): min=235640, max=795728, per=98.93%, avg=671834.70, stdev=111209.15
    lat (usec) : 10=0.01%, 20=0.01%, 50=0.02%, 100=4.08%, 250=91.12%
    lat (usec) : 500=3.53%, 750=0.69%, 1000=0.20%
    lat (msec) : 2=0.33%, 4=0.02%, 10=0.01%, 20=0.01%, 50=0.01%
    lat (msec) : 100=0.01%
  cpu          : usr=12.37%, sys=43.13%, ctx=1508504, majf=0, minf=49
  IO depths    : 1=0.1%, 2=0.1%, 4=0.1%, 8=100.0%, 16=0.0%, 32=0.0%, >=64=0.0%
     submit    : 0=0.0%, 4=100.0%, 8=0.0%, 16=0.0%, 32=0.0%, 64=0.0%, >=64=0.0%
     complete  : 0=0.0%, 4=100.0%, 8=0.0%, 16=0.1%, 32=0.0%, 64=0.0%, >=64=0.0%
     issued    : total=r=3710398/w=0/d=0, short=r=0/w=0/d=0
seqread: (groupid=0, jobs=1): err= 0: pid=29510: Fri May 27 17:57:30 2016
  read : io=616448KB, bw=10274KB/s, iops=10, runt= 60002msec
    slat (usec): min=80, max=1585, avg=180.82, stdev=102.93
    clat (usec): min=406, max=95328, avg=2300.13, stdev=11751.33
     lat (usec): min=660, max=95981, avg=2481.62, stdev=11824.47
    clat percentiles (usec):
     |  1.00th=[  564],  5.00th=[  580], 10.00th=[  596], 20.00th=[  620],
     | 30.00th=[  628], 40.00th=[  644], 50.00th=[  660], 60.00th=[  676],
     | 70.00th=[  700], 80.00th=[  732], 90.00th=[  836], 95.00th=[ 1240],
     | 99.00th=[91648], 99.50th=[92672], 99.90th=[95744], 99.95th=[95744],
     | 99.99th=[95744]
    bw (KB  /s): min= 9516, max=12251, per=1.51%, avg=10265.13, stdev=218.50
    lat (usec) : 500=0.17%, 750=82.72%, 1000=10.13%
    lat (msec) : 2=3.32%, 4=1.83%, 50=0.17%, 100=1.66%
  cpu          : usr=0.02%, sys=0.21%, ctx=1196, majf=0, minf=525
  IO depths    : 1=98.5%, 2=0.3%, 4=0.7%, 8=0.5%, 16=0.0%, 32=0.0%, >=64=0.0%
     submit    : 0=0.0%, 4=100.0%, 8=0.0%, 16=0.0%, 32=0.0%, 64=0.0%, >=64=0.0%
     complete  : 0=0.0%, 4=100.0%, 8=0.0%, 16=0.0%, 32=0.0%, 64=0.0%, >=64=0.0%
     issued    : total=r=602/w=0/d=0, short=r=0/w=0/d=0
seqwrite: (groupid=0, jobs=1): err= 0: pid=29511: Fri May 27 17:57:30 2016
  write: io=616448KB, bw=10274KB/s, iops=10, runt= 60003msec
    slat (usec): min=76, max=1491, avg=203.67, stdev=100.58
    clat (usec): min=632, max=97604, avg=3052.66, stdev=12181.39
     lat (usec): min=809, max=98374, avg=3256.95, stdev=12252.18
    clat percentiles (usec):
     |  1.00th=[  692],  5.00th=[  716], 10.00th=[  732], 20.00th=[  868],
     | 30.00th=[  884], 40.00th=[  900], 50.00th=[  916], 60.00th=[  932],
     | 70.00th=[  956], 80.00th=[  972], 90.00th=[ 1048], 95.00th=[ 8032],
     | 99.00th=[91648], 99.50th=[94720], 99.90th=[97792], 99.95th=[97792],
     | 99.99th=[97792]
    bw (KB  /s): min= 9770, max=12263, per=99.92%, avg=10264.55, stdev=216.52
    lat (usec) : 750=12.79%, 1000=75.08%
    lat (msec) : 2=5.48%, 4=1.33%, 10=0.33%, 20=2.49%, 50=0.83%
    lat (msec) : 100=1.66%
  cpu          : usr=0.05%, sys=0.21%, ctx=1200, majf=0, minf=10
  IO depths    : 1=98.5%, 2=0.3%, 4=0.7%, 8=0.5%, 16=0.0%, 32=0.0%, >=64=0.0%
     submit    : 0=0.0%, 4=100.0%, 8=0.0%, 16=0.0%, 32=0.0%, 64=0.0%, >=64=0.0%
     complete  : 0=0.0%, 4=100.0%, 8=0.0%, 16=0.0%, 32=0.0%, 64=0.0%, >=64=0.0%
     issued    : total=r=0/w=602/d=0, short=r=0/w=0/d=0

Run status group 0 (all jobs):
   READ: io=39794MB, aggrb=679123KB/s, minb=10273KB/s, maxb=668861KB/s, mint=60001msec, maxt=60002msec
  WRITE: io=616448KB, aggrb=10273KB/s, minb=10273KB/s, maxb=10273KB/s, mint=60003msec, maxt=60003msec

Disk stats (read/write):
  nvme0n1: ios=3711542/5445, merge=0/0, ticks=551920/14568, in_queue=566276, util=99.95%
