randread-128k-256k: (g=0): rw=randread, bs=128K-256K/128K-256K/128K-256K, ioengine=libaio, iodepth=10
seqread: (g=0): rw=read, bs=1M-1M/1M-1M/1M-1M, ioengine=libaio, iodepth=10
seqwrite: (g=0): rw=write, bs=1M-1M/1M-1M/1M-1M, ioengine=libaio, iodepth=10
fio-2.1.3
Starting 3 processes

randread-128k-256k: (groupid=0, jobs=1): err= 0: pid=31304: Fri May 27 18:05:33 2016
  read : io=105719MB, bw=1761.1MB/s, iops=10460, runt= 60001msec
    slat (usec): min=9, max=1722, avg=25.74, stdev=19.31
    clat (usec): min=175, max=71234, avg=928.21, stdev=604.40
     lat (usec): min=190, max=71252, avg=954.08, stdev=604.62
    clat percentiles (usec):
     |  1.00th=[  494],  5.00th=[  604], 10.00th=[  660], 20.00th=[  732],
     | 30.00th=[  780], 40.00th=[  828], 50.00th=[  876], 60.00th=[  924],
     | 70.00th=[  980], 80.00th=[ 1048], 90.00th=[ 1192], 95.00th=[ 1400],
     | 99.00th=[ 2096], 99.50th=[ 2384], 99.90th=[ 3664], 99.95th=[ 4640],
     | 99.99th=[13120]
    bw (MB  /s): min= 1270, max= 1912, per=99.03%, avg=1754.68, stdev=153.68
    lat (usec) : 250=0.01%, 500=1.08%, 750=22.36%, 1000=50.16%
    lat (msec) : 2=25.12%, 4=1.19%, 10=0.03%, 20=0.04%, 50=0.01%
    lat (msec) : 100=0.01%
  cpu          : usr=2.62%, sys=30.45%, ctx=477587, majf=0, minf=649
  IO depths    : 1=0.1%, 2=0.1%, 4=0.1%, 8=100.0%, 16=0.0%, 32=0.0%, >=64=0.0%
     submit    : 0=0.0%, 4=100.0%, 8=0.0%, 16=0.0%, 32=0.0%, 64=0.0%, >=64=0.0%
     complete  : 0=0.0%, 4=100.0%, 8=0.0%, 16=0.1%, 32=0.0%, 64=0.0%, >=64=0.0%
     issued    : total=r=627611/w=0/d=0, short=r=0/w=0/d=0
seqread: (groupid=0, jobs=1): err= 0: pid=31305: Fri May 27 18:05:33 2016
  read : io=616448KB, bw=10274KB/s, iops=10, runt= 60003msec
    slat (usec): min=94, max=1273, avg=184.22, stdev=103.61
    clat (usec): min=546, max=7302, avg=1257.21, stdev=695.28
     lat (usec): min=709, max=8266, avg=1441.80, stdev=765.81
    clat percentiles (usec):
     |  1.00th=[  660],  5.00th=[  804], 10.00th=[  876], 20.00th=[  956],
     | 30.00th=[ 1012], 40.00th=[ 1064], 50.00th=[ 1128], 60.00th=[ 1192],
     | 70.00th=[ 1272], 80.00th=[ 1384], 90.00th=[ 1640], 95.00th=[ 1912],
     | 99.00th=[ 5536], 99.50th=[ 6688], 99.90th=[ 7328], 99.95th=[ 7328],
     | 99.99th=[ 7328]
    bw (KB  /s): min=10219, max=12263, per=0.57%, avg=10265.50, stdev=194.35
    lat (usec) : 750=3.16%, 1000=25.42%
    lat (msec) : 2=67.44%, 4=2.33%, 10=1.66%
  cpu          : usr=0.00%, sys=0.22%, ctx=1192, majf=0, minf=524
  IO depths    : 1=98.5%, 2=0.3%, 4=0.7%, 8=0.5%, 16=0.0%, 32=0.0%, >=64=0.0%
     submit    : 0=0.0%, 4=100.0%, 8=0.0%, 16=0.0%, 32=0.0%, 64=0.0%, >=64=0.0%
     complete  : 0=0.0%, 4=100.0%, 8=0.0%, 16=0.0%, 32=0.0%, 64=0.0%, >=64=0.0%
     issued    : total=r=602/w=0/d=0, short=r=0/w=0/d=0
seqwrite: (groupid=0, jobs=1): err= 0: pid=31306: Fri May 27 18:05:33 2016
  write: io=616448KB, bw=10273KB/s, iops=10, runt= 60004msec
    slat (usec): min=93, max=2800, avg=214.72, stdev=146.47
    clat (usec): min=703, max=21070, avg=2122.59, stdev=1296.28
     lat (usec): min=853, max=21269, avg=2337.82, stdev=1342.97
    clat percentiles (usec):
     |  1.00th=[ 1336],  5.00th=[ 1512], 10.00th=[ 1640], 20.00th=[ 1752],
     | 30.00th=[ 1832], 40.00th=[ 1912], 50.00th=[ 1960], 60.00th=[ 2040],
     | 70.00th=[ 2096], 80.00th=[ 2192], 90.00th=[ 2352], 95.00th=[ 2544],
     | 99.00th=[ 7264], 99.50th=[ 9536], 99.90th=[21120], 99.95th=[21120],
     | 99.99th=[21120]
    bw (KB  /s): min= 9903, max=12239, per=99.94%, avg=10266.51, stdev=199.42
    lat (usec) : 750=0.17%
    lat (msec) : 2=55.48%, 4=42.36%, 10=1.50%, 20=0.33%, 50=0.17%
  cpu          : usr=0.07%, sys=0.17%, ctx=1202, majf=0, minf=8
  IO depths    : 1=98.5%, 2=0.3%, 4=0.7%, 8=0.5%, 16=0.0%, 32=0.0%, >=64=0.0%
     submit    : 0=0.0%, 4=100.0%, 8=0.0%, 16=0.0%, 32=0.0%, 64=0.0%, >=64=0.0%
     complete  : 0=0.0%, 4=100.0%, 8=0.0%, 16=0.0%, 32=0.0%, 64=0.0%, >=64=0.0%
     issued    : total=r=0/w=602/d=0, short=r=0/w=0/d=0

Run status group 0 (all jobs):
   READ: io=106321MB, aggrb=1771.1MB/s, minb=10273KB/s, maxb=1761.1MB/s, mint=60001msec, maxt=60003msec
  WRITE: io=616448KB, aggrb=10273KB/s, minb=10273KB/s, maxb=10273KB/s, mint=60004msec, maxt=60004msec

Disk stats (read/write):
  nvme0n1: ios=1477072/5442, merge=0/0, ticks=1291720/8348, in_queue=1300892, util=99.91%
