randread-32k: (g=0): rw=randread, bs=32K-32K/32K-32K/32K-32K, ioengine=libaio, iodepth=10
fio-2.1.3
Starting 1 process

randread-32k: (groupid=0, jobs=1): err= 0: pid=30178: Fri May 27 18:00:31 2016
  read : io=80070MB, bw=1334.5MB/s, iops=42703, runt= 60001msec
    slat (usec): min=3, max=1364, avg= 7.98, stdev= 8.74
    clat (usec): min=11, max=4266, avg=224.92, stdev=71.63
     lat (usec): min=79, max=4272, avg=233.01, stdev=71.62
    clat percentiles (usec):
     |  1.00th=[  133],  5.00th=[  147], 10.00th=[  157], 20.00th=[  171],
     | 30.00th=[  183], 40.00th=[  195], 50.00th=[  207], 60.00th=[  223],
     | 70.00th=[  243], 80.00th=[  270], 90.00th=[  318], 95.00th=[  366],
     | 99.00th=[  470], 99.50th=[  516], 99.90th=[  620], 99.95th=[  676],
     | 99.99th=[  788]
    bw (MB  /s): min= 1319, max= 1347, per=99.82%, avg=1332.05, stdev= 5.48
    lat (usec) : 20=0.01%, 50=0.01%, 100=0.04%, 250=73.09%, 500=26.22%
    lat (usec) : 750=0.63%, 1000=0.02%
    lat (msec) : 2=0.01%, 4=0.01%, 10=0.01%
  cpu          : usr=9.16%, sys=43.41%, ctx=1276835, majf=0, minf=87
  IO depths    : 1=0.1%, 2=0.1%, 4=0.1%, 8=100.0%, 16=0.0%, 32=0.0%, >=64=0.0%
     submit    : 0=0.0%, 4=100.0%, 8=0.0%, 16=0.0%, 32=0.0%, 64=0.0%, >=64=0.0%
     complete  : 0=0.0%, 4=100.0%, 8=0.0%, 16=0.1%, 32=0.0%, 64=0.0%, >=64=0.0%
     issued    : total=r=2562245/w=0/d=0, short=r=0/w=0/d=0

Run status group 0 (all jobs):
   READ: io=80070MB, aggrb=1334.5MB/s, minb=1334.5MB/s, maxb=1334.5MB/s, mint=60001msec, maxt=60001msec

Disk stats (read/write):
  nvme0n1: ios=2559375/0, merge=0/0, ticks=550428/0, in_queue=550916, util=99.96%
