randread-256k: (g=0): rw=randread, bs=256K-256K/256K-256K/256K-256K, ioengine=libaio, iodepth=10
fio-2.1.3
Starting 1 process

randread-256k: (groupid=0, jobs=1): err= 0: pid=634: Fri May 27 18:13:36 2016
  read : io=127657MB, bw=2127.6MB/s, iops=8510, runt= 60002msec
    slat (usec): min=12, max=754, avg=31.92, stdev=18.74
    clat (usec): min=247, max=4063, avg=1141.27, stdev=158.95
     lat (usec): min=278, max=4086, avg=1173.32, stdev=157.34
    clat percentiles (usec):
     |  1.00th=[  852],  5.00th=[  940], 10.00th=[  980], 20.00th=[ 1020],
     | 30.00th=[ 1064], 40.00th=[ 1096], 50.00th=[ 1112], 60.00th=[ 1144],
     | 70.00th=[ 1192], 80.00th=[ 1240], 90.00th=[ 1336], 95.00th=[ 1432],
     | 99.00th=[ 1688], 99.50th=[ 1800], 99.90th=[ 2024], 99.95th=[ 2096],
     | 99.99th=[ 2256]
    bw (MB  /s): min= 2082, max= 2146, per=99.65%, avg=2120.05, stdev=12.23
    lat (usec) : 250=0.01%, 500=0.01%, 750=0.19%, 1000=14.19%
    lat (msec) : 2=85.49%, 4=0.11%, 10=0.01%
  cpu          : usr=1.96%, sys=29.88%, ctx=409079, majf=0, minf=647
  IO depths    : 1=0.1%, 2=0.1%, 4=0.1%, 8=100.0%, 16=0.0%, 32=0.0%, >=64=0.0%
     submit    : 0=0.0%, 4=100.0%, 8=0.0%, 16=0.0%, 32=0.0%, 64=0.0%, >=64=0.0%
     complete  : 0=0.0%, 4=100.0%, 8=0.0%, 16=0.1%, 32=0.0%, 64=0.0%, >=64=0.0%
     issued    : total=r=510628/w=0/d=0, short=r=0/w=0/d=0

Run status group 0 (all jobs):
   READ: io=127657MB, aggrb=2127.6MB/s, minb=2127.6MB/s, maxb=2127.6MB/s, mint=60002msec, maxt=60002msec

Disk stats (read/write):
  nvme0n1: ios=1530662/0, merge=0/0, ticks=1640776/0, in_queue=1642228, util=99.95%
