seqwrite: (g=0): rw=write, bs=1M-1M/1M-1M/1M-1M, ioengine=libaio, iodepth=10
fio-2.1.3
Starting 1 process
seqwrite: Laying out IO file(s) (1 file(s) / 5120MB)

seqwrite: (groupid=0, jobs=1): err= 0: pid=27554: Fri May 27 17:48:38 2016
  write: io=86692MB, bw=1444.2MB/s, iops=1444, runt= 60029msec
    slat (usec): min=44, max=48426, avg=303.46, stdev=194.78
    clat (msec): min=1, max=237, avg= 6.61, stdev= 5.70
     lat (msec): min=1, max=237, avg= 6.92, stdev= 5.73
    clat percentiles (msec):
     |  1.00th=[    6],  5.00th=[    6], 10.00th=[    6], 20.00th=[    6],
     | 30.00th=[    6], 40.00th=[    6], 50.00th=[    6], 60.00th=[    6],
     | 70.00th=[    6], 80.00th=[    6], 90.00th=[    7], 95.00th=[   10],
     | 99.00th=[   25], 99.50th=[   27], 99.90th=[   90], 99.95th=[   95],
     | 99.99th=[  227]
    bw (MB  /s): min=  102, max= 1610, per=99.96%, avg=1443.58, stdev=283.73
    lat (msec) : 2=0.01%, 4=0.21%, 10=95.74%, 20=1.45%, 50=2.34%
    lat (msec) : 100=0.22%, 250=0.03%
  cpu          : usr=7.01%, sys=36.65%, ctx=88840, majf=0, minf=9
  IO depths    : 1=0.1%, 2=0.1%, 4=0.1%, 8=99.9%, 16=0.0%, 32=0.0%, >=64=0.0%
     submit    : 0=0.0%, 4=100.0%, 8=0.0%, 16=0.0%, 32=0.0%, 64=0.0%, >=64=0.0%
     complete  : 0=0.0%, 4=100.0%, 8=0.0%, 16=0.1%, 32=0.0%, 64=0.0%, >=64=0.0%
     issued    : total=r=0/w=86692/d=0, short=r=0/w=0/d=0

Run status group 0 (all jobs):
  WRITE: io=86692MB, aggrb=1444.2MB/s, minb=1444.2MB/s, maxb=1444.2MB/s, mint=60029msec, maxt=60029msec

Disk stats (read/write):
  nvme0n1: ios=0/779918, merge=0/0, ticks=0/5005736, in_queue=5008208, util=99.92%
