randread-1k: (g=0): rw=randread, bs=1K-4K/1K-4K/1K-4K, ioengine=libaio, iodepth=10
seqread: (g=0): rw=read, bs=1M-1M/1M-1M/1M-1M, ioengine=libaio, iodepth=10
seqwrite: (g=0): rw=write, bs=1M-1M/1M-1M/1M-1M, ioengine=libaio, iodepth=10
fio-2.1.3
Starting 3 processes

randread-1k: (groupid=0, jobs=1): err= 0: pid=3774: Wed Apr  8 14:14:49 2015
  read : io=5755.3MB, bw=98220KB/s, iops=47126, runt= 60002msec
    slat (usec): min=1, max=4771, avg= 3.70, stdev= 6.64
    clat (usec): min=26, max=11851, avg=206.40, stdev=156.19
     lat (usec): min=48, max=11855, avg=210.70, stdev=156.89
    clat percentiles (usec):
     |  1.00th=[  131],  5.00th=[  145], 10.00th=[  151], 20.00th=[  161],
     | 30.00th=[  169], 40.00th=[  175], 50.00th=[  183], 60.00th=[  191],
     | 70.00th=[  199], 80.00th=[  213], 90.00th=[  243], 95.00th=[  298],
     | 99.00th=[  588], 99.50th=[ 1320], 99.90th=[ 2224], 99.95th=[ 2512],
     | 99.99th=[ 4320]
    bw (KB  /s): min=79800, max=118568, per=54.74%, avg=98695.23, stdev=9057.08
    lat (usec) : 50=0.01%, 100=0.24%, 250=91.05%, 500=6.71%, 750=1.26%
    lat (usec) : 1000=0.10%
    lat (msec) : 2=0.50%, 4=0.14%, 10=0.01%, 20=0.01%
  cpu          : usr=5.36%, sys=31.48%, ctx=1102297, majf=0, minf=219
  IO depths    : 1=0.1%, 2=0.1%, 4=0.1%, 8=100.0%, 16=0.0%, 32=0.0%, >=64=0.0%
     submit    : 0=0.0%, 4=100.0%, 8=0.0%, 16=0.0%, 32=0.0%, 64=0.0%, >=64=0.0%
     complete  : 0=0.0%, 4=100.0%, 8=0.0%, 16=0.1%, 32=0.0%, 64=0.0%, >=64=0.0%
     issued    : total=r=2827712/w=0/d=0, short=r=0/w=0/d=0
seqread: (groupid=0, jobs=1): err= 0: pid=3775: Wed Apr  8 14:14:49 2015
  read : io=4810.0MB, bw=82082KB/s, iops=80, runt= 60006msec
    slat (usec): min=42, max=652, avg=91.78, stdev=31.21
    clat (usec): min=473, max=11831, avg=884.61, stdev=530.75
     lat (usec): min=543, max=11925, avg=977.14, stdev=531.73
    clat percentiles (usec):
     |  1.00th=[  510],  5.00th=[  532], 10.00th=[  556], 20.00th=[  644],
     | 30.00th=[  748], 40.00th=[  764], 50.00th=[  772], 60.00th=[  788],
     | 70.00th=[  804], 80.00th=[  836], 90.00th=[ 1528], 95.00th=[ 1704],
     | 99.00th=[ 3088], 99.50th=[ 3856], 99.90th=[ 6560], 99.95th=[ 9920],
     | 99.99th=[11840]
    bw (KB  /s): min=81364, max=85844, per=45.55%, avg=82129.70, stdev=766.60
    lat (usec) : 500=0.29%, 750=30.98%, 1000=55.36%
    lat (msec) : 2=11.00%, 4=2.04%, 10=0.29%, 20=0.04%
  cpu          : usr=3.03%, sys=17.88%, ctx=9533, majf=0, minf=2467
  IO depths    : 1=98.9%, 2=0.2%, 4=0.4%, 8=0.5%, 16=0.0%, 32=0.0%, >=64=0.0%
     submit    : 0=0.0%, 4=100.0%, 8=0.0%, 16=0.0%, 32=0.0%, 64=0.0%, >=64=0.0%
     complete  : 0=0.0%, 4=100.0%, 8=0.0%, 16=0.0%, 32=0.0%, 64=0.0%, >=64=0.0%
     issued    : total=r=4810/w=0/d=0, short=r=0/w=0/d=0
seqwrite: (groupid=0, jobs=1): err= 0: pid=3776: Wed Apr  8 14:14:49 2015
  write: io=4810.0MB, bw=82081KB/s, iops=80, runt= 60007msec
    slat (usec): min=44, max=930, avg=102.16, stdev=47.45
    clat (usec): min=324, max=7285, avg=482.99, stdev=466.79
     lat (usec): min=418, max=7555, avg=586.19, stdev=472.67
    clat percentiles (usec):
     |  1.00th=[  358],  5.00th=[  370], 10.00th=[  378], 20.00th=[  390],
     | 30.00th=[  402], 40.00th=[  410], 50.00th=[  422], 60.00th=[  434],
     | 70.00th=[  446], 80.00th=[  462], 90.00th=[  524], 95.00th=[  596],
     | 99.00th=[ 2480], 99.50th=[ 5088], 99.90th=[ 6688], 99.95th=[ 6944],
     | 99.99th=[ 7264]
    bw (KB  /s): min=81522, max=86016, per=100.00%, avg=82134.76, stdev=780.63
    lat (usec) : 500=87.36%, 750=10.87%, 1000=0.40%
    lat (msec) : 2=0.27%, 4=0.37%, 10=0.73%
  cpu          : usr=1.45%, sys=12.14%, ctx=9612, majf=0, minf=1571
  IO depths    : 1=98.9%, 2=0.2%, 4=0.4%, 8=0.5%, 16=0.0%, 32=0.0%, >=64=0.0%
     submit    : 0=0.0%, 4=100.0%, 8=0.0%, 16=0.0%, 32=0.0%, 64=0.0%, >=64=0.0%
     complete  : 0=0.0%, 4=100.0%, 8=0.0%, 16=0.0%, 32=0.0%, 64=0.0%, >=64=0.0%
     issued    : total=r=0/w=4810/d=0, short=r=0/w=0/d=0

Run status group 0 (all jobs):
   READ: io=10565MB, aggrb=180295KB/s, minb=82082KB/s, maxb=98219KB/s, mint=60002msec, maxt=60006msec
  WRITE: io=4810.0MB, aggrb=82081KB/s, minb=82081KB/s, maxb=82081KB/s, mint=60007msec, maxt=60007msec

Disk stats (read/write):
  sdb: ios=2865070/38478, merge=0/11, ticks=552000/26432, in_queue=578420, util=99.64%
