randread-512: (g=0): rw=randread, bs=512-512/512-512/512-512, ioengine=libaio, iodepth=10
fio-2.1.3
Starting 1 process

randread-512: (groupid=0, jobs=1): err= 0: pid=3867: Wed Apr  8 14:23:54 2015
  read : io=1582.9MB, bw=27012KB/s, iops=54024, runt= 60001msec
    slat (usec): min=1, max=3572, avg= 3.53, stdev= 3.63
    clat (usec): min=45, max=4910, avg=179.52, stdev=37.13
     lat (usec): min=55, max=4913, avg=183.65, stdev=37.40
    clat percentiles (usec):
     |  1.00th=[  131],  5.00th=[  141], 10.00th=[  147], 20.00th=[  155],
     | 30.00th=[  161], 40.00th=[  167], 50.00th=[  175], 60.00th=[  181],
     | 70.00th=[  189], 80.00th=[  201], 90.00th=[  219], 95.00th=[  239],
     | 99.00th=[  290], 99.50th=[  314], 99.90th=[  382], 99.95th=[  474],
     | 99.99th=[ 1144]
    bw (KB  /s): min=24230, max=27489, per=100.00%, avg=27027.18, stdev=363.19
    lat (usec) : 50=0.01%, 100=0.12%, 250=96.43%, 500=3.41%, 750=0.03%
    lat (usec) : 1000=0.01%
    lat (msec) : 2=0.01%, 4=0.01%, 10=0.01%
  cpu          : usr=5.45%, sys=35.53%, ctx=1080859, majf=0, minf=108
  IO depths    : 1=0.1%, 2=0.1%, 4=0.1%, 8=100.0%, 16=0.0%, 32=0.0%, >=64=0.0%
     submit    : 0=0.0%, 4=100.0%, 8=0.0%, 16=0.0%, 32=0.0%, 64=0.0%, >=64=0.0%
     complete  : 0=0.0%, 4=100.0%, 8=0.0%, 16=0.1%, 32=0.0%, 64=0.0%, >=64=0.0%
     issued    : total=r=3241538/w=0/d=0, short=r=0/w=0/d=0

Run status group 0 (all jobs):
   READ: io=1582.9MB, aggrb=27012KB/s, minb=27012KB/s, maxb=27012KB/s, mint=60001msec, maxt=60001msec

Disk stats (read/write):
  sdb: ios=3230218/3, merge=0/1, ticks=507548/4, in_queue=507456, util=99.93%
