randread-16m: (g=0): rw=randread, bs=16M-16M/16M-16M/16M-16M, ioengine=libaio, iodepth=10
fio-2.1.3
Starting 1 process

randread-16m: (groupid=0, jobs=1): err= 0: pid=3919: Wed Apr  8 14:31:58 2015
  read : io=90848MB, bw=1513.5MB/s, iops=94, runt= 60029msec
    slat (msec): min=1, max=126, avg=10.40, stdev=17.24
    clat (msec): min=5, max=178, avg=89.09, stdev=42.33
     lat (msec): min=11, max=185, avg=99.49, stdev=42.62
    clat percentiles (msec):
     |  1.00th=[    7],  5.00th=[   27], 10.00th=[   58], 20.00th=[   59],
     | 30.00th=[   59], 40.00th=[   60], 50.00th=[   60], 60.00th=[  131],
     | 70.00th=[  137], 80.00th=[  139], 90.00th=[  139], 95.00th=[  139],
     | 99.00th=[  145], 99.50th=[  149], 99.90th=[  178], 99.95th=[  180],
     | 99.99th=[  180]
    bw (MB  /s): min= 1043, max= 1532, per=79.72%, avg=1206.52, stdev=142.23
    lat (msec) : 10=1.50%, 20=2.43%, 50=4.65%, 100=48.84%, 250=42.59%
  cpu          : usr=0.04%, sys=24.34%, ctx=22186, majf=0, minf=5430
  IO depths    : 1=1.6%, 2=3.1%, 4=6.3%, 8=89.0%, 16=0.0%, 32=0.0%, >=64=0.0%
     submit    : 0=0.0%, 4=100.0%, 8=0.0%, 16=0.0%, 32=0.0%, 64=0.0%, >=64=0.0%
     complete  : 0=0.0%, 4=98.2%, 8=0.0%, 16=1.8%, 32=0.0%, 64=0.0%, >=64=0.0%
     issued    : total=r=5678/w=0/d=0, short=r=0/w=0/d=0

Run status group 0 (all jobs):
   READ: io=90848MB, aggrb=1513.5MB/s, minb=1513.5MB/s, maxb=1513.5MB/s, mint=60029msec, maxt=60029msec

Disk stats (read/write):
  sdb: ios=724179/0, merge=0/0, ticks=8260416/0, in_queue=8270272, util=99.91%
