seqwrite: (g=0): rw=write, bs=1M-1M/1M-1M/1M-1M, ioengine=libaio, iodepth=10
fio-2.1.3
Starting 1 process
seqwrite: Laying out IO file(s) (1 file(s) / 5120MB)

seqwrite: (groupid=0, jobs=1): err= 0: pid=3931: Wed Apr  8 14:34:08 2015
  write: io=45457MB, bw=775761KB/s, iops=757, runt= 60003msec
    slat (usec): min=45, max=2867, avg=179.16, stdev=86.28
    clat (usec): min=999, max=208404, avg=13013.55, stdev=36655.03
     lat (msec): min=1, max=208, avg=13.19, stdev=36.65
    clat percentiles (msec):
     |  1.00th=[    3],  5.00th=[    3], 10.00th=[    3], 20.00th=[    3],
     | 30.00th=[    3], 40.00th=[    3], 50.00th=[    3], 60.00th=[    4],
     | 70.00th=[    4], 80.00th=[    5], 90.00th=[   11], 95.00th=[  147],
     | 99.00th=[  157], 99.50th=[  165], 99.90th=[  204], 99.95th=[  206],
     | 99.99th=[  208]
    bw (KB  /s): min=584112, max=1371528, per=98.68%, avg=765488.32, stdev=71786.62
    lat (usec) : 1000=0.01%
    lat (msec) : 2=0.24%, 4=76.46%, 10=13.31%, 20=3.76%, 250=6.23%
  cpu          : usr=2.00%, sys=12.24%, ctx=32867, majf=0, minf=2651
  IO depths    : 1=0.1%, 2=0.1%, 4=0.1%, 8=99.9%, 16=0.0%, 32=0.0%, >=64=0.0%
     submit    : 0=0.0%, 4=100.0%, 8=0.0%, 16=0.0%, 32=0.0%, 64=0.0%, >=64=0.0%
     complete  : 0=0.0%, 4=100.0%, 8=0.0%, 16=0.1%, 32=0.0%, 64=0.0%, >=64=0.0%
     issued    : total=r=0/w=45457/d=0, short=r=0/w=0/d=0

Run status group 0 (all jobs):
  WRITE: io=45457MB, aggrb=775760KB/s, minb=775760KB/s, maxb=775760KB/s, mint=60003msec, maxt=60003msec

Disk stats (read/write):
  sdb: ios=0/362597, merge=0/96, ticks=0/4238800, in_queue=4245436, util=99.93%
