randread-1k-4k: (g=0): rw=randread, bs=1K-4K/1K-4K/1K-4K, ioengine=libaio, iodepth=10
seqread: (g=0): rw=read, bs=1M-1M/1M-1M/1M-1M, ioengine=libaio, iodepth=10
seqwrite: (g=0): rw=write, bs=1M-1M/1M-1M/1M-1M, ioengine=libaio, iodepth=10
fio-2.1.3
Starting 3 processes

randread-1k-4k: (groupid=0, jobs=1): err= 0: pid=29780: Fri May 27 17:55:50 2016
  read : io=6105.8MB, bw=104202KB/s, iops=49185, runt= 60001msec
    slat (usec): min=1, max=3710, avg= 6.69, stdev=16.14
    clat (usec): min=11, max=355547, avg=194.58, stdev=968.34
     lat (usec): min=22, max=355552, avg=201.42, stdev=968.84
    clat percentiles (usec):
     |  1.00th=[   79],  5.00th=[   90], 10.00th=[   97], 20.00th=[  109],
     | 30.00th=[  120], 40.00th=[  133], 50.00th=[  149], 60.00th=[  167],
     | 70.00th=[  185], 80.00th=[  205], 90.00th=[  266], 95.00th=[  402],
     | 99.00th=[  756], 99.50th=[ 1144], 99.90th=[ 2064], 99.95th=[ 5280],
     | 99.99th=[37632]
    bw (KB  /s): min=  166, max=166584, per=56.14%, avg=104501.55, stdev=34871.98
    lat (usec) : 20=0.01%, 50=0.07%, 100=11.61%, 250=77.66%, 500=7.46%
    lat (usec) : 750=2.19%, 1000=0.36%
    lat (msec) : 2=0.54%, 4=0.05%, 10=0.03%, 20=0.02%, 50=0.01%
    lat (msec) : 100=0.01%, 250=0.01%, 500=0.01%
  cpu          : usr=15.49%, sys=43.51%, ctx=536440, majf=0, minf=19
  IO depths    : 1=0.1%, 2=0.1%, 4=0.1%, 8=100.0%, 16=0.0%, 32=0.0%, >=64=0.0%
     submit    : 0=0.0%, 4=100.0%, 8=0.0%, 16=0.0%, 32=0.0%, 64=0.0%, >=64=0.0%
     complete  : 0=0.0%, 4=100.0%, 8=0.0%, 16=0.1%, 32=0.0%, 64=0.0%, >=64=0.0%
     issued    : total=r=2951187/w=0/d=0, short=r=0/w=0/d=0
seqread: (groupid=0, jobs=1): err= 0: pid=29781: Fri May 27 17:55:50 2016
  read : io=4802.0MB, bw=81951KB/s, iops=80, runt= 60002msec
    slat (usec): min=58, max=1726, avg=270.45, stdev=100.59
    clat (usec): min=148, max=475530, avg=3703.95, stdev=21313.95
     lat (usec): min=639, max=475842, avg=3974.89, stdev=21320.46
    clat percentiles (usec):
     |  1.00th=[  564],  5.00th=[  588], 10.00th=[  596], 20.00th=[  612],
     | 30.00th=[  628], 40.00th=[  644], 50.00th=[  652], 60.00th=[  668],
     | 70.00th=[  684], 80.00th=[  724], 90.00th=[ 3632], 95.00th=[13632],
     | 99.00th=[61696], 99.50th=[77312], 99.90th=[473088], 99.95th=[473088],
     | 99.99th=[477184]
    bw (KB  /s): min=64195, max=121904, per=44.07%, avg=82038.72, stdev=5346.53
    lat (usec) : 250=0.02%, 500=0.17%, 750=82.44%, 1000=2.42%
    lat (msec) : 2=2.77%, 4=2.48%, 10=2.92%, 20=4.08%, 50=0.96%
    lat (msec) : 100=1.44%, 250=0.10%, 500=0.21%
  cpu          : usr=0.06%, sys=2.41%, ctx=9193, majf=0, minf=526
  IO depths    : 1=91.3%, 2=1.2%, 4=2.5%, 8=4.9%, 16=0.0%, 32=0.0%, >=64=0.0%
     submit    : 0=0.0%, 4=100.0%, 8=0.0%, 16=0.0%, 32=0.0%, 64=0.0%, >=64=0.0%
     complete  : 0=0.0%, 4=100.0%, 8=0.0%, 16=0.0%, 32=0.0%, 64=0.0%, >=64=0.0%
     issued    : total=r=4802/w=0/d=0, short=r=0/w=0/d=0
seqwrite: (groupid=0, jobs=1): err= 0: pid=29782: Fri May 27 17:55:50 2016
  write: io=4802.0MB, bw=81950KB/s, iops=80, runt= 60003msec
    slat (usec): min=72, max=1222, avg=321.23, stdev=103.84
    clat (usec): min=432, max=372130, avg=4505.45, stdev=20605.53
     lat (usec): min=808, max=372466, avg=4827.19, stdev=20610.61
    clat percentiles (usec):
     |  1.00th=[  660],  5.00th=[  708], 10.00th=[  724], 20.00th=[  756],
     | 30.00th=[  780], 40.00th=[  804], 50.00th=[  828], 60.00th=[  844],
     | 70.00th=[  876], 80.00th=[  948], 90.00th=[ 4576], 95.00th=[16192],
     | 99.00th=[73216], 99.50th=[99840], 99.90th=[358400], 99.95th=[366592],
     | 99.99th=[370688]
    bw (KB  /s): min=64488, max=108516, per=100.00%, avg=82000.77, stdev=3229.70
    lat (usec) : 500=0.10%, 750=18.22%, 1000=63.64%
    lat (msec) : 2=3.48%, 4=3.56%, 10=4.44%, 20=2.39%, 50=1.56%
    lat (msec) : 100=2.08%, 250=0.31%, 500=0.21%
  cpu          : usr=0.42%, sys=2.44%, ctx=9003, majf=0, minf=11
  IO depths    : 1=88.3%, 2=2.1%, 4=4.2%, 8=5.4%, 16=0.0%, 32=0.0%, >=64=0.0%
     submit    : 0=0.0%, 4=100.0%, 8=0.0%, 16=0.0%, 32=0.0%, 64=0.0%, >=64=0.0%
     complete  : 0=0.0%, 4=100.0%, 8=0.0%, 16=0.0%, 32=0.0%, 64=0.0%, >=64=0.0%
     issued    : total=r=0/w=4802/d=0, short=r=0/w=0/d=0

Run status group 0 (all jobs):
   READ: io=10908MB, aggrb=186151KB/s, minb=81951KB/s, maxb=104202KB/s, mint=60001msec, maxt=60002msec
  WRITE: io=4802.0MB, aggrb=81950KB/s, minb=81950KB/s, maxb=81950KB/s, mint=60003msec, maxt=60003msec

Disk stats (read/write):
  nvme0n1: ios=2992207/43206, merge=0/0, ticks=577132/173404, in_queue=750456, util=96.78%
