randread-512k-1m: (g=0): rw=randread, bs=512K-1M/512K-1M/512K-1M, ioengine=libaio, iodepth=10
seqread: (g=0): rw=read, bs=1M-1M/1M-1M/1M-1M, ioengine=libaio, iodepth=10
seqwrite: (g=0): rw=write, bs=1M-1M/1M-1M/1M-1M, ioengine=libaio, iodepth=10
fio-2.1.3
Starting 3 processes

randread-512k-1m: (groupid=0, jobs=1): err= 0: pid=30685: Fri May 27 17:59:52 2016
  read : io=92958MB, bw=1549.3MB/s, iops=2297, runt= 60004msec
    slat (usec): min=26, max=5068, avg=204.02, stdev=111.25
    clat (msec): min=1, max=101, avg= 4.14, stdev= 3.57
     lat (msec): min=1, max=101, avg= 4.35, stdev= 3.58
    clat percentiles (usec):
     |  1.00th=[ 2416],  5.00th=[ 2736], 10.00th=[ 2896], 20.00th=[ 3152],
     | 30.00th=[ 3344], 40.00th=[ 3536], 50.00th=[ 3728], 60.00th=[ 3920],
     | 70.00th=[ 4192], 80.00th=[ 4512], 90.00th=[ 5024], 95.00th=[ 5536],
     | 99.00th=[13376], 99.50th=[18816], 99.90th=[74240], 99.95th=[76288],
     | 99.99th=[87552]
    bw (MB  /s): min=  225, max= 1830, per=95.27%, avg=1552.14, stdev=304.08
    lat (msec) : 2=0.10%, 4=62.76%, 10=35.71%, 20=0.99%, 50=0.27%
    lat (msec) : 100=0.18%, 250=0.01%
  cpu          : usr=0.87%, sys=46.86%, ctx=104941, majf=0, minf=525
  IO depths    : 1=0.1%, 2=0.1%, 4=0.1%, 8=99.9%, 16=0.0%, 32=0.0%, >=64=0.0%
     submit    : 0=0.0%, 4=100.0%, 8=0.0%, 16=0.0%, 32=0.0%, 64=0.0%, >=64=0.0%
     complete  : 0=0.0%, 4=100.0%, 8=0.0%, 16=0.1%, 32=0.0%, 64=0.0%, >=64=0.0%
     issued    : total=r=137884/w=0/d=0, short=r=0/w=0/d=0
seqread: (groupid=0, jobs=1): err= 0: pid=30686: Fri May 27 17:59:52 2016
  read : io=4802.0MB, bw=81946KB/s, iops=80, runt= 60006msec
    slat (usec): min=77, max=15166, avg=333.42, stdev=260.96
    clat (usec): min=599, max=111417, avg=7474.15, stdev=10970.67
     lat (usec): min=931, max=112056, avg=7807.96, stdev=10983.90
    clat percentiles (msec):
     |  1.00th=[    4],  5.00th=[    4], 10.00th=[    4], 20.00th=[    5],
     | 30.00th=[    5], 40.00th=[    5], 50.00th=[    5], 60.00th=[    5],
     | 70.00th=[    6], 80.00th=[    6], 90.00th=[   12], 95.00th=[   24],
     | 99.00th=[   72], 99.50th=[   80], 99.90th=[  103], 99.95th=[  104],
     | 99.99th=[  112]
    bw (KB  /s): min=70238, max=99162, per=4.92%, avg=82031.89, stdev=3355.83
    lat (usec) : 750=0.02%
    lat (msec) : 2=0.04%, 4=19.26%, 10=69.78%, 20=5.35%, 50=3.64%
    lat (msec) : 100=1.77%, 250=0.12%
  cpu          : usr=0.10%, sys=2.73%, ctx=9048, majf=0, minf=528
  IO depths    : 1=86.9%, 2=2.3%, 4=4.7%, 8=6.1%, 16=0.0%, 32=0.0%, >=64=0.0%
     submit    : 0=0.0%, 4=100.0%, 8=0.0%, 16=0.0%, 32=0.0%, 64=0.0%, >=64=0.0%
     complete  : 0=0.0%, 4=100.0%, 8=0.0%, 16=0.0%, 32=0.0%, 64=0.0%, >=64=0.0%
     issued    : total=r=4802/w=0/d=0, short=r=0/w=0/d=0
seqwrite: (groupid=0, jobs=1): err= 0: pid=30687: Fri May 27 17:59:52 2016
  write: io=4802.0MB, bw=81947KB/s, iops=80, runt= 60005msec
    slat (usec): min=84, max=5019, avg=378.24, stdev=166.41
    clat (usec): min=692, max=110207, avg=7364.10, stdev=11570.88
     lat (msec): min=1, max=110, avg= 7.74, stdev=11.57
    clat percentiles (msec):
     |  1.00th=[    4],  5.00th=[    4], 10.00th=[    4], 20.00th=[    4],
     | 30.00th=[    5], 40.00th=[    5], 50.00th=[    5], 60.00th=[    5],
     | 70.00th=[    5], 80.00th=[    6], 90.00th=[   12], 95.00th=[   19],
     | 99.00th=[   75], 99.50th=[   86], 99.90th=[  103], 99.95th=[  105],
     | 99.99th=[  111]
    bw (KB  /s): min=68266, max=96256, per=100.00%, avg=82050.32, stdev=3192.54
    lat (usec) : 750=0.02%
    lat (msec) : 2=0.02%, 4=25.34%, 10=63.45%, 20=6.71%, 50=1.98%
    lat (msec) : 100=2.33%, 250=0.15%
  cpu          : usr=0.57%, sys=2.71%, ctx=9089, majf=0, minf=11
  IO depths    : 1=87.2%, 2=2.3%, 4=4.7%, 8=5.8%, 16=0.0%, 32=0.0%, >=64=0.0%
     submit    : 0=0.0%, 4=100.0%, 8=0.0%, 16=0.0%, 32=0.0%, 64=0.0%, >=64=0.0%
     complete  : 0=0.0%, 4=100.0%, 8=0.0%, 16=0.0%, 32=0.0%, 64=0.0%, >=64=0.0%
     issued    : total=r=0/w=4802/d=0, short=r=0/w=0/d=0

Run status group 0 (all jobs):
   READ: io=97760MB, aggrb=1629.2MB/s, minb=81945KB/s, maxb=1549.3MB/s, mint=60004msec, maxt=60006msec
  WRITE: io=4802.0MB, aggrb=81947KB/s, minb=81947KB/s, maxb=81947KB/s, mint=60005msec, maxt=60005msec

Disk stats (read/write):
  nvme0n1: ios=923848/43200, merge=0/0, ticks=3878916/279768, in_queue=4160092, util=99.92%
