randread-32k-64k: (g=0): rw=randread, bs=32K-64K/32K-64K/32K-64K, ioengine=libaio, iodepth=10
seqread: (g=0): rw=read, bs=1M-1M/1M-1M/1M-1M, ioengine=libaio, iodepth=10
seqwrite: (g=0): rw=write, bs=1M-1M/1M-1M/1M-1M, ioengine=libaio, iodepth=10
fio-2.1.3
Starting 3 processes

randread-32k-64k: (groupid=0, jobs=1): err= 0: pid=948: Fri May 27 18:11:57 2016
  read : io=76839MB, bw=1280.7MB/s, iops=30392, runt= 60001msec
    slat (usec): min=3, max=3040, avg= 7.43, stdev=11.02
    clat (usec): min=15, max=271189, avg=320.42, stdev=830.05
     lat (usec): min=79, max=271202, avg=327.94, stdev=830.33
    clat percentiles (usec):
     |  1.00th=[  141],  5.00th=[  163], 10.00th=[  179], 20.00th=[  201],
     | 30.00th=[  219], 40.00th=[  237], 50.00th=[  258], 60.00th=[  282],
     | 70.00th=[  314], 80.00th=[  362], 90.00th=[  462], 95.00th=[  652],
     | 99.00th=[ 1416], 99.50th=[ 1608], 99.90th=[ 2352], 99.95th=[ 3120],
     | 99.99th=[10816]
    bw (MB  /s): min=   71, max= 1513, per=98.47%, avg=1280.68, stdev=299.68
    lat (usec) : 20=0.01%, 50=0.01%, 100=0.03%, 250=46.01%, 500=45.59%
    lat (usec) : 750=4.55%, 1000=1.77%
    lat (msec) : 2=1.89%, 4=0.12%, 10=0.01%, 20=0.02%, 50=0.01%
    lat (msec) : 100=0.01%, 500=0.01%
  cpu          : usr=5.89%, sys=28.82%, ctx=1157753, majf=0, minf=168
  IO depths    : 1=0.1%, 2=0.1%, 4=0.1%, 8=100.0%, 16=0.0%, 32=0.0%, >=64=0.0%
     submit    : 0=0.0%, 4=100.0%, 8=0.0%, 16=0.0%, 32=0.0%, 64=0.0%, >=64=0.0%
     complete  : 0=0.0%, 4=100.0%, 8=0.0%, 16=0.1%, 32=0.0%, 64=0.0%, >=64=0.0%
     issued    : total=r=1823578/w=0/d=0, short=r=0/w=0/d=0
seqread: (groupid=0, jobs=1): err= 0: pid=949: Fri May 27 18:11:57 2016
  read : io=1202.0MB, bw=20513KB/s, iops=20, runt= 60002msec
    slat (usec): min=88, max=702, avg=242.51, stdev=83.41
    clat (usec): min=371, max=224148, avg=1739.57, stdev=7583.20
     lat (usec): min=634, max=224430, avg=1982.73, stdev=7585.63
    clat percentiles (usec):
     |  1.00th=[  540],  5.00th=[  564], 10.00th=[  588], 20.00th=[  620],
     | 30.00th=[  652], 40.00th=[  676], 50.00th=[  700], 60.00th=[  748],
     | 70.00th=[  812], 80.00th=[ 1064], 90.00th=[ 2512], 95.00th=[ 3984],
     | 99.00th=[18816], 99.50th=[40192], 99.90th=[54528], 99.95th=[224256],
     | 99.99th=[224256]
    bw (KB  /s): min=19027, max=22629, per=1.54%, avg=20533.26, stdev=375.95
    lat (usec) : 500=0.25%, 750=60.32%, 1000=18.14%
    lat (msec) : 2=9.32%, 4=6.99%, 10=2.66%, 20=1.66%, 50=0.42%
    lat (msec) : 100=0.17%, 250=0.08%
  cpu          : usr=0.03%, sys=0.55%, ctx=2367, majf=0, minf=524
  IO depths    : 1=96.8%, 2=0.7%, 4=1.3%, 8=1.2%, 16=0.0%, 32=0.0%, >=64=0.0%
     submit    : 0=0.0%, 4=100.0%, 8=0.0%, 16=0.0%, 32=0.0%, 64=0.0%, >=64=0.0%
     complete  : 0=0.0%, 4=100.0%, 8=0.0%, 16=0.0%, 32=0.0%, 64=0.0%, >=64=0.0%
     issued    : total=r=1202/w=0/d=0, short=r=0/w=0/d=0
seqwrite: (groupid=0, jobs=1): err= 0: pid=950: Fri May 27 18:11:57 2016
  write: io=1202.0MB, bw=20513KB/s, iops=20, runt= 60003msec
    slat (usec): min=86, max=2973, avg=298.18, stdev=152.31
    clat (usec): min=661, max=221640, avg=2681.54, stdev=9993.98
     lat (usec): min=833, max=222011, avg=2980.48, stdev=10017.87
    clat percentiles (usec):
     |  1.00th=[  860],  5.00th=[  932], 10.00th=[  996], 20.00th=[ 1080],
     | 30.00th=[ 1128], 40.00th=[ 1176], 50.00th=[ 1240], 60.00th=[ 1304],
     | 70.00th=[ 1352], 80.00th=[ 1448], 90.00th=[ 1688], 95.00th=[ 2928],
     | 99.00th=[38144], 99.50th=[46848], 99.90th=[110080], 99.95th=[222208],
     | 99.99th=[222208]
    bw (KB  /s): min=13653, max=29312, per=100.00%, avg=20557.35, stdev=1118.16
    lat (usec) : 750=0.33%, 1000=10.23%
    lat (msec) : 2=81.78%, 4=3.24%, 10=0.50%, 20=1.41%, 50=2.08%
    lat (msec) : 250=0.42%
  cpu          : usr=0.17%, sys=0.53%, ctx=2418, majf=0, minf=9
  IO depths    : 1=98.3%, 2=0.3%, 4=0.7%, 8=0.7%, 16=0.0%, 32=0.0%, >=64=0.0%
     submit    : 0=0.0%, 4=100.0%, 8=0.0%, 16=0.0%, 32=0.0%, 64=0.0%, >=64=0.0%
     complete  : 0=0.0%, 4=100.0%, 8=0.0%, 16=0.0%, 32=0.0%, 64=0.0%, >=64=0.0%
     issued    : total=r=0/w=1202/d=0, short=r=0/w=0/d=0

Run status group 0 (all jobs):
   READ: io=78041MB, aggrb=1300.7MB/s, minb=20513KB/s, maxb=1280.7MB/s, mint=60001msec, maxt=60002msec
  WRITE: io=1202.0MB, aggrb=20513KB/s, minb=20513KB/s, maxb=20513KB/s, mint=60003msec, maxt=60003msec

Disk stats (read/write):
  nvme0n1: ios=1832662/10836, merge=0/0, ticks=584588/22148, in_queue=606796, util=99.91%
