randread-8k-16k: (g=0): rw=randread, bs=8K-16K/8K-16K/8K-16K, ioengine=libaio, iodepth=10
seqread: (g=0): rw=read, bs=1M-1M/1M-1M/1M-1M, ioengine=libaio, iodepth=10
seqwrite: (g=0): rw=write, bs=1M-1M/1M-1M/1M-1M, ioengine=libaio, iodepth=10
fio-2.1.3
Starting 3 processes

randread-8k-16k: (groupid=0, jobs=1): err= 0: pid=480: Fri May 27 18:09:56 2016
  read : io=28322MB, bw=483350KB/s, iops=44622, runt= 60001msec
    slat (usec): min=1, max=73606, avg= 6.87, stdev=60.95
    clat (usec): min=7, max=319304, avg=215.72, stdev=1199.74
     lat (usec): min=31, max=319311, avg=222.72, stdev=1207.56
    clat percentiles (usec):
     |  1.00th=[   95],  5.00th=[  104], 10.00th=[  110], 20.00th=[  119],
     | 30.00th=[  126], 40.00th=[  135], 50.00th=[  143], 60.00th=[  155],
     | 70.00th=[  171], 80.00th=[  207], 90.00th=[  342], 95.00th=[  478],
     | 99.00th=[ 1048], 99.50th=[ 1368], 99.90th=[ 2544], 99.95th=[10048],
     | 99.99th=[59136]
    bw (KB  /s): min=  702, max=627792, per=80.14%, avg=485851.98, stdev=142082.43
    lat (usec) : 10=0.01%, 20=0.01%, 50=0.01%, 100=2.32%, 250=82.46%
    lat (usec) : 500=10.48%, 750=2.84%, 1000=0.78%
    lat (msec) : 2=0.95%, 4=0.07%, 10=0.02%, 20=0.03%, 50=0.01%
    lat (msec) : 100=0.01%, 250=0.01%, 500=0.01%
  cpu          : usr=10.10%, sys=38.93%, ctx=972466, majf=0, minf=48
  IO depths    : 1=0.1%, 2=0.1%, 4=0.1%, 8=100.0%, 16=0.0%, 32=0.0%, >=64=0.0%
     submit    : 0=0.0%, 4=100.0%, 8=0.0%, 16=0.0%, 32=0.0%, 64=0.0%, >=64=0.0%
     complete  : 0=0.0%, 4=100.0%, 8=0.0%, 16=0.1%, 32=0.0%, 64=0.0%, >=64=0.0%
     issued    : total=r=2677365/w=0/d=0, short=r=0/w=0/d=0
seqread: (groupid=0, jobs=1): err= 0: pid=481: Fri May 27 18:09:56 2016
  read : io=7204.0MB, bw=122936KB/s, iops=120, runt= 60006msec
    slat (usec): min=49, max=101481, avg=292.90, stdev=1480.84
    clat (usec): min=146, max=465701, avg=5968.03, stdev=21845.62
     lat (usec): min=663, max=466094, avg=6261.45, stdev=21956.84
    clat percentiles (usec):
     |  1.00th=[  580],  5.00th=[  612], 10.00th=[  628], 20.00th=[  652],
     | 30.00th=[  676], 40.00th=[  700], 50.00th=[  732], 60.00th=[  788],
     | 70.00th=[  980], 80.00th=[ 1496], 90.00th=[ 6624], 95.00th=[46848],
     | 99.00th=[87552], 99.50th=[121344], 99.90th=[329728], 99.95th=[333824],
     | 99.99th=[464896]
    bw (KB  /s): min=48551, max=190229, per=20.34%, avg=123320.09, stdev=12703.05
    lat (usec) : 250=0.03%, 500=0.15%, 750=53.96%, 1000=16.56%
    lat (msec) : 2=12.62%, 4=5.37%, 10=2.26%, 20=2.60%, 50=2.23%
    lat (msec) : 100=3.33%, 250=0.75%, 500=0.14%
  cpu          : usr=0.21%, sys=3.43%, ctx=13433, majf=0, minf=524
  IO depths    : 1=86.1%, 2=1.7%, 4=3.3%, 8=8.9%, 16=0.0%, 32=0.0%, >=64=0.0%
     submit    : 0=0.0%, 4=100.0%, 8=0.0%, 16=0.0%, 32=0.0%, 64=0.0%, >=64=0.0%
     complete  : 0=0.0%, 4=100.0%, 8=0.0%, 16=0.0%, 32=0.0%, 64=0.0%, >=64=0.0%
     issued    : total=r=7204/w=0/d=0, short=r=0/w=0/d=0
seqwrite: (groupid=0, jobs=1): err= 0: pid=482: Fri May 27 18:09:56 2016
  write: io=7203.0MB, bw=122937KB/s, iops=120, runt= 59997msec
    slat (usec): min=79, max=76946, avg=363.01, stdev=1381.57
    clat (usec): min=326, max=469484, avg=6683.64, stdev=22560.69
     lat (usec): min=826, max=469593, avg=7047.39, stdev=22705.27
    clat percentiles (usec):
     |  1.00th=[  708],  5.00th=[  764], 10.00th=[  788], 20.00th=[  828],
     | 30.00th=[  860], 40.00th=[  884], 50.00th=[  908], 60.00th=[  932],
     | 70.00th=[  972], 80.00th=[ 1320], 90.00th=[ 9024], 95.00th=[50944],
     | 99.00th=[100864], 99.50th=[132096], 99.90th=[329728], 99.95th=[329728],
     | 99.99th=[468992]
    bw (KB  /s): min=77668, max=177113, per=100.00%, avg=123083.21, stdev=10366.24
    lat (usec) : 500=0.07%, 750=3.86%, 1000=70.12%
    lat (msec) : 2=8.09%, 4=3.75%, 10=4.43%, 20=2.94%, 50=1.44%
    lat (msec) : 100=4.23%, 250=0.92%, 500=0.14%
  cpu          : usr=0.73%, sys=3.74%, ctx=13628, majf=0, minf=10
  IO depths    : 1=86.0%, 2=1.5%, 4=3.1%, 8=9.4%, 16=0.0%, 32=0.0%, >=64=0.0%
     submit    : 0=0.0%, 4=100.0%, 8=0.0%, 16=0.0%, 32=0.0%, 64=0.0%, >=64=0.0%
     complete  : 0=0.0%, 4=100.0%, 8=0.0%, 16=0.0%, 32=0.0%, 64=0.0%, >=64=0.0%
     issued    : total=r=0/w=7203/d=0, short=r=0/w=0/d=0

Run status group 0 (all jobs):
   READ: io=35526MB, aggrb=606245KB/s, minb=122935KB/s, maxb=483350KB/s, mint=60001msec, maxt=60006msec
  WRITE: io=7203.0MB, aggrb=122937KB/s, minb=122937KB/s, maxb=122937KB/s, mint=59997msec, maxt=59997msec

Disk stats (read/write):
  nvme0n1: ios=2739675/64806, merge=0/0, ticks=883808/390772, in_queue=1274968, util=99.98%
