randread-8k-16k: (g=0): rw=randread, bs=8K-16K/8K-16K/8K-16K, ioengine=libaio, iodepth=10
seqread: (g=0): rw=read, bs=1M-1M/1M-1M/1M-1M, ioengine=libaio, iodepth=10
seqwrite: (g=0): rw=write, bs=1M-1M/1M-1M/1M-1M, ioengine=libaio, iodepth=10
fio-2.1.3
Starting 3 processes

randread-8k-16k: (groupid=0, jobs=1): err= 0: pid=26204: Fri May 27 17:39:43 2016
  read : io=544728KB, bw=9077.1KB/s, iops=767, runt= 60006msec
    slat (usec): min=2, max=74373, avg=81.51, stdev=517.22
    clat (msec): min=3, max=318, avg=12.93, stdev=11.38
     lat (msec): min=4, max=319, avg=13.02, stdev=11.42
    clat percentiles (msec):
     |  1.00th=[    9],  5.00th=[   10], 10.00th=[   10], 20.00th=[   10],
     | 30.00th=[   11], 40.00th=[   11], 50.00th=[   11], 60.00th=[   12],
     | 70.00th=[   12], 80.00th=[   13], 90.00th=[   15], 95.00th=[   20],
     | 99.00th=[   72], 99.50th=[   93], 99.90th=[  135], 99.95th=[  149],
     | 99.99th=[  318]
    bw (KB  /s): min=  844, max=11337, per=1.41%, avg=9175.65, stdev=2405.26
    lat (msec) : 4=0.01%, 10=21.36%, 20=73.75%, 50=3.68%, 100=0.84%
    lat (msec) : 250=0.32%, 500=0.04%
  cpu          : usr=0.59%, sys=6.35%, ctx=36080, majf=0, minf=48
  IO depths    : 1=0.1%, 2=0.1%, 4=0.1%, 8=100.0%, 16=0.0%, 32=0.0%, >=64=0.0%
     submit    : 0=0.0%, 4=100.0%, 8=0.0%, 16=0.0%, 32=0.0%, 64=0.0%, >=64=0.0%
     complete  : 0=0.0%, 4=100.0%, 8=0.0%, 16=0.1%, 32=0.0%, 64=0.0%, >=64=0.0%
     issued    : total=r=46073/w=0/d=0, short=r=0/w=0/d=0
seqread: (groupid=0, jobs=1): err= 0: pid=26205: Fri May 27 17:39:43 2016
  read : io=37681MB, bw=642950KB/s, iops=627, runt= 60013msec
    slat (usec): min=67, max=76691, avg=308.43, stdev=572.05
    clat (msec): min=4, max=465, avg=15.61, stdev=13.36
     lat (msec): min=5, max=465, avg=15.91, stdev=13.39
    clat percentiles (msec):
     |  1.00th=[   11],  5.00th=[   12], 10.00th=[   12], 20.00th=[   13],
     | 30.00th=[   13], 40.00th=[   13], 50.00th=[   14], 60.00th=[   14],
     | 70.00th=[   15], 80.00th=[   16], 90.00th=[   17], 95.00th=[   28],
     | 99.00th=[   81], 99.50th=[  108], 99.90th=[  151], 99.95th=[  314],
     | 99.99th=[  441]
    bw (KB  /s): min=34260, max=785338, per=98.41%, avg=641661.30, stdev=180130.97
    lat (msec) : 10=0.40%, 20=93.44%, 50=4.61%, 100=0.89%, 250=0.61%
    lat (msec) : 500=0.05%
  cpu          : usr=0.43%, sys=19.18%, ctx=34447, majf=0, minf=525
  IO depths    : 1=0.1%, 2=0.1%, 4=0.1%, 8=99.9%, 16=0.0%, 32=0.0%, >=64=0.0%
     submit    : 0=0.0%, 4=100.0%, 8=0.0%, 16=0.0%, 32=0.0%, 64=0.0%, >=64=0.0%
     complete  : 0=0.0%, 4=100.0%, 8=0.0%, 16=0.1%, 32=0.0%, 64=0.0%, >=64=0.0%
     issued    : total=r=37681/w=0/d=0, short=r=0/w=0/d=0
seqwrite: (groupid=0, jobs=1): err= 0: pid=26206: Fri May 27 17:39:43 2016
  write: io=37172MB, bw=634328KB/s, iops=619, runt= 60007msec
    slat (usec): min=71, max=77083, avg=360.04, stdev=590.97
    clat (msec): min=4, max=463, avg=15.77, stdev=13.63
     lat (msec): min=5, max=463, avg=16.13, stdev=13.69
    clat percentiles (msec):
     |  1.00th=[   12],  5.00th=[   12], 10.00th=[   13], 20.00th=[   13],
     | 30.00th=[   13], 40.00th=[   14], 50.00th=[   14], 60.00th=[   14],
     | 70.00th=[   15], 80.00th=[   15], 90.00th=[   17], 95.00th=[   28],
     | 99.00th=[   82], 99.50th=[  108], 99.90th=[  155], 99.95th=[  318],
     | 99.99th=[  445]
    bw (KB  /s): min=48226, max=757760, per=100.00%, avg=636386.57, stdev=174719.87
    lat (msec) : 10=0.17%, 20=93.53%, 50=4.57%, 100=1.08%, 250=0.59%
    lat (msec) : 500=0.05%
  cpu          : usr=3.89%, sys=18.44%, ctx=35981, majf=0, minf=10
  IO depths    : 1=0.1%, 2=0.1%, 4=0.1%, 8=99.8%, 16=0.0%, 32=0.0%, >=64=0.0%
     submit    : 0=0.0%, 4=100.0%, 8=0.0%, 16=0.0%, 32=0.0%, 64=0.0%, >=64=0.0%
     complete  : 0=0.0%, 4=100.0%, 8=0.0%, 16=0.1%, 32=0.0%, 64=0.0%, >=64=0.0%
     issued    : total=r=0/w=37172/d=0, short=r=0/w=0/d=0

Run status group 0 (all jobs):
   READ: io=38213MB, aggrb=652026KB/s, minb=9077KB/s, maxb=642949KB/s, mint=60006msec, maxt=60013msec
  WRITE: io=37172MB, aggrb=634328KB/s, minb=634328KB/s, maxb=634328KB/s, mint=60007msec, maxt=60007msec

Disk stats (read/write):
  nvme0n1: ios=384813/334202, merge=0/0, ticks=5619020/4985416, in_queue=10626092, util=100.00%
