randread-512: (g=0): rw=randread, bs=512-512/512-512/512-512, ioengine=libaio, iodepth=10
fio-2.1.3
Starting 1 process
randread-512: Laying out IO file(s) (1 file(s) / 5120MB)

randread-512: (groupid=0, jobs=1): err= 0: pid=24641: Fri May 27 17:32:40 2016
  read : io=2040.6MB, bw=34824KB/s, iops=69647, runt= 60001msec
    slat (usec): min=1, max=3748, avg= 5.27, stdev= 7.34
    clat (usec): min=12, max=69567, avg=136.67, stdev=120.48
     lat (usec): min=38, max=69594, avg=142.07, stdev=120.66
    clat percentiles (usec):
     |  1.00th=[   75],  5.00th=[   83], 10.00th=[   89], 20.00th=[  105],
     | 30.00th=[  117], 40.00th=[  126], 50.00th=[  135], 60.00th=[  141],
     | 70.00th=[  149], 80.00th=[  159], 90.00th=[  175], 95.00th=[  195],
     | 99.00th=[  306], 99.50th=[  378], 99.90th=[  596], 99.95th=[  924],
     | 99.99th=[ 1464]
    bw (KB  /s): min=13082, max=52125, per=100.00%, avg=34824.60, stdev=5581.59
    lat (usec) : 20=0.01%, 50=0.02%, 100=16.71%, 250=81.99%, 500=1.13%
    lat (usec) : 750=0.09%, 1000=0.02%
    lat (msec) : 2=0.04%, 4=0.01%, 20=0.01%, 100=0.01%
  cpu          : usr=19.68%, sys=50.09%, ctx=628228, majf=0, minf=9
  IO depths    : 1=0.1%, 2=0.1%, 4=0.1%, 8=100.0%, 16=0.0%, 32=0.0%, >=64=0.0%
     submit    : 0=0.0%, 4=100.0%, 8=0.0%, 16=0.0%, 32=0.0%, 64=0.0%, >=64=0.0%
     complete  : 0=0.0%, 4=100.0%, 8=0.0%, 16=0.1%, 32=0.0%, 64=0.0%, >=64=0.0%
     issued    : total=r=4178924/w=0/d=0, short=r=0/w=0/d=0

Run status group 0 (all jobs):
   READ: io=2040.6MB, aggrb=34823KB/s, minb=34823KB/s, maxb=34823KB/s, mint=60001msec, maxt=60001msec

Disk stats (read/write):
  nvme0n1: ios=4171599/53, merge=0/0, ticks=373140/80, in_queue=372592, util=94.98%
