randread-1k: (g=0): rw=randread, bs=1K-4K/1K-4K/1K-4K, ioengine=libaio, iodepth=10
seqread: (g=0): rw=read, bs=1M-1M/1M-1M/1M-1M, ioengine=libaio, iodepth=10
seqwrite: (g=0): rw=write, bs=1M-1M/1M-1M/1M-1M, ioengine=libaio, iodepth=10
fio-2.1.4
Starting 3 processes

randread-1k: (groupid=0, jobs=1): err= 0: pid=30929: Sun Mar 16 02:26:26 2014
  read : io=2052.2MB, bw=35020KB/s, iops=16921, runt= 60001msec
    slat (usec): min=3, max=118310, avg=56.94, stdev=1150.97
    clat (usec): min=3, max=265932, avg=531.51, stdev=5717.49
     lat (usec): min=6, max=267110, avg=588.57, stdev=6267.47
    clat percentiles (usec):
     |  1.00th=[   49],  5.00th=[   51], 10.00th=[   51], 20.00th=[   52],
     | 30.00th=[   52], 40.00th=[   53], 50.00th=[   53], 60.00th=[   54],
     | 70.00th=[   55], 80.00th=[   56], 90.00th=[   65], 95.00th=[   85],
     | 99.00th=[11840], 99.50th=[28032], 99.90th=[94720], 99.95th=[136192],
     | 99.99th=[181248]
    bw (KB  /s): min=  129, max=378024, per=47.53%, avg=33254.53, stdev=96447.28
    lat (usec) : 4=0.01%, 10=0.01%, 20=0.01%, 50=1.38%, 100=95.31%
    lat (usec) : 250=0.94%, 500=0.21%, 750=0.18%, 1000=0.06%
    lat (msec) : 2=0.06%, 4=0.18%, 10=0.60%, 20=0.44%, 50=0.45%
    lat (msec) : 100=0.12%, 250=0.08%, 500=0.01%
  cpu          : usr=2.53%, sys=8.43%, ctx=24049, majf=0, minf=36
  IO depths    : 1=0.1%, 2=0.1%, 4=0.1%, 8=100.0%, 16=0.0%, 32=0.0%, >=64=0.0%
     submit    : 0=0.0%, 4=100.0%, 8=0.0%, 16=0.0%, 32=0.0%, 64=0.0%, >=64=0.0%
     complete  : 0=0.0%, 4=100.0%, 8=0.0%, 16=0.1%, 32=0.0%, 64=0.0%, >=64=0.0%
     issued    : total=r=1015315/w=0/d=0, short=r=0/w=0/d=0
seqread: (groupid=0, jobs=1): err= 0: pid=30930: Sun Mar 16 02:26:26 2014
  read : io=2049.0MB, bw=34956KB/s, iops=34, runt= 60024msec
    slat (usec): min=259, max=18171, avg=13376.30, stdev=4617.40
    clat (usec): min=2, max=150508, avg=119752.17, stdev=41369.57
     lat (usec): min=365, max=166488, avg=133131.22, stdev=45719.67
    clat percentiles (usec):
     |  1.00th=[    3],  5.00th=[29824], 10.00th=[66048], 20.00th=[71168],
     | 30.00th=[138240], 40.00th=[142336], 50.00th=[144384], 60.00th=[144384],
     | 70.00th=[146432], 80.00th=[146432], 90.00th=[146432], 95.00th=[146432],
     | 99.00th=[148480], 99.50th=[148480], 99.90th=[150528], 99.95th=[150528],
     | 99.99th=[150528]
    bw (KB  /s): min=   63, max=174080, per=100.00%, avg=72724.68, stdev=29928.07
    lat (usec) : 4=1.22%, 10=0.10%, 20=0.05%
    lat (msec) : 4=2.83%, 10=0.15%, 20=0.24%, 50=0.59%, 100=23.72%
    lat (msec) : 250=71.11%
  cpu          : usr=0.03%, sys=10.03%, ctx=282843, majf=0, minf=2589
  IO depths    : 1=1.4%, 2=0.3%, 4=0.6%, 8=97.8%, 16=0.0%, 32=0.0%, >=64=0.0%
     submit    : 0=0.0%, 4=100.0%, 8=0.0%, 16=0.0%, 32=0.0%, 64=0.0%, >=64=0.0%
     complete  : 0=0.0%, 4=99.9%, 8=0.0%, 16=0.1%, 32=0.0%, 64=0.0%, >=64=0.0%
     issued    : total=r=2049/w=0/d=0, short=r=0/w=0/d=0
seqwrite: (groupid=0, jobs=1): err= 0: pid=30931: Sun Mar 16 02:26:26 2014
  write: io=2131.0MB, bw=36375KB/s, iops=35, runt= 59990msec
    slat (usec): min=560, max=41172, avg=12927.41, stdev=5110.78
    clat (usec): min=2, max=150082, avg=115711.58, stdev=45208.85
     lat (usec): min=565, max=166164, avg=128641.88, stdev=50026.26
    clat percentiles (usec):
     |  1.00th=[    3],  5.00th=[12352], 10.00th=[62720], 20.00th=[70144],
     | 30.00th=[77312], 40.00th=[142336], 50.00th=[144384], 60.00th=[144384],
     | 70.00th=[144384], 80.00th=[146432], 90.00th=[146432], 95.00th=[146432],
     | 99.00th=[148480], 99.50th=[148480], 99.90th=[150528], 99.95th=[150528],
     | 99.99th=[150528]
    bw (KB  /s): min=   63, max=164966, per=100.00%, avg=72614.09, stdev=29436.84
    lat (usec) : 4=1.27%, 10=0.09%, 20=0.09%
    lat (msec) : 2=0.05%, 4=0.09%, 10=1.08%, 20=5.91%, 50=0.28%
    lat (msec) : 100=22.81%, 250=68.32%
  cpu          : usr=1.06%, sys=5.60%, ctx=242287, majf=0, minf=27
  IO depths    : 1=1.5%, 2=0.4%, 4=0.8%, 8=97.4%, 16=0.0%, 32=0.0%, >=64=0.0%
     submit    : 0=0.0%, 4=100.0%, 8=0.0%, 16=0.0%, 32=0.0%, 64=0.0%, >=64=0.0%
     complete  : 0=0.0%, 4=99.9%, 8=0.0%, 16=0.1%, 32=0.0%, 64=0.0%, >=64=0.0%
     issued    : total=r=0/w=2131/d=0, short=r=0/w=0/d=0

Run status group 0 (all jobs):
   READ: io=4101.2MB, aggrb=69962KB/s, minb=34955KB/s, maxb=35020KB/s, mint=60001msec, maxt=60024msec
  WRITE: io=2131.0MB, aggrb=36375KB/s, minb=36375KB/s, maxb=36375KB/s, mint=59990msec, maxt=59990msec

Disk stats (read/write):
  xvdh: ios=55687/47746, merge=0/476563, ticks=324938/4557868, in_queue=4882722, util=99.33%
