randread-1k: (g=0): rw=randread, bs=1K-4K/1K-4K/1K-4K, ioengine=libaio, iodepth=10
seqread: (g=0): rw=read, bs=1M-1M/1M-1M/1M-1M, ioengine=libaio, iodepth=10
seqwrite: (g=0): rw=write, bs=1M-1M/1M-1M/1M-1M, ioengine=libaio, iodepth=10
fio-2.1.4
Starting 3 processes

randread-1k: (groupid=0, jobs=1): err= 0: pid=30891: Sun Mar 16 02:22:15 2014
  read : io=1073.8MB, bw=18325KB/s, iops=8789, runt= 60001msec
    slat (usec): min=3, max=83473, avg=108.99, stdev=851.20
    clat (usec): min=4, max=561696, avg=1007.30, stdev=4844.94
     lat (usec): min=8, max=627912, avg=1116.52, stdev=5309.10
    clat percentiles (usec):
     |  1.00th=[   52],  5.00th=[   55], 10.00th=[   58], 20.00th=[  278],
     | 30.00th=[  302], 40.00th=[  506], 50.00th=[  580], 60.00th=[  836],
     | 70.00th=[ 1176], 80.00th=[ 1576], 90.00th=[ 2064], 95.00th=[ 2288],
     | 99.00th=[ 3088], 99.50th=[ 4832], 99.90th=[22400], 99.95th=[91648],
     | 99.99th=[201728]
    bw (KB  /s): min=    1, max=83538, per=63.36%, avg=18118.86, stdev=16402.85
    lat (usec) : 10=0.01%, 20=0.01%, 50=0.02%, 100=18.39%, 250=0.30%
    lat (usec) : 500=20.84%, 750=15.02%, 1000=9.79%
    lat (msec) : 2=24.18%, 4=10.80%, 10=0.46%, 20=0.11%, 50=0.02%
    lat (msec) : 100=0.03%, 250=0.04%, 500=0.01%, 750=0.01%
  cpu          : usr=1.83%, sys=9.97%, ctx=182524, majf=0, minf=36
  IO depths    : 1=0.1%, 2=0.1%, 4=0.1%, 8=100.0%, 16=0.0%, 32=0.0%, >=64=0.0%
     submit    : 0=0.0%, 4=100.0%, 8=0.0%, 16=0.0%, 32=0.0%, 64=0.0%, >=64=0.0%
     complete  : 0=0.0%, 4=100.0%, 8=0.0%, 16=0.1%, 32=0.0%, 64=0.0%, >=64=0.0%
     issued    : total=r=527406/w=0/d=0, short=r=0/w=0/d=0
seqread: (groupid=0, jobs=1): err= 0: pid=30892: Sun Mar 16 02:22:15 2014
  read : io=616448KB, bw=10273KB/s, iops=10, runt= 60006msec
    slat (usec): min=203, max=164864, avg=7935.48, stdev=21080.02
    clat (usec): min=2, max=493178, avg=10351.24, stdev=49816.10
     lat (usec): min=208, max=614659, avg=18289.44, stdev=59427.51
    clat percentiles (usec):
     |  1.00th=[    2],  5.00th=[    2], 10.00th=[    2], 20.00th=[    3],
     | 30.00th=[    3], 40.00th=[    3], 50.00th=[    3], 60.00th=[    3],
     | 70.00th=[    4], 80.00th=[    6], 90.00th=[ 1080], 95.00th=[71168],
     | 99.00th=[296960], 99.50th=[296960], 99.90th=[493568], 99.95th=[493568],
     | 99.99th=[493568]
    bw (KB  /s): min= 1001, max=20421, per=35.92%, avg=10272.18, stdev=1833.49
    lat (usec) : 4=65.78%, 10=17.94%, 20=3.49%, 50=0.17%, 500=0.66%
    lat (usec) : 750=0.83%, 1000=0.66%
    lat (msec) : 2=1.33%, 4=1.00%, 10=1.50%, 20=1.33%, 50=0.17%
    lat (msec) : 100=2.16%, 250=0.66%, 500=2.33%
  cpu          : usr=0.01%, sys=0.72%, ctx=6903, majf=0, minf=2587
  IO depths    : 1=87.4%, 2=2.3%, 4=4.7%, 8=5.6%, 16=0.0%, 32=0.0%, >=64=0.0%
     submit    : 0=0.0%, 4=100.0%, 8=0.0%, 16=0.0%, 32=0.0%, 64=0.0%, >=64=0.0%
     complete  : 0=0.0%, 4=100.0%, 8=0.0%, 16=0.0%, 32=0.0%, 64=0.0%, >=64=0.0%
     issued    : total=r=602/w=0/d=0, short=r=0/w=0/d=0
seqwrite: (groupid=0, jobs=1): err= 0: pid=30893: Sun Mar 16 02:22:15 2014
  write: io=616448KB, bw=10274KB/s, iops=10, runt= 60003msec
    slat (usec): min=576, max=166159, avg=6119.95, stdev=20668.31
    clat (usec): min=2, max=492998, avg=10362.13, stdev=48607.75
     lat (usec): min=585, max=610146, avg=16483.06, stdev=57442.57
    clat percentiles (usec):
     |  1.00th=[    2],  5.00th=[    2], 10.00th=[    3], 20.00th=[    3],
     | 30.00th=[    3], 40.00th=[    3], 50.00th=[    3], 60.00th=[    3],
     | 70.00th=[    4], 80.00th=[    4], 90.00th=[ 3568], 95.00th=[54528],
     | 99.00th=[301056], 99.50th=[301056], 99.90th=[493568], 99.95th=[493568],
     | 99.99th=[493568]
    bw (KB  /s): min= 1001, max=20392, per=99.69%, avg=10241.52, stdev=1823.20
    lat (usec) : 4=66.78%, 10=18.27%, 20=1.83%, 50=0.50%, 100=0.17%
    lat (usec) : 1000=0.50%
    lat (msec) : 2=0.66%, 4=1.50%, 10=2.66%, 20=1.00%, 50=0.66%
    lat (msec) : 100=2.82%, 250=0.50%, 500=2.16%
  cpu          : usr=0.23%, sys=0.61%, ctx=1735, majf=0, minf=27
  IO depths    : 1=87.5%, 2=2.3%, 4=4.7%, 8=5.5%, 16=0.0%, 32=0.0%, >=64=0.0%
     submit    : 0=0.0%, 4=100.0%, 8=0.0%, 16=0.0%, 32=0.0%, 64=0.0%, >=64=0.0%
     complete  : 0=0.0%, 4=100.0%, 8=0.0%, 16=0.0%, 32=0.0%, 64=0.0%, >=64=0.0%
     issued    : total=r=0/w=602/d=0, short=r=0/w=0/d=0

Run status group 0 (all jobs):
   READ: io=1675.8MB, aggrb=28596KB/s, minb=10273KB/s, maxb=18324KB/s, mint=60001msec, maxt=60006msec
  WRITE: io=616448KB, aggrb=10273KB/s, minb=10273KB/s, maxb=10273KB/s, mint=60003msec, maxt=60003msec

Disk stats (read/write):
  xvdh: ios=201172/13404, merge=1/132037, ticks=131857/1115196, in_queue=1247026, util=94.33%
