randread-1k: (g=0): rw=randread, bs=8K-16K/8K-16K/8K-16K, ioengine=libaio, iodepth=10
seqread: (g=0): rw=read, bs=1M-1M/1M-1M/1M-1M, ioengine=libaio, iodepth=10
seqwrite: (g=0): rw=write, bs=1M-1M/1M-1M/1M-1M, ioengine=libaio, iodepth=10
fio-2.1.4
Starting 3 processes

randread-1k: (groupid=0, jobs=1): err= 0: pid=30981: Sun Mar 16 02:31:44 2014
  read : io=2125.1MB, bw=36258KB/s, iops=3349, runt= 60040msec
    slat (usec): min=4, max=107382, avg=296.01, stdev=2636.66
    clat (usec): min=3, max=467577, avg=2684.11, stdev=11873.12
     lat (usec): min=8, max=511674, avg=2980.26, stdev=12955.28
    clat percentiles (usec):
     |  1.00th=[   63],  5.00th=[   66], 10.00th=[   67], 20.00th=[   69],
     | 30.00th=[   70], 40.00th=[   71], 50.00th=[   73], 60.00th=[   75],
     | 70.00th=[   81], 80.00th=[   91], 90.00th=[  386], 95.00th=[17536],
     | 99.00th=[49408], 99.50th=[84480], 99.90th=[126464], 99.95th=[138240],
     | 99.99th=[378880]
    bw (KB  /s): min=  241, max=1183696, per=41.13%, avg=27580.58, stdev=138036.17
    lat (usec) : 4=0.01%, 10=0.01%, 20=0.01%, 50=0.01%, 100=84.24%
    lat (usec) : 250=5.63%, 500=0.22%, 750=0.06%, 1000=0.03%
    lat (msec) : 2=0.04%, 4=1.02%, 10=2.42%, 20=1.60%, 50=3.73%
    lat (msec) : 100=0.86%, 250=0.11%, 500=0.01%
  cpu          : usr=0.58%, sys=2.74%, ctx=8045, majf=0, minf=67
  IO depths    : 1=0.1%, 2=0.1%, 4=0.1%, 8=100.0%, 16=0.0%, 32=0.0%, >=64=0.0%
     submit    : 0=0.0%, 4=100.0%, 8=0.0%, 16=0.0%, 32=0.0%, 64=0.0%, >=64=0.0%
     complete  : 0=0.0%, 4=100.0%, 8=0.0%, 16=0.1%, 32=0.0%, 64=0.0%, >=64=0.0%
     issued    : total=r=201105/w=0/d=0, short=r=0/w=0/d=0
seqread: (groupid=0, jobs=1): err= 0: pid=30982: Sun Mar 16 02:31:44 2014
  read : io=2049.0MB, bw=32908KB/s, iops=32, runt= 63758msec
    slat (msec): min=1, max=112, avg=15.72, stdev= 7.45
    clat (usec): min=2, max=908888, avg=139949.67, stdev=59324.09
     lat (msec): min=1, max=1011, avg=155.67, stdev=64.72
    clat percentiles (usec):
     |  1.00th=[    3],  5.00th=[73216], 10.00th=[132096], 20.00th=[138240],
     | 30.00th=[140288], 40.00th=[140288], 50.00th=[142336], 60.00th=[142336],
     | 70.00th=[144384], 80.00th=[144384], 90.00th=[146432], 95.00th=[146432],
     | 99.00th=[211968], 99.50th=[626688], 99.90th=[897024], 99.95th=[897024],
     | 99.99th=[905216]
    bw (KB  /s): min=   63, max=116683, per=93.07%, avg=62408.28, stdev=17269.28
    lat (usec) : 4=1.46%, 10=0.20%, 20=0.10%, 50=0.05%
    lat (msec) : 4=0.05%, 10=0.10%, 20=0.29%, 50=0.39%, 100=4.20%
    lat (msec) : 250=92.24%, 500=0.24%, 750=0.29%, 1000=0.39%
  cpu          : usr=0.01%, sys=7.08%, ctx=527536, majf=0, minf=2589
  IO depths    : 1=1.8%, 2=0.3%, 4=0.6%, 8=97.3%, 16=0.0%, 32=0.0%, >=64=0.0%
     submit    : 0=0.0%, 4=100.0%, 8=0.0%, 16=0.0%, 32=0.0%, 64=0.0%, >=64=0.0%
     complete  : 0=0.0%, 4=99.9%, 8=0.0%, 16=0.1%, 32=0.0%, 64=0.0%, >=64=0.0%
     issued    : total=r=2049/w=0/d=0, short=r=0/w=0/d=0
seqwrite: (groupid=0, jobs=1): err= 0: pid=30983: Sun Mar 16 02:31:44 2014
  write: io=2049.0MB, bw=32875KB/s, iops=32, runt= 63823msec
    slat (usec): min=547, max=113073, avg=15543.70, stdev=7399.60
    clat (usec): min=2, max=908825, avg=139295.08, stdev=59928.33
     lat (usec): min=551, max=1010.8K, avg=154841.76, stdev=65543.29
    clat percentiles (usec):
     |  1.00th=[    3],  5.00th=[72192], 10.00th=[132096], 20.00th=[138240],
     | 30.00th=[140288], 40.00th=[140288], 50.00th=[142336], 60.00th=[142336],
     | 70.00th=[144384], 80.00th=[144384], 90.00th=[146432], 95.00th=[146432],
     | 99.00th=[211968], 99.50th=[626688], 99.90th=[897024], 99.95th=[897024],
     | 99.99th=[905216]
    bw (KB  /s): min=   63, max=116454, per=100.00%, avg=62417.69, stdev=17253.08
    lat (usec) : 4=1.76%, 10=0.20%, 500=0.05%
    lat (msec) : 4=0.05%, 10=0.20%, 20=0.44%, 50=0.29%, 100=4.39%
    lat (msec) : 250=91.70%, 500=0.24%, 750=0.29%, 1000=0.39%
  cpu          : usr=0.63%, sys=8.63%, ctx=527854, majf=0, minf=28
  IO depths    : 1=2.0%, 2=0.3%, 4=0.6%, 8=97.1%, 16=0.0%, 32=0.0%, >=64=0.0%
     submit    : 0=0.0%, 4=100.0%, 8=0.0%, 16=0.0%, 32=0.0%, 64=0.0%, >=64=0.0%
     complete  : 0=0.0%, 4=99.9%, 8=0.0%, 16=0.1%, 32=0.0%, 64=0.0%, >=64=0.0%
     issued    : total=r=0/w=2049/d=0, short=r=0/w=0/d=0

Run status group 0 (all jobs):
   READ: io=4174.1MB, aggrb=67052KB/s, minb=32908KB/s, maxb=36258KB/s, mint=60040msec, maxt=63758msec
  WRITE: io=2049.0MB, aggrb=32874KB/s, minb=32874KB/s, maxb=32874KB/s, mint=63823msec, maxt=63823msec

Disk stats (read/write):
  xvdh: ios=58039/47734, merge=0/476564, ticks=389524/4536668, in_queue=4928222, util=99.38%
