randread-256k: (g=0): rw=randread, bs=256K-256K/256K-256K/256K-256K, ioengine=libaio, iodepth=10
fio-2.1.4
Starting 1 process

randread-256k: (groupid=0, jobs=1): err= 0: pid=31058: Sun Mar 16 02:40:52 2014
  read : io=3850.3MB, bw=65709KB/s, iops=256, runt= 60002msec
    slat (usec): min=714, max=8692, avg=3857.76, stdev=695.64
    clat (usec): min=5, max=39868, avg=34772.36, stdev=3708.72
     lat (msec): min=3, max=44, avg=38.63, stdev= 4.09
    clat percentiles (usec):
     |  1.00th=[ 8640],  5.00th=[34048], 10.00th=[34048], 20.00th=[35072],
     | 30.00th=[35072], 40.00th=[35072], 50.00th=[35072], 60.00th=[35072],
     | 70.00th=[35584], 80.00th=[36096], 90.00th=[36096], 95.00th=[36096],
     | 99.00th=[36608], 99.50th=[37120], 99.90th=[38144], 99.95th=[39168],
     | 99.99th=[39680]
    bw (KB  /s): min=60685, max=111393, per=99.90%, avg=65641.52, stdev=4292.03
    lat (usec) : 10=0.03%
    lat (msec) : 4=0.02%, 10=1.62%, 20=0.23%, 50=98.10%
  cpu          : usr=0.01%, sys=5.47%, ctx=51308, majf=0, minf=667
  IO depths    : 1=0.1%, 2=0.1%, 4=0.1%, 8=99.8%, 16=0.0%, 32=0.0%, >=64=0.0%
     submit    : 0=0.0%, 4=100.0%, 8=0.0%, 16=0.0%, 32=0.0%, 64=0.0%, >=64=0.0%
     complete  : 0=0.0%, 4=100.0%, 8=0.0%, 16=0.1%, 32=0.0%, 64=0.0%, >=64=0.0%
     issued    : total=r=15401/w=0/d=0, short=r=0/w=0/d=0

Run status group 0 (all jobs):
   READ: io=3850.3MB, aggrb=65708KB/s, minb=65708KB/s, maxb=65708KB/s, mint=60002msec, maxt=60002msec

Disk stats (read/write):
  xvdh: ios=92208/0, merge=0/0, ticks=240714/0, in_queue=240647, util=98.55%
