randread-1k-4k: (g=0): rw=randread, bs=1K-4K/1K-4K/1K-4K, ioengine=libaio, iodepth=10
seqread: (g=0): rw=read, bs=1M-1M/1M-1M/1M-1M, ioengine=libaio, iodepth=10
seqwrite: (g=0): rw=write, bs=1M-1M/1M-1M/1M-1M, ioengine=libaio, iodepth=10
fio-2.1.3
Starting 3 processes

randread-1k-4k: (groupid=0, jobs=1): err= 0: pid=29631: Fri May 27 17:55:52 2016
  read : io=8336.9MB, bw=142279KB/s, iops=66968, runt= 60001msec
    slat (usec): min=1, max=4596, avg= 4.82, stdev=13.79
    clat (usec): min=8, max=75553, avg=143.10, stdev=401.41
     lat (usec): min=22, max=75557, avg=148.02, stdev=402.06
    clat percentiles (usec):
     |  1.00th=[   76],  5.00th=[   82], 10.00th=[   87], 20.00th=[   93],
     | 30.00th=[   98], 40.00th=[  103], 50.00th=[  108], 60.00th=[  114],
     | 70.00th=[  121], 80.00th=[  135], 90.00th=[  187], 95.00th=[  330],
     | 99.00th=[  676], 99.50th=[  964], 99.90th=[ 1544], 99.95th=[ 2192],
     | 99.99th=[12352]
    bw (KB  /s): min=40602, max=177356, per=63.47%, avg=142313.60, stdev=29314.84
    lat (usec) : 10=0.01%, 20=0.01%, 50=0.12%, 100=32.75%, 250=59.31%
    lat (usec) : 500=5.56%, 750=1.52%, 1000=0.28%
    lat (msec) : 2=0.41%, 4=0.03%, 10=0.01%, 20=0.01%, 50=0.01%
    lat (msec) : 100=0.01%
  cpu          : usr=14.67%, sys=41.87%, ctx=1379307, majf=0, minf=19
  IO depths    : 1=0.1%, 2=0.1%, 4=0.1%, 8=100.0%, 16=0.0%, 32=0.0%, >=64=0.0%
     submit    : 0=0.0%, 4=100.0%, 8=0.0%, 16=0.0%, 32=0.0%, 64=0.0%, >=64=0.0%
     complete  : 0=0.0%, 4=100.0%, 8=0.0%, 16=0.1%, 32=0.0%, 64=0.0%, >=64=0.0%
     issued    : total=r=4018149/w=0/d=0, short=r=0/w=0/d=0
seqread: (groupid=0, jobs=1): err= 0: pid=29632: Fri May 27 17:55:52 2016
  read : io=4802.0MB, bw=81951KB/s, iops=80, runt= 60002msec
    slat (usec): min=72, max=963, avg=278.27, stdev=95.32
    clat (usec): min=205, max=67754, avg=1451.97, stdev=3834.36
     lat (usec): min=659, max=67910, avg=1730.65, stdev=3850.98
    clat percentiles (usec):
     |  1.00th=[  564],  5.00th=[  588], 10.00th=[  604], 20.00th=[  620],
     | 30.00th=[  636], 40.00th=[  652], 50.00th=[  660], 60.00th=[  676],
     | 70.00th=[  692], 80.00th=[  732], 90.00th=[ 1624], 95.00th=[ 4256],
     | 99.00th=[18560], 99.50th=[20608], 99.90th=[61696], 99.95th=[62208],
     | 99.99th=[68096]
    bw (KB  /s): min=66258, max=98107, per=36.58%, avg=82024.33, stdev=3390.20
    lat (usec) : 250=0.02%, 500=0.29%, 750=81.47%, 1000=4.85%
    lat (msec) : 2=4.62%, 4=3.56%, 10=2.02%, 20=2.52%, 50=0.46%
    lat (msec) : 100=0.19%
  cpu          : usr=0.17%, sys=2.29%, ctx=9374, majf=0, minf=525
  IO depths    : 1=93.5%, 2=1.2%, 4=2.5%, 8=2.7%, 16=0.0%, 32=0.0%, >=64=0.0%
     submit    : 0=0.0%, 4=100.0%, 8=0.0%, 16=0.0%, 32=0.0%, 64=0.0%, >=64=0.0%
     complete  : 0=0.0%, 4=100.0%, 8=0.0%, 16=0.0%, 32=0.0%, 64=0.0%, >=64=0.0%
     issued    : total=r=4802/w=0/d=0, short=r=0/w=0/d=0
seqwrite: (groupid=0, jobs=1): err= 0: pid=29633: Fri May 27 17:55:52 2016
  write: io=4802.0MB, bw=81950KB/s, iops=80, runt= 60003msec
    slat (usec): min=83, max=1049, avg=316.72, stdev=101.08
    clat (usec): min=265, max=73921, avg=1908.47, stdev=5556.15
     lat (usec): min=776, max=74161, avg=2225.70, stdev=5566.44
    clat percentiles (usec):
     |  1.00th=[  660],  5.00th=[  716], 10.00th=[  732], 20.00th=[  772],
     | 30.00th=[  796], 40.00th=[  820], 50.00th=[  836], 60.00th=[  860],
     | 70.00th=[  884], 80.00th=[  940], 90.00th=[ 2576], 95.00th=[ 6176],
     | 99.00th=[19328], 99.50th=[60160], 99.90th=[70144], 99.95th=[71168],
     | 99.99th=[74240]
    bw (KB  /s): min=66519, max=97717, per=100.00%, avg=82016.57, stdev=4055.10
    lat (usec) : 500=0.17%, 750=14.10%, 1000=69.60%
    lat (msec) : 2=5.10%, 4=3.33%, 10=4.77%, 20=1.98%, 50=0.40%
    lat (msec) : 100=0.56%
  cpu          : usr=0.57%, sys=2.20%, ctx=9314, majf=0, minf=9
  IO depths    : 1=91.3%, 2=1.7%, 4=3.5%, 8=3.5%, 16=0.0%, 32=0.0%, >=64=0.0%
     submit    : 0=0.0%, 4=100.0%, 8=0.0%, 16=0.0%, 32=0.0%, 64=0.0%, >=64=0.0%
     complete  : 0=0.0%, 4=100.0%, 8=0.0%, 16=0.0%, 32=0.0%, 64=0.0%, >=64=0.0%
     issued    : total=r=0/w=4802/d=0, short=r=0/w=0/d=0

Run status group 0 (all jobs):
   READ: io=13139MB, aggrb=224228KB/s, minb=81951KB/s, maxb=142279KB/s, mint=60001msec, maxt=60002msec
  WRITE: io=4802.0MB, aggrb=81950KB/s, minb=81950KB/s, maxb=81950KB/s, mint=60003msec, maxt=60003msec

Disk stats (read/write):
  nvme0n1: ios=4057743/43206, merge=0/0, ticks=573712/67120, in_queue=640652, util=99.89%
