randread-512k-1m: (g=0): rw=randread, bs=512K-1M/512K-1M/512K-1M, ioengine=libaio, iodepth=10
seqread: (g=0): rw=read, bs=1M-1M/1M-1M/1M-1M, ioengine=libaio, iodepth=10
seqwrite: (g=0): rw=write, bs=1M-1M/1M-1M/1M-1M, ioengine=libaio, iodepth=10
fio-2.1.3
Starting 3 processes

randread-512k-1m: (groupid=0, jobs=1): err= 0: pid=30530: Fri May 27 17:59:54 2016
  read : io=95455MB, bw=1590.9MB/s, iops=2358, runt= 60004msec
    slat (usec): min=28, max=9234, avg=167.32, stdev=104.28
    clat (usec): min=961, max=109485, avg=4067.98, stdev=2980.72
     lat (msec): min=1, max=109, avg= 4.24, stdev= 2.99
    clat percentiles (usec):
     |  1.00th=[ 2448],  5.00th=[ 2768], 10.00th=[ 2960], 20.00th=[ 3216],
     | 30.00th=[ 3408], 40.00th=[ 3600], 50.00th=[ 3760], 60.00th=[ 3952],
     | 70.00th=[ 4192], 80.00th=[ 4512], 90.00th=[ 4960], 95.00th=[ 5472],
     | 99.00th=[10816], 99.50th=[15296], 99.90th=[68096], 99.95th=[77312],
     | 99.99th=[84480]
    bw (MB  /s): min=  250, max= 1821, per=94.95%, avg=1583.95, stdev=244.96
    lat (usec) : 1000=0.01%
    lat (msec) : 2=0.08%, 4=61.90%, 10=36.88%, 20=0.88%, 50=0.13%
    lat (msec) : 100=0.12%, 250=0.01%
  cpu          : usr=0.69%, sys=39.12%, ctx=122193, majf=0, minf=525
  IO depths    : 1=0.1%, 2=0.1%, 4=0.1%, 8=99.9%, 16=0.0%, 32=0.0%, >=64=0.0%
     submit    : 0=0.0%, 4=100.0%, 8=0.0%, 16=0.0%, 32=0.0%, 64=0.0%, >=64=0.0%
     complete  : 0=0.0%, 4=100.0%, 8=0.0%, 16=0.1%, 32=0.0%, 64=0.0%, >=64=0.0%
     issued    : total=r=141506/w=0/d=0, short=r=0/w=0/d=0
seqread: (groupid=0, jobs=1): err= 0: pid=30531: Fri May 27 17:59:54 2016
  read : io=4810.0MB, bw=81945KB/s, iops=80, runt= 60107msec
    slat (usec): min=66, max=7412, avg=316.13, stdev=166.22
    clat (usec): min=617, max=103903, avg=6309.78, stdev=8786.68
     lat (usec): min=967, max=104086, avg=6626.43, stdev=8803.83
    clat percentiles (msec):
     |  1.00th=[    3],  5.00th=[    4], 10.00th=[    4], 20.00th=[    4],
     | 30.00th=[    5], 40.00th=[    5], 50.00th=[    5], 60.00th=[    5],
     | 70.00th=[    5], 80.00th=[    6], 90.00th=[    8], 95.00th=[   16],
     | 99.00th=[   71], 99.50th=[   74], 99.90th=[   95], 99.95th=[  101],
     | 99.99th=[  104]
    bw (KB  /s): min=66782, max=97523, per=4.80%, avg=82031.99, stdev=3551.22
    lat (usec) : 750=0.02%, 1000=0.02%
    lat (msec) : 2=0.10%, 4=26.13%, 10=65.97%, 20=4.57%, 50=1.89%
    lat (msec) : 100=1.23%, 250=0.06%
  cpu          : usr=0.09%, sys=2.61%, ctx=9301, majf=0, minf=528
  IO depths    : 1=89.2%, 2=2.0%, 4=3.9%, 8=4.9%, 16=0.0%, 32=0.0%, >=64=0.0%
     submit    : 0=0.0%, 4=100.0%, 8=0.0%, 16=0.0%, 32=0.0%, 64=0.0%, >=64=0.0%
     complete  : 0=0.0%, 4=100.0%, 8=0.0%, 16=0.0%, 32=0.0%, 64=0.0%, >=64=0.0%
     issued    : total=r=4810/w=0/d=0, short=r=0/w=0/d=0
seqwrite: (groupid=0, jobs=1): err= 0: pid=30532: Fri May 27 17:59:54 2016
  write: io=4809.0MB, bw=82072KB/s, iops=80, runt= 60001msec
    slat (usec): min=100, max=12136, avg=361.61, stdev=278.59
    clat (usec): min=742, max=113883, avg=6646.48, stdev=10039.53
     lat (msec): min=1, max=114, avg= 7.01, stdev=10.09
    clat percentiles (msec):
     |  1.00th=[    4],  5.00th=[    4], 10.00th=[    4], 20.00th=[    4],
     | 30.00th=[    5], 40.00th=[    5], 50.00th=[    5], 60.00th=[    5],
     | 70.00th=[    5], 80.00th=[    6], 90.00th=[   10], 95.00th=[   16],
     | 99.00th=[   72], 99.50th=[   83], 99.90th=[   98], 99.95th=[  105],
     | 99.99th=[  115]
    bw (KB  /s): min=68000, max=96000, per=99.95%, avg=82028.44, stdev=3303.26
    lat (usec) : 750=0.02%
    lat (msec) : 2=0.06%, 4=25.22%, 10=65.59%, 20=5.80%, 50=1.60%
    lat (msec) : 100=1.62%, 250=0.08%
  cpu          : usr=0.53%, sys=2.53%, ctx=9321, majf=0, minf=11
  IO depths    : 1=89.2%, 2=1.9%, 4=3.8%, 8=5.0%, 16=0.0%, 32=0.0%, >=64=0.0%
     submit    : 0=0.0%, 4=100.0%, 8=0.0%, 16=0.0%, 32=0.0%, 64=0.0%, >=64=0.0%
     complete  : 0=0.0%, 4=100.0%, 8=0.0%, 16=0.0%, 32=0.0%, 64=0.0%, >=64=0.0%
     issued    : total=r=0/w=4809/d=0, short=r=0/w=0/d=0

Run status group 0 (all jobs):
   READ: io=100265MB, aggrb=1668.2MB/s, minb=81944KB/s, maxb=1590.9MB/s, mint=60004msec, maxt=60107msec
  WRITE: io=4809.0MB, aggrb=82072KB/s, minb=82072KB/s, maxb=82072KB/s, mint=60001msec, maxt=60001msec

Disk stats (read/write):
  nvme0n1: ios=947882/43200, merge=0/0, ticks=3866304/249880, in_queue=4118744, util=99.93%
