randread-512k-1m: (g=0): rw=randread, bs=512K-1M/512K-1M/512K-1M, ioengine=libaio, iodepth=10
seqread: (g=0): rw=read, bs=1M-1M/1M-1M/1M-1M, ioengine=libaio, iodepth=10
seqwrite: (g=0): rw=write, bs=1M-1M/1M-1M/1M-1M, ioengine=libaio, iodepth=10
fio-2.1.3
Starting 3 processes

randread-512k-1m: (groupid=0, jobs=1): err= 0: pid=3268: Fri May 27 18:23:03 2016
  read : io=80139MB, bw=1335.6MB/s, iops=1979, runt= 60004msec
    slat (usec): min=32, max=49675, avg=170.06, stdev=481.06
    clat (msec): min=1, max=187, avg= 4.88, stdev= 5.65
     lat (msec): min=1, max=187, avg= 5.05, stdev= 5.76
    clat percentiles (msec):
     |  1.00th=[    3],  5.00th=[    3], 10.00th=[    4], 20.00th=[    4],
     | 30.00th=[    4], 40.00th=[    4], 50.00th=[    5], 60.00th=[    5],
     | 70.00th=[    5], 80.00th=[    5], 90.00th=[    6], 95.00th=[   10],
     | 99.00th=[   17], 99.50th=[   25], 99.90th=[  102], 99.95th=[  119],
     | 99.99th=[  157]
    bw (MB  /s): min=   72, max= 1589, per=88.70%, avg=1326.53, stdev=328.57
    lat (msec) : 2=0.06%, 4=44.90%, 10=50.76%, 20=3.64%, 50=0.34%
    lat (msec) : 100=0.20%, 250=0.10%
  cpu          : usr=0.53%, sys=31.67%, ctx=105570, majf=0, minf=524
  IO depths    : 1=0.1%, 2=0.1%, 4=0.1%, 8=99.9%, 16=0.0%, 32=0.0%, >=64=0.0%
     submit    : 0=0.0%, 4=100.0%, 8=0.0%, 16=0.0%, 32=0.0%, 64=0.0%, >=64=0.0%
     complete  : 0=0.0%, 4=100.0%, 8=0.0%, 16=0.1%, 32=0.0%, 64=0.0%, >=64=0.0%
     issued    : total=r=118775/w=0/d=0, short=r=0/w=0/d=0
seqread: (groupid=0, jobs=1): err= 0: pid=3269: Fri May 27 18:23:03 2016
  read : io=9602.0MB, bw=163860KB/s, iops=160, runt= 60005msec
    slat (usec): min=69, max=95301, avg=444.37, stdev=2008.60
    clat (usec): min=647, max=168834, avg=9876.77, stdev=17354.68
     lat (usec): min=971, max=169095, avg=10321.67, stdev=17776.19
    clat percentiles (msec):
     |  1.00th=[    3],  5.00th=[    4], 10.00th=[    4], 20.00th=[    5],
     | 30.00th=[    5], 40.00th=[    5], 50.00th=[    5], 60.00th=[    6],
     | 70.00th=[    8], 80.00th=[   11], 90.00th=[   15], 95.00th=[   25],
     | 99.00th=[  110], 99.50th=[  127], 99.90th=[  155], 99.95th=[  161],
     | 99.99th=[  169]
    bw (KB  /s): min=81090, max=463095, per=10.71%, avg=164013.03, stdev=30708.02
    lat (usec) : 750=0.01%
    lat (msec) : 2=0.04%, 4=18.94%, 10=60.01%, 20=14.51%, 50=3.29%
    lat (msec) : 100=1.82%, 250=1.37%
  cpu          : usr=0.21%, sys=5.46%, ctx=16131, majf=0, minf=525
  IO depths    : 1=62.1%, 2=6.0%, 4=11.9%, 8=20.0%, 16=0.0%, 32=0.0%, >=64=0.0%
     submit    : 0=0.0%, 4=100.0%, 8=0.0%, 16=0.0%, 32=0.0%, 64=0.0%, >=64=0.0%
     complete  : 0=0.0%, 4=100.0%, 8=0.0%, 16=0.0%, 32=0.0%, 64=0.0%, >=64=0.0%
     issued    : total=r=9602/w=0/d=0, short=r=0/w=0/d=0
seqwrite: (groupid=0, jobs=1): err= 0: pid=3270: Fri May 27 18:23:03 2016
  write: io=9600.0MB, bw=163845KB/s, iops=160, runt= 59998msec
    slat (usec): min=72, max=70842, avg=472.46, stdev=1907.22
    clat (usec): min=665, max=192301, avg=10614.24, stdev=18340.13
     lat (usec): min=796, max=192694, avg=11087.29, stdev=18715.34
    clat percentiles (msec):
     |  1.00th=[    4],  5.00th=[    4], 10.00th=[    4], 20.00th=[    5],
     | 30.00th=[    5], 40.00th=[    5], 50.00th=[    6], 60.00th=[    6],
     | 70.00th=[    9], 80.00th=[   12], 90.00th=[   17], 95.00th=[   27],
     | 99.00th=[  112], 99.50th=[  133], 99.90th=[  157], 99.95th=[  159],
     | 99.99th=[  192]
    bw (KB  /s): min=82160, max=389120, per=100.00%, avg=164091.04, stdev=27772.65
    lat (usec) : 750=0.01%
    lat (msec) : 2=0.03%, 4=12.43%, 10=63.42%, 20=16.72%, 50=4.02%
    lat (msec) : 100=1.83%, 250=1.54%
  cpu          : usr=1.10%, sys=5.10%, ctx=16064, majf=0, minf=9
  IO depths    : 1=60.6%, 2=6.5%, 4=13.0%, 8=20.0%, 16=0.0%, 32=0.0%, >=64=0.0%
     submit    : 0=0.0%, 4=100.0%, 8=0.0%, 16=0.0%, 32=0.0%, 64=0.0%, >=64=0.0%
     complete  : 0=0.0%, 4=100.0%, 8=0.0%, 16=0.0%, 32=0.0%, 64=0.0%, >=64=0.0%
     issued    : total=r=0/w=9600/d=0, short=r=0/w=0/d=0

Run status group 0 (all jobs):
   READ: io=89741MB, aggrb=1495.6MB/s, minb=163860KB/s, maxb=1335.6MB/s, mint=60004msec, maxt=60005msec
  WRITE: io=9600.0MB, aggrb=163845KB/s, minb=163845KB/s, maxb=163845KB/s, mint=59998msec, maxt=59998msec

Disk stats (read/write):
  nvme0n1: ios=845547/86355, merge=0/0, ticks=4451300/830712, in_queue=5283840, util=99.93%
