randread-1k-4k: (g=0): rw=randread, bs=1K-4K/1K-4K/1K-4K, ioengine=libaio, iodepth=10
seqread: (g=0): rw=read, bs=1M-1M/1M-1M/1M-1M, ioengine=libaio, iodepth=10
seqwrite: (g=0): rw=write, bs=1M-1M/1M-1M/1M-1M, ioengine=libaio, iodepth=10
fio-2.1.3
Starting 3 processes

randread-1k-4k: (groupid=0, jobs=1): err= 0: pid=25598: Fri May 27 17:37:44 2016
  read : io=123190KB, bw=2052.1KB/s, iops=826, runt= 60008msec
    slat (usec): min=2, max=95871, avg=71.36, stdev=467.17
    clat (msec): min=1, max=326, avg=12.02, stdev= 8.52
     lat (msec): min=5, max=326, avg=12.09, stdev= 8.53
    clat percentiles (msec):
     |  1.00th=[    9],  5.00th=[   10], 10.00th=[   10], 20.00th=[   10],
     | 30.00th=[   11], 40.00th=[   11], 50.00th=[   11], 60.00th=[   12],
     | 70.00th=[   12], 80.00th=[   13], 90.00th=[   14], 95.00th=[   16],
     | 99.00th=[   34], 99.50th=[   75], 99.90th=[  103], 99.95th=[  124],
     | 99.99th=[  326]
    bw (KB  /s): min=  217, max= 2462, per=0.31%, avg=2055.51, stdev=422.28
    lat (msec) : 2=0.01%, 4=0.01%, 10=28.35%, 20=67.82%, 50=3.10%
    lat (msec) : 100=0.58%, 250=0.13%, 500=0.02%
  cpu          : usr=0.79%, sys=6.66%, ctx=39515, majf=0, minf=18
  IO depths    : 1=0.1%, 2=0.1%, 4=0.1%, 8=100.0%, 16=0.0%, 32=0.0%, >=64=0.0%
     submit    : 0=0.0%, 4=100.0%, 8=0.0%, 16=0.0%, 32=0.0%, 64=0.0%, >=64=0.0%
     complete  : 0=0.0%, 4=100.0%, 8=0.0%, 16=0.1%, 32=0.0%, 64=0.0%, >=64=0.0%
     issued    : total=r=49582/w=0/d=0, short=r=0/w=0/d=0
seqread: (groupid=0, jobs=1): err= 0: pid=25599: Fri May 27 17:37:44 2016
  read : io=39351MB, bw=671434KB/s, iops=655, runt= 60014msec
    slat (usec): min=59, max=90084, avg=274.29, stdev=492.48
    clat (msec): min=3, max=437, avg=14.96, stdev= 9.97
     lat (msec): min=5, max=437, avg=15.24, stdev= 9.98
    clat percentiles (msec):
     |  1.00th=[   11],  5.00th=[   12], 10.00th=[   12], 20.00th=[   13],
     | 30.00th=[   13], 40.00th=[   14], 50.00th=[   14], 60.00th=[   14],
     | 70.00th=[   15], 80.00th=[   16], 90.00th=[   17], 95.00th=[   21],
     | 99.00th=[   48], 99.50th=[   83], 99.90th=[  130], 99.95th=[  149],
     | 99.99th=[  338]
    bw (KB  /s): min=45511, max=773099, per=99.74%, avg=671750.46, stdev=133304.61
    lat (msec) : 4=0.01%, 10=0.45%, 20=94.50%, 50=4.12%, 100=0.64%
    lat (msec) : 250=0.26%, 500=0.03%
  cpu          : usr=0.34%, sys=17.75%, ctx=37209, majf=0, minf=525
  IO depths    : 1=0.1%, 2=0.1%, 4=0.1%, 8=99.9%, 16=0.0%, 32=0.0%, >=64=0.0%
     submit    : 0=0.0%, 4=100.0%, 8=0.0%, 16=0.0%, 32=0.0%, 64=0.0%, >=64=0.0%
     complete  : 0=0.0%, 4=100.0%, 8=0.0%, 16=0.1%, 32=0.0%, 64=0.0%, >=64=0.0%
     issued    : total=r=39351/w=0/d=0, short=r=0/w=0/d=0
seqwrite: (groupid=0, jobs=1): err= 0: pid=25600: Fri May 27 17:37:44 2016
  write: io=38801MB, bw=662115KB/s, iops=646, runt= 60008msec
    slat (usec): min=76, max=90219, avg=331.76, stdev=500.43
    clat (msec): min=4, max=438, avg=15.12, stdev=10.09
     lat (msec): min=5, max=438, avg=15.46, stdev=10.12
    clat percentiles (msec):
     |  1.00th=[   12],  5.00th=[   12], 10.00th=[   13], 20.00th=[   13],
     | 30.00th=[   13], 40.00th=[   14], 50.00th=[   14], 60.00th=[   14],
     | 70.00th=[   15], 80.00th=[   15], 90.00th=[   17], 95.00th=[   21],
     | 99.00th=[   49], 99.50th=[   85], 99.90th=[  128], 99.95th=[  147],
     | 99.99th=[  343]
    bw (KB  /s): min=41654, max=755712, per=100.00%, avg=663746.60, stdev=129867.94
    lat (msec) : 10=0.21%, 20=94.67%, 50=4.16%, 100=0.65%, 250=0.28%
    lat (msec) : 500=0.03%
  cpu          : usr=3.84%, sys=17.22%, ctx=39641, majf=0, minf=10
  IO depths    : 1=0.1%, 2=0.1%, 4=0.1%, 8=99.9%, 16=0.0%, 32=0.0%, >=64=0.0%
     submit    : 0=0.0%, 4=100.0%, 8=0.0%, 16=0.0%, 32=0.0%, 64=0.0%, >=64=0.0%
     complete  : 0=0.0%, 4=100.0%, 8=0.0%, 16=0.1%, 32=0.0%, 64=0.0%, >=64=0.0%
     issued    : total=r=0/w=38801/d=0, short=r=0/w=0/d=0

Run status group 0 (all jobs):
   READ: io=39471MB, aggrb=673486KB/s, minb=2052KB/s, maxb=671433KB/s, mint=60008msec, maxt=60014msec
  WRITE: io=38801MB, aggrb=662115KB/s, minb=662115KB/s, maxb=662115KB/s, mint=60008msec, maxt=60008msec

Disk stats (read/write):
  nvme0n1: ios=403380/348865, merge=0/0, ticks=5678640/5043960, in_queue=10737636, util=99.96%
