randread-8k-16k: (g=0): rw=randread, bs=8K-16K/8K-16K/8K-16K, ioengine=libaio, iodepth=10
seqread: (g=0): rw=read, bs=1M-1M/1M-1M/1M-1M, ioengine=libaio, iodepth=10
seqwrite: (g=0): rw=write, bs=1M-1M/1M-1M/1M-1M, ioengine=libaio, iodepth=10
fio-2.1.3
Starting 3 processes

randread-8k-16k: (groupid=0, jobs=1): err= 0: pid=32544: Fri May 27 18:08:57 2016
  read : io=30376MB, bw=518413KB/s, iops=48017, runt= 60001msec
    slat (usec): min=1, max=821, avg= 4.46, stdev=11.87
    clat (usec): min=1, max=272867, avg=202.64, stdev=739.68
     lat (usec): min=32, max=272880, avg=207.19, stdev=740.02
    clat percentiles (usec):
     |  1.00th=[   93],  5.00th=[  101], 10.00th=[  106], 20.00th=[  114],
     | 30.00th=[  120], 40.00th=[  126], 50.00th=[  135], 60.00th=[  143],
     | 70.00th=[  157], 80.00th=[  185], 90.00th=[  306], 95.00th=[  548],
     | 99.00th=[ 1368], 99.50th=[ 1512], 99.90th=[ 2672], 99.95th=[ 3472],
     | 99.99th=[13248]
    bw (KB  /s): min=39448, max=696496, per=92.43%, avg=517015.50, stdev=162456.68
    lat (usec) : 2=0.01%, 20=0.01%, 50=0.02%, 100=3.98%, 250=83.82%
    lat (usec) : 500=6.75%, 750=2.39%, 1000=1.05%
    lat (msec) : 2=1.80%, 4=0.14%, 10=0.02%, 20=0.02%, 50=0.01%
    lat (msec) : 100=0.01%, 500=0.01%
  cpu          : usr=10.03%, sys=28.17%, ctx=1506513, majf=0, minf=48
  IO depths    : 1=0.1%, 2=0.1%, 4=0.1%, 8=100.0%, 16=0.0%, 32=0.0%, >=64=0.0%
     submit    : 0=0.0%, 4=100.0%, 8=0.0%, 16=0.0%, 32=0.0%, 64=0.0%, >=64=0.0%
     complete  : 0=0.0%, 4=100.0%, 8=0.0%, 16=0.1%, 32=0.0%, 64=0.0%, >=64=0.0%
     issued    : total=r=2881095/w=0/d=0, short=r=0/w=0/d=0
seqread: (groupid=0, jobs=1): err= 0: pid=32545: Fri May 27 18:08:57 2016
  read : io=2402.0MB, bw=40991KB/s, iops=40, runt= 60005msec
    slat (usec): min=78, max=1118, avg=291.80, stdev=90.92
    clat (usec): min=392, max=288778, avg=3493.25, stdev=18755.63
     lat (usec): min=611, max=288909, avg=3785.78, stdev=18754.70
    clat percentiles (usec):
     |  1.00th=[  572],  5.00th=[  612], 10.00th=[  628], 20.00th=[  668],
     | 30.00th=[  700], 40.00th=[  764], 50.00th=[ 1004], 60.00th=[ 1256],
     | 70.00th=[ 1592], 80.00th=[ 2224], 90.00th=[ 3024], 95.00th=[ 4192],
     | 99.00th=[61184], 99.50th=[71168], 99.90th=[280576], 99.95th=[284672],
     | 99.99th=[288768]
    bw (KB  /s): min=15515, max=67082, per=7.34%, avg=41032.97, stdev=3642.88
    lat (usec) : 500=0.04%, 750=38.59%, 1000=11.28%
    lat (msec) : 2=26.85%, 4=17.94%, 10=1.96%, 20=1.54%, 50=0.21%
    lat (msec) : 100=1.17%, 500=0.42%
  cpu          : usr=0.08%, sys=1.29%, ctx=4695, majf=0, minf=525
  IO depths    : 1=95.6%, 2=0.7%, 4=1.5%, 8=2.2%, 16=0.0%, 32=0.0%, >=64=0.0%
     submit    : 0=0.0%, 4=100.0%, 8=0.0%, 16=0.0%, 32=0.0%, 64=0.0%, >=64=0.0%
     complete  : 0=0.0%, 4=100.0%, 8=0.0%, 16=0.0%, 32=0.0%, 64=0.0%, >=64=0.0%
     issued    : total=r=2402/w=0/d=0, short=r=0/w=0/d=0
seqwrite: (groupid=0, jobs=1): err= 0: pid=32546: Fri May 27 18:08:57 2016
  write: io=2402.0MB, bw=40993KB/s, iops=40, runt= 60002msec
    slat (usec): min=89, max=4423, avg=343.06, stdev=133.54
    clat (usec): min=519, max=281365, avg=3618.00, stdev=18447.29
     lat (usec): min=712, max=281785, avg=3961.79, stdev=18450.41
    clat percentiles (usec):
     |  1.00th=[  652],  5.00th=[  716], 10.00th=[  780], 20.00th=[  876],
     | 30.00th=[  908], 40.00th=[  924], 50.00th=[  948], 60.00th=[  988],
     | 70.00th=[ 1020], 80.00th=[ 1160], 90.00th=[ 1768], 95.00th=[10432],
     | 99.00th=[62720], 99.50th=[76288], 99.90th=[272384], 99.95th=[276480],
     | 99.99th=[280576]
    bw (KB  /s): min=18256, max=68535, per=100.00%, avg=41078.43, stdev=3714.94
    lat (usec) : 750=7.79%, 1000=58.16%
    lat (msec) : 2=24.65%, 4=1.67%, 10=2.37%, 20=2.83%, 50=1.00%
    lat (msec) : 100=1.12%, 250=0.08%, 500=0.33%
  cpu          : usr=0.33%, sys=1.23%, ctx=4707, majf=0, minf=10
  IO depths    : 1=95.7%, 2=0.7%, 4=1.5%, 8=2.1%, 16=0.0%, 32=0.0%, >=64=0.0%
     submit    : 0=0.0%, 4=100.0%, 8=0.0%, 16=0.0%, 32=0.0%, 64=0.0%, >=64=0.0%
     complete  : 0=0.0%, 4=100.0%, 8=0.0%, 16=0.0%, 32=0.0%, 64=0.0%, >=64=0.0%
     issued    : total=r=0/w=2402/d=0, short=r=0/w=0/d=0

Run status group 0 (all jobs):
   READ: io=32778MB, aggrb=559369KB/s, minb=40990KB/s, maxb=518413KB/s, mint=60001msec, maxt=60005msec
  WRITE: io=2402.0MB, aggrb=40992KB/s, minb=40992KB/s, maxb=40992KB/s, mint=60002msec, maxt=60002msec

Disk stats (read/write):
  nvme0n1: ios=2900497/21627, merge=0/0, ticks=626908/68636, in_queue=695396, util=99.90%
