randread-128k-256k: (g=0): rw=randread, bs=128K-256K/128K-256K/128K-256K, ioengine=libaio, iodepth=10
seqread: (g=0): rw=read, bs=1M-1M/1M-1M/1M-1M, ioengine=libaio, iodepth=10
seqwrite: (g=0): rw=write, bs=1M-1M/1M-1M/1M-1M, ioengine=libaio, iodepth=10
fio-2.1.3
Starting 3 processes

randread-128k-256k: (groupid=0, jobs=1): err= 0: pid=1915: Fri May 27 18:17:01 2016
  read : io=99342MB, bw=1655.7MB/s, iops=9827, runt= 60001msec
    slat (usec): min=8, max=1955, avg=22.89, stdev=21.69
    clat (usec): min=177, max=73040, avg=992.83, stdev=696.17
     lat (usec): min=196, max=73067, avg=1015.82, stdev=696.83
    clat percentiles (usec):
     |  1.00th=[  628],  5.00th=[  708], 10.00th=[  756], 20.00th=[  812],
     | 30.00th=[  852], 40.00th=[  892], 50.00th=[  924], 60.00th=[  972],
     | 70.00th=[ 1020], 80.00th=[ 1096], 90.00th=[ 1272], 95.00th=[ 1480],
     | 99.00th=[ 2064], 99.50th=[ 2256], 99.90th=[ 3376], 99.95th=[10816],
     | 99.99th=[20352]
    bw (MB  /s): min= 1264, max= 1767, per=97.44%, avg=1652.22, stdev=129.68
    lat (usec) : 250=0.01%, 500=0.11%, 750=9.45%, 1000=57.06%
    lat (msec) : 2=32.17%, 4=1.13%, 10=0.02%, 20=0.04%, 50=0.01%
    lat (msec) : 100=0.01%
  cpu          : usr=2.47%, sys=25.47%, ctx=495588, majf=0, minf=649
  IO depths    : 1=0.1%, 2=0.1%, 4=0.1%, 8=100.0%, 16=0.0%, 32=0.0%, >=64=0.0%
     submit    : 0=0.0%, 4=100.0%, 8=0.0%, 16=0.0%, 32=0.0%, 64=0.0%, >=64=0.0%
     complete  : 0=0.0%, 4=100.0%, 8=0.0%, 16=0.1%, 32=0.0%, 64=0.0%, >=64=0.0%
     issued    : total=r=589647/w=0/d=0, short=r=0/w=0/d=0
seqread: (groupid=0, jobs=1): err= 0: pid=1916: Fri May 27 18:17:01 2016
  read : io=2402.0MB, bw=40992KB/s, iops=40, runt= 60003msec
    slat (usec): min=79, max=1097, avg=232.26, stdev=81.61
    clat (usec): min=618, max=73015, avg=1454.83, stdev=2946.67
     lat (usec): min=901, max=73232, avg=1687.66, stdev=2951.21
    clat percentiles (usec):
     |  1.00th=[  820],  5.00th=[  956], 10.00th=[ 1012], 20.00th=[ 1080],
     | 30.00th=[ 1128], 40.00th=[ 1176], 50.00th=[ 1208], 60.00th=[ 1256],
     | 70.00th=[ 1304], 80.00th=[ 1368], 90.00th=[ 1496], 95.00th=[ 1960],
     | 99.00th=[ 5664], 99.50th=[ 8032], 99.90th=[71168], 99.95th=[71168],
     | 99.99th=[73216]
    bw (KB  /s): min=36119, max=46637, per=2.36%, avg=41037.76, stdev=1034.89
    lat (usec) : 750=0.37%, 1000=8.62%
    lat (msec) : 2=86.14%, 4=3.37%, 10=1.08%, 20=0.25%, 100=0.17%
  cpu          : usr=0.09%, sys=1.01%, ctx=4738, majf=0, minf=525
  IO depths    : 1=97.9%, 2=0.4%, 4=0.8%, 8=0.9%, 16=0.0%, 32=0.0%, >=64=0.0%
     submit    : 0=0.0%, 4=100.0%, 8=0.0%, 16=0.0%, 32=0.0%, 64=0.0%, >=64=0.0%
     complete  : 0=0.0%, 4=100.0%, 8=0.0%, 16=0.0%, 32=0.0%, 64=0.0%, >=64=0.0%
     issued    : total=r=2402/w=0/d=0, short=r=0/w=0/d=0
seqwrite: (groupid=0, jobs=1): err= 0: pid=1917: Fri May 27 18:17:01 2016
  write: io=2402.0MB, bw=40992KB/s, iops=40, runt= 60003msec
    slat (usec): min=92, max=2769, avg=214.25, stdev=94.34
    clat (usec): min=707, max=64179, avg=2199.62, stdev=3207.92
     lat (usec): min=883, max=64420, avg=2414.60, stdev=3222.55
    clat percentiles (usec):
     |  1.00th=[ 1256],  5.00th=[ 1368], 10.00th=[ 1448], 20.00th=[ 1544],
     | 30.00th=[ 1624], 40.00th=[ 1688], 50.00th=[ 1752], 60.00th=[ 1816],
     | 70.00th=[ 1896], 80.00th=[ 1992], 90.00th=[ 2192], 95.00th=[ 2576],
     | 99.00th=[16512], 99.50th=[19328], 99.90th=[62720], 99.95th=[62720],
     | 99.99th=[64256]
    bw (KB  /s): min=36355, max=45732, per=100.00%, avg=41030.89, stdev=969.76
    lat (usec) : 750=0.04%
    lat (msec) : 2=80.39%, 4=16.28%, 10=1.25%, 20=1.71%, 50=0.17%
    lat (msec) : 100=0.17%
  cpu          : usr=0.29%, sys=0.77%, ctx=4758, majf=0, minf=9
  IO depths    : 1=98.0%, 2=0.4%, 4=0.8%, 8=0.8%, 16=0.0%, 32=0.0%, >=64=0.0%
     submit    : 0=0.0%, 4=100.0%, 8=0.0%, 16=0.0%, 32=0.0%, 64=0.0%, >=64=0.0%
     complete  : 0=0.0%, 4=100.0%, 8=0.0%, 16=0.0%, 32=0.0%, 64=0.0%, >=64=0.0%
     issued    : total=r=0/w=2402/d=0, short=r=0/w=0/d=0

Run status group 0 (all jobs):
   READ: io=101744MB, aggrb=1695.7MB/s, minb=40992KB/s, maxb=1655.7MB/s, mint=60001msec, maxt=60003msec
  WRITE: io=2402.0MB, aggrb=40992KB/s, minb=40992KB/s, maxb=40992KB/s, mint=60003msec, maxt=60003msec

Disk stats (read/write):
  nvme0n1: ios=1404722/21627, merge=0/0, ticks=1359636/31140, in_queue=1390648, util=99.90%
