randread-128k-256k: (g=0): rw=randread, bs=128K-256K/128K-256K/128K-256K, ioengine=libaio, iodepth=10
seqread: (g=0): rw=read, bs=1M-1M/1M-1M/1M-1M, ioengine=libaio, iodepth=10
seqwrite: (g=0): rw=write, bs=1M-1M/1M-1M/1M-1M, ioengine=libaio, iodepth=10
fio-2.1.3
Starting 3 processes

randread-128k-256k: (groupid=0, jobs=1): err= 0: pid=30306: Fri May 27 17:58:53 2016
  read : io=85330MB, bw=1422.2MB/s, iops=8440, runt= 60002msec
    slat (usec): min=10, max=4623, avg=44.50, stdev=42.37
    clat (usec): min=191, max=328502, avg=1138.21, stdev=2512.26
     lat (usec): min=307, max=328573, avg=1182.82, stdev=2513.68
    clat percentiles (usec):
     |  1.00th=[  572],  5.00th=[  692], 10.00th=[  740], 20.00th=[  812],
     | 30.00th=[  860], 40.00th=[  908], 50.00th=[  964], 60.00th=[ 1020],
     | 70.00th=[ 1096], 80.00th=[ 1256], 90.00th=[ 1512], 95.00th=[ 1864],
     | 99.00th=[ 3184], 99.50th=[ 4192], 99.90th=[13632], 99.95th=[37120],
     | 99.99th=[80384]
    bw (MB  /s): min=   43, max= 1670, per=94.81%, avg=1424.20, stdev=299.73
    lat (usec) : 250=0.01%, 500=0.40%, 750=10.34%, 1000=46.01%
    lat (msec) : 2=39.19%, 4=3.51%, 10=0.38%, 20=0.10%, 50=0.04%
    lat (msec) : 100=0.02%, 250=0.01%, 500=0.01%
  cpu          : usr=1.99%, sys=39.05%, ctx=334227, majf=0, minf=138
  IO depths    : 1=0.1%, 2=0.1%, 4=0.1%, 8=100.0%, 16=0.0%, 32=0.0%, >=64=0.0%
     submit    : 0=0.0%, 4=100.0%, 8=0.0%, 16=0.0%, 32=0.0%, 64=0.0%, >=64=0.0%
     complete  : 0=0.0%, 4=100.0%, 8=0.0%, 16=0.1%, 32=0.0%, 64=0.0%, >=64=0.0%
     issued    : total=r=506464/w=0/d=0, short=r=0/w=0/d=0
seqread: (groupid=0, jobs=1): err= 0: pid=30307: Fri May 27 17:58:53 2016
  read : io=4802.0MB, bw=81950KB/s, iops=80, runt= 60003msec
    slat (usec): min=86, max=11262, avg=291.49, stdev=194.51
    clat (usec): min=538, max=373739, avg=4759.74, stdev=22604.77
     lat (usec): min=844, max=374541, avg=5051.64, stdev=22618.18
    clat percentiles (usec):
     |  1.00th=[  764],  5.00th=[  924], 10.00th=[  996], 20.00th=[ 1096],
     | 30.00th=[ 1176], 40.00th=[ 1256], 50.00th=[ 1352], 60.00th=[ 1496],
     | 70.00th=[ 1736], 80.00th=[ 2288], 90.00th=[ 3920], 95.00th=[10816],
     | 99.00th=[74240], 99.50th=[86528], 99.90th=[329728], 99.95th=[329728],
     | 99.99th=[374784]
    bw (KB  /s): min=37637, max=139392, per=5.34%, avg=82191.72, stdev=7636.55
    lat (usec) : 750=0.87%, 1000=9.37%
    lat (msec) : 2=65.56%, 4=14.24%, 10=4.73%, 20=1.85%, 50=1.25%
    lat (msec) : 100=1.69%, 250=0.02%, 500=0.42%
  cpu          : usr=0.13%, sys=2.39%, ctx=9162, majf=0, minf=526
  IO depths    : 1=89.3%, 2=1.7%, 4=3.3%, 8=5.7%, 16=0.0%, 32=0.0%, >=64=0.0%
     submit    : 0=0.0%, 4=100.0%, 8=0.0%, 16=0.0%, 32=0.0%, 64=0.0%, >=64=0.0%
     complete  : 0=0.0%, 4=100.0%, 8=0.0%, 16=0.0%, 32=0.0%, 64=0.0%, >=64=0.0%
     issued    : total=r=4802/w=0/d=0, short=r=0/w=0/d=0
seqwrite: (groupid=0, jobs=1): err= 0: pid=30308: Fri May 27 17:58:53 2016
  write: io=4802.0MB, bw=81950KB/s, iops=80, runt= 60003msec
    slat (usec): min=95, max=4708, avg=328.16, stdev=144.54
    clat (usec): min=635, max=375860, avg=5284.24, stdev=23754.32
     lat (usec): min=892, max=376349, avg=5613.15, stdev=23766.64
    clat percentiles (usec):
     |  1.00th=[ 1112],  5.00th=[ 1256], 10.00th=[ 1336], 20.00th=[ 1432],
     | 30.00th=[ 1512], 40.00th=[ 1608], 50.00th=[ 1704], 60.00th=[ 1800],
     | 70.00th=[ 1960], 80.00th=[ 2288], 90.00th=[ 5152], 95.00th=[13120],
     | 99.00th=[75264], 99.50th=[89600], 99.90th=[362496], 99.95th=[370688],
     | 99.99th=[374784]
    bw (KB  /s): min=40107, max=154412, per=100.00%, avg=82245.32, stdev=8533.39
    lat (usec) : 750=0.02%, 1000=0.25%
    lat (msec) : 2=71.64%, 4=16.53%, 10=5.66%, 20=2.00%, 50=1.71%
    lat (msec) : 100=1.75%, 250=0.02%, 500=0.42%
  cpu          : usr=0.45%, sys=2.41%, ctx=9244, majf=0, minf=11
  IO depths    : 1=89.2%, 2=1.7%, 4=3.4%, 8=5.7%, 16=0.0%, 32=0.0%, >=64=0.0%
     submit    : 0=0.0%, 4=100.0%, 8=0.0%, 16=0.0%, 32=0.0%, 64=0.0%, >=64=0.0%
     complete  : 0=0.0%, 4=100.0%, 8=0.0%, 16=0.0%, 32=0.0%, 64=0.0%, >=64=0.0%
     issued    : total=r=0/w=4802/d=0, short=r=0/w=0/d=0

Run status group 0 (all jobs):
   READ: io=90132MB, aggrb=1502.2MB/s, minb=81950KB/s, maxb=1422.2MB/s, mint=60002msec, maxt=60003msec
  WRITE: io=4802.0MB, aggrb=81950KB/s, minb=81950KB/s, maxb=81950KB/s, mint=60003msec, maxt=60003msec

Disk stats (read/write):
  nvme0n1: ios=1231172/43209, merge=0/0, ticks=1492292/196208, in_queue=1689692, util=99.93%
