randread-512k-1m: (g=0): rw=randread, bs=512K-1M/512K-1M/512K-1M, ioengine=libaio, iodepth=10
seqread: (g=0): rw=read, bs=1M-1M/1M-1M/1M-1M, ioengine=libaio, iodepth=10
seqwrite: (g=0): rw=write, bs=1M-1M/1M-1M/1M-1M, ioengine=libaio, iodepth=10
fio-2.1.3
Starting 3 processes

randread-512k-1m: (groupid=0, jobs=1): err= 0: pid=28293: Fri May 27 17:49:49 2016
  read : io=21110MB, bw=360161KB/s, iops=520, runt= 60018msec
    slat (usec): min=38, max=78070, avg=378.23, stdev=908.21
    clat (msec): min=3, max=167, avg=18.80, stdev=10.34
     lat (msec): min=4, max=172, avg=19.18, stdev=10.41
    clat percentiles (msec):
     |  1.00th=[   11],  5.00th=[   12], 10.00th=[   13], 20.00th=[   15],
     | 30.00th=[   16], 40.00th=[   17], 50.00th=[   18], 60.00th=[   19],
     | 70.00th=[   20], 80.00th=[   21], 90.00th=[   23], 95.00th=[   28],
     | 99.00th=[   77], 99.50th=[  102], 99.90th=[  141], 99.95th=[  145],
     | 99.99th=[  161]
    bw (KB  /s): min=59273, max=442368, per=41.02%, avg=360806.15, stdev=71603.76
    lat (msec) : 4=0.01%, 10=0.41%, 20=76.25%, 50=22.12%, 100=0.67%
    lat (msec) : 250=0.54%
  cpu          : usr=0.37%, sys=11.84%, ctx=29865, majf=0, minf=524
  IO depths    : 1=0.1%, 2=0.1%, 4=0.1%, 8=99.9%, 16=0.0%, 32=0.0%, >=64=0.0%
     submit    : 0=0.0%, 4=100.0%, 8=0.0%, 16=0.0%, 32=0.0%, 64=0.0%, >=64=0.0%
     complete  : 0=0.0%, 4=100.0%, 8=0.0%, 16=0.1%, 32=0.0%, 64=0.0%, >=64=0.0%
     issued    : total=r=31266/w=0/d=0, short=r=0/w=0/d=0
seqread: (groupid=0, jobs=1): err= 0: pid=28294: Fri May 27 17:49:49 2016
  read : io=30440MB, bw=519362KB/s, iops=507, runt= 60017msec
    slat (usec): min=68, max=72980, avg=447.28, stdev=911.16
    clat (msec): min=3, max=162, avg=19.25, stdev=10.39
     lat (msec): min=5, max=162, avg=19.70, stdev=10.47
    clat percentiles (msec):
     |  1.00th=[   12],  5.00th=[   13], 10.00th=[   14], 20.00th=[   15],
     | 30.00th=[   17], 40.00th=[   17], 50.00th=[   18], 60.00th=[   19],
     | 70.00th=[   20], 80.00th=[   21], 90.00th=[   24], 95.00th=[   29],
     | 99.00th=[   80], 99.50th=[  104], 99.90th=[  133], 99.95th=[  145],
     | 99.99th=[  159]
    bw (KB  /s): min=86848, max=606208, per=59.20%, avg=520714.00, stdev=100491.91
    lat (msec) : 4=0.01%, 10=0.11%, 20=74.51%, 50=24.11%, 100=0.67%
    lat (msec) : 250=0.60%
  cpu          : usr=0.25%, sys=14.68%, ctx=29834, majf=0, minf=525
  IO depths    : 1=0.1%, 2=0.1%, 4=0.1%, 8=99.9%, 16=0.0%, 32=0.0%, >=64=0.0%
     submit    : 0=0.0%, 4=100.0%, 8=0.0%, 16=0.0%, 32=0.0%, 64=0.0%, >=64=0.0%
     complete  : 0=0.0%, 4=100.0%, 8=0.0%, 16=0.1%, 32=0.0%, 64=0.0%, >=64=0.0%
     issued    : total=r=30440/w=0/d=0, short=r=0/w=0/d=0
seqwrite: (groupid=0, jobs=1): err= 0: pid=28295: Fri May 27 17:49:49 2016
  write: io=30133MB, bw=514150KB/s, iops=502, runt= 60014msec
    slat (usec): min=81, max=77666, avg=530.61, stdev=922.78
    clat (msec): min=3, max=161, avg=19.37, stdev=10.44
     lat (msec): min=4, max=162, avg=19.90, stdev=10.52
    clat percentiles (msec):
     |  1.00th=[   12],  5.00th=[   13], 10.00th=[   14], 20.00th=[   16],
     | 30.00th=[   17], 40.00th=[   18], 50.00th=[   18], 60.00th=[   19],
     | 70.00th=[   20], 80.00th=[   21], 90.00th=[   24], 95.00th=[   30],
     | 99.00th=[   82], 99.50th=[  104], 99.90th=[  135], 99.95th=[  145],
     | 99.99th=[  159]
    bw (KB  /s): min=87888, max=589824, per=100.00%, avg=515317.67, stdev=99193.70
    lat (msec) : 4=0.01%, 10=0.05%, 20=74.74%, 50=23.93%, 100=0.68%
    lat (msec) : 250=0.59%
  cpu          : usr=3.25%, sys=14.07%, ctx=32085, majf=0, minf=9
  IO depths    : 1=0.1%, 2=0.1%, 4=0.1%, 8=99.9%, 16=0.0%, 32=0.0%, >=64=0.0%
     submit    : 0=0.0%, 4=100.0%, 8=0.0%, 16=0.0%, 32=0.0%, 64=0.0%, >=64=0.0%
     complete  : 0=0.0%, 4=100.0%, 8=0.0%, 16=0.1%, 32=0.0%, 64=0.0%, >=64=0.0%
     issued    : total=r=0/w=30133/d=0, short=r=0/w=0/d=0

Run status group 0 (all jobs):
   READ: io=51550MB, aggrb=879514KB/s, minb=360160KB/s, maxb=519362KB/s, mint=60017msec, maxt=60018msec
  WRITE: io=30133MB, aggrb=514149KB/s, minb=514149KB/s, maxb=514149KB/s, mint=60014msec, maxt=60014msec

Disk stats (read/write):
  nvme0n1: ios=473537/270873, merge=0/0, ticks=8690112/4956896, in_queue=13679124, util=99.97%
