randread-512k-1m: (g=0): rw=randread, bs=512K-1M/512K-1M/512K-1M, ioengine=libaio, iodepth=10
seqread: (g=0): rw=read, bs=1M-1M/1M-1M/1M-1M, ioengine=libaio, iodepth=10
seqwrite: (g=0): rw=write, bs=1M-1M/1M-1M/1M-1M, ioengine=libaio, iodepth=10
fio-2.1.3
Starting 3 processes

randread-512k-1m: (groupid=0, jobs=1): err= 0: pid=28067: Fri May 27 17:48:49 2016
  read : io=113068MB, bw=1884.4MB/s, iops=2795, runt= 60004msec
    slat (usec): min=31, max=4352, avg=160.81, stdev=88.86
    clat (usec): min=704, max=316201, avg=3411.38, stdev=3100.83
     lat (usec): min=818, max=316357, avg=3572.35, stdev=3104.18
    clat percentiles (usec):
     |  1.00th=[ 2064],  5.00th=[ 2320], 10.00th=[ 2480], 20.00th=[ 2672],
     | 30.00th=[ 2832], 40.00th=[ 2992], 50.00th=[ 3120], 60.00th=[ 3280],
     | 70.00th=[ 3440], 80.00th=[ 3696], 90.00th=[ 4128], 95.00th=[ 4768],
     | 99.00th=[11456], 99.50th=[13120], 99.90th=[16512], 99.95th=[25984],
     | 99.99th=[92672]
    bw (MB  /s): min=  412, max= 2332, per=99.26%, avg=1880.29, stdev=338.37
    lat (usec) : 750=0.01%
    lat (msec) : 2=0.61%, 4=87.46%, 10=10.50%, 20=1.36%, 50=0.02%
    lat (msec) : 100=0.03%, 500=0.01%
  cpu          : usr=0.65%, sys=44.64%, ctx=137924, majf=0, minf=526
  IO depths    : 1=0.1%, 2=0.1%, 4=0.1%, 8=99.9%, 16=0.0%, 32=0.0%, >=64=0.0%
     submit    : 0=0.0%, 4=100.0%, 8=0.0%, 16=0.0%, 32=0.0%, 64=0.0%, >=64=0.0%
     complete  : 0=0.0%, 4=100.0%, 8=0.0%, 16=0.1%, 32=0.0%, 64=0.0%, >=64=0.0%
     issued    : total=r=167768/w=0/d=0, short=r=0/w=0/d=0
seqread: (groupid=0, jobs=1): err= 0: pid=28068: Fri May 27 17:48:49 2016
  read : io=616448KB, bw=10273KB/s, iops=10, runt= 60004msec
    slat (usec): min=70, max=3142, avg=225.38, stdev=186.99
    clat (usec): min=593, max=315800, avg=4373.17, stdev=13229.62
     lat (usec): min=833, max=315977, avg=4599.02, stdev=13237.65
    clat percentiles (msec):
     |  1.00th=[    3],  5.00th=[    3], 10.00th=[    3], 20.00th=[    3],
     | 30.00th=[    3], 40.00th=[    3], 50.00th=[    3], 60.00th=[    4],
     | 70.00th=[    4], 80.00th=[    4], 90.00th=[    5], 95.00th=[    8],
     | 99.00th=[   26], 99.50th=[   29], 99.90th=[  318], 99.95th=[  318],
     | 99.99th=[  318]
    bw (KB  /s): min= 5752, max=13032, per=0.53%, avg=10251.66, stdev=551.58
    lat (usec) : 750=0.17%
    lat (msec) : 2=0.50%, 4=84.05%, 10=10.80%, 20=2.82%, 50=1.50%
    lat (msec) : 500=0.17%
  cpu          : usr=0.03%, sys=0.23%, ctx=1190, majf=0, minf=526
  IO depths    : 1=96.7%, 2=0.7%, 4=1.3%, 8=1.3%, 16=0.0%, 32=0.0%, >=64=0.0%
     submit    : 0=0.0%, 4=100.0%, 8=0.0%, 16=0.0%, 32=0.0%, 64=0.0%, >=64=0.0%
     complete  : 0=0.0%, 4=100.0%, 8=0.0%, 16=0.0%, 32=0.0%, 64=0.0%, >=64=0.0%
     issued    : total=r=602/w=0/d=0, short=r=0/w=0/d=0
seqwrite: (groupid=0, jobs=1): err= 0: pid=28069: Fri May 27 17:48:49 2016
  write: io=616448KB, bw=10273KB/s, iops=10, runt= 60005msec
    slat (usec): min=83, max=7238, avg=269.30, stdev=314.97
    clat (usec): min=614, max=312298, avg=5997.58, stdev=14782.20
     lat (usec): min=898, max=312514, avg=6267.44, stdev=14795.76
    clat percentiles (msec):
     |  1.00th=[    3],  5.00th=[    4], 10.00th=[    4], 20.00th=[    4],
     | 30.00th=[    4], 40.00th=[    4], 50.00th=[    5], 60.00th=[    5],
     | 70.00th=[    5], 80.00th=[    5], 90.00th=[    6], 95.00th=[   10],
     | 99.00th=[   56], 99.50th=[   78], 99.90th=[  314], 99.95th=[  314],
     | 99.99th=[  314]
    bw (KB  /s): min= 5826, max=12962, per=99.79%, avg=10251.09, stdev=546.43
    lat (usec) : 750=0.17%
    lat (msec) : 4=48.84%, 10=46.18%, 20=2.16%, 50=1.50%, 100=1.00%
    lat (msec) : 500=0.17%
  cpu          : usr=0.09%, sys=0.22%, ctx=1203, majf=0, minf=11
  IO depths    : 1=96.7%, 2=0.7%, 4=1.3%, 8=1.3%, 16=0.0%, 32=0.0%, >=64=0.0%
     submit    : 0=0.0%, 4=100.0%, 8=0.0%, 16=0.0%, 32=0.0%, 64=0.0%, >=64=0.0%
     complete  : 0=0.0%, 4=100.0%, 8=0.0%, 16=0.0%, 32=0.0%, 64=0.0%, >=64=0.0%
     issued    : total=r=0/w=602/d=0, short=r=0/w=0/d=0

Run status group 0 (all jobs):
   READ: io=113670MB, aggrb=1894.4MB/s, minb=10273KB/s, maxb=1884.4MB/s, mint=60004msec, maxt=60004msec
  WRITE: io=616448KB, aggrb=10273KB/s, minb=10273KB/s, maxb=10273KB/s, mint=60005msec, maxt=60005msec

Disk stats (read/write):
  nvme0n1: ios=1076860/5442, merge=0/0, ticks=3606244/28132, in_queue=3634856, util=99.90%
