randread-32k-64k: (g=0): rw=randread, bs=32K-64K/32K-64K/32K-64K, ioengine=libaio, iodepth=10
seqread: (g=0): rw=read, bs=1M-1M/1M-1M/1M-1M, ioengine=libaio, iodepth=10
seqwrite: (g=0): rw=write, bs=1M-1M/1M-1M/1M-1M, ioengine=libaio, iodepth=10
fio-2.1.3
Starting 3 processes

randread-32k-64k: (groupid=0, jobs=1): err= 0: pid=1237: Fri May 27 18:14:00 2016
  read : io=64183MB, bw=1069.8MB/s, iops=25338, runt= 60001msec
    slat (usec): min=2, max=68439, avg= 9.73, stdev=109.97
    clat (usec): min=23, max=182808, avg=383.56, stdev=1467.00
     lat (usec): min=82, max=182818, avg=393.39, stdev=1484.03
    clat percentiles (usec):
     |  1.00th=[  143],  5.00th=[  167], 10.00th=[  185], 20.00th=[  209],
     | 30.00th=[  231], 40.00th=[  255], 50.00th=[  282], 60.00th=[  314],
     | 70.00th=[  358], 80.00th=[  434], 90.00th=[  604], 95.00th=[  812],
     | 99.00th=[ 1416], 99.50th=[ 1624], 99.90th=[ 5280], 99.95th=[13760],
     | 99.99th=[85504]
    bw (MB  /s): min=    4, max= 1279, per=89.43%, avg=1064.01, stdev=293.77
    lat (usec) : 50=0.01%, 100=0.03%, 250=38.08%, 500=47.45%, 750=8.02%
    lat (usec) : 1000=3.78%
    lat (msec) : 2=2.38%, 4=0.15%, 10=0.04%, 20=0.04%, 50=0.01%
    lat (msec) : 100=0.02%, 250=0.01%
  cpu          : usr=4.82%, sys=29.47%, ctx=934036, majf=0, minf=169
  IO depths    : 1=0.1%, 2=0.1%, 4=0.1%, 8=100.0%, 16=0.0%, 32=0.0%, >=64=0.0%
     submit    : 0=0.0%, 4=100.0%, 8=0.0%, 16=0.0%, 32=0.0%, 64=0.0%, >=64=0.0%
     complete  : 0=0.0%, 4=100.0%, 8=0.0%, 16=0.1%, 32=0.0%, 64=0.0%, >=64=0.0%
     issued    : total=r=1520358/w=0/d=0, short=r=0/w=0/d=0
seqread: (groupid=0, jobs=1): err= 0: pid=1238: Fri May 27 18:14:00 2016
  read : io=7204.0MB, bw=122940KB/s, iops=120, runt= 60004msec
    slat (usec): min=65, max=55461, avg=330.72, stdev=1125.52
    clat (usec): min=345, max=182548, avg=5228.02, stdev=18499.12
     lat (usec): min=637, max=182682, avg=5559.33, stdev=18726.83
    clat percentiles (usec):
     |  1.00th=[  580],  5.00th=[  620], 10.00th=[  636], 20.00th=[  668],
     | 30.00th=[  692], 40.00th=[  716], 50.00th=[  740], 60.00th=[  772],
     | 70.00th=[  820], 80.00th=[ 1128], 90.00th=[ 4512], 95.00th=[18816],
     | 99.00th=[108032], 99.50th=[116224], 99.90th=[148480], 99.95th=[154624],
     | 99.99th=[183296]
    bw (KB  /s): min=83968, max=221460, per=10.10%, avg=123044.15, stdev=11155.95
    lat (usec) : 500=0.12%, 750=54.22%, 1000=23.51%
    lat (msec) : 2=7.76%, 4=4.09%, 10=2.48%, 20=3.10%, 50=0.96%
    lat (msec) : 100=2.26%, 250=1.49%
  cpu          : usr=1.59%, sys=3.77%, ctx=13765, majf=0, minf=524
  IO depths    : 1=89.4%, 2=1.1%, 4=2.1%, 8=7.5%, 16=0.0%, 32=0.0%, >=64=0.0%
     submit    : 0=0.0%, 4=100.0%, 8=0.0%, 16=0.0%, 32=0.0%, 64=0.0%, >=64=0.0%
     complete  : 0=0.0%, 4=100.0%, 8=0.0%, 16=0.0%, 32=0.0%, 64=0.0%, >=64=0.0%
     issued    : total=r=7204/w=0/d=0, short=r=0/w=0/d=0
seqwrite: (groupid=0, jobs=1): err= 0: pid=1239: Fri May 27 18:14:00 2016
  write: io=7203.0MB, bw=122937KB/s, iops=120, runt= 59997msec
    slat (usec): min=67, max=52687, avg=378.96, stdev=1415.89
    clat (usec): min=499, max=177764, avg=6249.37, stdev=19812.36
     lat (usec): min=849, max=178136, avg=6629.04, stdev=20074.79
    clat percentiles (usec):
     |  1.00th=[  836],  5.00th=[  932], 10.00th=[  996], 20.00th=[ 1080],
     | 30.00th=[ 1128], 40.00th=[ 1176], 50.00th=[ 1224], 60.00th=[ 1288],
     | 70.00th=[ 1368], 80.00th=[ 1544], 90.00th=[ 6432], 95.00th=[23424],
     | 99.00th=[109056], 99.50th=[117248], 99.90th=[148480], 99.95th=[152576],
     | 99.99th=[177152]
    bw (KB  /s): min=83467, max=226874, per=100.00%, avg=123050.51, stdev=10749.32
    lat (usec) : 500=0.01%, 750=0.10%, 1000=9.95%
    lat (msec) : 2=74.08%, 4=3.96%, 10=3.51%, 20=3.05%, 50=0.76%
    lat (msec) : 100=2.79%, 250=1.78%
  cpu          : usr=2.38%, sys=3.37%, ctx=13757, majf=0, minf=9
  IO depths    : 1=87.9%, 2=1.3%, 4=2.6%, 8=8.3%, 16=0.0%, 32=0.0%, >=64=0.0%
     submit    : 0=0.0%, 4=100.0%, 8=0.0%, 16=0.0%, 32=0.0%, 64=0.0%, >=64=0.0%
     complete  : 0=0.0%, 4=100.0%, 8=0.0%, 16=0.0%, 32=0.0%, 64=0.0%, >=64=0.0%
     issued    : total=r=0/w=7203/d=0, short=r=0/w=0/d=0

Run status group 0 (all jobs):
   READ: io=71387MB, aggrb=1189.8MB/s, minb=122940KB/s, maxb=1069.8MB/s, mint=60001msec, maxt=60004msec
  WRITE: io=7203.0MB, aggrb=122937KB/s, minb=122937KB/s, maxb=122937KB/s, mint=59997msec, maxt=59997msec

Disk stats (read/write):
  nvme0n1: ios=1583697/64800, merge=0/0, ticks=880924/353504, in_queue=1234904, util=99.92%
