randread-512k-1m: (g=0): rw=randread, bs=512K-1M/512K-1M/512K-1M, ioengine=libaio, iodepth=10
seqread: (g=0): rw=read, bs=1M-1M/1M-1M/1M-1M, ioengine=libaio, iodepth=10
seqwrite: (g=0): rw=write, bs=1M-1M/1M-1M/1M-1M, ioengine=libaio, iodepth=10
fio-2.1.3
Starting 3 processes

randread-512k-1m: (groupid=0, jobs=1): err= 0: pid=2818: Fri May 27 18:21:02 2016
  read : io=108244MB, bw=1803.1MB/s, iops=2676, runt= 60004msec
    slat (usec): min=29, max=2769, avg=142.02, stdev=84.38
    clat (usec): min=933, max=117313, avg=3590.58, stdev=1706.21
     lat (msec): min=1, max=117, avg= 3.73, stdev= 1.71
    clat percentiles (msec):
     |  1.00th=[    3],  5.00th=[    3], 10.00th=[    3], 20.00th=[    4],
     | 30.00th=[    4], 40.00th=[    4], 50.00th=[    4], 60.00th=[    4],
     | 70.00th=[    4], 80.00th=[    5], 90.00th=[    5], 95.00th=[    5],
     | 99.00th=[    6], 99.50th=[    7], 99.90th=[   17], 99.95th=[   19],
     | 99.99th=[  110]
    bw (MB  /s): min= 1250, max= 1990, per=97.77%, avg=1802.88, stdev=140.52
    lat (usec) : 1000=0.01%
    lat (msec) : 2=0.07%, 4=79.25%, 10=20.47%, 20=0.17%, 50=0.01%
    lat (msec) : 100=0.01%, 250=0.01%
  cpu          : usr=0.69%, sys=37.99%, ctx=146587, majf=0, minf=525
  IO depths    : 1=0.1%, 2=0.1%, 4=0.1%, 8=99.9%, 16=0.0%, 32=0.0%, >=64=0.0%
     submit    : 0=0.0%, 4=100.0%, 8=0.0%, 16=0.0%, 32=0.0%, 64=0.0%, >=64=0.0%
     complete  : 0=0.0%, 4=100.0%, 8=0.0%, 16=0.1%, 32=0.0%, 64=0.0%, >=64=0.0%
     issued    : total=r=160575/w=0/d=0, short=r=0/w=0/d=0
seqread: (groupid=0, jobs=1): err= 0: pid=2819: Fri May 27 18:21:02 2016
  read : io=2402.0MB, bw=40991KB/s, iops=40, runt= 60005msec
    slat (usec): min=69, max=1283, avg=243.11, stdev=114.40
    clat (usec): min=778, max=116775, avg=3915.71, stdev=3978.07
     lat (usec): min=962, max=117042, avg=4159.47, stdev=3985.82
    clat percentiles (msec):
     |  1.00th=[    3],  5.00th=[    3], 10.00th=[    3], 20.00th=[    4],
     | 30.00th=[    4], 40.00th=[    4], 50.00th=[    4], 60.00th=[    4],
     | 70.00th=[    4], 80.00th=[    5], 90.00th=[    5], 95.00th=[    6],
     | 99.00th=[   11], 99.50th=[   13], 99.90th=[   83], 99.95th=[  110],
     | 99.99th=[  118]
    bw (KB  /s): min=40085, max=43760, per=2.17%, avg=41022.41, stdev=328.16
    lat (usec) : 1000=0.08%
    lat (msec) : 2=0.08%, 4=77.31%, 10=21.48%, 20=0.87%, 100=0.08%
    lat (msec) : 250=0.08%
  cpu          : usr=0.07%, sys=1.06%, ctx=4767, majf=0, minf=525
  IO depths    : 1=97.7%, 2=0.4%, 4=0.8%, 8=1.0%, 16=0.0%, 32=0.0%, >=64=0.0%
     submit    : 0=0.0%, 4=100.0%, 8=0.0%, 16=0.0%, 32=0.0%, 64=0.0%, >=64=0.0%
     complete  : 0=0.0%, 4=100.0%, 8=0.0%, 16=0.0%, 32=0.0%, 64=0.0%, >=64=0.0%
     issued    : total=r=2402/w=0/d=0, short=r=0/w=0/d=0
seqwrite: (groupid=0, jobs=1): err= 0: pid=2820: Fri May 27 18:21:02 2016
  write: io=2402.0MB, bw=40989KB/s, iops=40, runt= 60007msec
    slat (usec): min=133, max=1204, avg=366.20, stdev=101.30
    clat (usec): min=637, max=112209, avg=5102.10, stdev=6766.78
     lat (msec): min=1, max=112, avg= 5.47, stdev= 6.77
    clat percentiles (msec):
     |  1.00th=[    4],  5.00th=[    4], 10.00th=[    4], 20.00th=[    4],
     | 30.00th=[    4], 40.00th=[    5], 50.00th=[    5], 60.00th=[    5],
     | 70.00th=[    5], 80.00th=[    5], 90.00th=[    6], 95.00th=[    6],
     | 99.00th=[   22], 99.50th=[   69], 99.90th=[   96], 99.95th=[  106],
     | 99.99th=[  113]
    bw (KB  /s): min=39309, max=44172, per=100.00%, avg=41024.88, stdev=457.28
    lat (usec) : 750=0.04%
    lat (msec) : 2=0.17%, 4=31.56%, 10=64.99%, 20=1.92%, 50=0.79%
    lat (msec) : 100=0.46%, 250=0.08%
  cpu          : usr=0.29%, sys=1.35%, ctx=4752, majf=0, minf=9
  IO depths    : 1=97.3%, 2=0.5%, 4=1.0%, 8=1.2%, 16=0.0%, 32=0.0%, >=64=0.0%
     submit    : 0=0.0%, 4=100.0%, 8=0.0%, 16=0.0%, 32=0.0%, 64=0.0%, >=64=0.0%
     complete  : 0=0.0%, 4=100.0%, 8=0.0%, 16=0.0%, 32=0.0%, 64=0.0%, >=64=0.0%
     issued    : total=r=0/w=2402/d=0, short=r=0/w=0/d=0

Run status group 0 (all jobs):
   READ: io=110646MB, aggrb=1843.1MB/s, minb=40990KB/s, maxb=1803.1MB/s, mint=60004msec, maxt=60005msec
  WRITE: io=2402.0MB, aggrb=40989KB/s, minb=40989KB/s, maxb=40989KB/s, mint=60007msec, maxt=60007msec

Disk stats (read/write):
  nvme0n1: ios=1047253/21627, merge=0/0, ticks=3688692/91468, in_queue=3781252, util=99.91%
