randread-512k-1m: (g=0): rw=randread, bs=512K-1M/512K-1M/512K-1M, ioengine=libaio, iodepth=10
seqread: (g=0): rw=read, bs=1M-1M/1M-1M/1M-1M, ioengine=libaio, iodepth=10
seqwrite: (g=0): rw=write, bs=1M-1M/1M-1M/1M-1M, ioengine=libaio, iodepth=10
fio-2.1.3
Starting 3 processes

randread-512k-1m: (groupid=0, jobs=1): err= 0: pid=3041: Fri May 27 18:22:03 2016
  read : io=84998MB, bw=1416.6MB/s, iops=2099, runt= 60005msec
    slat (usec): min=33, max=81388, avg=161.51, stdev=524.65
    clat (usec): min=854, max=453832, avg=4596.47, stdev=6928.76
     lat (usec): min=900, max=453964, avg=4758.12, stdev=7021.86
    clat percentiles (msec):
     |  1.00th=[    3],  5.00th=[    3], 10.00th=[    4], 20.00th=[    4],
     | 30.00th=[    4], 40.00th=[    4], 50.00th=[    4], 60.00th=[    5],
     | 70.00th=[    5], 80.00th=[    5], 90.00th=[    6], 95.00th=[    6],
     | 99.00th=[   16], 99.50th=[   24], 99.90th=[  109], 99.95th=[  141],
     | 99.99th=[  206]
    bw (MB  /s): min=   19, max= 1691, per=91.97%, avg=1413.17, stdev=405.55
    lat (usec) : 1000=0.01%
    lat (msec) : 2=0.07%, 4=52.03%, 10=45.81%, 20=1.51%, 50=0.24%
    lat (msec) : 100=0.21%, 250=0.13%, 500=0.01%
  cpu          : usr=0.65%, sys=31.94%, ctx=113875, majf=0, minf=524
  IO depths    : 1=0.1%, 2=0.1%, 4=0.1%, 8=99.9%, 16=0.0%, 32=0.0%, >=64=0.0%
     submit    : 0=0.0%, 4=100.0%, 8=0.0%, 16=0.0%, 32=0.0%, 64=0.0%, >=64=0.0%
     complete  : 0=0.0%, 4=100.0%, 8=0.0%, 16=0.1%, 32=0.0%, 64=0.0%, >=64=0.0%
     issued    : total=r=125984/w=0/d=0, short=r=0/w=0/d=0
seqread: (groupid=0, jobs=1): err= 0: pid=3042: Fri May 27 18:22:03 2016
  read : io=7203.0MB, bw=122919KB/s, iops=120, runt= 60006msec
    slat (usec): min=67, max=91253, avg=518.46, stdev=2694.97
    clat (usec): min=573, max=460254, avg=11079.60, stdev=27067.46
     lat (usec): min=804, max=460570, avg=11598.70, stdev=27482.10
    clat percentiles (msec):
     |  1.00th=[    3],  5.00th=[    3], 10.00th=[    4], 20.00th=[    4],
     | 30.00th=[    4], 40.00th=[    4], 50.00th=[    5], 60.00th=[    5],
     | 70.00th=[    5], 80.00th=[    8], 90.00th=[   18], 95.00th=[   47],
     | 99.00th=[  137], 99.50th=[  151], 99.90th=[  334], 99.95th=[  453],
     | 99.99th=[  461]
    bw (KB  /s): min=47080, max=320894, per=7.82%, avg=123092.30, stdev=22519.53
    lat (usec) : 750=0.03%
    lat (msec) : 2=0.07%, 4=47.13%, 10=37.05%, 20=7.47%, 50=3.33%
    lat (msec) : 100=2.43%, 250=2.35%, 500=0.14%
  cpu          : usr=0.15%, sys=4.13%, ctx=13178, majf=0, minf=524
  IO depths    : 1=76.9%, 2=2.9%, 4=5.9%, 8=14.3%, 16=0.0%, 32=0.0%, >=64=0.0%
     submit    : 0=0.0%, 4=100.0%, 8=0.0%, 16=0.0%, 32=0.0%, 64=0.0%, >=64=0.0%
     complete  : 0=0.0%, 4=100.0%, 8=0.0%, 16=0.0%, 32=0.0%, 64=0.0%, >=64=0.0%
     issued    : total=r=7203/w=0/d=0, short=r=0/w=0/d=0
seqwrite: (groupid=0, jobs=1): err= 0: pid=3043: Fri May 27 18:22:03 2016
  write: io=7202.0MB, bw=122916KB/s, iops=120, runt= 59999msec
    slat (usec): min=90, max=82269, avg=577.94, stdev=2913.82
    clat (usec): min=711, max=449056, avg=12173.82, stdev=26315.72
     lat (msec): min=1, max=453, avg=12.75, stdev=26.86
    clat percentiles (msec):
     |  1.00th=[    4],  5.00th=[    4], 10.00th=[    5], 20.00th=[    5],
     | 30.00th=[    5], 40.00th=[    5], 50.00th=[    5], 60.00th=[    6],
     | 70.00th=[    6], 80.00th=[    9], 90.00th=[   20], 95.00th=[   65],
     | 99.00th=[  135], 99.50th=[  153], 99.90th=[  347], 99.95th=[  351],
     | 99.99th=[  449]
    bw (KB  /s): min=71441, max=326551, per=100.00%, avg=123126.51, stdev=21802.51
    lat (usec) : 750=0.01%
    lat (msec) : 2=0.08%, 4=8.71%, 10=74.03%, 20=7.35%, 50=4.28%
    lat (msec) : 100=2.72%, 250=2.68%, 500=0.14%
  cpu          : usr=0.79%, sys=4.10%, ctx=13252, majf=0, minf=10
  IO depths    : 1=76.8%, 2=2.9%, 4=5.8%, 8=14.5%, 16=0.0%, 32=0.0%, >=64=0.0%
     submit    : 0=0.0%, 4=100.0%, 8=0.0%, 16=0.0%, 32=0.0%, 64=0.0%, >=64=0.0%
     complete  : 0=0.0%, 4=100.0%, 8=0.0%, 16=0.0%, 32=0.0%, 64=0.0%, >=64=0.0%
     issued    : total=r=0/w=7202/d=0, short=r=0/w=0/d=0

Run status group 0 (all jobs):
   READ: io=92201MB, aggrb=1536.6MB/s, minb=122918KB/s, maxb=1416.6MB/s, mint=60005msec, maxt=60006msec
  WRITE: io=7202.0MB, aggrb=122916KB/s, minb=122916KB/s, maxb=122916KB/s, mint=59999msec, maxt=59999msec

Disk stats (read/write):
  nvme0n1: ios=869950/64788, merge=0/0, ticks=4275836/708472, in_queue=4986060, util=99.92%
