randread-8k-16k: (g=0): rw=randread, bs=8K-16K/8K-16K/8K-16K, ioengine=libaio, iodepth=10
seqread: (g=0): rw=read, bs=1M-1M/1M-1M/1M-1M, ioengine=libaio, iodepth=10
seqwrite: (g=0): rw=write, bs=1M-1M/1M-1M/1M-1M, ioengine=libaio, iodepth=10
fio-2.1.3
Starting 3 processes

randread-8k-16k: (groupid=0, jobs=1): err= 0: pid=26048: Fri May 27 17:39:45 2016
  read : io=578224KB, bw=9622.5KB/s, iops=814, runt= 60091msec
    slat (usec): min=3, max=102041, avg=75.35, stdev=530.66
    clat (msec): min=1, max=558, avg=12.19, stdev=10.47
     lat (msec): min=2, max=558, avg=12.27, stdev=10.49
    clat percentiles (msec):
     |  1.00th=[    9],  5.00th=[   10], 10.00th=[   10], 20.00th=[   10],
     | 30.00th=[   11], 40.00th=[   11], 50.00th=[   11], 60.00th=[   12],
     | 70.00th=[   12], 80.00th=[   13], 90.00th=[   14], 95.00th=[   17],
     | 99.00th=[   45], 99.50th=[   75], 99.90th=[  114], 99.95th=[  167],
     | 99.99th=[  404]
    bw (KB  /s): min=  312, max=11648, per=1.45%, avg=9690.41, stdev=2150.43
    lat (msec) : 2=0.01%, 4=0.01%, 10=28.04%, 20=67.55%, 50=3.64%
    lat (msec) : 100=0.59%, 250=0.15%, 500=0.02%, 750=0.01%
  cpu          : usr=0.81%, sys=6.88%, ctx=39505, majf=0, minf=48
  IO depths    : 1=0.1%, 2=0.1%, 4=0.1%, 8=100.0%, 16=0.0%, 32=0.0%, >=64=0.0%
     submit    : 0=0.0%, 4=100.0%, 8=0.0%, 16=0.0%, 32=0.0%, 64=0.0%, >=64=0.0%
     complete  : 0=0.0%, 4=100.0%, 8=0.0%, 16=0.1%, 32=0.0%, 64=0.0%, >=64=0.0%
     issued    : total=r=48936/w=0/d=0, short=r=0/w=0/d=0
seqread: (groupid=0, jobs=1): err= 0: pid=26049: Fri May 27 17:39:45 2016
  read : io=38770MB, bw=659970KB/s, iops=644, runt= 60155msec
    slat (usec): min=69, max=95278, avg=278.24, stdev=651.67
    clat (msec): min=3, max=562, avg=15.22, stdev=11.95
     lat (msec): min=4, max=563, avg=15.50, stdev=12.02
    clat percentiles (msec):
     |  1.00th=[   11],  5.00th=[   12], 10.00th=[   12], 20.00th=[   13],
     | 30.00th=[   13], 40.00th=[   14], 50.00th=[   14], 60.00th=[   14],
     | 70.00th=[   15], 80.00th=[   16], 90.00th=[   17], 95.00th=[   28],
     | 99.00th=[   53], 99.50th=[   84], 99.90th=[  161], 99.95th=[  208],
     | 99.99th=[  433]
    bw (KB  /s): min=30920, max=786432, per=98.79%, avg=661475.49, stdev=149468.17
    lat (msec) : 4=0.01%, 10=0.40%, 20=94.02%, 50=4.50%, 100=0.83%
    lat (msec) : 250=0.22%, 500=0.03%, 750=0.01%
  cpu          : usr=0.29%, sys=17.46%, ctx=36657, majf=0, minf=524
  IO depths    : 1=0.1%, 2=0.1%, 4=0.1%, 8=99.9%, 16=0.0%, 32=0.0%, >=64=0.0%
     submit    : 0=0.0%, 4=100.0%, 8=0.0%, 16=0.0%, 32=0.0%, 64=0.0%, >=64=0.0%
     complete  : 0=0.0%, 4=100.0%, 8=0.0%, 16=0.1%, 32=0.0%, 64=0.0%, >=64=0.0%
     issued    : total=r=38770/w=0/d=0, short=r=0/w=0/d=0
seqwrite: (groupid=0, jobs=1): err= 0: pid=26050: Fri May 27 17:39:45 2016
  write: io=38246MB, bw=651180KB/s, iops=635, runt= 60143msec
    slat (usec): min=73, max=100273, avg=333.44, stdev=618.24
    clat (msec): min=4, max=564, avg=15.38, stdev=12.01
     lat (msec): min=5, max=564, avg=15.71, stdev=12.07
    clat percentiles (msec):
     |  1.00th=[   12],  5.00th=[   12], 10.00th=[   13], 20.00th=[   13],
     | 30.00th=[   13], 40.00th=[   14], 50.00th=[   14], 60.00th=[   14],
     | 70.00th=[   15], 80.00th=[   16], 90.00th=[   17], 95.00th=[   28],
     | 99.00th=[   54], 99.50th=[   86], 99.90th=[  161], 99.95th=[  208],
     | 99.99th=[  433]
    bw (KB  /s): min=52662, max=760335, per=100.00%, avg=654872.33, stdev=142533.47
    lat (msec) : 10=0.19%, 20=94.10%, 50=4.52%, 100=0.93%, 250=0.23%
    lat (msec) : 500=0.03%, 750=0.01%
  cpu          : usr=3.80%, sys=16.84%, ctx=39104, majf=0, minf=10
  IO depths    : 1=0.1%, 2=0.1%, 4=0.1%, 8=99.9%, 16=0.0%, 32=0.0%, >=64=0.0%
     submit    : 0=0.0%, 4=100.0%, 8=0.0%, 16=0.0%, 32=0.0%, 64=0.0%, >=64=0.0%
     complete  : 0=0.0%, 4=100.0%, 8=0.0%, 16=0.1%, 32=0.0%, 64=0.0%, >=64=0.0%
     issued    : total=r=0/w=38246/d=0, short=r=0/w=0/d=0

Run status group 0 (all jobs):
   READ: io=39335MB, aggrb=669581KB/s, minb=9622KB/s, maxb=659969KB/s, mint=60091msec, maxt=60155msec
  WRITE: io=38246MB, aggrb=651179KB/s, minb=651179KB/s, maxb=651179KB/s, mint=60143msec, maxt=60143msec

Disk stats (read/write):
  nvme0n1: ios=397766/344158, merge=0/0, ticks=5676436/5036536, in_queue=10744612, util=100.00%
