randread-4m: (g=0): rw=randread, bs=4M-4M/4M-4M/4M-4M, ioengine=libaio, iodepth=10
fio-2.1.3
Starting 1 process

randread-4m: (groupid=0, jobs=1): err= 0: pid=30975: Fri May 27 18:01:54 2016
  read : io=146068MB, bw=2434.2MB/s, iops=608, runt= 60009msec
    slat (usec): min=349, max=6606, avg=1634.30, stdev=1261.06
    clat (msec): min=5, max=24, avg=14.76, stdev= 1.54
     lat (msec): min=7, max=25, avg=16.39, stdev= 1.51
    clat percentiles (usec):
     |  1.00th=[12480],  5.00th=[12992], 10.00th=[13120], 20.00th=[13376],
     | 30.00th=[13632], 40.00th=[13888], 50.00th=[14272], 60.00th=[15040],
     | 70.00th=[15936], 80.00th=[16320], 90.00th=[16768], 95.00th=[17280],
     | 99.00th=[18048], 99.50th=[18560], 99.90th=[19840], 99.95th=[22912],
     | 99.99th=[23936]
    bw (MB  /s): min= 2374, max= 2472, per=99.65%, avg=2425.50, stdev=24.64
    lat (msec) : 10=0.16%, 20=99.74%, 50=0.10%
  cpu          : usr=0.21%, sys=46.31%, ctx=28775, majf=0, minf=539
  IO depths    : 1=0.1%, 2=0.2%, 4=0.3%, 8=99.4%, 16=0.0%, 32=0.0%, >=64=0.0%
     submit    : 0=0.0%, 4=100.0%, 8=0.0%, 16=0.0%, 32=0.0%, 64=0.0%, >=64=0.0%
     complete  : 0=0.0%, 4=99.9%, 8=0.0%, 16=0.1%, 32=0.0%, 64=0.0%, >=64=0.0%
     issued    : total=r=36517/w=0/d=0, short=r=0/w=0/d=0

Run status group 0 (all jobs):
   READ: io=146068MB, aggrb=2434.2MB/s, minb=2434.2MB/s, maxb=2434.2MB/s, mint=60009msec, maxt=60009msec

Disk stats (read/write):
  nvme0n1: ios=1240398/0, merge=0/0, ticks=8906708/0, in_queue=8908772, util=99.93%
