randread-16k: (g=0): rw=randread, bs=16K-16K/16K-16K/16K-16K, ioengine=libaio, iodepth=10
fio-2.1.3
Starting 1 process

randread-16k: (groupid=0, jobs=1): err= 0: pid=28962: Fri May 27 17:52:51 2016
  read : io=55570MB, bw=948384KB/s, iops=59273, runt= 60001msec
    slat (usec): min=2, max=4874, avg= 5.80, stdev= 7.64
    clat (usec): min=1, max=5106, avg=161.71, stdev=47.76
     lat (usec): min=62, max=5110, avg=167.61, stdev=48.01
    clat percentiles (usec):
     |  1.00th=[  106],  5.00th=[  115], 10.00th=[  120], 20.00th=[  129],
     | 30.00th=[  135], 40.00th=[  143], 50.00th=[  149], 60.00th=[  159],
     | 70.00th=[  171], 80.00th=[  187], 90.00th=[  217], 95.00th=[  249],
     | 99.00th=[  350], 99.50th=[  386], 99.90th=[  482], 99.95th=[  524],
     | 99.99th=[  612]
    bw (KB  /s): min=935936, max=961856, per=99.97%, avg=948125.04, stdev=5368.72
    lat (usec) : 2=0.01%, 10=0.01%, 20=0.01%, 50=0.01%, 100=0.27%
    lat (usec) : 250=94.78%, 500=4.86%, 750=0.07%, 1000=0.01%
    lat (msec) : 10=0.01%
  cpu          : usr=11.23%, sys=45.94%, ctx=1580814, majf=0, minf=47
  IO depths    : 1=0.1%, 2=0.1%, 4=0.1%, 8=100.0%, 16=0.0%, 32=0.0%, >=64=0.0%
     submit    : 0=0.0%, 4=100.0%, 8=0.0%, 16=0.0%, 32=0.0%, 64=0.0%, >=64=0.0%
     complete  : 0=0.0%, 4=100.0%, 8=0.0%, 16=0.1%, 32=0.0%, 64=0.0%, >=64=0.0%
     issued    : total=r=3556499/w=0/d=0, short=r=0/w=0/d=0

Run status group 0 (all jobs):
   READ: io=55570MB, aggrb=948383KB/s, minb=948383KB/s, maxb=948383KB/s, mint=60001msec, maxt=60001msec

Disk stats (read/write):
  nvme0n1: ios=3553500/0, merge=0/0, ticks=542896/0, in_queue=542824, util=99.93%
