randread-32k: (g=0): rw=randread, bs=32K-32K/32K-32K/32K-32K, ioengine=libaio, iodepth=10
fio-2.1.3
Starting 1 process

randread-32k: (groupid=0, jobs=1): err= 0: pid=26492: Fri May 27 17:41:46 2016
  read : io=79975MB, bw=1332.1MB/s, iops=42652, runt= 60001msec
    slat (usec): min=2, max=504, avg= 7.91, stdev= 8.72
    clat (usec): min=0, max=2771, avg=225.27, stdev=72.39
     lat (usec): min=87, max=2779, avg=233.29, stdev=72.37
    clat percentiles (usec):
     |  1.00th=[  131],  5.00th=[  147], 10.00th=[  157], 20.00th=[  171],
     | 30.00th=[  183], 40.00th=[  195], 50.00th=[  207], 60.00th=[  223],
     | 70.00th=[  243], 80.00th=[  270], 90.00th=[  318], 95.00th=[  370],
     | 99.00th=[  478], 99.50th=[  524], 99.90th=[  636], 99.95th=[  684],
     | 99.99th=[  796]
    bw (MB  /s): min= 1318, max= 1349, per=99.79%, avg=1330.11, stdev= 5.78
    lat (usec) : 2=0.01%, 20=0.01%, 50=0.01%, 100=0.04%, 250=72.96%
    lat (usec) : 500=26.28%, 750=0.69%, 1000=0.02%
    lat (msec) : 2=0.01%, 4=0.01%
  cpu          : usr=8.95%, sys=43.08%, ctx=1284005, majf=0, minf=89
  IO depths    : 1=0.1%, 2=0.1%, 4=0.1%, 8=100.0%, 16=0.0%, 32=0.0%, >=64=0.0%
     submit    : 0=0.0%, 4=100.0%, 8=0.0%, 16=0.0%, 32=0.0%, 64=0.0%, >=64=0.0%
     complete  : 0=0.0%, 4=100.0%, 8=0.0%, 16=0.1%, 32=0.0%, 64=0.0%, >=64=0.0%
     issued    : total=r=2559211/w=0/d=0, short=r=0/w=0/d=0

Run status group 0 (all jobs):
   READ: io=79975MB, aggrb=1332.1MB/s, minb=1332.1MB/s, maxb=1332.1MB/s, mint=60001msec, maxt=60001msec

Disk stats (read/write):
  nvme0n1: ios=2557139/0, merge=0/0, ticks=552352/0, in_queue=552708, util=100.00%
