randread-512k: (g=0): rw=randread, bs=512K-512K/512K-512K/512K-512K, ioengine=libaio, iodepth=10
fio-2.1.3
Starting 1 process

randread-512k: (groupid=0, jobs=1): err= 0: pid=26718: Fri May 27 17:42:46 2016
  read : io=139366MB, bw=2322.7MB/s, iops=4645, runt= 60003msec
    slat (usec): min=31, max=797, avg=90.46, stdev=45.90
    clat (usec): min=501, max=4523, avg=2059.22, stdev=174.72
     lat (usec): min=562, max=4582, avg=2149.81, stdev=167.05
    clat percentiles (usec):
     |  1.00th=[ 1704],  5.00th=[ 1832], 10.00th=[ 1880], 20.00th=[ 1944],
     | 30.00th=[ 1976], 40.00th=[ 2024], 50.00th=[ 2064], 60.00th=[ 2064],
     | 70.00th=[ 2128], 80.00th=[ 2160], 90.00th=[ 2224], 95.00th=[ 2288],
     | 99.00th=[ 2704], 99.50th=[ 2928], 99.90th=[ 3280], 99.95th=[ 3440],
     | 99.99th=[ 4128]
    bw (MB  /s): min= 2270, max= 2331, per=99.85%, avg=2319.25, stdev= 7.72
    lat (usec) : 750=0.01%, 1000=0.03%
    lat (msec) : 2=34.79%, 4=65.15%, 10=0.01%
  cpu          : usr=1.33%, sys=42.97%, ctx=241782, majf=0, minf=777
  IO depths    : 1=0.1%, 2=0.1%, 4=0.1%, 8=99.9%, 16=0.0%, 32=0.0%, >=64=0.0%
     submit    : 0=0.0%, 4=100.0%, 8=0.0%, 16=0.0%, 32=0.0%, 64=0.0%, >=64=0.0%
     complete  : 0=0.0%, 4=100.0%, 8=0.0%, 16=0.1%, 32=0.0%, 64=0.0%, >=64=0.0%
     issued    : total=r=278732/w=0/d=0, short=r=0/w=0/d=0

Run status group 0 (all jobs):
   READ: io=139366MB, aggrb=2322.7MB/s, minb=2322.7MB/s, maxb=2322.7MB/s, mint=60003msec, maxt=60003msec

Disk stats (read/write):
  nvme0n1: ios=1392499/0, merge=0/0, ticks=2768900/0, in_queue=2769668, util=99.92%
