randread-64k: (g=0): rw=randread, bs=64K-64K/64K-64K/64K-64K, ioengine=libaio, iodepth=10
fio-2.1.3
Starting 1 process

randread-64k: (groupid=0, jobs=1): err= 0: pid=29185: Fri May 27 17:53:51 2016
  read : io=93403MB, bw=1556.7MB/s, iops=24906, runt= 60001msec
    slat (usec): min=5, max=2907, avg=12.22, stdev=12.12
    clat (usec): min=16, max=3275, avg=387.76, stdev=128.34
     lat (usec): min=115, max=3285, avg=400.09, stdev=127.68
    clat percentiles (usec):
     |  1.00th=[  183],  5.00th=[  221], 10.00th=[  247], 20.00th=[  282],
     | 30.00th=[  310], 40.00th=[  338], 50.00th=[  366], 60.00th=[  398],
     | 70.00th=[  438], 80.00th=[  486], 90.00th=[  564], 95.00th=[  628],
     | 99.00th=[  780], 99.50th=[  836], 99.90th=[  980], 99.95th=[ 1032],
     | 99.99th=[ 1144]
    bw (MB  /s): min= 1531, max= 1572, per=99.64%, avg=1551.04, stdev= 9.66
    lat (usec) : 20=0.01%, 50=0.01%, 100=0.02%, 250=10.96%, 500=71.40%
    lat (usec) : 750=16.26%, 1000=1.29%
    lat (msec) : 2=0.07%, 4=0.01%
  cpu          : usr=5.90%, sys=37.61%, ctx=842956, majf=0, minf=167
  IO depths    : 1=0.1%, 2=0.1%, 4=0.1%, 8=100.0%, 16=0.0%, 32=0.0%, >=64=0.0%
     submit    : 0=0.0%, 4=100.0%, 8=0.0%, 16=0.0%, 32=0.0%, 64=0.0%, >=64=0.0%
     complete  : 0=0.0%, 4=100.0%, 8=0.0%, 16=0.1%, 32=0.0%, 64=0.0%, >=64=0.0%
     issued    : total=r=1494441/w=0/d=0, short=r=0/w=0/d=0

Run status group 0 (all jobs):
   READ: io=93403MB, aggrb=1556.7MB/s, minb=1556.7MB/s, maxb=1556.7MB/s, mint=60001msec, maxt=60001msec

Disk stats (read/write):
  nvme0n1: ios=1493195/0, merge=0/0, ticks=561236/0, in_queue=562124, util=100.00%
