randread-256k: (g=0): rw=randread, bs=256K-256K/256K-256K/256K-256K, ioengine=libaio, iodepth=10
fio-2.1.3
Starting 1 process

randread-256k: (groupid=0, jobs=1): err= 0: pid=29405: Fri May 27 17:54:51 2016
  read : io=125798MB, bw=2096.6MB/s, iops=8386, runt= 60002msec
    slat (usec): min=17, max=1503, avg=30.19, stdev=18.71
    clat (usec): min=232, max=2511, avg=1160.60, stdev=174.54
     lat (usec): min=261, max=2535, avg=1190.90, stdev=173.16
    clat percentiles (usec):
     |  1.00th=[  852],  5.00th=[  940], 10.00th=[  980], 20.00th=[ 1032],
     | 30.00th=[ 1064], 40.00th=[ 1096], 50.00th=[ 1128], 60.00th=[ 1176],
     | 70.00th=[ 1208], 80.00th=[ 1272], 90.00th=[ 1384], 95.00th=[ 1496],
     | 99.00th=[ 1752], 99.50th=[ 1848], 99.90th=[ 2024], 99.95th=[ 2096],
     | 99.99th=[ 2256]
    bw (MB  /s): min= 2065, max= 2117, per=99.79%, avg=2092.14, stdev=11.55
    lat (usec) : 250=0.01%, 500=0.01%, 750=0.19%, 1000=13.27%
    lat (msec) : 2=86.40%, 4=0.13%
  cpu          : usr=1.85%, sys=27.76%, ctx=410932, majf=0, minf=647
  IO depths    : 1=0.1%, 2=0.1%, 4=0.1%, 8=100.0%, 16=0.0%, 32=0.0%, >=64=0.0%
     submit    : 0=0.0%, 4=100.0%, 8=0.0%, 16=0.0%, 32=0.0%, 64=0.0%, >=64=0.0%
     complete  : 0=0.0%, 4=100.0%, 8=0.0%, 16=0.1%, 32=0.0%, 64=0.0%, >=64=0.0%
     issued    : total=r=503192/w=0/d=0, short=r=0/w=0/d=0

Run status group 0 (all jobs):
   READ: io=125798MB, aggrb=2096.6MB/s, minb=2096.6MB/s, maxb=2096.6MB/s, mint=60002msec, maxt=60002msec

Disk stats (read/write):
  nvme0n1: ios=1508334/0, merge=0/0, ticks=1643456/0, in_queue=1643264, util=99.92%
