randread-8k: (g=0): rw=randread, bs=8K-8K/8K-8K/8K-8K, ioengine=libaio, iodepth=10
fio-2.1.3
Starting 1 process

randread-8k: (groupid=0, jobs=1): err= 0: pid=24698: Fri May 27 17:33:42 2016
  read : io=29189MB, bw=498151KB/s, iops=62268, runt= 60001msec
    slat (usec): min=1, max=3910, avg= 5.89, stdev= 9.05
    clat (usec): min=10, max=4077, avg=153.05, stdev=49.51
     lat (usec): min=46, max=4081, avg=159.08, stdev=50.15
    clat percentiles (usec):
     |  1.00th=[   91],  5.00th=[  100], 10.00th=[  105], 20.00th=[  114],
     | 30.00th=[  122], 40.00th=[  131], 50.00th=[  141], 60.00th=[  155],
     | 70.00th=[  171], 80.00th=[  189], 90.00th=[  211], 95.00th=[  231],
     | 99.00th=[  338], 99.50th=[  398], 99.90th=[  498], 99.95th=[  540],
     | 99.99th=[  660]
    bw (KB  /s): min=403424, max=599296, per=99.95%, avg=497881.24, stdev=42230.67
    lat (usec) : 20=0.01%, 50=0.01%, 100=4.85%, 250=92.46%, 500=2.59%
    lat (usec) : 750=0.09%, 1000=0.01%
    lat (msec) : 10=0.01%
  cpu          : usr=17.72%, sys=47.84%, ctx=889152, majf=0, minf=28
  IO depths    : 1=0.1%, 2=0.1%, 4=0.1%, 8=100.0%, 16=0.0%, 32=0.0%, >=64=0.0%
     submit    : 0=0.0%, 4=100.0%, 8=0.0%, 16=0.0%, 32=0.0%, 64=0.0%, >=64=0.0%
     complete  : 0=0.0%, 4=100.0%, 8=0.0%, 16=0.1%, 32=0.0%, 64=0.0%, >=64=0.0%
     issued    : total=r=3736195/w=0/d=0, short=r=0/w=0/d=0

Run status group 0 (all jobs):
   READ: io=29189MB, aggrb=498151KB/s, minb=498151KB/s, maxb=498151KB/s, mint=60001msec, maxt=60001msec

Disk stats (read/write):
  nvme0n1: ios=3732747/0, merge=0/0, ticks=447096/0, in_queue=447000, util=98.29%
