seqread: (g=0): rw=read, bs=1M-1M/1M-1M/1M-1M, ioengine=libaio, iodepth=10
fio-2.1.3
Starting 1 process
seqread: Laying out IO file(s) (1 file(s) / 32768MB)

seqread: (groupid=0, jobs=1): err= 0: pid=24201: Fri May 27 17:31:28 2016
  read : io=153003MB, bw=2549.1MB/s, iops=2549, runt= 60004msec
    slat (usec): min=64, max=3728, avg=245.58, stdev=93.17
    clat (usec): min=1455, max=8267, avg=3671.50, stdev=267.24
     lat (usec): min=1656, max=8414, avg=3917.27, stdev=250.77
    clat percentiles (usec):
     |  1.00th=[ 3216],  5.00th=[ 3376], 10.00th=[ 3504], 20.00th=[ 3568],
     | 30.00th=[ 3600], 40.00th=[ 3600], 50.00th=[ 3632], 60.00th=[ 3664],
     | 70.00th=[ 3696], 80.00th=[ 3728], 90.00th=[ 3792], 95.00th=[ 4384],
     | 99.00th=[ 4640], 99.50th=[ 4640], 99.90th=[ 5472], 99.95th=[ 6240],
     | 99.99th=[ 6752]
    bw (MB  /s): min= 2468, max= 2588, per=100.00%, avg=2550.67, stdev=36.19
    lat (msec) : 2=0.08%, 4=93.20%, 10=6.72%
  cpu          : usr=0.70%, sys=60.80%, ctx=144618, majf=0, minf=524
  IO depths    : 1=0.1%, 2=0.1%, 4=0.1%, 8=99.9%, 16=0.0%, 32=0.0%, >=64=0.0%
     submit    : 0=0.0%, 4=100.0%, 8=0.0%, 16=0.0%, 32=0.0%, 64=0.0%, >=64=0.0%
     complete  : 0=0.0%, 4=100.0%, 8=0.0%, 16=0.1%, 32=0.0%, 64=0.0%, >=64=0.0%
     issued    : total=r=153003/w=0/d=0, short=r=0/w=0/d=0

Run status group 0 (all jobs):
   READ: io=153003MB, aggrb=2549.1MB/s, minb=2549.1MB/s, maxb=2549.1MB/s, mint=60004msec, maxt=60004msec

Disk stats (read/write):
  nvme0n1: ios=1374584/5, merge=0/0, ticks=4965152/16, in_queue=4966792, util=99.93%
