randread-512k-1m: (g=0): rw=randread, bs=512K-1M/512K-1M/512K-1M, ioengine=libaio, iodepth=10
seqread: (g=0): rw=read, bs=1M-1M/1M-1M/1M-1M, ioengine=libaio, iodepth=10
seqwrite: (g=0): rw=write, bs=1M-1M/1M-1M/1M-1M, ioengine=libaio, iodepth=10
fio-2.2.8
Starting 3 processes

randread-512k-1m: (groupid=0, jobs=1): err= 0: pid=6628: Thu Apr  7 17:59:03 2016
  read : io=3085.6MB, bw=52551KB/s, iops=102, runt= 60124msec
    slat (usec): min=7, max=194, avg=11.97, stdev= 5.70
    clat (msec): min=1, max=660, avg=97.40, stdev=76.01
     lat (msec): min=1, max=660, avg=97.41, stdev=76.01
    clat percentiles (msec):
     |  1.00th=[   11],  5.00th=[   14], 10.00th=[   17], 20.00th=[   26],
     | 30.00th=[   42], 40.00th=[   60], 50.00th=[   80], 60.00th=[  103],
     | 70.00th=[  131], 80.00th=[  161], 90.00th=[  204], 95.00th=[  241],
     | 99.00th=[  326], 99.50th=[  371], 99.90th=[  453], 99.95th=[  486],
     | 99.99th=[  660]
    bw (KB  /s): min=31367, max=75474, per=71.94%, avg=52591.53, stdev=9319.88
    lat (msec) : 2=0.16%, 4=0.06%, 10=0.21%, 20=14.68%, 50=20.05%
    lat (msec) : 100=23.51%, 250=37.37%, 500=3.91%, 750=0.05%
  cpu          : usr=0.03%, sys=0.13%, ctx=6175, majf=0, minf=269
  IO depths    : 1=0.1%, 2=0.1%, 4=0.1%, 8=99.9%, 16=0.0%, 32=0.0%, >=64=0.0%
     submit    : 0=0.0%, 4=100.0%, 8=0.0%, 16=0.0%, 32=0.0%, 64=0.0%, >=64=0.0%
     complete  : 0=0.0%, 4=100.0%, 8=0.0%, 16=0.1%, 32=0.0%, 64=0.0%, >=64=0.0%
     issued    : total=r=6171/w=0/d=0, short=r=0/w=0/d=0, drop=r=0/w=0/d=0
     latency   : target=0, window=0, percentile=100.00%, depth=10
seqread: (groupid=0, jobs=1): err= 0: pid=6629: Thu Apr  7 17:59:03 2016
  read : io=1207.0MB, bw=20575KB/s, iops=20, runt= 60072msec
    slat (usec): min=15, max=266, avg=21.60, stdev=13.49
    clat (msec): min=2, max=260, avg=117.82, stdev=43.84
     lat (msec): min=2, max=260, avg=117.84, stdev=43.84
    clat percentiles (msec):
     |  1.00th=[    5],  5.00th=[   24], 10.00th=[   53], 20.00th=[   90],
     | 30.00th=[  108], 40.00th=[  116], 50.00th=[  124], 60.00th=[  133],
     | 70.00th=[  139], 80.00th=[  149], 90.00th=[  169], 95.00th=[  186],
     | 99.00th=[  210], 99.50th=[  210], 99.90th=[  237], 99.95th=[  262],
     | 99.99th=[  262]
    bw (KB  /s): min= 3893, max=31267, per=28.16%, avg=20588.98, stdev=6060.99
    lat (msec) : 4=0.91%, 10=2.32%, 20=1.49%, 50=4.31%, 100=16.07%
    lat (msec) : 250=74.81%, 500=0.08%
  cpu          : usr=0.00%, sys=0.04%, ctx=1449, majf=0, minf=527
  IO depths    : 1=19.7%, 2=13.6%, 4=27.2%, 8=39.5%, 16=0.0%, 32=0.0%, >=64=0.0%
     submit    : 0=0.0%, 4=100.0%, 8=0.0%, 16=0.0%, 32=0.0%, 64=0.0%, >=64=0.0%
     complete  : 0=0.0%, 4=100.0%, 8=0.0%, 16=0.0%, 32=0.0%, 64=0.0%, >=64=0.0%
     issued    : total=r=1207/w=0/d=0, short=r=0/w=0/d=0, drop=r=0/w=0/d=0
     latency   : target=0, window=0, percentile=100.00%, depth=10
seqwrite: (groupid=0, jobs=1): err= 0: pid=6630: Thu Apr  7 17:59:03 2016
  write: io=1208.0MB, bw=20589KB/s, iops=20, runt= 60081msec
    slat (usec): min=21, max=78, avg=47.38, stdev= 9.65
    clat (msec): min=2, max=215, avg=79.30, stdev=56.29
     lat (msec): min=2, max=215, avg=79.35, stdev=56.29
    clat percentiles (msec):
     |  1.00th=[    3],  5.00th=[    3], 10.00th=[    6], 20.00th=[   18],
     | 30.00th=[   36], 40.00th=[   57], 50.00th=[   79], 60.00th=[   95],
     | 70.00th=[  117], 80.00th=[  141], 90.00th=[  159], 95.00th=[  167],
     | 99.00th=[  184], 99.50th=[  190], 99.90th=[  215], 99.95th=[  217],
     | 99.99th=[  217]
    bw (KB  /s): min= 3716, max=33867, per=100.00%, avg=20781.68, stdev=5934.15
    lat (msec) : 4=7.95%, 10=6.54%, 20=8.20%, 50=14.24%, 100=25.75%
    lat (msec) : 250=37.33%
  cpu          : usr=0.06%, sys=0.04%, ctx=1528, majf=0, minf=10
  IO depths    : 1=26.6%, 2=13.6%, 4=27.2%, 8=32.7%, 16=0.0%, 32=0.0%, >=64=0.0%
     submit    : 0=0.0%, 4=100.0%, 8=0.0%, 16=0.0%, 32=0.0%, 64=0.0%, >=64=0.0%
     complete  : 0=0.0%, 4=100.0%, 8=0.0%, 16=0.0%, 32=0.0%, 64=0.0%, >=64=0.0%
     issued    : total=r=0/w=1208/d=0, short=r=0/w=0/d=0, drop=r=0/w=0/d=0
     latency   : target=0, window=0, percentile=100.00%, depth=10

Run status group 0 (all jobs):
   READ: io=4292.6MB, aggrb=73107KB/s, minb=20574KB/s, maxb=52550KB/s, mint=60072msec, maxt=60124msec
  WRITE: io=1208.0MB, aggrb=20588KB/s, minb=20588KB/s, maxb=20588KB/s, mint=60081msec, maxt=60081msec

Disk stats (read/write):
  sdb: ios=7361/1310, merge=0/0, ticks=739717/104164, in_queue=845726, util=99.87%
