randread-8k-16k: (g=0): rw=randread, bs=8K-16K/8K-16K/8K-16K, ioengine=libaio, iodepth=10
seqread: (g=0): rw=read, bs=1M-1M/1M-1M/1M-1M, ioengine=libaio, iodepth=10
seqwrite: (g=0): rw=write, bs=1M-1M/1M-1M/1M-1M, ioengine=libaio, iodepth=10
fio-2.2.8
Starting 3 processes

randread-8k-16k: (groupid=0, jobs=1): err= 0: pid=8351: Thu Apr  7 17:18:40 2016
  read : io=12488KB, bw=212780B/s, iops=25, runt= 60098msec
    slat (usec): min=1, max=37, avg= 4.07, stdev= 2.13
    clat (usec): min=311, max=5220.4K, avg=384946.67, stdev=759477.32
     lat (usec): min=316, max=5220.4K, avg=384950.86, stdev=759477.42
    clat percentiles (msec):
     |  1.00th=[   72],  5.00th=[  155], 10.00th=[  167], 20.00th=[  182],
     | 30.00th=[  190], 40.00th=[  200], 50.00th=[  212], 60.00th=[  227],
     | 70.00th=[  247], 80.00th=[  269], 90.00th=[  330], 95.00th=[ 1336],
     | 99.00th=[ 4948], 99.50th=[ 5080], 99.90th=[ 5211], 99.95th=[ 5211],
     | 99.99th=[ 5211]
    bw (KB  /s): min=    2, max=  453, per=0.27%, avg=317.61, stdev=124.81
    lat (usec) : 500=0.06%
    lat (msec) : 4=0.06%, 10=0.13%, 20=0.19%, 50=0.45%, 100=0.19%
    lat (msec) : 250=70.66%, 500=21.14%, 750=0.58%, 1000=1.41%, 2000=1.92%
    lat (msec) : >=2000=3.20%
  cpu          : usr=0.01%, sys=0.01%, ctx=1565, majf=0, minf=31
  IO depths    : 1=0.1%, 2=0.1%, 4=0.3%, 8=99.6%, 16=0.0%, 32=0.0%, >=64=0.0%
     submit    : 0=0.0%, 4=100.0%, 8=0.0%, 16=0.0%, 32=0.0%, 64=0.0%, >=64=0.0%
     complete  : 0=0.0%, 4=99.9%, 8=0.0%, 16=0.1%, 32=0.0%, 64=0.0%, >=64=0.0%
     issued    : total=r=1561/w=0/d=0, short=r=0/w=0/d=0, drop=r=0/w=0/d=0
     latency   : target=0, window=0, percentile=100.00%, depth=10
seqread: (groupid=0, jobs=1): err= 0: pid=8352: Thu Apr  7 17:18:40 2016
  read : io=6856.0MB, bw=116739KB/s, iops=114, runt= 60139msec
    slat (usec): min=13, max=261, avg=18.83, stdev= 6.39
    clat (msec): min=10, max=5113, avg=87.65, stdev=354.55
     lat (msec): min=10, max=5113, avg=87.67, stdev=354.55
    clat percentiles (msec):
     |  1.00th=[   11],  5.00th=[   11], 10.00th=[   11], 20.00th=[   11],
     | 30.00th=[   11], 40.00th=[   11], 50.00th=[   11], 60.00th=[   11],
     | 70.00th=[   12], 80.00th=[  176], 90.00th=[  196], 95.00th=[  219],
     | 99.00th=[  898], 99.50th=[ 3130], 99.90th=[ 5145], 99.95th=[ 5145],
     | 99.99th=[ 5145]
    bw (KB  /s): min=37052, max=199111, per=100.00%, avg=118892.80, stdev=66588.66
    lat (msec) : 20=74.50%, 50=0.22%, 100=0.36%, 250=21.60%, 500=2.01%
    lat (msec) : 750=0.12%, 1000=0.25%, 2000=0.35%, >=2000=0.58%
  cpu          : usr=0.03%, sys=0.23%, ctx=6859, majf=0, minf=527
  IO depths    : 1=0.1%, 2=0.1%, 4=0.1%, 8=99.8%, 16=0.0%, 32=0.0%, >=64=0.0%
     submit    : 0=0.0%, 4=100.0%, 8=0.0%, 16=0.0%, 32=0.0%, 64=0.0%, >=64=0.0%
     complete  : 0=0.0%, 4=100.0%, 8=0.0%, 16=0.1%, 32=0.0%, 64=0.0%, >=64=0.0%
     issued    : total=r=6856/w=0/d=0, short=r=0/w=0/d=0, drop=r=0/w=0/d=0
     latency   : target=0, window=0, percentile=100.00%, depth=10
seqwrite: (groupid=0, jobs=1): err= 0: pid=8353: Thu Apr  7 17:18:40 2016
  write: io=1770.0MB, bw=30128KB/s, iops=29, runt= 60159msec
    slat (usec): min=24, max=69, avg=46.70, stdev= 8.25
    clat (msec): min=90, max=5112, avg=339.82, stdev=705.93
     lat (msec): min=90, max=5112, avg=339.86, stdev=705.93
    clat percentiles (msec):
     |  1.00th=[  127],  5.00th=[  145], 10.00th=[  155], 20.00th=[  172],
     | 30.00th=[  178], 40.00th=[  184], 50.00th=[  188], 60.00th=[  194],
     | 70.00th=[  202], 80.00th=[  219], 90.00th=[  277], 95.00th=[  865],
     | 99.00th=[ 4948], 99.50th=[ 5080], 99.90th=[ 5080], 99.95th=[ 5145],
     | 99.99th=[ 5145]
    bw (KB  /s): min=  250, max=75776, per=100.00%, avg=43316.51, stdev=19961.96
    lat (msec) : 100=0.06%, 250=85.71%, 500=7.68%, 750=0.62%, 1000=1.19%
    lat (msec) : 2000=2.03%, >=2000=2.71%
  cpu          : usr=0.07%, sys=0.08%, ctx=1774, majf=0, minf=11
  IO depths    : 1=0.1%, 2=0.1%, 4=0.2%, 8=99.6%, 16=0.0%, 32=0.0%, >=64=0.0%
     submit    : 0=0.0%, 4=100.0%, 8=0.0%, 16=0.0%, 32=0.0%, 64=0.0%, >=64=0.0%
     complete  : 0=0.0%, 4=99.9%, 8=0.0%, 16=0.1%, 32=0.0%, 64=0.0%, >=64=0.0%
     issued    : total=r=0/w=1770/d=0, short=r=0/w=0/d=0, drop=r=0/w=0/d=0
     latency   : target=0, window=0, percentile=100.00%, depth=10

Run status group 0 (all jobs):
   READ: io=6868.2MB, aggrb=116946KB/s, minb=207KB/s, maxb=116738KB/s, mint=60098msec, maxt=60139msec
  WRITE: io=1770.0MB, aggrb=30128KB/s, minb=30128KB/s, maxb=30128KB/s, mint=60159msec, maxt=60159msec

Disk stats (read/write):
  sdb: ios=8417/1948, merge=0/0, ticks=1201001/663177, in_queue=1864702, util=99.87%
