randread-1k-4k: (g=0): rw=randread, bs=1K-4K/1K-4K/1K-4K, ioengine=libaio, iodepth=10
seqread: (g=0): rw=read, bs=1M-1M/1M-1M/1M-1M, ioengine=libaio, iodepth=10
seqwrite: (g=0): rw=write, bs=1M-1M/1M-1M/1M-1M, ioengine=libaio, iodepth=10
fio-2.2.8
Starting 3 processes

randread-1k-4k: (groupid=0, jobs=1): err= 0: pid=3595: Thu Apr  7 17:16:39 2016
  read : io=2605.0KB, bw=44292B/s, iops=25, runt= 60225msec
    slat (usec): min=1, max=31, avg= 4.04, stdev= 2.03
    clat (msec): min=4, max=6119, avg=396.85, stdev=919.87
     lat (msec): min=4, max=6119, avg=396.85, stdev=919.87
    clat percentiles (msec):
     |  1.00th=[  111],  5.00th=[  157], 10.00th=[  172], 20.00th=[  186],
     | 30.00th=[  196], 40.00th=[  206], 50.00th=[  219], 60.00th=[  233],
     | 70.00th=[  249], 80.00th=[  269], 90.00th=[  318], 95.00th=[  494],
     | 99.00th=[ 6063], 99.50th=[ 6063], 99.90th=[ 6128], 99.95th=[ 6128],
     | 99.99th=[ 6128]
    bw (KB  /s): min=    0, max=   92, per=0.06%, avg=67.22, stdev=26.25
    lat (msec) : 10=0.13%, 20=0.26%, 50=0.26%, 100=0.20%, 250=69.61%
    lat (msec) : 500=24.59%, 750=0.20%, 1000=0.20%, 2000=1.91%, >=2000=2.64%
  cpu          : usr=0.01%, sys=0.01%, ctx=1519, majf=0, minf=22
  IO depths    : 1=0.1%, 2=0.1%, 4=0.3%, 8=99.5%, 16=0.0%, 32=0.0%, >=64=0.0%
     submit    : 0=0.0%, 4=100.0%, 8=0.0%, 16=0.0%, 32=0.0%, 64=0.0%, >=64=0.0%
     complete  : 0=0.0%, 4=99.9%, 8=0.0%, 16=0.1%, 32=0.0%, 64=0.0%, >=64=0.0%
     issued    : total=r=1517/w=0/d=0, short=r=0/w=0/d=0, drop=r=0/w=0/d=0
     latency   : target=0, window=0, percentile=100.00%, depth=10
seqread: (groupid=0, jobs=1): err= 0: pid=3596: Thu Apr  7 17:16:39 2016
  read : io=6844.0MB, bw=116428KB/s, iops=113, runt= 60194msec
    slat (usec): min=13, max=427, avg=18.01, stdev= 7.50
    clat (msec): min=6, max=6125, avg=87.87, stdev=415.56
     lat (msec): min=6, max=6125, avg=87.89, stdev=415.56
    clat percentiles (msec):
     |  1.00th=[   11],  5.00th=[   11], 10.00th=[   11], 20.00th=[   11],
     | 30.00th=[   11], 40.00th=[   11], 50.00th=[   11], 60.00th=[   11],
     | 70.00th=[   12], 80.00th=[  172], 90.00th=[  202], 95.00th=[  229],
     | 99.00th=[  359], 99.50th=[ 1942], 99.90th=[ 6063], 99.95th=[ 6128],
     | 99.99th=[ 6128]
    bw (KB  /s): min=39529, max=199111, per=100.00%, avg=118320.50, stdev=67974.56
    lat (msec) : 10=0.01%, 20=74.61%, 50=0.45%, 100=0.41%, 250=21.42%
    lat (msec) : 500=2.28%, 2000=0.35%, >=2000=0.47%
  cpu          : usr=0.02%, sys=0.23%, ctx=6852, majf=0, minf=527
  IO depths    : 1=0.1%, 2=0.1%, 4=0.1%, 8=99.8%, 16=0.0%, 32=0.0%, >=64=0.0%
     submit    : 0=0.0%, 4=100.0%, 8=0.0%, 16=0.0%, 32=0.0%, 64=0.0%, >=64=0.0%
     complete  : 0=0.0%, 4=100.0%, 8=0.0%, 16=0.1%, 32=0.0%, 64=0.0%, >=64=0.0%
     issued    : total=r=6844/w=0/d=0, short=r=0/w=0/d=0, drop=r=0/w=0/d=0
     latency   : target=0, window=0, percentile=100.00%, depth=10
seqwrite: (groupid=0, jobs=1): err= 0: pid=3597: Thu Apr  7 17:16:39 2016
  write: io=1751.0MB, bw=29805KB/s, iops=29, runt= 60159msec
    slat (usec): min=21, max=74, avg=45.27, stdev= 8.01
    clat (msec): min=74, max=6075, avg=343.45, stdev=854.31
     lat (msec): min=75, max=6075, avg=343.50, stdev=854.31
    clat percentiles (msec):
     |  1.00th=[  121],  5.00th=[  147], 10.00th=[  159], 20.00th=[  169],
     | 30.00th=[  178], 40.00th=[  186], 50.00th=[  190], 60.00th=[  196],
     | 70.00th=[  202], 80.00th=[  217], 90.00th=[  258], 95.00th=[  326],
     | 99.00th=[ 5997], 99.50th=[ 6063], 99.90th=[ 6063], 99.95th=[ 6063],
     | 99.99th=[ 6063]
    bw (KB  /s): min=  308, max=77395, per=100.00%, avg=46740.32, stdev=17087.36
    lat (msec) : 100=0.17%, 250=88.58%, 500=7.02%, 750=0.23%, 1000=0.11%
    lat (msec) : 2000=1.54%, >=2000=2.34%
  cpu          : usr=0.09%, sys=0.05%, ctx=1760, majf=0, minf=11
  IO depths    : 1=0.1%, 2=0.1%, 4=0.2%, 8=99.6%, 16=0.0%, 32=0.0%, >=64=0.0%
     submit    : 0=0.0%, 4=100.0%, 8=0.0%, 16=0.0%, 32=0.0%, 64=0.0%, >=64=0.0%
     complete  : 0=0.0%, 4=99.9%, 8=0.0%, 16=0.1%, 32=0.0%, 64=0.0%, >=64=0.0%
     issued    : total=r=0/w=1751/d=0, short=r=0/w=0/d=0, drop=r=0/w=0/d=0
     latency   : target=0, window=0, percentile=100.00%, depth=10

Run status group 0 (all jobs):
   READ: io=6846.6MB, aggrb=116411KB/s, minb=43KB/s, maxb=116427KB/s, mint=60194msec, maxt=60225msec
  WRITE: io=1751.0MB, aggrb=29804KB/s, minb=29804KB/s, maxb=29804KB/s, mint=60159msec, maxt=60159msec

Disk stats (read/write):
  sdb: ios=8353/1752, merge=0/0, ticks=1199383/602161, in_queue=1803397, util=99.87%
