randread-128k-256k: (g=0): rw=randread, bs=128K-256K/128K-256K/128K-256K, ioengine=libaio, iodepth=10
seqread: (g=0): rw=read, bs=1M-1M/1M-1M/1M-1M, ioengine=libaio, iodepth=10
seqwrite: (g=0): rw=write, bs=1M-1M/1M-1M/1M-1M, ioengine=libaio, iodepth=10
fio-2.2.8
Starting 3 processes

randread-128k-256k: (groupid=0, jobs=1): err= 0: pid=31730: Thu Apr  7 17:56:01 2016
  read : io=643072KB, bw=10690KB/s, iops=83, runt= 60154msec
    slat (usec): min=3, max=183, avg= 5.65, stdev= 3.13
    clat (usec): min=518, max=514316, avg=119699.21, stdev=84396.29
     lat (usec): min=524, max=514328, avg=119704.97, stdev=84396.35
    clat percentiles (msec):
     |  1.00th=[    8],  5.00th=[   12], 10.00th=[   17], 20.00th=[   33],
     | 30.00th=[   57], 40.00th=[   88], 50.00th=[  115], 60.00th=[  137],
     | 70.00th=[  165], 80.00th=[  190], 90.00th=[  233], 95.00th=[  273],
     | 99.00th=[  351], 99.50th=[  383], 99.90th=[  449], 99.95th=[  482],
     | 99.99th=[  515]
    bw (KB  /s): min= 5260, max=18539, per=20.79%, avg=10738.86, stdev=2443.67
    lat (usec) : 750=0.08%
    lat (msec) : 2=0.02%, 4=0.02%, 10=4.48%, 20=7.72%, 50=15.51%
    lat (msec) : 100=16.44%, 250=48.39%, 500=7.32%, 750=0.02%
  cpu          : usr=0.02%, sys=0.06%, ctx=5029, majf=0, minf=76
  IO depths    : 1=0.1%, 2=0.1%, 4=0.1%, 8=99.9%, 16=0.0%, 32=0.0%, >=64=0.0%
     submit    : 0=0.0%, 4=100.0%, 8=0.0%, 16=0.0%, 32=0.0%, 64=0.0%, >=64=0.0%
     complete  : 0=0.0%, 4=100.0%, 8=0.0%, 16=0.1%, 32=0.0%, 64=0.0%, >=64=0.0%
     issued    : total=r=5024/w=0/d=0, short=r=0/w=0/d=0, drop=r=0/w=0/d=0
     latency   : target=0, window=0, percentile=100.00%, depth=10
seqread: (groupid=0, jobs=1): err= 0: pid=31731: Thu Apr  7 17:56:01 2016
  read : io=2406.0MB, bw=40976KB/s, iops=40, runt= 60127msec
    slat (usec): min=12, max=266, avg=19.98, stdev= 9.98
    clat (msec): min=2, max=347, avg=115.27, stdev=49.95
     lat (msec): min=2, max=347, avg=115.29, stdev=49.95
    clat percentiles (msec):
     |  1.00th=[    4],  5.00th=[   18], 10.00th=[   49], 20.00th=[   79],
     | 30.00th=[   95], 40.00th=[  109], 50.00th=[  119], 60.00th=[  127],
     | 70.00th=[  137], 80.00th=[  151], 90.00th=[  178], 95.00th=[  194],
     | 99.00th=[  239], 99.50th=[  265], 99.90th=[  338], 99.95th=[  343],
     | 99.99th=[  347]
    bw (KB  /s): min=19623, max=60952, per=79.58%, avg=41099.04, stdev=8888.01
    lat (msec) : 4=1.41%, 10=1.83%, 20=2.08%, 50=5.07%, 100=22.61%
    lat (msec) : 250=66.08%, 500=0.91%
  cpu          : usr=0.01%, sys=0.09%, ctx=2729, majf=0, minf=527
  IO depths    : 1=13.3%, 2=10.1%, 4=20.1%, 8=56.5%, 16=0.0%, 32=0.0%, >=64=0.0%
     submit    : 0=0.0%, 4=100.0%, 8=0.0%, 16=0.0%, 32=0.0%, 64=0.0%, >=64=0.0%
     complete  : 0=0.0%, 4=100.0%, 8=0.0%, 16=0.1%, 32=0.0%, 64=0.0%, >=64=0.0%
     issued    : total=r=2406/w=0/d=0, short=r=0/w=0/d=0, drop=r=0/w=0/d=0
     latency   : target=0, window=0, percentile=100.00%, depth=10
seqwrite: (groupid=0, jobs=1): err= 0: pid=31732: Thu Apr  7 17:56:01 2016
  write: io=2408.0MB, bw=41043KB/s, iops=40, runt= 60078msec
    slat (usec): min=21, max=80, avg=44.05, stdev= 9.33
    clat (msec): min=1, max=305, avg=99.64, stdev=55.90
     lat (msec): min=2, max=305, avg=99.68, stdev=55.90
    clat percentiles (msec):
     |  1.00th=[    3],  5.00th=[    3], 10.00th=[   11], 20.00th=[   48],
     | 30.00th=[   76], 40.00th=[   92], 50.00th=[  105], 60.00th=[  116],
     | 70.00th=[  129], 80.00th=[  145], 90.00th=[  165], 95.00th=[  182],
     | 99.00th=[  235], 99.50th=[  260], 99.90th=[  306], 99.95th=[  306],
     | 99.99th=[  306]
    bw (KB  /s): min=24576, max=65274, per=100.00%, avg=41232.93, stdev=9039.94
    lat (msec) : 2=0.17%, 4=5.90%, 10=3.74%, 20=3.82%, 50=7.10%
    lat (msec) : 100=25.12%, 250=53.32%, 500=0.83%
  cpu          : usr=0.13%, sys=0.07%, ctx=2802, majf=0, minf=11
  IO depths    : 1=16.3%, 2=10.9%, 4=21.8%, 8=51.1%, 16=0.0%, 32=0.0%, >=64=0.0%
     submit    : 0=0.0%, 4=100.0%, 8=0.0%, 16=0.0%, 32=0.0%, 64=0.0%, >=64=0.0%
     complete  : 0=0.0%, 4=100.0%, 8=0.0%, 16=0.1%, 32=0.0%, 64=0.0%, >=64=0.0%
     issued    : total=r=0/w=2408/d=0, short=r=0/w=0/d=0, drop=r=0/w=0/d=0
     latency   : target=0, window=0, percentile=100.00%, depth=10

Run status group 0 (all jobs):
   READ: io=3034.0MB, aggrb=51647KB/s, minb=10690KB/s, maxb=40975KB/s, mint=60127msec, maxt=60154msec
  WRITE: io=2408.0MB, aggrb=41043KB/s, minb=41043KB/s, maxb=41043KB/s, mint=60078msec, maxt=60078msec

Disk stats (read/write):
  sdb: ios=7402/2633, merge=0/0, ticks=873287/263495, in_queue=1138157, util=99.87%
