randread-1k-4k: (g=0): rw=randread, bs=1K-4K/1K-4K/1K-4K, ioengine=libaio, iodepth=10
seqread: (g=0): rw=read, bs=1M-1M/1M-1M/1M-1M, ioengine=libaio, iodepth=10
seqwrite: (g=0): rw=write, bs=1M-1M/1M-1M/1M-1M, ioengine=libaio, iodepth=10
fio-2.2.8
Starting 3 processes

randread-1k-4k: (groupid=0, jobs=1): err= 0: pid=14053: Thu Apr  7 17:34:49 2016
  read : io=3377.0KB, bw=57487B/s, iops=32, runt= 60153msec
    slat (usec): min=1, max=20, avg= 3.96, stdev= 1.83
    clat (usec): min=211, max=6039.6K, avg=308128.08, stdev=503960.01
     lat (usec): min=214, max=6039.6K, avg=308132.14, stdev=503959.94
    clat percentiles (msec):
     |  1.00th=[  118],  5.00th=[  155], 10.00th=[  169], 20.00th=[  184],
     | 30.00th=[  198], 40.00th=[  219], 50.00th=[  241], 60.00th=[  258],
     | 70.00th=[  273], 80.00th=[  293], 90.00th=[  355], 95.00th=[  424],
     | 99.00th=[ 3294], 99.50th=[ 5932], 99.90th=[ 5997], 99.95th=[ 6063],
     | 99.99th=[ 6063]
    bw (KB  /s): min=    5, max=  102, per=0.08%, avg=67.64, stdev=20.28
    lat (usec) : 250=0.10%
    lat (msec) : 2=0.05%, 4=0.05%, 50=0.05%, 100=0.46%, 250=54.66%
    lat (msec) : 500=40.73%, 750=1.74%, 1000=0.10%, 2000=0.51%, >=2000=1.54%
  cpu          : usr=0.01%, sys=0.01%, ctx=1955, majf=0, minf=20
  IO depths    : 1=0.1%, 2=0.1%, 4=0.2%, 8=99.6%, 16=0.0%, 32=0.0%, >=64=0.0%
     submit    : 0=0.0%, 4=100.0%, 8=0.0%, 16=0.0%, 32=0.0%, 64=0.0%, >=64=0.0%
     complete  : 0=0.0%, 4=99.9%, 8=0.0%, 16=0.1%, 32=0.0%, 64=0.0%, >=64=0.0%
     issued    : total=r=1952/w=0/d=0, short=r=0/w=0/d=0, drop=r=0/w=0/d=0
     latency   : target=0, window=0, percentile=100.00%, depth=10
seqread: (groupid=0, jobs=1): err= 0: pid=14054: Thu Apr  7 17:34:49 2016
  read : io=4790.0MB, bw=81521KB/s, iops=79, runt= 60168msec
    slat (usec): min=13, max=309, avg=20.94, stdev= 8.58
    clat (msec): min=2, max=5940, avg=123.02, stdev=313.40
     lat (msec): min=2, max=5941, avg=123.04, stdev=313.40
    clat percentiles (msec):
     |  1.00th=[   11],  5.00th=[   11], 10.00th=[   11], 20.00th=[   11],
     | 30.00th=[   11], 40.00th=[   11], 50.00th=[   12], 60.00th=[  161],
     | 70.00th=[  186], 80.00th=[  210], 90.00th=[  255], 95.00th=[  277],
     | 99.00th=[  506], 99.50th=[ 2606], 99.90th=[ 5932], 99.95th=[ 5932],
     | 99.99th=[ 5932]
    bw (KB  /s): min=26624, max=199111, per=100.00%, avg=83693.50, stdev=59918.11
    lat (msec) : 4=0.04%, 10=0.15%, 20=54.95%, 50=0.21%, 100=0.21%
    lat (msec) : 250=30.58%, 500=12.82%, 750=0.38%, 2000=0.17%, >=2000=0.50%
  cpu          : usr=0.02%, sys=0.17%, ctx=4805, majf=0, minf=526
  IO depths    : 1=0.2%, 2=0.3%, 4=0.7%, 8=98.8%, 16=0.0%, 32=0.0%, >=64=0.0%
     submit    : 0=0.0%, 4=100.0%, 8=0.0%, 16=0.0%, 32=0.0%, 64=0.0%, >=64=0.0%
     complete  : 0=0.0%, 4=100.0%, 8=0.0%, 16=0.0%, 32=0.0%, 64=0.0%, >=64=0.0%
     issued    : total=r=4790/w=0/d=0, short=r=0/w=0/d=0, drop=r=0/w=0/d=0
     latency   : target=0, window=0, percentile=100.00%, depth=10
seqwrite: (groupid=0, jobs=1): err= 0: pid=14055: Thu Apr  7 17:34:49 2016
  write: io=2264.0MB, bw=38605KB/s, iops=37, runt= 60052msec
    slat (usec): min=23, max=71, avg=45.95, stdev= 8.20
    clat (msec): min=21, max=6032, avg=265.18, stdev=471.71
     lat (msec): min=21, max=6032, avg=265.22, stdev=471.71
    clat percentiles (msec):
     |  1.00th=[   51],  5.00th=[  125], 10.00th=[  153], 20.00th=[  169],
     | 30.00th=[  178], 40.00th=[  186], 50.00th=[  194], 60.00th=[  219],
     | 70.00th=[  251], 80.00th=[  262], 90.00th=[  285], 95.00th=[  351],
     | 99.00th=[ 2606], 99.50th=[ 3359], 99.90th=[ 6063], 99.95th=[ 6063],
     | 99.99th=[ 6063]
    bw (KB  /s): min= 1702, max=141723, per=100.00%, avg=45830.26, stdev=16826.65
    lat (msec) : 50=0.75%, 100=3.71%, 250=64.84%, 500=28.05%, 750=0.88%
    lat (msec) : 1000=0.31%, 2000=0.13%, >=2000=1.33%
  cpu          : usr=0.11%, sys=0.08%, ctx=2269, majf=0, minf=12
  IO depths    : 1=0.1%, 2=0.1%, 4=0.2%, 8=99.7%, 16=0.0%, 32=0.0%, >=64=0.0%
     submit    : 0=0.0%, 4=100.0%, 8=0.0%, 16=0.0%, 32=0.0%, 64=0.0%, >=64=0.0%
     complete  : 0=0.0%, 4=100.0%, 8=0.0%, 16=0.1%, 32=0.0%, 64=0.0%, >=64=0.0%
     issued    : total=r=0/w=2264/d=0, short=r=0/w=0/d=0, drop=r=0/w=0/d=0
     latency   : target=0, window=0, percentile=100.00%, depth=10

Run status group 0 (all jobs):
   READ: io=4793.4MB, aggrb=81577KB/s, minb=56KB/s, maxb=81521KB/s, mint=60153msec, maxt=60168msec
  WRITE: io=2264.0MB, aggrb=38605KB/s, minb=38605KB/s, maxb=38605KB/s, mint=60052msec, maxt=60052msec

Disk stats (read/write):
  sdb: ios=6955/2266, merge=0/0, ticks=1247417/601455, in_queue=1848913, util=99.87%
