randread-32k-64k: (g=0): rw=randread, bs=32K-64K/32K-64K/32K-64K, ioengine=libaio, iodepth=10
seqread: (g=0): rw=read, bs=1M-1M/1M-1M/1M-1M, ioengine=libaio, iodepth=10
seqwrite: (g=0): rw=write, bs=1M-1M/1M-1M/1M-1M, ioengine=libaio, iodepth=10
fio-2.2.8
Starting 3 processes

randread-32k-64k: (groupid=0, jobs=1): err= 0: pid=22577: Thu Apr  7 17:24:43 2016
  read : io=47712KB, bw=812429B/s, iops=24, runt= 60137msec
    slat (usec): min=2, max=39, avg= 4.93, stdev= 2.17
    clat (usec): min=413, max=6064.8K, avg=403246.88, stdev=919937.99
     lat (usec): min=417, max=6064.8K, avg=403251.93, stdev=919938.03
    clat percentiles (msec):
     |  1.00th=[   93],  5.00th=[  159], 10.00th=[  174], 20.00th=[  188],
     | 30.00th=[  198], 40.00th=[  208], 50.00th=[  219], 60.00th=[  235],
     | 70.00th=[  253], 80.00th=[  277], 90.00th=[  318], 95.00th=[  396],
     | 99.00th=[ 5997], 99.50th=[ 6063], 99.90th=[ 6063], 99.95th=[ 6063],
     | 99.99th=[ 6063]
    bw (KB  /s): min=   52, max= 1756, per=1.09%, avg=1279.36, stdev=430.35
    lat (usec) : 500=0.07%
    lat (msec) : 10=0.07%, 20=0.07%, 50=0.54%, 100=0.34%, 250=67.47%
    lat (msec) : 500=26.76%, 1000=0.67%, 2000=0.60%, >=2000=3.42%
  cpu          : usr=0.01%, sys=0.01%, ctx=1494, majf=0, minf=91
  IO depths    : 1=0.1%, 2=0.1%, 4=0.3%, 8=99.5%, 16=0.0%, 32=0.0%, >=64=0.0%
     submit    : 0=0.0%, 4=100.0%, 8=0.0%, 16=0.0%, 32=0.0%, 64=0.0%, >=64=0.0%
     complete  : 0=0.0%, 4=99.9%, 8=0.0%, 16=0.1%, 32=0.0%, 64=0.0%, >=64=0.0%
     issued    : total=r=1491/w=0/d=0, short=r=0/w=0/d=0, drop=r=0/w=0/d=0
     latency   : target=0, window=0, percentile=100.00%, depth=10
seqread: (groupid=0, jobs=1): err= 0: pid=22578: Thu Apr  7 17:24:43 2016
  read : io=6828.0MB, bw=116299KB/s, iops=113, runt= 60120msec
    slat (usec): min=13, max=300, avg=18.24, stdev= 6.64
    clat (msec): min=10, max=6078, avg=87.98, stdev=411.30
     lat (msec): min=10, max=6078, avg=88.00, stdev=411.30
    clat percentiles (msec):
     |  1.00th=[   11],  5.00th=[   11], 10.00th=[   11], 20.00th=[   11],
     | 30.00th=[   11], 40.00th=[   11], 50.00th=[   11], 60.00th=[   11],
     | 70.00th=[   12], 80.00th=[  176], 90.00th=[  202], 95.00th=[  223],
     | 99.00th=[  293], 99.50th=[ 2704], 99.90th=[ 6063], 99.95th=[ 6063],
     | 99.99th=[ 6063]
    bw (KB  /s): min=35090, max=199111, per=100.00%, avg=118508.86, stdev=69035.56
    lat (msec) : 20=74.75%, 50=0.37%, 100=0.38%, 250=21.98%, 500=1.70%
    lat (msec) : 1000=0.12%, 2000=0.12%, >=2000=0.59%
  cpu          : usr=0.02%, sys=0.23%, ctx=6832, majf=0, minf=526
  IO depths    : 1=0.1%, 2=0.1%, 4=0.1%, 8=99.8%, 16=0.0%, 32=0.0%, >=64=0.0%
     submit    : 0=0.0%, 4=100.0%, 8=0.0%, 16=0.0%, 32=0.0%, 64=0.0%, >=64=0.0%
     complete  : 0=0.0%, 4=100.0%, 8=0.0%, 16=0.1%, 32=0.0%, 64=0.0%, >=64=0.0%
     issued    : total=r=6828/w=0/d=0, short=r=0/w=0/d=0, drop=r=0/w=0/d=0
     latency   : target=0, window=0, percentile=100.00%, depth=10
seqwrite: (groupid=0, jobs=1): err= 0: pid=22579: Thu Apr  7 17:24:43 2016
  write: io=1733.0MB, bw=29517KB/s, iops=28, runt= 60120msec
    slat (usec): min=24, max=78, avg=45.00, stdev= 8.28
    clat (msec): min=100, max=6027, avg=346.79, stdev=836.74
     lat (msec): min=100, max=6027, avg=346.84, stdev=836.74
    clat percentiles (msec):
     |  1.00th=[  124],  5.00th=[  149], 10.00th=[  161], 20.00th=[  172],
     | 30.00th=[  180], 40.00th=[  186], 50.00th=[  192], 60.00th=[  196],
     | 70.00th=[  202], 80.00th=[  217], 90.00th=[  251], 95.00th=[  404],
     | 99.00th=[ 5997], 99.50th=[ 5997], 99.90th=[ 5997], 99.95th=[ 5997],
     | 99.99th=[ 5997]
    bw (KB  /s): min=  323, max=76652, per=100.00%, avg=44296.67, stdev=19889.47
    lat (msec) : 250=88.57%, 500=6.92%, 750=0.12%, 1000=0.69%, 2000=0.69%
    lat (msec) : >=2000=3.00%
  cpu          : usr=0.09%, sys=0.05%, ctx=1735, majf=0, minf=11
  IO depths    : 1=0.1%, 2=0.1%, 4=0.2%, 8=99.6%, 16=0.0%, 32=0.0%, >=64=0.0%
     submit    : 0=0.0%, 4=100.0%, 8=0.0%, 16=0.0%, 32=0.0%, 64=0.0%, >=64=0.0%
     complete  : 0=0.0%, 4=99.9%, 8=0.0%, 16=0.1%, 32=0.0%, 64=0.0%, >=64=0.0%
     issued    : total=r=0/w=1733/d=0, short=r=0/w=0/d=0, drop=r=0/w=0/d=0
     latency   : target=0, window=0, percentile=100.00%, depth=10

Run status group 0 (all jobs):
   READ: io=6874.7MB, aggrb=117059KB/s, minb=793KB/s, maxb=116298KB/s, mint=60120msec, maxt=60137msec
  WRITE: io=1733.0MB, aggrb=29517KB/s, minb=29517KB/s, maxb=29517KB/s, mint=60120msec, maxt=60120msec

Disk stats (read/write):
  sdb: ios=8296/1898, merge=0/0, ticks=1194555/659092, in_queue=1858293, util=99.87%
