randread-512k-1m: (g=0): rw=randread, bs=512K-1M/512K-1M/512K-1M, ioengine=libaio, iodepth=10
seqread: (g=0): rw=read, bs=1M-1M/1M-1M/1M-1M, ioengine=libaio, iodepth=10
seqwrite: (g=0): rw=write, bs=1M-1M/1M-1M/1M-1M, ioengine=libaio, iodepth=10
fio-2.2.8
Starting 3 processes

randread-512k-1m: (groupid=0, jobs=1): err= 0: pid=23540: Thu Apr  7 17:38:51 2016
  read : io=935936KB, bw=15540KB/s, iops=30, runt= 60229msec
    slat (usec): min=7, max=334, avg=12.92, stdev=14.01
    clat (msec): min=3, max=2150, avg=329.34, stdev=216.17
     lat (msec): min=3, max=2150, avg=329.35, stdev=216.17
    clat percentiles (msec):
     |  1.00th=[  118],  5.00th=[  159], 10.00th=[  178], 20.00th=[  202],
     | 30.00th=[  221], 40.00th=[  237], 50.00th=[  260], 60.00th=[  302],
     | 70.00th=[  383], 80.00th=[  449], 90.00th=[  523], 95.00th=[  586],
     | 99.00th=[ 1647], 99.50th=[ 2024], 99.90th=[ 2147], 99.95th=[ 2147],
     | 99.99th=[ 2147]
    bw (KB  /s): min= 2865, max=27891, per=17.04%, avg=16520.57, stdev=5553.29
    lat (msec) : 4=0.05%, 10=0.05%, 20=0.11%, 50=0.05%, 100=0.16%
    lat (msec) : 250=45.79%, 500=40.97%, 750=10.94%, 1000=0.77%, 2000=0.55%
    lat (msec) : >=2000=0.55%
  cpu          : usr=0.01%, sys=0.04%, ctx=1830, majf=0, minf=272
  IO depths    : 1=0.1%, 2=0.1%, 4=0.2%, 8=99.6%, 16=0.0%, 32=0.0%, >=64=0.0%
     submit    : 0=0.0%, 4=100.0%, 8=0.0%, 16=0.0%, 32=0.0%, 64=0.0%, >=64=0.0%
     complete  : 0=0.0%, 4=99.9%, 8=0.0%, 16=0.1%, 32=0.0%, 64=0.0%, >=64=0.0%
     issued    : total=r=1828/w=0/d=0, short=r=0/w=0/d=0, drop=r=0/w=0/d=0
     latency   : target=0, window=0, percentile=100.00%, depth=10
seqread: (groupid=0, jobs=1): err= 0: pid=23541: Thu Apr  7 17:38:51 2016
  read : io=4789.0MB, bw=81549KB/s, iops=79, runt= 60135msec
    slat (usec): min=12, max=426, avg=19.72, stdev=10.41
    clat (msec): min=2, max=1818, avg=111.26, stdev=165.57
     lat (msec): min=2, max=1819, avg=111.28, stdev=165.57
    clat percentiles (msec):
     |  1.00th=[    5],  5.00th=[   11], 10.00th=[   11], 20.00th=[   11],
     | 30.00th=[   11], 40.00th=[   11], 50.00th=[   11], 60.00th=[   12],
     | 70.00th=[  190], 80.00th=[  219], 90.00th=[  326], 95.00th=[  445],
     | 99.00th=[  603], 99.50th=[  709], 99.90th=[ 1680], 99.95th=[ 1680],
     | 99.99th=[ 1827]
    bw (KB  /s): min=16083, max=199111, per=86.55%, avg=83920.61, stdev=37876.75
    lat (msec) : 4=0.50%, 10=1.09%, 20=61.29%, 50=0.65%, 100=0.56%
    lat (msec) : 250=21.36%, 500=11.80%, 750=2.36%, 1000=0.21%, 2000=0.19%
  cpu          : usr=0.01%, sys=0.18%, ctx=4854, majf=0, minf=528
  IO depths    : 1=1.3%, 2=2.5%, 4=5.0%, 8=91.2%, 16=0.0%, 32=0.0%, >=64=0.0%
     submit    : 0=0.0%, 4=100.0%, 8=0.0%, 16=0.0%, 32=0.0%, 64=0.0%, >=64=0.0%
     complete  : 0=0.0%, 4=100.0%, 8=0.0%, 16=0.1%, 32=0.0%, 64=0.0%, >=64=0.0%
     issued    : total=r=4789/w=0/d=0, short=r=0/w=0/d=0, drop=r=0/w=0/d=0
     latency   : target=0, window=0, percentile=100.00%, depth=10
seqwrite: (groupid=0, jobs=1): err= 0: pid=23542: Thu Apr  7 17:38:51 2016
  write: io=2419.0MB, bw=41185KB/s, iops=40, runt= 60145msec
    slat (usec): min=23, max=76, avg=45.61, stdev= 9.42
    clat (msec): min=22, max=1675, avg=248.57, stdev=169.07
     lat (msec): min=22, max=1675, avg=248.61, stdev=169.07
    clat percentiles (msec):
     |  1.00th=[   39],  5.00th=[   52], 10.00th=[   53], 20.00th=[  123],
     | 30.00th=[  186], 40.00th=[  202], 50.00th=[  215], 60.00th=[  229],
     | 70.00th=[  281], 80.00th=[  379], 90.00th=[  457], 95.00th=[  510],
     | 99.00th=[  693], 99.50th=[  816], 99.90th=[ 1663], 99.95th=[ 1663],
     | 99.99th=[ 1680]
    bw (KB  /s): min= 1181, max=193399, per=100.00%, avg=42607.79, stdev=31705.56
    lat (msec) : 50=1.53%, 100=17.20%, 250=45.85%, 500=29.23%, 750=5.33%
    lat (msec) : 1000=0.45%, 2000=0.41%
  cpu          : usr=0.11%, sys=0.09%, ctx=2420, majf=0, minf=10
  IO depths    : 1=0.1%, 2=0.1%, 4=0.2%, 8=99.7%, 16=0.0%, 32=0.0%, >=64=0.0%
     submit    : 0=0.0%, 4=100.0%, 8=0.0%, 16=0.0%, 32=0.0%, 64=0.0%, >=64=0.0%
     complete  : 0=0.0%, 4=100.0%, 8=0.0%, 16=0.1%, 32=0.0%, 64=0.0%, >=64=0.0%
     issued    : total=r=0/w=2419/d=0, short=r=0/w=0/d=0, drop=r=0/w=0/d=0
     latency   : target=0, window=0, percentile=100.00%, depth=10

Run status group 0 (all jobs):
   READ: io=5703.0MB, aggrb=96961KB/s, minb=15539KB/s, maxb=81548KB/s, mint=60135msec, maxt=60229msec
  WRITE: io=2419.0MB, aggrb=41184KB/s, minb=41184KB/s, maxb=41184KB/s, mint=60145msec, maxt=60145msec

Disk stats (read/write):
  sdb: ios=6612/2664, merge=0/0, ticks=1132673/663345, in_queue=1796874, util=99.87%
