randread-512k-1m: (g=0): rw=randread, bs=512K-1M/512K-1M/512K-1M, ioengine=libaio, iodepth=10
seqread: (g=0): rw=read, bs=1M-1M/1M-1M/1M-1M, ioengine=libaio, iodepth=10
seqwrite: (g=0): rw=write, bs=1M-1M/1M-1M/1M-1M, ioengine=libaio, iodepth=10
fio-2.2.8
Starting 3 processes

randread-512k-1m: (groupid=0, jobs=1): err= 0: pid=8967: Thu Apr  7 18:00:03 2016
  read : io=1789.0MB, bw=30484KB/s, iops=59, runt= 60095msec
    slat (usec): min=7, max=285, avg=12.43, stdev= 9.78
    clat (msec): min=7, max=674, avg=167.92, stdev=90.86
     lat (msec): min=7, max=674, avg=167.93, stdev=90.86
    clat percentiles (msec):
     |  1.00th=[   14],  5.00th=[   24], 10.00th=[   44], 20.00th=[   87],
     | 30.00th=[  121], 40.00th=[  143], 50.00th=[  163], 60.00th=[  184],
     | 70.00th=[  210], 80.00th=[  243], 90.00th=[  285], 95.00th=[  326],
     | 99.00th=[  412], 99.50th=[  437], 99.90th=[  545], 99.95th=[  562],
     | 99.99th=[  676]
    bw (KB  /s): min=13128, max=45714, per=43.01%, avg=30697.96, stdev=6988.07
    lat (msec) : 10=0.14%, 20=4.00%, 50=7.46%, 100=11.57%, 250=58.92%
    lat (msec) : 500=17.75%, 750=0.17%
  cpu          : usr=0.02%, sys=0.08%, ctx=3579, majf=0, minf=271
  IO depths    : 1=0.1%, 2=0.1%, 4=0.1%, 8=99.8%, 16=0.0%, 32=0.0%, >=64=0.0%
     submit    : 0=0.0%, 4=100.0%, 8=0.0%, 16=0.0%, 32=0.0%, 64=0.0%, >=64=0.0%
     complete  : 0=0.0%, 4=100.0%, 8=0.0%, 16=0.1%, 32=0.0%, 64=0.0%, >=64=0.0%
     issued    : total=r=3578/w=0/d=0, short=r=0/w=0/d=0, drop=r=0/w=0/d=0
     latency   : target=0, window=0, percentile=100.00%, depth=10
seqread: (groupid=0, jobs=1): err= 0: pid=8969: Thu Apr  7 18:00:03 2016
  read : io=2400.0MB, bw=40888KB/s, iops=39, runt= 60106msec
    slat (usec): min=12, max=442, avg=19.73, stdev=14.23
    clat (msec): min=2, max=326, avg=137.84, stdev=54.37
     lat (msec): min=2, max=326, avg=137.86, stdev=54.36
    clat percentiles (msec):
     |  1.00th=[    8],  5.00th=[   28], 10.00th=[   61], 20.00th=[  101],
     | 30.00th=[  119], 40.00th=[  133], 50.00th=[  143], 60.00th=[  153],
     | 70.00th=[  161], 80.00th=[  178], 90.00th=[  204], 95.00th=[  221],
     | 99.00th=[  277], 99.50th=[  281], 99.90th=[  318], 99.95th=[  318],
     | 99.99th=[  326]
    bw (KB  /s): min=24188, max=59190, per=57.61%, avg=41111.61, stdev=8111.38
    lat (msec) : 4=0.21%, 10=1.13%, 20=2.88%, 50=3.92%, 100=11.54%
    lat (msec) : 250=78.29%, 500=2.04%
  cpu          : usr=0.01%, sys=0.09%, ctx=2640, majf=0, minf=532
  IO depths    : 1=9.8%, 2=9.6%, 4=19.2%, 8=61.5%, 16=0.0%, 32=0.0%, >=64=0.0%
     submit    : 0=0.0%, 4=100.0%, 8=0.0%, 16=0.0%, 32=0.0%, 64=0.0%, >=64=0.0%
     complete  : 0=0.0%, 4=100.0%, 8=0.0%, 16=0.0%, 32=0.0%, 64=0.0%, >=64=0.0%
     issued    : total=r=2400/w=0/d=0, short=r=0/w=0/d=0, drop=r=0/w=0/d=0
     latency   : target=0, window=0, percentile=100.00%, depth=10
seqwrite: (groupid=0, jobs=1): err= 0: pid=8970: Thu Apr  7 18:00:03 2016
  write: io=2400.0MB, bw=40888KB/s, iops=39, runt= 60106msec
    slat (usec): min=21, max=76, avg=43.64, stdev= 8.69
    clat (msec): min=1, max=386, avg=108.97, stdev=60.12
     lat (msec): min=2, max=386, avg=109.02, stdev=60.12
    clat percentiles (msec):
     |  1.00th=[    3],  5.00th=[    9], 10.00th=[   23], 20.00th=[   53],
     | 30.00th=[   72], 40.00th=[   94], 50.00th=[  111], 60.00th=[  127],
     | 70.00th=[  145], 80.00th=[  159], 90.00th=[  184], 95.00th=[  210],
     | 99.00th=[  251], 99.50th=[  269], 99.90th=[  285], 99.95th=[  285],
     | 99.99th=[  388]
    bw (KB  /s): min=17929, max=69216, per=100.00%, avg=41341.13, stdev=11860.48
    lat (msec) : 2=0.04%, 4=3.00%, 10=2.29%, 20=3.75%, 50=8.88%
    lat (msec) : 100=25.83%, 250=55.08%, 500=1.13%
  cpu          : usr=0.12%, sys=0.07%, ctx=2694, majf=0, minf=11
  IO depths    : 1=12.3%, 2=9.8%, 4=19.7%, 8=58.2%, 16=0.0%, 32=0.0%, >=64=0.0%
     submit    : 0=0.0%, 4=100.0%, 8=0.0%, 16=0.0%, 32=0.0%, 64=0.0%, >=64=0.0%
     complete  : 0=0.0%, 4=100.0%, 8=0.0%, 16=0.0%, 32=0.0%, 64=0.0%, >=64=0.0%
     issued    : total=r=0/w=2400/d=0, short=r=0/w=0/d=0, drop=r=0/w=0/d=0
     latency   : target=0, window=0, percentile=100.00%, depth=10

Run status group 0 (all jobs):
   READ: io=4189.0MB, aggrb=71366KB/s, minb=30484KB/s, maxb=40887KB/s, mint=60095msec, maxt=60106msec
  WRITE: io=2400.0MB, aggrb=40887KB/s, minb=40887KB/s, maxb=40887KB/s, mint=60106msec, maxt=60106msec

Disk stats (read/write):
  sdb: ios=5960/2399, merge=1/0, ticks=927645/261805, in_queue=1191431, util=99.87%
