randread-128k-256k: (g=0): rw=randread, bs=128K-256K/128K-256K/128K-256K, ioengine=libaio, iodepth=10
seqread: (g=0): rw=read, bs=1M-1M/1M-1M/1M-1M, ioengine=libaio, iodepth=10
seqwrite: (g=0): rw=write, bs=1M-1M/1M-1M/1M-1M, ioengine=libaio, iodepth=10
fio-2.2.8
Starting 3 processes

randread-128k-256k: (groupid=0, jobs=1): err= 0: pid=29365: Thu Apr  7 17:55:01 2016
  read : io=1145.6MB, bw=19525KB/s, iops=152, runt= 60077msec
    slat (usec): min=4, max=55, avg= 6.62, stdev= 1.79
    clat (usec): min=455, max=558170, avg=65538.85, stdev=61388.41
     lat (usec): min=461, max=558178, avg=65545.58, stdev=61388.56
    clat percentiles (msec):
     |  1.00th=[    7],  5.00th=[    9], 10.00th=[   11], 20.00th=[   15],
     | 30.00th=[   22], 40.00th=[   30], 50.00th=[   42], 60.00th=[   59],
     | 70.00th=[   85], 80.00th=[  117], 90.00th=[  157], 95.00th=[  188],
     | 99.00th=[  255], 99.50th=[  289], 99.90th=[  359], 99.95th=[  420],
     | 99.99th=[  562]
    bw (KB  /s): min= 8779, max=28755, per=48.81%, avg=19588.76, stdev=3612.08
    lat (usec) : 500=0.07%, 750=0.15%, 1000=0.01%
    lat (msec) : 2=0.01%, 4=0.01%, 10=8.99%, 20=18.76%, 50=27.18%
    lat (msec) : 100=20.20%, 250=23.54%, 500=1.07%, 750=0.01%
  cpu          : usr=0.04%, sys=0.12%, ctx=9170, majf=0, minf=331
  IO depths    : 1=0.1%, 2=0.1%, 4=0.1%, 8=99.9%, 16=0.0%, 32=0.0%, >=64=0.0%
     submit    : 0=0.0%, 4=100.0%, 8=0.0%, 16=0.0%, 32=0.0%, 64=0.0%, >=64=0.0%
     complete  : 0=0.0%, 4=100.0%, 8=0.0%, 16=0.1%, 32=0.0%, 64=0.0%, >=64=0.0%
     issued    : total=r=9164/w=0/d=0, short=r=0/w=0/d=0, drop=r=0/w=0/d=0
     latency   : target=0, window=0, percentile=100.00%, depth=10
seqread: (groupid=0, jobs=1): err= 0: pid=29366: Thu Apr  7 17:55:01 2016
  read : io=1209.0MB, bw=20619KB/s, iops=20, runt= 60042msec
    slat (usec): min=15, max=291, avg=20.56, stdev=12.78
    clat (msec): min=2, max=210, avg=98.74, stdev=35.85
     lat (msec): min=2, max=210, avg=98.76, stdev=35.85
    clat percentiles (msec):
     |  1.00th=[    4],  5.00th=[   27], 10.00th=[   49], 20.00th=[   74],
     | 30.00th=[   87], 40.00th=[   96], 50.00th=[  104], 60.00th=[  111],
     | 70.00th=[  119], 80.00th=[  127], 90.00th=[  137], 95.00th=[  149],
     | 99.00th=[  178], 99.50th=[  194], 99.90th=[  202], 99.95th=[  210],
     | 99.99th=[  210]
    bw (KB  /s): min= 5774, max=30117, per=51.46%, avg=20650.33, stdev=3763.16
    lat (msec) : 4=1.24%, 10=1.99%, 20=1.16%, 50=6.04%, 100=34.66%
    lat (msec) : 250=54.92%
  cpu          : usr=0.01%, sys=0.04%, ctx=1454, majf=0, minf=527
  IO depths    : 1=20.1%, 2=14.4%, 4=28.8%, 8=36.7%, 16=0.0%, 32=0.0%, >=64=0.0%
     submit    : 0=0.0%, 4=100.0%, 8=0.0%, 16=0.0%, 32=0.0%, 64=0.0%, >=64=0.0%
     complete  : 0=0.0%, 4=100.0%, 8=0.0%, 16=0.0%, 32=0.0%, 64=0.0%, >=64=0.0%
     issued    : total=r=1209/w=0/d=0, short=r=0/w=0/d=0, drop=r=0/w=0/d=0
     latency   : target=0, window=0, percentile=100.00%, depth=10
seqwrite: (groupid=0, jobs=1): err= 0: pid=29367: Thu Apr  7 17:55:01 2016
  write: io=1205.0MB, bw=20512KB/s, iops=20, runt= 60155msec
    slat (usec): min=21, max=80, avg=46.84, stdev= 9.59
    clat (msec): min=1, max=173, avg=62.32, stdev=48.17
     lat (msec): min=2, max=173, avg=62.37, stdev=48.17
    clat percentiles (msec):
     |  1.00th=[    3],  5.00th=[    3], 10.00th=[    3], 20.00th=[    9],
     | 30.00th=[   16], 40.00th=[   40], 50.00th=[   63], 60.00th=[   82],
     | 70.00th=[   95], 80.00th=[  111], 90.00th=[  131], 95.00th=[  141],
     | 99.00th=[  153], 99.50th=[  157], 99.90th=[  169], 99.95th=[  174],
     | 99.99th=[  174]
    bw (KB  /s): min= 2043, max=32637, per=100.00%, avg=20836.47, stdev=5647.37
    lat (msec) : 2=0.08%, 4=13.78%, 10=8.38%, 20=11.12%, 50=10.54%
    lat (msec) : 100=30.29%, 250=25.81%
  cpu          : usr=0.06%, sys=0.04%, ctx=1557, majf=0, minf=11
  IO depths    : 1=29.2%, 2=13.6%, 4=27.2%, 8=30.0%, 16=0.0%, 32=0.0%, >=64=0.0%
     submit    : 0=0.0%, 4=100.0%, 8=0.0%, 16=0.0%, 32=0.0%, 64=0.0%, >=64=0.0%
     complete  : 0=0.0%, 4=100.0%, 8=0.0%, 16=0.0%, 32=0.0%, 64=0.0%, >=64=0.0%
     issued    : total=r=0/w=1205/d=0, short=r=0/w=0/d=0, drop=r=0/w=0/d=0
     latency   : target=0, window=0, percentile=100.00%, depth=10

Run status group 0 (all jobs):
   READ: io=2354.6MB, aggrb=40131KB/s, minb=19524KB/s, maxb=20619KB/s, mint=60042msec, maxt=60077msec
  WRITE: io=1205.0MB, aggrb=20512KB/s, minb=20512KB/s, maxb=20512KB/s, mint=60155msec, maxt=60155msec

Disk stats (read/write):
  sdb: ios=10351/1206, merge=0/0, ticks=716914/75544, in_queue=793614, util=99.87%
