randread-1k-4k: (g=0): rw=randread, bs=1K-4K/1K-4K/1K-4K, ioengine=libaio, iodepth=10
seqread: (g=0): rw=read, bs=1M-1M/1M-1M/1M-1M, ioengine=libaio, iodepth=10
seqwrite: (g=0): rw=write, bs=1M-1M/1M-1M/1M-1M, ioengine=libaio, iodepth=10
fio-2.2.8
Starting 3 processes

randread-1k-4k: (groupid=0, jobs=1): err= 0: pid=620: Thu Apr  7 17:42:54 2016
  read : io=18880KB, bw=322014B/s, iops=180, runt= 60038msec
    slat (usec): min=1, max=35, avg= 3.00, stdev= 1.36
    clat (usec): min=69, max=393861, avg=55459.03, stdev=54163.61
     lat (usec): min=71, max=393864, avg=55462.15, stdev=54163.73
    clat percentiles (msec):
     |  1.00th=[    6],  5.00th=[    8], 10.00th=[    9], 20.00th=[   13],
     | 30.00th=[   18], 40.00th=[   25], 50.00th=[   35], 60.00th=[   48],
     | 70.00th=[   69], 80.00th=[   97], 90.00th=[  139], 95.00th=[  167],
     | 99.00th=[  229], 99.50th=[  258], 99.90th=[  310], 99.95th=[  330],
     | 99.99th=[  363]
    bw (KB  /s): min=  163, max=  437, per=1.51%, avg=314.11, stdev=60.11
    lat (usec) : 100=0.16%, 500=0.18%, 750=0.06%, 1000=0.01%
    lat (msec) : 2=0.04%, 4=0.05%, 10=12.61%, 20=20.75%, 50=27.48%
    lat (msec) : 100=19.59%, 250=18.51%, 500=0.58%
  cpu          : usr=0.07%, sys=0.07%, ctx=10825, majf=0, minf=20
  IO depths    : 1=0.1%, 2=0.1%, 4=0.1%, 8=99.9%, 16=0.0%, 32=0.0%, >=64=0.0%
     submit    : 0=0.0%, 4=100.0%, 8=0.0%, 16=0.0%, 32=0.0%, 64=0.0%, >=64=0.0%
     complete  : 0=0.0%, 4=100.0%, 8=0.0%, 16=0.1%, 32=0.0%, 64=0.0%, >=64=0.0%
     issued    : total=r=10824/w=0/d=0, short=r=0/w=0/d=0, drop=r=0/w=0/d=0
     latency   : target=0, window=0, percentile=100.00%, depth=10
seqread: (groupid=0, jobs=1): err= 0: pid=621: Thu Apr  7 17:42:54 2016
  read : io=1200.0MB, bw=20456KB/s, iops=19, runt= 60069msec
    slat (usec): min=15, max=273, avg=20.79, stdev=14.27
    clat (msec): min=1, max=311, avg=93.34, stdev=37.87
     lat (msec): min=1, max=311, avg=93.36, stdev=37.87
    clat percentiles (msec):
     |  1.00th=[    4],  5.00th=[   26], 10.00th=[   42], 20.00th=[   63],
     | 30.00th=[   77], 40.00th=[   88], 50.00th=[   96], 60.00th=[  104],
     | 70.00th=[  113], 80.00th=[  122], 90.00th=[  137], 95.00th=[  153],
     | 99.00th=[  184], 99.50th=[  188], 99.90th=[  285], 99.95th=[  314],
     | 99.99th=[  314]
    bw (KB  /s): min= 2027, max=31875, per=99.25%, avg=20614.33, stdev=5080.76
    lat (msec) : 2=0.17%, 4=1.08%, 10=0.92%, 20=1.92%, 50=8.50%
    lat (msec) : 100=41.75%, 250=45.50%, 500=0.17%
  cpu          : usr=0.01%, sys=0.04%, ctx=1471, majf=0, minf=526
  IO depths    : 1=22.5%, 2=14.3%, 4=28.7%, 8=34.5%, 16=0.0%, 32=0.0%, >=64=0.0%
     submit    : 0=0.0%, 4=100.0%, 8=0.0%, 16=0.0%, 32=0.0%, 64=0.0%, >=64=0.0%
     complete  : 0=0.0%, 4=100.0%, 8=0.0%, 16=0.0%, 32=0.0%, 64=0.0%, >=64=0.0%
     issued    : total=r=1200/w=0/d=0, short=r=0/w=0/d=0, drop=r=0/w=0/d=0
     latency   : target=0, window=0, percentile=100.00%, depth=10
seqwrite: (groupid=0, jobs=1): err= 0: pid=622: Thu Apr  7 17:42:54 2016
  write: io=1202.0MB, bw=20491KB/s, iops=20, runt= 60069msec
    slat (usec): min=21, max=73, avg=46.04, stdev= 9.62
    clat (msec): min=2, max=169, avg=46.60, stdev=42.94
     lat (msec): min=2, max=169, avg=46.64, stdev=42.94
    clat percentiles (msec):
     |  1.00th=[    3],  5.00th=[    3], 10.00th=[    3], 20.00th=[    7],
     | 30.00th=[   11], 40.00th=[   16], 50.00th=[   31], 60.00th=[   53],
     | 70.00th=[   76], 80.00th=[   91], 90.00th=[  113], 95.00th=[  124],
     | 99.00th=[  143], 99.50th=[  149], 99.90th=[  165], 99.95th=[  169],
     | 99.99th=[  169]
    bw (KB  /s): min= 3938, max=30647, per=100.00%, avg=20728.25, stdev=4134.06
    lat (msec) : 4=14.81%, 10=12.48%, 20=17.80%, 50=13.64%, 100=25.37%
    lat (msec) : 250=15.89%
  cpu          : usr=0.06%, sys=0.04%, ctx=1574, majf=0, minf=10
  IO depths    : 1=30.7%, 2=14.0%, 4=28.0%, 8=27.4%, 16=0.0%, 32=0.0%, >=64=0.0%
     submit    : 0=0.0%, 4=100.0%, 8=0.0%, 16=0.0%, 32=0.0%, 64=0.0%, >=64=0.0%
     complete  : 0=0.0%, 4=100.0%, 8=0.0%, 16=0.0%, 32=0.0%, 64=0.0%, >=64=0.0%
     issued    : total=r=0/w=1202/d=0, short=r=0/w=0/d=0, drop=r=0/w=0/d=0
     latency   : target=0, window=0, percentile=100.00%, depth=10

Run status group 0 (all jobs):
   READ: io=1218.5MB, aggrb=20770KB/s, minb=314KB/s, maxb=20456KB/s, mint=60038msec, maxt=60069msec
  WRITE: io=1202.0MB, aggrb=20490KB/s, minb=20490KB/s, maxb=20490KB/s, mint=60069msec, maxt=60069msec

Disk stats (read/write):
  sdb: ios=11996/1203, merge=0/0, ticks=710405/56650, in_queue=767637, util=99.87%
