randread-32k-64k: (g=0): rw=randread, bs=32K-64K/32K-64K/32K-64K, ioengine=libaio, iodepth=10
seqread: (g=0): rw=read, bs=1M-1M/1M-1M/1M-1M, ioengine=libaio, iodepth=10
seqwrite: (g=0): rw=write, bs=1M-1M/1M-1M/1M-1M, ioengine=libaio, iodepth=10
fio-2.2.8
Starting 3 processes

randread-32k-64k: (groupid=0, jobs=1): err= 0: pid=24623: Thu Apr  7 17:53:00 2016
  read : io=30624KB, bw=520653B/s, iops=15, runt= 60230msec
    slat (usec): min=2, max=37, avg= 5.10, stdev= 2.28
    clat (msec): min=3, max=5685, avg=629.15, stdev=986.56
     lat (msec): min=3, max=5685, avg=629.15, stdev=986.56
    clat percentiles (msec):
     |  1.00th=[   97],  5.00th=[  143], 10.00th=[  161], 20.00th=[  186],
     | 30.00th=[  200], 40.00th=[  219], 50.00th=[  243], 60.00th=[  285],
     | 70.00th=[  594], 80.00th=[  734], 90.00th=[  955], 95.00th=[ 3359],
     | 99.00th=[ 5604], 99.50th=[ 5669], 99.90th=[ 5669], 99.95th=[ 5669],
     | 99.99th=[ 5669]
    bw (KB  /s): min=   55, max= 1848, per=0.67%, avg=814.19, stdev=532.39
    lat (msec) : 4=0.10%, 20=0.31%, 50=0.52%, 100=0.10%, 250=51.10%
    lat (msec) : 500=15.78%, 750=13.38%, 1000=9.20%, 2000=2.19%, >=2000=7.31%
  cpu          : usr=0.01%, sys=0.00%, ctx=960, majf=0, minf=91
  IO depths    : 1=0.1%, 2=0.2%, 4=0.4%, 8=99.3%, 16=0.0%, 32=0.0%, >=64=0.0%
     submit    : 0=0.0%, 4=100.0%, 8=0.0%, 16=0.0%, 32=0.0%, 64=0.0%, >=64=0.0%
     complete  : 0=0.0%, 4=99.9%, 8=0.0%, 16=0.1%, 32=0.0%, 64=0.0%, >=64=0.0%
     issued    : total=r=957/w=0/d=0, short=r=0/w=0/d=0, drop=r=0/w=0/d=0
     latency   : target=0, window=0, percentile=100.00%, depth=10
seqread: (groupid=0, jobs=1): err= 0: pid=24624: Thu Apr  7 17:53:00 2016
  read : io=7147.0MB, bw=121617KB/s, iops=118, runt= 60177msec
    slat (usec): min=13, max=253, avg=18.14, stdev= 6.36
    clat (msec): min=1, max=5663, avg=71.56, stdev=339.70
     lat (msec): min=1, max=5663, avg=71.58, stdev=339.70
    clat percentiles (msec):
     |  1.00th=[   11],  5.00th=[   11], 10.00th=[   11], 20.00th=[   11],
     | 30.00th=[   11], 40.00th=[   11], 50.00th=[   11], 60.00th=[   11],
     | 70.00th=[   11], 80.00th=[   12], 90.00th=[  176], 95.00th=[  227],
     | 99.00th=[  840], 99.50th=[ 3064], 99.90th=[ 5669], 99.95th=[ 5669],
     | 99.99th=[ 5669]
    bw (KB  /s): min= 7147, max=199111, per=100.00%, avg=138857.36, stdev=56273.45
    lat (msec) : 2=0.01%, 4=0.04%, 10=0.31%, 20=86.13%, 50=0.15%
    lat (msec) : 100=0.32%, 250=8.95%, 500=0.95%, 750=1.58%, 1000=0.83%
    lat (msec) : 2000=0.11%, >=2000=0.60%
  cpu          : usr=0.02%, sys=0.24%, ctx=7175, majf=0, minf=526
  IO depths    : 1=0.4%, 2=0.7%, 4=1.5%, 8=97.5%, 16=0.0%, 32=0.0%, >=64=0.0%
     submit    : 0=0.0%, 4=100.0%, 8=0.0%, 16=0.0%, 32=0.0%, 64=0.0%, >=64=0.0%
     complete  : 0=0.0%, 4=100.0%, 8=0.0%, 16=0.1%, 32=0.0%, 64=0.0%, >=64=0.0%
     issued    : total=r=7147/w=0/d=0, short=r=0/w=0/d=0, drop=r=0/w=0/d=0
     latency   : target=0, window=0, percentile=100.00%, depth=10
seqwrite: (groupid=0, jobs=1): err= 0: pid=24625: Thu Apr  7 17:53:00 2016
  write: io=2591.0MB, bw=44093KB/s, iops=43, runt= 60173msec
    slat (usec): min=22, max=69, avg=39.78, stdev= 9.65
    clat (msec): min=22, max=5651, avg=232.17, stdev=576.57
     lat (msec): min=22, max=5651, avg=232.21, stdev=576.58
    clat percentiles (msec):
     |  1.00th=[   41],  5.00th=[   51], 10.00th=[   51], 20.00th=[   52],
     | 30.00th=[   52], 40.00th=[   52], 50.00th=[   53], 60.00th=[  114],
     | 70.00th=[  178], 80.00th=[  202], 90.00th=[  553], 95.00th=[  750],
     | 99.00th=[ 3687], 99.50th=[ 4490], 99.90th=[ 5604], 99.95th=[ 5604],
     | 99.99th=[ 5669]
    bw (KB  /s): min= 1002, max=199111, per=100.00%, avg=72975.87, stdev=72325.66
    lat (msec) : 50=1.51%, 100=58.01%, 250=26.05%, 500=3.51%, 750=5.87%
    lat (msec) : 1000=2.66%, 2000=0.46%, >=2000=1.93%
  cpu          : usr=0.09%, sys=0.10%, ctx=2592, majf=0, minf=11
  IO depths    : 1=0.1%, 2=0.1%, 4=0.2%, 8=99.7%, 16=0.0%, 32=0.0%, >=64=0.0%
     submit    : 0=0.0%, 4=100.0%, 8=0.0%, 16=0.0%, 32=0.0%, 64=0.0%, >=64=0.0%
     complete  : 0=0.0%, 4=100.0%, 8=0.0%, 16=0.1%, 32=0.0%, 64=0.0%, >=64=0.0%
     issued    : total=r=0/w=2591/d=0, short=r=0/w=0/d=0, drop=r=0/w=0/d=0
     latency   : target=0, window=0, percentile=100.00%, depth=10

Run status group 0 (all jobs):
   READ: io=7176.1MB, aggrb=122018KB/s, minb=508KB/s, maxb=121616KB/s, mint=60177msec, maxt=60230msec
  WRITE: io=2591.0MB, aggrb=44092KB/s, minb=44092KB/s, maxb=44092KB/s, mint=60173msec, maxt=60173msec

Disk stats (read/write):
  sdb: ios=8204/2594, merge=0/0, ticks=1156540/602901, in_queue=1759663, util=99.87%
