randread-1k-4k: (g=0): rw=randread, bs=1K-4K/1K-4K/1K-4K, ioengine=libaio, iodepth=10
seqread: (g=0): rw=read, bs=1M-1M/1M-1M/1M-1M, ioengine=libaio, iodepth=10
seqwrite: (g=0): rw=write, bs=1M-1M/1M-1M/1M-1M, ioengine=libaio, iodepth=10
fio-2.2.8
Starting 3 processes

randread-1k-4k: (groupid=0, jobs=1): err= 0: pid=7910: Thu Apr  7 17:45:55 2016
  read : io=2563.0KB, bw=43583B/s, iops=24, runt= 60218msec
    slat (usec): min=1, max=30, avg= 4.26, stdev= 2.10
    clat (msec): min=2, max=6049, avg=402.67, stdev=782.62
     lat (msec): min=2, max=6049, avg=402.68, stdev=782.62
    clat percentiles (msec):
     |  1.00th=[  105],  5.00th=[  149], 10.00th=[  169], 20.00th=[  186],
     | 30.00th=[  198], 40.00th=[  208], 50.00th=[  221], 60.00th=[  235],
     | 70.00th=[  255], 80.00th=[  285], 90.00th=[  420], 95.00th=[ 1336],
     | 99.00th=[ 5604], 99.50th=[ 5997], 99.90th=[ 5997], 99.95th=[ 6063],
     | 99.99th=[ 6063]
    bw (KB  /s): min=    3, max=  107, per=0.06%, avg=64.27, stdev=26.16
    lat (msec) : 4=0.07%, 10=0.07%, 20=0.07%, 50=0.33%, 100=0.40%
    lat (msec) : 250=67.22%, 500=23.08%, 750=2.74%, 2000=2.01%, >=2000=4.01%
  cpu          : usr=0.00%, sys=0.02%, ctx=1496, majf=0, minf=21
  IO depths    : 1=0.1%, 2=0.1%, 4=0.3%, 8=99.5%, 16=0.0%, 32=0.0%, >=64=0.0%
     submit    : 0=0.0%, 4=100.0%, 8=0.0%, 16=0.0%, 32=0.0%, 64=0.0%, >=64=0.0%
     complete  : 0=0.0%, 4=99.9%, 8=0.0%, 16=0.1%, 32=0.0%, 64=0.0%, >=64=0.0%
     issued    : total=r=1495/w=0/d=0, short=r=0/w=0/d=0, drop=r=0/w=0/d=0
     latency   : target=0, window=0, percentile=100.00%, depth=10
seqread: (groupid=0, jobs=1): err= 0: pid=7911: Thu Apr  7 17:45:55 2016
  read : io=6803.0MB, bw=115703KB/s, iops=112, runt= 60208msec
    slat (usec): min=13, max=340, avg=18.11, stdev= 7.11
    clat (msec): min=4, max=5983, avg=87.87, stdev=357.83
     lat (msec): min=4, max=5983, avg=87.89, stdev=357.83
    clat percentiles (msec):
     |  1.00th=[   11],  5.00th=[   11], 10.00th=[   11], 20.00th=[   11],
     | 30.00th=[   11], 40.00th=[   11], 50.00th=[   11], 60.00th=[   11],
     | 70.00th=[   12], 80.00th=[  169], 90.00th=[  202], 95.00th=[  231],
     | 99.00th=[ 1205], 99.50th=[ 2671], 99.90th=[ 5997], 99.95th=[ 5997],
     | 99.99th=[ 5997]
    bw (KB  /s): min=35432, max=199111, per=100.00%, avg=117268.11, stdev=66139.44
    lat (msec) : 10=0.16%, 20=75.06%, 50=0.28%, 100=0.44%, 250=20.58%
    lat (msec) : 500=2.12%, 750=0.31%, 2000=0.35%, >=2000=0.71%
  cpu          : usr=0.03%, sys=0.22%, ctx=6812, majf=0, minf=528
  IO depths    : 1=0.1%, 2=0.2%, 4=0.4%, 8=99.3%, 16=0.0%, 32=0.0%, >=64=0.0%
     submit    : 0=0.0%, 4=100.0%, 8=0.0%, 16=0.0%, 32=0.0%, 64=0.0%, >=64=0.0%
     complete  : 0=0.0%, 4=100.0%, 8=0.0%, 16=0.1%, 32=0.0%, 64=0.0%, >=64=0.0%
     issued    : total=r=6803/w=0/d=0, short=r=0/w=0/d=0, drop=r=0/w=0/d=0
     latency   : target=0, window=0, percentile=100.00%, depth=10
seqwrite: (groupid=0, jobs=1): err= 0: pid=7912: Thu Apr  7 17:45:55 2016
  write: io=1709.0MB, bw=29107KB/s, iops=28, runt= 60123msec
    slat (usec): min=21, max=72, avg=46.47, stdev= 8.32
    clat (msec): min=45, max=6036, avg=351.68, stdev=724.70
     lat (msec): min=45, max=6036, avg=351.73, stdev=724.71
    clat percentiles (msec):
     |  1.00th=[  103],  5.00th=[  137], 10.00th=[  153], 20.00th=[  169],
     | 30.00th=[  178], 40.00th=[  186], 50.00th=[  194], 60.00th=[  202],
     | 70.00th=[  217], 80.00th=[  233], 90.00th=[  338], 95.00th=[ 1188],
     | 99.00th=[ 5538], 99.50th=[ 5997], 99.90th=[ 5997], 99.95th=[ 6063],
     | 99.99th=[ 6063]
    bw (KB  /s): min=  271, max=62693, per=100.00%, avg=42079.62, stdev=19348.94
    lat (msec) : 50=0.12%, 100=0.47%, 250=82.33%, 500=10.42%, 750=1.29%
    lat (msec) : 2000=1.93%, >=2000=3.45%
  cpu          : usr=0.08%, sys=0.06%, ctx=1717, majf=0, minf=12
  IO depths    : 1=0.1%, 2=0.1%, 4=0.2%, 8=99.6%, 16=0.0%, 32=0.0%, >=64=0.0%
     submit    : 0=0.0%, 4=100.0%, 8=0.0%, 16=0.0%, 32=0.0%, 64=0.0%, >=64=0.0%
     complete  : 0=0.0%, 4=99.9%, 8=0.0%, 16=0.1%, 32=0.0%, 64=0.0%, >=64=0.0%
     issued    : total=r=0/w=1709/d=0, short=r=0/w=0/d=0, drop=r=0/w=0/d=0
     latency   : target=0, window=0, percentile=100.00%, depth=10

Run status group 0 (all jobs):
   READ: io=6805.6MB, aggrb=115726KB/s, minb=42KB/s, maxb=115703KB/s, mint=60208msec, maxt=60218msec
  WRITE: io=1709.0MB, aggrb=29107KB/s, minb=29107KB/s, maxb=29107KB/s, mint=60123msec, maxt=60123msec

Disk stats (read/write):
  sdb: ios=8462/1713, merge=0/0, ticks=1252344/603206, in_queue=1856351, util=99.87%
