randread-1k-4k: (g=0): rw=randread, bs=1K-4K/1K-4K/1K-4K, ioengine=libaio, iodepth=10
seqread: (g=0): rw=read, bs=1M-1M/1M-1M/1M-1M, ioengine=libaio, iodepth=10
seqwrite: (g=0): rw=write, bs=1M-1M/1M-1M/1M-1M, ioengine=libaio, iodepth=10
fio-2.2.8
Starting 3 processes

randread-1k-4k: (groupid=0, jobs=1): err= 0: pid=5538: Thu Apr  7 17:44:55 2016
  read : io=1853.0KB, bw=31536B/s, iops=17, runt= 60168msec
    slat (usec): min=1, max=32, avg= 4.09, stdev= 2.18
    clat (msec): min=23, max=6133, avg=557.49, stdev=834.16
     lat (msec): min=23, max=6133, avg=557.49, stdev=834.16
    clat percentiles (msec):
     |  1.00th=[   83],  5.00th=[  135], 10.00th=[  155], 20.00th=[  178],
     | 30.00th=[  194], 40.00th=[  212], 50.00th=[  245], 60.00th=[  330],
     | 70.00th=[  570], 80.00th=[  758], 90.00th=[  889], 95.00th=[ 1876],
     | 99.00th=[ 4490], 99.50th=[ 6128], 99.90th=[ 6128], 99.95th=[ 6128],
     | 99.99th=[ 6128]
    bw (KB  /s): min=    1, max=  106, per=0.03%, avg=42.48, stdev=30.51
    lat (msec) : 50=0.37%, 100=1.11%, 250=49.40%, 500=15.38%, 750=12.79%
    lat (msec) : 1000=12.79%, 2000=3.71%, >=2000=4.45%
  cpu          : usr=0.01%, sys=0.01%, ctx=1082, majf=0, minf=21
  IO depths    : 1=0.1%, 2=0.2%, 4=0.4%, 8=99.4%, 16=0.0%, 32=0.0%, >=64=0.0%
     submit    : 0=0.0%, 4=100.0%, 8=0.0%, 16=0.0%, 32=0.0%, 64=0.0%, >=64=0.0%
     complete  : 0=0.0%, 4=99.9%, 8=0.0%, 16=0.1%, 32=0.0%, 64=0.0%, >=64=0.0%
     issued    : total=r=1079/w=0/d=0, short=r=0/w=0/d=0, drop=r=0/w=0/d=0
     latency   : target=0, window=0, percentile=100.00%, depth=10
seqread: (groupid=0, jobs=1): err= 0: pid=5539: Thu Apr  7 17:44:55 2016
  read : io=7170.0MB, bw=122246KB/s, iops=119, runt= 60060msec
    slat (usec): min=13, max=284, avg=18.31, stdev= 6.68
    clat (msec): min=2, max=6161, avg=73.34, stdev=303.28
     lat (msec): min=2, max=6161, avg=73.36, stdev=303.28
    clat percentiles (msec):
     |  1.00th=[   11],  5.00th=[   11], 10.00th=[   11], 20.00th=[   11],
     | 30.00th=[   11], 40.00th=[   11], 50.00th=[   11], 60.00th=[   11],
     | 70.00th=[   11], 80.00th=[   12], 90.00th=[  178], 95.00th=[  247],
     | 99.00th=[  857], 99.50th=[ 1565], 99.90th=[ 6128], 99.95th=[ 6128],
     | 99.99th=[ 6194]
    bw (KB  /s): min= 3088, max=199111, per=100.00%, avg=134032.52, stdev=53125.71
    lat (msec) : 4=0.17%, 10=0.38%, 20=83.97%, 50=0.40%, 100=0.40%
    lat (msec) : 250=9.71%, 500=1.24%, 750=1.17%, 1000=1.76%, 2000=0.43%
    lat (msec) : >=2000=0.36%
  cpu          : usr=0.03%, sys=0.24%, ctx=7204, majf=0, minf=527
  IO depths    : 1=0.4%, 2=0.8%, 4=1.7%, 8=97.1%, 16=0.0%, 32=0.0%, >=64=0.0%
     submit    : 0=0.0%, 4=100.0%, 8=0.0%, 16=0.0%, 32=0.0%, 64=0.0%, >=64=0.0%
     complete  : 0=0.0%, 4=100.0%, 8=0.0%, 16=0.1%, 32=0.0%, 64=0.0%, >=64=0.0%
     issued    : total=r=7170/w=0/d=0, short=r=0/w=0/d=0, drop=r=0/w=0/d=0
     latency   : target=0, window=0, percentile=100.00%, depth=10
seqwrite: (groupid=0, jobs=1): err= 0: pid=5540: Thu Apr  7 17:44:55 2016
  write: io=2346.0MB, bw=39977KB/s, iops=39, runt= 60092msec
    slat (usec): min=22, max=71, avg=41.39, stdev=10.35
    clat (msec): min=24, max=6101, avg=256.08, stdev=522.82
     lat (msec): min=24, max=6101, avg=256.13, stdev=522.82
    clat percentiles (msec):
     |  1.00th=[   51],  5.00th=[   51], 10.00th=[   51], 20.00th=[   52],
     | 30.00th=[   52], 40.00th=[   53], 50.00th=[  100], 60.00th=[  169],
     | 70.00th=[  194], 80.00th=[  265], 90.00th=[  725], 95.00th=[  807],
     | 99.00th=[ 2278], 99.50th=[ 3523], 99.90th=[ 5997], 99.95th=[ 5997],
     | 99.99th=[ 6128]
    bw (KB  /s): min=  233, max=199111, per=100.00%, avg=59494.11, stdev=64504.83
    lat (msec) : 50=0.81%, 100=49.19%, 250=29.33%, 500=7.37%, 750=4.99%
    lat (msec) : 1000=5.29%, 2000=1.75%, >=2000=1.28%
  cpu          : usr=0.09%, sys=0.08%, ctx=2351, majf=0, minf=11
  IO depths    : 1=0.1%, 2=0.1%, 4=0.2%, 8=99.7%, 16=0.0%, 32=0.0%, >=64=0.0%
     submit    : 0=0.0%, 4=100.0%, 8=0.0%, 16=0.0%, 32=0.0%, 64=0.0%, >=64=0.0%
     complete  : 0=0.0%, 4=100.0%, 8=0.0%, 16=0.1%, 32=0.0%, 64=0.0%, >=64=0.0%
     issued    : total=r=0/w=2346/d=0, short=r=0/w=0/d=0, drop=r=0/w=0/d=0
     latency   : target=0, window=0, percentile=100.00%, depth=10

Run status group 0 (all jobs):
   READ: io=7171.9MB, aggrb=122057KB/s, minb=30KB/s, maxb=122245KB/s, mint=60060msec, maxt=60168msec
  WRITE: io=2346.0MB, aggrb=39977KB/s, minb=39977KB/s, maxb=39977KB/s, mint=60092msec, maxt=60092msec

Disk stats (read/write):
  sdb: ios=8225/2340, merge=0/0, ticks=1112632/600870, in_queue=1724897, util=99.87%
