randread-2m: (g=0): rw=randread, bs=2M-2M/2M-2M/2M-2M, ioengine=libaio, iodepth=10
fio-2.2.8
Starting 1 process

randread-2m: (groupid=0, jobs=1): err= 0: pid=31121: Thu Apr  7 17:14:38 2016
  read : io=7002.0MB, bw=119183KB/s, iops=58, runt= 60160msec
    slat (usec): min=30, max=312, avg=37.26, stdev=11.96
    clat (msec): min=19, max=298, avg=171.72, stdev=12.53
     lat (msec): min=19, max=298, avg=171.75, stdev=12.53
    clat percentiles (msec):
     |  1.00th=[  137],  5.00th=[  155], 10.00th=[  161], 20.00th=[  165],
     | 30.00th=[  167], 40.00th=[  172], 50.00th=[  174], 60.00th=[  176],
     | 70.00th=[  178], 80.00th=[  180], 90.00th=[  184], 95.00th=[  188],
     | 99.00th=[  194], 99.50th=[  198], 99.90th=[  265], 99.95th=[  281],
     | 99.99th=[  297]
    bw (KB  /s): min=92044, max=143161, per=99.68%, avg=118806.11, stdev=5479.43
    lat (msec) : 20=0.03%, 50=0.06%, 100=0.20%, 250=99.60%, 500=0.11%
  cpu          : usr=0.01%, sys=0.23%, ctx=3503, majf=0, minf=531
  IO depths    : 1=0.1%, 2=0.1%, 4=0.2%, 8=99.6%, 16=0.0%, 32=0.0%, >=64=0.0%
     submit    : 0=0.0%, 4=100.0%, 8=0.0%, 16=0.0%, 32=0.0%, 64=0.0%, >=64=0.0%
     complete  : 0=0.0%, 4=99.9%, 8=0.0%, 16=0.1%, 32=0.0%, 64=0.0%, >=64=0.0%
     issued    : total=r=3501/w=0/d=0, short=r=0/w=0/d=0, drop=r=0/w=0/d=0
     latency   : target=0, window=0, percentile=100.00%, depth=10

Run status group 0 (all jobs):
   READ: io=7002.0MB, aggrb=119182KB/s, minb=119182KB/s, maxb=119182KB/s, mint=60160msec, maxt=60160msec

Disk stats (read/write):
  sdb: ios=7322/0, merge=0/0, ticks=1236638/0, in_queue=1238343, util=99.87%
