randread-32k: (g=0): rw=randread, bs=32K-32K/32K-32K/32K-32K, ioengine=libaio, iodepth=10
fio-2.2.8
Starting 1 process

randread-32k: (groupid=0, jobs=1): err= 0: pid=13099: Thu Apr  7 17:20:41 2016
  read : io=493088KB, bw=8210.1KB/s, iops=256, runt= 60053msec
    slat (usec): min=2, max=31, avg= 3.96, stdev= 1.38
    clat (usec): min=290, max=460333, avg=38963.58, stdev=39253.23
     lat (usec): min=296, max=460336, avg=38967.67, stdev=39253.24
    clat percentiles (msec):
     |  1.00th=[    6],  5.00th=[    7], 10.00th=[    9], 20.00th=[   12],
     | 30.00th=[   14], 40.00th=[   19], 50.00th=[   25], 60.00th=[   34],
     | 70.00th=[   44], 80.00th=[   61], 90.00th=[   90], 95.00th=[  120],
     | 99.00th=[  188], 99.50th=[  215], 99.90th=[  281], 99.95th=[  306],
     | 99.99th=[  388]
    bw (KB  /s): min= 6195, max= 8924, per=100.00%, avg=8215.61, stdev=442.71
    lat (usec) : 500=0.36%, 750=0.02%, 1000=0.01%
    lat (msec) : 2=0.03%, 4=0.03%, 10=15.34%, 20=26.44%, 50=31.89%
    lat (msec) : 100=18.02%, 250=7.61%, 500=0.25%
  cpu          : usr=0.08%, sys=0.13%, ctx=15411, majf=0, minf=90
  IO depths    : 1=0.1%, 2=0.1%, 4=0.1%, 8=100.0%, 16=0.0%, 32=0.0%, >=64=0.0%
     submit    : 0=0.0%, 4=100.0%, 8=0.0%, 16=0.0%, 32=0.0%, 64=0.0%, >=64=0.0%
     complete  : 0=0.0%, 4=100.0%, 8=0.0%, 16=0.1%, 32=0.0%, 64=0.0%, >=64=0.0%
     issued    : total=r=15409/w=0/d=0, short=r=0/w=0/d=0, drop=r=0/w=0/d=0
     latency   : target=0, window=0, percentile=100.00%, depth=10

Run status group 0 (all jobs):
   READ: io=493088KB, aggrb=8210KB/s, minb=8210KB/s, maxb=8210KB/s, mint=60053msec, maxt=60053msec

Disk stats (read/write):
  sdb: ios=15380/4, merge=0/0, ticks=598861/332, in_queue=599406, util=99.87%
