randread-64k: (g=0): rw=randread, bs=64K-64K/64K-64K/64K-64K, ioengine=libaio, iodepth=10
fio-2.2.8
Starting 1 process

randread-64k: (groupid=0, jobs=1): err= 0: pid=9318: Thu Apr  7 17:32:48 2016
  read : io=947776KB, bw=15779KB/s, iops=246, runt= 60064msec
    slat (usec): min=3, max=39, avg= 4.68, stdev= 1.45
    clat (usec): min=215, max=413506, avg=40548.95, stdev=41598.21
     lat (usec): min=219, max=413513, avg=40553.74, stdev=41598.21
    clat percentiles (msec):
     |  1.00th=[    6],  5.00th=[    8], 10.00th=[    9], 20.00th=[   12],
     | 30.00th=[   15], 40.00th=[   20], 50.00th=[   26], 60.00th=[   35],
     | 70.00th=[   45], 80.00th=[   62], 90.00th=[   94], 95.00th=[  128],
     | 99.00th=[  202], 99.50th=[  231], 99.90th=[  285], 99.95th=[  322],
     | 99.99th=[  351]
    bw (KB  /s): min=13824, max=17211, per=100.00%, avg=15802.03, stdev=694.03
    lat (usec) : 250=0.01%, 500=0.32%, 750=0.02%, 1000=0.03%
    lat (msec) : 2=0.02%, 4=0.05%, 10=14.79%, 20=25.88%, 50=32.35%
    lat (msec) : 100=17.79%, 250=8.47%, 500=0.30%
  cpu          : usr=0.06%, sys=0.15%, ctx=14810, majf=0, minf=170
  IO depths    : 1=0.1%, 2=0.1%, 4=0.1%, 8=100.0%, 16=0.0%, 32=0.0%, >=64=0.0%
     submit    : 0=0.0%, 4=100.0%, 8=0.0%, 16=0.0%, 32=0.0%, 64=0.0%, >=64=0.0%
     complete  : 0=0.0%, 4=100.0%, 8=0.0%, 16=0.1%, 32=0.0%, 64=0.0%, >=64=0.0%
     issued    : total=r=14809/w=0/d=0, short=r=0/w=0/d=0, drop=r=0/w=0/d=0
     latency   : target=0, window=0, percentile=100.00%, depth=10

Run status group 0 (all jobs):
   READ: io=947776KB, aggrb=15779KB/s, minb=15779KB/s, maxb=15779KB/s, mint=60064msec, maxt=60064msec

Disk stats (read/write):
  sdb: ios=14782/0, merge=0/0, ticks=598605/0, in_queue=599070, util=99.87%
