randread-512k: (g=0): rw=randread, bs=512K-512K/512K-512K/512K-512K, ioengine=libaio, iodepth=10
fio-2.2.8
Starting 1 process

randread-512k: (groupid=0, jobs=1): err= 0: pid=15447: Thu Apr  7 17:21:42 2016
  read : io=4403.0MB, bw=75051KB/s, iops=146, runt= 60075msec
    slat (usec): min=8, max=233, avg=13.65, stdev= 4.43
    clat (msec): min=1, max=607, avg=68.20, stdev=60.38
     lat (msec): min=1, max=607, avg=68.21, stdev=60.38
    clat percentiles (msec):
     |  1.00th=[   11],  5.00th=[   13], 10.00th=[   15], 20.00th=[   19],
     | 30.00th=[   26], 40.00th=[   37], 50.00th=[   49], 60.00th=[   65],
     | 70.00th=[   84], 80.00th=[  109], 90.00th=[  149], 95.00th=[  194],
     | 99.00th=[  273], 99.50th=[  314], 99.90th=[  404], 99.95th=[  453],
     | 99.99th=[  611]
    bw (KB  /s): min=65015, max=84150, per=100.00%, avg=75135.92, stdev=3921.16
    lat (msec) : 2=0.17%, 4=0.08%, 10=0.33%, 20=21.60%, 50=28.66%
    lat (msec) : 100=25.99%, 250=21.49%, 500=1.67%, 750=0.01%
  cpu          : usr=0.04%, sys=0.21%, ctx=8807, majf=0, minf=778
  IO depths    : 1=0.1%, 2=0.1%, 4=0.1%, 8=99.9%, 16=0.0%, 32=0.0%, >=64=0.0%
     submit    : 0=0.0%, 4=100.0%, 8=0.0%, 16=0.0%, 32=0.0%, 64=0.0%, >=64=0.0%
     complete  : 0=0.0%, 4=100.0%, 8=0.0%, 16=0.1%, 32=0.0%, 64=0.0%, >=64=0.0%
     issued    : total=r=8806/w=0/d=0, short=r=0/w=0/d=0, drop=r=0/w=0/d=0
     latency   : target=0, window=0, percentile=100.00%, depth=10

Run status group 0 (all jobs):
   READ: io=4403.0MB, aggrb=75050KB/s, minb=75050KB/s, maxb=75050KB/s, mint=60075msec, maxt=60075msec

Disk stats (read/write):
  sdb: ios=8787/0, merge=0/0, ticks=598611/0, in_queue=599040, util=99.87%
