randread-1k-5k: (g=0): rw=randread, bs=1K-4K/1K-4K/1K-4K, ioengine=libaio, iodepth=10
seqread: (g=0): rw=read, bs=1M-1M/1M-1M/1M-1M, ioengine=libaio, iodepth=10
seqwrite: (g=0): rw=write, bs=1M-1M/1M-1M/1M-1M, ioengine=libaio, iodepth=10
fio-2.1.3
Starting 3 processes

randread-1k-5k: (groupid=0, jobs=1): err= 0: pid=4118: Wed Apr  8 14:51:49 2015
  read : io=87510KB, bw=1458.4KB/s, iops=594, runt= 60007msec
    slat (usec): min=2, max=136497, avg=557.42, stdev=5849.55
    clat (usec): min=181, max=145551, avg=16256.06, stdev=31516.37
     lat (usec): min=189, max=145687, avg=16814.64, stdev=31968.58
    clat percentiles (msec):
     |  1.00th=[    4],  5.00th=[    5], 10.00th=[    6], 20.00th=[    6],
     | 30.00th=[    7], 40.00th=[    7], 50.00th=[    7], 60.00th=[    8],
     | 70.00th=[    8], 80.00th=[    9], 90.00th=[   12], 95.00th=[  123],
     | 99.00th=[  129], 99.50th=[  131], 99.90th=[  135], 99.95th=[  137],
     | 99.99th=[  145]
    bw (KB  /s): min=  966, max= 3415, per=0.30%, avg=1463.97, stdev=239.39
    lat (usec) : 250=0.20%, 500=0.14%, 750=0.02%, 1000=0.01%
    lat (msec) : 2=0.05%, 4=1.28%, 10=85.27%, 20=5.08%, 50=0.04%
    lat (msec) : 100=0.04%, 250=7.87%
  cpu          : usr=0.27%, sys=2.49%, ctx=29117, majf=0, minf=179
  IO depths    : 1=0.1%, 2=0.1%, 4=0.1%, 8=100.0%, 16=0.0%, 32=0.0%, >=64=0.0%
     submit    : 0=0.0%, 4=100.0%, 8=0.0%, 16=0.0%, 32=0.0%, 64=0.0%, >=64=0.0%
     complete  : 0=0.0%, 4=100.0%, 8=0.0%, 16=0.1%, 32=0.0%, 64=0.0%, >=64=0.0%
     issued    : total=r=35680/w=0/d=0, short=r=0/w=0/d=0
seqread: (groupid=0, jobs=1): err= 0: pid=4119: Wed Apr  8 14:51:49 2015
  read : io=28902MB, bw=493195KB/s, iops=481, runt= 60008msec
    slat (usec): min=41, max=132802, avg=1356.59, stdev=10287.11
    clat (msec): min=2, max=140, avg=19.37, stdev=33.71
     lat (msec): min=3, max=140, avg=20.73, stdev=34.94
    clat percentiles (msec):
     |  1.00th=[    6],  5.00th=[    7], 10.00th=[    7], 20.00th=[    8],
     | 30.00th=[    8], 40.00th=[    9], 50.00th=[    9], 60.00th=[    9],
     | 70.00th=[   10], 80.00th=[   11], 90.00th=[   17], 95.00th=[  125],
     | 99.00th=[  130], 99.50th=[  133], 99.90th=[  137], 99.95th=[  139],
     | 99.99th=[  141]
    bw (KB  /s): min=364739, max=976896, per=97.19%, avg=480742.21, stdev=70552.28
    lat (msec) : 4=0.10%, 10=77.46%, 20=13.06%, 50=0.10%, 100=0.04%
    lat (msec) : 250=9.24%
  cpu          : usr=0.21%, sys=8.29%, ctx=26597, majf=0, minf=7930
  IO depths    : 1=0.1%, 2=0.2%, 4=0.4%, 8=99.3%, 16=0.0%, 32=0.0%, >=64=0.0%
     submit    : 0=0.0%, 4=100.0%, 8=0.0%, 16=0.0%, 32=0.0%, 64=0.0%, >=64=0.0%
     complete  : 0=0.0%, 4=99.9%, 8=0.0%, 16=0.1%, 32=0.0%, 64=0.0%, >=64=0.0%
     issued    : total=r=28902/w=0/d=0, short=r=0/w=0/d=0
seqwrite: (groupid=0, jobs=1): err= 0: pid=4120: Wed Apr  8 14:51:49 2015
  write: io=31000MB, bw=529040KB/s, iops=516, runt= 60003msec
    slat (usec): min=40, max=133612, avg=1264.29, stdev=8969.10
    clat (msec): min=2, max=139, avg=18.06, stdev=32.97
     lat (msec): min=2, max=140, avg=19.32, stdev=33.93
    clat percentiles (msec):
     |  1.00th=[    5],  5.00th=[    6], 10.00th=[    7], 20.00th=[    7],
     | 30.00th=[    8], 40.00th=[    8], 50.00th=[    8], 60.00th=[    9],
     | 70.00th=[    9], 80.00th=[   10], 90.00th=[   15], 95.00th=[  124],
     | 99.00th=[  130], 99.50th=[  131], 99.90th=[  135], 99.95th=[  139],
     | 99.99th=[  139]
    bw (KB  /s): min=407250, max=1052500, per=97.25%, avg=514466.59, stdev=78581.95
    lat (msec) : 4=0.35%, 10=82.76%, 20=8.05%, 50=0.04%, 100=0.06%
    lat (msec) : 250=8.74%
  cpu          : usr=1.45%, sys=8.72%, ctx=30009, majf=0, minf=3713
  IO depths    : 1=0.1%, 2=0.2%, 4=0.4%, 8=99.3%, 16=0.0%, 32=0.0%, >=64=0.0%
     submit    : 0=0.0%, 4=100.0%, 8=0.0%, 16=0.0%, 32=0.0%, 64=0.0%, >=64=0.0%
     complete  : 0=0.0%, 4=99.9%, 8=0.0%, 16=0.1%, 32=0.0%, 64=0.0%, >=64=0.0%
     issued    : total=r=0/w=31000/d=0, short=r=0/w=0/d=0

Run status group 0 (all jobs):
   READ: io=28987MB, aggrb=494653KB/s, minb=1458KB/s, maxb=493195KB/s, mint=60007msec, maxt=60008msec
  WRITE: io=31000MB, aggrb=529040KB/s, minb=529040KB/s, maxb=529040KB/s, mint=60003msec, maxt=60003msec

Disk stats (read/write):
  sdb: ios=266556/247638, merge=0/11, ticks=4500472/3964720, in_queue=8467900, util=100.00%
