randread-1k: (g=0): rw=randread, bs=1K-4K/1K-4K/1K-4K, ioengine=libaio, iodepth=10
seqread: (g=0): rw=read, bs=1M-1M/1M-1M/1M-1M, ioengine=libaio, iodepth=10
seqwrite: (g=0): rw=write, bs=1M-1M/1M-1M/1M-1M, ioengine=libaio, iodepth=10
fio-2.1.3
Starting 3 processes

randread-1k: (groupid=0, jobs=1): err= 0: pid=4082: Wed Apr  8 14:47:47 2015
  read : io=6102.2MB, bw=104142KB/s, iops=50277, runt= 60001msec
    slat (usec): min=1, max=4706, avg= 3.70, stdev= 5.34
    clat (usec): min=36, max=8137, avg=193.08, stdev=73.14
     lat (usec): min=53, max=8146, avg=197.42, stdev=73.85
    clat percentiles (usec):
     |  1.00th=[  133],  5.00th=[  147], 10.00th=[  153], 20.00th=[  163],
     | 30.00th=[  171], 40.00th=[  177], 50.00th=[  185], 60.00th=[  193],
     | 70.00th=[  201], 80.00th=[  213], 90.00th=[  233], 95.00th=[  258],
     | 99.00th=[  362], 99.50th=[  486], 99.90th=[  924], 99.95th=[ 1768],
     | 99.99th=[ 2544]
    bw (KB  /s): min=80880, max=126592, per=83.87%, avg=104570.63, stdev=10272.37
    lat (usec) : 50=0.01%, 100=0.20%, 250=93.74%, 500=5.63%, 750=0.31%
    lat (usec) : 1000=0.02%
    lat (msec) : 2=0.07%, 4=0.03%, 10=0.01%
  cpu          : usr=4.89%, sys=34.84%, ctx=1077145, majf=0, minf=243
  IO depths    : 1=0.1%, 2=0.1%, 4=0.1%, 8=100.0%, 16=0.0%, 32=0.0%, >=64=0.0%
     submit    : 0=0.0%, 4=100.0%, 8=0.0%, 16=0.0%, 32=0.0%, 64=0.0%, >=64=0.0%
     complete  : 0=0.0%, 4=100.0%, 8=0.0%, 16=0.1%, 32=0.0%, 64=0.0%, >=64=0.0%
     issued    : total=r=3016722/w=0/d=0, short=r=0/w=0/d=0
seqread: (groupid=0, jobs=1): err= 0: pid=4083: Wed Apr  8 14:47:47 2015
  read : io=1204.0MB, bw=20546KB/s, iops=20, runt= 60008msec
    slat (usec): min=49, max=1094, avg=129.12, stdev=71.48
    clat (usec): min=481, max=4840, avg=751.84, stdev=279.56
     lat (usec): min=566, max=5935, avg=882.38, stdev=319.33
    clat percentiles (usec):
     |  1.00th=[  506],  5.00th=[  532], 10.00th=[  548], 20.00th=[  588],
     | 30.00th=[  724], 40.00th=[  748], 50.00th=[  756], 60.00th=[  772],
     | 70.00th=[  788], 80.00th=[  804], 90.00th=[  836], 95.00th=[  860],
     | 99.00th=[ 1864], 99.50th=[ 2448], 99.90th=[ 4704], 99.95th=[ 4832],
     | 99.99th=[ 4832]
    bw (KB  /s): min=20442, max=24429, per=16.49%, avg=20555.96, stdev=484.36
    lat (usec) : 500=0.58%, 750=41.03%, 1000=56.31%
    lat (msec) : 2=1.25%, 4=0.66%, 10=0.17%
  cpu          : usr=0.00%, sys=0.60%, ctx=2391, majf=0, minf=526
  IO depths    : 1=98.3%, 2=0.3%, 4=0.7%, 8=0.7%, 16=0.0%, 32=0.0%, >=64=0.0%
     submit    : 0=0.0%, 4=100.0%, 8=0.0%, 16=0.0%, 32=0.0%, 64=0.0%, >=64=0.0%
     complete  : 0=0.0%, 4=100.0%, 8=0.0%, 16=0.0%, 32=0.0%, 64=0.0%, >=64=0.0%
     issued    : total=r=1204/w=0/d=0, short=r=0/w=0/d=0
seqwrite: (groupid=0, jobs=1): err= 0: pid=4084: Wed Apr  8 14:47:47 2015
  write: io=1204.0MB, bw=20545KB/s, iops=20, runt= 60009msec
    slat (usec): min=55, max=830, avg=120.26, stdev=46.45
    clat (usec): min=269, max=3490, avg=435.26, stdev=194.92
     lat (usec): min=425, max=4322, avg=556.80, stdev=223.31
    clat percentiles (usec):
     |  1.00th=[  362],  5.00th=[  374], 10.00th=[  382], 20.00th=[  390],
     | 30.00th=[  394], 40.00th=[  402], 50.00th=[  410], 60.00th=[  414],
     | 70.00th=[  422], 80.00th=[  434], 90.00th=[  450], 95.00th=[  474],
     | 99.00th=[ 1368], 99.50th=[ 1720], 99.90th=[ 3248], 99.95th=[ 3504],
     | 99.99th=[ 3504]
    bw (KB  /s): min=20405, max=24380, per=100.00%, avg=20557.93, stdev=479.24
    lat (usec) : 500=96.68%, 750=1.50%
    lat (msec) : 2=1.50%, 4=0.33%
  cpu          : usr=0.10%, sys=0.20%, ctx=2391, majf=0, minf=9
  IO depths    : 1=98.3%, 2=0.3%, 4=0.7%, 8=0.7%, 16=0.0%, 32=0.0%, >=64=0.0%
     submit    : 0=0.0%, 4=100.0%, 8=0.0%, 16=0.0%, 32=0.0%, 64=0.0%, >=64=0.0%
     complete  : 0=0.0%, 4=100.0%, 8=0.0%, 16=0.0%, 32=0.0%, 64=0.0%, >=64=0.0%
     issued    : total=r=0/w=1204/d=0, short=r=0/w=0/d=0

Run status group 0 (all jobs):
   READ: io=7306.2MB, aggrb=124675KB/s, minb=20545KB/s, maxb=104141KB/s, mint=60001msec, maxt=60008msec
  WRITE: io=1204.0MB, aggrb=20545KB/s, minb=20545KB/s, maxb=20545KB/s, mint=60009msec, maxt=60009msec

Disk stats (read/write):
  sdb: ios=3015587/9616, merge=0/12, ticks=544800/260, in_queue=544884, util=99.93%
