randread-1k: (g=0): rw=randread, bs=1K-4K/1K-4K/1K-4K, ioengine=libaio, iodepth=10
seqread: (g=0): rw=read, bs=1M-1M/1M-1M/1M-1M, ioengine=libaio, iodepth=10
seqwrite: (g=0): rw=write, bs=1M-1M/1M-1M/1M-1M, ioengine=libaio, iodepth=10
fio-2.1.3
Starting 3 processes

randread-1k: (groupid=0, jobs=1): err= 0: pid=4074: Wed Apr  8 14:46:46 2015
  read : io=6149.7MB, bw=104951KB/s, iops=50719, runt= 60001msec
    slat (usec): min=1, max=2471, avg= 3.70, stdev= 4.36
    clat (usec): min=44, max=7708, avg=191.36, stdev=60.97
     lat (usec): min=47, max=7715, avg=195.70, stdev=61.38
    clat percentiles (usec):
     |  1.00th=[  133],  5.00th=[  147], 10.00th=[  155], 20.00th=[  165],
     | 30.00th=[  173], 40.00th=[  179], 50.00th=[  185], 60.00th=[  193],
     | 70.00th=[  201], 80.00th=[  211], 90.00th=[  231], 95.00th=[  251],
     | 99.00th=[  314], 99.50th=[  382], 99.90th=[  580], 99.95th=[ 1272],
     | 99.99th=[ 2448]
    bw (KB  /s): min=84756, max=128490, per=91.49%, avg=105412.48, stdev=10033.66
    lat (usec) : 50=0.01%, 100=0.19%, 250=94.79%, 500=4.81%, 750=0.14%
    lat (usec) : 1000=0.01%
    lat (msec) : 2=0.04%, 4=0.01%, 10=0.01%
  cpu          : usr=5.69%, sys=34.47%, ctx=1061257, majf=0, minf=225
  IO depths    : 1=0.1%, 2=0.1%, 4=0.1%, 8=100.0%, 16=0.0%, 32=0.0%, >=64=0.0%
     submit    : 0=0.0%, 4=100.0%, 8=0.0%, 16=0.0%, 32=0.0%, 64=0.0%, >=64=0.0%
     complete  : 0=0.0%, 4=100.0%, 8=0.0%, 16=0.1%, 32=0.0%, 64=0.0%, >=64=0.0%
     issued    : total=r=3043205/w=0/d=0, short=r=0/w=0/d=0
seqread: (groupid=0, jobs=1): err= 0: pid=4075: Wed Apr  8 14:46:46 2015
  read : io=616448KB, bw=10274KB/s, iops=10, runt= 60003msec
    slat (usec): min=57, max=1300, avg=110.70, stdev=108.06
    clat (usec): min=494, max=7078, avg=769.77, stdev=504.01
     lat (usec): min=588, max=7985, avg=881.53, stdev=578.22
    clat percentiles (usec):
     |  1.00th=[  516],  5.00th=[  532], 10.00th=[  540], 20.00th=[  572],
     | 30.00th=[  644], 40.00th=[  748], 50.00th=[  756], 60.00th=[  772],
     | 70.00th=[  788], 80.00th=[  804], 90.00th=[  828], 95.00th=[  852],
     | 99.00th=[ 2800], 99.50th=[ 5280], 99.90th=[ 7072], 99.95th=[ 7072],
     | 99.99th=[ 7072]
    bw (KB  /s): min=10240, max=12275, per=8.91%, avg=10265.30, stdev=195.37
    lat (usec) : 500=0.66%, 750=42.36%, 1000=55.15%
    lat (msec) : 2=0.50%, 4=0.33%, 10=1.00%
  cpu          : usr=0.00%, sys=0.14%, ctx=1193, majf=0, minf=524
  IO depths    : 1=98.5%, 2=0.3%, 4=0.7%, 8=0.5%, 16=0.0%, 32=0.0%, >=64=0.0%
     submit    : 0=0.0%, 4=100.0%, 8=0.0%, 16=0.0%, 32=0.0%, 64=0.0%, >=64=0.0%
     complete  : 0=0.0%, 4=100.0%, 8=0.0%, 16=0.0%, 32=0.0%, 64=0.0%, >=64=0.0%
     issued    : total=r=602/w=0/d=0, short=r=0/w=0/d=0
seqwrite: (groupid=0, jobs=1): err= 0: pid=4076: Wed Apr  8 14:46:46 2015
  write: io=616448KB, bw=10274KB/s, iops=10, runt= 59999msec
    slat (usec): min=55, max=415, avg=113.22, stdev=43.40
    clat (usec): min=319, max=3127, avg=422.18, stdev=223.99
     lat (usec): min=412, max=3318, avg=536.74, stdev=250.52
    clat percentiles (usec):
     |  1.00th=[  346],  5.00th=[  362], 10.00th=[  366], 20.00th=[  374],
     | 30.00th=[  378], 40.00th=[  386], 50.00th=[  390], 60.00th=[  398],
     | 70.00th=[  402], 80.00th=[  410], 90.00th=[  430], 95.00th=[  454],
     | 99.00th=[ 1624], 99.50th=[ 2128], 99.90th=[ 3120], 99.95th=[ 3120],
     | 99.99th=[ 3120]
    bw (KB  /s): min=10240, max=12275, per=99.93%, avg=10266.90, stdev=197.08
    lat (usec) : 500=96.68%, 750=1.66%
    lat (msec) : 2=1.00%, 4=0.66%
  cpu          : usr=0.86%, sys=1.72%, ctx=1202, majf=0, minf=7
  IO depths    : 1=98.5%, 2=0.3%, 4=0.7%, 8=0.5%, 16=0.0%, 32=0.0%, >=64=0.0%
     submit    : 0=0.0%, 4=100.0%, 8=0.0%, 16=0.0%, 32=0.0%, 64=0.0%, >=64=0.0%
     complete  : 0=0.0%, 4=100.0%, 8=0.0%, 16=0.0%, 32=0.0%, 64=0.0%, >=64=0.0%
     issued    : total=r=0/w=602/d=0, short=r=0/w=0/d=0

Run status group 0 (all jobs):
   READ: io=6751.7MB, aggrb=115221KB/s, minb=10273KB/s, maxb=104951KB/s, mint=60001msec, maxt=60003msec
  WRITE: io=616448KB, aggrb=10274KB/s, minb=10274KB/s, maxb=10274KB/s, mint=59999msec, maxt=59999msec

Disk stats (read/write):
  sdb: ios=3039080/4822, merge=0/11, ticks=548040/152, in_queue=547992, util=99.95%
