randread-1k: (g=0): rw=randread, bs=8K-16K/8K-16K/8K-16K, ioengine=libaio, iodepth=10
seqread: (g=0): rw=read, bs=1M-1M/1M-1M/1M-1M, ioengine=libaio, iodepth=10
seqwrite: (g=0): rw=write, bs=1M-1M/1M-1M/1M-1M, ioengine=libaio, iodepth=10
fio-2.1.4
Starting 3 processes

randread-1k: (groupid=0, jobs=1): err= 0: pid=4990: Sat Mar 15 07:45:03 2014
  read : io=6144.8MB, bw=102235KB/s, iops=9476, runt= 61539msec
    slat (usec): min=1, max=46742, avg=75.16, stdev=532.52
    clat (usec): min=1, max=352756, avg=691.33, stdev=2899.26
     lat (usec): min=3, max=354341, avg=766.67, stdev=3169.85
    clat percentiles (usec):
     |  1.00th=[   29],  5.00th=[   32], 10.00th=[   34], 20.00th=[   40],
     | 30.00th=[  219], 40.00th=[  251], 50.00th=[  406], 60.00th=[  486],
     | 70.00th=[  660], 80.00th=[  924], 90.00th=[ 1368], 95.00th=[ 2192],
     | 99.00th=[ 4832], 99.50th=[ 5664], 99.90th=[ 7904], 99.95th=[40704],
     | 99.99th=[162816]
    bw (KB  /s): min=    2, max=450864, per=51.57%, avg=113755.99, stdev=105334.13
    lat (usec) : 2=0.01%, 4=0.01%, 10=0.01%, 20=0.01%, 50=21.29%
    lat (usec) : 100=2.47%, 250=15.93%, 500=20.76%, 750=12.28%, 1000=9.85%
    lat (msec) : 2=11.80%, 4=3.95%, 10=1.58%, 20=0.01%, 50=0.04%
    lat (msec) : 100=0.01%, 250=0.02%, 500=0.01%
  cpu          : usr=0.59%, sys=13.39%, ctx=154312, majf=0, minf=71
  IO depths    : 1=0.1%, 2=0.1%, 4=0.1%, 8=100.0%, 16=0.0%, 32=0.0%, >=64=0.0%
     submit    : 0=0.0%, 4=100.0%, 8=0.0%, 16=0.0%, 32=0.0%, 64=0.0%, >=64=0.0%
     complete  : 0=0.0%, 4=100.0%, 8=0.0%, 16=0.1%, 32=0.0%, 64=0.0%, >=64=0.0%
     issued    : total=r=583189/w=0/d=0, short=r=0/w=0/d=0
seqread: (groupid=0, jobs=1): err= 0: pid=4991: Sat Mar 15 07:45:03 2014
  read : io=7112.0MB, bw=121281KB/s, iops=118, runt= 60048msec
    slat (usec): min=227, max=123902, avg=3407.45, stdev=10241.95
    clat (usec): min=1, max=776102, avg=19671.47, stdev=79361.88
     lat (usec): min=248, max=859460, avg=23082.05, stdev=87994.25
    clat percentiles (usec):
     |  1.00th=[    1],  5.00th=[    2], 10.00th=[    2], 20.00th=[    2],
     | 30.00th=[    2], 40.00th=[    2], 50.00th=[    3], 60.00th=[20352],
     | 70.00th=[22144], 80.00th=[24192], 90.00th=[24704], 95.00th=[28288],
     | 99.00th=[577536], 99.50th=[749568], 99.90th=[749568], 99.95th=[749568],
     | 99.99th=[774144]
    bw (KB  /s): min=  393, max=436525, per=63.48%, avg=140018.81, stdev=103782.55
    lat (usec) : 2=1.17%, 4=53.82%, 10=1.49%, 20=0.17%, 50=0.44%
    lat (msec) : 2=0.03%, 4=0.42%, 10=0.45%, 20=1.29%, 50=38.89%
    lat (msec) : 100=0.07%, 250=0.21%, 500=0.39%, 750=1.01%, 1000=0.14%
  cpu          : usr=0.04%, sys=12.60%, ctx=91322, majf=0, minf=545
  IO depths    : 1=57.1%, 2=0.3%, 4=0.7%, 8=41.9%, 16=0.0%, 32=0.0%, >=64=0.0%
     submit    : 0=0.0%, 4=100.0%, 8=0.0%, 16=0.0%, 32=0.0%, 64=0.0%, >=64=0.0%
     complete  : 0=0.0%, 4=100.0%, 8=0.0%, 16=0.1%, 32=0.0%, 64=0.0%, >=64=0.0%
     issued    : total=r=7112/w=0/d=0, short=r=0/w=0/d=0
seqwrite: (groupid=0, jobs=1): err= 0: pid=4992: Sat Mar 15 07:45:03 2014
  write: io=7112.0MB, bw=121289KB/s, iops=118, runt= 60044msec
    slat (usec): min=405, max=1901.4K, avg=2760.39, stdev=30437.99
    clat (usec): min=1, max=2411.3K, avg=17180.48, stdev=90125.41
     lat (usec): min=407, max=2414.7K, avg=19942.68, stdev=100111.82
    clat percentiles (usec):
     |  1.00th=[    1],  5.00th=[    1], 10.00th=[    1], 20.00th=[    2],
     | 30.00th=[    2], 40.00th=[    2], 50.00th=[    2], 60.00th=[20096],
     | 70.00th=[21888], 80.00th=[24192], 90.00th=[24704], 95.00th=[27776],
     | 99.00th=[211968], 99.50th=[585728], 99.90th=[1712128], 99.95th=[2179072],
     | 99.99th=[2408448]
    bw (KB  /s): min=  395, max=436525, per=100.00%, avg=147782.73, stdev=101387.65
    lat (usec) : 2=10.50%, 4=46.51%, 10=0.13%, 20=0.18%, 50=0.13%
    lat (usec) : 1000=0.01%
    lat (msec) : 2=0.04%, 4=0.18%, 10=0.97%, 20=1.21%, 50=38.79%
    lat (msec) : 100=0.17%, 250=0.30%, 500=0.25%, 750=0.45%, 1000=0.04%
    lat (msec) : 2000=0.06%, >=2000=0.07%
  cpu          : usr=2.72%, sys=10.69%, ctx=85045, majf=0, minf=30
  IO depths    : 1=57.5%, 2=0.3%, 4=0.7%, 8=41.5%, 16=0.0%, 32=0.0%, >=64=0.0%
     submit    : 0=0.0%, 4=100.0%, 8=0.0%, 16=0.0%, 32=0.0%, 64=0.0%, >=64=0.0%
     complete  : 0=0.0%, 4=100.0%, 8=0.0%, 16=0.1%, 32=0.0%, 64=0.0%, >=64=0.0%
     issued    : total=r=0/w=7112/d=0, short=r=0/w=0/d=0

Run status group 0 (all jobs):
   READ: io=13256MB, aggrb=220578KB/s, minb=102235KB/s, maxb=121281KB/s, mint=60048msec, maxt=61539msec
  WRITE: io=7112.0MB, aggrb=121289KB/s, minb=121289KB/s, maxb=121289KB/s, mint=60044msec, maxt=60044msec

Disk stats (read/write):
  xvdc: ios=312502/182485, merge=2/1820751, ticks=282078/2719525, in_queue=3001493, util=96.43%
