randread-16m: (g=0): rw=randread, bs=16M-16M/16M-16M/16M-16M, ioengine=libaio, iodepth=10
fio-2.1.4
Starting 1 process

randread-16m: (groupid=0, jobs=1): err= 0: pid=5081: Sat Mar 15 07:56:11 2014
  read : io=25488MB, bw=434749KB/s, iops=26, runt= 60034msec
    slat (msec): min=35, max=55, avg=36.52, stdev= 1.15
    clat (usec): min=11, max=349234, avg=303084.28, stdev=72773.79
     lat (msec): min=36, max=385, avg=339.61, stdev=72.73
    clat percentiles (usec):
     |  1.00th=[   12],  5.00th=[109056], 10.00th=[218112], 20.00th=[325632],
     | 30.00th=[325632], 40.00th=[325632], 50.00th=[325632], 60.00th=[325632],
     | 70.00th=[329728], 80.00th=[329728], 90.00th=[333824], 95.00th=[333824],
     | 99.00th=[346112], 99.50th=[346112], 99.90th=[350208], 99.95th=[350208],
     | 99.99th=[350208]
    bw (KB  /s): min=92914, max=452418, per=83.15%, avg=361472.92, stdev=152921.82
    lat (usec) : 20=1.57%
    lat (msec) : 50=1.57%, 100=1.57%, 250=6.28%, 500=89.01%
  cpu          : usr=0.01%, sys=25.39%, ctx=141367, majf=0, minf=619
  IO depths    : 1=1.6%, 2=3.1%, 4=6.3%, 8=89.0%, 16=0.0%, 32=0.0%, >=64=0.0%
     submit    : 0=0.0%, 4=100.0%, 8=0.0%, 16=0.0%, 32=0.0%, 64=0.0%, >=64=0.0%
     complete  : 0=0.0%, 4=98.2%, 8=0.0%, 16=1.8%, 32=0.0%, 64=0.0%, >=64=0.0%
     issued    : total=r=1593/w=0/d=0, short=r=0/w=0/d=0

Run status group 0 (all jobs):
   READ: io=25488MB, aggrb=434748KB/s, minb=434748KB/s, maxb=434748KB/s, mint=60034msec, maxt=60034msec

Disk stats (read/write):
  xvdc: ios=598253/0, merge=0/0, ticks=6622076/0, in_queue=6622440, util=96.55%
