randread-1k: (g=0): rw=randread, bs=1K-1K/1K-1K/1K-1K, ioengine=libaio, iodepth=10
fio-2.1.4
Starting 1 process

randread-1k: (groupid=0, jobs=1): err= 0: pid=5025: Sat Mar 15 07:49:07 2014
  read : io=1109.5MB, bw=18935KB/s, iops=18934, runt= 60001msec
    slat (usec): min=0, max=14448, avg=51.25, stdev=80.71
    clat (usec): min=2, max=18233, avg=474.30, stdev=501.96
     lat (usec): min=3, max=18390, avg=525.71, stdev=553.28
    clat percentiles (usec):
     |  1.00th=[   18],  5.00th=[   19], 10.00th=[   20], 20.00th=[   21],
     | 30.00th=[   24], 40.00th=[  185], 50.00th=[  205], 60.00th=[  378],
     | 70.00th=[  676], 80.00th=[ 1012], 90.00th=[ 1352], 95.00th=[ 1496],
     | 99.00th=[ 1560], 99.50th=[ 1576], 99.90th=[ 1784], 99.95th=[ 2064],
     | 99.99th=[ 4080]
    bw (KB  /s): min= 4098, max=184136, per=97.59%, avg=18478.05, stdev=26349.48
    lat (usec) : 4=0.01%, 10=0.01%, 20=7.51%, 50=24.29%, 100=0.01%
    lat (usec) : 250=18.53%, 500=11.24%, 750=12.72%, 1000=5.28%
    lat (msec) : 2=20.37%, 4=0.05%, 10=0.01%, 20=0.01%
  cpu          : usr=2.66%, sys=9.84%, ctx=338748, majf=0, minf=30
  IO depths    : 1=0.1%, 2=0.1%, 4=0.1%, 8=100.0%, 16=0.0%, 32=0.0%, >=64=0.0%
     submit    : 0=0.0%, 4=100.0%, 8=0.0%, 16=0.0%, 32=0.0%, 64=0.0%, >=64=0.0%
     complete  : 0=0.0%, 4=100.0%, 8=0.0%, 16=0.1%, 32=0.0%, 64=0.0%, >=64=0.0%
     issued    : total=r=1136106/w=0/d=0, short=r=0/w=0/d=0

Run status group 0 (all jobs):
   READ: io=1109.5MB, aggrb=18934KB/s, minb=18934KB/s, maxb=18934KB/s, mint=60001msec, maxt=60001msec

Disk stats (read/write):
  xvdc: ios=338389/0, merge=0/0, ticks=56229/0, in_queue=56225, util=93.72%
