randread-64k: (g=0): rw=randread, bs=64K-64K/64K-64K/64K-64K, ioengine=libaio, iodepth=10
fio-2.1.4
Starting 1 process

randread-64k: (groupid=0, jobs=1): err= 0: pid=5051: Sat Mar 15 07:52:09 2014
  read : io=8993.9MB, bw=153493KB/s, iops=2398, runt= 60001msec
    slat (usec): min=334, max=20544, avg=406.66, stdev=96.50
    clat (usec): min=3, max=23870, avg=3703.82, stdev=309.98
     lat (usec): min=405, max=24263, avg=4112.56, stdev=327.03
    clat percentiles (usec):
     |  1.00th=[ 3472],  5.00th=[ 3536], 10.00th=[ 3568], 20.00th=[ 3600],
     | 30.00th=[ 3632], 40.00th=[ 3664], 50.00th=[ 3696], 60.00th=[ 3696],
     | 70.00th=[ 3728], 80.00th=[ 3760], 90.00th=[ 3792], 95.00th=[ 3856],
     | 99.00th=[ 4384], 99.50th=[ 4832], 99.90th=[ 6880], 99.95th=[ 8256],
     | 99.99th=[17280]
    bw (KB  /s): min=124928, max=160640, per=99.92%, avg=153373.88, stdev=7888.82
    lat (usec) : 4=0.01%, 10=0.01%, 500=0.01%, 1000=0.01%
    lat (msec) : 2=0.01%, 4=97.73%, 10=2.21%, 20=0.03%, 50=0.01%
  cpu          : usr=0.15%, sys=13.55%, ctx=262720, majf=0, minf=188
  IO depths    : 1=0.1%, 2=0.1%, 4=0.1%, 8=100.0%, 16=0.0%, 32=0.0%, >=64=0.0%
     submit    : 0=0.0%, 4=100.0%, 8=0.0%, 16=0.0%, 32=0.0%, 64=0.0%, >=64=0.0%
     complete  : 0=0.0%, 4=100.0%, 8=0.0%, 16=0.1%, 32=0.0%, 64=0.0%, >=64=0.0%
     issued    : total=r=143902/w=0/d=0, short=r=0/w=0/d=0

Run status group 0 (all jobs):
   READ: io=8993.9MB, aggrb=153492KB/s, minb=153492KB/s, maxb=153492KB/s, mint=60001msec, maxt=60001msec

Disk stats (read/write):
  xvdc: ios=287605/0, merge=0/0, ticks=108800/0, in_queue=108798, util=96.18%
