randread-1m: (g=0): rw=randread, bs=1M-1M/1M-1M/1M-1M, ioengine=libaio, iodepth=10
fio-2.1.4
Starting 1 process

randread-1m: (groupid=0, jobs=1): err= 0: pid=26086: Sat Mar 15 04:24:48 2014
  read : io=1359.0MB, bw=23183KB/s, iops=22, runt= 60028msec
    slat (msec): min=2, max=79, avg=44.03, stdev= 8.14
    clat (usec): min=6, max=617022, avg=395606.80, stdev=64643.13
     lat (msec): min=23, max=676, avg=439.64, stdev=70.54
    clat percentiles (msec):
     |  1.00th=[  174],  5.00th=[  355], 10.00th=[  359], 20.00th=[  363],
     | 30.00th=[  371], 40.00th=[  375], 50.00th=[  379], 60.00th=[  383],
     | 70.00th=[  400], 80.00th=[  416], 90.00th=[  486], 95.00th=[  545],
     | 99.00th=[  578], 99.50th=[  586], 99.90th=[  611], 99.95th=[  619],
     | 99.99th=[  619]
    bw (KB  /s): min= 5873, max=26153, per=98.81%, avg=22906.05, stdev=3290.54
    lat (usec) : 10=0.15%
    lat (msec) : 50=0.22%, 100=0.22%, 250=0.66%, 500=89.70%, 750=9.05%
  cpu          : usr=0.01%, sys=2.16%, ctx=18477, majf=0, minf=2587
  IO depths    : 1=0.1%, 2=0.3%, 4=0.6%, 8=99.0%, 16=0.0%, 32=0.0%, >=64=0.0%
     submit    : 0=0.0%, 4=100.0%, 8=0.0%, 16=0.0%, 32=0.0%, 64=0.0%, >=64=0.0%
     complete  : 0=0.0%, 4=99.9%, 8=0.0%, 16=0.1%, 32=0.0%, 64=0.0%, >=64=0.0%
     issued    : total=r=1359/w=0/d=0, short=r=0/w=0/d=0

Run status group 0 (all jobs):
   READ: io=1359.0MB, aggrb=23182KB/s, minb=23182KB/s, maxb=23182KB/s, mint=60028msec, maxt=60028msec

Disk stats (read/write):
  xvdf: ios=32518/0, merge=0/0, ticks=761866/0, in_queue=761927, util=99.14%
