randread-1k: (g=0): rw=randread, bs=1K-4K/1K-4K/1K-4K, ioengine=libaio, iodepth=10
seqread: (g=0): rw=read, bs=1M-1M/1M-1M/1M-1M, ioengine=libaio, iodepth=10
seqwrite: (g=0): rw=write, bs=1M-1M/1M-1M/1M-1M, ioengine=libaio, iodepth=10
fio-2.1.3
Starting 3 processes

randread-1k: (groupid=0, jobs=1): err= 0: pid=3782: Wed Apr  8 14:15:50 2015
  read : io=5361.2MB, bw=91494KB/s, iops=43958, runt= 60002msec
    slat (usec): min=1, max=5088, avg= 3.99, stdev= 7.81
    clat (usec): min=36, max=10019, avg=221.40, stdev=196.44
     lat (usec): min=51, max=10094, avg=226.00, stdev=197.53
    clat percentiles (usec):
     |  1.00th=[  133],  5.00th=[  147], 10.00th=[  153], 20.00th=[  163],
     | 30.00th=[  171], 40.00th=[  179], 50.00th=[  185], 60.00th=[  193],
     | 70.00th=[  205], 80.00th=[  221], 90.00th=[  262], 95.00th=[  414],
     | 99.00th=[ 1256], 99.50th=[ 1640], 99.90th=[ 2480], 99.95th=[ 2832],
     | 99.99th=[ 5152]
    bw (KB  /s): min=68980, max=110042, per=42.84%, avg=91930.43, stdev=10521.80
    lat (usec) : 50=0.01%, 100=0.21%, 250=88.24%, 500=8.57%, 750=1.64%
    lat (usec) : 1000=0.14%
    lat (msec) : 2=0.94%, 4=0.24%, 10=0.01%, 20=0.01%
  cpu          : usr=4.42%, sys=31.53%, ctx=999721, majf=0, minf=278
  IO depths    : 1=0.1%, 2=0.1%, 4=0.1%, 8=100.0%, 16=0.0%, 32=0.0%, >=64=0.0%
     submit    : 0=0.0%, 4=100.0%, 8=0.0%, 16=0.0%, 32=0.0%, 64=0.0%, >=64=0.0%
     complete  : 0=0.0%, 4=100.0%, 8=0.0%, 16=0.1%, 32=0.0%, 64=0.0%, >=64=0.0%
     issued    : total=r=2637569/w=0/d=0, short=r=0/w=0/d=0
seqread: (groupid=0, jobs=1): err= 0: pid=3783: Wed Apr  8 14:15:50 2015
  read : io=7214.0MB, bw=123109KB/s, iops=120, runt= 60005msec
    slat (usec): min=41, max=1651, avg=108.65, stdev=55.57
    clat (usec): min=476, max=9670, avg=957.25, stdev=647.29
     lat (usec): min=552, max=9757, avg=1066.68, stdev=656.68
    clat percentiles (usec):
     |  1.00th=[  510],  5.00th=[  532], 10.00th=[  556], 20.00th=[  668],
     | 30.00th=[  748], 40.00th=[  764], 50.00th=[  780], 60.00th=[  788],
     | 70.00th=[  812], 80.00th=[ 1192], 90.00th=[ 1576], 95.00th=[ 1720],
     | 99.00th=[ 3952], 99.50th=[ 5408], 99.90th=[ 7264], 99.95th=[ 8096],
     | 99.99th=[ 9664]
    bw (KB  /s): min=121289, max=126722, per=57.40%, avg=123183.60, stdev=950.31
    lat (usec) : 500=0.37%, 750=29.57%, 1000=49.18%
    lat (msec) : 2=17.97%, 4=1.98%, 10=0.93%
  cpu          : usr=2.59%, sys=9.36%, ctx=14348, majf=0, minf=3174
  IO depths    : 1=98.4%, 2=0.3%, 4=0.6%, 8=0.7%, 16=0.0%, 32=0.0%, >=64=0.0%
     submit    : 0=0.0%, 4=100.0%, 8=0.0%, 16=0.0%, 32=0.0%, 64=0.0%, >=64=0.0%
     complete  : 0=0.0%, 4=100.0%, 8=0.0%, 16=0.0%, 32=0.0%, 64=0.0%, >=64=0.0%
     issued    : total=r=7214/w=0/d=0, short=r=0/w=0/d=0
seqwrite: (groupid=0, jobs=1): err= 0: pid=3784: Wed Apr  8 14:15:50 2015
  write: io=7215.0MB, bw=123138KB/s, iops=120, runt= 59999msec
    slat (usec): min=46, max=1179, avg=90.25, stdev=31.53
    clat (usec): min=316, max=7149, avg=452.42, stdev=362.75
     lat (usec): min=411, max=7261, avg=543.59, stdev=369.18
    clat percentiles (usec):
     |  1.00th=[  354],  5.00th=[  366], 10.00th=[  374], 20.00th=[  382],
     | 30.00th=[  390], 40.00th=[  398], 50.00th=[  406], 60.00th=[  414],
     | 70.00th=[  422], 80.00th=[  434], 90.00th=[  462], 95.00th=[  516],
     | 99.00th=[ 1672], 99.50th=[ 3664], 99.90th=[ 5280], 99.95th=[ 6816],
     | 99.99th=[ 7136]
    bw (KB  /s): min=121904, max=126976, per=100.00%, avg=123180.71, stdev=971.49
    lat (usec) : 500=94.04%, 750=3.84%, 1000=0.50%
    lat (msec) : 2=0.75%, 4=0.47%, 10=0.40%
  cpu          : usr=3.28%, sys=24.71%, ctx=14433, majf=0, minf=2127
  IO depths    : 1=98.8%, 2=0.2%, 4=0.4%, 8=0.5%, 16=0.0%, 32=0.0%, >=64=0.0%
     submit    : 0=0.0%, 4=100.0%, 8=0.0%, 16=0.0%, 32=0.0%, 64=0.0%, >=64=0.0%
     complete  : 0=0.0%, 4=100.0%, 8=0.0%, 16=0.0%, 32=0.0%, 64=0.0%, >=64=0.0%
     issued    : total=r=0/w=7215/d=0, short=r=0/w=0/d=0

Run status group 0 (all jobs):
   READ: io=12575MB, aggrb=214598KB/s, minb=91494KB/s, maxb=123108KB/s, mint=60002msec, maxt=60005msec
  WRITE: io=7215.0MB, aggrb=123138KB/s, minb=123138KB/s, maxb=123138KB/s, mint=59999msec, maxt=59999msec

Disk stats (read/write):
  sdb: ios=2693852/57694, merge=0/11, ticks=591452/22240, in_queue=613548, util=99.95%
