seqread: (g=0): rw=read, bs=1M-1M/1M-1M/1M-1M, ioengine=libaio, iodepth=10
fio-2.1.3
Starting 1 process
seqread: Laying out IO file(s) (1 file(s) / 5120MB)

seqread: (groupid=0, jobs=1): err= 0: pid=3925: Wed Apr  8 14:33:08 2015
  read : io=90813MB, bw=1513.5MB/s, iops=1513, runt= 60004msec
    slat (usec): min=42, max=1292, avg=147.47, stdev=61.97
    clat (msec): min=1, max=93, avg= 6.45, stdev=13.51
     lat (msec): min=1, max=93, avg= 6.60, stdev=13.51
    clat percentiles (usec):
     |  1.00th=[ 2640],  5.00th=[ 3024], 10.00th=[ 3248], 20.00th=[ 3504],
     | 30.00th=[ 3664], 40.00th=[ 3856], 50.00th=[ 4016], 60.00th=[ 4192],
     | 70.00th=[ 4384], 80.00th=[ 4576], 90.00th=[ 4960], 95.00th=[ 5344],
     | 99.00th=[81408], 99.50th=[82432], 99.90th=[86528], 99.95th=[89600],
     | 99.99th=[91648]
    bw (MB  /s): min= 1289, max= 2382, per=100.00%, avg=1515.53, stdev=197.67
    lat (msec) : 2=0.08%, 4=49.32%, 10=47.40%, 20=0.01%, 50=0.01%
    lat (msec) : 100=3.18%
  cpu          : usr=0.38%, sys=23.36%, ctx=63584, majf=0, minf=4746
  IO depths    : 1=0.1%, 2=0.1%, 4=0.1%, 8=99.9%, 16=0.0%, 32=0.0%, >=64=0.0%
     submit    : 0=0.0%, 4=100.0%, 8=0.0%, 16=0.0%, 32=0.0%, 64=0.0%, >=64=0.0%
     complete  : 0=0.0%, 4=100.0%, 8=0.0%, 16=0.1%, 32=0.0%, 64=0.0%, >=64=0.0%
     issued    : total=r=90813/w=0/d=0, short=r=0/w=0/d=0

Run status group 0 (all jobs):
   READ: io=90813MB, aggrb=1513.5MB/s, minb=1513.5MB/s, maxb=1513.5MB/s, mint=60004msec, maxt=60004msec

Disk stats (read/write):
  sdb: ios=726252/13, merge=0/39, ticks=4224588/72, in_queue=4225156, util=99.93%
