randread-1k: (g=0): rw=randread, bs=1K-4K/1K-4K/1K-4K, ioengine=libaio, iodepth=10
seqread: (g=0): rw=read, bs=1M-1M/1M-1M/1M-1M, ioengine=libaio, iodepth=10
seqwrite: (g=0): rw=write, bs=1M-1M/1M-1M/1M-1M, ioengine=libaio, iodepth=10
fio-2.1.4
Starting 3 processes

randread-1k: (groupid=0, jobs=1): err= 0: pid=1860: Sat Mar 15 04:14:20 2014
  read : io=3072.7MB, bw=52408KB/s, iops=25330, runt= 60035msec
    slat (usec): min=2, max=1589.7K, avg=37.36, stdev=2981.61
    clat (usec): min=3, max=3021.6K, avg=350.87, stdev=12575.86
     lat (usec): min=6, max=3021.6K, avg=388.33, stdev=13632.67
    clat percentiles (usec):
     |  1.00th=[   48],  5.00th=[   49], 10.00th=[   50], 20.00th=[   50],
     | 30.00th=[   51], 40.00th=[   51], 50.00th=[   52], 60.00th=[   52],
     | 70.00th=[   53], 80.00th=[   54], 90.00th=[   56], 95.00th=[   64],
     | 99.00th=[  143], 99.50th=[  241], 99.90th=[99840], 99.95th=[201728],
     | 99.99th=[395264]
    bw (KB  /s): min=    1, max=389962, per=58.00%, avg=57134.37, stdev=126882.41
    lat (usec) : 4=0.01%, 10=0.01%, 20=0.01%, 50=7.87%, 100=90.66%
    lat (usec) : 250=1.01%, 500=0.26%, 750=0.01%, 1000=0.01%
    lat (msec) : 2=0.01%, 4=0.01%, 10=0.02%, 20=0.01%, 50=0.03%
    lat (msec) : 100=0.02%, 250=0.07%, 500=0.03%, 750=0.01%, 1000=0.01%
    lat (msec) : 2000=0.01%, >=2000=0.01%
  cpu          : usr=3.35%, sys=12.20%, ctx=2642, majf=0, minf=38
  IO depths    : 1=0.1%, 2=0.1%, 4=0.1%, 8=100.0%, 16=0.0%, 32=0.0%, >=64=0.0%
     submit    : 0=0.0%, 4=100.0%, 8=0.0%, 16=0.0%, 32=0.0%, 64=0.0%, >=64=0.0%
     complete  : 0=0.0%, 4=100.0%, 8=0.0%, 16=0.1%, 32=0.0%, 64=0.0%, >=64=0.0%
     issued    : total=r=1520687/w=0/d=0, short=r=0/w=0/d=0
seqread: (groupid=0, jobs=1): err= 0: pid=1861: Sat Mar 15 04:14:20 2014
  read : io=3073.0MB, bw=49253KB/s, iops=48, runt= 63889msec
    slat (usec): min=190, max=124022, avg=7794.97, stdev=5051.14
    clat (usec): min=2, max=191219, avg=68015.53, stdev=19310.93
     lat (usec): min=213, max=199661, avg=75813.20, stdev=20252.53
    clat percentiles (usec):
     |  1.00th=[   15],  5.00th=[59136], 10.00th=[59648], 20.00th=[60672],
     | 30.00th=[60672], 40.00th=[63744], 50.00th=[64256], 60.00th=[64768],
     | 70.00th=[67072], 80.00th=[73216], 90.00th=[86528], 95.00th=[104960],
     | 99.00th=[148480], 99.50th=[154624], 99.90th=[181248], 99.95th=[189440],
     | 99.99th=[191488]
    bw (KB  /s): min=   71, max=155648, per=100.00%, avg=120634.82, stdev=34317.33
    lat (usec) : 4=0.75%, 10=0.16%, 20=0.26%, 500=0.03%, 750=0.03%
    lat (msec) : 2=0.03%, 10=0.29%, 20=0.36%, 50=1.56%, 100=90.73%
    lat (msec) : 250=5.79%
  cpu          : usr=0.01%, sys=10.60%, ctx=552632, majf=0, minf=2590
  IO depths    : 1=1.2%, 2=0.7%, 4=1.4%, 8=96.7%, 16=0.0%, 32=0.0%, >=64=0.0%
     submit    : 0=0.0%, 4=100.0%, 8=0.0%, 16=0.0%, 32=0.0%, 64=0.0%, >=64=0.0%
     complete  : 0=0.0%, 4=99.9%, 8=0.0%, 16=0.1%, 32=0.0%, 64=0.0%, >=64=0.0%
     issued    : total=r=3073/w=0/d=0, short=r=0/w=0/d=0
seqwrite: (groupid=0, jobs=1): err= 0: pid=1862: Sat Mar 15 04:14:20 2014
  write: io=3073.0MB, bw=49256KB/s, iops=48, runt= 63886msec
    slat (usec): min=532, max=123975, avg=7184.47, stdev=5166.03
    clat (usec): min=2, max=191407, avg=61868.61, stdev=26553.48
     lat (usec): min=535, max=199678, avg=69055.84, stdev=28486.75
    clat percentiles (usec):
     |  1.00th=[    2],  5.00th=[    3], 10.00th=[   41], 20.00th=[59648],
     | 30.00th=[60672], 40.00th=[61184], 50.00th=[64256], 60.00th=[64256],
     | 70.00th=[65280], 80.00th=[72192], 90.00th=[84480], 95.00th=[100864],
     | 99.00th=[134144], 99.50th=[154624], 99.90th=[181248], 99.95th=[189440],
     | 99.99th=[191488]
    bw (KB  /s): min=   71, max=155648, per=100.00%, avg=120574.41, stdev=34892.86
    lat (usec) : 4=9.18%, 10=0.39%, 20=0.39%, 50=0.10%, 100=0.03%
    lat (usec) : 750=0.03%
    lat (msec) : 2=0.03%, 10=0.29%, 20=0.29%, 50=1.43%, 100=82.79%
    lat (msec) : 250=5.04%
  cpu          : usr=1.31%, sys=9.51%, ctx=609595, majf=0, minf=28
  IO depths    : 1=10.1%, 2=0.6%, 4=1.2%, 8=88.2%, 16=0.0%, 32=0.0%, >=64=0.0%
     submit    : 0=0.0%, 4=100.0%, 8=0.0%, 16=0.0%, 32=0.0%, 64=0.0%, >=64=0.0%
     complete  : 0=0.0%, 4=99.9%, 8=0.0%, 16=0.1%, 32=0.0%, 64=0.0%, >=64=0.0%
     issued    : total=r=0/w=3073/d=0, short=r=0/w=0/d=0

Run status group 0 (all jobs):
   READ: io=6145.7MB, aggrb=98500KB/s, minb=49253KB/s, maxb=52408KB/s, mint=60035msec, maxt=63889msec
  WRITE: io=3073.0MB, aggrb=49255KB/s, minb=49255KB/s, maxb=49255KB/s, mint=63886msec, maxt=63886msec

Disk stats (read/write):
  xvdf: ios=70243/71389, merge=0/714737, ticks=262664/5498227, in_queue=5769468, util=99.19%
