randread-1k: (g=0): rw=randread, bs=1K-4K/1K-4K/1K-4K, ioengine=libaio, iodepth=10
seqread: (g=0): rw=read, bs=1M-1M/1M-1M/1M-1M, ioengine=libaio, iodepth=10
seqwrite: (g=0): rw=write, bs=1M-1M/1M-1M/1M-1M, ioengine=libaio, iodepth=10
fio-2.1.4
Starting 3 processes

randread-1k: (groupid=0, jobs=1): err= 0: pid=1823: Sat Mar 15 04:12:09 2014
  read : io=1029.3MB, bw=17564KB/s, iops=8482, runt= 60004msec
    slat (usec): min=2, max=626279, avg=98.73, stdev=2293.31
    clat (usec): min=3, max=1914.1K, avg=899.54, stdev=12136.85
     lat (usec): min=6, max=2063.1K, avg=998.38, stdev=13225.53
    clat percentiles (usec):
     |  1.00th=[   50],  5.00th=[   51], 10.00th=[   52], 20.00th=[   53],
     | 30.00th=[   53], 40.00th=[   54], 50.00th=[   55], 60.00th=[   55],
     | 70.00th=[   56], 80.00th=[   57], 90.00th=[   64], 95.00th=[   75],
     | 99.00th=[30080], 99.50th=[46848], 99.90th=[102912], 99.95th=[144384],
     | 99.99th=[440320]
    bw (KB  /s): min=    0, max=370938, per=34.12%, avg=19877.11, stdev=75264.10
    lat (usec) : 4=0.01%, 10=0.01%, 20=0.01%, 50=0.98%, 100=96.50%
    lat (usec) : 250=0.08%, 500=0.23%, 750=0.01%, 1000=0.01%
    lat (msec) : 2=0.05%, 4=0.13%, 10=0.36%, 20=0.35%, 50=0.89%
    lat (msec) : 100=0.32%, 250=0.08%, 500=0.02%, 750=0.01%, 1000=0.01%
    lat (msec) : 2000=0.01%
  cpu          : usr=1.13%, sys=5.42%, ctx=5670, majf=0, minf=37
  IO depths    : 1=0.1%, 2=0.1%, 4=0.1%, 8=100.0%, 16=0.0%, 32=0.0%, >=64=0.0%
     submit    : 0=0.0%, 4=100.0%, 8=0.0%, 16=0.0%, 32=0.0%, 64=0.0%, >=64=0.0%
     complete  : 0=0.0%, 4=100.0%, 8=0.0%, 16=0.1%, 32=0.0%, 64=0.0%, >=64=0.0%
     issued    : total=r=508986/w=0/d=0, short=r=0/w=0/d=0
seqread: (groupid=0, jobs=1): err= 0: pid=1824: Sat Mar 15 04:12:09 2014
  read : io=2384.0MB, bw=40691KB/s, iops=39, runt= 59994msec
    slat (usec): min=166, max=352676, avg=7451.64, stdev=17732.75
    clat (usec): min=1, max=679192, avg=34520.37, stdev=86062.07
     lat (usec): min=169, max=737225, avg=41973.74, stdev=93946.68
    clat percentiles (usec):
     |  1.00th=[    2],  5.00th=[    2], 10.00th=[    2], 20.00th=[    3],
     | 30.00th=[    3], 40.00th=[    3], 50.00th=[    3], 60.00th=[ 1544],
     | 70.00th=[38144], 80.00th=[59648], 90.00th=[68096], 95.00th=[115200],
     | 99.00th=[561152], 99.50th=[618496], 99.90th=[675840], 99.95th=[675840],
     | 99.99th=[675840]
    bw (KB  /s): min=  214, max=173045, per=78.03%, avg=45448.03, stdev=26901.52
    lat (usec) : 2=0.08%, 4=56.75%, 10=1.30%, 20=1.34%, 500=0.08%
    lat (usec) : 750=0.13%, 1000=0.13%
    lat (msec) : 2=0.34%, 4=2.73%, 10=2.39%, 20=1.59%, 50=5.16%
    lat (msec) : 100=21.73%, 250=3.10%, 500=1.89%, 750=1.26%
  cpu          : usr=0.02%, sys=3.46%, ctx=104382, majf=0, minf=2590
  IO depths    : 1=59.5%, 2=2.7%, 4=5.4%, 8=32.5%, 16=0.0%, 32=0.0%, >=64=0.0%
     submit    : 0=0.0%, 4=100.0%, 8=0.0%, 16=0.0%, 32=0.0%, 64=0.0%, >=64=0.0%
     complete  : 0=0.0%, 4=100.0%, 8=0.0%, 16=0.1%, 32=0.0%, 64=0.0%, >=64=0.0%
     issued    : total=r=2384/w=0/d=0, short=r=0/w=0/d=0
seqwrite: (groupid=0, jobs=1): err= 0: pid=1825: Sat Mar 15 04:12:09 2014
  write: io=2385.0MB, bw=40692KB/s, iops=39, runt= 60017msec
    slat (usec): min=381, max=2393.8K, avg=8466.02, stdev=52004.02
    clat (usec): min=1, max=681265, avg=34440.37, stdev=85994.32
     lat (usec): min=384, max=2393.8K, avg=42908.10, stdev=105516.41
    clat percentiles (usec):
     |  1.00th=[    2],  5.00th=[    2], 10.00th=[    2], 20.00th=[    3],
     | 30.00th=[    3], 40.00th=[    3], 50.00th=[    3], 60.00th=[ 5408],
     | 70.00th=[33536], 80.00th=[59648], 90.00th=[67072], 95.00th=[115200],
     | 99.00th=[561152], 99.50th=[618496], 99.90th=[675840], 99.95th=[675840],
     | 99.99th=[684032]
    bw (KB  /s): min=  214, max=234750, per=100.00%, avg=47170.00, stdev=33595.82
    lat (usec) : 2=0.17%, 4=52.29%, 10=1.51%, 20=1.22%, 50=0.25%
    lat (usec) : 100=0.04%, 750=0.17%, 1000=0.04%
    lat (msec) : 2=0.38%, 4=0.63%, 10=9.39%, 20=1.59%, 50=4.74%
    lat (msec) : 100=21.30%, 250=3.14%, 500=1.89%, 750=1.26%
  cpu          : usr=0.98%, sys=3.48%, ctx=103928, majf=0, minf=29
  IO depths    : 1=55.5%, 2=2.7%, 4=5.4%, 8=36.5%, 16=0.0%, 32=0.0%, >=64=0.0%
     submit    : 0=0.0%, 4=100.0%, 8=0.0%, 16=0.0%, 32=0.0%, 64=0.0%, >=64=0.0%
     complete  : 0=0.0%, 4=100.0%, 8=0.0%, 16=0.1%, 32=0.0%, 64=0.0%, >=64=0.0%
     issued    : total=r=0/w=2385/d=0, short=r=0/w=0/d=0

Run status group 0 (all jobs):
   READ: io=3413.3MB, aggrb=58248KB/s, minb=17564KB/s, maxb=40691KB/s, mint=59994msec, maxt=60004msec
  WRITE: io=2385.0MB, aggrb=40692KB/s, minb=40692KB/s, maxb=40692KB/s, mint=60017msec, maxt=60017msec

Disk stats (read/write):
  xvdf: ios=36248/47384, merge=2/472841, ticks=238024/3602957, in_queue=3840956, util=98.03%
