randread-1k: (g=0): rw=randread, bs=8K-16K/8K-16K/8K-16K, ioengine=libaio, iodepth=10
seqread: (g=0): rw=read, bs=1M-1M/1M-1M/1M-1M, ioengine=libaio, iodepth=10
seqwrite: (g=0): rw=write, bs=1M-1M/1M-1M/1M-1M, ioengine=libaio, iodepth=10
fio-2.1.4
Starting 3 processes

randread-1k: (groupid=0, jobs=1): err= 0: pid=1908: Sat Mar 15 04:19:34 2014
  read : io=2049.7MB, bw=34966KB/s, iops=3241, runt= 60025msec
    slat (usec): min=4, max=283777, avg=251.09, stdev=4427.48
    clat (usec): min=3, max=729653, avg=2266.84, stdev=19318.76
     lat (usec): min=8, max=797188, avg=2518.06, stdev=21075.10
    clat percentiles (usec):
     |  1.00th=[   65],  5.00th=[   68], 10.00th=[   71], 20.00th=[   74],
     | 30.00th=[   77], 40.00th=[   79], 50.00th=[   82], 60.00th=[   85],
     | 70.00th=[   89], 80.00th=[  110], 90.00th=[  135], 95.00th=[  151],
     | 99.00th=[69120], 99.50th=[136192], 99.90th=[272384], 99.95th=[346112],
     | 99.99th=[505856]
    bw (KB  /s): min=    0, max=1253168, per=40.60%, avg=33708.25, stdev=167289.75
    lat (usec) : 4=0.01%, 10=0.01%, 20=0.01%, 50=0.01%, 100=78.04%
    lat (usec) : 250=18.34%, 500=0.75%, 750=0.21%, 1000=0.01%
    lat (msec) : 2=0.02%, 4=0.05%, 10=0.20%, 20=0.27%, 50=0.72%
    lat (msec) : 100=0.66%, 250=0.59%, 500=0.12%, 750=0.01%
  cpu          : usr=0.53%, sys=4.31%, ctx=2468, majf=0, minf=68
  IO depths    : 1=0.1%, 2=0.1%, 4=0.1%, 8=100.0%, 16=0.0%, 32=0.0%, >=64=0.0%
     submit    : 0=0.0%, 4=100.0%, 8=0.0%, 16=0.0%, 32=0.0%, 64=0.0%, >=64=0.0%
     complete  : 0=0.0%, 4=100.0%, 8=0.0%, 16=0.1%, 32=0.0%, 64=0.0%, >=64=0.0%
     issued    : total=r=194544/w=0/d=0, short=r=0/w=0/d=0
seqread: (groupid=0, jobs=1): err= 0: pid=1909: Sat Mar 15 04:19:34 2014
  read : io=3073.0MB, bw=49801KB/s, iops=48, runt= 63187msec
    slat (usec): min=185, max=311203, avg=9904.67, stdev=27885.29
    clat (usec): min=2, max=1318.4K, avg=78194.78, stdev=171370.64
     lat (usec): min=194, max=1441.3K, avg=88101.19, stdev=187588.14
    clat percentiles (usec):
     |  1.00th=[    2],  5.00th=[    3], 10.00th=[    3], 20.00th=[    3],
     | 30.00th=[   16], 40.00th=[ 2768], 50.00th=[ 3376], 60.00th=[56064],
     | 70.00th=[63744], 80.00th=[72192], 90.00th=[209920], 95.00th=[444416],
     | 99.00th=[905216], 99.50th=[1073152], 99.90th=[1236992], 99.95th=[1269760],
     | 99.99th=[1318912]
    bw (KB  /s): min=   55, max=889904, per=86.12%, avg=71497.10, stdev=103324.88
    lat (usec) : 4=22.45%, 10=6.93%, 20=1.11%, 50=0.13%, 250=0.03%
    lat (usec) : 500=0.10%, 750=0.07%, 1000=0.10%
    lat (msec) : 2=0.26%, 4=19.20%, 10=1.72%, 20=1.43%, 50=5.30%
    lat (msec) : 100=27.73%, 250=4.59%, 500=4.49%, 750=2.57%, 1000=1.07%
    lat (msec) : 2000=0.72%
  cpu          : usr=0.02%, sys=4.36%, ctx=135640, majf=0, minf=2590
  IO depths    : 1=30.7%, 2=2.5%, 4=4.9%, 8=61.9%, 16=0.0%, 32=0.0%, >=64=0.0%
     submit    : 0=0.0%, 4=100.0%, 8=0.0%, 16=0.0%, 32=0.0%, 64=0.0%, >=64=0.0%
     complete  : 0=0.0%, 4=99.9%, 8=0.0%, 16=0.1%, 32=0.0%, 64=0.0%, >=64=0.0%
     issued    : total=r=3073/w=0/d=0, short=r=0/w=0/d=0
seqwrite: (groupid=0, jobs=1): err= 0: pid=1910: Sat Mar 15 04:19:34 2014
  write: io=3280.0MB, bw=55978KB/s, iops=54, runt= 60001msec
    slat (usec): min=511, max=10191K, avg=12850.32, stdev=193910.82
    clat (usec): min=2, max=1318.4K, avg=65936.91, stdev=166121.52
     lat (usec): min=539, max=10191K, avg=78788.68, stdev=263237.12
    clat percentiles (usec):
     |  1.00th=[    2],  5.00th=[    3], 10.00th=[    3], 20.00th=[    3],
     | 30.00th=[    3], 40.00th=[ 2928], 50.00th=[ 7072], 60.00th=[ 8384],
     | 70.00th=[33536], 80.00th=[64256], 90.00th=[164864], 95.00th=[411648],
     | 99.00th=[880640], 99.50th=[1056768], 99.90th=[1236992], 99.95th=[1269760],
     | 99.99th=[1318912]
    bw (KB  /s): min= 1285, max=970105, per=100.00%, avg=70987.13, stdev=107552.15
    lat (usec) : 4=31.68%, 10=6.19%, 20=0.85%, 50=0.24%, 100=0.06%
    lat (usec) : 750=0.03%, 1000=0.24%
    lat (msec) : 2=0.40%, 4=0.82%, 10=26.13%, 20=2.20%, 50=2.93%
    lat (msec) : 100=16.22%, 250=3.72%, 500=4.30%, 750=2.35%, 1000=0.98%
    lat (msec) : 2000=0.67%
  cpu          : usr=1.31%, sys=4.09%, ctx=14563, majf=0, minf=29
  IO depths    : 1=39.0%, 2=2.1%, 4=4.1%, 8=54.8%, 16=0.0%, 32=0.0%, >=64=0.0%
     submit    : 0=0.0%, 4=100.0%, 8=0.0%, 16=0.0%, 32=0.0%, 64=0.0%, >=64=0.0%
     complete  : 0=0.0%, 4=99.9%, 8=0.0%, 16=0.1%, 32=0.0%, 64=0.0%, >=64=0.0%
     issued    : total=r=0/w=3280/d=0, short=r=0/w=0/d=0

Run status group 0 (all jobs):
   READ: io=5122.7MB, aggrb=83017KB/s, minb=34966KB/s, maxb=49800KB/s, mint=60025msec, maxt=63187msec
  WRITE: io=3280.0MB, aggrb=55977KB/s, minb=55977KB/s, maxb=55977KB/s, mint=60001msec, maxt=60001msec

Disk stats (read/write):
  xvdf: ios=33255/75002, merge=9/750503, ticks=333043/6703821, in_queue=7044960, util=98.38%
