randread-1k: (g=0): rw=randread, bs=8K-16K/8K-16K/8K-16K, ioengine=libaio, iodepth=10
seqread: (g=0): rw=read, bs=1M-1M/1M-1M/1M-1M, ioengine=libaio, iodepth=10
seqwrite: (g=0): rw=write, bs=1M-1M/1M-1M/1M-1M, ioengine=libaio, iodepth=10
fio-2.1.4
Starting 3 processes

randread-1k: (groupid=0, jobs=1): err= 0: pid=2135: Sat Mar 15 04:10:49 2014
  read : io=88224KB, bw=1470.6KB/s, iops=123, runt= 60014msec
    slat (usec): min=5, max=108005, avg=8078.08, stdev=15266.81
    clat (usec): min=6, max=617954, avg=72738.07, stdev=88217.94
     lat (msec): min=2, max=650, avg=80.82, stdev=96.97
    clat percentiles (msec):
     |  1.00th=[   11],  5.00th=[   18], 10.00th=[   21], 20.00th=[   24],
     | 30.00th=[   28], 40.00th=[   31], 50.00th=[   49], 60.00th=[   69],
     | 70.00th=[   73], 80.00th=[   79], 90.00th=[  116], 95.00th=[  306],
     | 99.00th=[  449], 99.50th=[  478], 99.90th=[  529], 99.95th=[  537],
     | 99.99th=[  619]
    bw (KB  /s): min=  182, max= 3944, per=14.78%, avg=1497.91, stdev=1014.09
    lat (usec) : 10=0.01%
    lat (msec) : 4=0.27%, 10=0.65%, 20=8.44%, 50=41.67%, 100=38.79%
    lat (msec) : 250=3.21%, 500=6.65%, 750=0.31%
  cpu          : usr=0.06%, sys=0.33%, ctx=6032, majf=0, minf=66
  IO depths    : 1=0.1%, 2=0.1%, 4=0.1%, 8=99.9%, 16=0.0%, 32=0.0%, >=64=0.0%
     submit    : 0=0.0%, 4=100.0%, 8=0.0%, 16=0.0%, 32=0.0%, 64=0.0%, >=64=0.0%
     complete  : 0=0.0%, 4=100.0%, 8=0.0%, 16=0.1%, 32=0.0%, 64=0.0%, >=64=0.0%
     issued    : total=r=7425/w=0/d=0, short=r=0/w=0/d=0
seqread: (groupid=0, jobs=1): err= 0: pid=2136: Sat Mar 15 04:10:49 2014
  read : io=521216KB, bw=8669.2KB/s, iops=8, runt= 60124msec
    slat (usec): min=226, max=313277, avg=76674.39, stdev=61886.43
    clat (usec): min=2, max=1909.5K, avg=408821.30, stdev=660077.97
     lat (usec): min=241, max=2053.9K, avg=485498.58, stdev=714377.35
    clat percentiles (usec):
     |  1.00th=[    2],  5.00th=[    2], 10.00th=[    2], 20.00th=[    2],
     | 30.00th=[    3], 40.00th=[    3], 50.00th=[    3], 60.00th=[    4],
     | 70.00th=[14784], 80.00th=[1368064], 90.00th=[1531904], 95.00th=[1630208],
     | 99.00th=[1859584], 99.50th=[1875968], 99.90th=[1908736], 99.95th=[1908736],
     | 99.99th=[1908736]
    bw (KB  /s): min= 2534, max=11325, per=85.53%, avg=8669.18, stdev=2174.33
    lat (usec) : 4=56.97%, 10=9.04%, 20=0.20%, 50=0.20%, 250=0.20%
    lat (usec) : 500=0.20%, 750=0.20%
    lat (msec) : 2=0.20%, 10=2.36%, 20=0.98%, 50=0.20%, 250=0.39%
    lat (msec) : 500=0.79%, 750=0.79%, 1000=0.79%, 2000=26.52%
  cpu          : usr=0.02%, sys=0.69%, ctx=6684, majf=0, minf=2588
  IO depths    : 1=66.4%, 2=1.2%, 4=2.4%, 8=30.1%, 16=0.0%, 32=0.0%, >=64=0.0%
     submit    : 0=0.0%, 4=100.0%, 8=0.0%, 16=0.0%, 32=0.0%, 64=0.0%, >=64=0.0%
     complete  : 0=0.0%, 4=99.8%, 8=0.0%, 16=0.2%, 32=0.0%, 64=0.0%, >=64=0.0%
     issued    : total=r=509/w=0/d=0, short=r=0/w=0/d=0
seqwrite: (groupid=0, jobs=1): err= 0: pid=2137: Sat Mar 15 04:10:49 2014
  write: io=521216KB, bw=8670.3KB/s, iops=8, runt= 60117msec
    slat (usec): min=731, max=360424, avg=73109.21, stdev=65302.56
    clat (usec): min=2, max=1909.1K, avg=408663.59, stdev=660143.48
     lat (usec): min=876, max=2053.9K, avg=481775.55, stdev=716295.33
    clat percentiles (usec):
     |  1.00th=[    2],  5.00th=[    2], 10.00th=[    2], 20.00th=[    2],
     | 30.00th=[    3], 40.00th=[    3], 50.00th=[    3], 60.00th=[    3],
     | 70.00th=[11200], 80.00th=[1368064], 90.00th=[1531904], 95.00th=[1630208],
     | 99.00th=[1875968], 99.50th=[1875968], 99.90th=[1908736], 99.95th=[1908736],
     | 99.99th=[1908736]
    bw (KB  /s): min= 1019, max=11430, per=99.42%, avg=8619.54, stdev=2240.40
    lat (usec) : 4=60.90%, 10=4.91%, 20=0.39%, 50=0.20%
    lat (msec) : 2=0.39%, 4=0.39%, 10=1.57%, 20=1.96%, 250=0.39%
    lat (msec) : 500=0.79%, 750=0.79%, 1000=0.98%, 2000=26.33%
  cpu          : usr=0.26%, sys=0.47%, ctx=6133, majf=0, minf=28
  IO depths    : 1=66.4%, 2=1.2%, 4=2.4%, 8=30.1%, 16=0.0%, 32=0.0%, >=64=0.0%
     submit    : 0=0.0%, 4=100.0%, 8=0.0%, 16=0.0%, 32=0.0%, 64=0.0%, >=64=0.0%
     complete  : 0=0.0%, 4=99.8%, 8=0.0%, 16=0.2%, 32=0.0%, 64=0.0%, >=64=0.0%
     issued    : total=r=0/w=509/d=0, short=r=0/w=0/d=0

Run status group 0 (all jobs):
   READ: io=609440KB, aggrb=10136KB/s, minb=1470KB/s, maxb=8669KB/s, mint=60014msec, maxt=60124msec
  WRITE: io=521216KB, aggrb=8670KB/s, minb=8670KB/s, maxb=8670KB/s, mint=60117msec, maxt=60117msec

Disk stats (read/write):
  xvdf: ios=18461/8501, merge=26/86028, ticks=493896/3673765, in_queue=4204712, util=99.48%
