randread-1k: (g=0): rw=randread, bs=1K-4K/1K-4K/1K-4K, ioengine=libaio, iodepth=10
seqread: (g=0): rw=read, bs=1M-1M/1M-1M/1M-1M, ioengine=libaio, iodepth=10
seqwrite: (g=0): rw=write, bs=1M-1M/1M-1M/1M-1M, ioengine=libaio, iodepth=10
fio-2.1.4
Starting 3 processes

randread-1k: (groupid=0, jobs=1): err= 0: pid=2113: Sat Mar 15 04:08:08 2014
  read : io=75212KB, bw=1252.4KB/s, iops=509, runt= 60058msec
    slat (usec): min=3, max=136945, avg=1954.80, stdev=11089.23
    clat (usec): min=7, max=588109, avg=17621.43, stdev=41205.26
     lat (usec): min=53, max=683062, avg=19576.37, stdev=44379.08
    clat percentiles (usec):
     |  1.00th=[   51],  5.00th=[   52], 10.00th=[   53], 20.00th=[   54],
     | 30.00th=[   54], 40.00th=[   55], 50.00th=[   57], 60.00th=[   58],
     | 70.00th=[   64], 80.00th=[30080], 90.00th=[71168], 95.00th=[103936],
     | 99.00th=[185344], 99.50th=[218112], 99.90th=[317440], 99.95th=[362496],
     | 99.99th=[473088]
    bw (KB  /s): min=   45, max=43122, per=6.42%, avg=1283.04, stdev=4700.51
    lat (usec) : 10=0.01%, 100=77.45%, 250=0.66%, 750=0.03%, 1000=0.01%
    lat (msec) : 10=0.18%, 20=0.56%, 50=6.26%, 100=9.06%, 250=5.50%
    lat (msec) : 500=0.28%, 750=0.01%
  cpu          : usr=0.08%, sys=0.53%, ctx=1152, majf=0, minf=35
  IO depths    : 1=0.1%, 2=0.1%, 4=0.1%, 8=100.0%, 16=0.0%, 32=0.0%, >=64=0.0%
     submit    : 0=0.0%, 4=100.0%, 8=0.0%, 16=0.0%, 32=0.0%, 64=0.0%, >=64=0.0%
     complete  : 0=0.0%, 4=100.0%, 8=0.0%, 16=0.1%, 32=0.0%, 64=0.0%, >=64=0.0%
     issued    : total=r=30609/w=0/d=0, short=r=0/w=0/d=0
seqread: (groupid=0, jobs=1): err= 0: pid=2114: Sat Mar 15 04:08:08 2014
  read : io=1100.0MB, bw=18739KB/s, iops=18, runt= 60110msec
    slat (usec): min=246, max=303818, avg=50524.06, stdev=72814.11
    clat (usec): min=2, max=1803.8K, avg=442761.12, stdev=616975.46
     lat (usec): min=411, max=1989.1K, avg=493286.71, stdev=683298.84
    clat percentiles (usec):
     |  1.00th=[    2],  5.00th=[    2], 10.00th=[    3], 20.00th=[    3],
     | 30.00th=[    3], 40.00th=[    3], 50.00th=[ 2384], 60.00th=[ 7712],
     | 70.00th=[610304], 80.00th=[1286144], 90.00th=[1531904], 95.00th=[1581056],
     | 99.00th=[1695744], 99.50th=[1728512], 99.90th=[1761280], 99.95th=[1810432],
     | 99.99th=[1810432]
    bw (KB  /s): min=  862, max=201616, per=100.00%, avg=19990.97, stdev=37573.05
    lat (usec) : 4=45.18%, 10=3.09%, 20=0.36%, 50=0.18%, 500=0.09%
    lat (msec) : 2=0.18%, 4=9.73%, 10=1.45%, 20=0.27%, 250=0.27%
    lat (msec) : 500=1.45%, 750=12.64%, 1000=1.27%, 2000=23.82%
  cpu          : usr=0.02%, sys=1.44%, ctx=7398, majf=0, minf=2590
  IO depths    : 1=48.8%, 2=0.5%, 4=1.1%, 8=49.5%, 16=0.0%, 32=0.0%, >=64=0.0%
     submit    : 0=0.0%, 4=100.0%, 8=0.0%, 16=0.0%, 32=0.0%, 64=0.0%, >=64=0.0%
     complete  : 0=0.0%, 4=99.8%, 8=0.0%, 16=0.2%, 32=0.0%, 64=0.0%, >=64=0.0%
     issued    : total=r=1100/w=0/d=0, short=r=0/w=0/d=0
seqwrite: (groupid=0, jobs=1): err= 0: pid=2115: Sat Mar 15 04:08:08 2014
  write: io=1100.0MB, bw=18738KB/s, iops=18, runt= 60112msec
    slat (usec): min=369, max=495906, avg=50759.10, stdev=75205.51
    clat (usec): min=2, max=1904.9K, avg=443002.11, stdev=617970.47
     lat (usec): min=374, max=2048.2K, avg=493762.59, stdev=684015.37
    clat percentiles (usec):
     |  1.00th=[    2],  5.00th=[    2], 10.00th=[    3], 20.00th=[    3],
     | 30.00th=[    3], 40.00th=[    3], 50.00th=[ 5728], 60.00th=[ 6560],
     | 70.00th=[610304], 80.00th=[1286144], 90.00th=[1531904], 95.00th=[1597440],
     | 99.00th=[1712128], 99.50th=[1744896], 99.90th=[1875968], 99.95th=[1908736],
     | 99.99th=[1908736]
    bw (KB  /s): min=  866, max=227112, per=100.00%, avg=20366.01, stdev=39024.77
    lat (usec) : 4=43.09%, 10=1.73%, 20=0.18%, 50=0.09%, 750=0.18%
    lat (msec) : 2=0.27%, 4=0.64%, 10=14.36%, 100=0.09%, 250=0.18%
    lat (msec) : 500=1.55%, 750=12.64%, 1000=1.55%, 2000=23.45%
  cpu          : usr=0.40%, sys=1.26%, ctx=7214, majf=0, minf=29
  IO depths    : 1=45.1%, 2=0.7%, 4=1.5%, 8=52.7%, 16=0.0%, 32=0.0%, >=64=0.0%
     submit    : 0=0.0%, 4=100.0%, 8=0.0%, 16=0.0%, 32=0.0%, 64=0.0%, >=64=0.0%
     complete  : 0=0.0%, 4=99.8%, 8=0.0%, 16=0.2%, 32=0.0%, 64=0.0%, >=64=0.0%
     issued    : total=r=0/w=1100/d=0, short=r=0/w=0/d=0

Run status group 0 (all jobs):
   READ: io=1173.5MB, aggrb=19990KB/s, minb=1252KB/s, maxb=18738KB/s, mint=60058msec, maxt=60110msec
  WRITE: io=1100.0MB, aggrb=18738KB/s, minb=18738KB/s, maxb=18738KB/s, mint=60112msec, maxt=60112msec

Disk stats (read/write):
  xvdf: ios=10193/16673, merge=20/166552, ticks=547425/7257760, in_queue=7809988, util=100.00%
