randread-1k: (g=0): rw=randread, bs=1K-4K/1K-4K/1K-4K, ioengine=libaio, iodepth=10
seqread: (g=0): rw=read, bs=1M-1M/1M-1M/1M-1M, ioengine=libaio, iodepth=10
seqwrite: (g=0): rw=write, bs=1M-1M/1M-1M/1M-1M, ioengine=libaio, iodepth=10
fio-2.1.4
Starting 3 processes

randread-1k: (groupid=0, jobs=1): err= 0: pid=2095: Sat Mar 15 04:06:07 2014
  read : io=6232.0KB, bw=106306B/s, iops=41, runt= 60030msec
    slat (usec): min=3, max=118000, avg=14700.85, stdev=17036.42
    clat (usec): min=7, max=358959, avg=131791.93, stdev=54403.66
     lat (usec): min=64, max=358967, avg=146493.14, stdev=57890.94
    clat percentiles (usec):
     |  1.00th=[ 1736],  5.00th=[45824], 10.00th=[66048], 20.00th=[87552],
     | 30.00th=[100864], 40.00th=[114176], 50.00th=[130560], 60.00th=[142336],
     | 70.00th=[160768], 80.00th=[177152], 90.00th=[203776], 95.00th=[224256],
     | 99.00th=[261120], 99.50th=[276480], 99.90th=[313344], 99.95th=[358400],
     | 99.99th=[358400]
    bw (KB  /s): min=    0, max=  273, per=1.72%, avg=166.61, stdev=45.42
    lat (usec) : 10=0.04%, 100=0.83%
    lat (msec) : 2=0.32%, 4=0.32%, 20=0.16%, 50=4.09%, 100=23.05%
    lat (msec) : 250=69.67%, 500=1.51%
  cpu          : usr=0.00%, sys=0.97%, ctx=1730, majf=0, minf=35
  IO depths    : 1=0.1%, 2=0.1%, 4=0.2%, 8=99.7%, 16=0.0%, 32=0.0%, >=64=0.0%
     submit    : 0=0.0%, 4=100.0%, 8=0.0%, 16=0.0%, 32=0.0%, 64=0.0%, >=64=0.0%
     complete  : 0=0.0%, 4=100.0%, 8=0.0%, 16=0.1%, 32=0.0%, 64=0.0%, >=64=0.0%
     issued    : total=r=2516/w=0/d=0, short=r=0/w=0/d=0
seqread: (groupid=0, jobs=1): err= 0: pid=2096: Sat Mar 15 04:06:07 2014
  read : io=576512KB, bw=9604.9KB/s, iops=9, runt= 60023msec
    slat (usec): min=269, max=229047, avg=65776.56, stdev=21472.11
    clat (usec): min=6, max=1513.1K, avg=588978.26, stdev=143789.62
     lat (msec): min=78, max=1690, avg=654.76, stdev=154.23
    clat percentiles (msec):
     |  1.00th=[  125],  5.00th=[  449], 10.00th=[  506], 20.00th=[  553],
     | 30.00th=[  578], 40.00th=[  586], 50.00th=[  594], 60.00th=[  603],
     | 70.00th=[  611], 80.00th=[  627], 90.00th=[  635], 95.00th=[  652],
     | 99.00th=[ 1369], 99.50th=[ 1483], 99.90th=[ 1516], 99.95th=[ 1516],
     | 99.99th=[ 1516]
    bw (KB  /s): min=   44, max=26846, per=100.00%, avg=15363.78, stdev=3350.83
    lat (usec) : 10=0.18%
    lat (msec) : 10=0.18%, 100=0.36%, 250=2.13%, 500=5.68%, 750=88.45%
    lat (msec) : 1000=0.89%, 2000=2.13%
  cpu          : usr=0.01%, sys=1.23%, ctx=43053, majf=0, minf=2588
  IO depths    : 1=0.2%, 2=0.4%, 4=0.7%, 8=98.8%, 16=0.0%, 32=0.0%, >=64=0.0%
     submit    : 0=0.0%, 4=100.0%, 8=0.0%, 16=0.0%, 32=0.0%, 64=0.0%, >=64=0.0%
     complete  : 0=0.0%, 4=99.8%, 8=0.0%, 16=0.2%, 32=0.0%, 64=0.0%, >=64=0.0%
     issued    : total=r=563/w=0/d=0, short=r=0/w=0/d=0
seqwrite: (groupid=0, jobs=1): err= 0: pid=2097: Sat Mar 15 04:06:07 2014
  write: io=576512KB, bw=9604.4KB/s, iops=9, runt= 60026msec
    slat (usec): min=695, max=200204, avg=65719.91, stdev=20896.22
    clat (usec): min=6, max=1517.3K, avg=589076.47, stdev=143088.36
     lat (msec): min=80, max=1694, avg=654.80, stdev=153.66
    clat percentiles (msec):
     |  1.00th=[  128],  5.00th=[  449], 10.00th=[  506], 20.00th=[  553],
     | 30.00th=[  578], 40.00th=[  586], 50.00th=[  594], 60.00th=[  603],
     | 70.00th=[  611], 80.00th=[  627], 90.00th=[  635], 95.00th=[  652],
     | 99.00th=[ 1369], 99.50th=[ 1467], 99.90th=[ 1516], 99.95th=[ 1516],
     | 99.99th=[ 1516]
    bw (KB  /s): min=   44, max=26746, per=100.00%, avg=15363.23, stdev=3343.40
    lat (usec) : 10=0.18%
    lat (msec) : 20=0.18%, 100=0.36%, 250=1.95%, 500=5.51%, 750=88.81%
    lat (msec) : 1000=0.89%, 2000=2.13%
  cpu          : usr=0.34%, sys=1.11%, ctx=43060, majf=0, minf=28
  IO depths    : 1=0.2%, 2=0.4%, 4=0.7%, 8=98.8%, 16=0.0%, 32=0.0%, >=64=0.0%
     submit    : 0=0.0%, 4=100.0%, 8=0.0%, 16=0.0%, 32=0.0%, 64=0.0%, >=64=0.0%
     complete  : 0=0.0%, 4=99.8%, 8=0.0%, 16=0.2%, 32=0.0%, 64=0.0%, >=64=0.0%
     issued    : total=r=0/w=563/d=0, short=r=0/w=0/d=0

Run status group 0 (all jobs):
   READ: io=582744KB, aggrb=9707KB/s, minb=103KB/s, maxb=9604KB/s, mint=60023msec, maxt=60030msec
  WRITE: io=576512KB, aggrb=9604KB/s, minb=9604KB/s, maxb=9604KB/s, mint=60026msec, maxt=60026msec

Disk stats (read/write):
  xvdf: ios=13693/8407, merge=1/84889, ticks=348095/3576828, in_queue=3957616, util=99.53%
