randread-1k: (g=0): rw=randread, bs=1K-4K/1K-4K/1K-4K, ioengine=libaio, iodepth=10
seqread: (g=0): rw=read, bs=1M-1M/1M-1M/1M-1M, ioengine=libaio, iodepth=10
seqwrite: (g=0): rw=write, bs=1M-1M/1M-1M/1M-1M, ioengine=libaio, iodepth=10
fio-2.1.4
Starting 3 processes

randread-1k: (groupid=0, jobs=1): err= 0: pid=2085: Sat Mar 15 04:05:06 2014
  read : io=4676.0KB, bw=79766B/s, iops=31, runt= 60028msec
    slat (usec): min=3, max=65295, avg=10594.86, stdev=15090.77
    clat (usec): min=5, max=257939, avg=95177.78, stdev=46938.36
     lat (usec): min=62, max=281120, avg=105772.96, stdev=50129.94
    clat percentiles (usec):
     |  1.00th=[   63],  5.00th=[16064], 10.00th=[33024], 20.00th=[55040],
     | 30.00th=[69120], 40.00th=[84480], 50.00th=[94720], 60.00th=[107008],
     | 70.00th=[120320], 80.00th=[134144], 90.00th=[154624], 95.00th=[175104],
     | 99.00th=[211968], 99.50th=[222208], 99.90th=[244736], 99.95th=[257024],
     | 99.99th=[257024]
    bw (KB  /s): min=    0, max=  422, per=3.90%, avg=224.52, stdev=74.78
    lat (usec) : 10=0.05%, 100=1.26%, 750=0.16%, 1000=0.05%
    lat (msec) : 2=1.20%, 4=1.00%, 10=0.10%, 20=1.94%, 50=11.47%
    lat (msec) : 100=36.56%, 250=46.15%, 500=0.05%
  cpu          : usr=0.00%, sys=1.06%, ctx=1151, majf=0, minf=35
  IO depths    : 1=0.1%, 2=0.1%, 4=0.2%, 8=99.6%, 16=0.0%, 32=0.0%, >=64=0.0%
     submit    : 0=0.0%, 4=100.0%, 8=0.0%, 16=0.0%, 32=0.0%, 64=0.0%, >=64=0.0%
     complete  : 0=0.0%, 4=99.9%, 8=0.0%, 16=0.1%, 32=0.0%, 64=0.0%, >=64=0.0%
     issued    : total=r=1909/w=0/d=0, short=r=0/w=0/d=0
seqread: (groupid=0, jobs=1): err= 0: pid=2086: Sat Mar 15 04:05:06 2014
  read : io=340992KB, bw=5677.3KB/s, iops=5, runt= 60063msec
    slat (usec): min=274, max=94735, avg=60857.68, stdev=16535.13
    clat (usec): min=5, max=650061, avg=543138.74, stdev=130761.00
     lat (msec): min=6, max=722, avg=604.00, stdev=141.87
    clat percentiles (msec):
     |  1.00th=[    8],  5.00th=[  100], 10.00th=[  537], 20.00th=[  553],
     | 30.00th=[  562], 40.00th=[  570], 50.00th=[  578], 60.00th=[  586],
     | 70.00th=[  594], 80.00th=[  603], 90.00th=[  611], 95.00th=[  619],
     | 99.00th=[  644], 99.50th=[  652], 99.90th=[  652], 99.95th=[  652],
     | 99.99th=[  652]
    bw (KB  /s): min=   25, max=40474, per=100.00%, avg=16100.26, stdev=4848.85
    lat (usec) : 10=0.30%
    lat (msec) : 10=1.20%, 100=3.30%, 250=1.50%, 500=2.40%, 750=91.29%
  cpu          : usr=0.10%, sys=2.55%, ctx=46037, majf=0, minf=2588
  IO depths    : 1=0.3%, 2=0.6%, 4=1.2%, 8=97.9%, 16=0.0%, 32=0.0%, >=64=0.0%
     submit    : 0=0.0%, 4=100.0%, 8=0.0%, 16=0.0%, 32=0.0%, 64=0.0%, >=64=0.0%
     complete  : 0=0.0%, 4=99.7%, 8=0.0%, 16=0.3%, 32=0.0%, 64=0.0%, >=64=0.0%
     issued    : total=r=333/w=0/d=0, short=r=0/w=0/d=0
seqwrite: (groupid=0, jobs=1): err= 0: pid=2087: Sat Mar 15 04:05:06 2014
  write: io=340992KB, bw=5677.9KB/s, iops=5, runt= 60057msec
    slat (usec): min=843, max=94714, avg=60871.02, stdev=16483.66
    clat (usec): min=6, max=650066, avg=543323.91, stdev=130320.27
     lat (msec): min=9, max=722, avg=604.20, stdev=141.40
    clat percentiles (msec):
     |  1.00th=[    9],  5.00th=[  100], 10.00th=[  537], 20.00th=[  553],
     | 30.00th=[  562], 40.00th=[  570], 50.00th=[  578], 60.00th=[  586],
     | 70.00th=[  594], 80.00th=[  594], 90.00th=[  611], 95.00th=[  619],
     | 99.00th=[  644], 99.50th=[  652], 99.90th=[  652], 99.95th=[  652],
     | 99.99th=[  652]
    bw (KB  /s): min=   25, max=40156, per=100.00%, avg=16091.87, stdev=4805.86
    lat (usec) : 10=0.30%
    lat (msec) : 10=1.20%, 100=3.30%, 250=1.50%, 500=2.40%, 750=91.29%
  cpu          : usr=0.32%, sys=0.98%, ctx=47368, majf=0, minf=28
  IO depths    : 1=0.3%, 2=0.6%, 4=1.2%, 8=97.9%, 16=0.0%, 32=0.0%, >=64=0.0%
     submit    : 0=0.0%, 4=100.0%, 8=0.0%, 16=0.0%, 32=0.0%, 64=0.0%, >=64=0.0%
     complete  : 0=0.0%, 4=99.7%, 8=0.0%, 16=0.3%, 32=0.0%, 64=0.0%, >=64=0.0%
     issued    : total=r=0/w=333/d=0, short=r=0/w=0/d=0

Run status group 0 (all jobs):
   READ: io=345668KB, aggrb=5755KB/s, minb=77KB/s, maxb=5677KB/s, mint=60028msec, maxt=60063msec
  WRITE: io=340992KB, aggrb=5677KB/s, minb=5677KB/s, maxb=5677KB/s, mint=60057msec, maxt=60057msec

Disk stats (read/write):
  xvdf: ios=6629/14056, merge=0/140071, ticks=146278/5717436, in_queue=5863804, util=99.50%
