randread-8k-16k: (g=0): rw=randread, bs=8K-16K/8K-16K/8K-16K, ioengine=libaio, iodepth=10
seqread: (g=0): rw=read, bs=1M-1M/1M-1M/1M-1M, ioengine=libaio, iodepth=10
seqwrite: (g=0): rw=write, bs=1M-1M/1M-1M/1M-1M, ioengine=libaio, iodepth=10
fio-2.2.8
Starting 3 processes

randread-8k-16k: (groupid=0, jobs=1): err= 0: pid=10024: Wed Apr  6 20:50:05 2016
  read : io=115040KB, bw=1915.6KB/s, iops=239, runt= 60056msec
    slat (usec): min=4, max=80655, avg=23.06, stdev=990.33
    clat (usec): min=22, max=735764, avg=41734.31, stdev=45301.89
     lat (usec): min=102, max=735774, avg=41757.47, stdev=45317.64
    clat percentiles (msec):
     |  1.00th=[    5],  5.00th=[    7], 10.00th=[    9], 20.00th=[   12],
     | 30.00th=[   16], 40.00th=[   21], 50.00th=[   27], 60.00th=[   35],
     | 70.00th=[   46], 80.00th=[   63], 90.00th=[   94], 95.00th=[  131],
     | 99.00th=[  215], 99.50th=[  265], 99.90th=[  404], 99.95th=[  461],
     | 99.99th=[  537]
    bw (KB  /s): min= 1009, max= 2428, per=15.79%, avg=1923.75, stdev=321.79
    lat (usec) : 50=0.01%, 100=0.01%, 500=0.37%, 750=0.03%, 1000=0.01%
    lat (msec) : 2=0.01%, 4=0.11%, 10=14.24%, 20=24.42%, 50=34.02%
    lat (msec) : 100=18.02%, 250=8.19%, 500=0.54%, 750=0.03%
  cpu          : usr=0.07%, sys=0.24%, ctx=14370, majf=0, minf=54
  IO depths    : 1=0.1%, 2=0.1%, 4=0.1%, 8=100.0%, 16=0.0%, 32=0.0%, >=64=0.0%
     submit    : 0=0.0%, 4=100.0%, 8=0.0%, 16=0.0%, 32=0.0%, 64=0.0%, >=64=0.0%
     complete  : 0=0.0%, 4=100.0%, 8=0.0%, 16=0.1%, 32=0.0%, 64=0.0%, >=64=0.0%
     issued    : total=r=14379/w=0/d=0, short=r=0/w=0/d=0, drop=r=0/w=0/d=0
     latency   : target=0, window=0, percentile=100.00%, depth=10
seqread: (groupid=0, jobs=1): err= 0: pid=10025: Wed Apr  6 20:50:05 2016
  read : io=616448KB, bw=10267KB/s, iops=10, runt= 60040msec
    slat (usec): min=111, max=155923, avg=4249.80, stdev=19115.43
    clat (usec): min=2, max=127609, avg=15784.75, stdev=26347.05
     lat (msec): min=2, max=173, avg=20.03, stdev=32.43
    clat percentiles (usec):
     |  1.00th=[ 1928],  5.00th=[ 1928], 10.00th=[ 1928], 20.00th=[ 1928],
     | 30.00th=[ 1944], 40.00th=[ 1960], 50.00th=[ 1976], 60.00th=[ 4016],
     | 70.00th=[12352], 80.00th=[20096], 90.00th=[58112], 95.00th=[87552],
     | 99.00th=[110080], 99.50th=[111104], 99.90th=[127488], 99.95th=[127488],
     | 99.99th=[127488]
    bw (KB  /s): min= 1172, max=25798, per=85.05%, avg=10359.17, stdev=3290.84
    lat (usec) : 4=0.17%, 1000=0.17%
    lat (msec) : 2=51.50%, 4=8.14%, 10=5.98%, 20=13.95%, 50=8.31%
    lat (msec) : 100=8.31%, 250=3.49%
  cpu          : usr=0.01%, sys=0.18%, ctx=1139, majf=0, minf=547
  IO depths    : 1=78.2%, 2=4.7%, 4=9.3%, 8=7.8%, 16=0.0%, 32=0.0%, >=64=0.0%
     submit    : 0=0.0%, 4=100.0%, 8=0.0%, 16=0.0%, 32=0.0%, 64=0.0%, >=64=0.0%
     complete  : 0=0.0%, 4=100.0%, 8=0.0%, 16=0.0%, 32=0.0%, 64=0.0%, >=64=0.0%
     issued    : total=r=602/w=0/d=0, short=r=0/w=0/d=0, drop=r=0/w=0/d=0
     latency   : target=0, window=0, percentile=100.00%, depth=10
seqwrite: (groupid=0, jobs=1): err= 0: pid=10026: Wed Apr  6 20:50:05 2016
  write: io=624640KB, bw=10261KB/s, iops=10, runt= 60877msec
    slat (usec): min=57, max=43117, avg=508.87, stdev=2453.76
    clat (msec): min=2, max=312, avg=102.61, stdev=45.79
     lat (msec): min=2, max=312, avg=103.12, stdev=45.78
    clat percentiles (msec):
     |  1.00th=[    8],  5.00th=[   36], 10.00th=[   49], 20.00th=[   67],
     | 30.00th=[   79], 40.00th=[   92], 50.00th=[   99], 60.00th=[  109],
     | 70.00th=[  122], 80.00th=[  141], 90.00th=[  161], 95.00th=[  174],
     | 99.00th=[  210], 99.50th=[  310], 99.90th=[  314], 99.95th=[  314],
     | 99.99th=[  314]
    bw (KB  /s): min= 1074, max=26746, per=100.00%, avg=10786.71, stdev=5758.27
    lat (msec) : 4=0.82%, 10=0.49%, 20=1.80%, 50=7.87%, 100=40.16%
    lat (msec) : 250=48.03%, 500=0.82%
  cpu          : usr=0.04%, sys=0.10%, ctx=949, majf=0, minf=28
  IO depths    : 1=36.1%, 2=13.4%, 4=26.9%, 8=23.6%, 16=0.0%, 32=0.0%, >=64=0.0%
     submit    : 0=0.0%, 4=100.0%, 8=0.0%, 16=0.0%, 32=0.0%, 64=0.0%, >=64=0.0%
     complete  : 0=0.0%, 4=100.0%, 8=0.0%, 16=0.0%, 32=0.0%, 64=0.0%, >=64=0.0%
     issued    : total=r=0/w=610/d=0, short=r=0/w=0/d=0, drop=r=0/w=0/d=0
     latency   : target=0, window=0, percentile=100.00%, depth=10

Run status group 0 (all jobs):
   READ: io=731488KB, aggrb=12180KB/s, minb=1915KB/s, maxb=10267KB/s, mint=60040msec, maxt=60056msec
  WRITE: io=624640KB, aggrb=10260KB/s, minb=10260KB/s, maxb=10260KB/s, mint=60877msec, maxt=60877msec
