randread-1k-4k: (g=0): rw=randread, bs=1K-4K/1K-4K/1K-4K, ioengine=libaio, iodepth=10
seqread: (g=0): rw=read, bs=1M-1M/1M-1M/1M-1M, ioengine=libaio, iodepth=10
seqwrite: (g=0): rw=write, bs=1M-1M/1M-1M/1M-1M, ioengine=libaio, iodepth=10
fio-2.2.8
Starting 3 processes

randread-1k-4k: (groupid=0, jobs=1): err= 0: pid=7065: Wed Apr  6 20:48:03 2016
  read : io=12953KB, bw=221038B/s, iops=123, runt= 60007msec
    slat (usec): min=1, max=130715, avg=8097.16, stdev=7693.15
    clat (usec): min=1, max=227215, avg=72848.07, stdev=24887.98
     lat (msec): min=10, max=235, avg=80.95, stdev=26.32
    clat percentiles (msec):
     |  1.00th=[   44],  5.00th=[   49], 10.00th=[   53], 20.00th=[   58],
     | 30.00th=[   62], 40.00th=[   64], 50.00th=[   68], 60.00th=[   72],
     | 70.00th=[   76], 80.00th=[   81], 90.00th=[   95], 95.00th=[  128],
     | 99.00th=[  178], 99.50th=[  186], 99.90th=[  221], 99.95th=[  225],
     | 99.99th=[  227]
    bw (KB  /s): min=  137, max=  278, per=2.05%, avg=215.36, stdev=30.50
    lat (usec) : 2=0.01%
    lat (msec) : 20=0.03%, 50=6.36%, 100=85.15%, 250=8.45%
  cpu          : usr=0.03%, sys=0.16%, ctx=7385, majf=0, minf=41
  IO depths    : 1=0.1%, 2=0.1%, 4=0.1%, 8=99.9%, 16=0.0%, 32=0.0%, >=64=0.0%
     submit    : 0=0.0%, 4=100.0%, 8=0.0%, 16=0.0%, 32=0.0%, 64=0.0%, >=64=0.0%
     complete  : 0=0.0%, 4=100.0%, 8=0.0%, 16=0.1%, 32=0.0%, 64=0.0%, >=64=0.0%
     issued    : total=r=7409/w=0/d=0, short=r=0/w=0/d=0, drop=r=0/w=0/d=0
     latency   : target=0, window=0, percentile=100.00%, depth=10
seqread: (groupid=0, jobs=1): err= 0: pid=7066: Wed Apr  6 20:48:03 2016
  read : io=616448KB, bw=10273KB/s, iops=10, runt= 60005msec
    slat (usec): min=117, max=161799, avg=4128.00, stdev=17960.70
    clat (msec): min=1, max=123, avg=12.79, stdev=23.29
     lat (msec): min=2, max=181, avg=16.92, stdev=30.56
    clat percentiles (usec):
     |  1.00th=[ 1928],  5.00th=[ 1928], 10.00th=[ 1928], 20.00th=[ 1928],
     | 30.00th=[ 1944], 40.00th=[ 1944], 50.00th=[ 1960], 60.00th=[ 2096],
     | 70.00th=[ 9792], 80.00th=[17280], 90.00th=[33024], 95.00th=[72192],
     | 99.00th=[109056], 99.50th=[111104], 99.90th=[123392], 99.95th=[123392],
     | 99.99th=[123392]
    bw (KB  /s): min= 1230, max=24526, per=97.95%, avg=10272.88, stdev=2516.59
    lat (msec) : 2=56.98%, 4=6.98%, 10=6.64%, 20=14.12%, 50=8.14%
    lat (msec) : 100=4.65%, 250=2.49%
  cpu          : usr=0.02%, sys=0.16%, ctx=1194, majf=0, minf=547
  IO depths    : 1=83.1%, 2=3.7%, 4=7.3%, 8=6.0%, 16=0.0%, 32=0.0%, >=64=0.0%
     submit    : 0=0.0%, 4=100.0%, 8=0.0%, 16=0.0%, 32=0.0%, 64=0.0%, >=64=0.0%
     complete  : 0=0.0%, 4=100.0%, 8=0.0%, 16=0.0%, 32=0.0%, 64=0.0%, >=64=0.0%
     issued    : total=r=602/w=0/d=0, short=r=0/w=0/d=0, drop=r=0/w=0/d=0
     latency   : target=0, window=0, percentile=100.00%, depth=10
seqwrite: (groupid=0, jobs=1): err= 0: pid=7067: Wed Apr  6 20:48:03 2016
  write: io=621568KB, bw=10272KB/s, iops=10, runt= 60511msec
    slat (usec): min=66, max=134927, avg=2472.74, stdev=14162.36
    clat (usec): min=1, max=214874, avg=97113.06, stdev=51262.68
     lat (msec): min=2, max=214, avg=99.59, stdev=49.67
    clat percentiles (usec):
     |  1.00th=[    2],  5.00th=[ 3280], 10.00th=[ 8032], 20.00th=[36608],
     | 30.00th=[91648], 40.00th=[103936], 50.00th=[112128], 60.00th=[119296],
     | 70.00th=[127488], 80.00th=[138240], 90.00th=[152576], 95.00th=[160768],
     | 99.00th=[183296], 99.50th=[187392], 99.90th=[214016], 99.95th=[214016],
     | 99.99th=[214016]
    bw (KB  /s): min= 1042, max=26050, per=100.00%, avg=10930.17, stdev=5960.74
    lat (usec) : 2=0.82%, 4=1.15%
    lat (msec) : 2=0.16%, 4=2.97%, 10=6.92%, 20=5.11%, 50=6.59%
    lat (msec) : 100=12.52%, 250=63.76%
  cpu          : usr=0.04%, sys=0.11%, ctx=1008, majf=0, minf=29
  IO depths    : 1=24.9%, 2=15.5%, 4=31.0%, 8=28.7%, 16=0.0%, 32=0.0%, >=64=0.0%
     submit    : 0=0.0%, 4=100.0%, 8=0.0%, 16=0.0%, 32=0.0%, 64=0.0%, >=64=0.0%
     complete  : 0=0.0%, 4=100.0%, 8=0.0%, 16=0.0%, 32=0.0%, 64=0.0%, >=64=0.0%
     issued    : total=r=0/w=607/d=0, short=r=0/w=0/d=0, drop=r=0/w=0/d=0
     latency   : target=0, window=0, percentile=100.00%, depth=10

Run status group 0 (all jobs):
   READ: io=629401KB, aggrb=10488KB/s, minb=215KB/s, maxb=10273KB/s, mint=60005msec, maxt=60007msec
  WRITE: io=621568KB, aggrb=10271KB/s, minb=10271KB/s, maxb=10271KB/s, mint=60511msec, maxt=60511msec
