randread-512k-1m: (g=0): rw=randread, bs=512K-1M/512K-1M/512K-1M, ioengine=libaio, iodepth=10
seqread: (g=0): rw=read, bs=1M-1M/1M-1M/1M-1M, ioengine=libaio, iodepth=10
seqwrite: (g=0): rw=write, bs=1M-1M/1M-1M/1M-1M, ioengine=libaio, iodepth=10
fio-2.2.8
Starting 3 processes

randread-512k-1m: (groupid=0, jobs=1): err= 0: pid=10209: Wed Apr  6 21:34:33 2016
  read : io=1698.0MB, bw=28909KB/s, iops=56, runt= 60146msec
    slat (usec): min=62, max=1103.9K, avg=1073.44, stdev=24647.40
    clat (usec): min=786, max=1407.1K, avg=176005.55, stdev=130189.55
     lat (msec): min=1, max=1407, avg=177.08, stdev=131.66
    clat percentiles (msec):
     |  1.00th=[   16],  5.00th=[   28], 10.00th=[   39], 20.00th=[   63],
     | 30.00th=[   90], 40.00th=[  124], 50.00th=[  155], 60.00th=[  194],
     | 70.00th=[  233], 80.00th=[  273], 90.00th=[  330], 95.00th=[  379],
     | 99.00th=[  486], 99.50th=[  816], 99.90th=[ 1188], 99.95th=[ 1205],
     | 99.99th=[ 1401]
    bw (KB  /s): min= 6660, max=54748, per=40.29%, avg=29696.97, stdev=7971.60
    lat (usec) : 1000=0.03%
    lat (msec) : 2=0.06%, 10=0.06%, 20=2.09%, 50=12.81%, 100=17.93%
    lat (msec) : 250=41.64%, 500=24.44%, 750=0.41%, 1000=0.09%, 2000=0.44%
  cpu          : usr=0.01%, sys=0.54%, ctx=3354, majf=0, minf=292
  IO depths    : 1=0.1%, 2=0.1%, 4=0.1%, 8=99.8%, 16=0.0%, 32=0.0%, >=64=0.0%
     submit    : 0=0.0%, 4=100.0%, 8=0.0%, 16=0.0%, 32=0.0%, 64=0.0%, >=64=0.0%
     complete  : 0=0.0%, 4=100.0%, 8=0.0%, 16=0.1%, 32=0.0%, 64=0.0%, >=64=0.0%
     issued    : total=r=3396/w=0/d=0, short=r=0/w=0/d=0, drop=r=0/w=0/d=0
     latency   : target=0, window=0, percentile=100.00%, depth=10
seqread: (groupid=0, jobs=1): err= 0: pid=10210: Wed Apr  6 21:34:33 2016
  read : io=2640.0MB, bw=44859KB/s, iops=43, runt= 60263msec
    slat (usec): min=135, max=1108.9K, avg=1156.16, stdev=25578.98
    clat (msec): min=2, max=1211, avg=227.02, stdev=138.89
     lat (msec): min=3, max=1211, avg=228.18, stdev=139.83
    clat percentiles (msec):
     |  1.00th=[   13],  5.00th=[   48], 10.00th=[   75], 20.00th=[   94],
     | 30.00th=[  155], 40.00th=[  188], 50.00th=[  223], 60.00th=[  249],
     | 70.00th=[  285], 80.00th=[  318], 90.00th=[  383], 95.00th=[  437],
     | 99.00th=[  603], 99.50th=[  988], 99.90th=[ 1205], 99.95th=[ 1205],
     | 99.99th=[ 1205]
    bw (KB  /s): min= 1741, max=89791, per=62.07%, avg=45755.94, stdev=14518.35
    lat (msec) : 4=0.08%, 10=0.49%, 20=2.99%, 50=1.59%, 100=16.40%
    lat (msec) : 250=38.48%, 500=37.39%, 750=1.89%, 1000=0.27%, 2000=0.42%
  cpu          : usr=0.01%, sys=0.82%, ctx=2742, majf=0, minf=547
  IO depths    : 1=0.1%, 2=0.1%, 4=0.2%, 8=99.7%, 16=0.0%, 32=0.0%, >=64=0.0%
     submit    : 0=0.0%, 4=100.0%, 8=0.0%, 16=0.0%, 32=0.0%, 64=0.0%, >=64=0.0%
     complete  : 0=0.0%, 4=100.0%, 8=0.0%, 16=0.1%, 32=0.0%, 64=0.0%, >=64=0.0%
     issued    : total=r=2640/w=0/d=0, short=r=0/w=0/d=0, drop=r=0/w=0/d=0
     latency   : target=0, window=0, percentile=100.00%, depth=10
seqwrite: (groupid=0, jobs=1): err= 0: pid=10211: Wed Apr  6 21:34:33 2016
  write: io=2995.0MB, bw=50958KB/s, iops=49, runt= 60184msec
    slat (usec): min=60, max=318669, avg=3847.38, stdev=16823.20
    clat (msec): min=25, max=767, avg=196.80, stdev=86.45
     lat (msec): min=25, max=767, avg=200.65, stdev=87.76
    clat percentiles (msec):
     |  1.00th=[   55],  5.00th=[   80], 10.00th=[   99], 20.00th=[  126],
     | 30.00th=[  149], 40.00th=[  167], 50.00th=[  186], 60.00th=[  210],
     | 70.00th=[  231], 80.00th=[  258], 90.00th=[  297], 95.00th=[  338],
     | 99.00th=[  490], 99.50th=[  570], 99.90th=[  758], 99.95th=[  766],
     | 99.99th=[  766]
    bw (KB  /s): min=20552, max=95302, per=100.00%, avg=51508.28, stdev=12052.37
    lat (msec) : 50=0.77%, 100=9.48%, 250=67.15%, 500=21.74%, 750=0.77%
    lat (msec) : 1000=0.10%
  cpu          : usr=0.16%, sys=0.45%, ctx=3900, majf=0, minf=28
  IO depths    : 1=0.1%, 2=0.1%, 4=0.1%, 8=99.8%, 16=0.0%, 32=0.0%, >=64=0.0%
     submit    : 0=0.0%, 4=100.0%, 8=0.0%, 16=0.0%, 32=0.0%, 64=0.0%, >=64=0.0%
     complete  : 0=0.0%, 4=100.0%, 8=0.0%, 16=0.1%, 32=0.0%, 64=0.0%, >=64=0.0%
     issued    : total=r=0/w=2995/d=0, short=r=0/w=0/d=0, drop=r=0/w=0/d=0
     latency   : target=0, window=0, percentile=100.00%, depth=10

Run status group 0 (all jobs):
   READ: io=4338.0MB, aggrb=73712KB/s, minb=28908KB/s, maxb=44859KB/s, mint=60146msec, maxt=60263msec
  WRITE: io=2995.0MB, aggrb=50958KB/s, minb=50958KB/s, maxb=50958KB/s, mint=60184msec, maxt=60184msec
