randread-128k-256k: (g=0): rw=randread, bs=128K-256K/128K-256K/128K-256K, ioengine=libaio, iodepth=10
seqread: (g=0): rw=read, bs=1M-1M/1M-1M/1M-1M, ioengine=libaio, iodepth=10
seqwrite: (g=0): rw=write, bs=1M-1M/1M-1M/1M-1M, ioengine=libaio, iodepth=10
fio-2.2.8
Starting 3 processes

randread-128k-256k: (groupid=0, jobs=1): err= 0: pid=21778: Wed Apr  6 20:58:10 2016
  read : io=1392.0MB, bw=23729KB/s, iops=185, runt= 60070msec
    slat (usec): min=17, max=84, avg=23.54, stdev= 3.01
    clat (usec): min=498, max=749642, avg=53911.21, stdev=56172.17
     lat (usec): min=519, max=749665, avg=53934.86, stdev=56172.16
    clat percentiles (msec):
     |  1.00th=[    7],  5.00th=[    9], 10.00th=[   11], 20.00th=[   15],
     | 30.00th=[   20], 40.00th=[   26], 50.00th=[   35], 60.00th=[   46],
     | 70.00th=[   62], 80.00th=[   84], 90.00th=[  124], 95.00th=[  161],
     | 99.00th=[  265], 99.50th=[  306], 99.90th=[  515], 99.95th=[  603],
     | 99.99th=[  685]
    bw (KB  /s): min=13025, max=29696, per=69.89%, avg=23754.91, stdev=3836.18
    lat (usec) : 500=0.02%, 750=0.22%
    lat (msec) : 2=0.04%, 4=0.03%, 10=8.36%, 20=21.63%, 50=32.84%
    lat (msec) : 100=21.81%, 250=13.88%, 500=1.07%, 750=0.11%
  cpu          : usr=0.05%, sys=0.46%, ctx=11144, majf=0, minf=351
  IO depths    : 1=0.1%, 2=0.1%, 4=0.1%, 8=99.9%, 16=0.0%, 32=0.0%, >=64=0.0%
     submit    : 0=0.0%, 4=100.0%, 8=0.0%, 16=0.0%, 32=0.0%, 64=0.0%, >=64=0.0%
     complete  : 0=0.0%, 4=100.0%, 8=0.0%, 16=0.1%, 32=0.0%, 64=0.0%, >=64=0.0%
     issued    : total=r=11136/w=0/d=0, short=r=0/w=0/d=0, drop=r=0/w=0/d=0
     latency   : target=0, window=0, percentile=100.00%, depth=10
seqread: (groupid=0, jobs=1): err= 0: pid=21779: Wed Apr  6 20:58:10 2016
  read : io=616448KB, bw=10273KB/s, iops=10, runt= 60005msec
    slat (usec): min=120, max=157034, avg=3831.38, stdev=17303.90
    clat (usec): min=991, max=133432, avg=14964.73, stdev=25911.18
     lat (msec): min=2, max=172, avg=18.80, stdev=31.99
    clat percentiles (usec):
     |  1.00th=[ 1928],  5.00th=[ 1928], 10.00th=[ 1928], 20.00th=[ 1928],
     | 30.00th=[ 1944], 40.00th=[ 1960], 50.00th=[ 1976], 60.00th=[ 3600],
     | 70.00th=[12736], 80.00th=[18560], 90.00th=[50944], 95.00th=[84480],
     | 99.00th=[112128], 99.50th=[118272], 99.90th=[134144], 99.95th=[134144],
     | 99.99th=[134144]
    bw (KB  /s): min= 1163, max=26517, per=30.44%, avg=10345.48, stdev=2663.69
    lat (usec) : 1000=0.17%
    lat (msec) : 2=53.99%, 4=6.98%, 10=5.15%, 20=14.78%, 50=8.47%
    lat (msec) : 100=6.98%, 250=3.49%
  cpu          : usr=0.02%, sys=0.16%, ctx=1166, majf=0, minf=548
  IO depths    : 1=81.7%, 2=4.0%, 4=8.0%, 8=6.3%, 16=0.0%, 32=0.0%, >=64=0.0%
     submit    : 0=0.0%, 4=100.0%, 8=0.0%, 16=0.0%, 32=0.0%, 64=0.0%, >=64=0.0%
     complete  : 0=0.0%, 4=100.0%, 8=0.0%, 16=0.0%, 32=0.0%, 64=0.0%, >=64=0.0%
     issued    : total=r=602/w=0/d=0, short=r=0/w=0/d=0, drop=r=0/w=0/d=0
     latency   : target=0, window=0, percentile=100.00%, depth=10
seqwrite: (groupid=0, jobs=1): err= 0: pid=21780: Wed Apr  6 20:58:10 2016
  write: io=619520KB, bw=10261KB/s, iops=10, runt= 60377msec
    slat (usec): min=74, max=68167, avg=607.33, stdev=3750.87
    clat (msec): min=2, max=204, avg=98.16, stdev=43.64
     lat (msec): min=2, max=204, avg=98.77, stdev=43.65
    clat percentiles (msec):
     |  1.00th=[   15],  5.00th=[   29], 10.00th=[   38], 20.00th=[   59],
     | 30.00th=[   74], 40.00th=[   87], 50.00th=[   97], 60.00th=[  109],
     | 70.00th=[  119], 80.00th=[  139], 90.00th=[  159], 95.00th=[  176],
     | 99.00th=[  194], 99.50th=[  196], 99.90th=[  204], 99.95th=[  204],
     | 99.99th=[  204]
    bw (KB  /s): min= 1037, max=25195, per=100.00%, avg=10876.33, stdev=5577.24
    lat (msec) : 4=0.17%, 10=0.33%, 20=1.32%, 50=13.06%, 100=38.02%
    lat (msec) : 250=47.11%
  cpu          : usr=0.03%, sys=0.10%, ctx=927, majf=0, minf=28
  IO depths    : 1=33.6%, 2=13.9%, 4=27.8%, 8=24.8%, 16=0.0%, 32=0.0%, >=64=0.0%
     submit    : 0=0.0%, 4=100.0%, 8=0.0%, 16=0.0%, 32=0.0%, 64=0.0%, >=64=0.0%
     complete  : 0=0.0%, 4=100.0%, 8=0.0%, 16=0.0%, 32=0.0%, 64=0.0%, >=64=0.0%
     issued    : total=r=0/w=605/d=0, short=r=0/w=0/d=0, drop=r=0/w=0/d=0
     latency   : target=0, window=0, percentile=100.00%, depth=10

Run status group 0 (all jobs):
   READ: io=1994.0MB, aggrb=33991KB/s, minb=10273KB/s, maxb=23729KB/s, mint=60005msec, maxt=60070msec
  WRITE: io=619520KB, aggrb=10260KB/s, minb=10260KB/s, maxb=10260KB/s, mint=60377msec, maxt=60377msec
