randread-8k-16k: (g=0): rw=randread, bs=8K-16K/8K-16K/8K-16K, ioengine=libaio, iodepth=10
seqread: (g=0): rw=read, bs=1M-1M/1M-1M/1M-1M, ioengine=libaio, iodepth=10
seqwrite: (g=0): rw=write, bs=1M-1M/1M-1M/1M-1M, ioengine=libaio, iodepth=10
fio-2.2.8
Starting 3 processes

randread-8k-16k: (groupid=0, jobs=1): err= 0: pid=11503: Wed Apr  6 20:51:06 2016
  read : io=51472KB, bw=877636B/s, iops=107, runt= 60056msec
    slat (usec): min=4, max=4927.6K, avg=1283.11, stdev=62962.53
    clat (usec): min=84, max=4995.3K, avg=92050.96, stdev=205697.54
     lat (usec): min=92, max=4995.3K, avg=93334.19, stdev=214757.35
    clat percentiles (msec):
     |  1.00th=[    6],  5.00th=[    9], 10.00th=[   12], 20.00th=[   18],
     | 30.00th=[   25], 40.00th=[   33], 50.00th=[   45], 60.00th=[   65],
     | 70.00th=[   99], 80.00th=[  149], 90.00th=[  225], 95.00th=[  281],
     | 99.00th=[  379], 99.50th=[  474], 99.90th=[ 4948], 99.95th=[ 4948],
     | 99.99th=[ 5014]
    bw (KB  /s): min=   13, max= 2417, per=1.60%, avg=941.69, stdev=420.34
    lat (usec) : 100=0.03%, 500=0.12%, 750=0.03%
    lat (msec) : 2=0.02%, 4=0.12%, 10=6.48%, 20=17.16%, 50=29.45%
    lat (msec) : 100=16.86%, 250=21.93%, 500=7.34%, 750=0.06%, 1000=0.23%
    lat (msec) : 2000=0.02%, >=2000=0.14%
  cpu          : usr=0.02%, sys=0.11%, ctx=6319, majf=0, minf=52
  IO depths    : 1=0.1%, 2=0.1%, 4=0.1%, 8=99.9%, 16=0.0%, 32=0.0%, >=64=0.0%
     submit    : 0=0.0%, 4=100.0%, 8=0.0%, 16=0.0%, 32=0.0%, 64=0.0%, >=64=0.0%
     complete  : 0=0.0%, 4=100.0%, 8=0.0%, 16=0.1%, 32=0.0%, 64=0.0%, >=64=0.0%
     issued    : total=r=6434/w=0/d=0, short=r=0/w=0/d=0, drop=r=0/w=0/d=0
     latency   : target=0, window=0, percentile=100.00%, depth=10
seqread: (groupid=0, jobs=1): err= 0: pid=11504: Wed Apr  6 20:51:06 2016
  read : io=3408.0MB, bw=57950KB/s, iops=56, runt= 60221msec
    slat (usec): min=111, max=735437, avg=545.81, stdev=14016.24
    clat (msec): min=2, max=5716, avg=176.13, stdev=281.67
     lat (msec): min=9, max=5716, avg=176.68, stdev=281.83
    clat percentiles (msec):
     |  1.00th=[   11],  5.00th=[   20], 10.00th=[   23], 20.00th=[   38],
     | 30.00th=[   42], 40.00th=[   51], 50.00th=[   83], 60.00th=[  192],
     | 70.00th=[  235], 80.00th=[  289], 90.00th=[  367], 95.00th=[  445],
     | 99.00th=[  750], 99.50th=[  930], 99.90th=[ 5735], 99.95th=[ 5735],
     | 99.99th=[ 5735]
    bw (KB  /s): min=11906, max=143073, per=100.00%, avg=60262.48, stdev=33754.30
    lat (msec) : 4=0.03%, 10=0.18%, 20=6.13%, 50=33.48%, 100=12.00%
    lat (msec) : 250=20.92%, 500=23.97%, 750=2.32%, 1000=0.47%, 2000=0.21%
    lat (msec) : >=2000=0.29%
  cpu          : usr=0.01%, sys=0.98%, ctx=3487, majf=0, minf=547
  IO depths    : 1=0.1%, 2=0.1%, 4=0.1%, 8=99.8%, 16=0.0%, 32=0.0%, >=64=0.0%
     submit    : 0=0.0%, 4=100.0%, 8=0.0%, 16=0.0%, 32=0.0%, 64=0.0%, >=64=0.0%
     complete  : 0=0.0%, 4=100.0%, 8=0.0%, 16=0.1%, 32=0.0%, 64=0.0%, >=64=0.0%
     issued    : total=r=3408/w=0/d=0, short=r=0/w=0/d=0, drop=r=0/w=0/d=0
     latency   : target=0, window=0, percentile=100.00%, depth=10
seqwrite: (groupid=0, jobs=1): err= 0: pid=11505: Wed Apr  6 20:51:06 2016
  write: io=2813.0MB, bw=47907KB/s, iops=46, runt= 60127msec
    slat (usec): min=55, max=210233, avg=3174.87, stdev=13499.70
    clat (msec): min=5, max=5722, avg=210.39, stdev=369.06
     lat (msec): min=5, max=5731, avg=213.56, stdev=370.10
    clat percentiles (msec):
     |  1.00th=[   44],  5.00th=[   71], 10.00th=[   87], 20.00th=[  113],
     | 30.00th=[  133], 40.00th=[  149], 50.00th=[  169], 60.00th=[  190],
     | 70.00th=[  212], 80.00th=[  237], 90.00th=[  285], 95.00th=[  326],
     | 99.00th=[ 1565], 99.50th=[ 2311], 99.90th=[ 5669], 99.95th=[ 5669],
     | 99.99th=[ 5735]
    bw (KB  /s): min= 1108, max=86646, per=100.00%, avg=55112.97, stdev=14751.83
    lat (msec) : 10=0.04%, 20=0.18%, 50=1.49%, 100=13.08%, 250=68.65%
    lat (msec) : 500=14.79%, 750=0.64%, 1000=0.07%, 2000=0.36%, >=2000=0.71%
  cpu          : usr=0.15%, sys=0.42%, ctx=3538, majf=0, minf=29
  IO depths    : 1=0.1%, 2=0.1%, 4=0.1%, 8=99.8%, 16=0.0%, 32=0.0%, >=64=0.0%
     submit    : 0=0.0%, 4=100.0%, 8=0.0%, 16=0.0%, 32=0.0%, 64=0.0%, >=64=0.0%
     complete  : 0=0.0%, 4=100.0%, 8=0.0%, 16=0.1%, 32=0.0%, 64=0.0%, >=64=0.0%
     issued    : total=r=0/w=2813/d=0, short=r=0/w=0/d=0, drop=r=0/w=0/d=0
     latency   : target=0, window=0, percentile=100.00%, depth=10

Run status group 0 (all jobs):
   READ: io=3458.3MB, aggrb=58804KB/s, minb=857KB/s, maxb=57949KB/s, mint=60056msec, maxt=60221msec
  WRITE: io=2813.0MB, aggrb=47907KB/s, minb=47907KB/s, maxb=47907KB/s, mint=60127msec, maxt=60127msec
