randread-8k-16k: (g=0): rw=randread, bs=8K-16K/8K-16K/8K-16K, ioengine=libaio, iodepth=10
seqread: (g=0): rw=read, bs=1M-1M/1M-1M/1M-1M, ioengine=libaio, iodepth=10
seqwrite: (g=0): rw=write, bs=1M-1M/1M-1M/1M-1M, ioengine=libaio, iodepth=10
fio-2.2.8
Starting 3 processes

randread-8k-16k: (groupid=0, jobs=1): err= 0: pid=23406: Wed Apr  6 21:21:24 2016
  read : io=46048KB, bw=783939B/s, iops=95, runt= 60149msec
    slat (usec): min=4, max=834792, avg=659.52, stdev=16925.81
    clat (usec): min=54, max=942603, avg=103809.99, stdev=107855.02
     lat (usec): min=396, max=942615, avg=104469.61, stdev=108945.65
    clat percentiles (msec):
     |  1.00th=[    7],  5.00th=[   12], 10.00th=[   16], 20.00th=[   23],
     | 30.00th=[   31], 40.00th=[   41], 50.00th=[   56], 60.00th=[   86],
     | 70.00th=[  137], 80.00th=[  194], 90.00th=[  255], 95.00th=[  310],
     | 99.00th=[  416], 99.50th=[  469], 99.90th=[  898], 99.95th=[  922],
     | 99.99th=[  947]
    bw (KB  /s): min=  260, max= 1504, per=1.89%, avg=780.46, stdev=236.49
    lat (usec) : 100=0.02%, 250=0.02%, 500=0.05%
    lat (msec) : 4=0.07%, 10=3.44%, 20=13.03%, 50=30.56%, 100=16.44%
    lat (msec) : 250=25.59%, 500=10.39%, 750=0.09%, 1000=0.31%
  cpu          : usr=0.03%, sys=0.08%, ctx=5645, majf=0, minf=52
  IO depths    : 1=0.1%, 2=0.1%, 4=0.1%, 8=99.9%, 16=0.0%, 32=0.0%, >=64=0.0%
     submit    : 0=0.0%, 4=100.0%, 8=0.0%, 16=0.0%, 32=0.0%, 64=0.0%, >=64=0.0%
     complete  : 0=0.0%, 4=100.0%, 8=0.0%, 16=0.1%, 32=0.0%, 64=0.0%, >=64=0.0%
     issued    : total=r=5756/w=0/d=0, short=r=0/w=0/d=0, drop=r=0/w=0/d=0
     latency   : target=0, window=0, percentile=100.00%, depth=10
seqread: (groupid=0, jobs=1): err= 0: pid=23407: Wed Apr  6 21:21:24 2016
  read : io=2382.0MB, bw=40503KB/s, iops=39, runt= 60222msec
    slat (usec): min=131, max=740610, avg=956.20, stdev=19949.28
    clat (msec): min=1, max=1095, avg=251.79, stdev=166.97
     lat (msec): min=9, max=1095, avg=252.74, stdev=167.24
    clat percentiles (msec):
     |  1.00th=[   11],  5.00th=[   21], 10.00th=[   65], 20.00th=[   85],
     | 30.00th=[  149], 40.00th=[  198], 50.00th=[  239], 60.00th=[  285],
     | 70.00th=[  322], 80.00th=[  371], 90.00th=[  449], 95.00th=[  529],
     | 99.00th=[  824], 99.50th=[ 1029], 99.90th=[ 1090], 99.95th=[ 1090],
     | 99.99th=[ 1090]
    bw (KB  /s): min= 1768, max=89574, per=99.92%, avg=41234.33, stdev=16458.79
    lat (msec) : 2=0.04%, 10=0.25%, 20=4.28%, 50=2.90%, 100=16.12%
    lat (msec) : 250=28.80%, 500=41.48%, 750=4.83%, 1000=0.63%, 2000=0.67%
  cpu          : usr=0.00%, sys=0.71%, ctx=2424, majf=0, minf=547
  IO depths    : 1=0.1%, 2=0.1%, 4=0.2%, 8=99.7%, 16=0.0%, 32=0.0%, >=64=0.0%
     submit    : 0=0.0%, 4=100.0%, 8=0.0%, 16=0.0%, 32=0.0%, 64=0.0%, >=64=0.0%
     complete  : 0=0.0%, 4=100.0%, 8=0.0%, 16=0.1%, 32=0.0%, 64=0.0%, >=64=0.0%
     issued    : total=r=2382/w=0/d=0, short=r=0/w=0/d=0, drop=r=0/w=0/d=0
     latency   : target=0, window=0, percentile=100.00%, depth=10
seqwrite: (groupid=0, jobs=1): err= 0: pid=23408: Wed Apr  6 21:21:24 2016
  write: io=3329.0MB, bw=56728KB/s, iops=55, runt= 60092msec
    slat (usec): min=59, max=211188, avg=1300.88, stdev=9316.81
    clat (msec): min=7, max=598, avg=179.03, stdev=80.82
     lat (msec): min=7, max=598, avg=180.33, stdev=81.22
    clat percentiles (msec):
     |  1.00th=[   46],  5.00th=[   69], 10.00th=[   84], 20.00th=[  108],
     | 30.00th=[  127], 40.00th=[  149], 50.00th=[  169], 60.00th=[  192],
     | 70.00th=[  219], 80.00th=[  247], 90.00th=[  285], 95.00th=[  326],
     | 99.00th=[  408], 99.50th=[  453], 99.90th=[  523], 99.95th=[  553],
     | 99.99th=[  603]
    bw (KB  /s): min=20933, max=107469, per=100.00%, avg=57082.68, stdev=13103.74
    lat (msec) : 10=0.03%, 20=0.03%, 50=1.47%, 100=15.20%, 250=64.67%
    lat (msec) : 500=18.47%, 750=0.12%
  cpu          : usr=0.17%, sys=0.48%, ctx=3873, majf=0, minf=28
  IO depths    : 1=0.1%, 2=0.1%, 4=0.1%, 8=99.8%, 16=0.0%, 32=0.0%, >=64=0.0%
     submit    : 0=0.0%, 4=100.0%, 8=0.0%, 16=0.0%, 32=0.0%, 64=0.0%, >=64=0.0%
     complete  : 0=0.0%, 4=100.0%, 8=0.0%, 16=0.1%, 32=0.0%, 64=0.0%, >=64=0.0%
     issued    : total=r=0/w=3329/d=0, short=r=0/w=0/d=0, drop=r=0/w=0/d=0
     latency   : target=0, window=0, percentile=100.00%, depth=10

Run status group 0 (all jobs):
   READ: io=2426.1MB, aggrb=41267KB/s, minb=765KB/s, maxb=40502KB/s, mint=60149msec, maxt=60222msec
  WRITE: io=3329.0MB, aggrb=56727KB/s, minb=56727KB/s, maxb=56727KB/s, mint=60092msec, maxt=60092msec
