randread-64k: (g=0): rw=randread, bs=64K-64K/64K-64K/64K-64K, ioengine=libaio, iodepth=10
fio-2.2.8
Starting 1 process

randread-64k: (groupid=0, jobs=1): err= 0: pid=32120: Wed Apr  6 21:05:14 2016
  read : io=997952KB, bw=16616KB/s, iops=259, runt= 60060msec
    slat (usec): min=12, max=63, avg=14.98, stdev= 2.08
    clat (usec): min=387, max=463794, avg=38497.03, stdev=40429.51
     lat (usec): min=403, max=463808, avg=38512.12, stdev=40429.51
    clat percentiles (msec):
     |  1.00th=[    6],  5.00th=[    7], 10.00th=[    9], 20.00th=[   11],
     | 30.00th=[   15], 40.00th=[   19], 50.00th=[   24], 60.00th=[   32],
     | 70.00th=[   42], 80.00th=[   59], 90.00th=[   89], 95.00th=[  121],
     | 99.00th=[  198], 99.50th=[  233], 99.90th=[  314], 99.95th=[  334],
     | 99.99th=[  437]
    bw (KB  /s): min=13614, max=18688, per=100.00%, avg=16631.29, stdev=864.07
    lat (usec) : 500=0.33%, 750=0.03%, 1000=0.01%
    lat (msec) : 2=0.02%, 10=15.73%, 20=27.60%, 50=31.75%, 100=16.87%
    lat (msec) : 250=7.30%, 500=0.36%
  cpu          : usr=0.06%, sys=0.43%, ctx=15596, majf=0, minf=191
  IO depths    : 1=0.1%, 2=0.1%, 4=0.1%, 8=100.0%, 16=0.0%, 32=0.0%, >=64=0.0%
     submit    : 0=0.0%, 4=100.0%, 8=0.0%, 16=0.0%, 32=0.0%, 64=0.0%, >=64=0.0%
     complete  : 0=0.0%, 4=100.0%, 8=0.0%, 16=0.1%, 32=0.0%, 64=0.0%, >=64=0.0%
     issued    : total=r=15593/w=0/d=0, short=r=0/w=0/d=0, drop=r=0/w=0/d=0
     latency   : target=0, window=0, percentile=100.00%, depth=10

Run status group 0 (all jobs):
   READ: io=997952KB, aggrb=16615KB/s, minb=16615KB/s, maxb=16615KB/s, mint=60060msec, maxt=60060msec
