randread-16k: (g=0): rw=randread, bs=16K-16K/16K-16K/16K-16K, ioengine=libaio, iodepth=10
fio-2.2.8
Starting 1 process

randread-16k: (groupid=0, jobs=1): err= 0: pid=30637: Wed Apr  6 21:04:14 2016
  read : io=287152KB, bw=4780.1KB/s, iops=298, runt= 60062msec
    slat (usec): min=6, max=48, avg=10.07, stdev= 2.21
    clat (usec): min=71, max=390836, avg=33451.08, stdev=34312.10
     lat (usec): min=79, max=390844, avg=33461.25, stdev=34312.10
    clat percentiles (msec):
     |  1.00th=[    5],  5.00th=[    6], 10.00th=[    8], 20.00th=[   10],
     | 30.00th=[   13], 40.00th=[   16], 50.00th=[   21], 60.00th=[   28],
     | 70.00th=[   38], 80.00th=[   52], 90.00th=[   77], 95.00th=[  105],
     | 99.00th=[  163], 99.50th=[  192], 99.90th=[  260], 99.95th=[  281],
     | 99.99th=[  375]
    bw (KB  /s): min= 3840, max= 5205, per=100.00%, avg=4787.15, stdev=226.81
    lat (usec) : 100=0.01%, 500=0.45%, 750=0.01%, 1000=0.01%
    lat (msec) : 4=0.19%, 10=19.87%, 20=28.16%, 50=30.55%, 100=15.06%
    lat (msec) : 250=5.59%, 500=0.12%
  cpu          : usr=0.08%, sys=0.34%, ctx=17952, majf=0, minf=71
  IO depths    : 1=0.1%, 2=0.1%, 4=0.1%, 8=100.0%, 16=0.0%, 32=0.0%, >=64=0.0%
     submit    : 0=0.0%, 4=100.0%, 8=0.0%, 16=0.0%, 32=0.0%, 64=0.0%, >=64=0.0%
     complete  : 0=0.0%, 4=100.0%, 8=0.0%, 16=0.1%, 32=0.0%, 64=0.0%, >=64=0.0%
     issued    : total=r=17947/w=0/d=0, short=r=0/w=0/d=0, drop=r=0/w=0/d=0
     latency   : target=0, window=0, percentile=100.00%, depth=10

Run status group 0 (all jobs):
   READ: io=287152KB, aggrb=4780KB/s, minb=4780KB/s, maxb=4780KB/s, mint=60062msec, maxt=60062msec
