randread-32k: (g=0): rw=randread, bs=32K-32K/32K-32K/32K-32K, ioengine=libaio, iodepth=10
fio-2.2.8
Starting 1 process

randread-32k: (groupid=0, jobs=1): err= 0: pid=14426: Wed Apr  6 20:53:07 2016
  read : io=547232KB, bw=9110.6KB/s, iops=284, runt= 60066msec
    slat (usec): min=7, max=53, avg=11.24, stdev= 2.18
    clat (usec): min=329, max=412149, avg=35104.24, stdev=37574.53
     lat (usec): min=339, max=412160, avg=35115.58, stdev=37574.55
    clat percentiles (msec):
     |  1.00th=[    5],  5.00th=[    7], 10.00th=[    8], 20.00th=[   11],
     | 30.00th=[   14], 40.00th=[   17], 50.00th=[   22], 60.00th=[   29],
     | 70.00th=[   38], 80.00th=[   52], 90.00th=[   80], 95.00th=[  109],
     | 99.00th=[  184], 99.50th=[  221], 99.90th=[  318], 99.95th=[  338],
     | 99.99th=[  408]
    bw (KB  /s): min= 4015, max=10517, per=100.00%, avg=9131.92, stdev=778.12
    lat (usec) : 500=0.44%
    lat (msec) : 2=0.01%, 4=0.11%, 10=18.07%, 20=28.10%, 50=32.00%
    lat (msec) : 100=15.24%, 250=5.69%, 500=0.33%
  cpu          : usr=0.06%, sys=0.37%, ctx=17103, majf=0, minf=112
  IO depths    : 1=0.1%, 2=0.1%, 4=0.1%, 8=100.0%, 16=0.0%, 32=0.0%, >=64=0.0%
     submit    : 0=0.0%, 4=100.0%, 8=0.0%, 16=0.0%, 32=0.0%, 64=0.0%, >=64=0.0%
     complete  : 0=0.0%, 4=100.0%, 8=0.0%, 16=0.1%, 32=0.0%, 64=0.0%, >=64=0.0%
     issued    : total=r=17101/w=0/d=0, short=r=0/w=0/d=0, drop=r=0/w=0/d=0
     latency   : target=0, window=0, percentile=100.00%, depth=10

Run status group 0 (all jobs):
   READ: io=547232KB, aggrb=9110KB/s, minb=9110KB/s, maxb=9110KB/s, mint=60066msec, maxt=60066msec
