seqwrite: (g=0): rw=write, bs=1M-1M/1M-1M/1M-1M, ioengine=libaio, iodepth=10
fio-2.2.8
Starting 1 process
seqwrite: Laying out IO file(s) (1 file(s) / 5120MB)

seqwrite: (groupid=0, jobs=1): err= 0: pid=23198: Wed Apr  6 20:36:51 2016
  write: io=5950.0MB, bw=101398KB/s, iops=99, runt= 60088msec
    slat (usec): min=57, max=87024, avg=124.75, stdev=1126.87
    clat (msec): min=2, max=486, avg=100.83, stdev=43.96
     lat (msec): min=2, max=486, avg=100.96, stdev=44.02
    clat percentiles (msec):
     |  1.00th=[   12],  5.00th=[   40], 10.00th=[   52], 20.00th=[   69],
     | 30.00th=[   77], 40.00th=[   85], 50.00th=[   95], 60.00th=[  106],
     | 70.00th=[  119], 80.00th=[  135], 90.00th=[  157], 95.00th=[  176],
     | 99.00th=[  219], 99.50th=[  243], 99.90th=[  416], 99.95th=[  478],
     | 99.99th=[  486]
    bw (KB  /s): min=71859, max=144253, per=100.00%, avg=101400.21, stdev=11624.75
    lat (msec) : 4=0.39%, 10=0.45%, 20=1.14%, 50=6.97%, 100=45.90%
    lat (msec) : 250=44.72%, 500=0.42%
  cpu          : usr=0.26%, sys=0.87%, ctx=8000, majf=0, minf=29
  IO depths    : 1=0.1%, 2=0.1%, 4=0.1%, 8=99.8%, 16=0.0%, 32=0.0%, >=64=0.0%
     submit    : 0=0.0%, 4=100.0%, 8=0.0%, 16=0.0%, 32=0.0%, 64=0.0%, >=64=0.0%
     complete  : 0=0.0%, 4=100.0%, 8=0.0%, 16=0.1%, 32=0.0%, 64=0.0%, >=64=0.0%
     issued    : total=r=0/w=5950/d=0, short=r=0/w=0/d=0, drop=r=0/w=0/d=0
     latency   : target=0, window=0, percentile=100.00%, depth=10

Run status group 0 (all jobs):
  WRITE: io=5950.0MB, aggrb=101397KB/s, minb=101397KB/s, maxb=101397KB/s, mint=60088msec, maxt=60088msec
