randread-1k-4k: (g=0): rw=randread, bs=1K-4K/1K-4K/1K-4K, ioengine=libaio, iodepth=10
seqread: (g=0): rw=read, bs=1M-1M/1M-1M/1M-1M, ioengine=libaio, iodepth=10
seqwrite: (g=0): rw=write, bs=1M-1M/1M-1M/1M-1M, ioengine=libaio, iodepth=10
fio-2.1.3
Starting 3 processes

randread-1k-4k: (groupid=0, jobs=1): err= 0: pid=24240: Fri May 27 17:36:37 2016
  read : io=9446.7MB, bw=161219KB/s, iops=76880, runt= 60001msec
    slat (usec): min=1, max=1777, avg= 4.28, stdev= 6.80
    clat (usec): min=8, max=309729, avg=124.40, stdev=521.78
     lat (usec): min=27, max=309734, avg=128.79, stdev=521.88
    clat percentiles (usec):
     |  1.00th=[   76],  5.00th=[   83], 10.00th=[   87], 20.00th=[   92],
     | 30.00th=[   97], 40.00th=[  102], 50.00th=[  106], 60.00th=[  111],
     | 70.00th=[  117], 80.00th=[  126], 90.00th=[  147], 95.00th=[  179],
     | 99.00th=[  478], 99.50th=[  700], 99.90th=[ 1432], 99.95th=[ 1544],
     | 99.99th=[ 6368]
    bw (KB  /s): min= 5039, max=207946, per=94.08%, avg=161338.78, stdev=35732.71
    lat (usec) : 10=0.01%, 20=0.01%, 50=0.13%, 100=34.19%, 250=62.67%
    lat (usec) : 500=2.07%, 750=0.51%, 1000=0.13%
    lat (msec) : 2=0.28%, 4=0.01%, 10=0.01%, 20=0.01%, 50=0.01%
    lat (msec) : 100=0.01%, 500=0.01%
  cpu          : usr=16.40%, sys=44.25%, ctx=1581343, majf=0, minf=20
  IO depths    : 1=0.1%, 2=0.1%, 4=0.1%, 8=100.0%, 16=0.0%, 32=0.0%, >=64=0.0%
     submit    : 0=0.0%, 4=100.0%, 8=0.0%, 16=0.0%, 32=0.0%, 64=0.0%, >=64=0.0%
     complete  : 0=0.0%, 4=100.0%, 8=0.0%, 16=0.1%, 32=0.0%, 64=0.0%, >=64=0.0%
     issued    : total=r=4612915/w=0/d=0, short=r=0/w=0/d=0
seqread: (groupid=0, jobs=1): err= 0: pid=24241: Fri May 27 17:36:37 2016
  read : io=616448KB, bw=10274KB/s, iops=10, runt= 60002msec
    slat (usec): min=56, max=1141, avg=195.19, stdev=113.99
    clat (usec): min=556, max=309961, avg=1677.49, stdev=13007.89
     lat (usec): min=644, max=310146, avg=1873.22, stdev=13014.72
    clat percentiles (usec):
     |  1.00th=[  564],  5.00th=[  588], 10.00th=[  604], 20.00th=[  620],
     | 30.00th=[  636], 40.00th=[  652], 50.00th=[  684], 60.00th=[  700],
     | 70.00th=[  724], 80.00th=[  764], 90.00th=[  868], 95.00th=[ 2256],
     | 99.00th=[10944], 99.50th=[37120], 99.90th=[309248], 99.95th=[309248],
     | 99.99th=[309248]
    bw (KB  /s): min= 5793, max=13152, per=5.98%, avg=10251.68, stdev=555.08
    lat (usec) : 750=75.58%, 1000=16.45%
    lat (msec) : 2=1.66%, 4=2.99%, 10=2.16%, 20=0.33%, 50=0.66%
    lat (msec) : 500=0.17%
  cpu          : usr=0.01%, sys=0.22%, ctx=1178, majf=0, minf=524
  IO depths    : 1=96.7%, 2=0.7%, 4=1.3%, 8=1.3%, 16=0.0%, 32=0.0%, >=64=0.0%
     submit    : 0=0.0%, 4=100.0%, 8=0.0%, 16=0.0%, 32=0.0%, 64=0.0%, >=64=0.0%
     complete  : 0=0.0%, 4=100.0%, 8=0.0%, 16=0.0%, 32=0.0%, 64=0.0%, >=64=0.0%
     issued    : total=r=602/w=0/d=0, short=r=0/w=0/d=0
seqwrite: (groupid=0, jobs=1): err= 0: pid=24242: Fri May 27 17:36:37 2016
  write: io=616448KB, bw=10274KB/s, iops=10, runt= 60003msec
    slat (usec): min=76, max=1293, avg=230.30, stdev=116.93
    clat (usec): min=374, max=302262, avg=2797.62, stdev=14334.09
     lat (usec): min=775, max=302444, avg=3028.43, stdev=14338.50
    clat percentiles (usec):
     |  1.00th=[  676],  5.00th=[  700], 10.00th=[  732], 20.00th=[  836],
     | 30.00th=[  844], 40.00th=[  852], 50.00th=[  868], 60.00th=[  884],
     | 70.00th=[  900], 80.00th=[  916], 90.00th=[ 1020], 95.00th=[ 6752],
     | 99.00th=[45824], 99.50th=[71168], 99.90th=[301056], 99.95th=[301056],
     | 99.99th=[301056]
    bw (KB  /s): min= 3953, max=13419, per=99.66%, avg=10237.83, stdev=716.01
    lat (usec) : 500=0.33%, 750=9.97%, 1000=78.90%
    lat (msec) : 2=3.16%, 4=1.16%, 10=2.66%, 20=1.00%, 50=1.83%
    lat (msec) : 100=0.83%, 500=0.17%
  cpu          : usr=0.07%, sys=0.21%, ctx=1185, majf=0, minf=10
  IO depths    : 1=96.7%, 2=0.7%, 4=1.3%, 8=1.3%, 16=0.0%, 32=0.0%, >=64=0.0%
     submit    : 0=0.0%, 4=100.0%, 8=0.0%, 16=0.0%, 32=0.0%, 64=0.0%, >=64=0.0%
     complete  : 0=0.0%, 4=100.0%, 8=0.0%, 16=0.0%, 32=0.0%, 64=0.0%, >=64=0.0%
     issued    : total=r=0/w=602/d=0, short=r=0/w=0/d=0

Run status group 0 (all jobs):
   READ: io=10049MB, aggrb=171490KB/s, minb=10273KB/s, maxb=161219KB/s, mint=60001msec, maxt=60002msec
  WRITE: io=616448KB, aggrb=10273KB/s, minb=10273KB/s, maxb=10273KB/s, mint=60003msec, maxt=60003msec

Disk stats (read/write):
  nvme0n1: ios=4614216/5442, merge=0/0, ticks=534264/13324, in_queue=547052, util=99.87%
