randread-32k-64k: (g=0): rw=randread, bs=32K-64K/32K-64K/32K-64K, ioengine=libaio, iodepth=10
seqread: (g=0): rw=read, bs=1M-1M/1M-1M/1M-1M, ioengine=libaio, iodepth=10
seqwrite: (g=0): rw=write, bs=1M-1M/1M-1M/1M-1M, ioengine=libaio, iodepth=10
fio-2.1.3
Starting 3 processes

randread-32k-64k: (groupid=0, jobs=1): err= 0: pid=32307: Fri May 27 18:12:52 2016
  read : io=81708MB, bw=1361.8MB/s, iops=32311, runt= 60001msec
    slat (usec): min=3, max=2448, avg= 9.79, stdev=13.79
    clat (usec): min=12, max=72643, avg=298.21, stdev=346.13
     lat (usec): min=89, max=72655, avg=308.11, stdev=346.57
    clat percentiles (usec):
     |  1.00th=[  145],  5.00th=[  169], 10.00th=[  183], 20.00th=[  205],
     | 30.00th=[  223], 40.00th=[  241], 50.00th=[  262], 60.00th=[  282],
     | 70.00th=[  310], 80.00th=[  354], 90.00th=[  430], 95.00th=[  532],
     | 99.00th=[  860], 99.50th=[ 1064], 99.90th=[ 1672], 99.95th=[ 2192],
     | 99.99th=[10304]
    bw (MB  /s): min=  660, max= 1476, per=97.01%, avg=1359.88, stdev=162.65
    lat (usec) : 20=0.01%, 50=0.01%, 100=0.03%, 250=44.62%, 500=49.31%
    lat (usec) : 750=4.22%, 1000=1.21%
    lat (msec) : 2=0.55%, 4=0.04%, 10=0.01%, 20=0.01%, 100=0.01%
  cpu          : usr=7.28%, sys=39.71%, ctx=1007360, majf=0, minf=169
  IO depths    : 1=0.1%, 2=0.1%, 4=0.1%, 8=100.0%, 16=0.0%, 32=0.0%, >=64=0.0%
     submit    : 0=0.0%, 4=100.0%, 8=0.0%, 16=0.0%, 32=0.0%, 64=0.0%, >=64=0.0%
     complete  : 0=0.0%, 4=100.0%, 8=0.0%, 16=0.1%, 32=0.0%, 64=0.0%, >=64=0.0%
     issued    : total=r=1938725/w=0/d=0, short=r=0/w=0/d=0
seqread: (groupid=0, jobs=1): err= 0: pid=32308: Fri May 27 18:12:52 2016
  read : io=2402.0MB, bw=40993KB/s, iops=40, runt= 60002msec
    slat (usec): min=69, max=980, avg=218.85, stdev=94.14
    clat (usec): min=361, max=70391, avg=924.14, stdev=2614.90
     lat (usec): min=683, max=70713, avg=1143.54, stdev=2626.60
    clat percentiles (usec):
     |  1.00th=[  564],  5.00th=[  588], 10.00th=[  604], 20.00th=[  628],
     | 30.00th=[  644], 40.00th=[  660], 50.00th=[  668], 60.00th=[  692],
     | 70.00th=[  708], 80.00th=[  740], 90.00th=[  820], 95.00th=[ 1224],
     | 99.00th=[ 6432], 99.50th=[ 9920], 99.90th=[68096], 99.95th=[69120],
     | 99.99th=[70144]
    bw (KB  /s): min=35830, max=46362, per=2.86%, avg=41027.95, stdev=791.19
    lat (usec) : 500=0.37%, 750=81.47%, 1000=11.70%
    lat (msec) : 2=3.41%, 4=1.42%, 10=1.12%, 20=0.37%, 100=0.12%
  cpu          : usr=0.07%, sys=0.96%, ctx=4771, majf=0, minf=525
  IO depths    : 1=98.3%, 2=0.3%, 4=0.7%, 8=0.7%, 16=0.0%, 32=0.0%, >=64=0.0%
     submit    : 0=0.0%, 4=100.0%, 8=0.0%, 16=0.0%, 32=0.0%, 64=0.0%, >=64=0.0%
     complete  : 0=0.0%, 4=100.0%, 8=0.0%, 16=0.0%, 32=0.0%, 64=0.0%, >=64=0.0%
     issued    : total=r=2402/w=0/d=0, short=r=0/w=0/d=0
seqwrite: (groupid=0, jobs=1): err= 0: pid=32309: Fri May 27 18:12:52 2016
  write: io=2402.0MB, bw=40992KB/s, iops=40, runt= 60003msec
    slat (usec): min=76, max=4701, avg=263.03, stdev=149.12
    clat (usec): min=628, max=60733, avg=1549.54, stdev=2803.70
     lat (usec): min=851, max=61084, avg=1813.14, stdev=2819.40
    clat percentiles (usec):
     |  1.00th=[  860],  5.00th=[  940], 10.00th=[  996], 20.00th=[ 1048],
     | 30.00th=[ 1096], 40.00th=[ 1128], 50.00th=[ 1160], 60.00th=[ 1208],
     | 70.00th=[ 1240], 80.00th=[ 1288], 90.00th=[ 1384], 95.00th=[ 1608],
     | 99.00th=[16512], 99.50th=[17792], 99.90th=[50432], 99.95th=[59648],
     | 99.99th=[60672]
    bw (KB  /s): min=36502, max=45467, per=100.00%, avg=41026.81, stdev=736.58
    lat (usec) : 750=0.21%, 1000=10.20%
    lat (msec) : 2=85.85%, 4=1.04%, 10=0.96%, 20=1.58%, 50=0.04%
    lat (msec) : 100=0.12%
  cpu          : usr=0.19%, sys=1.02%, ctx=4816, majf=0, minf=9
  IO depths    : 1=98.4%, 2=0.3%, 4=0.7%, 8=0.6%, 16=0.0%, 32=0.0%, >=64=0.0%
     submit    : 0=0.0%, 4=100.0%, 8=0.0%, 16=0.0%, 32=0.0%, 64=0.0%, >=64=0.0%
     complete  : 0=0.0%, 4=100.0%, 8=0.0%, 16=0.0%, 32=0.0%, 64=0.0%, >=64=0.0%
     issued    : total=r=0/w=2402/d=0, short=r=0/w=0/d=0

Run status group 0 (all jobs):
   READ: io=84110MB, aggrb=1401.9MB/s, minb=40992KB/s, maxb=1361.8MB/s, mint=60001msec, maxt=60002msec
  WRITE: io=2402.0MB, aggrb=40992KB/s, minb=40992KB/s, maxb=40992KB/s, mint=60003msec, maxt=60003msec

Disk stats (read/write):
  nvme0n1: ios=1958625/21627, merge=0/0, ticks=570888/20952, in_queue=592520, util=99.95%
