randread-32k-64k: (g=0): rw=randread, bs=32K-64K/32K-64K/32K-64K, ioengine=libaio, iodepth=10
seqread: (g=0): rw=read, bs=1M-1M/1M-1M/1M-1M, ioengine=libaio, iodepth=10
seqwrite: (g=0): rw=write, bs=1M-1M/1M-1M/1M-1M, ioengine=libaio, iodepth=10
fio-2.1.3
Starting 3 processes

randread-32k-64k: (groupid=0, jobs=1): err= 0: pid=32085: Fri May 27 18:11:52 2016
  read : io=76725MB, bw=1278.8MB/s, iops=30345, runt= 60001msec
    slat (usec): min=3, max=12108, avg=10.75, stdev=16.31
    clat (usec): min=1, max=318561, avg=317.05, stdev=950.38
     lat (usec): min=91, max=318572, avg=327.92, stdev=950.74
    clat percentiles (usec):
     |  1.00th=[  145],  5.00th=[  167], 10.00th=[  183], 20.00th=[  205],
     | 30.00th=[  223], 40.00th=[  241], 50.00th=[  262], 60.00th=[  282],
     | 70.00th=[  314], 80.00th=[  358], 90.00th=[  450], 95.00th=[  596],
     | 99.00th=[ 1208], 99.50th=[ 1528], 99.90th=[ 2224], 99.95th=[ 3088],
     | 99.99th=[19584]
    bw (MB  /s): min=  109, max= 1463, per=98.66%, avg=1281.37, stdev=264.36
    lat (usec) : 2=0.01%, 20=0.01%, 50=0.01%, 100=0.04%, 250=44.84%
    lat (usec) : 500=47.54%, 750=4.50%, 1000=1.52%
    lat (msec) : 2=1.42%, 4=0.09%, 10=0.01%, 20=0.02%, 50=0.01%
    lat (msec) : 100=0.01%, 250=0.01%, 500=0.01%
  cpu          : usr=8.34%, sys=39.91%, ctx=877672, majf=0, minf=168
  IO depths    : 1=0.1%, 2=0.1%, 4=0.1%, 8=100.0%, 16=0.0%, 32=0.0%, >=64=0.0%
     submit    : 0=0.0%, 4=100.0%, 8=0.0%, 16=0.0%, 32=0.0%, 64=0.0%, >=64=0.0%
     complete  : 0=0.0%, 4=100.0%, 8=0.0%, 16=0.1%, 32=0.0%, 64=0.0%, >=64=0.0%
     issued    : total=r=1820758/w=0/d=0, short=r=0/w=0/d=0
seqread: (groupid=0, jobs=1): err= 0: pid=32086: Fri May 27 18:11:52 2016
  read : io=1202.0MB, bw=20513KB/s, iops=20, runt= 60002msec
    slat (usec): min=71, max=266799, avg=453.56, stdev=7689.53
    clat (usec): min=341, max=319410, avg=2823.35, stdev=19192.10
     lat (usec): min=645, max=322566, avg=3277.29, stdev=21234.94
    clat percentiles (usec):
     |  1.00th=[  556],  5.00th=[  588], 10.00th=[  604], 20.00th=[  628],
     | 30.00th=[  644], 40.00th=[  660], 50.00th=[  684], 60.00th=[  708],
     | 70.00th=[  748], 80.00th=[  876], 90.00th=[ 1832], 95.00th=[ 4192],
     | 99.00th=[48384], 99.50th=[61696], 99.90th=[317440], 99.95th=[317440],
     | 99.99th=[317440]
    bw (KB  /s): min= 6815, max=36864, per=1.55%, avg=20557.80, stdev=2077.31
    lat (usec) : 500=0.17%, 750=70.63%, 1000=12.48%
    lat (msec) : 2=7.49%, 4=4.16%, 10=3.00%, 20=0.17%, 50=1.00%
    lat (msec) : 100=0.58%, 500=0.33%
  cpu          : usr=0.03%, sys=0.50%, ctx=2379, majf=0, minf=525
  IO depths    : 1=97.9%, 2=0.3%, 4=0.7%, 8=1.1%, 16=0.0%, 32=0.0%, >=64=0.0%
     submit    : 0=0.0%, 4=100.0%, 8=0.0%, 16=0.0%, 32=0.0%, 64=0.0%, >=64=0.0%
     complete  : 0=0.0%, 4=100.0%, 8=0.0%, 16=0.0%, 32=0.0%, 64=0.0%, >=64=0.0%
     issued    : total=r=1202/w=0/d=0, short=r=0/w=0/d=0
seqwrite: (groupid=0, jobs=1): err= 0: pid=32087: Fri May 27 18:11:52 2016
  write: io=1202.0MB, bw=20513KB/s, iops=20, runt= 60003msec
    slat (usec): min=71, max=2885, avg=273.03, stdev=140.83
    clat (usec): min=711, max=322358, avg=4734.43, stdev=27658.53
     lat (usec): min=936, max=322758, avg=5007.88, stdev=27669.10
    clat percentiles (usec):
     |  1.00th=[  836],  5.00th=[  900], 10.00th=[  956], 20.00th=[ 1064],
     | 30.00th=[ 1096], 40.00th=[ 1144], 50.00th=[ 1224], 60.00th=[ 1288],
     | 70.00th=[ 1352], 80.00th=[ 1432], 90.00th=[ 1624], 95.00th=[ 6368],
     | 99.00th=[73216], 99.50th=[284672], 99.90th=[317440], 99.95th=[321536],
     | 99.99th=[321536]
    bw (KB  /s): min=11577, max=33736, per=100.00%, avg=20574.89, stdev=1580.94
    lat (usec) : 750=0.17%, 1000=12.23%
    lat (msec) : 2=79.95%, 4=2.16%, 10=1.25%, 20=1.50%, 50=1.33%
    lat (msec) : 100=0.58%, 500=0.83%
  cpu          : usr=0.13%, sys=0.49%, ctx=2387, majf=0, minf=10
  IO depths    : 1=98.0%, 2=0.3%, 4=0.7%, 8=1.0%, 16=0.0%, 32=0.0%, >=64=0.0%
     submit    : 0=0.0%, 4=100.0%, 8=0.0%, 16=0.0%, 32=0.0%, 64=0.0%, >=64=0.0%
     complete  : 0=0.0%, 4=100.0%, 8=0.0%, 16=0.0%, 32=0.0%, 64=0.0%, >=64=0.0%
     issued    : total=r=0/w=1202/d=0, short=r=0/w=0/d=0

Run status group 0 (all jobs):
   READ: io=77927MB, aggrb=1298.8MB/s, minb=20513KB/s, maxb=1278.8MB/s, mint=60001msec, maxt=60002msec
  WRITE: io=1202.0MB, aggrb=20513KB/s, minb=20513KB/s, maxb=20513KB/s, mint=60003msec, maxt=60003msec

Disk stats (read/write):
  nvme0n1: ios=1829794/10833, merge=0/0, ticks=578684/45240, in_queue=624712, util=100.00%
