randread-1k-4k: (g=0): rw=randread, bs=1K-4K/1K-4K/1K-4K, ioengine=libaio, iodepth=10
seqread: (g=0): rw=read, bs=1M-1M/1M-1M/1M-1M, ioengine=libaio, iodepth=10
seqwrite: (g=0): rw=write, bs=1M-1M/1M-1M/1M-1M, ioengine=libaio, iodepth=10
fio-2.1.3
Starting 3 processes

randread-1k-4k: (groupid=0, jobs=1): err= 0: pid=30505: Fri May 27 18:04:49 2016
  read : io=5099.1MB, bw=87038KB/s, iops=42008, runt= 60001msec
    slat (usec): min=1, max=3946, avg= 7.05, stdev=14.76
    clat (usec): min=18, max=271821, avg=228.69, stdev=726.41
     lat (usec): min=22, max=271825, avg=235.90, stdev=726.82
    clat percentiles (usec):
     |  1.00th=[   84],  5.00th=[  103], 10.00th=[  116], 20.00th=[  137],
     | 30.00th=[  155], 40.00th=[  169], 50.00th=[  183], 60.00th=[  195],
     | 70.00th=[  207], 80.00th=[  221], 90.00th=[  322], 95.00th=[  540],
     | 99.00th=[ 1320], 99.50th=[ 1448], 99.90th=[ 2256], 99.95th=[ 3152],
     | 99.99th=[13504]
    bw (KB  /s): min= 8088, max=129252, per=68.01%, avg=87071.82, stdev=23675.17
    lat (usec) : 20=0.01%, 50=0.05%, 100=3.99%, 250=83.19%, 500=7.30%
    lat (usec) : 750=2.95%, 1000=0.91%
    lat (msec) : 2=1.48%, 4=0.08%, 10=0.02%, 20=0.02%, 50=0.01%
    lat (msec) : 100=0.01%, 500=0.01%
  cpu          : usr=16.08%, sys=39.70%, ctx=382301, majf=0, minf=19
  IO depths    : 1=0.1%, 2=0.1%, 4=0.1%, 8=100.0%, 16=0.0%, 32=0.0%, >=64=0.0%
     submit    : 0=0.0%, 4=100.0%, 8=0.0%, 16=0.0%, 32=0.0%, 64=0.0%, >=64=0.0%
     complete  : 0=0.0%, 4=100.0%, 8=0.0%, 16=0.1%, 32=0.0%, 64=0.0%, >=64=0.0%
     issued    : total=r=2520547/w=0/d=0, short=r=0/w=0/d=0
seqread: (groupid=0, jobs=1): err= 0: pid=30506: Fri May 27 18:04:49 2016
  read : io=2402.0MB, bw=40991KB/s, iops=40, runt= 60004msec
    slat (usec): min=59, max=1276, avg=283.09, stdev=84.45
    clat (usec): min=354, max=274208, avg=2585.69, stdev=17223.37
     lat (usec): min=681, max=274433, avg=2869.18, stdev=17235.51
    clat percentiles (usec):
     |  1.00th=[  564],  5.00th=[  580], 10.00th=[  588], 20.00th=[  604],
     | 30.00th=[  620], 40.00th=[  628], 50.00th=[  636], 60.00th=[  652],
     | 70.00th=[  684], 80.00th=[  772], 90.00th=[ 2256], 95.00th=[ 3536],
     | 99.00th=[28544], 99.50th=[68096], 99.90th=[264192], 99.95th=[268288],
     | 99.99th=[272384]
    bw (KB  /s): min=26517, max=55244, per=32.04%, avg=41023.90, stdev=2188.00
    lat (usec) : 500=0.08%, 750=79.18%, 1000=2.96%
    lat (msec) : 2=6.33%, 4=7.08%, 10=1.67%, 20=0.96%, 50=1.08%
    lat (msec) : 100=0.25%, 250=0.04%, 500=0.37%
  cpu          : usr=0.06%, sys=1.25%, ctx=4704, majf=0, minf=525
  IO depths    : 1=96.2%, 2=0.7%, 4=1.3%, 8=1.8%, 16=0.0%, 32=0.0%, >=64=0.0%
     submit    : 0=0.0%, 4=100.0%, 8=0.0%, 16=0.0%, 32=0.0%, 64=0.0%, >=64=0.0%
     complete  : 0=0.0%, 4=100.0%, 8=0.0%, 16=0.0%, 32=0.0%, 64=0.0%, >=64=0.0%
     issued    : total=r=2402/w=0/d=0, short=r=0/w=0/d=0
seqwrite: (groupid=0, jobs=1): err= 0: pid=30507: Fri May 27 18:04:49 2016
  write: io=2402.0MB, bw=40992KB/s, iops=40, runt= 60003msec
    slat (usec): min=71, max=1209, avg=341.02, stdev=91.18
    clat (usec): min=434, max=279057, avg=3157.99, stdev=17708.61
     lat (usec): min=751, max=279359, avg=3499.38, stdev=17717.18
    clat percentiles (usec):
     |  1.00th=[  636],  5.00th=[  700], 10.00th=[  780], 20.00th=[  812],
     | 30.00th=[  828], 40.00th=[  844], 50.00th=[  860], 60.00th=[  876],
     | 70.00th=[  932], 80.00th=[ 1096], 90.00th=[ 1512], 95.00th=[12224],
     | 99.00th=[29568], 99.50th=[59648], 99.90th=[276480], 99.95th=[276480],
     | 99.99th=[280576]
    bw (KB  /s): min=20231, max=67212, per=100.00%, avg=41082.70, stdev=3335.27
    lat (usec) : 500=0.08%, 750=7.74%, 1000=66.74%
    lat (msec) : 2=17.19%, 4=1.12%, 10=1.25%, 20=3.50%, 50=1.71%
    lat (msec) : 100=0.25%, 500=0.42%
  cpu          : usr=0.25%, sys=1.28%, ctx=4711, majf=0, minf=11
  IO depths    : 1=96.2%, 2=0.7%, 4=1.3%, 8=1.8%, 16=0.0%, 32=0.0%, >=64=0.0%
     submit    : 0=0.0%, 4=100.0%, 8=0.0%, 16=0.0%, 32=0.0%, 64=0.0%, >=64=0.0%
     complete  : 0=0.0%, 4=100.0%, 8=0.0%, 16=0.0%, 32=0.0%, 64=0.0%, >=64=0.0%
     issued    : total=r=0/w=2402/d=0, short=r=0/w=0/d=0

Run status group 0 (all jobs):
   READ: io=7501.1MB, aggrb=128025KB/s, minb=40991KB/s, maxb=87038KB/s, mint=60001msec, maxt=60004msec
  WRITE: io=2402.0MB, aggrb=40992KB/s, minb=40992KB/s, maxb=40992KB/s, mint=60003msec, maxt=60003msec

Disk stats (read/write):
  nvme0n1: ios=2539758/21627, merge=0/0, ticks=461336/60356, in_queue=522236, util=94.81%
