randread-8k-16k: (g=0): rw=randread, bs=8K-16K/8K-16K/8K-16K, ioengine=libaio, iodepth=10
seqread: (g=0): rw=read, bs=1M-1M/1M-1M/1M-1M, ioengine=libaio, iodepth=10
seqwrite: (g=0): rw=write, bs=1M-1M/1M-1M/1M-1M, ioengine=libaio, iodepth=10
fio-2.1.3
Starting 3 processes

randread-8k-16k: (groupid=0, jobs=1): err= 0: pid=31858: Fri May 27 18:10:51 2016
  read : io=24894MB, bw=424856KB/s, iops=39301, runt= 60001msec
    slat (usec): min=2, max=5393, avg= 8.32, stdev=24.98
    clat (usec): min=8, max=148289, avg=244.36, stdev=948.08
     lat (usec): min=32, max=148339, avg=252.82, stdev=949.16
    clat percentiles (usec):
     |  1.00th=[   97],  5.00th=[  107], 10.00th=[  114], 20.00th=[  124],
     | 30.00th=[  133], 40.00th=[  145], 50.00th=[  157], 60.00th=[  175],
     | 70.00th=[  203], 80.00th=[  286], 90.00th=[  410], 95.00th=[  612],
     | 99.00th=[ 1224], 99.50th=[ 1432], 99.90th=[ 2832], 99.95th=[10304],
     | 99.99th=[47872]
    bw (KB  /s): min= 1056, max=541872, per=72.17%, avg=424859.42, stdev=100678.53
    lat (usec) : 10=0.01%, 20=0.01%, 50=0.01%, 100=1.59%, 250=75.68%
    lat (usec) : 500=15.62%, 750=4.50%, 1000=1.02%
    lat (msec) : 2=1.40%, 4=0.09%, 10=0.03%, 20=0.04%, 50=0.01%
    lat (msec) : 100=0.01%, 250=0.01%
  cpu          : usr=10.31%, sys=40.54%, ctx=727883, majf=0, minf=51
  IO depths    : 1=0.1%, 2=0.1%, 4=0.1%, 8=100.0%, 16=0.0%, 32=0.0%, >=64=0.0%
     submit    : 0=0.0%, 4=100.0%, 8=0.0%, 16=0.0%, 32=0.0%, 64=0.0%, >=64=0.0%
     complete  : 0=0.0%, 4=100.0%, 8=0.0%, 16=0.1%, 32=0.0%, 64=0.0%, >=64=0.0%
     issued    : total=r=2358156/w=0/d=0, short=r=0/w=0/d=0
seqread: (groupid=0, jobs=1): err= 0: pid=31859: Fri May 27 18:10:51 2016
  read : io=9604.0MB, bw=163897KB/s, iops=160, runt= 60004msec
    slat (usec): min=72, max=1218, avg=293.92, stdev=98.18
    clat (usec): min=149, max=157147, avg=3726.17, stdev=14521.81
     lat (usec): min=688, max=157347, avg=4020.85, stdev=14529.01
    clat percentiles (usec):
     |  1.00th=[  588],  5.00th=[  612], 10.00th=[  628], 20.00th=[  652],
     | 30.00th=[  668], 40.00th=[  684], 50.00th=[  708], 60.00th=[  740],
     | 70.00th=[  812], 80.00th=[ 1160], 90.00th=[ 2832], 95.00th=[14784],
     | 99.00th=[90624], 99.50th=[109056], 99.90th=[150528], 99.95th=[154624],
     | 99.99th=[156672]
    bw (KB  /s): min=75557, max=314135, per=27.87%, avg=164061.08, stdev=18021.94
    lat (usec) : 250=0.01%, 500=0.21%, 750=62.51%, 1000=13.74%
    lat (msec) : 2=9.88%, 4=5.17%, 10=2.33%, 20=3.27%, 50=0.59%
    lat (msec) : 100=1.55%, 250=0.73%
  cpu          : usr=0.27%, sys=5.29%, ctx=18352, majf=0, minf=527
  IO depths    : 1=88.8%, 2=1.4%, 4=2.8%, 8=6.9%, 16=0.0%, 32=0.0%, >=64=0.0%
     submit    : 0=0.0%, 4=100.0%, 8=0.0%, 16=0.0%, 32=0.0%, 64=0.0%, >=64=0.0%
     complete  : 0=0.0%, 4=100.0%, 8=0.0%, 16=0.0%, 32=0.0%, 64=0.0%, >=64=0.0%
     issued    : total=r=9604/w=0/d=0, short=r=0/w=0/d=0
seqwrite: (groupid=0, jobs=1): err= 0: pid=31860: Fri May 27 18:10:51 2016
  write: io=9602.0MB, bw=163893KB/s, iops=160, runt= 59993msec
    slat (usec): min=86, max=3908, avg=339.27, stdev=111.49
    clat (usec): min=180, max=155136, avg=4010.60, stdev=14699.09
     lat (usec): min=859, max=155571, avg=4350.62, stdev=14709.90
    clat percentiles (usec):
     |  1.00th=[  708],  5.00th=[  756], 10.00th=[  788], 20.00th=[  820],
     | 30.00th=[  844], 40.00th=[  868], 50.00th=[  892], 60.00th=[  916],
     | 70.00th=[  948], 80.00th=[ 1032], 90.00th=[ 4512], 95.00th=[16512],
     | 99.00th=[94720], 99.50th=[109056], 99.90th=[146432], 99.95th=[152576],
     | 99.99th=[154624]
    bw (KB  /s): min=79533, max=306586, per=100.00%, avg=164058.50, stdev=17338.21
    lat (usec) : 250=0.01%, 500=0.10%, 750=3.58%, 1000=74.27%
    lat (msec) : 2=9.76%, 4=1.62%, 10=4.05%, 20=3.77%, 50=0.53%
    lat (msec) : 100=1.44%, 250=0.86%
  cpu          : usr=1.06%, sys=5.15%, ctx=18611, majf=0, minf=11
  IO depths    : 1=89.6%, 2=1.1%, 4=2.2%, 8=7.0%, 16=0.0%, 32=0.0%, >=64=0.0%
     submit    : 0=0.0%, 4=100.0%, 8=0.0%, 16=0.0%, 32=0.0%, 64=0.0%, >=64=0.0%
     complete  : 0=0.0%, 4=100.0%, 8=0.0%, 16=0.0%, 32=0.0%, 64=0.0%, >=64=0.0%
     issued    : total=r=0/w=9602/d=0, short=r=0/w=0/d=0

Run status group 0 (all jobs):
   READ: io=34498MB, aggrb=588732KB/s, minb=163897KB/s, maxb=424855KB/s, mint=60001msec, maxt=60004msec
  WRITE: io=9602.0MB, aggrb=163893KB/s, minb=163893KB/s, maxb=163893KB/s, mint=59993msec, maxt=59993msec

Disk stats (read/write):
  nvme0n1: ios=2442526/86382, merge=0/0, ticks=805140/304748, in_queue=1110680, util=99.94%
