randread-512k-1m: (g=0): rw=randread, bs=512K-1M/512K-1M/512K-1M, ioengine=libaio, iodepth=10
seqread: (g=0): rw=read, bs=1M-1M/1M-1M/1M-1M, ioengine=libaio, iodepth=10
seqwrite: (g=0): rw=write, bs=1M-1M/1M-1M/1M-1M, ioengine=libaio, iodepth=10
fio-2.1.3
Starting 3 processes

randread-512k-1m: (groupid=0, jobs=1): err= 0: pid=1908: Fri May 27 18:21:56 2016
  read : io=86300MB, bw=1438.3MB/s, iops=2133, runt= 60004msec
    slat (usec): min=33, max=31852, avg=178.54, stdev=223.89
    clat (msec): min=1, max=240, avg= 4.50, stdev= 5.39
     lat (msec): min=1, max=240, avg= 4.68, stdev= 5.43
    clat percentiles (msec):
     |  1.00th=[    3],  5.00th=[    3], 10.00th=[    4], 20.00th=[    4],
     | 30.00th=[    4], 40.00th=[    4], 50.00th=[    4], 60.00th=[    5],
     | 70.00th=[    5], 80.00th=[    5], 90.00th=[    6], 95.00th=[    6],
     | 99.00th=[   14], 99.50th=[   19], 99.90th=[  105], 99.95th=[  122],
     | 99.99th=[  151]
    bw (MB  /s): min=   62, max= 1694, per=91.92%, avg=1432.28, stdev=336.72
    lat (msec) : 2=0.09%, 4=50.26%, 10=47.93%, 20=1.28%, 50=0.17%
    lat (msec) : 100=0.15%, 250=0.12%
  cpu          : usr=0.75%, sys=37.31%, ctx=109151, majf=0, minf=527
  IO depths    : 1=0.1%, 2=0.1%, 4=0.1%, 8=99.9%, 16=0.0%, 32=0.0%, >=64=0.0%
     submit    : 0=0.0%, 4=100.0%, 8=0.0%, 16=0.0%, 32=0.0%, 64=0.0%, >=64=0.0%
     complete  : 0=0.0%, 4=100.0%, 8=0.0%, 16=0.1%, 32=0.0%, 64=0.0%, >=64=0.0%
     issued    : total=r=128006/w=0/d=0, short=r=0/w=0/d=0
seqread: (groupid=0, jobs=1): err= 0: pid=1909: Fri May 27 18:21:56 2016
  read : io=7203.0MB, bw=122919KB/s, iops=120, runt= 60006msec
    slat (usec): min=83, max=66890, avg=366.60, stdev=1598.04
    clat (usec): min=584, max=196857, avg=9669.78, stdev=21203.52
     lat (usec): min=768, max=198586, avg=10036.98, stdev=21384.96
    clat percentiles (msec):
     |  1.00th=[    3],  5.00th=[    3], 10.00th=[    4], 20.00th=[    4],
     | 30.00th=[    4], 40.00th=[    4], 50.00th=[    5], 60.00th=[    5],
     | 70.00th=[    5], 80.00th=[    6], 90.00th=[   15], 95.00th=[   26],
     | 99.00th=[  125], 99.50th=[  141], 99.90th=[  186], 99.95th=[  192],
     | 99.99th=[  198]
    bw (KB  /s): min=79872, max=278528, per=7.71%, avg=123086.43, stdev=16540.61
    lat (usec) : 750=0.06%, 1000=0.03%
    lat (msec) : 2=0.06%, 4=47.45%, 10=38.46%, 20=7.32%, 50=2.21%
    lat (msec) : 100=2.40%, 250=2.03%
  cpu          : usr=0.17%, sys=3.87%, ctx=13357, majf=0, minf=525
  IO depths    : 1=81.5%, 2=2.4%, 4=4.8%, 8=11.2%, 16=0.0%, 32=0.0%, >=64=0.0%
     submit    : 0=0.0%, 4=100.0%, 8=0.0%, 16=0.0%, 32=0.0%, 64=0.0%, >=64=0.0%
     complete  : 0=0.0%, 4=100.0%, 8=0.0%, 16=0.0%, 32=0.0%, 64=0.0%, >=64=0.0%
     issued    : total=r=7203/w=0/d=0, short=r=0/w=0/d=0
seqwrite: (groupid=0, jobs=1): err= 0: pid=1910: Fri May 27 18:21:56 2016
  write: io=7202.0MB, bw=122918KB/s, iops=120, runt= 59998msec
    slat (usec): min=100, max=118243, avg=430.48, stdev=2033.49
    clat (usec): min=911, max=195936, avg=10346.11, stdev=20544.96
     lat (msec): min=1, max=196, avg=10.78, stdev=20.76
    clat percentiles (msec):
     |  1.00th=[    4],  5.00th=[    4], 10.00th=[    5], 20.00th=[    5],
     | 30.00th=[    5], 40.00th=[    5], 50.00th=[    5], 60.00th=[    6],
     | 70.00th=[    6], 80.00th=[    7], 90.00th=[   14], 95.00th=[   29],
     | 99.00th=[  118], 99.50th=[  137], 99.90th=[  161], 99.95th=[  172],
     | 99.99th=[  196]
    bw (KB  /s): min=88470, max=210944, per=100.00%, avg=123058.83, stdev=10717.44
    lat (usec) : 1000=0.01%
    lat (msec) : 2=0.03%, 4=7.98%, 10=78.13%, 20=7.00%, 50=2.24%
    lat (msec) : 100=2.76%, 250=1.85%
  cpu          : usr=0.79%, sys=3.97%, ctx=13398, majf=0, minf=10
  IO depths    : 1=81.6%, 2=2.4%, 4=4.8%, 8=11.1%, 16=0.0%, 32=0.0%, >=64=0.0%
     submit    : 0=0.0%, 4=100.0%, 8=0.0%, 16=0.0%, 32=0.0%, 64=0.0%, >=64=0.0%
     complete  : 0=0.0%, 4=100.0%, 8=0.0%, 16=0.0%, 32=0.0%, 64=0.0%, >=64=0.0%
     issued    : total=r=0/w=7202/d=0, short=r=0/w=0/d=0

Run status group 0 (all jobs):
   READ: io=93503MB, aggrb=1558.3MB/s, minb=122918KB/s, maxb=1438.3MB/s, mint=60004msec, maxt=60006msec
  WRITE: io=7202.0MB, aggrb=122918KB/s, minb=122918KB/s, maxb=122918KB/s, mint=59998msec, maxt=59998msec

Disk stats (read/write):
  nvme0n1: ios=882338/64782, merge=0/0, ticks=4221392/603960, in_queue=4829984, util=99.95%
