randread-8k: (g=0): rw=randread, bs=8K-8K/8K-8K/8K-8K, ioengine=libaio, iodepth=10
fio-2.1.3
Starting 1 process

randread-8k: (groupid=0, jobs=1): err= 0: pid=23572: Fri May 27 17:33:36 2016
  read : io=22290MB, bw=380409KB/s, iops=47551, runt= 60001msec
    slat (usec): min=1, max=634, avg= 7.32, stdev=10.59
    clat (usec): min=17, max=4163, avg=200.77, stdev=48.67
     lat (usec): min=48, max=4181, avg=208.26, stdev=48.66
    clat percentiles (usec):
     |  1.00th=[   97],  5.00th=[  119], 10.00th=[  143], 20.00th=[  171],
     | 30.00th=[  187], 40.00th=[  197], 50.00th=[  205], 60.00th=[  213],
     | 70.00th=[  219], 80.00th=[  227], 90.00th=[  239], 95.00th=[  251],
     | 99.00th=[  398], 99.50th=[  466], 99.90th=[  532], 99.95th=[  604],
     | 99.99th=[  684]
    bw (KB  /s): min=359520, max=502944, per=99.95%, avg=380221.42, stdev=24264.30
    lat (usec) : 20=0.01%, 50=0.01%, 100=1.26%, 250=93.22%, 500=5.31%
    lat (usec) : 750=0.20%, 1000=0.01%
    lat (msec) : 4=0.01%, 10=0.01%
  cpu          : usr=17.89%, sys=48.58%, ctx=365245, majf=0, minf=28
  IO depths    : 1=0.1%, 2=0.1%, 4=0.1%, 8=100.0%, 16=0.0%, 32=0.0%, >=64=0.0%
     submit    : 0=0.0%, 4=100.0%, 8=0.0%, 16=0.0%, 32=0.0%, 64=0.0%, >=64=0.0%
     complete  : 0=0.0%, 4=100.0%, 8=0.0%, 16=0.1%, 32=0.0%, 64=0.0%, >=64=0.0%
     issued    : total=r=2853117/w=0/d=0, short=r=0/w=0/d=0

Run status group 0 (all jobs):
   READ: io=22290MB, aggrb=380409KB/s, minb=380409KB/s, maxb=380409KB/s, mint=60001msec, maxt=60001msec

Disk stats (read/write):
  nvme0n1: ios=2850869/0, merge=0/0, ticks=347128/0, in_queue=346688, util=94.28%
