randread-1k-4k: (g=0): rw=randread, bs=1K-4K/1K-4K/1K-4K, ioengine=libaio, iodepth=10
seqread: (g=0): rw=read, bs=1M-1M/1M-1M/1M-1M, ioengine=libaio, iodepth=10
seqwrite: (g=0): rw=write, bs=1M-1M/1M-1M/1M-1M, ioengine=libaio, iodepth=10
fio-2.2.8
Starting 3 processes

randread-1k-4k: (groupid=0, jobs=1): err= 0: pid=17515: Wed Apr  6 21:17:22 2016
  read : io=7625.0KB, bw=130124B/s, iops=72, runt= 60004msec
    slat (usec): min=0, max=1206.5K, avg=13730.14, stdev=43289.72
    clat (usec): min=2, max=1812.2K, avg=123532.62, stdev=122065.94
     lat (msec): min=5, max=1816, avg=137.26, stdev=127.40
    clat percentiles (msec):
     |  1.00th=[   21],  5.00th=[   32], 10.00th=[   37], 20.00th=[   44],
     | 30.00th=[   51], 40.00th=[   60], 50.00th=[   74], 60.00th=[  106],
     | 70.00th=[  155], 80.00th=[  212], 90.00th=[  265], 95.00th=[  302],
     | 99.00th=[  371], 99.50th=[  676], 99.90th=[ 1287], 99.95th=[ 1778],
     | 99.99th=[ 1811]
    bw (KB  /s): min=    2, max=  318, per=0.37%, avg=130.19, stdev=49.66
    lat (usec) : 4=0.02%
    lat (msec) : 10=0.07%, 20=0.71%, 50=27.83%, 100=29.98%, 250=28.70%
    lat (msec) : 500=11.88%, 750=0.39%, 2000=0.41%
  cpu          : usr=0.01%, sys=0.11%, ctx=3171, majf=0, minf=42
  IO depths    : 1=0.1%, 2=0.1%, 4=0.1%, 8=99.8%, 16=0.0%, 32=0.0%, >=64=0.0%
     submit    : 0=0.0%, 4=100.0%, 8=0.0%, 16=0.0%, 32=0.0%, 64=0.0%, >=64=0.0%
     complete  : 0=0.0%, 4=100.0%, 8=0.0%, 16=0.1%, 32=0.0%, 64=0.0%, >=64=0.0%
     issued    : total=r=4369/w=0/d=0, short=r=0/w=0/d=0, drop=r=0/w=0/d=0
     latency   : target=0, window=0, percentile=100.00%, depth=10
seqread: (groupid=0, jobs=1): err= 0: pid=17516: Wed Apr  6 21:17:22 2016
  read : io=2082.0MB, bw=35421KB/s, iops=34, runt= 60189msec
    slat (usec): min=134, max=1200.7K, avg=1387.49, stdev=31233.56
    clat (msec): min=1, max=1648, avg=286.99, stdev=203.61
     lat (msec): min=9, max=1649, avg=288.38, stdev=204.53
    clat percentiles (msec):
     |  1.00th=[   11],  5.00th=[   22], 10.00th=[   37], 20.00th=[   77],
     | 30.00th=[  169], 40.00th=[  247], 50.00th=[  289], 60.00th=[  330],
     | 70.00th=[  371], 80.00th=[  429], 90.00th=[  519], 95.00th=[  619],
     | 99.00th=[  906], 99.50th=[ 1156], 99.90th=[ 1598], 99.95th=[ 1631],
     | 99.99th=[ 1647]
    bw (KB  /s): min=  853, max=140469, per=100.00%, avg=36685.18, stdev=19070.91
    lat (msec) : 2=0.05%, 4=0.05%, 10=0.48%, 20=3.36%, 50=9.61%
    lat (msec) : 100=12.34%, 250=14.31%, 500=48.51%, 750=9.51%, 1000=0.86%
    lat (msec) : 2000=0.91%
  cpu          : usr=0.00%, sys=0.65%, ctx=2105, majf=0, minf=547
  IO depths    : 1=0.1%, 2=0.1%, 4=0.2%, 8=99.7%, 16=0.0%, 32=0.0%, >=64=0.0%
     submit    : 0=0.0%, 4=100.0%, 8=0.0%, 16=0.0%, 32=0.0%, 64=0.0%, >=64=0.0%
     complete  : 0=0.0%, 4=100.0%, 8=0.0%, 16=0.1%, 32=0.0%, 64=0.0%, >=64=0.0%
     issued    : total=r=2082/w=0/d=0, short=r=0/w=0/d=0, drop=r=0/w=0/d=0
     latency   : target=0, window=0, percentile=100.00%, depth=10
seqwrite: (groupid=0, jobs=1): err= 0: pid=17517: Wed Apr  6 21:17:22 2016
  write: io=3365.0MB, bw=57341KB/s, iops=55, runt= 60092msec
    slat (usec): min=67, max=89346, avg=163.34, stdev=1908.99
    clat (msec): min=2, max=1208, avg=178.38, stdev=105.40
     lat (msec): min=2, max=1208, avg=178.54, stdev=105.40
    clat percentiles (msec):
     |  1.00th=[   33],  5.00th=[   63], 10.00th=[   79], 20.00th=[  102],
     | 30.00th=[  122], 40.00th=[  141], 50.00th=[  161], 60.00th=[  184],
     | 70.00th=[  208], 80.00th=[  235], 90.00th=[  293], 95.00th=[  347],
     | 99.00th=[  523], 99.50th=[  709], 99.90th=[ 1090], 99.95th=[ 1106],
     | 99.99th=[ 1205]
    bw (KB  /s): min= 5616, max=90112, per=100.00%, avg=57963.80, stdev=14058.52
    lat (msec) : 4=0.15%, 10=0.09%, 20=0.30%, 50=1.99%, 100=16.67%
    lat (msec) : 250=64.73%, 500=14.89%, 750=0.71%, 1000=0.21%, 2000=0.27%
  cpu          : usr=0.19%, sys=0.50%, ctx=3686, majf=0, minf=28
  IO depths    : 1=0.1%, 2=0.1%, 4=0.1%, 8=99.8%, 16=0.0%, 32=0.0%, >=64=0.0%
     submit    : 0=0.0%, 4=100.0%, 8=0.0%, 16=0.0%, 32=0.0%, 64=0.0%, >=64=0.0%
     complete  : 0=0.0%, 4=100.0%, 8=0.0%, 16=0.1%, 32=0.0%, 64=0.0%, >=64=0.0%
     issued    : total=r=0/w=3365/d=0, short=r=0/w=0/d=0, drop=r=0/w=0/d=0
     latency   : target=0, window=0, percentile=100.00%, depth=10

Run status group 0 (all jobs):
   READ: io=2089.5MB, aggrb=35547KB/s, minb=127KB/s, maxb=35421KB/s, mint=60004msec, maxt=60189msec
  WRITE: io=3365.0MB, aggrb=57341KB/s, minb=57341KB/s, maxb=57341KB/s, mint=60092msec, maxt=60092msec
