randread-512k-1m: (g=0): rw=randread, bs=512K-1M/512K-1M/512K-1M, ioengine=libaio, iodepth=10
seqread: (g=0): rw=read, bs=1M-1M/1M-1M/1M-1M, ioengine=libaio, iodepth=10
seqwrite: (g=0): rw=write, bs=1M-1M/1M-1M/1M-1M, ioengine=libaio, iodepth=10
fio-2.2.8
Starting 3 processes

randread-512k-1m: (groupid=0, jobs=1): err= 0: pid=26218: Wed Apr  6 21:01:13 2016
  read : io=1535.6MB, bw=26124KB/s, iops=51, runt= 60187msec
    slat (usec): min=71, max=827746, avg=861.61, stdev=19058.52
    clat (usec): min=724, max=1191.6K, avg=195092.39, stdev=138768.36
     lat (msec): min=10, max=1191, avg=195.95, stdev=139.34
    clat percentiles (msec):
     |  1.00th=[   19],  5.00th=[   30], 10.00th=[   39], 20.00th=[   62],
     | 30.00th=[   91], 40.00th=[  130], 50.00th=[  178], 60.00th=[  227],
     | 70.00th=[  269], 80.00th=[  310], 90.00th=[  367], 95.00th=[  412],
     | 99.00th=[  529], 99.50th=[  734], 99.90th=[ 1156], 99.95th=[ 1172],
     | 99.99th=[ 1188]
    bw (KB  /s): min= 1109, max=50294, per=36.15%, avg=26517.52, stdev=6983.65
    lat (usec) : 750=0.03%
    lat (msec) : 2=0.03%, 10=0.03%, 20=1.40%, 50=13.58%, 100=17.42%
    lat (msec) : 250=32.46%, 500=33.51%, 750=1.07%, 1000=0.20%, 2000=0.26%
  cpu          : usr=0.01%, sys=0.50%, ctx=3022, majf=0, minf=292
  IO depths    : 1=0.1%, 2=0.1%, 4=0.1%, 8=99.8%, 16=0.0%, 32=0.0%, >=64=0.0%
     submit    : 0=0.0%, 4=100.0%, 8=0.0%, 16=0.0%, 32=0.0%, 64=0.0%, >=64=0.0%
     complete  : 0=0.0%, 4=100.0%, 8=0.0%, 16=0.1%, 32=0.0%, 64=0.0%, >=64=0.0%
     issued    : total=r=3071/w=0/d=0, short=r=0/w=0/d=0, drop=r=0/w=0/d=0
     latency   : target=0, window=0, percentile=100.00%, depth=10
seqread: (groupid=0, jobs=1): err= 0: pid=26219: Wed Apr  6 21:01:13 2016
  read : io=2776.0MB, bw=47271KB/s, iops=46, runt= 60135msec
    slat (usec): min=133, max=764389, avg=1182.67, stdev=21993.26
    clat (msec): min=2, max=1115, avg=215.40, stdev=151.29
     lat (msec): min=5, max=1115, avg=216.58, stdev=151.76
    clat percentiles (msec):
     |  1.00th=[   11],  5.00th=[   15], 10.00th=[   43], 20.00th=[   76],
     | 30.00th=[   99], 40.00th=[  167], 50.00th=[  202], 60.00th=[  239],
     | 70.00th=[  285], 80.00th=[  330], 90.00th=[  400], 95.00th=[  453],
     | 99.00th=[  676], 99.50th=[  922], 99.90th=[ 1074], 99.95th=[ 1106],
     | 99.99th=[ 1123]
    bw (KB  /s): min= 2913, max=113552, per=65.85%, avg=48303.42, stdev=18714.22
    lat (msec) : 4=0.04%, 10=0.50%, 20=6.34%, 50=4.14%, 100=19.13%
    lat (msec) : 250=30.94%, 500=35.09%, 750=3.21%, 1000=0.47%, 2000=0.14%
  cpu          : usr=0.01%, sys=0.85%, ctx=2771, majf=0, minf=547
  IO depths    : 1=0.1%, 2=0.1%, 4=0.1%, 8=99.7%, 16=0.0%, 32=0.0%, >=64=0.0%
     submit    : 0=0.0%, 4=100.0%, 8=0.0%, 16=0.0%, 32=0.0%, 64=0.0%, >=64=0.0%
     complete  : 0=0.0%, 4=100.0%, 8=0.0%, 16=0.1%, 32=0.0%, 64=0.0%, >=64=0.0%
     issued    : total=r=2776/w=0/d=0, short=r=0/w=0/d=0, drop=r=0/w=0/d=0
     latency   : target=0, window=0, percentile=100.00%, depth=10
seqwrite: (groupid=0, jobs=1): err= 0: pid=26220: Wed Apr  6 21:01:13 2016
  write: io=3242.0MB, bw=55267KB/s, iops=53, runt= 60069msec
    slat (usec): min=58, max=147397, avg=846.03, stdev=6307.25
    clat (msec): min=13, max=797, avg=184.29, stdev=83.04
     lat (msec): min=13, max=797, avg=185.13, stdev=83.19
    clat percentiles (msec):
     |  1.00th=[   48],  5.00th=[   74], 10.00th=[   90], 20.00th=[  116],
     | 30.00th=[  137], 40.00th=[  153], 50.00th=[  174], 60.00th=[  194],
     | 70.00th=[  219], 80.00th=[  245], 90.00th=[  285], 95.00th=[  326],
     | 99.00th=[  457], 99.50th=[  510], 99.90th=[  676], 99.95th=[  676],
     | 99.99th=[  799]
    bw (KB  /s): min=25798, max=79712, per=100.00%, avg=55431.70, stdev=11208.95
    lat (msec) : 20=0.03%, 50=1.11%, 100=12.00%, 250=68.11%, 500=18.23%
    lat (msec) : 750=0.49%, 1000=0.03%
  cpu          : usr=0.19%, sys=0.45%, ctx=3821, majf=0, minf=28
  IO depths    : 1=0.1%, 2=0.1%, 4=0.1%, 8=99.8%, 16=0.0%, 32=0.0%, >=64=0.0%
     submit    : 0=0.0%, 4=100.0%, 8=0.0%, 16=0.0%, 32=0.0%, 64=0.0%, >=64=0.0%
     complete  : 0=0.0%, 4=100.0%, 8=0.0%, 16=0.1%, 32=0.0%, 64=0.0%, >=64=0.0%
     issued    : total=r=0/w=3242/d=0, short=r=0/w=0/d=0, drop=r=0/w=0/d=0
     latency   : target=0, window=0, percentile=100.00%, depth=10

Run status group 0 (all jobs):
   READ: io=4311.6MB, aggrb=73354KB/s, minb=26124KB/s, maxb=47270KB/s, mint=60135msec, maxt=60187msec
  WRITE: io=3242.0MB, aggrb=55266KB/s, minb=55266KB/s, maxb=55266KB/s, mint=60069msec, maxt=60069msec
