randread-32k-64k: (g=0): rw=randread, bs=32K-64K/32K-64K/32K-64K, ioengine=libaio, iodepth=10
seqread: (g=0): rw=read, bs=1M-1M/1M-1M/1M-1M, ioengine=libaio, iodepth=10
seqwrite: (g=0): rw=write, bs=1M-1M/1M-1M/1M-1M, ioengine=libaio, iodepth=10
fio-2.2.8
Starting 3 processes

randread-32k-64k: (groupid=0, jobs=1): err= 0: pid=18823: Wed Apr  6 20:56:09 2016
  read : io=467360KB, bw=7782.5KB/s, iops=243, runt= 60053msec
    slat (usec): min=7, max=113344, avg=23.06, stdev=1076.36
    clat (usec): min=113, max=414963, avg=41090.21, stdev=40393.89
     lat (usec): min=159, max=414974, avg=41113.36, stdev=40410.45
    clat percentiles (msec):
     |  1.00th=[    5],  5.00th=[    7], 10.00th=[    9], 20.00th=[   12],
     | 30.00th=[   16], 40.00th=[   21], 50.00th=[   28], 60.00th=[   35],
     | 70.00th=[   46], 80.00th=[   63], 90.00th=[   94], 95.00th=[  128],
     | 99.00th=[  192], 99.50th=[  212], 99.90th=[  269], 99.95th=[  285],
     | 99.99th=[  355]
    bw (KB  /s): min= 4047, max=10112, per=43.20%, avg=7791.14, stdev=1254.31
    lat (usec) : 250=0.02%, 500=0.25%, 750=0.01%, 1000=0.01%
    lat (msec) : 2=0.02%, 4=0.12%, 10=13.97%, 20=23.84%, 50=34.54%
    lat (msec) : 100=18.49%, 250=8.59%, 500=0.15%
  cpu          : usr=0.05%, sys=0.31%, ctx=14607, majf=0, minf=112
  IO depths    : 1=0.1%, 2=0.1%, 4=0.1%, 8=100.0%, 16=0.0%, 32=0.0%, >=64=0.0%
     submit    : 0=0.0%, 4=100.0%, 8=0.0%, 16=0.0%, 32=0.0%, 64=0.0%, >=64=0.0%
     complete  : 0=0.0%, 4=100.0%, 8=0.0%, 16=0.1%, 32=0.0%, 64=0.0%, >=64=0.0%
     issued    : total=r=14605/w=0/d=0, short=r=0/w=0/d=0, drop=r=0/w=0/d=0
     latency   : target=0, window=0, percentile=100.00%, depth=10
seqread: (groupid=0, jobs=1): err= 0: pid=18824: Wed Apr  6 20:56:09 2016
  read : io=618496KB, bw=10273KB/s, iops=10, runt= 60205msec
    slat (usec): min=110, max=205765, avg=4313.61, stdev=19028.15
    clat (usec): min=990, max=109607, avg=13958.10, stdev=22842.32
     lat (msec): min=2, max=207, avg=18.27, stdev=30.40
    clat percentiles (usec):
     |  1.00th=[ 1928],  5.00th=[ 1928], 10.00th=[ 1928], 20.00th=[ 1928],
     | 30.00th=[ 1944], 40.00th=[ 1960], 50.00th=[ 1976], 60.00th=[ 2192],
     | 70.00th=[12992], 80.00th=[19584], 90.00th=[44288], 95.00th=[71168],
     | 99.00th=[108032], 99.50th=[109056], 99.90th=[110080], 99.95th=[110080],
     | 99.99th=[110080]
    bw (KB  /s): min= 1154, max=25798, per=56.95%, avg=10270.30, stdev=2155.05
    lat (usec) : 1000=0.33%
    lat (msec) : 2=57.28%, 4=5.30%, 10=3.64%, 20=13.91%, 50=11.92%
    lat (msec) : 100=5.63%, 250=1.99%
  cpu          : usr=0.02%, sys=0.16%, ctx=1142, majf=0, minf=547
  IO depths    : 1=81.6%, 2=4.0%, 4=7.9%, 8=6.5%, 16=0.0%, 32=0.0%, >=64=0.0%
     submit    : 0=0.0%, 4=100.0%, 8=0.0%, 16=0.0%, 32=0.0%, 64=0.0%, >=64=0.0%
     complete  : 0=0.0%, 4=100.0%, 8=0.0%, 16=0.0%, 32=0.0%, 64=0.0%, >=64=0.0%
     issued    : total=r=604/w=0/d=0, short=r=0/w=0/d=0, drop=r=0/w=0/d=0
     latency   : target=0, window=0, percentile=100.00%, depth=10
seqwrite: (groupid=0, jobs=1): err= 0: pid=18826: Wed Apr  6 20:56:09 2016
  write: io=616448KB, bw=10264KB/s, iops=10, runt= 60060msec
    slat (usec): min=65, max=44323, avg=409.86, stdev=2376.47
    clat (msec): min=11, max=304, avg=101.65, stdev=49.15
     lat (msec): min=11, max=316, avg=102.06, stdev=49.15
    clat percentiles (msec):
     |  1.00th=[   24],  5.00th=[   41], 10.00th=[   51], 20.00th=[   62],
     | 30.00th=[   71], 40.00th=[   80], 50.00th=[   91], 60.00th=[  106],
     | 70.00th=[  121], 80.00th=[  139], 90.00th=[  169], 95.00th=[  186],
     | 99.00th=[  277], 99.50th=[  302], 99.90th=[  306], 99.95th=[  306],
     | 99.99th=[  306]
    bw (KB  /s): min= 1095, max=26112, per=100.00%, avg=10689.26, stdev=4684.61
    lat (msec) : 20=0.66%, 50=8.80%, 100=46.35%, 250=42.52%, 500=1.66%
  cpu          : usr=0.03%, sys=0.10%, ctx=910, majf=0, minf=28
  IO depths    : 1=33.7%, 2=14.3%, 4=28.6%, 8=23.4%, 16=0.0%, 32=0.0%, >=64=0.0%
     submit    : 0=0.0%, 4=100.0%, 8=0.0%, 16=0.0%, 32=0.0%, 64=0.0%, >=64=0.0%
     complete  : 0=0.0%, 4=100.0%, 8=0.0%, 16=0.0%, 32=0.0%, 64=0.0%, >=64=0.0%
     issued    : total=r=0/w=602/d=0, short=r=0/w=0/d=0, drop=r=0/w=0/d=0
     latency   : target=0, window=0, percentile=100.00%, depth=10

Run status group 0 (all jobs):
   READ: io=1060.5MB, aggrb=18035KB/s, minb=7782KB/s, maxb=10273KB/s, mint=60053msec, maxt=60205msec
  WRITE: io=616448KB, aggrb=10263KB/s, minb=10263KB/s, maxb=10263KB/s, mint=60060msec, maxt=60060msec
