randread-8k-16k: (g=0): rw=randread, bs=8K-16K/8K-16K/8K-16K, ioengine=libaio, iodepth=10
seqread: (g=0): rw=read, bs=1M-1M/1M-1M/1M-1M, ioengine=libaio, iodepth=10
seqwrite: (g=0): rw=write, bs=1M-1M/1M-1M/1M-1M, ioengine=libaio, iodepth=10
fio-2.2.8
Starting 3 processes

randread-8k-16k: (groupid=0, jobs=1): err= 0: pid=20467: Wed Apr  6 21:19:23 2016
  read : io=101200KB, bw=1685.4KB/s, iops=210, runt= 60058msec
    slat (usec): min=4, max=115990, avg=46.96, stdev=1955.16
    clat (usec): min=40, max=507093, avg=47420.05, stdev=48792.15
     lat (usec): min=365, max=507105, avg=47467.11, stdev=48799.61
    clat percentiles (msec):
     |  1.00th=[    5],  5.00th=[    7], 10.00th=[    9], 20.00th=[   13],
     | 30.00th=[   17], 40.00th=[   23], 50.00th=[   30], 60.00th=[   39],
     | 70.00th=[   52], 80.00th=[   74], 90.00th=[  118], 95.00th=[  157],
     | 99.00th=[  221], 99.50th=[  247], 99.90th=[  310], 99.95th=[  347],
     | 99.99th=[  388]
    bw (KB  /s): min=  942, max= 2464, per=7.60%, avg=1687.56, stdev=302.52
    lat (usec) : 50=0.01%, 500=0.28%, 750=0.02%, 1000=0.01%
    lat (msec) : 2=0.02%, 4=0.12%, 10=13.21%, 20=22.15%, 50=32.96%
    lat (msec) : 100=18.48%, 250=12.29%, 500=0.44%, 750=0.01%
  cpu          : usr=0.07%, sys=0.22%, ctx=12630, majf=0, minf=54
  IO depths    : 1=0.1%, 2=0.1%, 4=0.1%, 8=99.9%, 16=0.0%, 32=0.0%, >=64=0.0%
     submit    : 0=0.0%, 4=100.0%, 8=0.0%, 16=0.0%, 32=0.0%, 64=0.0%, >=64=0.0%
     complete  : 0=0.0%, 4=100.0%, 8=0.0%, 16=0.1%, 32=0.0%, 64=0.0%, >=64=0.0%
     issued    : total=r=12649/w=0/d=0, short=r=0/w=0/d=0, drop=r=0/w=0/d=0
     latency   : target=0, window=0, percentile=100.00%, depth=10
seqread: (groupid=0, jobs=1): err= 0: pid=20468: Wed Apr  6 21:19:23 2016
  read : io=1203.0MB, bw=20507KB/s, iops=20, runt= 60071msec
    slat (usec): min=116, max=224378, avg=8383.23, stdev=27958.23
    clat (usec): min=984, max=207790, avg=41936.39, stdev=44184.77
     lat (msec): min=2, max=251, avg=50.32, stdev=48.82
    clat percentiles (usec):
     |  1.00th=[ 1928],  5.00th=[ 1928], 10.00th=[ 1944], 20.00th=[ 2064],
     | 30.00th=[ 5536], 40.00th=[15552], 50.00th=[25984], 60.00th=[38656],
     | 70.00th=[57600], 80.00th=[82432], 90.00th=[116224], 95.00th=[134144],
     | 99.00th=[156672], 99.50th=[162816], 99.90th=[199680], 99.95th=[207872],
     | 99.99th=[207872]
    bw (KB  /s): min=15038, max=26482, per=93.02%, avg=20642.62, stdev=2373.87
    lat (usec) : 1000=0.08%
    lat (msec) : 2=18.70%, 4=8.81%, 10=6.23%, 20=10.56%, 50=23.11%
    lat (msec) : 100=18.62%, 250=13.88%
  cpu          : usr=0.01%, sys=0.35%, ctx=1710, majf=0, minf=547
  IO depths    : 1=38.0%, 2=11.1%, 4=22.3%, 8=28.6%, 16=0.0%, 32=0.0%, >=64=0.0%
     submit    : 0=0.0%, 4=100.0%, 8=0.0%, 16=0.0%, 32=0.0%, 64=0.0%, >=64=0.0%
     complete  : 0=0.0%, 4=100.0%, 8=0.0%, 16=0.0%, 32=0.0%, 64=0.0%, >=64=0.0%
     issued    : total=r=1203/w=0/d=0, short=r=0/w=0/d=0, drop=r=0/w=0/d=0
     latency   : target=0, window=0, percentile=100.00%, depth=10
seqwrite: (groupid=0, jobs=1): err= 0: pid=20469: Wed Apr  6 21:19:23 2016
  write: io=1209.0MB, bw=20611KB/s, iops=20, runt= 60065msec
    slat (usec): min=63, max=110775, avg=1229.09, stdev=7966.69
    clat (msec): min=4, max=332, avg=109.91, stdev=57.00
     lat (msec): min=4, max=332, avg=111.13, stdev=56.76
    clat percentiles (msec):
     |  1.00th=[   13],  5.00th=[   34], 10.00th=[   47], 20.00th=[   69],
     | 30.00th=[   79], 40.00th=[   91], 50.00th=[  101], 60.00th=[  113],
     | 70.00th=[  128], 80.00th=[  149], 90.00th=[  182], 95.00th=[  219],
     | 99.00th=[  314], 99.50th=[  326], 99.90th=[  330], 99.95th=[  334],
     | 99.99th=[  334]
    bw (KB  /s): min= 7173, max=31813, per=99.86%, avg=20582.99, stdev=2518.10
    lat (msec) : 10=0.58%, 20=1.57%, 50=9.26%, 100=38.46%, 250=47.06%
    lat (msec) : 500=3.06%
  cpu          : usr=0.06%, sys=0.21%, ctx=1526, majf=0, minf=28
  IO depths    : 1=15.6%, 2=14.7%, 4=29.4%, 8=40.3%, 16=0.0%, 32=0.0%, >=64=0.0%
     submit    : 0=0.0%, 4=100.0%, 8=0.0%, 16=0.0%, 32=0.0%, 64=0.0%, >=64=0.0%
     complete  : 0=0.0%, 4=100.0%, 8=0.0%, 16=0.0%, 32=0.0%, 64=0.0%, >=64=0.0%
     issued    : total=r=0/w=1209/d=0, short=r=0/w=0/d=0, drop=r=0/w=0/d=0
     latency   : target=0, window=0, percentile=100.00%, depth=10

Run status group 0 (all jobs):
   READ: io=1301.9MB, aggrb=22191KB/s, minb=1685KB/s, maxb=20506KB/s, mint=60058msec, maxt=60071msec
  WRITE: io=1209.0MB, aggrb=20611KB/s, minb=20611KB/s, maxb=20611KB/s, mint=60065msec, maxt=60065msec
