randread-128k-256k: (g=0): rw=randread, bs=128K-256K/128K-256K/128K-256K, ioengine=libaio, iodepth=10
seqread: (g=0): rw=read, bs=1M-1M/1M-1M/1M-1M, ioengine=libaio, iodepth=10
seqwrite: (g=0): rw=write, bs=1M-1M/1M-1M/1M-1M, ioengine=libaio, iodepth=10
fio-2.2.8
Starting 3 processes

randread-128k-256k: (groupid=0, jobs=1): err= 0: pid=32203: Wed Apr  6 21:27:28 2016
  read : io=1207.0MB, bw=20581KB/s, iops=160, runt= 60054msec
    slat (usec): min=18, max=168660, avg=46.10, stdev=1777.25
    clat (usec): min=183, max=904538, avg=62140.31, stdev=60844.86
     lat (usec): min=515, max=904566, avg=62186.53, stdev=60848.35
    clat percentiles (msec):
     |  1.00th=[    7],  5.00th=[    9], 10.00th=[   11], 20.00th=[   16],
     | 30.00th=[   23], 40.00th=[   31], 50.00th=[   40], 60.00th=[   53],
     | 70.00th=[   72], 80.00th=[  101], 90.00th=[  153], 95.00th=[  194],
     | 99.00th=[  265], 99.50th=[  285], 99.90th=[  367], 99.95th=[  424],
     | 99.99th=[  906]
    bw (KB  /s): min=11918, max=29832, per=50.28%, avg=20599.81, stdev=3508.20
    lat (usec) : 250=0.01%, 500=0.02%, 750=0.21%
    lat (msec) : 4=0.02%, 10=7.91%, 20=18.77%, 50=30.90%, 100=22.07%
    lat (msec) : 250=18.67%, 500=1.41%, 1000=0.01%
  cpu          : usr=0.03%, sys=0.42%, ctx=9655, majf=0, minf=352
  IO depths    : 1=0.1%, 2=0.1%, 4=0.1%, 8=99.9%, 16=0.0%, 32=0.0%, >=64=0.0%
     submit    : 0=0.0%, 4=100.0%, 8=0.0%, 16=0.0%, 32=0.0%, 64=0.0%, >=64=0.0%
     complete  : 0=0.0%, 4=100.0%, 8=0.0%, 16=0.1%, 32=0.0%, 64=0.0%, >=64=0.0%
     issued    : total=r=9656/w=0/d=0, short=r=0/w=0/d=0, drop=r=0/w=0/d=0
     latency   : target=0, window=0, percentile=100.00%, depth=10
seqread: (groupid=0, jobs=1): err= 0: pid=32204: Wed Apr  6 21:27:28 2016
  read : io=1210.0MB, bw=20512KB/s, iops=20, runt= 60405msec
    slat (usec): min=116, max=336742, avg=9079.35, stdev=32479.64
    clat (msec): min=1, max=183, avg=39.49, stdev=42.46
     lat (msec): min=2, max=382, avg=48.57, stdev=50.72
    clat percentiles (usec):
     |  1.00th=[ 1928],  5.00th=[ 1928], 10.00th=[ 1928], 20.00th=[ 2008],
     | 30.00th=[ 3952], 40.00th=[15808], 50.00th=[24192], 60.00th=[36608],
     | 70.00th=[50944], 80.00th=[77312], 90.00th=[104960], 95.00th=[129536],
     | 99.00th=[175104], 99.50th=[177152], 99.90th=[183296], 99.95th=[183296],
     | 99.99th=[183296]
    bw (KB  /s): min= 4876, max=35859, per=50.57%, avg=20718.55, stdev=5490.34
    lat (msec) : 2=19.83%, 4=10.25%, 10=4.71%, 20=11.57%, 50=23.31%
    lat (msec) : 100=19.83%, 250=10.50%
  cpu          : usr=0.00%, sys=0.36%, ctx=1797, majf=0, minf=547
  IO depths    : 1=39.4%, 2=10.4%, 4=20.8%, 8=29.3%, 16=0.0%, 32=0.0%, >=64=0.0%
     submit    : 0=0.0%, 4=100.0%, 8=0.0%, 16=0.0%, 32=0.0%, 64=0.0%, >=64=0.0%
     complete  : 0=0.0%, 4=100.0%, 8=0.0%, 16=0.0%, 32=0.0%, 64=0.0%, >=64=0.0%
     issued    : total=r=1210/w=0/d=0, short=r=0/w=0/d=0, drop=r=0/w=0/d=0
     latency   : target=0, window=0, percentile=100.00%, depth=10
seqwrite: (groupid=0, jobs=1): err= 0: pid=32205: Wed Apr  6 21:27:28 2016
  write: io=1206.0MB, bw=20475KB/s, iops=19, runt= 60315msec
    slat (usec): min=59, max=92932, avg=1130.57, stdev=7281.80
    clat (msec): min=2, max=385, avg=123.18, stdev=65.62
     lat (msec): min=2, max=385, avg=124.31, stdev=65.34
    clat percentiles (msec):
     |  1.00th=[   17],  5.00th=[   33], 10.00th=[   54], 20.00th=[   74],
     | 30.00th=[   86], 40.00th=[   97], 50.00th=[  113], 60.00th=[  127],
     | 70.00th=[  143], 80.00th=[  167], 90.00th=[  223], 95.00th=[  251],
     | 99.00th=[  322], 99.50th=[  359], 99.90th=[  388], 99.95th=[  388],
     | 99.99th=[  388]
    bw (KB  /s): min= 1875, max=32809, per=100.00%, avg=20538.22, stdev=3568.04
    lat (msec) : 4=0.08%, 10=0.08%, 20=1.74%, 50=6.88%, 100=32.84%
    lat (msec) : 250=53.07%, 500=5.31%
  cpu          : usr=0.09%, sys=0.15%, ctx=1598, majf=0, minf=28
  IO depths    : 1=15.0%, 2=14.3%, 4=28.5%, 8=42.2%, 16=0.0%, 32=0.0%, >=64=0.0%
     submit    : 0=0.0%, 4=100.0%, 8=0.0%, 16=0.0%, 32=0.0%, 64=0.0%, >=64=0.0%
     complete  : 0=0.0%, 4=100.0%, 8=0.0%, 16=0.0%, 32=0.0%, 64=0.0%, >=64=0.0%
     issued    : total=r=0/w=1206/d=0, short=r=0/w=0/d=0, drop=r=0/w=0/d=0
     latency   : target=0, window=0, percentile=100.00%, depth=10

Run status group 0 (all jobs):
   READ: io=2417.0MB, aggrb=40973KB/s, minb=20512KB/s, maxb=20580KB/s, mint=60054msec, maxt=60405msec
  WRITE: io=1206.0MB, aggrb=20474KB/s, minb=20474KB/s, maxb=20474KB/s, mint=60315msec, maxt=60315msec
