randread-512k-1m: (g=0): rw=randread, bs=512K-1M/512K-1M/512K-1M, ioengine=libaio, iodepth=10
seqread: (g=0): rw=read, bs=1M-1M/1M-1M/1M-1M, ioengine=libaio, iodepth=10
seqwrite: (g=0): rw=write, bs=1M-1M/1M-1M/1M-1M, ioengine=libaio, iodepth=10
fio-2.1.3
Starting 3 processes

randread-512k-1m: (groupid=0, jobs=1): err= 0: pid=27150: Fri May 27 17:49:43 2016
  read : io=20696MB, bw=353094KB/s, iops=511, runt= 60020msec
    slat (usec): min=31, max=115694, avg=242.19, stdev=796.36
    clat (msec): min=6, max=223, avg=19.30, stdev=11.02
     lat (msec): min=6, max=223, avg=19.54, stdev=11.05
    clat percentiles (msec):
     |  1.00th=[   11],  5.00th=[   12], 10.00th=[   13], 20.00th=[   14],
     | 30.00th=[   15], 40.00th=[   17], 50.00th=[   18], 60.00th=[   19],
     | 70.00th=[   21], 80.00th=[   23], 90.00th=[   26], 95.00th=[   32],
     | 99.00th=[   74], 99.50th=[  101], 99.90th=[  149], 99.95th=[  157],
     | 99.99th=[  186]
    bw (KB  /s): min=58316, max=437248, per=40.69%, avg=353934.74, stdev=72987.53
    lat (msec) : 10=0.24%, 20=68.94%, 50=29.49%, 100=0.82%, 250=0.51%
  cpu          : usr=0.33%, sys=12.21%, ctx=28943, majf=0, minf=526
  IO depths    : 1=0.1%, 2=0.1%, 4=0.1%, 8=99.9%, 16=0.0%, 32=0.0%, >=64=0.0%
     submit    : 0=0.0%, 4=100.0%, 8=0.0%, 16=0.0%, 32=0.0%, 64=0.0%, >=64=0.0%
     complete  : 0=0.0%, 4=100.0%, 8=0.0%, 16=0.1%, 32=0.0%, 64=0.0%, >=64=0.0%
     issued    : total=r=30693/w=0/d=0, short=r=0/w=0/d=0
seqread: (groupid=0, jobs=1): err= 0: pid=27151: Fri May 27 17:49:43 2016
  read : io=30289MB, bw=516777KB/s, iops=504, runt= 60018msec
    slat (usec): min=59, max=47273, avg=308.70, stdev=463.96
    clat (msec): min=3, max=209, avg=19.49, stdev=11.15
     lat (msec): min=6, max=209, avg=19.80, stdev=11.16
    clat percentiles (msec):
     |  1.00th=[   12],  5.00th=[   13], 10.00th=[   13], 20.00th=[   15],
     | 30.00th=[   16], 40.00th=[   17], 50.00th=[   18], 60.00th=[   19],
     | 70.00th=[   21], 80.00th=[   23], 90.00th=[   26], 95.00th=[   31],
     | 99.00th=[   80], 99.50th=[  106], 99.90th=[  147], 99.95th=[  155],
     | 99.99th=[  180]
    bw (KB  /s): min=98535, max=617261, per=59.55%, avg=517985.30, stdev=104686.46
    lat (msec) : 4=0.01%, 10=0.08%, 20=68.95%, 50=29.69%, 100=0.65%
    lat (msec) : 250=0.62%
  cpu          : usr=0.29%, sys=15.52%, ctx=28174, majf=0, minf=525
  IO depths    : 1=0.1%, 2=0.1%, 4=0.1%, 8=99.9%, 16=0.0%, 32=0.0%, >=64=0.0%
     submit    : 0=0.0%, 4=100.0%, 8=0.0%, 16=0.0%, 32=0.0%, 64=0.0%, >=64=0.0%
     complete  : 0=0.0%, 4=100.0%, 8=0.0%, 16=0.1%, 32=0.0%, 64=0.0%, >=64=0.0%
     issued    : total=r=30289/w=0/d=0, short=r=0/w=0/d=0
seqwrite: (groupid=0, jobs=1): err= 0: pid=27152: Fri May 27 17:49:43 2016
  write: io=30432MB, bw=519269KB/s, iops=507, runt= 60012msec
    slat (usec): min=69, max=115965, avg=365.57, stdev=810.34
    clat (msec): min=7, max=207, avg=19.34, stdev=10.88
     lat (msec): min=8, max=208, avg=19.70, stdev=10.92
    clat percentiles (msec):
     |  1.00th=[   12],  5.00th=[   13], 10.00th=[   14], 20.00th=[   15],
     | 30.00th=[   16], 40.00th=[   17], 50.00th=[   18], 60.00th=[   19],
     | 70.00th=[   20], 80.00th=[   22], 90.00th=[   25], 95.00th=[   31],
     | 99.00th=[   85], 99.50th=[  109], 99.90th=[  131], 99.95th=[  147],
     | 99.99th=[  159]
    bw (KB  /s): min=94554, max=602112, per=100.00%, avg=520085.03, stdev=106546.59
    lat (msec) : 10=0.03%, 20=70.79%, 50=27.90%, 100=0.59%, 250=0.69%
  cpu          : usr=3.22%, sys=14.96%, ctx=29706, majf=0, minf=10
  IO depths    : 1=0.1%, 2=0.1%, 4=0.1%, 8=99.9%, 16=0.0%, 32=0.0%, >=64=0.0%
     submit    : 0=0.0%, 4=100.0%, 8=0.0%, 16=0.0%, 32=0.0%, 64=0.0%, >=64=0.0%
     complete  : 0=0.0%, 4=100.0%, 8=0.0%, 16=0.1%, 32=0.0%, 64=0.0%, >=64=0.0%
     issued    : total=r=0/w=30432/d=0, short=r=0/w=0/d=0

Run status group 0 (all jobs):
   READ: io=50985MB, aggrb=869854KB/s, minb=353094KB/s, maxb=516777KB/s, mint=60018msec, maxt=60020msec
  WRITE: io=30432MB, aggrb=519268KB/s, minb=519268KB/s, maxb=519268KB/s, mint=60012msec, maxt=60012msec

Disk stats (read/write):
  nvme0n1: ios=468406/273562, merge=0/0, ticks=8650888/4962052, in_queue=13655392, util=100.00%
