randread-1k-4k: (g=0): rw=randread, bs=1K-4K/1K-4K/1K-4K, ioengine=libaio, iodepth=10
seqread: (g=0): rw=read, bs=1M-1M/1M-1M/1M-1M, ioengine=libaio, iodepth=10
seqwrite: (g=0): rw=write, bs=1M-1M/1M-1M/1M-1M, ioengine=libaio, iodepth=10
fio-2.1.3
Starting 3 processes

randread-1k-4k: (groupid=0, jobs=1): err= 0: pid=30280: Fri May 27 18:03:48 2016
  read : io=8181.3MB, bw=139625KB/s, iops=65637, runt= 60001msec
    slat (usec): min=1, max=977, avg= 4.84, stdev= 8.13
    clat (usec): min=8, max=77934, avg=145.94, stdev=337.53
     lat (usec): min=25, max=77955, avg=150.90, stdev=337.73
    clat percentiles (usec):
     |  1.00th=[   76],  5.00th=[   84], 10.00th=[   89], 20.00th=[   95],
     | 30.00th=[  101], 40.00th=[  106], 50.00th=[  112], 60.00th=[  119],
     | 70.00th=[  131], 80.00th=[  161], 90.00th=[  205], 95.00th=[  270],
     | 99.00th=[  692], 99.50th=[ 1048], 99.90th=[ 1512], 99.95th=[ 1736],
     | 99.99th=[ 9920]
    bw (KB  /s): min=28432, max=194626, per=87.15%, avg=139549.92, stdev=38891.08
    lat (usec) : 10=0.01%, 20=0.01%, 50=0.13%, 100=27.29%, 250=67.11%
    lat (usec) : 500=3.55%, 750=1.07%, 1000=0.31%
    lat (msec) : 2=0.50%, 4=0.02%, 10=0.01%, 20=0.01%, 100=0.01%
  cpu          : usr=16.11%, sys=42.79%, ctx=1193041, majf=0, minf=20
  IO depths    : 1=0.1%, 2=0.1%, 4=0.1%, 8=100.0%, 16=0.0%, 32=0.0%, >=64=0.0%
     submit    : 0=0.0%, 4=100.0%, 8=0.0%, 16=0.0%, 32=0.0%, 64=0.0%, >=64=0.0%
     complete  : 0=0.0%, 4=100.0%, 8=0.0%, 16=0.1%, 32=0.0%, 64=0.0%, >=64=0.0%
     issued    : total=r=3938326/w=0/d=0, short=r=0/w=0/d=0
seqread: (groupid=0, jobs=1): err= 0: pid=30281: Fri May 27 18:03:48 2016
  read : io=1202.0MB, bw=20513KB/s, iops=20, runt= 60002msec
    slat (usec): min=77, max=1011, avg=181.81, stdev=80.85
    clat (usec): min=350, max=49964, avg=1032.05, stdev=3232.14
     lat (usec): min=639, max=50143, avg=1214.41, stdev=3235.59
    clat percentiles (usec):
     |  1.00th=[  556],  5.00th=[  580], 10.00th=[  588], 20.00th=[  612],
     | 30.00th=[  636], 40.00th=[  660], 50.00th=[  676], 60.00th=[  708],
     | 70.00th=[  740], 80.00th=[  788], 90.00th=[  916], 95.00th=[ 1688],
     | 99.00th=[ 3760], 99.50th=[ 9920], 99.90th=[48896], 99.95th=[49920],
     | 99.99th=[49920]
    bw (KB  /s): min= 4055, max=36571, per=12.82%, avg=20532.61, stdev=2207.94
    lat (usec) : 500=0.17%, 750=72.71%, 1000=18.55%
    lat (msec) : 2=4.66%, 4=2.91%, 10=0.50%, 50=0.50%
  cpu          : usr=0.02%, sys=0.44%, ctx=2378, majf=0, minf=525
  IO depths    : 1=98.5%, 2=0.3%, 4=0.7%, 8=0.5%, 16=0.0%, 32=0.0%, >=64=0.0%
     submit    : 0=0.0%, 4=100.0%, 8=0.0%, 16=0.0%, 32=0.0%, 64=0.0%, >=64=0.0%
     complete  : 0=0.0%, 4=100.0%, 8=0.0%, 16=0.0%, 32=0.0%, 64=0.0%, >=64=0.0%
     issued    : total=r=1202/w=0/d=0, short=r=0/w=0/d=0
seqwrite: (groupid=0, jobs=1): err= 0: pid=30282: Fri May 27 18:03:48 2016
  write: io=1202.0MB, bw=20513KB/s, iops=20, runt= 60002msec
    slat (usec): min=82, max=641, avg=189.48, stdev=54.67
    clat (usec): min=536, max=35037, avg=1243.75, stdev=2679.80
     lat (usec): min=774, max=35257, avg=1433.75, stdev=2684.99
    clat percentiles (usec):
     |  1.00th=[  660],  5.00th=[  676], 10.00th=[  692], 20.00th=[  804],
     | 30.00th=[  828], 40.00th=[  844], 50.00th=[  852], 60.00th=[  876],
     | 70.00th=[  892], 80.00th=[  908], 90.00th=[ 1048], 95.00th=[ 1496],
     | 99.00th=[17280], 99.50th=[24192], 99.90th=[33024], 99.95th=[35072],
     | 99.99th=[35072]
    bw (KB  /s): min=18998, max=24478, per=100.00%, avg=20531.99, stdev=444.90
    lat (usec) : 750=15.72%, 1000=73.04%
    lat (msec) : 2=7.57%, 4=1.33%, 10=0.58%, 20=1.16%, 50=0.58%
  cpu          : usr=0.14%, sys=0.33%, ctx=2396, majf=0, minf=9
  IO depths    : 1=99.3%, 2=0.2%, 4=0.3%, 8=0.2%, 16=0.0%, 32=0.0%, >=64=0.0%
     submit    : 0=0.0%, 4=100.0%, 8=0.0%, 16=0.0%, 32=0.0%, 64=0.0%, >=64=0.0%
     complete  : 0=0.0%, 4=100.0%, 8=0.0%, 16=0.0%, 32=0.0%, 64=0.0%, >=64=0.0%
     issued    : total=r=0/w=1202/d=0, short=r=0/w=0/d=0

Run status group 0 (all jobs):
   READ: io=9383.3MB, aggrb=160135KB/s, minb=20513KB/s, maxb=139624KB/s, mint=60001msec, maxt=60002msec
  WRITE: io=1202.0MB, aggrb=20513KB/s, minb=20513KB/s, maxb=20513KB/s, mint=60002msec, maxt=60002msec

Disk stats (read/write):
  nvme0n1: ios=3946585/10833, merge=0/0, ticks=498804/9648, in_queue=508404, util=98.19%
