randread-32k-64k: (g=0): rw=randread, bs=32K-64K/32K-64K/32K-64K, ioengine=libaio, iodepth=10
seqread: (g=0): rw=read, bs=1M-1M/1M-1M/1M-1M, ioengine=libaio, iodepth=10
seqwrite: (g=0): rw=write, bs=1M-1M/1M-1M/1M-1M, ioengine=libaio, iodepth=10
fio-2.1.3
Starting 3 processes

randread-32k-64k: (groupid=0, jobs=1): err= 0: pid=26018: Fri May 27 17:44:40 2016
  read : io=81059MB, bw=1350.1MB/s, iops=32035, runt= 60001msec
    slat (usec): min=2, max=983, avg=10.63, stdev=12.17
    clat (usec): min=1, max=73635, avg=299.80, stdev=374.83
     lat (usec): min=92, max=73642, avg=310.56, stdev=375.04
    clat percentiles (usec):
     |  1.00th=[  145],  5.00th=[  169], 10.00th=[  183], 20.00th=[  205],
     | 30.00th=[  225], 40.00th=[  243], 50.00th=[  262], 60.00th=[  286],
     | 70.00th=[  314], 80.00th=[  354], 90.00th=[  430], 95.00th=[  516],
     | 99.00th=[  900], 99.50th=[ 1192], 99.90th=[ 1768], 99.95th=[ 2160],
     | 99.99th=[10176]
    bw (MB  /s): min=  592, max= 1479, per=99.09%, avg=1348.61, stdev=179.31
    lat (usec) : 2=0.01%, 20=0.01%, 50=0.01%, 100=0.03%, 250=43.33%
    lat (usec) : 500=50.95%, 750=4.01%, 1000=0.90%
    lat (msec) : 2=0.71%, 4=0.04%, 10=0.01%, 20=0.01%, 100=0.01%
  cpu          : usr=8.33%, sys=42.41%, ctx=905838, majf=0, minf=170
  IO depths    : 1=0.1%, 2=0.1%, 4=0.1%, 8=100.0%, 16=0.0%, 32=0.0%, >=64=0.0%
     submit    : 0=0.0%, 4=100.0%, 8=0.0%, 16=0.0%, 32=0.0%, 64=0.0%, >=64=0.0%
     complete  : 0=0.0%, 4=100.0%, 8=0.0%, 16=0.1%, 32=0.0%, 64=0.0%, >=64=0.0%
     issued    : total=r=1922190/w=0/d=0, short=r=0/w=0/d=0
seqread: (groupid=0, jobs=1): err= 0: pid=26019: Fri May 27 17:44:40 2016
  read : io=616448KB, bw=10274KB/s, iops=10, runt= 60002msec
    slat (usec): min=69, max=1251, avg=206.46, stdev=107.05
    clat (usec): min=552, max=7283, avg=833.11, stdev=631.18
     lat (usec): min=677, max=8233, avg=1040.11, stdev=708.21
    clat percentiles (usec):
     |  1.00th=[  572],  5.00th=[  604], 10.00th=[  620], 20.00th=[  644],
     | 30.00th=[  668], 40.00th=[  684], 50.00th=[  708], 60.00th=[  732],
     | 70.00th=[  764], 80.00th=[  812], 90.00th=[  916], 95.00th=[ 1352],
     | 99.00th=[ 4960], 99.50th=[ 5728], 99.90th=[ 7264], 99.95th=[ 7264],
     | 99.99th=[ 7264]
    bw (KB  /s): min=10219, max=12263, per=0.74%, avg=10266.58, stdev=195.12
    lat (usec) : 750=67.28%, 1000=25.08%
    lat (msec) : 2=5.15%, 4=1.16%, 10=1.33%
  cpu          : usr=0.03%, sys=0.21%, ctx=1191, majf=0, minf=525
  IO depths    : 1=98.5%, 2=0.3%, 4=0.7%, 8=0.5%, 16=0.0%, 32=0.0%, >=64=0.0%
     submit    : 0=0.0%, 4=100.0%, 8=0.0%, 16=0.0%, 32=0.0%, 64=0.0%, >=64=0.0%
     complete  : 0=0.0%, 4=100.0%, 8=0.0%, 16=0.0%, 32=0.0%, 64=0.0%, >=64=0.0%
     issued    : total=r=602/w=0/d=0, short=r=0/w=0/d=0
seqwrite: (groupid=0, jobs=1): err= 0: pid=26020: Fri May 27 17:44:40 2016
  write: io=616448KB, bw=10274KB/s, iops=10, runt= 60003msec
    slat (usec): min=88, max=1204, avg=242.61, stdev=113.21
    clat (usec): min=312, max=17672, avg=1360.45, stdev=920.61
     lat (usec): min=860, max=17976, avg=1603.68, stdev=971.70
    clat percentiles (usec):
     |  1.00th=[  788],  5.00th=[  932], 10.00th=[ 1032], 20.00th=[ 1096],
     | 30.00th=[ 1144], 40.00th=[ 1176], 50.00th=[ 1224], 60.00th=[ 1288],
     | 70.00th=[ 1336], 80.00th=[ 1400], 90.00th=[ 1528], 95.00th=[ 1752],
     | 99.00th=[ 5344], 99.50th=[ 6560], 99.90th=[17792], 99.95th=[17792],
     | 99.99th=[17792]
    bw (KB  /s): min=10199, max=12251, per=99.93%, avg=10265.74, stdev=195.23
    lat (usec) : 500=0.17%, 750=0.50%, 1000=6.48%
    lat (msec) : 2=89.04%, 4=2.16%, 10=1.50%, 20=0.17%
  cpu          : usr=0.08%, sys=0.21%, ctx=1193, majf=0, minf=9
  IO depths    : 1=98.5%, 2=0.3%, 4=0.7%, 8=0.5%, 16=0.0%, 32=0.0%, >=64=0.0%
     submit    : 0=0.0%, 4=100.0%, 8=0.0%, 16=0.0%, 32=0.0%, 64=0.0%, >=64=0.0%
     complete  : 0=0.0%, 4=100.0%, 8=0.0%, 16=0.0%, 32=0.0%, 64=0.0%, >=64=0.0%
     issued    : total=r=0/w=602/d=0, short=r=0/w=0/d=0

Run status group 0 (all jobs):
   READ: io=81661MB, aggrb=1360.1MB/s, minb=10273KB/s, maxb=1350.1MB/s, mint=60001msec, maxt=60002msec
  WRITE: io=616448KB, aggrb=10273KB/s, minb=10273KB/s, maxb=10273KB/s, mint=60003msec, maxt=60003msec

Disk stats (read/write):
  nvme0n1: ios=1925786/5442, merge=0/0, ticks=549736/5172, in_queue=555660, util=99.99%
