randread-512k-1m: (g=0): rw=randread, bs=512K-1M/512K-1M/512K-1M, ioengine=libaio, iodepth=10
seqread: (g=0): rw=read, bs=1M-1M/1M-1M/1M-1M, ioengine=libaio, iodepth=10
seqwrite: (g=0): rw=write, bs=1M-1M/1M-1M/1M-1M, ioengine=libaio, iodepth=10
fio-2.1.3
Starting 3 processes

randread-512k-1m: (groupid=0, jobs=1): err= 0: pid=1457: Fri May 27 18:19:55 2016
  read : io=112298MB, bw=1871.6MB/s, iops=2776, runt= 60004msec
    slat (usec): min=31, max=3482, avg=164.91, stdev=88.93
    clat (msec): min=1, max=90, avg= 3.43, stdev= 1.23
     lat (msec): min=1, max=90, avg= 3.60, stdev= 1.23
    clat percentiles (usec):
     |  1.00th=[ 2384],  5.00th=[ 2608], 10.00th=[ 2768], 20.00th=[ 2928],
     | 30.00th=[ 3088], 40.00th=[ 3216], 50.00th=[ 3344], 60.00th=[ 3472],
     | 70.00th=[ 3632], 80.00th=[ 3824], 90.00th=[ 4128], 95.00th=[ 4448],
     | 99.00th=[ 5216], 99.50th=[ 5536], 99.90th=[12736], 99.95th=[16192],
     | 99.99th=[77312]
    bw (MB  /s): min= 1358, max= 1954, per=98.89%, avg=1870.48, stdev=118.83
    lat (msec) : 2=0.09%, 4=86.45%, 10=13.35%, 20=0.09%, 50=0.01%
    lat (msec) : 100=0.02%
  cpu          : usr=0.77%, sys=45.38%, ctx=143781, majf=0, minf=525
  IO depths    : 1=0.1%, 2=0.1%, 4=0.1%, 8=99.9%, 16=0.0%, 32=0.0%, >=64=0.0%
     submit    : 0=0.0%, 4=100.0%, 8=0.0%, 16=0.0%, 32=0.0%, 64=0.0%, >=64=0.0%
     complete  : 0=0.0%, 4=100.0%, 8=0.0%, 16=0.1%, 32=0.0%, 64=0.0%, >=64=0.0%
     issued    : total=r=166623/w=0/d=0, short=r=0/w=0/d=0
seqread: (groupid=0, jobs=1): err= 0: pid=1458: Fri May 27 18:19:55 2016
  read : io=1202.0MB, bw=20512KB/s, iops=20, runt= 60005msec
    slat (usec): min=84, max=5209, avg=260.71, stdev=187.01
    clat (usec): min=548, max=92236, avg=4179.68, stdev=6639.93
     lat (usec): min=776, max=93002, avg=4441.13, stdev=6676.78
    clat percentiles (usec):
     |  1.00th=[ 2576],  5.00th=[ 2832], 10.00th=[ 2960], 20.00th=[ 3152],
     | 30.00th=[ 3280], 40.00th=[ 3408], 50.00th=[ 3536], 60.00th=[ 3632],
     | 70.00th=[ 3792], 80.00th=[ 3984], 90.00th=[ 4320], 95.00th=[ 4640],
     | 99.00th=[10176], 99.50th=[57600], 99.90th=[92672], 99.95th=[92672],
     | 99.99th=[92672]
    bw (KB  /s): min=18285, max=24188, per=1.06%, avg=20530.49, stdev=450.37
    lat (usec) : 750=0.08%
    lat (msec) : 2=0.17%, 4=81.36%, 10=17.30%, 20=0.33%, 50=0.08%
    lat (msec) : 100=0.67%
  cpu          : usr=0.04%, sys=0.55%, ctx=2420, majf=0, minf=525
  IO depths    : 1=97.8%, 2=0.5%, 4=1.0%, 8=0.7%, 16=0.0%, 32=0.0%, >=64=0.0%
     submit    : 0=0.0%, 4=100.0%, 8=0.0%, 16=0.0%, 32=0.0%, 64=0.0%, >=64=0.0%
     complete  : 0=0.0%, 4=100.0%, 8=0.0%, 16=0.0%, 32=0.0%, 64=0.0%, >=64=0.0%
     issued    : total=r=1202/w=0/d=0, short=r=0/w=0/d=0
seqwrite: (groupid=0, jobs=1): err= 0: pid=1459: Fri May 27 18:19:55 2016
  write: io=1202.0MB, bw=20512KB/s, iops=20, runt= 60006msec
    slat (usec): min=102, max=1991, avg=255.90, stdev=117.01
    clat (usec): min=821, max=48285, avg=4791.04, stdev=2914.08
     lat (usec): min=995, max=48569, avg=5047.56, stdev=2931.19
    clat percentiles (usec):
     |  1.00th=[ 3216],  5.00th=[ 3568], 10.00th=[ 3728], 20.00th=[ 3920],
     | 30.00th=[ 4128], 40.00th=[ 4256], 50.00th=[ 4384], 60.00th=[ 4512],
     | 70.00th=[ 4704], 80.00th=[ 4960], 90.00th=[ 5280], 95.00th=[ 5728],
     | 99.00th=[20864], 99.50th=[21376], 99.90th=[45312], 99.95th=[48384],
     | 99.99th=[48384]
    bw (KB  /s): min=19027, max=22546, per=100.00%, avg=20528.63, stdev=368.50
    lat (usec) : 1000=0.08%
    lat (msec) : 4=23.29%, 10=74.63%, 20=0.75%, 50=1.25%
  cpu          : usr=0.15%, sys=0.45%, ctx=2408, majf=0, minf=9
  IO depths    : 1=99.3%, 2=0.2%, 4=0.3%, 8=0.2%, 16=0.0%, 32=0.0%, >=64=0.0%
     submit    : 0=0.0%, 4=100.0%, 8=0.0%, 16=0.0%, 32=0.0%, 64=0.0%, >=64=0.0%
     complete  : 0=0.0%, 4=100.0%, 8=0.0%, 16=0.0%, 32=0.0%, 64=0.0%, >=64=0.0%
     issued    : total=r=0/w=1202/d=0, short=r=0/w=0/d=0

Run status group 0 (all jobs):
   READ: io=113500MB, aggrb=1891.6MB/s, minb=20512KB/s, maxb=1871.6MB/s, mint=60004msec, maxt=60005msec
  WRITE: io=1202.0MB, aggrb=20512KB/s, minb=20512KB/s, maxb=20512KB/s, mint=60006msec, maxt=60006msec

Disk stats (read/write):
  nvme0n1: ios=1074734/10836, merge=0/0, ticks=3623796/42088, in_queue=3667176, util=99.89%
