randread-32k-64k: (g=0): rw=randread, bs=32K-64K/32K-64K/32K-64K, ioengine=libaio, iodepth=10
seqread: (g=0): rw=read, bs=1M-1M/1M-1M/1M-1M, ioengine=libaio, iodepth=10
seqwrite: (g=0): rw=write, bs=1M-1M/1M-1M/1M-1M, ioengine=libaio, iodepth=10
fio-2.1.3
Starting 3 processes

randread-32k-64k: (groupid=0, jobs=1): err= 0: pid=32533: Fri May 27 18:13:53 2016
  read : io=63347MB, bw=1055.8MB/s, iops=25011, runt= 60001msec
    slat (usec): min=2, max=5252, avg=11.81, stdev=27.50
    clat (usec): min=2, max=153008, avg=386.47, stdev=1426.22
     lat (usec): min=87, max=153019, avg=398.38, stdev=1427.56
    clat percentiles (usec):
     |  1.00th=[  147],  5.00th=[  171], 10.00th=[  189], 20.00th=[  213],
     | 30.00th=[  237], 40.00th=[  258], 50.00th=[  286], 60.00th=[  322],
     | 70.00th=[  374], 80.00th=[  450], 90.00th=[  612], 95.00th=[  780],
     | 99.00th=[ 1384], 99.50th=[ 1560], 99.90th=[ 5152], 99.95th=[12608],
     | 99.99th=[86528]
    bw (MB  /s): min=    3, max= 1261, per=89.47%, avg=1051.94, stdev=271.12
    lat (usec) : 4=0.01%, 20=0.01%, 50=0.01%, 100=0.03%, 250=35.90%
    lat (usec) : 500=48.55%, 750=9.67%, 1000=3.63%
    lat (msec) : 2=2.01%, 4=0.10%, 10=0.05%, 20=0.04%, 50=0.01%
    lat (msec) : 100=0.02%, 250=0.01%
  cpu          : usr=5.72%, sys=35.43%, ctx=762944, majf=0, minf=170
  IO depths    : 1=0.1%, 2=0.1%, 4=0.1%, 8=100.0%, 16=0.0%, 32=0.0%, >=64=0.0%
     submit    : 0=0.0%, 4=100.0%, 8=0.0%, 16=0.0%, 32=0.0%, 64=0.0%, >=64=0.0%
     complete  : 0=0.0%, 4=100.0%, 8=0.0%, 16=0.1%, 32=0.0%, 64=0.0%, >=64=0.0%
     issued    : total=r=1500730/w=0/d=0, short=r=0/w=0/d=0
seqread: (groupid=0, jobs=1): err= 0: pid=32534: Fri May 27 18:13:53 2016
  read : io=7204.0MB, bw=122938KB/s, iops=120, runt= 60005msec
    slat (usec): min=69, max=28001, avg=293.99, stdev=354.62
    clat (usec): min=262, max=157677, avg=5252.81, stdev=18928.33
     lat (usec): min=684, max=157985, avg=5547.56, stdev=18954.89
    clat percentiles (usec):
     |  1.00th=[  580],  5.00th=[  620], 10.00th=[  636], 20.00th=[  660],
     | 30.00th=[  676], 40.00th=[  692], 50.00th=[  716], 60.00th=[  740],
     | 70.00th=[  772], 80.00th=[  876], 90.00th=[ 3376], 95.00th=[18816],
     | 99.00th=[105984], 99.50th=[111104], 99.90th=[146432], 99.95th=[154624],
     | 99.99th=[156672]
    bw (KB  /s): min=85673, max=230043, per=10.22%, avg=123049.97, stdev=11350.30
    lat (usec) : 500=0.21%, 750=64.24%, 1000=17.48%
    lat (msec) : 2=5.32%, 4=3.28%, 10=2.32%, 20=2.46%, 50=0.57%
    lat (msec) : 100=2.65%, 250=1.49%
  cpu          : usr=0.23%, sys=3.83%, ctx=13777, majf=0, minf=524
  IO depths    : 1=89.4%, 2=1.1%, 4=2.2%, 8=7.3%, 16=0.0%, 32=0.0%, >=64=0.0%
     submit    : 0=0.0%, 4=100.0%, 8=0.0%, 16=0.0%, 32=0.0%, 64=0.0%, >=64=0.0%
     complete  : 0=0.0%, 4=100.0%, 8=0.0%, 16=0.0%, 32=0.0%, 64=0.0%, >=64=0.0%
     issued    : total=r=7204/w=0/d=0, short=r=0/w=0/d=0
seqwrite: (groupid=0, jobs=1): err= 0: pid=32535: Fri May 27 18:13:53 2016
  write: io=7201.0MB, bw=122899KB/s, iops=120, runt= 59999msec
    slat (usec): min=67, max=38978, avg=343.38, stdev=489.79
    clat (usec): min=522, max=153677, avg=5949.20, stdev=19527.25
     lat (usec): min=946, max=154094, avg=6293.34, stdev=19570.97
    clat percentiles (usec):
     |  1.00th=[  852],  5.00th=[  916], 10.00th=[  972], 20.00th=[ 1032],
     | 30.00th=[ 1080], 40.00th=[ 1128], 50.00th=[ 1160], 60.00th=[ 1208],
     | 70.00th=[ 1256], 80.00th=[ 1368], 90.00th=[ 6048], 95.00th=[20608],
     | 99.00th=[108032], 99.50th=[126464], 99.90th=[148480], 99.95th=[152576],
     | 99.99th=[154624]
    bw (KB  /s): min=88786, max=227779, per=100.00%, avg=123079.14, stdev=11198.53
    lat (usec) : 750=0.18%, 1000=13.15%
    lat (msec) : 2=73.27%, 4=1.79%, 10=3.89%, 20=2.49%, 50=1.06%
    lat (msec) : 100=2.43%, 250=1.75%
  cpu          : usr=0.75%, sys=3.83%, ctx=13867, majf=0, minf=9
  IO depths    : 1=88.6%, 2=1.2%, 4=2.4%, 8=7.8%, 16=0.0%, 32=0.0%, >=64=0.0%
     submit    : 0=0.0%, 4=100.0%, 8=0.0%, 16=0.0%, 32=0.0%, 64=0.0%, >=64=0.0%
     complete  : 0=0.0%, 4=100.0%, 8=0.0%, 16=0.0%, 32=0.0%, 64=0.0%, >=64=0.0%
     issued    : total=r=0/w=7201/d=0, short=r=0/w=0/d=0

Run status group 0 (all jobs):
   READ: io=70551MB, aggrb=1175.8MB/s, minb=122938KB/s, maxb=1055.8MB/s, mint=60001msec, maxt=60005msec
  WRITE: io=7201.0MB, aggrb=122899KB/s, minb=122899KB/s, maxb=122899KB/s, mint=59999msec, maxt=59999msec

Disk stats (read/write):
  nvme0n1: ios=1564200/64782, merge=0/0, ticks=870036/338288, in_queue=1208900, util=99.97%
