randread-32k-64k: (g=0): rw=randread, bs=32K-64K/32K-64K/32K-64K, ioengine=libaio, iodepth=10
seqread: (g=0): rw=read, bs=1M-1M/1M-1M/1M-1M, ioengine=libaio, iodepth=10
seqwrite: (g=0): rw=write, bs=1M-1M/1M-1M/1M-1M, ioengine=libaio, iodepth=10
fio-2.1.3
Starting 3 processes

randread-32k-64k: (groupid=0, jobs=1): err= 0: pid=26246: Fri May 27 17:45:41 2016
  read : io=2050.3MB, bw=34983KB/s, iops=764, runt= 60013msec
    slat (usec): min=3, max=75828, avg=81.60, stdev=404.82
    clat (msec): min=2, max=326, avg=12.99, stdev= 8.72
     lat (msec): min=5, max=326, avg=13.08, stdev= 8.75
    clat percentiles (msec):
     |  1.00th=[   10],  5.00th=[   10], 10.00th=[   10], 20.00th=[   11],
     | 30.00th=[   11], 40.00th=[   12], 50.00th=[   12], 60.00th=[   12],
     | 70.00th=[   13], 80.00th=[   14], 90.00th=[   16], 95.00th=[   18],
     | 99.00th=[   43], 99.50th=[   75], 99.90th=[  111], 99.95th=[  133],
     | 99.99th=[  326]
    bw (KB  /s): min= 5120, max=43305, per=5.03%, avg=35060.06, stdev=7060.29
    lat (msec) : 4=0.01%, 10=12.73%, 20=82.88%, 50=3.75%, 100=0.49%
    lat (msec) : 250=0.13%, 500=0.02%
  cpu          : usr=0.53%, sys=6.46%, ctx=36979, majf=0, minf=169
  IO depths    : 1=0.1%, 2=0.1%, 4=0.1%, 8=100.0%, 16=0.0%, 32=0.0%, >=64=0.0%
     submit    : 0=0.0%, 4=100.0%, 8=0.0%, 16=0.0%, 32=0.0%, 64=0.0%, >=64=0.0%
     complete  : 0=0.0%, 4=100.0%, 8=0.0%, 16=0.1%, 32=0.0%, 64=0.0%, >=64=0.0%
     issued    : total=r=45869/w=0/d=0, short=r=0/w=0/d=0
seqread: (groupid=0, jobs=1): err= 0: pid=26247: Fri May 27 17:45:41 2016
  read : io=38792MB, bw=661929KB/s, iops=646, runt= 60011msec
    slat (usec): min=60, max=78523, avg=298.13, stdev=442.31
    clat (msec): min=3, max=469, avg=15.16, stdev=10.23
     lat (msec): min=5, max=470, avg=15.46, stdev=10.24
    clat percentiles (msec):
     |  1.00th=[   11],  5.00th=[   12], 10.00th=[   12], 20.00th=[   13],
     | 30.00th=[   13], 40.00th=[   14], 50.00th=[   14], 60.00th=[   15],
     | 70.00th=[   15], 80.00th=[   16], 90.00th=[   17], 95.00th=[   23],
     | 99.00th=[   47], 99.50th=[   87], 99.90th=[  133], 99.95th=[  143],
     | 99.99th=[  330]
    bw (KB  /s): min=88064, max=761856, per=95.10%, avg=662721.41, stdev=132658.50
    lat (msec) : 4=0.01%, 10=0.28%, 20=94.33%, 50=4.49%, 100=0.59%
    lat (msec) : 250=0.27%, 500=0.03%
  cpu          : usr=0.47%, sys=19.12%, ctx=35952, majf=0, minf=525
  IO depths    : 1=0.1%, 2=0.1%, 4=0.1%, 8=99.9%, 16=0.0%, 32=0.0%, >=64=0.0%
     submit    : 0=0.0%, 4=100.0%, 8=0.0%, 16=0.0%, 32=0.0%, 64=0.0%, >=64=0.0%
     complete  : 0=0.0%, 4=100.0%, 8=0.0%, 16=0.1%, 32=0.0%, 64=0.0%, >=64=0.0%
     issued    : total=r=38792/w=0/d=0, short=r=0/w=0/d=0
seqwrite: (groupid=0, jobs=1): err= 0: pid=26248: Fri May 27 17:45:41 2016
  write: io=38567MB, bw=658100KB/s, iops=642, runt= 60010msec
    slat (usec): min=60, max=78878, avg=350.08, stdev=448.19
    clat (msec): min=4, max=469, avg=15.20, stdev=10.20
     lat (msec): min=5, max=470, avg=15.55, stdev=10.24
    clat percentiles (msec):
     |  1.00th=[   12],  5.00th=[   12], 10.00th=[   13], 20.00th=[   13],
     | 30.00th=[   13], 40.00th=[   14], 50.00th=[   14], 60.00th=[   14],
     | 70.00th=[   15], 80.00th=[   15], 90.00th=[   17], 95.00th=[   22],
     | 99.00th=[   50], 99.50th=[   87], 99.90th=[  133], 99.95th=[  147],
     | 99.99th=[  330]
    bw (KB  /s): min=53811, max=741940, per=100.00%, avg=660240.69, stdev=129747.68
    lat (msec) : 10=0.19%, 20=94.53%, 50=4.30%, 100=0.65%, 250=0.31%
    lat (msec) : 500=0.03%
  cpu          : usr=4.10%, sys=18.47%, ctx=37737, majf=0, minf=10
  IO depths    : 1=0.1%, 2=0.1%, 4=0.1%, 8=99.9%, 16=0.0%, 32=0.0%, >=64=0.0%
     submit    : 0=0.0%, 4=100.0%, 8=0.0%, 16=0.0%, 32=0.0%, 64=0.0%, >=64=0.0%
     complete  : 0=0.0%, 4=100.0%, 8=0.0%, 16=0.1%, 32=0.0%, 64=0.0%, >=64=0.0%
     issued    : total=r=0/w=38567/d=0, short=r=0/w=0/d=0

Run status group 0 (all jobs):
   READ: io=40842MB, aggrb=696890KB/s, minb=34983KB/s, maxb=661928KB/s, mint=60011msec, maxt=60013msec
  WRITE: io=38567MB, aggrb=658100KB/s, minb=658100KB/s, maxb=658100KB/s, mint=60010msec, maxt=60010msec

Disk stats (read/write):
  nvme0n1: ios=394640/346773, merge=0/0, ticks=5599164/4962580, in_queue=10592916, util=100.00%
