randread-512: (g=0): rw=randread, bs=512-512/512-512/512-512, ioengine=libaio, iodepth=10
fio-2.1.3
Starting 1 process
randread-512: Laying out IO file(s) (1 file(s) / 5120MB)

randread-512: (groupid=0, jobs=1): err= 0: pid=23347: Fri May 27 17:32:35 2016
  read : io=1552.4MB, bw=26493KB/s, iops=52985, runt= 60001msec
    slat (usec): min=1, max=619, avg= 6.21, stdev= 9.66
    clat (usec): min=33, max=2358, avg=180.47, stdev=42.16
     lat (usec): min=38, max=2389, avg=186.85, stdev=42.04
    clat percentiles (usec):
     |  1.00th=[   83],  5.00th=[  119], 10.00th=[  141], 20.00th=[  159],
     | 30.00th=[  169], 40.00th=[  175], 50.00th=[  183], 60.00th=[  189],
     | 70.00th=[  195], 80.00th=[  201], 90.00th=[  211], 95.00th=[  221],
     | 99.00th=[  378], 99.50th=[  438], 99.90th=[  516], 99.95th=[  604],
     | 99.99th=[  668]
    bw (KB  /s): min=25495, max=28524, per=99.99%, avg=26490.24, stdev=615.82
    lat (usec) : 50=0.01%, 100=2.99%, 250=95.30%, 500=1.58%, 750=0.11%
    lat (usec) : 1000=0.01%
    lat (msec) : 2=0.01%, 4=0.01%
  cpu          : usr=19.63%, sys=48.07%, ctx=334441, majf=0, minf=10
  IO depths    : 1=0.1%, 2=0.1%, 4=0.1%, 8=100.0%, 16=0.0%, 32=0.0%, >=64=0.0%
     submit    : 0=0.0%, 4=100.0%, 8=0.0%, 16=0.0%, 32=0.0%, 64=0.0%, >=64=0.0%
     complete  : 0=0.0%, 4=100.0%, 8=0.0%, 16=0.1%, 32=0.0%, 64=0.0%, >=64=0.0%
     issued    : total=r=3179190/w=0/d=0, short=r=0/w=0/d=0

Run status group 0 (all jobs):
   READ: io=1552.4MB, aggrb=26492KB/s, minb=26492KB/s, maxb=26492KB/s, mint=60001msec, maxt=60001msec

Disk stats (read/write):
  nvme0n1: ios=3177468/53, merge=0/0, ticks=283388/4, in_queue=282720, util=80.97%
