randread-1k: (g=0): rw=randread, bs=1K-4K/1K-4K/1K-4K, ioengine=libaio, iodepth=10
seqread: (g=0): rw=read, bs=1M-1M/1M-1M/1M-1M, ioengine=libaio, iodepth=10
seqwrite: (g=0): rw=write, bs=1M-1M/1M-1M/1M-1M, ioengine=libaio, iodepth=10
fio-2.1.4
Starting 3 processes

randread-1k: (groupid=0, jobs=1): err= 0: pid=27692: Sat Mar 15 11:00:21 2014
  read : io=1046.7MB, bw=17860KB/s, iops=8601, runt= 60005msec
    slat (usec): min=2, max=102810, avg=109.42, stdev=1742.85
    clat (usec): min=3, max=417589, avg=1002.42, stdev=10725.79
     lat (usec): min=7, max=467832, avg=1111.97, stdev=11833.88
    clat percentiles (usec):
     |  1.00th=[   49],  5.00th=[   50], 10.00th=[   51], 20.00th=[   52],
     | 30.00th=[   52], 40.00th=[   53], 50.00th=[   54], 60.00th=[   55],
     | 70.00th=[   59], 80.00th=[  286], 90.00th=[  524], 95.00th=[ 1224],
     | 99.00th=[16064], 99.50th=[34560], 99.90th=[211968], 99.95th=[259072],
     | 99.99th=[317440]
    bw (KB  /s): min=    0, max=318830, per=35.54%, avg=18586.91, stdev=57119.57
    lat (usec) : 4=0.01%, 10=0.01%, 20=0.01%, 50=2.55%, 100=73.97%
    lat (usec) : 250=0.15%, 500=12.05%, 750=4.31%, 1000=1.39%
    lat (msec) : 2=2.53%, 4=0.69%, 10=0.83%, 20=0.70%, 50=0.55%
    lat (msec) : 100=0.06%, 250=0.16%, 500=0.06%
  cpu          : usr=1.35%, sys=5.39%, ctx=29729, majf=0, minf=36
  IO depths    : 1=0.1%, 2=0.1%, 4=0.1%, 8=100.0%, 16=0.0%, 32=0.0%, >=64=0.0%
     submit    : 0=0.0%, 4=100.0%, 8=0.0%, 16=0.0%, 32=0.0%, 64=0.0%, >=64=0.0%
     complete  : 0=0.0%, 4=100.0%, 8=0.0%, 16=0.1%, 32=0.0%, 64=0.0%, >=64=0.0%
     issued    : total=r=516151/w=0/d=0, short=r=0/w=0/d=0
seqread: (groupid=0, jobs=1): err= 0: pid=27693: Sat Mar 15 11:00:21 2014
  read : io=2018.0MB, bw=34444KB/s, iops=33, runt= 59994msec
    slat (usec): min=185, max=211503, avg=19789.59, stdev=28784.41
    clat (usec): min=1, max=1199.4K, avg=173260.62, stdev=193699.98
     lat (usec): min=190, max=1330.6K, avg=193053.09, stdev=210936.87
    clat percentiles (usec):
     |  1.00th=[    2],  5.00th=[    2], 10.00th=[    3], 20.00th=[61184],
     | 30.00th=[138240], 40.00th=[140288], 50.00th=[144384], 60.00th=[144384],
     | 70.00th=[146432], 80.00th=[148480], 90.00th=[395264], 95.00th=[643072],
     | 99.00th=[929792], 99.50th=[962560], 99.90th=[1073152], 99.95th=[1155072],
     | 99.99th=[1204224]
    bw (KB  /s): min=  107, max=136397, per=81.16%, avg=42441.91, stdev=25483.16
    lat (usec) : 2=0.05%, 4=17.05%, 10=0.55%, 20=0.10%
    lat (msec) : 4=0.35%, 10=0.55%, 20=0.20%, 50=0.74%, 100=7.14%
    lat (msec) : 250=58.87%, 500=6.34%, 750=4.36%, 1000=3.57%, 2000=0.15%
  cpu          : usr=0.08%, sys=4.38%, ctx=193268, majf=0, minf=2589
  IO depths    : 1=17.7%, 2=0.3%, 4=0.6%, 8=81.4%, 16=0.0%, 32=0.0%, >=64=0.0%
     submit    : 0=0.0%, 4=100.0%, 8=0.0%, 16=0.0%, 32=0.0%, 64=0.0%, >=64=0.0%
     complete  : 0=0.0%, 4=100.0%, 8=0.0%, 16=0.1%, 32=0.0%, 64=0.0%, >=64=0.0%
     issued    : total=r=2018/w=0/d=0, short=r=0/w=0/d=0
seqwrite: (groupid=0, jobs=1): err= 0: pid=27694: Sat Mar 15 11:00:21 2014
  write: io=2018.0MB, bw=34442KB/s, iops=33, runt= 59998msec
    slat (usec): min=490, max=212136, avg=19596.42, stdev=28545.86
    clat (usec): min=2, max=981749, avg=169662.26, stdev=188387.14
     lat (usec): min=493, max=1083.9K, avg=189261.39, stdev=205456.07
    clat percentiles (usec):
     |  1.00th=[    2],  5.00th=[    3], 10.00th=[    3], 20.00th=[46336],
     | 30.00th=[138240], 40.00th=[140288], 50.00th=[144384], 60.00th=[144384],
     | 70.00th=[146432], 80.00th=[148480], 90.00th=[374784], 95.00th=[618496],
     | 99.00th=[921600], 99.50th=[954368], 99.90th=[978944], 99.95th=[978944],
     | 99.99th=[978944]
    bw (KB  /s): min=  107, max=136669, per=100.00%, avg=42838.67, stdev=25668.06
    lat (usec) : 4=16.11%, 10=1.49%, 20=0.20%, 50=0.05%, 1000=0.05%
    lat (msec) : 2=0.05%, 4=0.10%, 10=1.09%, 20=0.10%, 50=0.79%
    lat (msec) : 100=7.19%, 250=58.82%, 500=6.24%, 750=4.26%, 1000=3.47%
  cpu          : usr=1.07%, sys=4.62%, ctx=191998, majf=0, minf=28
  IO depths    : 1=17.8%, 2=0.4%, 4=0.8%, 8=81.0%, 16=0.0%, 32=0.0%, >=64=0.0%
     submit    : 0=0.0%, 4=100.0%, 8=0.0%, 16=0.0%, 32=0.0%, 64=0.0%, >=64=0.0%
     complete  : 0=0.0%, 4=100.0%, 8=0.0%, 16=0.1%, 32=0.0%, 64=0.0%, >=64=0.0%
     issued    : total=r=0/w=2018/d=0, short=r=0/w=0/d=0

Run status group 0 (all jobs):
   READ: io=3064.7MB, aggrb=52297KB/s, minb=17860KB/s, maxb=34443KB/s, mint=59994msec, maxt=60005msec
  WRITE: io=2018.0MB, aggrb=34441KB/s, minb=34441KB/s, maxb=34441KB/s, mint=59998msec, maxt=59998msec

Disk stats (read/write):
  xvdg: ios=74192/43779, merge=34/436507, ticks=517382/4398549, in_queue=4915919, util=95.66%
