randread-1k: (g=0): rw=randread, bs=8K-16K/8K-16K/8K-16K, ioengine=libaio, iodepth=10
seqread: (g=0): rw=read, bs=1M-1M/1M-1M/1M-1M, ioengine=libaio, iodepth=10
seqwrite: (g=0): rw=write, bs=1M-1M/1M-1M/1M-1M, ioengine=libaio, iodepth=10
fio-2.1.4
Starting 3 processes

randread-1k: (groupid=0, jobs=1): err= 0: pid=27805: Sat Mar 15 11:07:49 2014
  read : io=1027.0MB, bw=17523KB/s, iops=1623, runt= 60015msec
    slat (usec): min=4, max=140080, avg=611.51, stdev=4695.74
    clat (usec): min=4, max=418041, avg=5517.25, stdev=25499.93
     lat (usec): min=8, max=470473, avg=6128.94, stdev=28006.90
    clat percentiles (usec):
     |  1.00th=[   68],  5.00th=[   71], 10.00th=[   72], 20.00th=[   75],
     | 30.00th=[   78], 40.00th=[   84], 50.00th=[  100], 60.00th=[  370],
     | 70.00th=[  780], 80.00th=[ 1256], 90.00th=[ 4320], 95.00th=[27264],
     | 99.00th=[129536], 99.50th=[203776], 99.90th=[309248], 99.95th=[358400],
     | 99.99th=[407552]
    bw (KB  /s): min=  197, max=290404, per=28.98%, avg=13206.71, stdev=37448.19
    lat (usec) : 10=0.01%, 20=0.01%, 50=0.01%, 100=49.91%, 250=7.17%
    lat (usec) : 500=5.33%, 750=7.31%, 1000=6.05%
    lat (msec) : 2=9.53%, 4=4.46%, 10=2.59%, 20=2.06%, 50=2.55%
    lat (msec) : 100=1.59%, 250=1.14%, 500=0.31%
  cpu          : usr=0.34%, sys=2.03%, ctx=14044, majf=0, minf=67
  IO depths    : 1=0.1%, 2=0.1%, 4=0.1%, 8=100.0%, 16=0.0%, 32=0.0%, >=64=0.0%
     submit    : 0=0.0%, 4=100.0%, 8=0.0%, 16=0.0%, 32=0.0%, 64=0.0%, >=64=0.0%
     complete  : 0=0.0%, 4=100.0%, 8=0.0%, 16=0.1%, 32=0.0%, 64=0.0%, >=64=0.0%
     issued    : total=r=97460/w=0/d=0, short=r=0/w=0/d=0
seqread: (groupid=0, jobs=1): err= 0: pid=27806: Sat Mar 15 11:07:49 2014
  read : io=2049.0MB, bw=30354KB/s, iops=29, runt= 69123msec
    slat (usec): min=177, max=240337, avg=21103.83, stdev=33971.87
    clat (usec): min=2, max=983784, avg=186984.77, stdev=209917.13
     lat (usec): min=183, max=1084.1K, avg=208091.23, stdev=227714.24
    clat percentiles (usec):
     |  1.00th=[    2],  5.00th=[    3], 10.00th=[    3], 20.00th=[ 9792],
     | 30.00th=[64768], 40.00th=[125440], 50.00th=[140288], 60.00th=[142336],
     | 70.00th=[146432], 80.00th=[321536], 90.00th=[509952], 95.00th=[643072],
     | 99.00th=[921600], 99.50th=[970752], 99.90th=[978944], 99.95th=[978944],
     | 99.99th=[987136]
    bw (KB  /s): min=   45, max=147149, per=94.18%, avg=42915.44, stdev=34211.94
    lat (usec) : 4=12.35%, 10=1.27%, 20=0.20%, 50=0.10%, 500=0.05%
    lat (usec) : 750=0.05%, 1000=0.05%
    lat (msec) : 2=0.15%, 4=5.61%, 10=0.20%, 20=0.24%, 50=3.17%
    lat (msec) : 100=15.57%, 250=37.87%, 500=12.69%, 750=7.27%, 1000=3.17%
  cpu          : usr=0.02%, sys=3.17%, ctx=18760, majf=0, minf=2589
  IO depths    : 1=13.9%, 2=0.4%, 4=0.8%, 8=84.9%, 16=0.0%, 32=0.0%, >=64=0.0%
     submit    : 0=0.0%, 4=100.0%, 8=0.0%, 16=0.0%, 32=0.0%, 64=0.0%, >=64=0.0%
     complete  : 0=0.0%, 4=99.9%, 8=0.0%, 16=0.1%, 32=0.0%, 64=0.0%, >=64=0.0%
     issued    : total=r=2049/w=0/d=0, short=r=0/w=0/d=0
seqwrite: (groupid=0, jobs=1): err= 0: pid=27807: Sat Mar 15 11:07:49 2014
  write: io=3112.0MB, bw=53109KB/s, iops=51, runt= 60003msec
    slat (usec): min=434, max=1155.7K, avg=14730.62, stdev=36816.04
    clat (usec): min=2, max=983825, avg=123739.78, stdev=191387.17
     lat (usec): min=437, max=1155.8K, avg=138472.13, stdev=209557.03
    clat percentiles (usec):
     |  1.00th=[    2],  5.00th=[    3], 10.00th=[    3], 20.00th=[    3],
     | 30.00th=[    3], 40.00th=[ 7712], 50.00th=[50944], 60.00th=[98816],
     | 70.00th=[142336], 80.00th=[144384], 90.00th=[411648], 95.00th=[552960],
     | 99.00th=[921600], 99.50th=[921600], 99.90th=[978944], 99.95th=[978944],
     | 99.99th=[987136]
    bw (KB  /s): min= 8951, max=268094, per=99.04%, avg=52599.78, stdev=41329.68
    lat (usec) : 4=30.88%, 10=4.40%, 20=0.39%, 50=0.10%, 750=0.03%
    lat (usec) : 1000=0.16%
    lat (msec) : 2=0.26%, 4=0.51%, 10=10.19%, 20=0.74%, 50=2.02%
    lat (msec) : 100=10.35%, 250=24.74%, 500=8.35%, 750=4.79%, 1000=2.09%
  cpu          : usr=1.10%, sys=4.17%, ctx=17276, majf=0, minf=28
  IO depths    : 1=35.8%, 2=0.6%, 4=1.3%, 8=62.3%, 16=0.0%, 32=0.0%, >=64=0.0%
     submit    : 0=0.0%, 4=100.0%, 8=0.0%, 16=0.0%, 32=0.0%, 64=0.0%, >=64=0.0%
     complete  : 0=0.0%, 4=99.9%, 8=0.0%, 16=0.1%, 32=0.0%, 64=0.0%, >=64=0.0%
     issued    : total=r=0/w=3112/d=0, short=r=0/w=0/d=0

Run status group 0 (all jobs):
   READ: io=3076.0MB, aggrb=45568KB/s, minb=17523KB/s, maxb=30354KB/s, mint=60015msec, maxt=69123msec
  WRITE: io=3112.0MB, aggrb=53108KB/s, minb=53108KB/s, maxb=53108KB/s, mint=60003msec, maxt=60003msec

Disk stats (read/write):
  xvdg: ios=47834/72370, merge=17/724189, ticks=495203/7405208, in_queue=7907055, util=99.10%
