randread-1k: (g=0): rw=randread, bs=8K-16K/8K-16K/8K-16K, ioengine=libaio, iodepth=10
seqread: (g=0): rw=read, bs=1M-1M/1M-1M/1M-1M, ioengine=libaio, iodepth=10
seqwrite: (g=0): rw=write, bs=1M-1M/1M-1M/1M-1M, ioengine=libaio, iodepth=10
fio-2.1.4
Starting 3 processes

randread-1k: (groupid=0, jobs=1): err= 0: pid=27760: Sat Mar 15 11:04:32 2014
  read : io=2048.8MB, bw=34381KB/s, iops=3186, runt= 60997msec
    slat (usec): min=4, max=48370, avg=268.99, stdev=337.77
    clat (usec): min=4, max=401006, avg=2460.53, stdev=2317.34
     lat (usec): min=75, max=406010, avg=2729.99, stdev=2503.79
    clat percentiles (usec):
     |  1.00th=[ 1224],  5.00th=[ 1640], 10.00th=[ 1832], 20.00th=[ 2064],
     | 30.00th=[ 2224], 40.00th=[ 2320], 50.00th=[ 2448], 60.00th=[ 2544],
     | 70.00th=[ 2640], 80.00th=[ 2736], 90.00th=[ 2896], 95.00th=[ 3184],
     | 99.00th=[ 4576], 99.50th=[ 4960], 99.90th=[ 6240], 99.95th=[ 6880],
     | 99.99th=[10816]
    bw (KB  /s): min=    1, max=48704, per=87.15%, avg=38771.03, stdev=6232.48
    lat (usec) : 10=0.01%, 100=0.01%, 500=0.03%, 750=0.12%, 1000=0.28%
    lat (msec) : 2=16.52%, 4=80.85%, 10=2.18%, 20=0.01%, 50=0.01%
    lat (msec) : 100=0.01%, 250=0.01%, 500=0.01%
  cpu          : usr=0.43%, sys=9.15%, ctx=167460, majf=0, minf=67
  IO depths    : 1=0.1%, 2=0.1%, 4=0.1%, 8=100.0%, 16=0.0%, 32=0.0%, >=64=0.0%
     submit    : 0=0.0%, 4=100.0%, 8=0.0%, 16=0.0%, 32=0.0%, 64=0.0%, >=64=0.0%
     complete  : 0=0.0%, 4=100.0%, 8=0.0%, 16=0.1%, 32=0.0%, 64=0.0%, >=64=0.0%
     issued    : total=r=194397/w=0/d=0, short=r=0/w=0/d=0
seqread: (groupid=0, jobs=1): err= 0: pid=27761: Sat Mar 15 11:04:32 2014
  read : io=616448KB, bw=10274KB/s, iops=10, runt= 60001msec
    slat (usec): min=226, max=108121, avg=2302.31, stdev=6554.42
    clat (usec): min=2, max=92998, avg=1173.70, stdev=9399.80
     lat (usec): min=232, max=173355, avg=3478.82, stdev=12400.34
    clat percentiles (usec):
     |  1.00th=[    2],  5.00th=[    2], 10.00th=[    2], 20.00th=[    3],
     | 30.00th=[    3], 40.00th=[    3], 50.00th=[    3], 60.00th=[    3],
     | 70.00th=[    3], 80.00th=[    4], 90.00th=[    4], 95.00th=[    9],
     | 99.00th=[29056], 99.50th=[91648], 99.90th=[92672], 99.95th=[92672],
     | 99.99th=[92672]
    bw (KB  /s): min= 8476, max=12239, per=23.06%, avg=10258.52, stdev=275.09
    lat (usec) : 4=77.08%, 10=17.94%, 20=1.50%, 50=0.17%, 100=0.17%
    lat (msec) : 4=0.83%, 10=0.33%, 20=0.50%, 50=0.50%, 100=1.00%
  cpu          : usr=0.01%, sys=0.64%, ctx=3096, majf=0, minf=2587
  IO depths    : 1=96.8%, 2=0.7%, 4=1.3%, 8=1.2%, 16=0.0%, 32=0.0%, >=64=0.0%
     submit    : 0=0.0%, 4=100.0%, 8=0.0%, 16=0.0%, 32=0.0%, 64=0.0%, >=64=0.0%
     complete  : 0=0.0%, 4=100.0%, 8=0.0%, 16=0.0%, 32=0.0%, 64=0.0%, >=64=0.0%
     issued    : total=r=602/w=0/d=0, short=r=0/w=0/d=0
seqwrite: (groupid=0, jobs=1): err= 0: pid=27762: Sat Mar 15 11:04:32 2014
  write: io=616448KB, bw=10274KB/s, iops=10, runt= 60003msec
    slat (usec): min=523, max=535107, avg=2266.08, stdev=22656.34
    clat (usec): min=2, max=97846, avg=1373.63, stdev=9782.94
     lat (usec): min=527, max=535113, avg=3640.57, stdev=25146.01
    clat percentiles (usec):
     |  1.00th=[    2],  5.00th=[    3], 10.00th=[    3], 20.00th=[    3],
     | 30.00th=[    3], 40.00th=[    3], 50.00th=[    3], 60.00th=[    3],
     | 70.00th=[    3], 80.00th=[    4], 90.00th=[    4], 95.00th=[ 2224],
     | 99.00th=[28288], 99.50th=[95744], 99.90th=[97792], 99.95th=[97792],
     | 99.99th=[97792]
    bw (KB  /s): min= 3683, max=15369, per=99.81%, avg=10253.14, stdev=844.41
    lat (usec) : 4=70.60%, 10=22.26%, 20=1.33%, 50=0.50%
    lat (msec) : 2=0.17%, 4=0.66%, 10=2.49%, 20=0.50%, 50=0.50%
    lat (msec) : 100=1.00%
  cpu          : usr=0.28%, sys=0.60%, ctx=826, majf=0, minf=26
  IO depths    : 1=94.7%, 2=1.0%, 4=2.0%, 8=2.3%, 16=0.0%, 32=0.0%, >=64=0.0%
     submit    : 0=0.0%, 4=100.0%, 8=0.0%, 16=0.0%, 32=0.0%, 64=0.0%, >=64=0.0%
     complete  : 0=0.0%, 4=100.0%, 8=0.0%, 16=0.0%, 32=0.0%, 64=0.0%, >=64=0.0%
     issued    : total=r=0/w=602/d=0, short=r=0/w=0/d=0

Run status group 0 (all jobs):
   READ: io=2650.8MB, aggrb=44487KB/s, minb=10273KB/s, maxb=34381KB/s, mint=60001msec, maxt=60997msec
  WRITE: io=616448KB, aggrb=10273KB/s, minb=10273KB/s, maxb=10273KB/s, mint=60003msec, maxt=60003msec

Disk stats (read/write):
  xvdg: ios=176316/14168, merge=0/140236, ticks=60728/1139705, in_queue=1200417, util=95.82%
