randread-1k: (g=0): rw=randread, bs=1K-4K/1K-4K/1K-4K, ioengine=libaio, iodepth=10
seqread: (g=0): rw=read, bs=1M-1M/1M-1M/1M-1M, ioengine=libaio, iodepth=10
seqwrite: (g=0): rw=write, bs=1M-1M/1M-1M/1M-1M, ioengine=libaio, iodepth=10
fio-2.1.4
Starting 3 processes

randread-1k: (groupid=0, jobs=1): err= 0: pid=27740: Sat Mar 15 11:02:27 2014
  read : io=2050.5MB, bw=34993KB/s, iops=16910, runt= 60002msec
    slat (usec): min=3, max=127889, avg=53.61, stdev=1089.20
    clat (usec): min=3, max=268735, avg=499.04, stdev=5309.01
     lat (usec): min=6, max=268741, avg=552.74, stdev=5821.43
    clat percentiles (usec):
     |  1.00th=[   49],  5.00th=[   50], 10.00th=[   51], 20.00th=[   51],
     | 30.00th=[   52], 40.00th=[   52], 50.00th=[   53], 60.00th=[   53],
     | 70.00th=[   54], 80.00th=[   55], 90.00th=[   59], 95.00th=[   67],
     | 99.00th=[12352], 99.50th=[26240], 99.90th=[85504], 99.95th=[127488],
     | 99.99th=[181248]
    bw (KB  /s): min=    0, max=388826, per=56.37%, avg=36824.41, stdev=103524.77
    lat (usec) : 4=0.01%, 10=0.01%, 20=0.01%, 50=1.88%, 100=96.28%
    lat (usec) : 250=0.11%, 500=0.01%, 750=0.01%, 1000=0.01%
    lat (msec) : 2=0.01%, 4=0.07%, 10=0.53%, 20=0.45%, 50=0.50%
    lat (msec) : 100=0.11%, 250=0.06%, 500=0.01%
  cpu          : usr=2.33%, sys=8.59%, ctx=6878, majf=0, minf=36
  IO depths    : 1=0.1%, 2=0.1%, 4=0.1%, 8=100.0%, 16=0.0%, 32=0.0%, >=64=0.0%
     submit    : 0=0.0%, 4=100.0%, 8=0.0%, 16=0.0%, 32=0.0%, 64=0.0%, >=64=0.0%
     complete  : 0=0.0%, 4=100.0%, 8=0.0%, 16=0.1%, 32=0.0%, 64=0.0%, >=64=0.0%
     issued    : total=r=1014643/w=0/d=0, short=r=0/w=0/d=0
seqread: (groupid=0, jobs=1): err= 0: pid=27741: Sat Mar 15 11:02:27 2014
  read : io=2049.0MB, bw=32651KB/s, iops=31, runt= 64260msec
    slat (usec): min=261, max=65776, avg=13874.44, stdev=4304.94
    clat (usec): min=5, max=150070, avg=123937.72, stdev=34113.74
     lat (usec): min=335, max=214119, avg=137815.06, stdev=37663.46
    clat percentiles (msec):
     |  1.00th=[   49],  5.00th=[   65], 10.00th=[   69], 20.00th=[   76],
     | 30.00th=[  141], 40.00th=[  143], 50.00th=[  145], 60.00th=[  145],
     | 70.00th=[  145], 80.00th=[  147], 90.00th=[  147], 95.00th=[  147],
     | 99.00th=[  149], 99.50th=[  149], 99.90th=[  151], 99.95th=[  151],
     | 99.99th=[  151]
    bw (KB  /s): min=   62, max=135857, per=100.00%, avg=70137.07, stdev=27805.35
    lat (usec) : 10=0.15%
    lat (msec) : 10=0.05%, 20=0.20%, 50=0.68%, 100=26.79%, 250=72.13%
  cpu          : usr=0.01%, sys=7.85%, ctx=567543, majf=0, minf=2589
  IO depths    : 1=0.1%, 2=0.2%, 4=0.4%, 8=99.3%, 16=0.0%, 32=0.0%, >=64=0.0%
     submit    : 0=0.0%, 4=100.0%, 8=0.0%, 16=0.0%, 32=0.0%, 64=0.0%, >=64=0.0%
     complete  : 0=0.0%, 4=99.9%, 8=0.0%, 16=0.1%, 32=0.0%, 64=0.0%, >=64=0.0%
     issued    : total=r=2049/w=0/d=0, short=r=0/w=0/d=0
seqwrite: (groupid=0, jobs=1): err= 0: pid=27742: Sat Mar 15 11:02:27 2014
  write: io=2049.0MB, bw=32673KB/s, iops=31, runt= 64218msec
    slat (usec): min=677, max=65396, avg=13821.23, stdev=4176.78
    clat (usec): min=4, max=150207, avg=123869.14, stdev=34170.16
     lat (msec): min=1, max=167, avg=137.69, stdev=37.69
    clat percentiles (msec):
     |  1.00th=[   47],  5.00th=[   65], 10.00th=[   69], 20.00th=[   75],
     | 30.00th=[  141], 40.00th=[  145], 50.00th=[  145], 60.00th=[  145],
     | 70.00th=[  145], 80.00th=[  147], 90.00th=[  147], 95.00th=[  147],
     | 99.00th=[  149], 99.50th=[  149], 99.90th=[  151], 99.95th=[  151],
     | 99.99th=[  151]
    bw (KB  /s): min=   62, max=135857, per=100.00%, avg=70132.81, stdev=27796.77
    lat (usec) : 10=0.15%
    lat (msec) : 2=0.05%, 20=0.29%, 50=0.63%, 100=26.79%, 250=72.08%
  cpu          : usr=1.30%, sys=8.37%, ctx=568423, majf=0, minf=27
  IO depths    : 1=0.1%, 2=0.2%, 4=0.4%, 8=99.3%, 16=0.0%, 32=0.0%, >=64=0.0%
     submit    : 0=0.0%, 4=100.0%, 8=0.0%, 16=0.0%, 32=0.0%, 64=0.0%, >=64=0.0%
     complete  : 0=0.0%, 4=99.9%, 8=0.0%, 16=0.1%, 32=0.0%, 64=0.0%, >=64=0.0%
     issued    : total=r=0/w=2049/d=0, short=r=0/w=0/d=0

Run status group 0 (all jobs):
   READ: io=4099.5MB, aggrb=65325KB/s, minb=32651KB/s, maxb=34992KB/s, mint=60002msec, maxt=64260msec
  WRITE: io=2049.0MB, aggrb=32672KB/s, minb=32672KB/s, maxb=32672KB/s, mint=64218msec, maxt=64218msec

Disk stats (read/write):
  xvdg: ios=54952/53850, merge=0/537275, ticks=331620/5006563, in_queue=5338106, util=99.36%
