randread-64k: (g=0): rw=randread, bs=64K-64K/64K-64K/64K-64K, ioengine=libaio, iodepth=10
fio-2.1.4
Starting 1 process

randread-64k: (groupid=0, jobs=1): err= 0: pid=27876: Sat Mar 15 11:15:53 2014
  read : io=3850.0MB, bw=65706KB/s, iops=1026, runt= 60001msec
    slat (usec): min=406, max=8332, avg=961.06, stdev=637.80
    clat (usec): min=5, max=25856, avg=8693.80, stdev=994.63
     lat (usec): min=502, max=27046, avg=9655.45, stdev=1089.42
    clat percentiles (usec):
     |  1.00th=[ 4512],  5.00th=[ 7456], 10.00th=[ 7968], 20.00th=[ 8384],
     | 30.00th=[ 8512], 40.00th=[ 8512], 50.00th=[ 8896], 60.00th=[ 9024],
     | 70.00th=[ 9024], 80.00th=[ 9152], 90.00th=[ 9536], 95.00th=[ 9664],
     | 99.00th=[10432], 99.50th=[10560], 99.90th=[12992], 99.95th=[15168],
     | 99.99th=[22912]
    bw (KB  /s): min=64127, max=93952, per=100.00%, avg=65734.10, stdev=3245.65
    lat (usec) : 10=0.01%, 750=0.01%, 1000=0.01%
    lat (msec) : 2=0.01%, 4=0.01%, 10=96.76%, 20=3.18%, 50=0.03%
  cpu          : usr=0.11%, sys=6.61%, ctx=61738, majf=0, minf=187
  IO depths    : 1=0.1%, 2=0.1%, 4=0.1%, 8=100.0%, 16=0.0%, 32=0.0%, >=64=0.0%
     submit    : 0=0.0%, 4=100.0%, 8=0.0%, 16=0.0%, 32=0.0%, 64=0.0%, >=64=0.0%
     complete  : 0=0.0%, 4=100.0%, 8=0.0%, 16=0.1%, 32=0.0%, 64=0.0%, >=64=0.0%
     issued    : total=r=61600/w=0/d=0, short=r=0/w=0/d=0

Run status group 0 (all jobs):
   READ: io=3850.0MB, aggrb=65705KB/s, minb=65705KB/s, maxb=65705KB/s, mint=60001msec, maxt=60001msec

Disk stats (read/write):
  xvdg: ios=122933/0, merge=0/0, ticks=116577/0, in_queue=116579, util=97.18%
