randread-32k-64k: (g=0): rw=randread, bs=32K-64K/32K-64K/32K-64K, ioengine=libaio, iodepth=10
seqread: (g=0): rw=read, bs=1M-1M/1M-1M/1M-1M, ioengine=libaio, iodepth=10
seqwrite: (g=0): rw=write, bs=1M-1M/1M-1M/1M-1M, ioengine=libaio, iodepth=10
fio-2.2.8
Starting 3 processes

randread-32k-64k: (groupid=0, jobs=1): err= 0: pid=5184: Thu Apr  7 15:41:04 2016
  read : io=66336KB, bw=1101.8KB/s, iops=34, runt= 60208msec
    slat (usec): min=2, max=46, avg= 4.63, stdev= 2.10
    clat (msec): min=7, max=1310, avg=290.36, stdev=251.39
     lat (msec): min=7, max=1310, avg=290.36, stdev=251.39
    clat percentiles (msec):
     |  1.00th=[   75],  5.00th=[  147], 10.00th=[  157], 20.00th=[  167],
     | 30.00th=[  176], 40.00th=[  182], 50.00th=[  192], 60.00th=[  210],
     | 70.00th=[  243], 80.00th=[  285], 90.00th=[  594], 95.00th=[ 1037],
     | 99.00th=[ 1106], 99.50th=[ 1123], 99.90th=[ 1237], 99.95th=[ 1303],
     | 99.99th=[ 1303]
    bw (KB  /s): min=   55, max= 2231, per=2.43%, avg=1244.71, stdev=573.87
    lat (msec) : 10=0.05%, 20=0.48%, 50=0.34%, 100=0.63%, 250=70.19%
    lat (msec) : 500=16.40%, 750=2.89%, 1000=1.88%, 2000=7.14%
  cpu          : usr=0.01%, sys=0.01%, ctx=2077, majf=0, minf=94
  IO depths    : 1=0.1%, 2=0.1%, 4=0.2%, 8=99.7%, 16=0.0%, 32=0.0%, >=64=0.0%
     submit    : 0=0.0%, 4=100.0%, 8=0.0%, 16=0.0%, 32=0.0%, 64=0.0%, >=64=0.0%
     complete  : 0=0.0%, 4=100.0%, 8=0.0%, 16=0.1%, 32=0.0%, 64=0.0%, >=64=0.0%
     issued    : total=r=2073/w=0/d=0, short=r=0/w=0/d=0, drop=r=0/w=0/d=0
     latency   : target=0, window=0, percentile=100.00%, depth=10
seqread: (groupid=0, jobs=1): err= 0: pid=5185: Thu Apr  7 15:41:04 2016
  read : io=2941.0MB, bw=50062KB/s, iops=48, runt= 60157msec
    slat (usec): min=13, max=289, avg=20.19, stdev= 9.57
    clat (msec): min=47, max=1157, avg=204.49, stdev=230.40
     lat (msec): min=47, max=1157, avg=204.52, stdev=230.40
    clat percentiles (msec):
     |  1.00th=[   48],  5.00th=[   49], 10.00th=[   50], 20.00th=[   55],
     | 30.00th=[  149], 40.00th=[  163], 50.00th=[  167], 60.00th=[  176],
     | 70.00th=[  184], 80.00th=[  192], 90.00th=[  233], 95.00th=[ 1045],
     | 99.00th=[ 1106], 99.50th=[ 1106], 99.90th=[ 1156], 99.95th=[ 1156],
     | 99.99th=[ 1156]
    bw (KB  /s): min= 1011, max=204800, per=100.00%, avg=55904.82, stdev=37418.32
    lat (msec) : 50=9.42%, 100=15.47%, 250=65.90%, 500=2.35%, 750=0.88%
    lat (msec) : 1000=0.48%, 2000=5.51%
  cpu          : usr=0.01%, sys=0.11%, ctx=2945, majf=0, minf=528
  IO depths    : 1=0.1%, 2=0.1%, 4=0.1%, 8=99.8%, 16=0.0%, 32=0.0%, >=64=0.0%
     submit    : 0=0.0%, 4=100.0%, 8=0.0%, 16=0.0%, 32=0.0%, 64=0.0%, >=64=0.0%
     complete  : 0=0.0%, 4=100.0%, 8=0.0%, 16=0.1%, 32=0.0%, 64=0.0%, >=64=0.0%
     issued    : total=r=2941/w=0/d=0, short=r=0/w=0/d=0, drop=r=0/w=0/d=0
     latency   : target=0, window=0, percentile=100.00%, depth=10
seqwrite: (groupid=0, jobs=1): err= 0: pid=5186: Thu Apr  7 15:41:04 2016
  write: io=5225.0MB, bw=89096KB/s, iops=87, runt= 60052msec
    slat (usec): min=21, max=86, avg=40.68, stdev= 8.75
    clat (msec): min=2, max=1308, avg=113.86, stdev=101.65
     lat (msec): min=2, max=1308, avg=113.90, stdev=101.66
    clat percentiles (msec):
     |  1.00th=[   48],  5.00th=[   49], 10.00th=[   53], 20.00th=[   53],
     | 30.00th=[   54], 40.00th=[   55], 50.00th=[   60], 60.00th=[  141],
     | 70.00th=[  167], 80.00th=[  176], 90.00th=[  190], 95.00th=[  204],
     | 99.00th=[  420], 99.50th=[  848], 99.90th=[ 1303], 99.95th=[ 1303],
     | 99.99th=[ 1303]
    bw (KB  /s): min= 4491, max=212992, per=100.00%, avg=91426.95, stdev=53649.66
    lat (msec) : 4=0.10%, 10=0.11%, 20=0.02%, 50=7.69%, 100=48.84%
    lat (msec) : 250=40.94%, 500=1.34%, 750=0.25%, 1000=0.52%, 2000=0.19%
  cpu          : usr=0.24%, sys=0.16%, ctx=5237, majf=0, minf=11
  IO depths    : 1=0.2%, 2=0.2%, 4=0.4%, 8=99.2%, 16=0.0%, 32=0.0%, >=64=0.0%
     submit    : 0=0.0%, 4=100.0%, 8=0.0%, 16=0.0%, 32=0.0%, 64=0.0%, >=64=0.0%
     complete  : 0=0.0%, 4=100.0%, 8=0.0%, 16=0.1%, 32=0.0%, 64=0.0%, >=64=0.0%
     issued    : total=r=0/w=5225/d=0, short=r=0/w=0/d=0, drop=r=0/w=0/d=0
     latency   : target=0, window=0, percentile=100.00%, depth=10

Run status group 0 (all jobs):
   READ: io=3005.8MB, aggrb=51121KB/s, minb=1101KB/s, maxb=50062KB/s, mint=60157msec, maxt=60208msec
  WRITE: io=5225.0MB, aggrb=89096KB/s, minb=89096KB/s, maxb=89096KB/s, mint=60052msec, maxt=60052msec

Disk stats (read/write):
  sda: ios=5012/5258, merge=0/3, ticks=1201130/601255, in_queue=1803617, util=99.87%
