randread-32k-64k: (g=0): rw=randread, bs=32K-64K/32K-64K/32K-64K, ioengine=libaio, iodepth=10
seqread: (g=0): rw=read, bs=1M-1M/1M-1M/1M-1M, ioengine=libaio, iodepth=10
seqwrite: (g=0): rw=write, bs=1M-1M/1M-1M/1M-1M, ioengine=libaio, iodepth=10
fio-2.2.8
Starting 3 processes

randread-32k-64k: (groupid=0, jobs=1): err= 0: pid=32672: Thu Apr  7 15:39:03 2016
  read : io=475552KB, bw=7920.8KB/s, iops=247, runt= 60039msec
    slat (usec): min=2, max=31, avg= 3.80, stdev= 1.40
    clat (usec): min=181, max=402778, avg=40392.10, stdev=48789.96
     lat (usec): min=184, max=402781, avg=40396.01, stdev=48790.07
    clat percentiles (msec):
     |  1.00th=[    3],  5.00th=[    4], 10.00th=[    6], 20.00th=[    8],
     | 30.00th=[   11], 40.00th=[   16], 50.00th=[   22], 60.00th=[   30],
     | 70.00th=[   43], 80.00th=[   65], 90.00th=[  104], 95.00th=[  141],
     | 99.00th=[  231], 99.50th=[  260], 99.90th=[  334], 99.95th=[  351],
     | 99.99th=[  404]
    bw (KB  /s): min= 4726, max=12239, per=27.89%, avg=7926.32, stdev=1652.07
    lat (usec) : 250=0.03%, 500=0.01%, 750=0.01%, 1000=0.17%
    lat (msec) : 2=0.38%, 4=4.68%, 10=22.33%, 20=21.03%, 50=25.35%
    lat (msec) : 100=15.44%, 250=9.95%, 500=0.62%
  cpu          : usr=0.08%, sys=0.11%, ctx=14866, majf=0, minf=92
  IO depths    : 1=0.1%, 2=0.1%, 4=0.1%, 8=100.0%, 16=0.0%, 32=0.0%, >=64=0.0%
     submit    : 0=0.0%, 4=100.0%, 8=0.0%, 16=0.0%, 32=0.0%, 64=0.0%, >=64=0.0%
     complete  : 0=0.0%, 4=100.0%, 8=0.0%, 16=0.1%, 32=0.0%, 64=0.0%, >=64=0.0%
     issued    : total=r=14861/w=0/d=0, short=r=0/w=0/d=0, drop=r=0/w=0/d=0
     latency   : target=0, window=0, percentile=100.00%, depth=10
seqread: (groupid=0, jobs=1): err= 0: pid=32673: Thu Apr  7 15:39:03 2016
  read : io=1202.0MB, bw=20502KB/s, iops=20, runt= 60035msec
    slat (usec): min=13, max=333, avg=20.18, stdev=13.89
    clat (msec): min=1, max=311, avg=93.03, stdev=55.85
     lat (msec): min=1, max=311, avg=93.05, stdev=55.85
    clat percentiles (usec):
     |  1.00th=[ 1928],  5.00th=[ 2608], 10.00th=[15552], 20.00th=[45312],
     | 30.00th=[63744], 40.00th=[77312], 50.00th=[89600], 60.00th=[101888],
     | 70.00th=[117248], 80.00th=[136192], 90.00th=[166912], 95.00th=[189440],
     | 99.00th=[244736], 99.50th=[268288], 99.90th=[301056], 99.95th=[313344],
     | 99.99th=[313344]
    bw (KB  /s): min= 7340, max=31267, per=72.89%, avg=20715.29, stdev=4383.15
    lat (msec) : 2=2.33%, 4=3.74%, 10=1.50%, 20=3.58%, 50=10.90%
    lat (msec) : 100=36.27%, 250=40.85%, 500=0.83%
  cpu          : usr=0.01%, sys=0.04%, ctx=1520, majf=0, minf=528
  IO depths    : 1=26.5%, 2=14.6%, 4=29.3%, 8=29.6%, 16=0.0%, 32=0.0%, >=64=0.0%
     submit    : 0=0.0%, 4=100.0%, 8=0.0%, 16=0.0%, 32=0.0%, 64=0.0%, >=64=0.0%
     complete  : 0=0.0%, 4=100.0%, 8=0.0%, 16=0.0%, 32=0.0%, 64=0.0%, >=64=0.0%
     issued    : total=r=1202/w=0/d=0, short=r=0/w=0/d=0, drop=r=0/w=0/d=0
     latency   : target=0, window=0, percentile=100.00%, depth=10
seqwrite: (groupid=0, jobs=1): err= 0: pid=32674: Thu Apr  7 15:39:03 2016
  write: io=1208.0MB, bw=20512KB/s, iops=20, runt= 60305msec
    slat (usec): min=21, max=81, avg=46.51, stdev= 9.64
    clat (msec): min=1, max=281, avg=91.84, stdev=57.83
     lat (msec): min=2, max=281, avg=91.89, stdev=57.83
    clat percentiles (usec):
     |  1.00th=[ 1992],  5.00th=[ 2096], 10.00th=[ 2320], 20.00th=[29824],
     | 30.00th=[60672], 40.00th=[78336], 50.00th=[98816], 60.00th=[116224],
     | 70.00th=[129536], 80.00th=[146432], 90.00th=[162816], 95.00th=[175104],
     | 99.00th=[199680], 99.50th=[216064], 99.90th=[280576], 99.95th=[280576],
     | 99.99th=[280576]
    bw (KB  /s): min= 6989, max=30658, per=100.00%, avg=20706.80, stdev=3271.28
    lat (msec) : 2=1.49%, 4=13.16%, 10=3.81%, 20=0.91%, 50=5.13%
    lat (msec) : 100=26.16%, 250=49.17%, 500=0.17%
  cpu          : usr=0.06%, sys=0.05%, ctx=1565, majf=0, minf=11
  IO depths    : 1=29.3%, 2=13.7%, 4=27.5%, 8=29.5%, 16=0.0%, 32=0.0%, >=64=0.0%
     submit    : 0=0.0%, 4=100.0%, 8=0.0%, 16=0.0%, 32=0.0%, 64=0.0%, >=64=0.0%
     complete  : 0=0.0%, 4=100.0%, 8=0.0%, 16=0.0%, 32=0.0%, 64=0.0%, >=64=0.0%
     issued    : total=r=0/w=1208/d=0, short=r=0/w=0/d=0, drop=r=0/w=0/d=0
     latency   : target=0, window=0, percentile=100.00%, depth=10

Run status group 0 (all jobs):
   READ: io=1666.5MB, aggrb=28421KB/s, minb=7920KB/s, maxb=20502KB/s, mint=60035msec, maxt=60039msec
  WRITE: io=1208.0MB, aggrb=20512KB/s, minb=20512KB/s, maxb=20512KB/s, mint=60305msec, maxt=60305msec

Disk stats (read/write):
  sda: ios=16063/1256, merge=0/1, ticks=711714/113004, in_queue=824716, util=99.63%
