randread-1k-4k: (g=0): rw=randread, bs=1K-4K/1K-4K/1K-4K, ioengine=libaio, iodepth=10
seqread: (g=0): rw=read, bs=1M-1M/1M-1M/1M-1M, ioengine=libaio, iodepth=10
seqwrite: (g=0): rw=write, bs=1M-1M/1M-1M/1M-1M, ioengine=libaio, iodepth=10
fio-2.2.8
Starting 3 processes

randread-1k-4k: (groupid=0, jobs=1): err= 0: pid=13683: Thu Apr  7 15:30:58 2016
  read : io=27747KB, bw=473327B/s, iops=264, runt= 60028msec
    slat (usec): min=1, max=27, avg= 2.85, stdev= 1.22
    clat (usec): min=36, max=346862, avg=37811.10, stdev=46912.82
     lat (usec): min=39, max=346865, avg=37814.06, stdev=46912.85
    clat percentiles (msec):
     |  1.00th=[    3],  5.00th=[    4], 10.00th=[    5], 20.00th=[    8],
     | 30.00th=[   11], 40.00th=[   14], 50.00th=[   20], 60.00th=[   27],
     | 70.00th=[   39], 80.00th=[   59], 90.00th=[   97], 95.00th=[  137],
     | 99.00th=[  227], 99.50th=[  243], 99.90th=[  293], 99.95th=[  310],
     | 99.99th=[  343]
    bw (KB  /s): min=  215, max=  834, per=2.20%, avg=461.93, stdev=105.53
    lat (usec) : 50=0.01%, 250=0.04%, 500=0.03%, 750=0.04%, 1000=0.03%
    lat (msec) : 2=0.39%, 4=5.45%, 10=23.28%, 20=22.30%, 50=24.69%
    lat (msec) : 100=14.20%, 250=9.10%, 500=0.43%
  cpu          : usr=0.09%, sys=0.10%, ctx=15874, majf=0, minf=20
  IO depths    : 1=0.1%, 2=0.1%, 4=0.1%, 8=100.0%, 16=0.0%, 32=0.0%, >=64=0.0%
     submit    : 0=0.0%, 4=100.0%, 8=0.0%, 16=0.0%, 32=0.0%, 64=0.0%, >=64=0.0%
     complete  : 0=0.0%, 4=100.0%, 8=0.0%, 16=0.1%, 32=0.0%, 64=0.0%, >=64=0.0%
     issued    : total=r=15873/w=0/d=0, short=r=0/w=0/d=0, drop=r=0/w=0/d=0
     latency   : target=0, window=0, percentile=100.00%, depth=10
seqread: (groupid=0, jobs=1): err= 0: pid=13684: Thu Apr  7 15:30:58 2016
  read : io=1206.0MB, bw=20508KB/s, iops=20, runt= 60217msec
    slat (usec): min=12, max=201, avg=18.21, stdev=11.06
    clat (msec): min=1, max=287, avg=81.20, stdev=49.59
     lat (msec): min=1, max=287, avg=81.22, stdev=49.59
    clat percentiles (usec):
     |  1.00th=[ 1880],  5.00th=[ 2064], 10.00th=[11840], 20.00th=[33024],
     | 30.00th=[56576], 40.00th=[70144], 50.00th=[82432], 60.00th=[92672],
     | 70.00th=[103936], 80.00th=[117248], 90.00th=[142336], 95.00th=[162816],
     | 99.00th=[220160], 99.50th=[254976], 99.90th=[284672], 99.95th=[288768],
     | 99.99th=[288768]
    bw (KB  /s): min= 6047, max=33736, per=98.44%, avg=20641.97, stdev=3987.78
    lat (msec) : 2=3.98%, 4=3.57%, 10=1.41%, 20=5.47%, 50=11.94%
    lat (msec) : 100=39.64%, 250=33.33%, 500=0.66%
  cpu          : usr=0.00%, sys=0.04%, ctx=1554, majf=0, minf=17
  IO depths    : 1=28.9%, 2=14.4%, 4=28.9%, 8=27.9%, 16=0.0%, 32=0.0%, >=64=0.0%
     submit    : 0=0.0%, 4=100.0%, 8=0.0%, 16=0.0%, 32=0.0%, 64=0.0%, >=64=0.0%
     complete  : 0=0.0%, 4=100.0%, 8=0.0%, 16=0.0%, 32=0.0%, 64=0.0%, >=64=0.0%
     issued    : total=r=1206/w=0/d=0, short=r=0/w=0/d=0, drop=r=0/w=0/d=0
     latency   : target=0, window=0, percentile=100.00%, depth=10
seqwrite: (groupid=0, jobs=1): err= 0: pid=13685: Thu Apr  7 15:30:58 2016
  write: io=1207.0MB, bw=20512KB/s, iops=20, runt= 60255msec
    slat (usec): min=21, max=77, avg=45.61, stdev= 9.31
    clat (msec): min=1, max=211, avg=90.04, stdev=56.30
     lat (msec): min=2, max=211, avg=90.08, stdev=56.30
    clat percentiles (usec):
     |  1.00th=[ 1992],  5.00th=[ 2040], 10.00th=[ 2192], 20.00th=[20608],
     | 30.00th=[60160], 40.00th=[77312], 50.00th=[98816], 60.00th=[114176],
     | 70.00th=[129536], 80.00th=[144384], 90.00th=[158720], 95.00th=[168960],
     | 99.00th=[185344], 99.50th=[191488], 99.90th=[211968], 99.95th=[211968],
     | 99.99th=[211968]
    bw (KB  /s): min= 7742, max=30658, per=100.00%, avg=20705.49, stdev=3838.05
    lat (msec) : 2=1.49%, 4=13.92%, 10=2.98%, 20=1.41%, 50=5.47%
    lat (msec) : 100=25.27%, 250=49.46%
  cpu          : usr=0.07%, sys=0.03%, ctx=1567, majf=0, minf=10
  IO depths    : 1=29.7%, 2=13.8%, 4=27.5%, 8=29.1%, 16=0.0%, 32=0.0%, >=64=0.0%
     submit    : 0=0.0%, 4=100.0%, 8=0.0%, 16=0.0%, 32=0.0%, 64=0.0%, >=64=0.0%
     complete  : 0=0.0%, 4=100.0%, 8=0.0%, 16=0.0%, 32=0.0%, 64=0.0%, >=64=0.0%
     issued    : total=r=0/w=1207/d=0, short=r=0/w=0/d=0, drop=r=0/w=0/d=0
     latency   : target=0, window=0, percentile=100.00%, depth=10

Run status group 0 (all jobs):
   READ: io=1233.1MB, aggrb=20969KB/s, minb=462KB/s, maxb=20508KB/s, mint=60028msec, maxt=60217msec
  WRITE: io=1207.0MB, aggrb=20512KB/s, minb=20512KB/s, maxb=20512KB/s, mint=60255msec, maxt=60255msec

Disk stats (read/write):
  sda: ios=17078/1259, merge=0/1, ticks=697722/111659, in_queue=809380, util=99.61%
