randread-128k: (g=0): rw=randread, bs=128K-128K/128K-128K/128K-128K, ioengine=libaio, iodepth=10
fio-2.2.8
Starting 1 process

randread-128k: (groupid=0, jobs=1): err= 0: pid=9203: Thu Apr  7 15:01:42 2016
  read : io=2415.7MB, bw=41199KB/s, iops=321, runt= 60041msec
    slat (usec): min=4, max=46, avg= 6.36, stdev= 1.44
    clat (usec): min=275, max=478538, avg=31059.26, stdev=33198.54
     lat (usec): min=281, max=478544, avg=31065.73, stdev=33198.50
    clat percentiles (msec):
     |  1.00th=[    4],  5.00th=[    5], 10.00th=[    7], 20.00th=[    9],
     | 30.00th=[   11], 40.00th=[   15], 50.00th=[   19], 60.00th=[   26],
     | 70.00th=[   35], 80.00th=[   48], 90.00th=[   73], 95.00th=[   99],
     | 99.00th=[  157], 99.50th=[  184], 99.90th=[  258], 99.95th=[  302],
     | 99.99th=[  469]
    bw (KB  /s): min=28416, max=46754, per=100.00%, avg=41256.66, stdev=2773.44
    lat (usec) : 500=0.02%, 1000=0.01%
    lat (msec) : 2=0.07%, 4=1.71%, 10=24.18%, 20=26.26%, 50=28.86%
    lat (msec) : 100=14.08%, 250=4.72%, 500=0.10%
  cpu          : usr=0.08%, sys=0.24%, ctx=19330, majf=0, minf=329
  IO depths    : 1=0.1%, 2=0.1%, 4=0.1%, 8=100.0%, 16=0.0%, 32=0.0%, >=64=0.0%
     submit    : 0=0.0%, 4=100.0%, 8=0.0%, 16=0.0%, 32=0.0%, 64=0.0%, >=64=0.0%
     complete  : 0=0.0%, 4=100.0%, 8=0.0%, 16=0.1%, 32=0.0%, 64=0.0%, >=64=0.0%
     issued    : total=r=19325/w=0/d=0, short=r=0/w=0/d=0, drop=r=0/w=0/d=0
     latency   : target=0, window=0, percentile=100.00%, depth=10

Run status group 0 (all jobs):
   READ: io=2415.7MB, aggrb=41198KB/s, minb=41198KB/s, maxb=41198KB/s, mint=60041msec, maxt=60041msec

Disk stats (read/write):
  sda: ios=19294/47, merge=0/1, ticks=598669/1640, in_queue=600639, util=99.87%
