randread-4k: (g=0): rw=randread, bs=4K-4K/4K-4K/4K-4K, ioengine=libaio, iodepth=10
fio-2.2.8
Starting 1 process

randread-4k: (groupid=0, jobs=1): err= 0: pid=17375: Thu Apr  7 15:18:51 2016
  read : io=100808KB, bw=1678.9KB/s, iops=419, runt= 60048msec
    slat (usec): min=1, max=28, avg= 2.78, stdev= 1.18
    clat (usec): min=42, max=298552, avg=23819.67, stdev=24627.72
     lat (usec): min=44, max=298555, avg=23822.57, stdev=24627.71
    clat percentiles (msec):
     |  1.00th=[    3],  5.00th=[    4], 10.00th=[    5], 20.00th=[    7],
     | 30.00th=[    9], 40.00th=[   12], 50.00th=[   15], 60.00th=[   20],
     | 70.00th=[   27], 80.00th=[   37], 90.00th=[   56], 95.00th=[   74],
     | 99.00th=[  120], 99.50th=[  139], 99.90th=[  180], 99.95th=[  202],
     | 99.99th=[  277]
    bw (KB  /s): min= 1246, max= 1896, per=100.00%, avg=1681.31, stdev=101.63
    lat (usec) : 50=0.02%, 500=0.01%, 750=0.03%, 1000=0.01%
    lat (msec) : 2=0.27%, 4=5.60%, 10=28.55%, 20=26.61%, 50=26.84%
    lat (msec) : 100=10.03%, 250=2.04%, 500=0.01%
  cpu          : usr=0.16%, sys=0.15%, ctx=25207, majf=0, minf=20
  IO depths    : 1=0.1%, 2=0.1%, 4=0.1%, 8=100.0%, 16=0.0%, 32=0.0%, >=64=0.0%
     submit    : 0=0.0%, 4=100.0%, 8=0.0%, 16=0.0%, 32=0.0%, 64=0.0%, >=64=0.0%
     complete  : 0=0.0%, 4=100.0%, 8=0.0%, 16=0.1%, 32=0.0%, 64=0.0%, >=64=0.0%
     issued    : total=r=25202/w=0/d=0, short=r=0/w=0/d=0, drop=r=0/w=0/d=0
     latency   : target=0, window=0, percentile=100.00%, depth=10

Run status group 0 (all jobs):
   READ: io=100808KB, aggrb=1678KB/s, minb=1678KB/s, maxb=1678KB/s, mint=60048msec, maxt=60048msec

Disk stats (read/write):
  sda: ios=25150/49, merge=0/34, ticks=598811/1322, in_queue=600327, util=99.87%
