randread-2k: (g=0): rw=randread, bs=2K-2K/2K-2K/2K-2K, ioengine=libaio, iodepth=10
fio-2.2.8
Starting 1 process

randread-2k: (groupid=0, jobs=1): err= 0: pid=23484: Thu Apr  7 15:07:45 2016
  read : io=50248KB, bw=856552B/s, iops=418, runt= 60071msec
    slat (usec): min=1, max=26, avg= 2.88, stdev= 1.23
    clat (usec): min=35, max=315364, avg=23901.78, stdev=24584.71
     lat (usec): min=38, max=315366, avg=23904.77, stdev=24584.70
    clat percentiles (msec):
     |  1.00th=[    3],  5.00th=[    4], 10.00th=[    5], 20.00th=[    7],
     | 30.00th=[    9], 40.00th=[   12], 50.00th=[   16], 60.00th=[   20],
     | 70.00th=[   27], 80.00th=[   37], 90.00th=[   56], 95.00th=[   74],
     | 99.00th=[  120], 99.50th=[  137], 99.90th=[  176], 99.95th=[  194],
     | 99.99th=[  285]
    bw (KB  /s): min=  636, max=  964, per=100.00%, avg=838.08, stdev=57.21
    lat (usec) : 50=0.02%, 250=0.01%, 500=0.01%, 750=0.02%, 1000=0.01%
    lat (msec) : 2=0.20%, 4=5.58%, 10=28.43%, 20=26.57%, 50=27.06%
    lat (msec) : 100=10.10%, 250=1.99%, 500=0.01%
  cpu          : usr=0.17%, sys=0.15%, ctx=25125, majf=0, minf=14
  IO depths    : 1=0.1%, 2=0.1%, 4=0.1%, 8=100.0%, 16=0.0%, 32=0.0%, >=64=0.0%
     submit    : 0=0.0%, 4=100.0%, 8=0.0%, 16=0.0%, 32=0.0%, 64=0.0%, >=64=0.0%
     complete  : 0=0.0%, 4=100.0%, 8=0.0%, 16=0.1%, 32=0.0%, 64=0.0%, >=64=0.0%
     issued    : total=r=25124/w=0/d=0, short=r=0/w=0/d=0, drop=r=0/w=0/d=0
     latency   : target=0, window=0, percentile=100.00%, depth=10

Run status group 0 (all jobs):
   READ: io=50248KB, aggrb=836KB/s, minb=836KB/s, maxb=836KB/s, mint=60071msec, maxt=60071msec

Disk stats (read/write):
  sda: ios=25087/58, merge=0/1, ticks=598839/1717, in_queue=600728, util=99.87%
