seqwrite: (g=0): rw=write, bs=1M-1M/1M-1M/1M-1M, ioengine=libaio, iodepth=10
fio-2.2.8
Starting 1 process
seqwrite: Laying out IO file(s) (1 file(s) / 5120MB)

seqwrite: (groupid=0, jobs=1): err= 0: pid=23818: Thu Apr  7 14:54:10 2016
  write: io=10996MB, bw=187512KB/s, iops=183, runt= 60049msec
    slat (usec): min=20, max=101, avg=38.37, stdev= 7.84
    clat (msec): min=2, max=116, avg=54.56, stdev= 6.11
     lat (msec): min=2, max=116, avg=54.60, stdev= 6.11
    clat percentiles (msec):
     |  1.00th=[   48],  5.00th=[   49], 10.00th=[   49], 20.00th=[   50],
     | 30.00th=[   50], 40.00th=[   53], 50.00th=[   54], 60.00th=[   56],
     | 70.00th=[   58], 80.00th=[   60], 90.00th=[   60], 95.00th=[   60],
     | 99.00th=[   79], 99.50th=[   95], 99.90th=[  112], 99.95th=[  117],
     | 99.99th=[  117]
    bw (KB  /s): min=151249, max=210103, per=99.98%, avg=187472.17, stdev=14203.28
    lat (msec) : 4=0.03%, 10=0.06%, 50=25.70%, 100=73.95%, 250=0.26%
  cpu          : usr=0.37%, sys=0.40%, ctx=11011, majf=0, minf=11
  IO depths    : 1=0.1%, 2=0.1%, 4=0.1%, 8=99.8%, 16=0.0%, 32=0.0%, >=64=0.0%
     submit    : 0=0.0%, 4=100.0%, 8=0.0%, 16=0.0%, 32=0.0%, 64=0.0%, >=64=0.0%
     complete  : 0=0.0%, 4=100.0%, 8=0.0%, 16=0.1%, 32=0.0%, 64=0.0%, >=64=0.0%
     issued    : total=r=0/w=10996/d=0, short=r=0/w=0/d=0, drop=r=0/w=0/d=0
     latency   : target=0, window=0, percentile=100.00%, depth=10

Run status group 0 (all jobs):
  WRITE: io=10996MB, aggrb=187511KB/s, minb=187511KB/s, maxb=187511KB/s, mint=60049msec, maxt=60049msec

Disk stats (read/write):
  sda: ios=0/12114, merge=0/4, ticks=0/672397, in_queue=672658, util=99.86%
