randread-8k-16k: (g=0): rw=randread, bs=8K-16K/8K-16K/8K-16K, ioengine=libaio, iodepth=10
seqread: (g=0): rw=read, bs=1M-1M/1M-1M/1M-1M, ioengine=libaio, iodepth=10
seqwrite: (g=0): rw=write, bs=1M-1M/1M-1M/1M-1M, ioengine=libaio, iodepth=10
fio-2.1.3
Starting 3 processes

randread-8k-16k: (groupid=0, jobs=1): err= 0: pid=532: Fri May 27 18:10:58 2016
  read : io=25535MB, bw=435793KB/s, iops=40394, runt= 60001msec
    slat (usec): min=1, max=45185, avg= 6.01, stdev=44.67
    clat (usec): min=1, max=147354, avg=240.31, stdev=1187.48
     lat (usec): min=32, max=150325, avg=246.42, stdev=1191.71
    clat percentiles (usec):
     |  1.00th=[   92],  5.00th=[  101], 10.00th=[  106], 20.00th=[  115],
     | 30.00th=[  122], 40.00th=[  131], 50.00th=[  141], 60.00th=[  157],
     | 70.00th=[  189], 80.00th=[  278], 90.00th=[  398], 95.00th=[  604],
     | 99.00th=[ 1208], 99.50th=[ 1432], 99.90th=[ 4960], 99.95th=[13248],
     | 99.99th=[75264]
    bw (KB  /s): min=  949, max=582992, per=72.81%, avg=436389.12, stdev=138073.68
    lat (usec) : 2=0.01%, 20=0.01%, 50=0.02%, 100=4.14%, 250=73.72%
    lat (usec) : 500=15.32%, 750=4.32%, 1000=0.93%
    lat (msec) : 2=1.35%, 4=0.09%, 10=0.03%, 20=0.05%, 50=0.01%
    lat (msec) : 100=0.01%, 250=0.01%
  cpu          : usr=7.53%, sys=30.74%, ctx=1205749, majf=0, minf=49
  IO depths    : 1=0.1%, 2=0.1%, 4=0.1%, 8=100.0%, 16=0.0%, 32=0.0%, >=64=0.0%
     submit    : 0=0.0%, 4=100.0%, 8=0.0%, 16=0.0%, 32=0.0%, 64=0.0%, >=64=0.0%
     complete  : 0=0.0%, 4=100.0%, 8=0.0%, 16=0.1%, 32=0.0%, 64=0.0%, >=64=0.0%
     issued    : total=r=2423703/w=0/d=0, short=r=0/w=0/d=0
seqread: (groupid=0, jobs=1): err= 0: pid=533: Fri May 27 18:10:58 2016
  read : io=9611.0MB, bw=163897KB/s, iops=160, runt= 60048msec
    slat (usec): min=83, max=46682, avg=320.30, stdev=703.31
    clat (usec): min=162, max=159044, avg=5434.62, stdev=17945.29
     lat (usec): min=656, max=159420, avg=5755.65, stdev=18042.43
    clat percentiles (usec):
     |  1.00th=[  572],  5.00th=[  604], 10.00th=[  620], 20.00th=[  644],
     | 30.00th=[  660], 40.00th=[  684], 50.00th=[  700], 60.00th=[  724],
     | 70.00th=[  788], 80.00th=[ 1688], 90.00th=[ 8896], 95.00th=[19072],
     | 99.00th=[100864], 99.50th=[113152], 99.90th=[144384], 99.95th=[156672],
     | 99.99th=[158720]
    bw (KB  /s): min=87391, max=312095, per=27.24%, avg=163262.06, stdev=18583.53
    lat (usec) : 250=0.02%, 500=0.10%, 750=65.29%, 1000=9.33%
    lat (msec) : 2=7.26%, 4=5.55%, 10=2.81%, 20=4.86%, 50=0.86%
    lat (msec) : 100=2.84%, 250=1.07%
  cpu          : usr=0.24%, sys=5.37%, ctx=17901, majf=0, minf=525
  IO depths    : 1=84.9%, 2=1.6%, 4=3.3%, 8=10.2%, 16=0.0%, 32=0.0%, >=64=0.0%
     submit    : 0=0.0%, 4=100.0%, 8=0.0%, 16=0.0%, 32=0.0%, 64=0.0%, >=64=0.0%
     complete  : 0=0.0%, 4=100.0%, 8=0.0%, 16=0.0%, 32=0.0%, 64=0.0%, >=64=0.0%
     issued    : total=r=9611/w=0/d=0, short=r=0/w=0/d=0
seqwrite: (groupid=0, jobs=1): err= 0: pid=534: Fri May 27 18:10:58 2016
  write: io=9602.0MB, bw=163893KB/s, iops=160, runt= 59993msec
    slat (usec): min=80, max=49925, avg=349.37, stdev=906.79
    clat (usec): min=290, max=161090, avg=5759.96, stdev=18197.53
     lat (usec): min=782, max=161378, avg=6110.15, stdev=18326.73
    clat percentiles (usec):
     |  1.00th=[  700],  5.00th=[  756], 10.00th=[  788], 20.00th=[  828],
     | 30.00th=[  860], 40.00th=[  892], 50.00th=[  916], 60.00th=[  948],
     | 70.00th=[  996], 80.00th=[ 1192], 90.00th=[10048], 95.00th=[19328],
     | 99.00th=[101888], 99.50th=[113152], 99.90th=[148480], 99.95th=[154624],
     | 99.99th=[160768]
    bw (KB  /s): min=81108, max=275928, per=99.57%, avg=163187.31, stdev=17128.23
    lat (usec) : 500=0.07%, 750=3.75%, 1000=66.97%
    lat (msec) : 2=13.07%, 4=1.80%, 10=4.29%, 20=5.22%, 50=0.77%
    lat (msec) : 100=2.99%, 250=1.07%
  cpu          : usr=1.11%, sys=4.88%, ctx=18159, majf=0, minf=10
  IO depths    : 1=86.1%, 2=1.3%, 4=2.5%, 8=10.1%, 16=0.0%, 32=0.0%, >=64=0.0%
     submit    : 0=0.0%, 4=100.0%, 8=0.0%, 16=0.0%, 32=0.0%, 64=0.0%, >=64=0.0%
     complete  : 0=0.0%, 4=100.0%, 8=0.0%, 16=0.0%, 32=0.0%, 64=0.0%, >=64=0.0%
     issued    : total=r=0/w=9602/d=0, short=r=0/w=0/d=0

Run status group 0 (all jobs):
   READ: io=35146MB, aggrb=599348KB/s, minb=163896KB/s, maxb=435792KB/s, mint=60001msec, maxt=60048msec
  WRITE: io=9602.0MB, aggrb=163893KB/s, minb=163893KB/s, maxb=163893KB/s, mint=59993msec, maxt=59993msec

Disk stats (read/write):
  nvme0n1: ios=2507586/86427, merge=0/0, ticks=980480/449532, in_queue=1430488, util=99.86%
