randread-32k-64k: (g=0): rw=randread, bs=32K-64K/32K-64K/32K-64K, ioengine=libaio, iodepth=10
seqread: (g=0): rw=read, bs=1M-1M/1M-1M/1M-1M, ioengine=libaio, iodepth=10
seqwrite: (g=0): rw=write, bs=1M-1M/1M-1M/1M-1M, ioengine=libaio, iodepth=10
fio-2.1.3
Starting 3 processes

randread-32k-64k: (groupid=0, jobs=1): err= 0: pid=27163: Fri May 27 17:44:47 2016
  read : io=83418MB, bw=1390.3MB/s, iops=32956, runt= 60001msec
    slat (usec): min=2, max=2848, avg= 9.94, stdev=11.25
    clat (usec): min=1, max=73325, avg=291.91, stdev=335.26
     lat (usec): min=84, max=73334, avg=301.97, stdev=335.48
    clat percentiles (usec):
     |  1.00th=[  143],  5.00th=[  165], 10.00th=[  181], 20.00th=[  201],
     | 30.00th=[  219], 40.00th=[  237], 50.00th=[  258], 60.00th=[  278],
     | 70.00th=[  310], 80.00th=[  350], 90.00th=[  422], 95.00th=[  502],
     | 99.00th=[  844], 99.50th=[ 1080], 99.90th=[ 1720], 99.95th=[ 2064],
     | 99.99th=[10176]
    bw (MB  /s): min=  570, max= 1510, per=99.27%, avg=1390.00, stdev=150.49
    lat (usec) : 2=0.01%, 4=0.01%, 20=0.01%, 50=0.01%, 100=0.03%
    lat (usec) : 250=46.27%, 500=48.60%, 750=3.68%, 1000=0.79%
    lat (msec) : 2=0.56%, 4=0.04%, 10=0.01%, 20=0.01%, 100=0.01%
  cpu          : usr=7.65%, sys=41.13%, ctx=993445, majf=0, minf=169
  IO depths    : 1=0.1%, 2=0.1%, 4=0.1%, 8=100.0%, 16=0.0%, 32=0.0%, >=64=0.0%
     submit    : 0=0.0%, 4=100.0%, 8=0.0%, 16=0.0%, 32=0.0%, 64=0.0%, >=64=0.0%
     complete  : 0=0.0%, 4=100.0%, 8=0.0%, 16=0.1%, 32=0.0%, 64=0.0%, >=64=0.0%
     issued    : total=r=1977412/w=0/d=0, short=r=0/w=0/d=0
seqread: (groupid=0, jobs=1): err= 0: pid=27164: Fri May 27 17:44:47 2016
  read : io=616448KB, bw=10274KB/s, iops=10, runt= 60002msec
    slat (usec): min=58, max=1049, avg=162.49, stdev=95.53
    clat (usec): min=530, max=6923, avg=803.44, stdev=619.99
     lat (usec): min=661, max=7945, avg=966.35, stdev=695.03
    clat percentiles (usec):
     |  1.00th=[  556],  5.00th=[  588], 10.00th=[  604], 20.00th=[  628],
     | 30.00th=[  644], 40.00th=[  668], 50.00th=[  684], 60.00th=[  708],
     | 70.00th=[  740], 80.00th=[  780], 90.00th=[  860], 95.00th=[ 1128],
     | 99.00th=[ 4832], 99.50th=[ 5408], 99.90th=[ 6944], 99.95th=[ 6944],
     | 99.99th=[ 6944]
    bw (KB  /s): min=10199, max=12275, per=0.72%, avg=10266.50, stdev=196.35
    lat (usec) : 750=73.42%, 1000=20.93%
    lat (msec) : 2=3.49%, 4=0.83%, 10=1.33%
  cpu          : usr=0.01%, sys=0.19%, ctx=1191, majf=0, minf=525
  IO depths    : 1=98.5%, 2=0.3%, 4=0.7%, 8=0.5%, 16=0.0%, 32=0.0%, >=64=0.0%
     submit    : 0=0.0%, 4=100.0%, 8=0.0%, 16=0.0%, 32=0.0%, 64=0.0%, >=64=0.0%
     complete  : 0=0.0%, 4=100.0%, 8=0.0%, 16=0.0%, 32=0.0%, 64=0.0%, >=64=0.0%
     issued    : total=r=602/w=0/d=0, short=r=0/w=0/d=0
seqwrite: (groupid=0, jobs=1): err= 0: pid=27165: Fri May 27 17:44:47 2016
  write: io=616448KB, bw=10274KB/s, iops=10, runt= 60003msec
    slat (usec): min=80, max=1145, avg=191.77, stdev=99.62
    clat (usec): min=365, max=19099, avg=1483.96, stdev=1736.89
     lat (usec): min=792, max=19304, avg=1676.21, stdev=1761.61
    clat percentiles (usec):
     |  1.00th=[  828],  5.00th=[  908], 10.00th=[ 1004], 20.00th=[ 1080],
     | 30.00th=[ 1128], 40.00th=[ 1176], 50.00th=[ 1240], 60.00th=[ 1288],
     | 70.00th=[ 1336], 80.00th=[ 1432], 90.00th=[ 1560], 95.00th=[ 1768],
     | 99.00th=[ 6816], 99.50th=[17536], 99.90th=[19072], 99.95th=[19072],
     | 99.99th=[19072]
    bw (KB  /s): min= 9903, max=12251, per=99.92%, avg=10264.94, stdev=211.22
    lat (usec) : 500=0.17%, 750=0.33%, 1000=9.47%
    lat (msec) : 2=86.05%, 4=1.33%, 10=1.66%, 20=1.00%
  cpu          : usr=0.05%, sys=0.19%, ctx=1194, majf=0, minf=8
  IO depths    : 1=98.5%, 2=0.3%, 4=0.7%, 8=0.5%, 16=0.0%, 32=0.0%, >=64=0.0%
     submit    : 0=0.0%, 4=100.0%, 8=0.0%, 16=0.0%, 32=0.0%, 64=0.0%, >=64=0.0%
     complete  : 0=0.0%, 4=100.0%, 8=0.0%, 16=0.0%, 32=0.0%, 64=0.0%, >=64=0.0%
     issued    : total=r=0/w=602/d=0, short=r=0/w=0/d=0

Run status group 0 (all jobs):
   READ: io=84020MB, aggrb=1400.3MB/s, minb=10273KB/s, maxb=1390.3MB/s, mint=60001msec, maxt=60002msec
  WRITE: io=616448KB, aggrb=10273KB/s, minb=10273KB/s, maxb=10273KB/s, mint=60003msec, maxt=60003msec

Disk stats (read/write):
  nvme0n1: ios=1981113/5442, merge=0/0, ticks=556444/3928, in_queue=561068, util=99.97%
