randread-1k-4k: (g=0): rw=randread, bs=1K-4K/1K-4K/1K-4K, ioengine=libaio, iodepth=10
seqread: (g=0): rw=read, bs=1M-1M/1M-1M/1M-1M, ioengine=libaio, iodepth=10
seqwrite: (g=0): rw=write, bs=1M-1M/1M-1M/1M-1M, ioengine=libaio, iodepth=10
fio-2.1.3
Starting 3 processes

randread-1k-4k: (groupid=0, jobs=1): err= 0: pid=31643: Fri May 27 18:04:56 2016
  read : io=6711.2MB, bw=114534KB/s, iops=53737, runt= 60001msec
    slat (usec): min=1, max=4746, avg= 4.87, stdev=11.20
    clat (usec): min=9, max=347973, avg=179.63, stdev=974.87
     lat (usec): min=24, max=347985, avg=184.62, stdev=975.16
    clat percentiles (usec):
     |  1.00th=[   76],  5.00th=[   85], 10.00th=[   89], 20.00th=[   96],
     | 30.00th=[  103], 40.00th=[  109], 50.00th=[  117], 60.00th=[  131],
     | 70.00th=[  159], 80.00th=[  193], 90.00th=[  239], 95.00th=[  406],
     | 99.00th=[ 1048], 99.50th=[ 1368], 99.90th=[ 2416], 99.95th=[ 6496],
     | 99.99th=[23680]
    bw (KB  /s): min= 2809, max=185432, per=73.50%, avg=114308.39, stdev=48529.66
    lat (usec) : 10=0.01%, 20=0.01%, 50=0.23%, 100=24.00%, 250=66.35%
    lat (usec) : 500=5.69%, 750=2.00%, 1000=0.64%
    lat (msec) : 2=0.94%, 4=0.08%, 10=0.02%, 20=0.02%, 50=0.01%
    lat (msec) : 100=0.01%, 500=0.01%
  cpu          : usr=14.25%, sys=35.24%, ctx=1103245, majf=0, minf=19
  IO depths    : 1=0.1%, 2=0.1%, 4=0.1%, 8=100.0%, 16=0.0%, 32=0.0%, >=64=0.0%
     submit    : 0=0.0%, 4=100.0%, 8=0.0%, 16=0.0%, 32=0.0%, 64=0.0%, >=64=0.0%
     complete  : 0=0.0%, 4=100.0%, 8=0.0%, 16=0.1%, 32=0.0%, 64=0.0%, >=64=0.0%
     issued    : total=r=3224286/w=0/d=0, short=r=0/w=0/d=0
seqread: (groupid=0, jobs=1): err= 0: pid=31644: Fri May 27 18:04:56 2016
  read : io=2402.0MB, bw=40992KB/s, iops=40, runt= 60003msec
    slat (usec): min=79, max=19971, avg=253.48, stdev=418.56
    clat (usec): min=139, max=352597, avg=5632.25, stdev=29577.14
     lat (usec): min=653, max=352748, avg=5886.38, stdev=29601.80
    clat percentiles (usec):
     |  1.00th=[  564],  5.00th=[  588], 10.00th=[  604], 20.00th=[  636],
     | 30.00th=[  668], 40.00th=[  708], 50.00th=[  860], 60.00th=[ 1096],
     | 70.00th=[ 1352], 80.00th=[ 1960], 90.00th=[ 3792], 95.00th=[19328],
     | 99.00th=[71168], 99.50th=[284672], 99.90th=[350208], 99.95th=[350208],
     | 99.99th=[354304]
    bw (KB  /s): min= 9275, max=69696, per=26.37%, avg=41013.21, stdev=5152.24
    lat (usec) : 250=0.04%, 500=0.08%, 750=44.00%, 1000=11.74%
    lat (msec) : 2=24.48%, 4=10.16%, 10=2.71%, 20=1.92%, 50=3.33%
    lat (msec) : 100=0.71%, 500=0.83%
  cpu          : usr=0.07%, sys=1.05%, ctx=4672, majf=0, minf=525
  IO depths    : 1=92.3%, 2=1.3%, 4=2.7%, 8=3.7%, 16=0.0%, 32=0.0%, >=64=0.0%
     submit    : 0=0.0%, 4=100.0%, 8=0.0%, 16=0.0%, 32=0.0%, 64=0.0%, >=64=0.0%
     complete  : 0=0.0%, 4=100.0%, 8=0.0%, 16=0.0%, 32=0.0%, 64=0.0%, >=64=0.0%
     issued    : total=r=2402/w=0/d=0, short=r=0/w=0/d=0
seqwrite: (groupid=0, jobs=1): err= 0: pid=31645: Fri May 27 18:04:56 2016
  write: io=2402.0MB, bw=40992KB/s, iops=40, runt= 60003msec
    slat (usec): min=92, max=3587, avg=284.52, stdev=121.71
    clat (usec): min=349, max=347758, avg=5611.22, stdev=25618.80
     lat (usec): min=763, max=348093, avg=5896.36, stdev=25635.83
    clat percentiles (usec):
     |  1.00th=[  652],  5.00th=[  708], 10.00th=[  788], 20.00th=[  820],
     | 30.00th=[  836], 40.00th=[  852], 50.00th=[  868], 60.00th=[  884],
     | 70.00th=[  908], 80.00th=[  996], 90.00th=[ 7904], 95.00th=[22656],
     | 99.00th=[86528], 99.50th=[276480], 99.90th=[346112], 99.95th=[346112],
     | 99.99th=[346112]
    bw (KB  /s): min=21557, max=70620, per=100.00%, avg=41133.18, stdev=4791.89
    lat (usec) : 500=0.08%, 750=7.87%, 1000=72.19%
    lat (msec) : 2=5.62%, 4=1.75%, 10=3.50%, 20=3.58%, 50=3.25%
    lat (msec) : 100=1.46%, 250=0.12%, 500=0.58%
  cpu          : usr=0.25%, sys=1.03%, ctx=4653, majf=0, minf=10
  IO depths    : 1=92.3%, 2=1.4%, 4=2.8%, 8=3.5%, 16=0.0%, 32=0.0%, >=64=0.0%
     submit    : 0=0.0%, 4=100.0%, 8=0.0%, 16=0.0%, 32=0.0%, 64=0.0%, >=64=0.0%
     complete  : 0=0.0%, 4=100.0%, 8=0.0%, 16=0.0%, 32=0.0%, 64=0.0%, >=64=0.0%
     issued    : total=r=0/w=2402/d=0, short=r=0/w=0/d=0

Run status group 0 (all jobs):
   READ: io=9113.2MB, aggrb=155522KB/s, minb=40992KB/s, maxb=114534KB/s, mint=60001msec, maxt=60003msec
  WRITE: io=2402.0MB, aggrb=40992KB/s, minb=40992KB/s, maxb=40992KB/s, mint=60003msec, maxt=60003msec

Disk stats (read/write):
  nvme0n1: ios=3242070/21627, merge=0/0, ticks=608780/110268, in_queue=719056, util=97.59%
