randread-8k-16k: (g=0): rw=randread, bs=8K-16K/8K-16K/8K-16K, ioengine=libaio, iodepth=10
seqread: (g=0): rw=read, bs=1M-1M/1M-1M/1M-1M, ioengine=libaio, iodepth=10
seqwrite: (g=0): rw=write, bs=1M-1M/1M-1M/1M-1M, ioengine=libaio, iodepth=10
fio-2.1.3
Starting 3 processes

randread-8k-16k: (groupid=0, jobs=1): err= 0: pid=25824: Fri May 27 17:38:45 2016
  read : io=39999MB, bw=682642KB/s, iops=63176, runt= 60001msec
    slat (usec): min=2, max=3902, avg= 5.25, stdev= 7.88
    clat (usec): min=1, max=104914, avg=151.70, stdev=289.54
     lat (usec): min=35, max=104926, avg=157.06, stdev=289.72
    clat percentiles (usec):
     |  1.00th=[   92],  5.00th=[  101], 10.00th=[  106], 20.00th=[  114],
     | 30.00th=[  119], 40.00th=[  125], 50.00th=[  131], 60.00th=[  139],
     | 70.00th=[  149], 80.00th=[  163], 90.00th=[  193], 95.00th=[  239],
     | 99.00th=[  516], 99.50th=[  708], 99.90th=[ 1368], 99.95th=[ 1544],
     | 99.99th=[ 3824]
    bw (KB  /s): min=232864, max=794800, per=98.54%, avg=682775.11, stdev=88312.46
    lat (usec) : 2=0.01%, 10=0.01%, 20=0.01%, 50=0.01%, 100=3.90%
    lat (usec) : 250=91.60%, 500=3.44%, 750=0.62%, 1000=0.20%
    lat (msec) : 2=0.21%, 4=0.02%, 10=0.01%, 20=0.01%, 50=0.01%
    lat (msec) : 100=0.01%, 250=0.01%
  cpu          : usr=13.03%, sys=44.29%, ctx=1505341, majf=0, minf=50
  IO depths    : 1=0.1%, 2=0.1%, 4=0.1%, 8=100.0%, 16=0.0%, 32=0.0%, >=64=0.0%
     submit    : 0=0.0%, 4=100.0%, 8=0.0%, 16=0.0%, 32=0.0%, 64=0.0%, >=64=0.0%
     complete  : 0=0.0%, 4=100.0%, 8=0.0%, 16=0.1%, 32=0.0%, 64=0.0%, >=64=0.0%
     issued    : total=r=3790648/w=0/d=0, short=r=0/w=0/d=0
seqread: (groupid=0, jobs=1): err= 0: pid=25825: Fri May 27 17:38:45 2016
  read : io=616448KB, bw=10274KB/s, iops=10, runt= 60002msec
    slat (usec): min=77, max=1036, avg=202.31, stdev=95.68
    clat (usec): min=511, max=16723, avg=941.42, stdev=1638.98
     lat (usec): min=651, max=16951, avg=1144.30, stdev=1687.08
    clat percentiles (usec):
     |  1.00th=[  556],  5.00th=[  580], 10.00th=[  596], 20.00th=[  612],
     | 30.00th=[  636], 40.00th=[  652], 50.00th=[  676], 60.00th=[  700],
     | 70.00th=[  732], 80.00th=[  772], 90.00th=[  836], 95.00th=[ 1240],
     | 99.00th=[12864], 99.50th=[12864], 99.90th=[16768], 99.95th=[16768],
     | 99.99th=[16768]
    bw (KB  /s): min=10205, max=12070, per=1.48%, avg=10267.30, stdev=178.25
    lat (usec) : 750=75.08%, 1000=18.77%
    lat (msec) : 2=2.99%, 4=1.33%, 10=0.17%, 20=1.66%
  cpu          : usr=0.01%, sys=0.23%, ctx=1196, majf=0, minf=524
  IO depths    : 1=98.5%, 2=0.3%, 4=0.7%, 8=0.5%, 16=0.0%, 32=0.0%, >=64=0.0%
     submit    : 0=0.0%, 4=100.0%, 8=0.0%, 16=0.0%, 32=0.0%, 64=0.0%, >=64=0.0%
     complete  : 0=0.0%, 4=100.0%, 8=0.0%, 16=0.0%, 32=0.0%, 64=0.0%, >=64=0.0%
     issued    : total=r=602/w=0/d=0, short=r=0/w=0/d=0
seqwrite: (groupid=0, jobs=1): err= 0: pid=25826: Fri May 27 17:38:45 2016
  write: io=616448KB, bw=10274KB/s, iops=10, runt= 60002msec
    slat (usec): min=83, max=561, avg=228.19, stdev=77.36
    clat (usec): min=594, max=112355, avg=1908.90, stdev=9062.62
     lat (usec): min=791, max=112481, avg=2137.67, stdev=9061.96
    clat percentiles (usec):
     |  1.00th=[  676],  5.00th=[  716], 10.00th=[  732], 20.00th=[  868],
     | 30.00th=[  892], 40.00th=[  900], 50.00th=[  916], 60.00th=[  932],
     | 70.00th=[  948], 80.00th=[  972], 90.00th=[  996], 95.00th=[ 1512],
     | 99.00th=[17536], 99.50th=[108032], 99.90th=[112128], 99.95th=[112128],
     | 99.99th=[112128]
    bw (KB  /s): min= 9903, max=12263, per=99.93%, avg=10265.62, stdev=205.64
    lat (usec) : 750=12.96%, 1000=78.24%
    lat (msec) : 2=4.82%, 4=1.50%, 10=0.17%, 20=1.50%, 50=0.17%
    lat (msec) : 250=0.66%
  cpu          : usr=0.07%, sys=0.20%, ctx=1201, majf=0, minf=9
  IO depths    : 1=98.5%, 2=0.3%, 4=0.7%, 8=0.5%, 16=0.0%, 32=0.0%, >=64=0.0%
     submit    : 0=0.0%, 4=100.0%, 8=0.0%, 16=0.0%, 32=0.0%, 64=0.0%, >=64=0.0%
     complete  : 0=0.0%, 4=100.0%, 8=0.0%, 16=0.0%, 32=0.0%, 64=0.0%, >=64=0.0%
     issued    : total=r=0/w=602/d=0, short=r=0/w=0/d=0

Run status group 0 (all jobs):
   READ: io=40601MB, aggrb=692904KB/s, minb=10273KB/s, maxb=682642KB/s, mint=60001msec, maxt=60002msec
  WRITE: io=616448KB, aggrb=10273KB/s, minb=10273KB/s, maxb=10273KB/s, mint=60002msec, maxt=60002msec

Disk stats (read/write):
  nvme0n1: ios=3792649/5445, merge=0/0, ticks=544388/6984, in_queue=551756, util=99.99%
