randread-1m: (g=0): rw=randread, bs=1M-1M/1M-1M/1M-1M, ioengine=libaio, iodepth=10
fio-2.1.3
Starting 1 process

randread-1m: (groupid=0, jobs=1): err= 0: pid=30752: Fri May 27 18:00:54 2016
  read : io=138298MB, bw=2304.9MB/s, iops=2304, runt= 60004msec
    slat (usec): min=48, max=2521, avg=228.03, stdev=82.68
    clat (usec): min=1281, max=76540, avg=4105.20, stdev=800.69
     lat (usec): min=1430, max=76818, avg=4333.38, stdev=797.35
    clat percentiles (usec):
     |  1.00th=[ 3504],  5.00th=[ 3696], 10.00th=[ 3760], 20.00th=[ 3824],
     | 30.00th=[ 3888], 40.00th=[ 3920], 50.00th=[ 3984], 60.00th=[ 4016],
     | 70.00th=[ 4080], 80.00th=[ 4192], 90.00th=[ 4576], 95.00th=[ 5216],
     | 99.00th=[ 6112], 99.50th=[ 6304], 99.90th=[ 7072], 99.95th=[ 7776],
     | 99.99th=[17536]
    bw (MB  /s): min= 1694, max= 2384, per=100.00%, avg=2305.01, stdev=192.02
    lat (msec) : 2=0.07%, 4=54.25%, 10=45.65%, 20=0.02%, 100=0.01%
  cpu          : usr=0.63%, sys=51.85%, ctx=133634, majf=0, minf=523
  IO depths    : 1=0.1%, 2=0.1%, 4=0.1%, 8=99.9%, 16=0.0%, 32=0.0%, >=64=0.0%
     submit    : 0=0.0%, 4=100.0%, 8=0.0%, 16=0.0%, 32=0.0%, 64=0.0%, >=64=0.0%
     complete  : 0=0.0%, 4=100.0%, 8=0.0%, 16=0.1%, 32=0.0%, 64=0.0%, >=64=0.0%
     issued    : total=r=138298/w=0/d=0, short=r=0/w=0/d=0

Run status group 0 (all jobs):
   READ: io=138298MB, aggrb=2304.9MB/s, minb=2304.9MB/s, maxb=2304.9MB/s, mint=60004msec, maxt=60004msec

Disk stats (read/write):
  nvme0n1: ios=1243672/4, merge=0/0, ticks=4990364/92, in_queue=4991204, util=99.91%
