randread-16m: (g=0): rw=randread, bs=16M-16M/16M-16M/16M-16M, ioengine=libaio, iodepth=10
fio-2.1.3
Starting 1 process

randread-16m: (groupid=0, jobs=1): err= 0: pid=31199: Fri May 27 18:02:55 2016
  read : io=146640MB, bw=2443.6MB/s, iops=152, runt= 60012msec
    slat (usec): min=2399, max=11766, avg=6519.32, stdev=825.48
    clat (msec): min=5, max=75, avg=58.07, stdev= 5.55
     lat (msec): min=12, max=81, avg=64.59, stdev= 5.60
    clat percentiles (usec):
     |  1.00th=[25984],  5.00th=[55552], 10.00th=[56064], 20.00th=[56576],
     | 30.00th=[57088], 40.00th=[58112], 50.00th=[58624], 60.00th=[59136],
     | 70.00th=[59648], 80.00th=[60672], 90.00th=[61696], 95.00th=[62720],
     | 99.00th=[64256], 99.50th=[65280], 99.90th=[66048], 99.95th=[67072],
     | 99.99th=[76288]
    bw (MB  /s): min= 2112, max= 2471, per=97.36%, avg=2379.08, stdev=107.32
    lat (msec) : 10=0.31%, 20=0.47%, 50=1.43%, 100=97.80%
  cpu          : usr=0.12%, sys=49.03%, ctx=17062, majf=0, minf=598
  IO depths    : 1=0.3%, 2=0.6%, 4=1.3%, 8=97.8%, 16=0.0%, 32=0.0%, >=64=0.0%
     submit    : 0=0.0%, 4=100.0%, 8=0.0%, 16=0.0%, 32=0.0%, 64=0.0%, >=64=0.0%
     complete  : 0=0.0%, 4=99.7%, 8=0.0%, 16=0.3%, 32=0.0%, 64=0.0%, >=64=0.0%
     issued    : total=r=9165/w=0/d=0, short=r=0/w=0/d=0

Run status group 0 (all jobs):
   READ: io=146640MB, aggrb=2443.6MB/s, minb=2443.6MB/s, maxb=2443.6MB/s, mint=60012msec, maxt=60012msec

Disk stats (read/write):
  nvme0n1: ios=1217755/0, merge=0/0, ticks=9116064/0, in_queue=9119828, util=99.92%
