randread-2k: (g=0): rw=randread, bs=2K-2K/2K-2K/2K-2K, ioengine=libaio, iodepth=10
fio-2.1.3
Starting 1 process

randread-2k: (groupid=0, jobs=1): err= 0: pid=26273: Fri May 27 17:40:46 2016
  read : io=10683MB, bw=182324KB/s, iops=91162, runt= 60001msec
    slat (usec): min=1, max=3717, avg= 4.19, stdev= 6.46
    clat (usec): min=7, max=486295, avg=104.13, stdev=705.90
     lat (usec): min=26, max=486300, avg=108.43, stdev=705.94
    clat percentiles (usec):
     |  1.00th=[   72],  5.00th=[   77], 10.00th=[   80], 20.00th=[   84],
     | 30.00th=[   88], 40.00th=[   91], 50.00th=[   94], 60.00th=[   97],
     | 70.00th=[  101], 80.00th=[  107], 90.00th=[  121], 95.00th=[  139],
     | 99.00th=[  306], 99.50th=[  350], 99.90th=[ 1336], 99.95th=[ 1448],
     | 99.99th=[ 1784]
    bw (KB  /s): min=   56, max=205792, per=100.00%, avg=182733.49, stdev=34012.57
    lat (usec) : 10=0.01%, 20=0.01%, 50=0.28%, 100=65.13%, 250=33.17%
    lat (usec) : 500=1.09%, 750=0.13%, 1000=0.04%
    lat (msec) : 2=0.15%, 4=0.01%, 10=0.01%, 20=0.01%, 250=0.01%
    lat (msec) : 500=0.01%
  cpu          : usr=19.17%, sys=49.80%, ctx=1513450, majf=0, minf=12
  IO depths    : 1=0.1%, 2=0.1%, 4=0.1%, 8=100.0%, 16=0.0%, 32=0.0%, >=64=0.0%
     submit    : 0=0.0%, 4=100.0%, 8=0.0%, 16=0.0%, 32=0.0%, 64=0.0%, >=64=0.0%
     complete  : 0=0.0%, 4=100.0%, 8=0.0%, 16=0.1%, 32=0.0%, 64=0.0%, >=64=0.0%
     issued    : total=r=5469814/w=0/d=0, short=r=0/w=0/d=0

Run status group 0 (all jobs):
   READ: io=10683MB, aggrb=182324KB/s, minb=182324KB/s, maxb=182324KB/s, mint=60001msec, maxt=60001msec

Disk stats (read/write):
  nvme0n1: ios=5465133/4, merge=0/0, ticks=505760/672, in_queue=505752, util=99.92%
