randread-8k-16k: (g=0): rw=randread, bs=8K-16K/8K-16K/8K-16K, ioengine=libaio, iodepth=10
seqread: (g=0): rw=read, bs=1M-1M/1M-1M/1M-1M, ioengine=libaio, iodepth=10
seqwrite: (g=0): rw=write, bs=1M-1M/1M-1M/1M-1M, ioengine=libaio, iodepth=10
fio-2.1.3
Starting 3 processes

randread-8k-16k: (groupid=0, jobs=1): err= 0: pid=714: Fri May 27 18:10:56 2016
  read : io=24789MB, bw=423060KB/s, iops=39124, runt= 60001msec
    slat (usec): min=1, max=38215, avg= 6.22, stdev=43.38
    clat (usec): min=1, max=157854, avg=248.13, stdev=1656.81
     lat (usec): min=31, max=157859, avg=254.45, stdev=1660.28
    clat percentiles (usec):
     |  1.00th=[   93],  5.00th=[  102], 10.00th=[  107], 20.00th=[  116],
     | 30.00th=[  123], 40.00th=[  131], 50.00th=[  141], 60.00th=[  155],
     | 70.00th=[  179], 80.00th=[  247], 90.00th=[  378], 95.00th=[  572],
     | 99.00th=[ 1176], 99.50th=[ 1432], 99.90th=[10432], 99.95th=[17536],
     | 99.99th=[98816]
    bw (KB  /s): min=  900, max=577346, per=72.33%, avg=424487.75, stdev=164643.20
    lat (usec) : 2=0.01%, 20=0.01%, 50=0.02%, 100=3.39%, 250=76.85%
    lat (usec) : 500=13.63%, 750=3.90%, 1000=0.81%
    lat (msec) : 2=1.19%, 4=0.08%, 10=0.04%, 20=0.06%, 50=0.01%
    lat (msec) : 100=0.02%, 250=0.01%
  cpu          : usr=7.84%, sys=30.33%, ctx=1080365, majf=0, minf=50
  IO depths    : 1=0.1%, 2=0.1%, 4=0.1%, 8=100.0%, 16=0.0%, 32=0.0%, >=64=0.0%
     submit    : 0=0.0%, 4=100.0%, 8=0.0%, 16=0.0%, 32=0.0%, 64=0.0%, >=64=0.0%
     complete  : 0=0.0%, 4=100.0%, 8=0.0%, 16=0.1%, 32=0.0%, 64=0.0%, >=64=0.0%
     issued    : total=r=2347534/w=0/d=0, short=r=0/w=0/d=0
seqread: (groupid=0, jobs=1): err= 0: pid=715: Fri May 27 18:10:56 2016
  read : io=9604.0MB, bw=163886KB/s, iops=160, runt= 60008msec
    slat (usec): min=67, max=124013, avg=329.12, stdev=1579.61
    clat (usec): min=158, max=173598, avg=8694.55, stdev=23872.68
     lat (usec): min=680, max=173954, avg=9024.29, stdev=23995.91
    clat percentiles (usec):
     |  1.00th=[  572],  5.00th=[  604], 10.00th=[  628], 20.00th=[  652],
     | 30.00th=[  668], 40.00th=[  692], 50.00th=[  716], 60.00th=[  748],
     | 70.00th=[  892], 80.00th=[ 2800], 90.00th=[18304], 95.00th=[77312],
     | 99.00th=[113152], 99.50th=[134144], 99.90th=[156672], 99.95th=[158720],
     | 99.99th=[173056]
    bw (KB  /s): min=84691, max=427177, per=28.00%, avg=164348.97, stdev=34977.17
    lat (usec) : 250=0.02%, 500=0.25%, 750=59.65%, 1000=11.89%
    lat (msec) : 2=5.16%, 4=4.59%, 10=2.76%, 20=6.77%, 50=2.37%
    lat (msec) : 100=4.06%, 250=2.47%
  cpu          : usr=0.21%, sys=4.89%, ctx=17449, majf=0, minf=524
  IO depths    : 1=79.6%, 2=1.6%, 4=3.2%, 8=15.6%, 16=0.0%, 32=0.0%, >=64=0.0%
     submit    : 0=0.0%, 4=100.0%, 8=0.0%, 16=0.0%, 32=0.0%, 64=0.0%, >=64=0.0%
     complete  : 0=0.0%, 4=100.0%, 8=0.0%, 16=0.0%, 32=0.0%, 64=0.0%, >=64=0.0%
     issued    : total=r=9604/w=0/d=0, short=r=0/w=0/d=0
seqwrite: (groupid=0, jobs=1): err= 0: pid=716: Fri May 27 18:10:56 2016
  write: io=9605.0MB, bw=163890KB/s, iops=160, runt= 60013msec
    slat (usec): min=78, max=124038, avg=369.34, stdev=1721.00
    clat (usec): min=343, max=162863, avg=9181.88, stdev=24553.29
     lat (usec): min=760, max=163270, avg=9551.90, stdev=24711.11
    clat percentiles (usec):
     |  1.00th=[  708],  5.00th=[  764], 10.00th=[  796], 20.00th=[  828],
     | 30.00th=[  860], 40.00th=[  892], 50.00th=[  916], 60.00th=[  948],
     | 70.00th=[ 1012], 80.00th=[ 4080], 90.00th=[18560], 95.00th=[79360],
     | 99.00th=[117248], 99.50th=[136192], 99.90th=[152576], 99.95th=[156672],
     | 99.99th=[162816]
    bw (KB  /s): min=89752, max=462123, per=99.61%, avg=163245.61, stdev=34888.87
    lat (usec) : 500=0.05%, 750=3.57%, 1000=65.20%
    lat (msec) : 2=9.31%, 4=1.79%, 10=4.06%, 20=7.10%, 50=2.32%
    lat (msec) : 100=3.77%, 250=2.83%
  cpu          : usr=0.90%, sys=4.75%, ctx=17694, majf=0, minf=9
  IO depths    : 1=80.2%, 2=1.3%, 4=2.7%, 8=15.8%, 16=0.0%, 32=0.0%, >=64=0.0%
     submit    : 0=0.0%, 4=100.0%, 8=0.0%, 16=0.0%, 32=0.0%, 64=0.0%, >=64=0.0%
     complete  : 0=0.0%, 4=100.0%, 8=0.0%, 16=0.0%, 32=0.0%, 64=0.0%, >=64=0.0%
     issued    : total=r=0/w=9605/d=0, short=r=0/w=0/d=0

Run status group 0 (all jobs):
   READ: io=34393MB, aggrb=586897KB/s, minb=163886KB/s, maxb=423060KB/s, mint=60001msec, maxt=60008msec
  WRITE: io=9605.0MB, aggrb=163889KB/s, minb=163889KB/s, maxb=163889KB/s, mint=60013msec, maxt=60013msec

Disk stats (read/write):
  nvme0n1: ios=2432153/86364, merge=0/0, ticks=1263476/729320, in_queue=1993464, util=99.94%
