randread-512k-1m: (g=0): rw=randread, bs=512K-1M/512K-1M/512K-1M, ioengine=libaio, iodepth=10
seqread: (g=0): rw=read, bs=1M-1M/1M-1M/1M-1M, ioengine=libaio, iodepth=10
seqwrite: (g=0): rw=write, bs=1M-1M/1M-1M/1M-1M, ioengine=libaio, iodepth=10
fio-2.1.3
Starting 3 processes

randread-512k-1m: (groupid=0, jobs=1): err= 0: pid=3219: Fri May 27 18:22:01 2016
  read : io=87514MB, bw=1458.5MB/s, iops=2163, runt= 60004msec
    slat (usec): min=33, max=365928, avg=162.31, stdev=1109.21
    clat (usec): min=935, max=432226, avg=4455.17, stdev=5805.44
     lat (msec): min=1, max=432, avg= 4.62, stdev= 6.00
    clat percentiles (msec):
     |  1.00th=[    3],  5.00th=[    3], 10.00th=[    4], 20.00th=[    4],
     | 30.00th=[    4], 40.00th=[    4], 50.00th=[    4], 60.00th=[    5],
     | 70.00th=[    5], 80.00th=[    5], 90.00th=[    6], 95.00th=[    6],
     | 99.00th=[   13], 99.50th=[   18], 99.90th=[   86], 99.95th=[  115],
     | 99.99th=[  172]
    bw (MB  /s): min=   47, max= 1688, per=92.05%, avg=1452.96, stdev=338.70
    lat (usec) : 1000=0.01%
    lat (msec) : 2=0.07%, 4=50.92%, 10=47.29%, 20=1.32%, 50=0.17%
    lat (msec) : 100=0.17%, 250=0.06%, 500=0.01%
  cpu          : usr=0.41%, sys=32.87%, ctx=117623, majf=0, minf=524
  IO depths    : 1=0.1%, 2=0.1%, 4=0.1%, 8=99.9%, 16=0.0%, 32=0.0%, >=64=0.0%
     submit    : 0=0.0%, 4=100.0%, 8=0.0%, 16=0.0%, 32=0.0%, 64=0.0%, >=64=0.0%
     complete  : 0=0.0%, 4=100.0%, 8=0.0%, 16=0.1%, 32=0.0%, 64=0.0%, >=64=0.0%
     issued    : total=r=129835/w=0/d=0, short=r=0/w=0/d=0
seqread: (groupid=0, jobs=1): err= 0: pid=3220: Fri May 27 18:22:01 2016
  read : io=7203.0MB, bw=122919KB/s, iops=120, runt= 60006msec
    slat (usec): min=64, max=355356, avg=550.28, stdev=4848.43
    clat (usec): min=970, max=584395, avg=9492.50, stdev=22981.24
     lat (msec): min=1, max=584, avg=10.04, stdev=23.93
    clat percentiles (msec):
     |  1.00th=[    4],  5.00th=[    4], 10.00th=[    4], 20.00th=[    5],
     | 30.00th=[    5], 40.00th=[    5], 50.00th=[    5], 60.00th=[    5],
     | 70.00th=[    6], 80.00th=[    7], 90.00th=[   13], 95.00th=[   27],
     | 99.00th=[   96], 99.50th=[  145], 99.90th=[  379], 99.95th=[  429],
     | 99.99th=[  586]
    bw (KB  /s): min=64631, max=223232, per=7.61%, avg=123068.14, stdev=15106.29
    lat (usec) : 1000=0.01%
    lat (msec) : 2=0.11%, 4=18.73%, 10=68.53%, 20=6.07%, 50=2.90%
    lat (msec) : 100=2.75%, 250=0.78%, 500=0.11%, 750=0.01%
  cpu          : usr=0.17%, sys=4.22%, ctx=13214, majf=0, minf=525
  IO depths    : 1=80.1%, 2=2.8%, 4=5.7%, 8=11.4%, 16=0.0%, 32=0.0%, >=64=0.0%
     submit    : 0=0.0%, 4=100.0%, 8=0.0%, 16=0.0%, 32=0.0%, 64=0.0%, >=64=0.0%
     complete  : 0=0.0%, 4=100.0%, 8=0.0%, 16=0.0%, 32=0.0%, 64=0.0%, >=64=0.0%
     issued    : total=r=7203/w=0/d=0, short=r=0/w=0/d=0
seqwrite: (groupid=0, jobs=1): err= 0: pid=3221: Fri May 27 18:22:01 2016
  write: io=7203.0MB, bw=122923KB/s, iops=120, runt= 60004msec
    slat (usec): min=69, max=375176, avg=602.82, stdev=5026.89
    clat (usec): min=607, max=588007, avg=9697.03, stdev=23786.99
     lat (usec): min=866, max=588353, avg=10300.67, stdev=24675.85
    clat percentiles (msec):
     |  1.00th=[    4],  5.00th=[    4], 10.00th=[    4], 20.00th=[    4],
     | 30.00th=[    5], 40.00th=[    5], 50.00th=[    5], 60.00th=[    5],
     | 70.00th=[    6], 80.00th=[    7], 90.00th=[   14], 95.00th=[   28],
     | 99.00th=[  105], 99.50th=[  122], 99.90th=[  429], 99.95th=[  433],
     | 99.99th=[  586]
    bw (KB  /s): min=44361, max=238361, per=100.00%, avg=123422.31, stdev=15099.74
    lat (usec) : 750=0.01%
    lat (msec) : 2=0.03%, 4=23.66%, 10=62.36%, 20=7.46%, 50=2.55%
    lat (msec) : 100=2.75%, 250=1.06%, 500=0.10%, 750=0.03%
  cpu          : usr=0.80%, sys=4.41%, ctx=13491, majf=0, minf=10
  IO depths    : 1=81.3%, 2=2.5%, 4=5.0%, 8=11.2%, 16=0.0%, 32=0.0%, >=64=0.0%
     submit    : 0=0.0%, 4=100.0%, 8=0.0%, 16=0.0%, 32=0.0%, 64=0.0%, >=64=0.0%
     complete  : 0=0.0%, 4=100.0%, 8=0.0%, 16=0.0%, 32=0.0%, 64=0.0%, >=64=0.0%
     issued    : total=r=0/w=7203/d=0, short=r=0/w=0/d=0

Run status group 0 (all jobs):
   READ: io=94717MB, aggrb=1578.5MB/s, minb=122918KB/s, maxb=1458.5MB/s, mint=60004msec, maxt=60006msec
  WRITE: io=7203.0MB, aggrb=122923KB/s, minb=122923KB/s, maxb=122923KB/s, mint=60004msec, maxt=60004msec

Disk stats (read/write):
  nvme0n1: ios=893950/64791, merge=0/0, ticks=4194364/536324, in_queue=4731720, util=99.94%
