randread-128k-256k: (g=0): rw=randread, bs=128K-256K/128K-256K/128K-256K, ioengine=libaio, iodepth=10
seqread: (g=0): rw=read, bs=1M-1M/1M-1M/1M-1M, ioengine=libaio, iodepth=10
seqwrite: (g=0): rw=write, bs=1M-1M/1M-1M/1M-1M, ioengine=libaio, iodepth=10
fio-2.1.3
Starting 3 processes

randread-128k-256k: (groupid=0, jobs=1): err= 0: pid=27988: Fri May 27 17:47:47 2016
  read : io=7865.2MB, bw=134207KB/s, iops=766, runt= 60011msec
    slat (usec): min=10, max=46506, avg=104.98, stdev=319.26
    clat (msec): min=2, max=452, avg=12.93, stdev= 8.39
     lat (msec): min=4, max=452, avg=13.03, stdev= 8.41
    clat percentiles (msec):
     |  1.00th=[    9],  5.00th=[   10], 10.00th=[   10], 20.00th=[   11],
     | 30.00th=[   11], 40.00th=[   12], 50.00th=[   12], 60.00th=[   12],
     | 70.00th=[   13], 80.00th=[   15], 90.00th=[   17], 95.00th=[   19],
     | 99.00th=[   32], 99.50th=[   37], 99.90th=[  102], 99.95th=[  145],
     | 99.99th=[  343]
    bw (KB  /s): min= 9784, max=171688, per=17.48%, avg=135076.74, stdev=27165.48
    lat (msec) : 4=0.01%, 10=14.31%, 20=81.51%, 50=3.80%, 100=0.25%
    lat (msec) : 250=0.11%, 500=0.02%
  cpu          : usr=0.71%, sys=8.55%, ctx=42373, majf=0, minf=648
  IO depths    : 1=0.1%, 2=0.1%, 4=0.1%, 8=100.0%, 16=0.0%, 32=0.0%, >=64=0.0%
     submit    : 0=0.0%, 4=100.0%, 8=0.0%, 16=0.0%, 32=0.0%, 64=0.0%, >=64=0.0%
     complete  : 0=0.0%, 4=100.0%, 8=0.0%, 16=0.1%, 32=0.0%, 64=0.0%, >=64=0.0%
     issued    : total=r=46007/w=0/d=0, short=r=0/w=0/d=0
seqread: (groupid=0, jobs=1): err= 0: pid=27989: Fri May 27 17:47:47 2016
  read : io=37419MB, bw=638490KB/s, iops=623, runt= 60012msec
    slat (usec): min=73, max=75800, avg=286.84, stdev=449.28
    clat (msec): min=4, max=452, avg=15.74, stdev= 9.06
     lat (msec): min=4, max=453, avg=16.03, stdev= 9.10
    clat percentiles (msec):
     |  1.00th=[   11],  5.00th=[   12], 10.00th=[   13], 20.00th=[   13],
     | 30.00th=[   14], 40.00th=[   15], 50.00th=[   15], 60.00th=[   16],
     | 70.00th=[   16], 80.00th=[   17], 90.00th=[   19], 95.00th=[   21],
     | 99.00th=[   35], 99.50th=[   46], 99.90th=[  137], 99.95th=[  153],
     | 99.99th=[  326]
    bw (KB  /s): min=34711, max=729088, per=82.67%, avg=638795.55, stdev=93625.78
    lat (msec) : 10=0.35%, 20=94.08%, 50=5.12%, 100=0.29%, 250=0.14%
    lat (msec) : 500=0.03%
  cpu          : usr=0.37%, sys=17.36%, ctx=35109, majf=0, minf=525
  IO depths    : 1=0.1%, 2=0.1%, 4=0.1%, 8=99.9%, 16=0.0%, 32=0.0%, >=64=0.0%
     submit    : 0=0.0%, 4=100.0%, 8=0.0%, 16=0.0%, 32=0.0%, 64=0.0%, >=64=0.0%
     complete  : 0=0.0%, 4=100.0%, 8=0.0%, 16=0.1%, 32=0.0%, 64=0.0%, >=64=0.0%
     issued    : total=r=37419/w=0/d=0, short=r=0/w=0/d=0
seqwrite: (groupid=0, jobs=1): err= 0: pid=27990: Fri May 27 17:47:47 2016
  write: io=36993MB, bw=631253KB/s, iops=616, runt= 60009msec
    slat (usec): min=70, max=75824, avg=341.64, stdev=458.77
    clat (msec): min=4, max=451, avg=15.87, stdev= 9.01
     lat (msec): min=5, max=452, avg=16.21, stdev= 9.05
    clat percentiles (msec):
     |  1.00th=[   12],  5.00th=[   13], 10.00th=[   13], 20.00th=[   14],
     | 30.00th=[   14], 40.00th=[   15], 50.00th=[   15], 60.00th=[   16],
     | 70.00th=[   16], 80.00th=[   17], 90.00th=[   18], 95.00th=[   22],
     | 99.00th=[   35], 99.50th=[   52], 99.90th=[  137], 99.95th=[  147],
     | 99.99th=[  347]
    bw (KB  /s): min=39583, max=721500, per=100.00%, avg=631307.92, stdev=94740.46
    lat (msec) : 10=0.22%, 20=94.28%, 50=5.00%, 100=0.33%, 250=0.15%
    lat (msec) : 500=0.03%
  cpu          : usr=3.69%, sys=16.86%, ctx=36975, majf=0, minf=10
  IO depths    : 1=0.1%, 2=0.1%, 4=0.1%, 8=99.8%, 16=0.0%, 32=0.0%, >=64=0.0%
     submit    : 0=0.0%, 4=100.0%, 8=0.0%, 16=0.0%, 32=0.0%, 64=0.0%, >=64=0.0%
     complete  : 0=0.0%, 4=100.0%, 8=0.0%, 16=0.1%, 32=0.0%, 64=0.0%, >=64=0.0%
     issued    : total=r=0/w=36993/d=0, short=r=0/w=0/d=0

Run status group 0 (all jobs):
   READ: io=45284MB, aggrb=772694KB/s, minb=134206KB/s, maxb=638489KB/s, mint=60011msec, maxt=60012msec
  WRITE: io=36993MB, aggrb=631252KB/s, minb=631252KB/s, maxb=631252KB/s, mint=60009msec, maxt=60009msec

Disk stats (read/write):
  nvme0n1: ios=445312/332586, merge=0/0, ticks=6443060/5007224, in_queue=11475356, util=99.99%
