randread-32k-64k: (g=0): rw=randread, bs=32K-64K/32K-64K/32K-64K, ioengine=libaio, iodepth=10
seqread: (g=0): rw=read, bs=1M-1M/1M-1M/1M-1M, ioengine=libaio, iodepth=10
seqwrite: (g=0): rw=write, bs=1M-1M/1M-1M/1M-1M, ioengine=libaio, iodepth=10
fio-2.1.3
Starting 3 processes

randread-32k-64k: (groupid=0, jobs=1): err= 0: pid=1633: Fri May 27 18:14:58 2016
  read : io=53342MB, bw=910358KB/s, iops=21052, runt= 60001msec
    slat (usec): min=2, max=95494, avg=12.93, stdev=106.72
    clat (usec): min=17, max=494727, avg=460.44, stdev=2286.98
     lat (usec): min=85, max=494760, avg=473.49, stdev=2295.71
    clat percentiles (usec):
     |  1.00th=[  147],  5.00th=[  175], 10.00th=[  193], 20.00th=[  221],
     | 30.00th=[  245], 40.00th=[  274], 50.00th=[  306], 60.00th=[  350],
     | 70.00th=[  414], 80.00th=[  502], 90.00th=[  716], 95.00th=[  916],
     | 99.00th=[ 1592], 99.50th=[ 1880], 99.90th=[14272], 99.95th=[49408],
     | 99.99th=[95744]
    bw (KB  /s): min= 5576, max=1185216, per=85.33%, avg=916639.24, stdev=331595.79
    lat (usec) : 20=0.01%, 50=0.01%, 100=0.02%, 250=31.87%, 500=47.79%
    lat (usec) : 750=11.58%, 1000=4.67%
    lat (msec) : 2=3.64%, 4=0.19%, 10=0.06%, 20=0.09%, 50=0.03%
    lat (msec) : 100=0.04%, 250=0.01%, 500=0.01%
  cpu          : usr=5.29%, sys=31.96%, ctx=641330, majf=0, minf=169
  IO depths    : 1=0.1%, 2=0.1%, 4=0.1%, 8=100.0%, 16=0.0%, 32=0.0%, >=64=0.0%
     submit    : 0=0.0%, 4=100.0%, 8=0.0%, 16=0.0%, 32=0.0%, 64=0.0%, >=64=0.0%
     complete  : 0=0.0%, 4=100.0%, 8=0.0%, 16=0.1%, 32=0.0%, 64=0.0%, >=64=0.0%
     issued    : total=r=1263166/w=0/d=0, short=r=0/w=0/d=0
seqread: (groupid=0, jobs=1): err= 0: pid=1634: Fri May 27 18:14:58 2016
  read : io=9604.0MB, bw=163895KB/s, iops=160, runt= 60005msec
    slat (usec): min=73, max=100750, avg=312.56, stdev=1168.20
    clat (usec): min=157, max=492423, avg=8455.46, stdev=25634.20
     lat (usec): min=706, max=492700, avg=8768.56, stdev=25698.52
    clat percentiles (usec):
     |  1.00th=[  596],  5.00th=[  628], 10.00th=[  660], 20.00th=[  700],
     | 30.00th=[  748], 40.00th=[  812], 50.00th=[  924], 60.00th=[ 1096],
     | 70.00th=[ 1400], 80.00th=[ 2192], 90.00th=[17024], 95.00th=[72192],
     | 99.00th=[109056], 99.50th=[126464], 99.90th=[403456], 99.95th=[428032],
     | 99.99th=[493568]
    bw (KB  /s): min=67244, max=379184, per=15.34%, avg=164780.30, stdev=32553.69
    lat (usec) : 250=0.02%, 500=0.08%, 750=30.65%, 1000=24.30%
    lat (msec) : 2=23.70%, 4=5.17%, 10=2.26%, 20=5.29%, 50=1.55%
    lat (msec) : 100=5.32%, 250=1.54%, 500=0.10%
  cpu          : usr=0.35%, sys=4.74%, ctx=17679, majf=0, minf=524
  IO depths    : 1=81.7%, 2=1.3%, 4=2.6%, 8=14.3%, 16=0.0%, 32=0.0%, >=64=0.0%
     submit    : 0=0.0%, 4=100.0%, 8=0.0%, 16=0.0%, 32=0.0%, 64=0.0%, >=64=0.0%
     complete  : 0=0.0%, 4=100.0%, 8=0.0%, 16=0.0%, 32=0.0%, 64=0.0%, >=64=0.0%
     issued    : total=r=9604/w=0/d=0, short=r=0/w=0/d=0
seqwrite: (groupid=0, jobs=1): err= 0: pid=1635: Fri May 27 18:14:58 2016
  write: io=9602.0MB, bw=163893KB/s, iops=160, runt= 59993msec
    slat (usec): min=65, max=98163, avg=353.58, stdev=1174.06
    clat (usec): min=477, max=497566, avg=8810.42, stdev=25689.00
     lat (usec): min=876, max=497909, avg=9164.76, stdev=25790.04
    clat percentiles (usec):
     |  1.00th=[  836],  5.00th=[  908], 10.00th=[  972], 20.00th=[ 1032],
     | 30.00th=[ 1080], 40.00th=[ 1128], 50.00th=[ 1176], 60.00th=[ 1224],
     | 70.00th=[ 1320], 80.00th=[ 2096], 90.00th=[17792], 95.00th=[71168],
     | 99.00th=[109056], 99.50th=[128512], 99.90th=[399360], 99.95th=[423936],
     | 99.99th=[497664]
    bw (KB  /s): min=57662, max=363816, per=100.00%, avg=164148.10, stdev=30843.95
    lat (usec) : 500=0.01%, 750=0.05%, 1000=13.66%
    lat (msec) : 2=66.06%, 4=2.10%, 10=3.74%, 20=5.83%, 50=1.46%
    lat (msec) : 100=5.33%, 250=1.65%, 500=0.10%
  cpu          : usr=1.11%, sys=4.72%, ctx=17828, majf=0, minf=10
  IO depths    : 1=82.2%, 2=1.1%, 4=2.2%, 8=14.5%, 16=0.0%, 32=0.0%, >=64=0.0%
     submit    : 0=0.0%, 4=100.0%, 8=0.0%, 16=0.0%, 32=0.0%, 64=0.0%, >=64=0.0%
     complete  : 0=0.0%, 4=100.0%, 8=0.0%, 16=0.0%, 32=0.0%, 64=0.0%, >=64=0.0%
     issued    : total=r=0/w=9602/d=0, short=r=0/w=0/d=0

Run status group 0 (all jobs):
   READ: io=62946MB, aggrb=1049.2MB/s, minb=163894KB/s, maxb=910358KB/s, mint=60001msec, maxt=60005msec
  WRITE: io=9602.0MB, aggrb=163893KB/s, minb=163893KB/s, maxb=163893KB/s, mint=59993msec, maxt=59993msec

Disk stats (read/write):
  nvme0n1: ios=1348263/86371, merge=0/0, ticks=1243392/688524, in_queue=1934308, util=100.00%
