randread-32k-64k: (g=0): rw=randread, bs=32K-64K/32K-64K/32K-64K, ioengine=libaio, iodepth=10
seqread: (g=0): rw=read, bs=1M-1M/1M-1M/1M-1M, ioengine=libaio, iodepth=10
seqwrite: (g=0): rw=write, bs=1M-1M/1M-1M/1M-1M, ioengine=libaio, iodepth=10
fio-2.1.3
Starting 3 processes

randread-32k-64k: (groupid=0, jobs=1): err= 0: pid=1180: Fri May 27 18:12:57 2016
  read : io=82169MB, bw=1369.5MB/s, iops=32492, runt= 60001msec
    slat (usec): min=2, max=4802, avg= 7.41, stdev=10.46
    clat (usec): min=17, max=75076, avg=299.18, stdev=391.86
     lat (usec): min=81, max=75081, avg=306.68, stdev=392.34
    clat percentiles (usec):
     |  1.00th=[  143],  5.00th=[  165], 10.00th=[  181], 20.00th=[  203],
     | 30.00th=[  221], 40.00th=[  239], 50.00th=[  258], 60.00th=[  282],
     | 70.00th=[  310], 80.00th=[  350], 90.00th=[  430], 95.00th=[  540],
     | 99.00th=[  908], 99.50th=[ 1176], 99.90th=[ 1752], 99.95th=[ 2288],
     | 99.99th=[10432]
    bw (MB  /s): min=  583, max= 1517, per=97.17%, avg=1369.55, stdev=213.05
    lat (usec) : 20=0.01%, 50=0.01%, 100=0.03%, 250=45.26%, 500=48.51%
    lat (usec) : 750=4.21%, 1000=1.24%
    lat (msec) : 2=0.69%, 4=0.04%, 10=0.01%, 20=0.01%, 100=0.01%
  cpu          : usr=5.69%, sys=31.01%, ctx=1234551, majf=0, minf=169
  IO depths    : 1=0.1%, 2=0.1%, 4=0.1%, 8=100.0%, 16=0.0%, 32=0.0%, >=64=0.0%
     submit    : 0=0.0%, 4=100.0%, 8=0.0%, 16=0.0%, 32=0.0%, 64=0.0%, >=64=0.0%
     complete  : 0=0.0%, 4=100.0%, 8=0.0%, 16=0.1%, 32=0.0%, 64=0.0%, >=64=0.0%
     issued    : total=r=1949590/w=0/d=0, short=r=0/w=0/d=0
seqread: (groupid=0, jobs=1): err= 0: pid=1181: Fri May 27 18:12:57 2016
  read : io=2402.0MB, bw=40993KB/s, iops=40, runt= 60002msec
    slat (usec): min=57, max=1262, avg=170.96, stdev=85.28
    clat (usec): min=303, max=72265, avg=1029.84, stdev=3025.73
     lat (usec): min=640, max=72569, avg=1201.40, stdev=3042.10
    clat percentiles (usec):
     |  1.00th=[  564],  5.00th=[  580], 10.00th=[  596], 20.00th=[  620],
     | 30.00th=[  636], 40.00th=[  660], 50.00th=[  684], 60.00th=[  708],
     | 70.00th=[  740], 80.00th=[  788], 90.00th=[  948], 95.00th=[ 1768],
     | 99.00th=[ 8512], 99.50th=[11456], 99.90th=[68096], 99.95th=[68096],
     | 99.99th=[72192]
    bw (KB  /s): min=32768, max=49152, per=2.84%, avg=41028.16, stdev=1175.54
    lat (usec) : 500=0.08%, 750=73.15%, 1000=17.40%
    lat (msec) : 2=5.25%, 4=1.83%, 10=1.50%, 20=0.62%, 100=0.17%
  cpu          : usr=0.09%, sys=0.77%, ctx=4765, majf=0, minf=524
  IO depths    : 1=97.9%, 2=0.4%, 4=0.8%, 8=0.9%, 16=0.0%, 32=0.0%, >=64=0.0%
     submit    : 0=0.0%, 4=100.0%, 8=0.0%, 16=0.0%, 32=0.0%, 64=0.0%, >=64=0.0%
     complete  : 0=0.0%, 4=100.0%, 8=0.0%, 16=0.0%, 32=0.0%, 64=0.0%, >=64=0.0%
     issued    : total=r=2402/w=0/d=0, short=r=0/w=0/d=0
seqwrite: (groupid=0, jobs=1): err= 0: pid=1182: Fri May 27 18:12:57 2016
  write: io=2402.0MB, bw=40992KB/s, iops=40, runt= 60003msec
    slat (usec): min=62, max=1740, avg=176.45, stdev=80.80
    clat (usec): min=697, max=63618, avg=1635.31, stdev=3079.92
     lat (usec): min=844, max=63726, avg=1812.39, stdev=3097.88
    clat percentiles (usec):
     |  1.00th=[  876],  5.00th=[  956], 10.00th=[ 1012], 20.00th=[ 1080],
     | 30.00th=[ 1112], 40.00th=[ 1144], 50.00th=[ 1192], 60.00th=[ 1224],
     | 70.00th=[ 1272], 80.00th=[ 1320], 90.00th=[ 1416], 95.00th=[ 1976],
     | 99.00th=[16512], 99.50th=[18048], 99.90th=[58112], 99.95th=[59648],
     | 99.99th=[63744]
    bw (KB  /s): min=36000, max=46000, per=100.00%, avg=41028.04, stdev=1170.05
    lat (usec) : 750=0.17%, 1000=8.33%
    lat (msec) : 2=86.55%, 4=1.62%, 10=1.46%, 20=1.71%, 50=0.04%
    lat (msec) : 100=0.12%
  cpu          : usr=0.26%, sys=0.66%, ctx=4768, majf=0, minf=9
  IO depths    : 1=98.0%, 2=0.4%, 4=0.8%, 8=0.8%, 16=0.0%, 32=0.0%, >=64=0.0%
     submit    : 0=0.0%, 4=100.0%, 8=0.0%, 16=0.0%, 32=0.0%, 64=0.0%, >=64=0.0%
     complete  : 0=0.0%, 4=100.0%, 8=0.0%, 16=0.0%, 32=0.0%, 64=0.0%, >=64=0.0%
     issued    : total=r=0/w=2402/d=0, short=r=0/w=0/d=0

Run status group 0 (all jobs):
   READ: io=84571MB, aggrb=1409.5MB/s, minb=40992KB/s, maxb=1369.5MB/s, mint=60001msec, maxt=60002msec
  WRITE: io=2402.0MB, aggrb=40992KB/s, minb=40992KB/s, maxb=40992KB/s, mint=60003msec, maxt=60003msec

Disk stats (read/write):
  nvme0n1: ios=1969674/21628, merge=0/0, ticks=585820/22140, in_queue=607944, util=99.91%
