randread-1k-4k: (g=0): rw=randread, bs=1K-4K/1K-4K/1K-4K, ioengine=libaio, iodepth=10
seqread: (g=0): rw=read, bs=1M-1M/1M-1M/1M-1M, ioengine=libaio, iodepth=10
seqwrite: (g=0): rw=write, bs=1M-1M/1M-1M/1M-1M, ioengine=libaio, iodepth=10
fio-2.1.3
Starting 3 processes

randread-1k-4k: (groupid=0, jobs=1): err= 0: pid=25535: Fri May 27 17:36:42 2016
  read : io=9454.4MB, bw=161352KB/s, iops=76953, runt= 60001msec
    slat (usec): min=1, max=35912, avg= 4.33, stdev=17.99
    clat (usec): min=8, max=275308, avg=124.21, stdev=502.46
     lat (usec): min=21, max=275313, avg=128.65, stdev=502.86
    clat percentiles (usec):
     |  1.00th=[   76],  5.00th=[   83], 10.00th=[   87], 20.00th=[   93],
     | 30.00th=[   98], 40.00th=[  102], 50.00th=[  106], 60.00th=[  111],
     | 70.00th=[  117], 80.00th=[  125], 90.00th=[  147], 95.00th=[  177],
     | 99.00th=[  470], 99.50th=[  708], 99.90th=[ 1448], 99.95th=[ 1592],
     | 99.99th=[ 4256]
    bw (KB  /s): min= 8544, max=208104, per=94.16%, avg=161597.46, stdev=36090.74
    lat (usec) : 10=0.01%, 20=0.01%, 50=0.14%, 100=33.99%, 250=63.01%
    lat (usec) : 500=1.94%, 750=0.48%, 1000=0.15%
    lat (msec) : 2=0.28%, 4=0.01%, 10=0.01%, 20=0.01%, 50=0.01%
    lat (msec) : 100=0.01%, 250=0.01%, 500=0.01%
  cpu          : usr=16.25%, sys=45.08%, ctx=1543461, majf=0, minf=22
  IO depths    : 1=0.1%, 2=0.1%, 4=0.1%, 8=100.0%, 16=0.0%, 32=0.0%, >=64=0.0%
     submit    : 0=0.0%, 4=100.0%, 8=0.0%, 16=0.0%, 32=0.0%, 64=0.0%, >=64=0.0%
     complete  : 0=0.0%, 4=100.0%, 8=0.0%, 16=0.1%, 32=0.0%, 64=0.0%, >=64=0.0%
     issued    : total=r=4617300/w=0/d=0, short=r=0/w=0/d=0
seqread: (groupid=0, jobs=1): err= 0: pid=25536: Fri May 27 17:36:42 2016
  read : io=616448KB, bw=10274KB/s, iops=10, runt= 60002msec
    slat (usec): min=72, max=978, avg=195.52, stdev=102.36
    clat (usec): min=379, max=178006, avg=1334.47, stdev=7604.65
     lat (usec): min=646, max=178239, avg=1530.53, stdev=7613.14
    clat percentiles (usec):
     |  1.00th=[  564],  5.00th=[  580], 10.00th=[  596], 20.00th=[  612],
     | 30.00th=[  636], 40.00th=[  652], 50.00th=[  684], 60.00th=[  708],
     | 70.00th=[  740], 80.00th=[  780], 90.00th=[  836], 95.00th=[ 2384],
     | 99.00th=[11840], 99.50th=[13632], 99.90th=[177152], 99.95th=[177152],
     | 99.99th=[177152]
    bw (KB  /s): min= 5873, max=12564, per=5.97%, avg=10247.51, stdev=522.65
    lat (usec) : 500=0.17%, 750=72.92%, 1000=19.44%
    lat (msec) : 2=1.50%, 4=2.82%, 10=1.83%, 20=1.00%, 50=0.17%
    lat (msec) : 250=0.17%
  cpu          : usr=0.02%, sys=0.22%, ctx=1185, majf=0, minf=526
  IO depths    : 1=97.0%, 2=0.7%, 4=1.3%, 8=1.0%, 16=0.0%, 32=0.0%, >=64=0.0%
     submit    : 0=0.0%, 4=100.0%, 8=0.0%, 16=0.0%, 32=0.0%, 64=0.0%, >=64=0.0%
     complete  : 0=0.0%, 4=100.0%, 8=0.0%, 16=0.0%, 32=0.0%, 64=0.0%, >=64=0.0%
     issued    : total=r=602/w=0/d=0, short=r=0/w=0/d=0
seqwrite: (groupid=0, jobs=1): err= 0: pid=25537: Fri May 27 17:36:42 2016
  write: io=616448KB, bw=10274KB/s, iops=10, runt= 60003msec
    slat (usec): min=89, max=1064, avg=201.72, stdev=87.36
    clat (usec): min=617, max=212383, avg=2493.12, stdev=10754.51
     lat (usec): min=785, max=212623, avg=2695.43, stdev=10762.41
    clat percentiles (usec):
     |  1.00th=[  660],  5.00th=[  692], 10.00th=[  708], 20.00th=[  828],
     | 30.00th=[  844], 40.00th=[  852], 50.00th=[  868], 60.00th=[  884],
     | 70.00th=[  900], 80.00th=[  908], 90.00th=[  980], 95.00th=[ 5344],
     | 99.00th=[37120], 99.50th=[41216], 99.90th=[211968], 99.95th=[211968],
     | 99.99th=[211968]
    bw (KB  /s): min= 9446, max=12263, per=99.91%, avg=10264.10, stdev=234.19
    lat (usec) : 750=12.29%, 1000=78.07%
    lat (msec) : 2=1.83%, 4=1.66%, 10=1.83%, 20=1.83%, 50=1.99%
    lat (msec) : 100=0.33%, 250=0.17%
  cpu          : usr=0.07%, sys=0.17%, ctx=1184, majf=0, minf=12
  IO depths    : 1=96.8%, 2=0.7%, 4=1.3%, 8=1.2%, 16=0.0%, 32=0.0%, >=64=0.0%
     submit    : 0=0.0%, 4=100.0%, 8=0.0%, 16=0.0%, 32=0.0%, 64=0.0%, >=64=0.0%
     complete  : 0=0.0%, 4=100.0%, 8=0.0%, 16=0.0%, 32=0.0%, 64=0.0%, >=64=0.0%
     issued    : total=r=0/w=602/d=0, short=r=0/w=0/d=0

Run status group 0 (all jobs):
   READ: io=10056MB, aggrb=171622KB/s, minb=10273KB/s, maxb=161351KB/s, mint=60001msec, maxt=60002msec
  WRITE: io=616448KB, aggrb=10273KB/s, minb=10273KB/s, maxb=10273KB/s, mint=60003msec, maxt=60003msec

Disk stats (read/write):
  nvme0n1: ios=4618453/5442, merge=0/0, ticks=530288/10768, in_queue=540960, util=99.94%
