randread-512k-1m: (g=0): rw=randread, bs=512K-1M/512K-1M/512K-1M, ioengine=libaio, iodepth=10
seqread: (g=0): rw=read, bs=1M-1M/1M-1M/1M-1M, ioengine=libaio, iodepth=10
seqwrite: (g=0): rw=write, bs=1M-1M/1M-1M/1M-1M, ioengine=libaio, iodepth=10
fio-2.1.3
Starting 3 processes

randread-512k-1m: (groupid=0, jobs=1): err= 0: pid=2769: Fri May 27 18:20:00 2016
  read : io=111632MB, bw=1860.5MB/s, iops=2759, runt= 60003msec
    slat (usec): min=32, max=3788, avg=136.36, stdev=80.00
    clat (usec): min=942, max=77063, avg=3483.37, stdev=1195.43
     lat (msec): min=1, max=77, avg= 3.62, stdev= 1.20
    clat percentiles (usec):
     |  1.00th=[ 2416],  5.00th=[ 2640], 10.00th=[ 2800], 20.00th=[ 2992],
     | 30.00th=[ 3120], 40.00th=[ 3248], 50.00th=[ 3376], 60.00th=[ 3536],
     | 70.00th=[ 3696], 80.00th=[ 3888], 90.00th=[ 4192], 95.00th=[ 4512],
     | 99.00th=[ 5280], 99.50th=[ 5600], 99.90th=[10560], 99.95th=[16320],
     | 99.99th=[74240]
    bw (MB  /s): min= 1441, max= 2136, per=98.92%, avg=1859.95, stdev=120.65
    lat (usec) : 1000=0.01%
    lat (msec) : 2=0.09%, 4=84.18%, 10=15.62%, 20=0.07%, 50=0.02%
    lat (msec) : 100=0.02%
  cpu          : usr=0.54%, sys=37.63%, ctx=154052, majf=0, minf=525
  IO depths    : 1=0.1%, 2=0.1%, 4=0.1%, 8=99.9%, 16=0.0%, 32=0.0%, >=64=0.0%
     submit    : 0=0.0%, 4=100.0%, 8=0.0%, 16=0.0%, 32=0.0%, 64=0.0%, >=64=0.0%
     complete  : 0=0.0%, 4=100.0%, 8=0.0%, 16=0.1%, 32=0.0%, 64=0.0%, >=64=0.0%
     issued    : total=r=165589/w=0/d=0, short=r=0/w=0/d=0
seqread: (groupid=0, jobs=1): err= 0: pid=2771: Fri May 27 18:20:00 2016
  read : io=1202.0MB, bw=20512KB/s, iops=20, runt= 60007msec
    slat (usec): min=66, max=1896, avg=252.97, stdev=144.35
    clat (msec): min=1, max=54, avg= 3.80, stdev= 2.61
     lat (msec): min=1, max=54, avg= 4.05, stdev= 2.62
    clat percentiles (usec):
     |  1.00th=[ 2512],  5.00th=[ 2832], 10.00th=[ 2992], 20.00th=[ 3152],
     | 30.00th=[ 3312], 40.00th=[ 3408], 50.00th=[ 3568], 60.00th=[ 3696],
     | 70.00th=[ 3856], 80.00th=[ 4016], 90.00th=[ 4320], 95.00th=[ 4832],
     | 99.00th=[ 8512], 99.50th=[ 9664], 99.90th=[52992], 99.95th=[54528],
     | 99.99th=[54528]
    bw (KB  /s): min= 5616, max=36571, per=1.07%, avg=20539.90, stdev=2117.81
    lat (msec) : 2=0.33%, 4=78.79%, 10=20.47%, 20=0.17%, 100=0.25%
  cpu          : usr=0.02%, sys=0.55%, ctx=2374, majf=0, minf=526
  IO depths    : 1=97.0%, 2=0.7%, 4=1.3%, 8=1.0%, 16=0.0%, 32=0.0%, >=64=0.0%
     submit    : 0=0.0%, 4=100.0%, 8=0.0%, 16=0.0%, 32=0.0%, 64=0.0%, >=64=0.0%
     complete  : 0=0.0%, 4=100.0%, 8=0.0%, 16=0.0%, 32=0.0%, 64=0.0%, >=64=0.0%
     issued    : total=r=1202/w=0/d=0, short=r=0/w=0/d=0
seqwrite: (groupid=0, jobs=1): err= 0: pid=2772: Fri May 27 18:20:00 2016
  write: io=1202.0MB, bw=20506KB/s, iops=20, runt= 60023msec
    slat (usec): min=88, max=6228, avg=255.55, stdev=208.23
    clat (msec): min=2, max=46, avg= 4.70, stdev= 2.64
     lat (msec): min=3, max=46, avg= 4.95, stdev= 2.65
    clat percentiles (usec):
     |  1.00th=[ 3344],  5.00th=[ 3504], 10.00th=[ 3696], 20.00th=[ 3920],
     | 30.00th=[ 4080], 40.00th=[ 4256], 50.00th=[ 4384], 60.00th=[ 4576],
     | 70.00th=[ 4704], 80.00th=[ 4896], 90.00th=[ 5216], 95.00th=[ 5664],
     | 99.00th=[19328], 99.50th=[21632], 99.90th=[43776], 99.95th=[46336],
     | 99.99th=[46336]
    bw (KB  /s): min=19768, max=24141, per=100.00%, avg=20529.08, stdev=379.16
    lat (msec) : 4=24.54%, 10=74.21%, 20=0.25%, 50=1.00%
  cpu          : usr=0.15%, sys=0.45%, ctx=2410, majf=0, minf=8
  IO depths    : 1=99.3%, 2=0.2%, 4=0.3%, 8=0.2%, 16=0.0%, 32=0.0%, >=64=0.0%
     submit    : 0=0.0%, 4=100.0%, 8=0.0%, 16=0.0%, 32=0.0%, 64=0.0%, >=64=0.0%
     complete  : 0=0.0%, 4=100.0%, 8=0.0%, 16=0.0%, 32=0.0%, 64=0.0%, >=64=0.0%
     issued    : total=r=0/w=1202/d=0, short=r=0/w=0/d=0

Run status group 0 (all jobs):
   READ: io=112834MB, aggrb=1880.4MB/s, minb=20511KB/s, maxb=1860.5MB/s, mint=60003msec, maxt=60007msec
  WRITE: io=1202.0MB, aggrb=20506KB/s, minb=20506KB/s, maxb=20506KB/s, mint=60023msec, maxt=60023msec

Disk stats (read/write):
  nvme0n1: ios=1068622/10833, merge=0/0, ticks=3643812/40788, in_queue=3684676, util=99.91%
