randread-128k-256k: (g=0): rw=randread, bs=128K-256K/128K-256K/128K-256K, ioengine=libaio, iodepth=10
seqread: (g=0): rw=read, bs=1M-1M/1M-1M/1M-1M, ioengine=libaio, iodepth=10
seqwrite: (g=0): rw=write, bs=1M-1M/1M-1M/1M-1M, ioengine=libaio, iodepth=10
fio-2.1.3
Starting 3 processes

randread-128k-256k: (groupid=0, jobs=1): err= 0: pid=30460: Fri May 27 17:58:51 2016
  read : io=85670MB, bw=1427.8MB/s, iops=8475, runt= 60002msec
    slat (usec): min=7, max=5571, avg=34.01, stdev=36.66
    clat (usec): min=227, max=363170, avg=1143.15, stdev=2812.96
     lat (usec): min=249, max=363195, avg=1177.32, stdev=2814.83
    clat percentiles (usec):
     |  1.00th=[  604],  5.00th=[  700], 10.00th=[  756], 20.00th=[  820],
     | 30.00th=[  868], 40.00th=[  916], 50.00th=[  964], 60.00th=[ 1020],
     | 70.00th=[ 1096], 80.00th=[ 1240], 90.00th=[ 1512], 95.00th=[ 1832],
     | 99.00th=[ 2832], 99.50th=[ 3952], 99.90th=[14656], 99.95th=[39168],
     | 99.99th=[85504]
    bw (MB  /s): min=    7, max= 1657, per=94.55%, avg=1425.56, stdev=318.83
    lat (usec) : 250=0.01%, 500=0.20%, 750=9.29%, 1000=47.23%
    lat (msec) : 2=39.50%, 4=3.28%, 10=0.30%, 20=0.11%, 50=0.05%
    lat (msec) : 100=0.03%, 250=0.01%, 500=0.01%
  cpu          : usr=2.75%, sys=32.36%, ctx=376158, majf=0, minf=649
  IO depths    : 1=0.1%, 2=0.1%, 4=0.1%, 8=100.0%, 16=0.0%, 32=0.0%, >=64=0.0%
     submit    : 0=0.0%, 4=100.0%, 8=0.0%, 16=0.0%, 32=0.0%, 64=0.0%, >=64=0.0%
     complete  : 0=0.0%, 4=100.0%, 8=0.0%, 16=0.1%, 32=0.0%, 64=0.0%, >=64=0.0%
     issued    : total=r=508536/w=0/d=0, short=r=0/w=0/d=0
seqread: (groupid=0, jobs=1): err= 0: pid=30461: Fri May 27 17:58:51 2016
  read : io=4802.0MB, bw=81950KB/s, iops=80, runt= 60003msec
    slat (usec): min=52, max=1019, avg=276.40, stdev=86.51
    clat (usec): min=567, max=361742, avg=5189.05, stdev=24144.65
     lat (usec): min=797, max=362075, avg=5465.69, stdev=24149.99
    clat percentiles (usec):
     |  1.00th=[  812],  5.00th=[  948], 10.00th=[ 1020], 20.00th=[ 1128],
     | 30.00th=[ 1208], 40.00th=[ 1288], 50.00th=[ 1384], 60.00th=[ 1512],
     | 70.00th=[ 1720], 80.00th=[ 2192], 90.00th=[ 4320], 95.00th=[12864],
     | 99.00th=[84480], 99.50th=[104960], 99.90th=[358400], 99.95th=[358400],
     | 99.99th=[362496]
    bw (KB  /s): min=37925, max=130766, per=5.32%, avg=82133.93, stdev=9086.63
    lat (usec) : 750=0.62%, 1000=7.71%
    lat (msec) : 2=68.60%, 4=12.56%, 10=4.54%, 20=2.17%, 50=1.44%
    lat (msec) : 100=1.81%, 250=0.17%, 500=0.40%
  cpu          : usr=0.06%, sys=2.36%, ctx=8962, majf=0, minf=525
  IO depths    : 1=88.0%, 2=1.9%, 4=3.8%, 8=6.3%, 16=0.0%, 32=0.0%, >=64=0.0%
     submit    : 0=0.0%, 4=100.0%, 8=0.0%, 16=0.0%, 32=0.0%, 64=0.0%, >=64=0.0%
     complete  : 0=0.0%, 4=100.0%, 8=0.0%, 16=0.0%, 32=0.0%, 64=0.0%, >=64=0.0%
     issued    : total=r=4802/w=0/d=0, short=r=0/w=0/d=0
seqwrite: (groupid=0, jobs=1): err= 0: pid=30462: Fri May 27 17:58:51 2016
  write: io=4802.0MB, bw=81950KB/s, iops=80, runt= 60003msec
    slat (usec): min=67, max=2603, avg=348.22, stdev=93.80
    clat (usec): min=685, max=443735, avg=6176.29, stdev=26466.66
     lat (usec): min=1000, max=443874, avg=6524.84, stdev=26473.63
    clat percentiles (usec):
     |  1.00th=[ 1096],  5.00th=[ 1224], 10.00th=[ 1304], 20.00th=[ 1400],
     | 30.00th=[ 1480], 40.00th=[ 1560], 50.00th=[ 1640], 60.00th=[ 1752],
     | 70.00th=[ 1896], 80.00th=[ 2256], 90.00th=[ 6304], 95.00th=[17792],
     | 99.00th=[78336], 99.50th=[148480], 99.90th=[362496], 99.95th=[362496],
     | 99.99th=[444416]
    bw (KB  /s): min=24336, max=148549, per=100.00%, avg=82056.77, stdev=10199.73
    lat (usec) : 750=0.02%, 1000=0.31%
    lat (msec) : 2=73.41%, 4=13.54%, 10=5.75%, 20=2.14%, 50=1.96%
    lat (msec) : 100=2.12%, 250=0.33%, 500=0.42%
  cpu          : usr=0.39%, sys=2.63%, ctx=8997, majf=0, minf=10
  IO depths    : 1=88.0%, 2=1.8%, 4=3.7%, 8=6.5%, 16=0.0%, 32=0.0%, >=64=0.0%
     submit    : 0=0.0%, 4=100.0%, 8=0.0%, 16=0.0%, 32=0.0%, 64=0.0%, >=64=0.0%
     complete  : 0=0.0%, 4=100.0%, 8=0.0%, 16=0.0%, 32=0.0%, 64=0.0%, >=64=0.0%
     issued    : total=r=0/w=4802/d=0, short=r=0/w=0/d=0

Run status group 0 (all jobs):
   READ: io=90472MB, aggrb=1507.9MB/s, minb=81950KB/s, maxb=1427.8MB/s, mint=60002msec, maxt=60003msec
  WRITE: io=4802.0MB, aggrb=81950KB/s, minb=81950KB/s, maxb=81950KB/s, mint=60003msec, maxt=60003msec

Disk stats (read/write):
  nvme0n1: ios=1235841/43200, merge=0/0, ticks=1524508/232936, in_queue=1759224, util=99.93%
