randread-128k-256k: (g=0): rw=randread, bs=128K-256K/128K-256K/128K-256K, ioengine=libaio, iodepth=10
seqread: (g=0): rw=read, bs=1M-1M/1M-1M/1M-1M, ioengine=libaio, iodepth=10
seqwrite: (g=0): rw=write, bs=1M-1M/1M-1M/1M-1M, ioengine=libaio, iodepth=10
fio-2.1.3
Starting 3 processes

randread-128k-256k: (groupid=0, jobs=1): err= 0: pid=2088: Fri May 27 18:16:59 2016
  read : io=99346MB, bw=1655.8MB/s, iops=9827, runt= 60001msec
    slat (usec): min=9, max=3690, avg=35.82, stdev=29.01
    clat (usec): min=224, max=72986, avg=980.17, stdev=695.65
     lat (usec): min=287, max=73011, avg=1016.08, stdev=696.60
    clat percentiles (usec):
     |  1.00th=[  612],  5.00th=[  692], 10.00th=[  740], 20.00th=[  796],
     | 30.00th=[  836], 40.00th=[  876], 50.00th=[  916], 60.00th=[  956],
     | 70.00th=[ 1012], 80.00th=[ 1080], 90.00th=[ 1256], 95.00th=[ 1464],
     | 99.00th=[ 2064], 99.50th=[ 2256], 99.90th=[ 3120], 99.95th=[10688],
     | 99.99th=[17536]
    bw (MB  /s): min= 1246, max= 1747, per=97.40%, avg=1651.67, stdev=125.82
    lat (usec) : 250=0.01%, 500=0.17%, 750=11.39%, 1000=56.96%
    lat (msec) : 2=30.33%, 4=1.09%, 10=0.02%, 20=0.04%, 50=0.01%
    lat (msec) : 100=0.01%
  cpu          : usr=1.71%, sys=37.28%, ctx=438552, majf=0, minf=137
  IO depths    : 1=0.1%, 2=0.1%, 4=0.1%, 8=100.0%, 16=0.0%, 32=0.0%, >=64=0.0%
     submit    : 0=0.0%, 4=100.0%, 8=0.0%, 16=0.0%, 32=0.0%, 64=0.0%, >=64=0.0%
     complete  : 0=0.0%, 4=100.0%, 8=0.0%, 16=0.1%, 32=0.0%, 64=0.0%, >=64=0.0%
     issued    : total=r=589673/w=0/d=0, short=r=0/w=0/d=0
seqread: (groupid=0, jobs=1): err= 0: pid=2089: Fri May 27 18:16:59 2016
  read : io=2402.0MB, bw=40992KB/s, iops=40, runt= 60003msec
    slat (usec): min=75, max=940, avg=200.04, stdev=98.89
    clat (usec): min=550, max=71359, avg=1500.43, stdev=3025.43
     lat (usec): min=842, max=71510, avg=1700.98, stdev=3041.63
    clat percentiles (usec):
     |  1.00th=[  812],  5.00th=[  956], 10.00th=[ 1012], 20.00th=[ 1080],
     | 30.00th=[ 1128], 40.00th=[ 1160], 50.00th=[ 1208], 60.00th=[ 1240],
     | 70.00th=[ 1288], 80.00th=[ 1352], 90.00th=[ 1480], 95.00th=[ 1896],
     | 99.00th=[ 8512], 99.50th=[11328], 99.90th=[70144], 99.95th=[71168],
     | 99.99th=[71168]
    bw (KB  /s): min=37129, max=44966, per=2.36%, avg=41029.34, stdev=628.55
    lat (usec) : 750=0.50%, 1000=8.45%
    lat (msec) : 2=86.43%, 4=2.33%, 10=1.50%, 20=0.62%, 100=0.17%
  cpu          : usr=0.03%, sys=0.93%, ctx=4744, majf=0, minf=525
  IO depths    : 1=97.9%, 2=0.4%, 4=0.8%, 8=0.9%, 16=0.0%, 32=0.0%, >=64=0.0%
     submit    : 0=0.0%, 4=100.0%, 8=0.0%, 16=0.0%, 32=0.0%, 64=0.0%, >=64=0.0%
     complete  : 0=0.0%, 4=100.0%, 8=0.0%, 16=0.0%, 32=0.0%, 64=0.0%, >=64=0.0%
     issued    : total=r=2402/w=0/d=0, short=r=0/w=0/d=0
seqwrite: (groupid=0, jobs=1): err= 0: pid=2090: Fri May 27 18:16:59 2016
  write: io=2402.0MB, bw=40991KB/s, iops=40, runt= 60004msec
    slat (usec): min=81, max=1447, avg=250.55, stdev=112.81
    clat (usec): min=997, max=62991, avg=2114.30, stdev=3130.21
     lat (msec): min=1, max=63, avg= 2.37, stdev= 3.14
    clat percentiles (usec):
     |  1.00th=[ 1176],  5.00th=[ 1320], 10.00th=[ 1384], 20.00th=[ 1480],
     | 30.00th=[ 1560], 40.00th=[ 1624], 50.00th=[ 1688], 60.00th=[ 1752],
     | 70.00th=[ 1832], 80.00th=[ 1944], 90.00th=[ 2128], 95.00th=[ 2480],
     | 99.00th=[14912], 99.50th=[18560], 99.90th=[62208], 99.95th=[62720],
     | 99.99th=[63232]
    bw (KB  /s): min=36571, max=45821, per=100.00%, avg=41038.57, stdev=959.03
    lat (usec) : 1000=0.04%
    lat (msec) : 2=83.64%, 4=13.07%, 10=1.17%, 20=1.92%, 100=0.17%
  cpu          : usr=0.27%, sys=0.93%, ctx=4752, majf=0, minf=9
  IO depths    : 1=98.0%, 2=0.4%, 4=0.8%, 8=0.8%, 16=0.0%, 32=0.0%, >=64=0.0%
     submit    : 0=0.0%, 4=100.0%, 8=0.0%, 16=0.0%, 32=0.0%, 64=0.0%, >=64=0.0%
     complete  : 0=0.0%, 4=100.0%, 8=0.0%, 16=0.0%, 32=0.0%, 64=0.0%, >=64=0.0%
     issued    : total=r=0/w=2402/d=0, short=r=0/w=0/d=0

Run status group 0 (all jobs):
   READ: io=101748MB, aggrb=1695.8MB/s, minb=40992KB/s, maxb=1655.8MB/s, mint=60001msec, maxt=60003msec
  WRITE: io=2402.0MB, aggrb=40991KB/s, minb=40991KB/s, maxb=40991KB/s, mint=60004msec, maxt=60004msec

Disk stats (read/write):
  nvme0n1: ios=1404817/21628, merge=0/0, ticks=1334812/30304, in_queue=1365136, util=99.89%
