randread-32k: (g=0): rw=randread, bs=32K-32K/32K-32K/32K-32K, ioengine=libaio, iodepth=10
fio-2.1.3
Starting 1 process

randread-32k: (groupid=0, jobs=1): err= 0: pid=26651: Fri May 27 17:41:44 2016
  read : io=78592MB, bw=1309.9MB/s, iops=41915, runt= 60001msec
    slat (usec): min=2, max=664, avg= 9.03, stdev= 8.72
    clat (usec): min=1, max=3203, avg=228.06, stdev=71.12
     lat (usec): min=80, max=3211, avg=237.22, stdev=71.00
    clat percentiles (usec):
     |  1.00th=[  133],  5.00th=[  149], 10.00th=[  159], 20.00th=[  173],
     | 30.00th=[  187], 40.00th=[  199], 50.00th=[  213], 60.00th=[  227],
     | 70.00th=[  247], 80.00th=[  274], 90.00th=[  318], 95.00th=[  366],
     | 99.00th=[  470], 99.50th=[  516], 99.90th=[  620], 99.95th=[  668],
     | 99.99th=[  796]
    bw (MB  /s): min= 1263, max= 1359, per=99.86%, avg=1307.98, stdev=18.23
    lat (usec) : 2=0.01%, 4=0.01%, 20=0.01%, 50=0.01%, 100=0.03%
    lat (usec) : 250=71.35%, 500=28.01%, 750=0.60%, 1000=0.01%
    lat (msec) : 2=0.01%, 4=0.01%
  cpu          : usr=10.39%, sys=47.69%, ctx=1112780, majf=0, minf=87
  IO depths    : 1=0.1%, 2=0.1%, 4=0.1%, 8=100.0%, 16=0.0%, 32=0.0%, >=64=0.0%
     submit    : 0=0.0%, 4=100.0%, 8=0.0%, 16=0.0%, 32=0.0%, 64=0.0%, >=64=0.0%
     complete  : 0=0.0%, 4=100.0%, 8=0.0%, 16=0.1%, 32=0.0%, 64=0.0%, >=64=0.0%
     issued    : total=r=2514953/w=0/d=0, short=r=0/w=0/d=0

Run status group 0 (all jobs):
   READ: io=78592MB, aggrb=1309.9MB/s, minb=1309.9MB/s, maxb=1309.9MB/s, mint=60001msec, maxt=60001msec

Disk stats (read/write):
  nvme0n1: ios=2512803/0, merge=0/0, ticks=539836/0, in_queue=540196, util=99.96%
