randread-2k: (g=0): rw=randread, bs=2K-2K/2K-2K/2K-2K, ioengine=libaio, iodepth=10
fio-2.1.3
Starting 1 process

randread-2k: (groupid=0, jobs=1): err= 0: pid=26428: Fri May 27 17:40:44 2016
  read : io=7977.9MB, bw=136153KB/s, iops=68076, runt= 60001msec
    slat (usec): min=1, max=4154, avg= 5.49, stdev= 7.60
    clat (usec): min=21, max=77328, avg=139.70, stdev=131.00
     lat (usec): min=37, max=77355, avg=145.33, stdev=131.10
    clat percentiles (usec):
     |  1.00th=[   75],  5.00th=[   86], 10.00th=[   96], 20.00th=[  112],
     | 30.00th=[  122], 40.00th=[  131], 50.00th=[  137], 60.00th=[  145],
     | 70.00th=[  151], 80.00th=[  161], 90.00th=[  177], 95.00th=[  195],
     | 99.00th=[  302], 99.50th=[  378], 99.90th=[  532], 99.95th=[  716],
     | 99.99th=[ 1400]
    bw (KB  /s): min=44400, max=193696, per=99.85%, avg=135941.34, stdev=14100.02
    lat (usec) : 50=0.11%, 100=11.69%, 250=86.98%, 500=1.10%, 750=0.07%
    lat (usec) : 1000=0.02%
    lat (msec) : 2=0.03%, 4=0.01%, 10=0.01%, 20=0.01%, 100=0.01%
  cpu          : usr=19.76%, sys=50.85%, ctx=527001, majf=0, minf=12
  IO depths    : 1=0.1%, 2=0.1%, 4=0.1%, 8=100.0%, 16=0.0%, 32=0.0%, >=64=0.0%
     submit    : 0=0.0%, 4=100.0%, 8=0.0%, 16=0.0%, 32=0.0%, 64=0.0%, >=64=0.0%
     complete  : 0=0.0%, 4=100.0%, 8=0.0%, 16=0.1%, 32=0.0%, 64=0.0%, >=64=0.0%
     issued    : total=r=4084647/w=0/d=0, short=r=0/w=0/d=0

Run status group 0 (all jobs):
   READ: io=7977.9MB, aggrb=136152KB/s, minb=136152KB/s, maxb=136152KB/s, mint=60001msec, maxt=60001msec

Disk stats (read/write):
  nvme0n1: ios=4081100/4, merge=0/0, ticks=360416/88, in_queue=359988, util=94.49%
