randread-1k: (g=0): rw=randread, bs=8K-16K/8K-16K/8K-16K, ioengine=libaio, iodepth=10
seqread: (g=0): rw=read, bs=1M-1M/1M-1M/1M-1M, ioengine=libaio, iodepth=10
seqwrite: (g=0): rw=write, bs=1M-1M/1M-1M/1M-1M, ioengine=libaio, iodepth=10
fio-2.1.4
Starting 3 processes

randread-1k: (groupid=0, jobs=1): err= 0: pid=27825: Sat Mar 15 11:09:50 2014
  read : io=1104.8MB, bw=18841KB/s, iops=1734, runt= 60002msec
    slat (usec): min=4, max=137652, avg=549.59, stdev=4298.19
    clat (usec): min=3, max=468936, avg=4948.70, stdev=25090.96
     lat (usec): min=7, max=519533, avg=5498.44, stdev=27632.31
    clat percentiles (usec):
     |  1.00th=[   63],  5.00th=[   66], 10.00th=[   67], 20.00th=[   69],
     | 30.00th=[   70], 40.00th=[   71], 50.00th=[   73], 60.00th=[   75],
     | 70.00th=[   79], 80.00th=[   86], 90.00th=[ 6368], 95.00th=[28800],
     | 99.00th=[101888], 99.50th=[197632], 99.90th=[358400], 99.95th=[407552],
     | 99.99th=[460800]
    bw (KB  /s): min=    3, max=1304560, per=36.84%, avg=19618.24, stdev=132588.22
    lat (usec) : 4=0.01%, 10=0.01%, 20=0.01%, 50=0.01%, 100=87.26%
    lat (usec) : 250=1.43%, 500=0.15%, 750=0.06%
    lat (msec) : 2=0.01%, 4=0.54%, 10=1.93%, 20=2.06%, 50=4.18%
    lat (msec) : 100=1.14%, 250=0.91%, 500=0.31%
  cpu          : usr=0.27%, sys=2.29%, ctx=7365, majf=0, minf=67
  IO depths    : 1=0.1%, 2=0.1%, 4=0.1%, 8=100.0%, 16=0.0%, 32=0.0%, >=64=0.0%
     submit    : 0=0.0%, 4=100.0%, 8=0.0%, 16=0.0%, 32=0.0%, 64=0.0%, >=64=0.0%
     complete  : 0=0.0%, 4=100.0%, 8=0.0%, 16=0.1%, 32=0.0%, 64=0.0%, >=64=0.0%
     issued    : total=r=104091/w=0/d=0, short=r=0/w=0/d=0
seqread: (groupid=0, jobs=1): err= 0: pid=27826: Sat Mar 15 11:09:50 2014
  read : io=2019.0MB, bw=34426KB/s, iops=33, runt= 60055msec
    slat (usec): min=233, max=185190, avg=27808.38, stdev=33532.44
    clat (usec): min=6, max=1002.8K, avg=249199.64, stdev=215059.74
     lat (msec): min=3, max=1087, avg=277.01, stdev=233.78
    clat percentiles (msec):
     |  1.00th=[   67],  5.00th=[  117], 10.00th=[  120], 20.00th=[  126],
     | 30.00th=[  141], 40.00th=[  145], 50.00th=[  145], 60.00th=[  149],
     | 70.00th=[  151], 80.00th=[  383], 90.00th=[  578], 95.00th=[  783],
     | 99.00th=[  930], 99.50th=[  971], 99.90th=[  988], 99.95th=[  988],
     | 99.99th=[ 1004]
    bw (KB  /s): min=  407, max=83800, per=68.53%, avg=36492.76, stdev=25374.96
    lat (usec) : 10=0.10%
    lat (msec) : 4=0.35%, 20=0.05%, 50=0.10%, 100=2.13%, 250=69.69%
    lat (msec) : 500=14.17%, 750=7.73%, 1000=5.65%, 2000=0.05%
  cpu          : usr=0.02%, sys=3.11%, ctx=65910, majf=0, minf=2589
  IO depths    : 1=0.1%, 2=0.2%, 4=0.4%, 8=99.3%, 16=0.0%, 32=0.0%, >=64=0.0%
     submit    : 0=0.0%, 4=100.0%, 8=0.0%, 16=0.0%, 32=0.0%, 64=0.0%, >=64=0.0%
     complete  : 0=0.0%, 4=99.9%, 8=0.0%, 16=0.1%, 32=0.0%, 64=0.0%, >=64=0.0%
     issued    : total=r=2019/w=0/d=0, short=r=0/w=0/d=0
seqwrite: (groupid=0, jobs=1): err= 0: pid=27827: Sat Mar 15 11:09:50 2014
  write: io=2019.0MB, bw=34429KB/s, iops=33, runt= 60050msec
    slat (usec): min=753, max=185661, avg=27808.46, stdev=33411.11
    clat (usec): min=6, max=1002.2K, avg=249208.73, stdev=214866.53
     lat (msec): min=9, max=1087, avg=277.02, stdev=233.60
    clat percentiles (msec):
     |  1.00th=[   68],  5.00th=[  117], 10.00th=[  120], 20.00th=[  126],
     | 30.00th=[  141], 40.00th=[  145], 50.00th=[  145], 60.00th=[  149],
     | 70.00th=[  151], 80.00th=[  383], 90.00th=[  578], 95.00th=[  775],
     | 99.00th=[  930], 99.50th=[  971], 99.90th=[  988], 99.95th=[  988],
     | 99.99th=[ 1004]
    bw (KB  /s): min=  408, max=83800, per=100.00%, avg=36422.62, stdev=25405.82
    lat (usec) : 10=0.10%
    lat (msec) : 10=0.35%, 20=0.05%, 50=0.10%, 100=2.13%, 250=69.74%
    lat (msec) : 500=14.07%, 750=7.78%, 1000=5.65%, 2000=0.05%
  cpu          : usr=0.94%, sys=2.90%, ctx=67203, majf=0, minf=28
  IO depths    : 1=0.1%, 2=0.2%, 4=0.4%, 8=99.3%, 16=0.0%, 32=0.0%, >=64=0.0%
     submit    : 0=0.0%, 4=100.0%, 8=0.0%, 16=0.0%, 32=0.0%, 64=0.0%, >=64=0.0%
     complete  : 0=0.0%, 4=99.9%, 8=0.0%, 16=0.1%, 32=0.0%, 64=0.0%, >=64=0.0%
     issued    : total=r=0/w=2019/d=0, short=r=0/w=0/d=0

Run status group 0 (all jobs):
   READ: io=3123.8MB, aggrb=53250KB/s, minb=18841KB/s, maxb=34426KB/s, mint=60002msec, maxt=60055msec
  WRITE: io=2019.0MB, aggrb=34428KB/s, minb=34428KB/s, maxb=34428KB/s, mint=60050msec, maxt=60050msec

Disk stats (read/write):
  xvdg: ios=48514/50251, merge=27/502902, ticks=673897/5429497, in_queue=6111869, util=99.50%
