randread-1k: (g=0): rw=randread, bs=1K-4K/1K-4K/1K-4K, ioengine=libaio, iodepth=10
seqread: (g=0): rw=read, bs=1M-1M/1M-1M/1M-1M, ioengine=libaio, iodepth=10
seqwrite: (g=0): rw=write, bs=1M-1M/1M-1M/1M-1M, ioengine=libaio, iodepth=10
fio-2.1.4
Starting 3 processes

randread-1k: (groupid=0, jobs=1): err= 0: pid=27682: Sat Mar 15 10:59:20 2014
  read : io=1126.8MB, bw=19229KB/s, iops=9163, runt= 60001msec
    slat (usec): min=2, max=118983, avg=99.99, stdev=1271.92
    clat (usec): min=3, max=462046, avg=924.12, stdev=7036.42
     lat (usec): min=6, max=467953, avg=1024.32, stdev=7722.10
    clat percentiles (usec):
     |  1.00th=[   49],  5.00th=[   51], 10.00th=[   52], 20.00th=[   53],
     | 30.00th=[   55], 40.00th=[   63], 50.00th=[  298], 60.00th=[  342],
     | 70.00th=[  628], 80.00th=[ 1240], 90.00th=[ 1880], 95.00th=[ 2160],
     | 99.00th=[ 7136], 99.50th=[14912], 99.90th=[96768], 99.95th=[185344],
     | 99.99th=[321536]
    bw (KB  /s): min=    0, max=173648, per=50.31%, avg=20005.22, stdev=32295.63
    lat (usec) : 4=0.01%, 10=0.01%, 20=0.01%, 50=1.11%, 100=41.31%
    lat (usec) : 250=0.13%, 500=19.45%, 750=9.32%, 1000=5.17%
    lat (msec) : 2=16.27%, 4=6.03%, 10=0.41%, 20=0.61%, 50=0.04%
    lat (msec) : 100=0.04%, 250=0.07%, 500=0.03%
  cpu          : usr=1.94%, sys=8.77%, ctx=133772, majf=0, minf=38
  IO depths    : 1=0.1%, 2=0.1%, 4=0.1%, 8=100.0%, 16=0.0%, 32=0.0%, >=64=0.0%
     submit    : 0=0.0%, 4=100.0%, 8=0.0%, 16=0.0%, 32=0.0%, 64=0.0%, >=64=0.0%
     complete  : 0=0.0%, 4=100.0%, 8=0.0%, 16=0.1%, 32=0.0%, 64=0.0%, >=64=0.0%
     issued    : total=r=549825/w=0/d=0, short=r=0/w=0/d=0
seqread: (groupid=0, jobs=1): err= 0: pid=27683: Sat Mar 15 10:59:20 2014
  read : io=1204.0MB, bw=20539KB/s, iops=20, runt= 60026msec
    slat (usec): min=187, max=203105, avg=15010.15, stdev=32802.22
    clat (usec): min=2, max=1017.1K, avg=84198.42, stdev=186195.28
     lat (usec): min=191, max=1018.4K, avg=99211.03, stdev=201413.83
    clat percentiles (usec):
     |  1.00th=[    2],  5.00th=[    2], 10.00th=[    2], 20.00th=[    3],
     | 30.00th=[    3], 40.00th=[    3], 50.00th=[    3], 60.00th=[    4],
     | 70.00th=[    5], 80.00th=[140288], 90.00th=[374784], 95.00th=[522240],
     | 99.00th=[782336], 99.50th=[831488], 99.90th=[1011712], 99.95th=[1019904],
     | 99.99th=[1019904]
    bw (KB  /s): min=  946, max=62243, per=52.27%, avg=20780.99, stdev=6690.22
    lat (usec) : 4=59.30%, 10=12.13%, 20=1.33%, 500=0.17%, 750=0.17%
    lat (usec) : 1000=0.25%
    lat (msec) : 2=0.75%, 4=0.58%, 10=0.58%, 20=0.50%, 50=0.75%
    lat (msec) : 100=1.91%, 250=7.39%, 500=8.14%, 750=3.90%, 1000=1.99%
    lat (msec) : 2000=0.17%
  cpu          : usr=0.02%, sys=1.60%, ctx=27471, majf=0, minf=2587
  IO depths    : 1=72.8%, 2=1.0%, 4=2.0%, 8=24.3%, 16=0.0%, 32=0.0%, >=64=0.0%
     submit    : 0=0.0%, 4=100.0%, 8=0.0%, 16=0.0%, 32=0.0%, 64=0.0%, >=64=0.0%
     complete  : 0=0.0%, 4=100.0%, 8=0.0%, 16=0.0%, 32=0.0%, 64=0.0%, >=64=0.0%
     issued    : total=r=1204/w=0/d=0, short=r=0/w=0/d=0
seqwrite: (groupid=0, jobs=1): err= 0: pid=27684: Sat Mar 15 10:59:20 2014
  write: io=1204.0MB, bw=20545KB/s, iops=20, runt= 60009msec
    slat (usec): min=517, max=1604.9K, avg=14030.99, stdev=57524.85
    clat (usec): min=2, max=1016.2K, avg=84495.59, stdev=186038.03
     lat (usec): min=520, max=1604.9K, avg=98528.61, stdev=207152.46
    clat percentiles (usec):
     |  1.00th=[    2],  5.00th=[    2], 10.00th=[    3], 20.00th=[    3],
     | 30.00th=[    3], 40.00th=[    3], 50.00th=[    3], 60.00th=[    4],
     | 70.00th=[ 2064], 80.00th=[138240], 90.00th=[378880], 95.00th=[518144],
     | 99.00th=[782336], 99.50th=[831488], 99.90th=[1011712], 99.95th=[1019904],
     | 99.99th=[1019904]
    bw (KB  /s): min=  942, max=80644, per=100.00%, avg=21240.49, stdev=9348.26
    lat (usec) : 4=58.80%, 10=9.22%, 20=1.25%, 50=0.08%, 100=0.08%
    lat (usec) : 1000=0.08%
    lat (msec) : 2=0.42%, 4=0.75%, 10=4.40%, 20=0.66%, 50=0.75%
    lat (msec) : 100=1.91%, 250=7.39%, 500=8.14%, 750=3.99%, 1000=1.91%
    lat (msec) : 2000=0.17%
  cpu          : usr=0.43%, sys=1.51%, ctx=20468, majf=0, minf=28
  IO depths    : 1=69.4%, 2=1.2%, 4=2.3%, 8=27.1%, 16=0.0%, 32=0.0%, >=64=0.0%
     submit    : 0=0.0%, 4=100.0%, 8=0.0%, 16=0.0%, 32=0.0%, 64=0.0%, >=64=0.0%
     complete  : 0=0.0%, 4=100.0%, 8=0.0%, 16=0.0%, 32=0.0%, 64=0.0%, >=64=0.0%
     issued    : total=r=0/w=1204/d=0, short=r=0/w=0/d=0

Run status group 0 (all jobs):
   READ: io=2330.8MB, aggrb=39760KB/s, minb=19229KB/s, maxb=20539KB/s, mint=60001msec, maxt=60026msec
  WRITE: io=1204.0MB, aggrb=20545KB/s, minb=20545KB/s, maxb=20545KB/s, mint=60009msec, maxt=60009msec

Disk stats (read/write):
  xvdg: ios=158521/25362, merge=16/251666, ticks=381051/2431034, in_queue=2812038, util=93.28%
