randread-1k: (g=0): rw=randread, bs=1K-4K/1K-4K/1K-4K, ioengine=libaio, iodepth=10
seqread: (g=0): rw=read, bs=1M-1M/1M-1M/1M-1M, ioengine=libaio, iodepth=10
seqwrite: (g=0): rw=write, bs=1M-1M/1M-1M/1M-1M, ioengine=libaio, iodepth=10
fio-2.1.4
Starting 3 processes

randread-1k: (groupid=0, jobs=1): err= 0: pid=27705: Sat Mar 15 11:01:22 2014
  read : io=2050.7MB, bw=34994KB/s, iops=16910, runt= 60005msec
    slat (usec): min=3, max=145118, avg=56.95, stdev=1281.41
    clat (usec): min=3, max=395476, avg=529.08, stdev=7051.79
     lat (usec): min=6, max=399355, avg=586.13, stdev=7764.25
    clat percentiles (usec):
     |  1.00th=[   49],  5.00th=[   50], 10.00th=[   51], 20.00th=[   51],
     | 30.00th=[   52], 40.00th=[   52], 50.00th=[   53], 60.00th=[   53],
     | 70.00th=[   54], 80.00th=[   55], 90.00th=[   62], 95.00th=[   72],
     | 99.00th=[ 7264], 99.50th=[21376], 99.90th=[108032], 99.95th=[168960],
     | 99.99th=[272384]
    bw (KB  /s): min=   26, max=386012, per=44.68%, avg=33241.98, stdev=95776.36
    lat (usec) : 4=0.01%, 10=0.01%, 20=0.01%, 50=2.19%, 100=93.74%
    lat (usec) : 250=0.15%, 500=1.71%, 750=0.22%, 1000=0.04%
    lat (msec) : 2=0.14%, 4=0.33%, 10=0.66%, 20=0.27%, 50=0.35%
    lat (msec) : 100=0.09%, 250=0.09%, 500=0.02%
  cpu          : usr=2.26%, sys=8.58%, ctx=8872, majf=0, minf=36
  IO depths    : 1=0.1%, 2=0.1%, 4=0.1%, 8=100.0%, 16=0.0%, 32=0.0%, >=64=0.0%
     submit    : 0=0.0%, 4=100.0%, 8=0.0%, 16=0.0%, 32=0.0%, 64=0.0%, >=64=0.0%
     complete  : 0=0.0%, 4=100.0%, 8=0.0%, 16=0.1%, 32=0.0%, 64=0.0%, >=64=0.0%
     issued    : total=r=1014726/w=0/d=0, short=r=0/w=0/d=0
seqread: (groupid=0, jobs=1): err= 0: pid=27706: Sat Mar 15 11:01:22 2014
  read : io=2309.0MB, bw=39403KB/s, iops=38, runt= 60006msec
    slat (usec): min=233, max=192388, avg=15348.80, stdev=22800.27
    clat (usec): min=2, max=943477, avg=137242.59, stdev=150969.81
     lat (usec): min=236, max=1025.1K, avg=152593.90, stdev=165719.43
    clat percentiles (usec):
     |  1.00th=[    2],  5.00th=[ 2608], 10.00th=[ 2736], 20.00th=[71168],
     | 30.00th=[78336], 40.00th=[84480], 50.00th=[90624], 60.00th=[146432],
     | 70.00th=[148480], 80.00th=[148480], 90.00th=[268288], 95.00th=[423936],
     | 99.00th=[921600], 99.50th=[921600], 99.90th=[921600], 99.95th=[921600],
     | 99.99th=[946176]
    bw (KB  /s): min=   64, max=564203, per=84.78%, avg=63075.30, stdev=70534.28
    lat (usec) : 4=3.85%, 10=0.17%, 20=0.04%, 500=0.04%, 750=0.04%
    lat (usec) : 1000=0.04%
    lat (msec) : 2=0.13%, 4=10.13%, 10=0.43%, 20=0.22%, 50=0.43%
    lat (msec) : 100=37.77%, 250=36.21%, 500=6.45%, 750=2.12%, 1000=1.91%
  cpu          : usr=0.01%, sys=7.70%, ctx=399262, majf=0, minf=2589
  IO depths    : 1=4.1%, 2=0.3%, 4=0.5%, 8=95.1%, 16=0.0%, 32=0.0%, >=64=0.0%
     submit    : 0=0.0%, 4=100.0%, 8=0.0%, 16=0.0%, 32=0.0%, 64=0.0%, >=64=0.0%
     complete  : 0=0.0%, 4=99.9%, 8=0.0%, 16=0.1%, 32=0.0%, 64=0.0%, >=64=0.0%
     issued    : total=r=2309/w=0/d=0, short=r=0/w=0/d=0
seqwrite: (groupid=0, jobs=1): err= 0: pid=27707: Sat Mar 15 11:01:22 2014
  write: io=2309.0MB, bw=39406KB/s, iops=38, runt= 60002msec
    slat (usec): min=493, max=192470, avg=15397.58, stdev=22715.07
    clat (usec): min=2, max=942853, avg=137852.93, stdev=150419.35
     lat (usec): min=496, max=1026.8K, avg=153253.30, stdev=165132.45
    clat percentiles (usec):
     |  1.00th=[    3],  5.00th=[ 5920], 10.00th=[ 6176], 20.00th=[71168],
     | 30.00th=[78336], 40.00th=[84480], 50.00th=[90624], 60.00th=[146432],
     | 70.00th=[148480], 80.00th=[148480], 90.00th=[268288], 95.00th=[423936],
     | 99.00th=[921600], 99.50th=[921600], 99.90th=[921600], 99.95th=[921600],
     | 99.99th=[946176]
    bw (KB  /s): min=   64, max=565522, per=100.00%, avg=63066.94, stdev=70675.53
    lat (usec) : 4=3.38%, 10=0.17%, 20=0.04%, 750=0.04%
    lat (msec) : 2=0.09%, 4=0.13%, 10=9.31%, 20=1.86%, 50=0.48%
    lat (msec) : 100=37.77%, 250=36.25%, 500=6.45%, 750=2.17%, 1000=1.86%
  cpu          : usr=1.31%, sys=6.21%, ctx=397215, majf=0, minf=28
  IO depths    : 1=3.6%, 2=0.3%, 4=0.5%, 8=95.6%, 16=0.0%, 32=0.0%, >=64=0.0%
     submit    : 0=0.0%, 4=100.0%, 8=0.0%, 16=0.0%, 32=0.0%, 64=0.0%, >=64=0.0%
     complete  : 0=0.0%, 4=99.9%, 8=0.0%, 16=0.1%, 32=0.0%, 64=0.0%, >=64=0.0%
     issued    : total=r=0/w=2309/d=0, short=r=0/w=0/d=0

Run status group 0 (all jobs):
   READ: io=4359.7MB, aggrb=74396KB/s, minb=34994KB/s, maxb=39402KB/s, mint=60005msec, maxt=60006msec
  WRITE: io=2309.0MB, aggrb=39405KB/s, minb=39405KB/s, maxb=39405KB/s, mint=60002msec, maxt=60002msec

Disk stats (read/write):
  xvdg: ios=51062/55268, merge=13/551473, ticks=394933/5367879, in_queue=5762803, util=98.32%
