randread-4k: (g=0): rw=randread, bs=4K-4K/4K-4K/4K-4K, ioengine=libaio, iodepth=10
fio-2.1.4
Starting 1 process

randread-4k: (groupid=0, jobs=1): err= 0: pid=27860: Sat Mar 15 11:13:52 2014
  read : io=974280KB, bw=16238KB/s, iops=4059, runt= 60001msec
    slat (usec): min=191, max=8637, avg=241.26, stdev=117.91
    clat (usec): min=5, max=10577, avg=2211.54, stdev=358.26
     lat (usec): min=236, max=10795, avg=2453.28, stdev=378.65
    clat percentiles (usec):
     |  1.00th=[ 1896],  5.00th=[ 1944], 10.00th=[ 1960], 20.00th=[ 2008],
     | 30.00th=[ 2040], 40.00th=[ 2064], 50.00th=[ 2128], 60.00th=[ 2192],
     | 70.00th=[ 2224], 80.00th=[ 2288], 90.00th=[ 2448], 95.00th=[ 2960],
     | 99.00th=[ 3600], 99.50th=[ 3792], 99.90th=[ 6176], 99.95th=[ 6368],
     | 99.99th=[ 8256]
    bw (KB  /s): min= 8808, max=18304, per=100.00%, avg=16243.41, stdev=897.04
    lat (usec) : 10=0.01%, 250=0.01%, 500=0.01%, 1000=0.01%
    lat (msec) : 2=19.16%, 4=80.57%, 10=0.26%, 20=0.01%
  cpu          : usr=0.57%, sys=10.07%, ctx=243599, majf=0, minf=34
  IO depths    : 1=0.1%, 2=0.1%, 4=0.1%, 8=100.0%, 16=0.0%, 32=0.0%, >=64=0.0%
     submit    : 0=0.0%, 4=100.0%, 8=0.0%, 16=0.0%, 32=0.0%, 64=0.0%, >=64=0.0%
     complete  : 0=0.0%, 4=100.0%, 8=0.0%, 16=0.1%, 32=0.0%, 64=0.0%, >=64=0.0%
     issued    : total=r=243570/w=0/d=0, short=r=0/w=0/d=0

Run status group 0 (all jobs):
   READ: io=974280KB, aggrb=16237KB/s, minb=16237KB/s, maxb=16237KB/s, mint=60001msec, maxt=60001msec

Disk stats (read/write):
  xvdg: ios=242982/0, merge=0/0, ticks=57389/0, in_queue=57389, util=95.67%
