randread-1k: (g=0): rw=randread, bs=8K-16K/8K-16K/8K-16K, ioengine=libaio, iodepth=10
seqread: (g=0): rw=read, bs=1M-1M/1M-1M/1M-1M, ioengine=libaio, iodepth=10
seqwrite: (g=0): rw=write, bs=1M-1M/1M-1M/1M-1M, ioengine=libaio, iodepth=10
fio-2.1.4
Starting 3 processes

randread-1k: (groupid=0, jobs=1): err= 0: pid=27815: Sat Mar 15 11:08:49 2014
  read : io=2174.3MB, bw=37105KB/s, iops=3422, runt= 60002msec
    slat (usec): min=4, max=148189, avg=289.75, stdev=2741.41
    clat (usec): min=3, max=189715, avg=2628.95, stdev=10096.11
     lat (usec): min=7, max=189727, avg=2918.85, stdev=10869.36
    clat percentiles (usec):
     |  1.00th=[   63],  5.00th=[   65], 10.00th=[   67], 20.00th=[   68],
     | 30.00th=[   70], 40.00th=[   71], 50.00th=[   72], 60.00th=[   74],
     | 70.00th=[   77], 80.00th=[   85], 90.00th=[ 3920], 95.00th=[16768],
     | 99.00th=[45312], 99.50th=[56064], 99.90th=[92672], 99.95th=[104960],
     | 99.99th=[142336]
    bw (KB  /s): min= 2071, max=1256320, per=36.23%, avg=27215.03, stdev=139364.46
    lat (usec) : 4=0.01%, 10=0.01%, 20=0.01%, 50=0.01%, 100=84.52%
    lat (usec) : 250=3.98%, 500=0.21%, 750=0.14%, 1000=0.06%
    lat (msec) : 2=0.27%, 4=0.92%, 10=2.83%, 20=2.61%, 50=3.75%
    lat (msec) : 100=0.65%, 250=0.06%
  cpu          : usr=0.59%, sys=2.82%, ctx=8906, majf=0, minf=67
  IO depths    : 1=0.1%, 2=0.1%, 4=0.1%, 8=100.0%, 16=0.0%, 32=0.0%, >=64=0.0%
     submit    : 0=0.0%, 4=100.0%, 8=0.0%, 16=0.0%, 32=0.0%, 64=0.0%, >=64=0.0%
     complete  : 0=0.0%, 4=100.0%, 8=0.0%, 16=0.1%, 32=0.0%, 64=0.0%, >=64=0.0%
     issued    : total=r=205346/w=0/d=0, short=r=0/w=0/d=0
seqread: (groupid=0, jobs=1): err= 0: pid=27816: Sat Mar 15 11:08:49 2014
  read : io=2228.0MB, bw=38022KB/s, iops=37, runt= 60004msec
    slat (usec): min=232, max=54033, avg=12279.97, stdev=4675.45
    clat (usec): min=2, max=174993, avg=109604.64, stdev=39514.36
     lat (msec): min=1, max=190, avg=121.89, stdev=43.65
    clat percentiles (usec):
     |  1.00th=[    3],  5.00th=[55552], 10.00th=[66048], 20.00th=[71168],
     | 30.00th=[77312], 40.00th=[87552], 50.00th=[136192], 60.00th=[138240],
     | 70.00th=[142336], 80.00th=[144384], 90.00th=[144384], 95.00th=[146432],
     | 99.00th=[150528], 99.50th=[150528], 99.90th=[173056], 99.95th=[173056],
     | 99.99th=[175104]
    bw (KB  /s): min=   62, max=206418, per=100.00%, avg=78730.89, stdev=33269.25
    lat (usec) : 4=1.17%, 10=0.18%, 20=0.04%
    lat (msec) : 4=1.71%, 10=0.22%, 20=0.36%, 50=1.08%, 100=37.75%
    lat (msec) : 250=57.50%
  cpu          : usr=0.02%, sys=7.19%, ctx=449210, majf=0, minf=2589
  IO depths    : 1=1.4%, 2=0.4%, 4=0.7%, 8=97.5%, 16=0.0%, 32=0.0%, >=64=0.0%
     submit    : 0=0.0%, 4=100.0%, 8=0.0%, 16=0.0%, 32=0.0%, 64=0.0%, >=64=0.0%
     complete  : 0=0.0%, 4=99.9%, 8=0.0%, 16=0.1%, 32=0.0%, 64=0.0%, >=64=0.0%
     issued    : total=r=2228/w=0/d=0, short=r=0/w=0/d=0
seqwrite: (groupid=0, jobs=1): err= 0: pid=27817: Sat Mar 15 11:08:49 2014
  write: io=2228.0MB, bw=38027KB/s, iops=37, runt= 59996msec
    slat (usec): min=549, max=54023, avg=12243.75, stdev=4700.61
    clat (usec): min=2, max=175115, avg=109656.80, stdev=39138.96
     lat (usec): min=554, max=190914, avg=121904.28, stdev=43274.97
    clat percentiles (usec):
     |  1.00th=[    3],  5.00th=[55040], 10.00th=[66048], 20.00th=[71168],
     | 30.00th=[77312], 40.00th=[87552], 50.00th=[136192], 60.00th=[138240],
     | 70.00th=[142336], 80.00th=[142336], 90.00th=[144384], 95.00th=[146432],
     | 99.00th=[150528], 99.50th=[150528], 99.90th=[173056], 99.95th=[173056],
     | 99.99th=[175104]
    bw (KB  /s): min=   62, max=195824, per=100.00%, avg=78694.69, stdev=32659.30
    lat (usec) : 4=1.30%, 10=0.13%, 20=0.04%, 100=0.04%
    lat (msec) : 4=0.04%, 10=0.09%, 20=2.20%, 50=0.81%, 100=37.93%
    lat (msec) : 250=57.41%
  cpu          : usr=1.11%, sys=8.38%, ctx=380846, majf=0, minf=27
  IO depths    : 1=1.5%, 2=0.4%, 4=0.7%, 8=97.4%, 16=0.0%, 32=0.0%, >=64=0.0%
     submit    : 0=0.0%, 4=100.0%, 8=0.0%, 16=0.0%, 32=0.0%, 64=0.0%, >=64=0.0%
     complete  : 0=0.0%, 4=99.9%, 8=0.0%, 16=0.1%, 32=0.0%, 64=0.0%, >=64=0.0%
     issued    : total=r=0/w=2228/d=0, short=r=0/w=0/d=0

Run status group 0 (all jobs):
   READ: io=4402.3MB, aggrb=75126KB/s, minb=37105KB/s, maxb=38021KB/s, mint=60002msec, maxt=60004msec
  WRITE: io=2228.0MB, aggrb=38027KB/s, minb=38027KB/s, maxb=38027KB/s, mint=59996msec, maxt=59996msec

Disk stats (read/write):
  xvdg: ios=58354/47745, merge=0/476564, ticks=318798/4523232, in_queue=4842012, util=99.32%
