randread-1k: (g=0): rw=randread, bs=8K-16K/8K-16K/8K-16K, ioengine=libaio, iodepth=10
seqread: (g=0): rw=read, bs=1M-1M/1M-1M/1M-1M, ioengine=libaio, iodepth=10
seqwrite: (g=0): rw=write, bs=1M-1M/1M-1M/1M-1M, ioengine=libaio, iodepth=10
fio-2.1.4
Starting 3 processes

randread-1k: (groupid=0, jobs=1): err= 0: pid=27795: Sat Mar 15 11:06:39 2014
  read : io=1146.8MB, bw=19561KB/s, iops=1796, runt= 60032msec
    slat (usec): min=4, max=69796, avg=388.73, stdev=2568.28
    clat (usec): min=3, max=486967, avg=3516.29, stdev=15077.87
     lat (usec): min=10, max=530076, avg=3905.25, stdev=16598.80
    clat percentiles (usec):
     |  1.00th=[   68],  5.00th=[   74], 10.00th=[  135], 20.00th=[  362],
     | 30.00th=[  596], 40.00th=[  652], 50.00th=[  860], 60.00th=[  972],
     | 70.00th=[ 1208], 80.00th=[ 1544], 90.00th=[ 4768], 95.00th=[16192],
     | 99.00th=[51968], 99.50th=[69120], 99.90th=[240640], 99.95th=[362496],
     | 99.99th=[452608]
    bw (KB  /s): min=    0, max=187968, per=55.92%, avg=27868.14, stdev=45869.62
    lat (usec) : 4=0.01%, 10=0.01%, 20=0.01%, 100=9.67%, 250=0.43%
    lat (usec) : 500=17.28%, 750=19.52%, 1000=15.12%
    lat (msec) : 2=23.98%, 4=3.30%, 10=3.35%, 20=3.13%, 50=3.19%
    lat (msec) : 100=0.83%, 250=0.09%, 500=0.10%
  cpu          : usr=0.23%, sys=3.70%, ctx=32937, majf=0, minf=67
  IO depths    : 1=0.1%, 2=0.1%, 4=0.1%, 8=100.0%, 16=0.0%, 32=0.0%, >=64=0.0%
     submit    : 0=0.0%, 4=100.0%, 8=0.0%, 16=0.0%, 32=0.0%, 64=0.0%, >=64=0.0%
     complete  : 0=0.0%, 4=100.0%, 8=0.0%, 16=0.1%, 32=0.0%, 64=0.0%, >=64=0.0%
     issued    : total=r=107845/w=0/d=0, short=r=0/w=0/d=0
seqread: (groupid=0, jobs=1): err= 0: pid=27796: Sat Mar 15 11:06:39 2014
  read : io=2049.0MB, bw=31955KB/s, iops=31, runt= 65661msec
    slat (usec): min=244, max=160853, avg=17479.96, stdev=24788.61
    clat (usec): min=1, max=919269, avg=146846.67, stdev=202850.24
     lat (usec): min=249, max=1031.8K, avg=164329.84, stdev=224060.20
    clat percentiles (usec):
     |  1.00th=[    2],  5.00th=[    2], 10.00th=[    2], 20.00th=[    3],
     | 30.00th=[ 7328], 40.00th=[132096], 50.00th=[140288], 60.00th=[144384],
     | 70.00th=[144384], 80.00th=[146432], 90.00th=[201728], 95.00th=[749568],
     | 99.00th=[921600], 99.50th=[921600], 99.90th=[921600], 99.95th=[921600],
     | 99.99th=[921600]
    bw (KB  /s): min=   74, max=138709, per=84.13%, avg=41928.95, stdev=25507.87
    lat (usec) : 2=0.10%, 4=28.16%, 10=1.12%, 20=0.54%, 50=0.05%
    lat (msec) : 10=0.20%, 20=0.24%, 50=0.54%, 100=6.10%, 250=53.93%
    lat (msec) : 500=2.49%, 750=1.51%, 1000=5.03%
  cpu          : usr=0.02%, sys=3.69%, ctx=36641, majf=0, minf=2589
  IO depths    : 1=30.0%, 2=0.2%, 4=0.4%, 8=69.4%, 16=0.0%, 32=0.0%, >=64=0.0%
     submit    : 0=0.0%, 4=100.0%, 8=0.0%, 16=0.0%, 32=0.0%, 64=0.0%, >=64=0.0%
     complete  : 0=0.0%, 4=100.0%, 8=0.0%, 16=0.1%, 32=0.0%, 64=0.0%, >=64=0.0%
     issued    : total=r=2049/w=0/d=0, short=r=0/w=0/d=0
seqwrite: (groupid=0, jobs=1): err= 0: pid=27797: Sat Mar 15 11:06:39 2014
  write: io=2029.0MB, bw=33160KB/s, iops=32, runt= 62656msec
    slat (usec): min=512, max=8974.8K, avg=17161.59, stdev=242437.74
    clat (usec): min=2, max=1050.8K, avg=78202.71, stdev=147105.10
     lat (usec): min=516, max=8974.8K, avg=95366.06, stdev=288926.41
    clat percentiles (usec):
     |  1.00th=[    2],  5.00th=[    2], 10.00th=[    3], 20.00th=[    3],
     | 30.00th=[    3], 40.00th=[    3], 50.00th=[    4], 60.00th=[49408],
     | 70.00th=[132096], 80.00th=[144384], 90.00th=[146432], 95.00th=[288768],
     | 99.00th=[913408], 99.50th=[921600], 99.90th=[921600], 99.95th=[1019904],
     | 99.99th=[1056768]
    bw (KB  /s): min=  432, max=137612, per=100.00%, avg=42613.15, stdev=21414.45
    lat (usec) : 4=43.12%, 10=8.43%, 20=0.34%, 50=0.10%, 1000=0.10%
    lat (msec) : 2=0.10%, 4=0.20%, 10=6.90%, 20=0.20%, 50=0.54%
    lat (msec) : 100=6.16%, 250=28.34%, 500=2.41%, 750=1.58%, 1000=1.38%
    lat (msec) : 2000=0.10%
  cpu          : usr=0.59%, sys=2.58%, ctx=24129, majf=0, minf=28
  IO depths    : 1=52.0%, 2=0.4%, 4=0.8%, 8=46.8%, 16=0.0%, 32=0.0%, >=64=0.0%
     submit    : 0=0.0%, 4=100.0%, 8=0.0%, 16=0.0%, 32=0.0%, 64=0.0%, >=64=0.0%
     complete  : 0=0.0%, 4=100.0%, 8=0.0%, 16=0.1%, 32=0.0%, 64=0.0%, >=64=0.0%
     issued    : total=r=0/w=2029/d=0, short=r=0/w=0/d=0

Run status group 0 (all jobs):
   READ: io=3195.8MB, aggrb=49838KB/s, minb=19560KB/s, maxb=31954KB/s, mint=60032msec, maxt=65661msec
  WRITE: io=2029.0MB, aggrb=33160KB/s, minb=33160KB/s, maxb=33160KB/s, mint=62656msec, maxt=62656msec

Disk stats (read/write):
  xvdg: ios=74821/51395, merge=5/514032, ticks=419263/5101469, in_queue=5527066, util=98.73%
