randread-1k: (g=0): rw=randread, bs=1K-1K/1K-1K/1K-1K, ioengine=libaio, iodepth=10
seqread: (g=0): rw=read, bs=1M-1M/1M-1M/1M-1M, ioengine=libaio, iodepth=10
seqwrite: (g=0): rw=write, bs=1M-1M/1M-1M/1M-1M, ioengine=libaio, iodepth=10
fio-2.1.4
Starting 3 processes

randread-1k: (groupid=0, jobs=1): err= 0: pid=30879: Sun Mar 16 02:21:14 2014
  read : io=2048.4MB, bw=34957KB/s, iops=34957, runt= 60001msec
    slat (usec): min=3, max=144341, avg=26.43, stdev=793.40
    clat (usec): min=3, max=467900, avg=256.57, stdev=5167.10
     lat (usec): min=6, max=473323, avg=283.11, stdev=5707.73
    clat percentiles (usec):
     |  1.00th=[   48],  5.00th=[   49], 10.00th=[   49], 20.00th=[   49],
     | 30.00th=[   50], 40.00th=[   50], 50.00th=[   51], 60.00th=[   51],
     | 70.00th=[   53], 80.00th=[   61], 90.00th=[   71], 95.00th=[   81],
     | 99.00th=[  106], 99.50th=[ 7904], 99.90th=[40192], 99.95th=[57088],
     | 99.99th=[301056]
    bw (KB  /s): min=   12, max=174236, per=48.31%, avg=33964.37, stdev=66140.64
    lat (usec) : 4=0.01%, 10=0.01%, 20=0.01%, 50=21.41%, 100=76.91%
    lat (usec) : 250=0.94%, 500=0.02%, 750=0.01%, 1000=0.01%
    lat (msec) : 2=0.02%, 4=0.03%, 10=0.27%, 20=0.16%, 50=0.17%
    lat (msec) : 100=0.03%, 250=0.01%, 500=0.02%
  cpu          : usr=5.25%, sys=16.52%, ctx=6485, majf=0, minf=29
  IO depths    : 1=0.1%, 2=0.1%, 4=0.1%, 8=100.0%, 16=0.0%, 32=0.0%, >=64=0.0%
     submit    : 0=0.0%, 4=100.0%, 8=0.0%, 16=0.0%, 32=0.0%, 64=0.0%, >=64=0.0%
     complete  : 0=0.0%, 4=100.0%, 8=0.0%, 16=0.1%, 32=0.0%, 64=0.0%, >=64=0.0%
     issued    : total=r=2097457/w=0/d=0, short=r=0/w=0/d=0
seqread: (groupid=0, jobs=1): err= 0: pid=30880: Sun Mar 16 02:21:14 2014
  read : io=2071.0MB, bw=35345KB/s, iops=34, runt= 60000msec
    slat (usec): min=240, max=145914, avg=15128.35, stdev=13520.51
    clat (usec): min=5, max=964993, avg=135746.45, stdev=109672.78
     lat (msec): min=3, max=1068, avg=150.88, stdev=121.00
    clat percentiles (msec):
     |  1.00th=[    4],  5.00th=[    4], 10.00th=[   65], 20.00th=[   75],
     | 30.00th=[  143], 40.00th=[  145], 50.00th=[  145], 60.00th=[  145],
     | 70.00th=[  145], 80.00th=[  147], 90.00th=[  147], 95.00th=[  149],
     | 99.00th=[  922], 99.50th=[  922], 99.90th=[  922], 99.95th=[  922],
     | 99.99th=[  963]
    bw (KB  /s): min=   63, max=246077, per=92.53%, avg=65047.63, stdev=39821.93
    lat (usec) : 10=0.14%
    lat (msec) : 4=5.84%, 10=0.53%, 20=0.19%, 50=1.30%, 100=18.30%
    lat (msec) : 250=70.88%, 500=0.92%, 750=0.53%, 1000=1.35%
  cpu          : usr=0.02%, sys=6.52%, ctx=366312, majf=0, minf=2589
  IO depths    : 1=0.1%, 2=0.3%, 4=0.6%, 8=99.0%, 16=0.0%, 32=0.0%, >=64=0.0%
     submit    : 0=0.0%, 4=100.0%, 8=0.0%, 16=0.0%, 32=0.0%, 64=0.0%, >=64=0.0%
     complete  : 0=0.0%, 4=99.9%, 8=0.0%, 16=0.1%, 32=0.0%, 64=0.0%, >=64=0.0%
     issued    : total=r=2071/w=0/d=0, short=r=0/w=0/d=0
seqwrite: (groupid=0, jobs=1): err= 0: pid=30881: Sun Mar 16 02:21:14 2014
  write: io=2071.0MB, bw=35344KB/s, iops=34, runt= 60002msec
    slat (usec): min=844, max=145857, avg=15177.79, stdev=13466.54
    clat (usec): min=5, max=964935, avg=136187.76, stdev=109146.62
     lat (msec): min=4, max=1067, avg=151.37, stdev=120.41
    clat percentiles (msec):
     |  1.00th=[   10],  5.00th=[   13], 10.00th=[   65], 20.00th=[   75],
     | 30.00th=[  143], 40.00th=[  145], 50.00th=[  145], 60.00th=[  145],
     | 70.00th=[  145], 80.00th=[  147], 90.00th=[  147], 95.00th=[  149],
     | 99.00th=[  922], 99.50th=[  922], 99.90th=[  922], 99.95th=[  922],
     | 99.99th=[  963]
    bw (KB  /s): min=   63, max=246555, per=100.00%, avg=64942.94, stdev=39485.29
    lat (usec) : 10=0.14%
    lat (msec) : 10=3.57%, 20=2.90%, 50=1.35%, 100=18.35%, 250=70.88%
    lat (msec) : 500=0.92%, 750=0.53%, 1000=1.35%
  cpu          : usr=0.51%, sys=7.54%, ctx=329388, majf=0, minf=28
  IO depths    : 1=0.1%, 2=0.3%, 4=0.6%, 8=99.0%, 16=0.0%, 32=0.0%, >=64=0.0%
     submit    : 0=0.0%, 4=100.0%, 8=0.0%, 16=0.0%, 32=0.0%, 64=0.0%, >=64=0.0%
     complete  : 0=0.0%, 4=99.9%, 8=0.0%, 16=0.1%, 32=0.0%, 64=0.0%, >=64=0.0%
     issued    : total=r=0/w=2071/d=0, short=r=0/w=0/d=0

Run status group 0 (all jobs):
   READ: io=4119.4MB, aggrb=70301KB/s, minb=34957KB/s, maxb=35345KB/s, mint=60000msec, maxt=60001msec
  WRITE: io=2071.0MB, aggrb=35343KB/s, minb=35343KB/s, maxb=35343KB/s, mint=60002msec, maxt=60002msec

Disk stats (read/write):
  xvdh: ios=52550/47744, merge=1/476565, ticks=372829/4609744, in_queue=4982697, util=99.11%
