randread-4m: (g=0): rw=randread, bs=4M-4M/4M-4M/4M-4M, ioengine=libaio, iodepth=10
fio-2.1.4
Starting 1 process

randread-4m: (groupid=0, jobs=1): err= 0: pid=31159: Sun Mar 16 02:42:53 2014
  read : io=3852.0MB, bw=65706KB/s, iops=16, runt= 60032msec
    slat (msec): min=7, max=65, avg=61.83, stdev= 6.63
    clat (usec): min=7, max=567036, avg=550531.28, stdev=71734.86
     lat (msec): min=61, max=630, avg=612.37, stdev=73.61
    clat percentiles (msec):
     |  1.00th=[  126],  5.00th=[  545], 10.00th=[  562], 20.00th=[  562],
     | 30.00th=[  562], 40.00th=[  562], 50.00th=[  562], 60.00th=[  562],
     | 70.00th=[  562], 80.00th=[  562], 90.00th=[  562], 95.00th=[  570],
     | 99.00th=[  570], 99.50th=[  570], 99.90th=[  570], 99.95th=[  570],
     | 99.99th=[  570]
    bw (KB  /s): min= 6522, max=65536, per=96.90%, avg=63669.32, stdev=9505.69
    lat (usec) : 10=0.42%
    lat (msec) : 100=0.42%, 250=1.14%, 500=2.49%, 750=95.53%
  cpu          : usr=0.03%, sys=5.71%, ctx=49766, majf=0, minf=10267
  IO depths    : 1=0.4%, 2=0.8%, 4=1.7%, 8=97.1%, 16=0.0%, 32=0.0%, >=64=0.0%
     submit    : 0=0.0%, 4=100.0%, 8=0.0%, 16=0.0%, 32=0.0%, 64=0.0%, >=64=0.0%
     complete  : 0=0.0%, 4=99.6%, 8=0.0%, 16=0.4%, 32=0.0%, 64=0.0%, >=64=0.0%
     issued    : total=r=963/w=0/d=0, short=r=0/w=0/d=0

Run status group 0 (all jobs):
   READ: io=3852.0MB, aggrb=65705KB/s, minb=65705KB/s, maxb=65705KB/s, mint=60032msec, maxt=60032msec

Disk stats (read/write):
  xvdh: ios=90285/0, merge=0/0, ticks=2807639/0, in_queue=2808988, util=98.46%
